Initializing RocksDB Options from the specified file
Initializing RocksDB Options from command-line flags
paht=/home/zyh/480G/wp/pcache/pcache_file
Keys:       16 bytes each
Values:     256 bytes each (128 bytes after compression)
Entries:    10000000
Prefix:    0 bytes
Keys per prefix:    0
RawSize:    2594.0 MB (estimated)
FileSize:   1373.3 MB (estimated)
Write rate: 0 bytes/second
Read rate: 0 ops/second
Compression: NoCompression
Compression sampling rate: 0
Memtablerep: skip_list
Perf Level: 5
WARNING: Assertions are enabled; benchmarks unnecessarily slow
------------------------------------------------
DB path: [/home/zyh/480G/wp]
readrandom   :      47.538 micros/op 84068 ops/sec;   21.8 MB/s (10000000 of 10000000 found)
 PERF_CONTEXT:
user_key_comparison_count = 317705981, block_cache_hit_count = 0, block_read_count = 9113554, block_read_byte = 35523959190, block_read_time = 39755831909, block_cache_index_hit_count = 0, index_block_read_count = 0, block_cache_filter_hit_count = 0, filter_block_read_count = 0, compression_dict_block_read_count = 0, block_checksum_time = 2939652949, block_decompress_time = 991184740, get_read_bytes = 2560000000, multiget_read_bytes = 0, iter_read_bytes = 0, internal_key_skipped_count = 0, internal_delete_skipped_count = 0, internal_recent_skipped_count = 0, internal_merge_count = 0, write_wal_time = 0, get_snapshot_time = 4904617039, get_from_memtable_time = 0, get_from_memtable_count = 0, get_post_process_time = 2207568301, get_from_output_files_time = 446003321237, seek_on_memtable_time = 0, seek_on_memtable_count = 0, next_on_memtable_count = 0, prev_on_memtable_count = 0, seek_child_seek_time = 0, seek_child_seek_count = 0, seek_min_heap_time = 0, seek_internal_seek_time = 0, find_next_user_entry_time = 0, write_pre_and_post_process_time = 0, write_memtable_time = 0, write_thread_wait_nanos = 0, write_scheduling_flushes_compactions_time = 0, db_mutex_lock_nanos = 336, db_condition_wait_nanos = 0, merge_operator_time_nanos = 0, write_delay_time = 0, read_index_block_nanos = 0, read_filter_block_nanos = 0, new_table_block_iter_nanos = 397310558743, new_table_iterator_nanos = 0, block_seek_nanos = 15616289863, find_table_nanos = 0, bloom_memtable_hit_count = 0, bloom_memtable_miss_count = 0, bloom_sst_hit_count = 10000000, bloom_sst_miss_count = 0, key_lock_wait_time = 0, key_lock_wait_count = 0, env_new_sequential_file_nanos = 0, env_new_random_access_file_nanos = 0, env_new_writable_file_nanos = 0, env_reuse_writable_file_nanos = 0, env_new_random_rw_file_nanos = 0, env_new_directory_nanos = 0, env_file_exists_nanos = 0, env_get_children_nanos = 0, env_get_children_file_attributes_nanos = 0, env_delete_file_nanos = 0, env_create_dir_nanos = 0, env_create_dir_if_missing_nanos = 0, env_delete_dir_nanos = 0, env_get_file_size_nanos = 0, env_get_file_modification_time_nanos = 0, env_rename_file_nanos = 0, env_link_file_nanos = 0, env_lock_file_nanos = 0, env_unlock_file_nanos = 0, env_new_logger_nanos = 0, get_cpu_nanos = 299915776132, iter_next_cpu_nanos = 0, iter_prev_cpu_nanos = 0, iter_seek_cpu_nanos = 0, bloom_filter_useful = 0@level0, 0@level5, 0@level6, 0@level7, bloom_filter_full_positive = 583055@level0, 1879377@level5, 7537568@level6, 0@level7, bloom_filter_full_true_positive = 583055@level0, 1879377@level5, 7537568@level6, 0@level7, block_cache_hit_count = 0@level0, 0@level5, 0@level6, 0@level7, block_cache_miss_count = 0@level0, 0@level5, 0@level6, 0@level7, 
Microseconds per read:
Count: 40000000 Average: 47.5377  StdDev: 21.96
Min: 7  Median: 45.7328  Max: 8435
Percentiles: P50: 45.73 P75: 61.67 P99: 105.83 P99.9: 150.59 P99.99: 194.39
------------------------------------------------------
(       6,      10 ]      173   0.000%   0.000% 
(      10,      15 ]   278071   0.695%   0.696% 
(      15,      22 ]  2570868   6.427%   7.123% #
(      22,      34 ]  7399148  18.498%  25.621% ####
(      34,      51 ] 14129634  35.324%  60.945% #######
(      51,      76 ] 13176608  32.942%  93.886% #######
(      76,     110 ]  2331096   5.828%  99.714% #
(     110,     170 ]   109984   0.275%  99.989% 
(     170,     250 ]     1371   0.003%  99.992% 
(     250,     380 ]      363   0.001%  99.993% 
(     380,     580 ]      282   0.001%  99.994% 
(     580,     870 ]      445   0.001%  99.995% 
(     870,    1300 ]     1347   0.003%  99.998% 
(    1300,    1900 ]      207   0.001%  99.999% 
(    1900,    2900 ]      260   0.001% 100.000% 
(    2900,    4400 ]       84   0.000% 100.000% 
(    4400,    6600 ]       56   0.000% 100.000% 
(    6600,    9900 ]        3   0.000% 100.000% 



** Compaction Stats [default] **
Level    Files   Size     Score Read(GB)  Rn(GB) Rnp1(GB) Write(GB) Wnew(GB) Moved(GB) W-Amp Rd(MB/s) Wr(MB/s) Comp(sec) CompMergeCPU(sec) Comp(cnt) Avg(sec) KeyIn KeyDrop
----------------------------------------------------------------------------------------------------------------------------------------------------------------------------
  L0      3/0   157.63 MB   0.8      0.0     0.0      0.0       0.0      0.0       0.0   0.0      0.0      0.0      0.00              0.00         0    0.000       0      0
  L5     63/0   508.45 MB   1.0      0.0     0.0      0.0       0.0      0.0       0.0   0.0      0.0      0.0      0.00              0.00         0    0.000       0      0
  L6    251/0    1.99 GB   0.0      0.0     0.0      0.0       0.0      0.0       0.0   0.0      0.0      0.0      0.00              0.00         0    0.000       0      0
 Sum    317/0    2.64 GB   0.0      0.0     0.0      0.0       0.0      0.0       0.0   0.0      0.0      0.0      0.00              0.00         0    0.000       0      0
 Int      0/0    0.00 KB   0.0      0.0     0.0      0.0       0.0      0.0       0.0   0.0      0.0      0.0      0.00              0.00         0    0.000       0      0

** Compaction Stats [default] **
Priority    Files   Size     Score Read(GB)  Rn(GB) Rnp1(GB) Write(GB) Wnew(GB) Moved(GB) W-Amp Rd(MB/s) Wr(MB/s) Comp(sec) CompMergeCPU(sec) Comp(cnt) Avg(sec) KeyIn KeyDrop
-------------------------------------------------------------------------------------------------------------------------------------------------------------------------------
Uptime(secs): 476.0 total, 475.8 interval
Flush(GB): cumulative 0.000, interval 0.000
AddFile(GB): cumulative 0.000, interval 0.000
AddFile(Total Files): cumulative 0, interval 0
AddFile(L0 Files): cumulative 0, interval 0
AddFile(Keys): cumulative 0, interval 0
Cumulative compaction: 0.00 GB write, 0.00 MB/s write, 0.00 GB read, 0.00 MB/s read, 0.0 seconds
Interval compaction: 0.00 GB write, 0.00 MB/s write, 0.00 GB read, 0.00 MB/s read, 0.0 seconds
Stalls(count): 0 level0_slowdown, 0 level0_slowdown_with_compaction, 0 level0_numfiles, 0 level0_numfiles_with_compaction, 0 stop for pending_compaction_bytes, 0 slowdown for pending_compaction_bytes, 0 memtable_compaction, 0 memtable_slowdown, interval 0 total count

** File Read Latency Histogram By Level [default] **
** Level 0 read latency histogram (micros):
Count: 2294552 Average: 4.0118  StdDev: 4.03
Min: 2  Median: 3.1701  Max: 1792
Percentiles: P50: 3.17 P75: 3.67 P99: 16.91 P99.9: 29.57 P99.99: 40.34
------------------------------------------------------
(       1,       2 ]      738   0.032%   0.032% 
(       2,       3 ]   953217  41.543%  41.575% ########
(       3,       4 ]  1136336  49.523%  91.098% ##########
(       4,       6 ]   132566   5.777%  96.875% #
(       6,      10 ]    18841   0.821%  97.697% 
(      10,      15 ]    23397   1.020%  98.716% 
(      15,      22 ]    23827   1.038%  99.755% 
(      22,      34 ]     5286   0.230%  99.985% 
(      34,      51 ]      307   0.013%  99.998% 
(      51,      76 ]       21   0.001%  99.999% 
(      76,     110 ]        9   0.000% 100.000% 
(     110,     170 ]       10   0.000% 100.000% 
(     170,     250 ]       16   0.001% 100.001% 
(     250,     380 ]       16   0.001% 100.002% 
(     380,     580 ]        6   0.000% 100.002% 
(     580,     870 ]       20   0.001% 100.003% 
(     870,    1300 ]        7   0.000% 100.003% 
(    1300,    1900 ]        1   0.000% 100.003% 

** Level 5 read latency histogram (micros):
Count: 6810707 Average: 4.0087  StdDev: 4.38
Min: 1  Median: 3.1372  Max: 2744
Percentiles: P50: 3.14 P75: 3.66 P99: 17.29 P99.9: 29.40 P99.99: 33.78
------------------------------------------------------
[       0,       1 ]       21   0.000%   0.000% 
(       1,       2 ]     2791   0.041%   0.041% 
(       2,       3 ]  2954324  43.378%  43.419% #########
(       3,       4 ]  3268062  47.984%  91.403% ##########
(       4,       6 ]   368500   5.411%  96.814% #
(       6,      10 ]    53670   0.788%  97.602% 
(      10,      15 ]    70504   1.035%  98.637% 
(      15,      22 ]    75679   1.111%  99.748% 
(      22,      34 ]    16777   0.246%  99.994% 
(      34,      51 ]     1002   0.015% 100.009% 
(      51,      76 ]      146   0.002% 100.011% 
(      76,     110 ]       52   0.001% 100.012% 
(     110,     170 ]       59   0.001% 100.013% 
(     170,     250 ]       63   0.001% 100.014% 
(     250,     380 ]       51   0.001% 100.015% 
(     380,     580 ]       32   0.000% 100.015% 
(     580,     870 ]       56   0.001% 100.016% 
(     870,    1300 ]       34   0.000% 100.016% 
(    1300,    1900 ]        2   0.000% 100.016% 
(    1900,    2900 ]        1   0.000% 100.016% 

** Level 6 read latency histogram (micros):
Count: 27279815 Average: 4.0047  StdDev: 4.22
Min: 1  Median: 3.1308  Max: 2726
Percentiles: P50: 3.13 P75: 3.66 P99: 16.97 P99.9: 26.90 P99.99: 31.23
------------------------------------------------------
[       0,       1 ]       59   0.000%   0.000% 
(       1,       2 ]    11600   0.043%   0.043% 
(       2,       3 ] 11926965  43.721%  43.764% #########
(       3,       4 ] 13009117  47.688%  91.451% ##########
(       4,       6 ]  1477371   5.416%  96.867% #
(       6,      10 ]   216948   0.795%  97.662% 
(      10,      15 ]   279714   1.025%  98.688% 
(      15,      22 ]   302917   1.110%  99.798% 
(      22,      34 ]    68126   0.250% 100.048% 
(      34,      51 ]     3815   0.014% 100.062% 
(      51,      76 ]      662   0.002% 100.064% 
(      76,     110 ]      207   0.001% 100.065% 
(     110,     170 ]      164   0.001% 100.065% 
(     170,     250 ]      227   0.001% 100.066% 
(     250,     380 ]      183   0.001% 100.067% 
(     380,     580 ]      144   0.001% 100.067% 
(     580,     870 ]      241   0.001% 100.068% 
(     870,    1300 ]      123   0.000% 100.069% 
(    1300,    1900 ]        6   0.000% 100.069% 
(    1900,    2900 ]        1   0.000% 100.069% 


** DB Stats **
Uptime(secs): 476.0 total, 475.8 interval
Cumulative writes: 0 writes, 0 keys, 0 commit groups, 0.0 writes per commit group, ingest: 0.00 GB, 0.00 MB/s
Cumulative WAL: 0 writes, 0 syncs, 0.00 writes per sync, written: 0.00 GB, 0.00 MB/s
Cumulative stall: 00:00:0.000 H:M:S, 0.0 percent
Interval writes: 0 writes, 0 keys, 0 commit groups, 0.0 writes per commit group, ingest: 0.00 MB, 0.00 MB/s
Interval WAL: 0 writes, 0 syncs, 0.00 writes per sync, written: 0.00 MB, 0.00 MB/s
Interval stall: 00:00:0.000 H:M:S, 0.0 percent


Level Files Size(MB)
--------------------
  0        3      158
  1        0        0
  2        0        0
  3        0        0
  4        0        0
  5       63      508
  6      251     2039


--- level 0 --- version# 2 ---
 423:43477094[19693858 .. 20000000]['0000000000963F753030303030303030' seq:19693858, type:1 .. '000000000098967F3030303030303030' seq:20000000, type:1](648192)
 421:60943574[19264960 .. 19693856]['000000000092F9F63030303030303030' seq:19264960, type:1 .. '00000000009641AA3030303030303030' seq:19693855, type:1](829440)
 419:60863709[18836627 .. 19264959]['00000000008FB52E3030303030303030' seq:18836627, type:1 .. '000000000092FBC83030303030303030' seq:19264959, type:1](867328)
--- level 1 --- version# 2 ---
--- level 2 --- version# 2 ---
--- level 3 --- version# 2 ---
--- level 4 --- version# 2 ---
--- level 5 --- version# 2 ---
 127:8546009[5135503 .. 5195791]['00000000002726323030303030303030' seq:5135503, type:1 .. '0000000000279BF03030303030303030' seq:5195791, type:1](126976)
 128:8542119[5195793 .. 5256049]['0000000000279BF13030303030303030' seq:5195793, type:1 .. '00000000002811A13030303030303030' seq:5256049, type:1](141312)
 129:8546010[5256051 .. 5316336]['00000000002811A23030303030303030' seq:5256051, type:1 .. '00000000002887603030303030303030' seq:5316336, type:1](110592)
 130:8542118[5316338 .. 5376594]['00000000002887613030303030303030' seq:5316338, type:1 .. '000000000028FD113030303030303030' seq:5376594, type:1](128000)
 131:8546010[5376596 .. 5436876]['000000000028FD123030303030303030' seq:5376596, type:1 .. '00000000002972D03030303030303030' seq:5436876, type:1](115712)
 132:8542118[5436878 .. 5497129]['00000000002972D13030303030303030' seq:5436878, type:1 .. '000000000029E8813030303030303030' seq:5497129, type:1](116736)
 133:8546011[5497131 .. 5557411]['000000000029E8823030303030303030' seq:5497131, type:1 .. '00000000002A5E403030303030303030' seq:5557411, type:1](122880)
 134:8542117[5557413 .. 5617631]['00000000002A5E413030303030303030' seq:5557413, type:1 .. '00000000002AD3F13030303030303030' seq:5617631, type:1](133120)
 135:8546011[5617633 .. 5677921]['00000000002AD3F23030303030303030' seq:5617633, type:1 .. '00000000002B49B03030303030303030' seq:5677921, type:1](119808)
 136:8542118[5677923 .. 5738179]['00000000002B49B13030303030303030' seq:5677923, type:1 .. '00000000002BBF613030303030303030' seq:5738179, type:1](119808)
 137:8546013[5738181 .. 5798465]['00000000002BBF623030303030303030' seq:5738181, type:1 .. '00000000002C35203030303030303030' seq:5798465, type:1](122880)
 138:8542117[5798467 .. 5858725]['00000000002C35213030303030303030' seq:5798467, type:1 .. '00000000002CAAD13030303030303030' seq:5858725, type:1](114688)
 139:8546013[5858727 .. 5919012]['00000000002CAAD23030303030303030' seq:5858727, type:1 .. '00000000002D20903030303030303030' seq:5919012, type:1](124928)
 140:8542118[5919014 .. 5979272]['00000000002D20913030303030303030' seq:5919014, type:1 .. '00000000002D96413030303030303030' seq:5979272, type:1](121856)
 141:8546011[5979274 .. 6039524]['00000000002D96423030303030303030' seq:5979274, type:1 .. '00000000002E0C003030303030303030' seq:6039524, type:1](130048)
 142:8542117[6039526 .. 6099754]['00000000002E0C013030303030303030' seq:6039526, type:1 .. '00000000002E81B13030303030303030' seq:6099754, type:1](106496)
 143:8546010[6099756 .. 6160013]['00000000002E81B23030303030303030' seq:6099756, type:1 .. '00000000002EF7703030303030303030' seq:6160013, type:1](118784)
 144:8542119[6160015 .. 6220249]['00000000002EF7713030303030303030' seq:6160015, type:1 .. '00000000002F6D213030303030303030' seq:6220249, type:1](110592)
 145:8546009[6220251 .. 6280536]['00000000002F6D223030303030303030' seq:6220251, type:1 .. '00000000002FE2E03030303030303030' seq:6280536, type:1](122880)
 146:8542119[6280538 .. 6340793]['00000000002FE2E13030303030303030' seq:6280538, type:1 .. '00000000003058913030303030303030' seq:6340793, type:1](131072)
 147:8546010[6340795 .. 6401079]['00000000003058923030303030303030' seq:6340795, type:1 .. '000000000030CE503030303030303030' seq:6401079, type:1](147456)
 148:8542119[6401081 .. 6461340]['000000000030CE513030303030303030' seq:6401081, type:1 .. '00000000003144013030303030303030' seq:6461340, type:1](125952)
 149:8546009[6461342 .. 6521628]['00000000003144023030303030303030' seq:6461342, type:1 .. '000000000031B9C03030303030303030' seq:6521628, type:1](115712)
 150:8542119[6521630 .. 6581886]['000000000031B9C13030303030303030' seq:6521630, type:1 .. '0000000000322F713030303030303030' seq:6581886, type:1](116736)
 151:8546010[6581888 .. 6642173]['0000000000322F723030303030303030' seq:6581888, type:1 .. '000000000032A5303030303030303030' seq:6642173, type:1](118784)
 152:8542118[6642175 .. 6702432]['000000000032A5313030303030303030' seq:6642175, type:1 .. '0000000000331AE13030303030303030' seq:6702432, type:1](118784)
 153:8546010[6702434 .. 6762718]['0000000000331AE23030303030303030' seq:6702434, type:1 .. '00000000003390A03030303030303030' seq:6762718, type:1](134144)
 154:8542119[6762720 .. 6822979]['00000000003390A13030303030303030' seq:6762720, type:1 .. '00000000003406513030303030303030' seq:6822979, type:1](131072)
 164:8546010[0 .. 0]['00000000003406523030303030303030' seq:0, type:1 .. '0000000000347C103030303030303030' seq:0, type:1](106496)
 165:8542117[0 .. 0]['0000000000347C113030303030303030' seq:0, type:1 .. '000000000034F1C13030303030303030' seq:0, type:1](114688)
 166:8546011[0 .. 0]['000000000034F1C23030303030303030' seq:0, type:1 .. '00000000003567803030303030303030' seq:0, type:1](132096)
 167:8542118[0 .. 0]['00000000003567813030303030303030' seq:0, type:1 .. '000000000035DD313030303030303030' seq:0, type:1](117760)
 168:8546010[0 .. 0]['000000000035DD323030303030303030' seq:0, type:1 .. '00000000003652F03030303030303030' seq:0, type:1](105472)
 169:8542118[0 .. 0]['00000000003652F13030303030303030' seq:0, type:1 .. '000000000036C8A13030303030303030' seq:0, type:1](116736)
 170:8546011[0 .. 0]['000000000036C8A23030303030303030' seq:0, type:1 .. '0000000000373E603030303030303030' seq:0, type:1](115712)
 171:8542118[0 .. 0]['0000000000373E613030303030303030' seq:0, type:1 .. '000000000037B4113030303030303030' seq:0, type:1](135168)
 172:8546010[0 .. 0]['000000000037B4123030303030303030' seq:0, type:1 .. '00000000003829D03030303030303030' seq:0, type:1](113664)
 173:8542118[0 .. 0]['00000000003829D13030303030303030' seq:0, type:1 .. '0000000000389F813030303030303030' seq:0, type:1](129024)
 174:8546011[0 .. 0]['0000000000389F823030303030303030' seq:0, type:1 .. '00000000003915403030303030303030' seq:0, type:1](146432)
 175:8542117[0 .. 0]['00000000003915413030303030303030' seq:0, type:1 .. '0000000000398AF13030303030303030' seq:0, type:1](124928)
 394:8546013[0 .. 0]['000000000084F4D23030303030303030' seq:0, type:1 .. '0000000000856A903030303030303030' seq:0, type:1](109568)
 395:8542118[0 .. 0]['0000000000856A913030303030303030' seq:0, type:1 .. '000000000085E0413030303030303030' seq:0, type:1](125952)
 396:8546011[0 .. 0]['000000000085E0423030303030303030' seq:0, type:1 .. '00000000008656003030303030303030' seq:0, type:1](118784)
 397:8542117[0 .. 0]['00000000008656013030303030303030' seq:0, type:1 .. '000000000086CBB13030303030303030' seq:0, type:1](129024)
 398:8546011[0 .. 0]['000000000086CBB23030303030303030' seq:0, type:1 .. '00000000008741703030303030303030' seq:0, type:1](114688)
 399:8542118[0 .. 0]['00000000008741713030303030303030' seq:0, type:1 .. '000000000087B7213030303030303030' seq:0, type:1](116736)
 400:8546010[0 .. 0]['000000000087B7223030303030303030' seq:0, type:1 .. '0000000000882CE03030303030303030' seq:0, type:1](128000)
 401:8542118[0 .. 0]['0000000000882CE13030303030303030' seq:0, type:1 .. '000000000088A2913030303030303030' seq:0, type:1](109568)
 403:8542118[0 .. 0]['00000000008918513030303030303030' seq:0, type:1 .. '0000000000898E013030303030303030' seq:0, type:1](109568)
 404:8546010[0 .. 0]['0000000000898E023030303030303030' seq:0, type:1 .. '00000000008A03C03030303030303030' seq:0, type:1](121856)
 405:8542118[0 .. 0]['00000000008A03C13030303030303030' seq:0, type:1 .. '00000000008A79713030303030303030' seq:0, type:1](114688)
 406:8546010[0 .. 0]['00000000008A79723030303030303030' seq:0, type:1 .. '00000000008AEF303030303030303030' seq:0, type:1](136192)
 407:8542118[0 .. 0]['00000000008AEF313030303030303030' seq:0, type:1 .. '00000000008B64E13030303030303030' seq:0, type:1](115712)
 408:8546010[0 .. 0]['00000000008B64E23030303030303030' seq:0, type:1 .. '00000000008BDAA03030303030303030' seq:0, type:1](123904)
 409:8542119[0 .. 0]['00000000008BDAA13030303030303030' seq:0, type:1 .. '00000000008C50513030303030303030' seq:0, type:1](109568)
 410:8546010[0 .. 0]['00000000008C50523030303030303030' seq:0, type:1 .. '00000000008CC6103030303030303030' seq:0, type:1](109568)
 411:8542118[0 .. 0]['00000000008CC6113030303030303030' seq:0, type:1 .. '00000000008D3BC13030303030303030' seq:0, type:1](130048)
 412:8546010[0 .. 0]['00000000008D3BC23030303030303030' seq:0, type:1 .. '00000000008DB1803030303030303030' seq:0, type:1](116736)
 413:8542119[0 .. 0]['00000000008DB1813030303030303030' seq:0, type:1 .. '00000000008E27313030303030303030' seq:0, type:1](117760)
 414:8546009[0 .. 0]['00000000008E27323030303030303030' seq:0, type:1 .. '00000000008E9CF03030303030303030' seq:0, type:1](132096)
 415:8542119[0 .. 0]['00000000008E9CF13030303030303030' seq:0, type:1 .. '00000000008F12A13030303030303030' seq:0, type:1](132096)
 416:8546010[0 .. 0]['00000000008F12A23030303030303030' seq:0, type:1 .. '00000000008F88603030303030303030' seq:0, type:1](114688)
 417:3412379[0 .. 0]['00000000008F88613030303030303030' seq:0, type:1 .. '00000000008FB7633030303030303030' seq:0, type:1](46080)
--- level 6 --- version# 2 ---
 15:8546011[0 .. 0]['00000000000000003030303030303030' seq:0, type:1 .. '00000000000075BE3030303030303030' seq:0, type:1](113664)
 16:8542118[0 .. 0]['00000000000075BF3030303030303030' seq:0, type:1 .. '000000000000EB6F3030303030303030' seq:0, type:1](131072)
 17:8546011[0 .. 0]['000000000000EB703030303030303030' seq:0, type:1 .. '000000000001612E3030303030303030' seq:0, type:1](93184)
 18:8542117[0 .. 0]['000000000001612F3030303030303030' seq:0, type:1 .. '000000000001D6DF3030303030303030' seq:0, type:1](130048)
 19:8546011[0 .. 0]['000000000001D6E03030303030303030' seq:0, type:1 .. '0000000000024C9E3030303030303030' seq:0, type:1](113664)
 20:8542118[0 .. 0]['0000000000024C9F3030303030303030' seq:0, type:1 .. '000000000002C24F3030303030303030' seq:0, type:1](109568)
 21:8546009[0 .. 0]['000000000002C2503030303030303030' seq:0, type:1 .. '000000000003380E3030303030303030' seq:0, type:1](148480)
 22:8542117[0 .. 0]['000000000003380F3030303030303030' seq:0, type:1 .. '000000000003ADBF3030303030303030' seq:0, type:1](101376)
 23:8546009[0 .. 0]['000000000003ADC03030303030303030' seq:0, type:1 .. '000000000004237E3030303030303030' seq:0, type:1](134144)
 24:8542118[0 .. 0]['000000000004237F3030303030303030' seq:0, type:1 .. '000000000004992F3030303030303030' seq:0, type:1](126976)
 25:8546008[0 .. 0]['00000000000499303030303030303030' seq:0, type:1 .. '0000000000050EEE3030303030303030' seq:0, type:1](138240)
 26:8542118[0 .. 0]['0000000000050EEF3030303030303030' seq:0, type:1 .. '000000000005849F3030303030303030' seq:0, type:1](113664)
 27:8546010[0 .. 0]['00000000000584A03030303030303030' seq:0, type:1 .. '000000000005FA5E3030303030303030' seq:0, type:1](115712)
 28:8542119[0 .. 0]['000000000005FA5F3030303030303030' seq:0, type:1 .. '000000000006700F3030303030303030' seq:0, type:1](141312)
 29:8546009[0 .. 0]['00000000000670103030303030303030' seq:0, type:1 .. '000000000006E5CE3030303030303030' seq:0, type:1](117760)
 30:8542119[0 .. 0]['000000000006E5CF3030303030303030' seq:0, type:1 .. '0000000000075B7F3030303030303030' seq:0, type:1](125952)
 31:8546010[0 .. 0]['0000000000075B803030303030303030' seq:0, type:1 .. '000000000007D13E3030303030303030' seq:0, type:1](121856)
 32:8542118[0 .. 0]['000000000007D13F3030303030303030' seq:0, type:1 .. '00000000000846EF3030303030303030' seq:0, type:1](114688)
 33:8546010[0 .. 0]['00000000000846F03030303030303030' seq:0, type:1 .. '000000000008BCAE3030303030303030' seq:0, type:1](120832)
 34:8542119[0 .. 0]['000000000008BCAF3030303030303030' seq:0, type:1 .. '000000000009325F3030303030303030' seq:0, type:1](128000)
 35:8546010[0 .. 0]['00000000000932603030303030303030' seq:0, type:1 .. '000000000009A81E3030303030303030' seq:0, type:1](151552)
 36:8542118[0 .. 0]['000000000009A81F3030303030303030' seq:0, type:1 .. '00000000000A1DCF3030303030303030' seq:0, type:1](114688)
 37:8546010[0 .. 0]['00000000000A1DD03030303030303030' seq:0, type:1 .. '00000000000A938E3030303030303030' seq:0, type:1](109568)
 38:8542119[0 .. 0]['00000000000A938F3030303030303030' seq:0, type:1 .. '00000000000B093F3030303030303030' seq:0, type:1](105472)
 39:8546009[0 .. 0]['00000000000B09403030303030303030' seq:0, type:1 .. '00000000000B7EFE3030303030303030' seq:0, type:1](102400)
 40:8542118[0 .. 0]['00000000000B7EFF3030303030303030' seq:0, type:1 .. '00000000000BF4AF3030303030303030' seq:0, type:1](107520)
 41:8546011[0 .. 0]['00000000000BF4B03030303030303030' seq:0, type:1 .. '00000000000C6A6E3030303030303030' seq:0, type:1](112640)
 42:8542118[0 .. 0]['00000000000C6A6F3030303030303030' seq:0, type:1 .. '00000000000CE01F3030303030303030' seq:0, type:1](135168)
 52:8546010[0 .. 0]['00000000000CE0203030303030303030' seq:0, type:1 .. '00000000000D55DE3030303030303030' seq:0, type:1](113664)
 53:8542118[0 .. 0]['00000000000D55DF3030303030303030' seq:0, type:1 .. '00000000000DCB8F3030303030303030' seq:0, type:1](108544)
 54:8546011[0 .. 0]['00000000000DCB903030303030303030' seq:0, type:1 .. '00000000000E414E3030303030303030' seq:0, type:1](117760)
 55:8542117[0 .. 0]['00000000000E414F3030303030303030' seq:0, type:1 .. '00000000000EB6FF3030303030303030' seq:0, type:1](117760)
 56:8546012[0 .. 0]['00000000000EB7003030303030303030' seq:0, type:1 .. '00000000000F2CBE3030303030303030' seq:0, type:1](124928)
 57:8542118[0 .. 0]['00000000000F2CBF3030303030303030' seq:0, type:1 .. '00000000000FA26F3030303030303030' seq:0, type:1](114688)
 58:8546013[0 .. 0]['00000000000FA2703030303030303030' seq:0, type:1 .. '000000000010182E3030303030303030' seq:0, type:1](106496)
 59:8542117[0 .. 0]['000000000010182F3030303030303030' seq:0, type:1 .. '0000000000108DDF3030303030303030' seq:0, type:1](116736)
 60:8546013[0 .. 0]['0000000000108DE03030303030303030' seq:0, type:1 .. '000000000011039E3030303030303030' seq:0, type:1](128000)
 61:8542118[0 .. 0]['000000000011039F3030303030303030' seq:0, type:1 .. '000000000011794F3030303030303030' seq:0, type:1](121856)
 62:8546010[0 .. 0]['00000000001179503030303030303030' seq:0, type:1 .. '000000000011EF0E3030303030303030' seq:0, type:1](108544)
 63:8542118[0 .. 0]['000000000011EF0F3030303030303030' seq:0, type:1 .. '00000000001264BF3030303030303030' seq:0, type:1](109568)
 64:8546010[0 .. 0]['00000000001264C03030303030303030' seq:0, type:1 .. '000000000012DA7E3030303030303030' seq:0, type:1](111616)
 65:8542119[0 .. 0]['000000000012DA7F3030303030303030' seq:0, type:1 .. '000000000013502F3030303030303030' seq:0, type:1](119808)
 66:8546009[0 .. 0]['00000000001350303030303030303030' seq:0, type:1 .. '000000000013C5EE3030303030303030' seq:0, type:1](146432)
 67:8542119[0 .. 0]['000000000013C5EF3030303030303030' seq:0, type:1 .. '0000000000143B9F3030303030303030' seq:0, type:1](129024)
 68:8546010[0 .. 0]['0000000000143BA03030303030303030' seq:0, type:1 .. '000000000014B15E3030303030303030' seq:0, type:1](111616)
 69:8542119[0 .. 0]['000000000014B15F3030303030303030' seq:0, type:1 .. '000000000015270F3030303030303030' seq:0, type:1](104448)
 70:8546009[0 .. 0]['00000000001527103030303030303030' seq:0, type:1 .. '0000000000159CCE3030303030303030' seq:0, type:1](119808)
 71:8542119[0 .. 0]['0000000000159CCF3030303030303030' seq:0, type:1 .. '000000000016127F3030303030303030' seq:0, type:1](141312)
 72:8546010[0 .. 0]['00000000001612803030303030303030' seq:0, type:1 .. '000000000016883E3030303030303030' seq:0, type:1](128000)
 73:8542117[0 .. 0]['000000000016883F3030303030303030' seq:0, type:1 .. '000000000016FDEF3030303030303030' seq:0, type:1](121856)
 74:8546011[0 .. 0]['000000000016FDF03030303030303030' seq:0, type:1 .. '00000000001773AE3030303030303030' seq:0, type:1](105472)
 75:8542118[0 .. 0]['00000000001773AF3030303030303030' seq:0, type:1 .. '000000000017E95F3030303030303030' seq:0, type:1](114688)
 76:8546011[0 .. 0]['000000000017E9603030303030303030' seq:0, type:1 .. '0000000000185F1E3030303030303030' seq:0, type:1](116736)
 77:8542117[0 .. 0]['0000000000185F1F3030303030303030' seq:0, type:1 .. '000000000018D4CF3030303030303030' seq:0, type:1](128000)
 78:8546011[0 .. 0]['000000000018D4D03030303030303030' seq:0, type:1 .. '0000000000194A8E3030303030303030' seq:0, type:1](89088)
 79:8542118[0 .. 0]['0000000000194A8F3030303030303030' seq:0, type:1 .. '000000000019C03F3030303030303030' seq:0, type:1](108544)
 89:8546010[0 .. 0]['000000000019C0403030303030303030' seq:0, type:1 .. '00000000001A35FE3030303030303030' seq:0, type:1](108544)
 90:8542118[0 .. 0]['00000000001A35FF3030303030303030' seq:0, type:1 .. '00000000001AABAF3030303030303030' seq:0, type:1](128000)
 91:8546011[0 .. 0]['00000000001AABB03030303030303030' seq:0, type:1 .. '00000000001B216E3030303030303030' seq:0, type:1](141312)
 92:8542118[0 .. 0]['00000000001B216F3030303030303030' seq:0, type:1 .. '00000000001B971F3030303030303030' seq:0, type:1](132096)
 93:8546010[0 .. 0]['00000000001B97203030303030303030' seq:0, type:1 .. '00000000001C0CDE3030303030303030' seq:0, type:1](140288)
 94:8542118[0 .. 0]['00000000001C0CDF3030303030303030' seq:0, type:1 .. '00000000001C828F3030303030303030' seq:0, type:1](129024)
 95:8546010[0 .. 0]['00000000001C82903030303030303030' seq:0, type:1 .. '00000000001CF84E3030303030303030' seq:0, type:1](134144)
 96:8542118[0 .. 0]['00000000001CF84F3030303030303030' seq:0, type:1 .. '00000000001D6DFF3030303030303030' seq:0, type:1](103424)
 97:8546011[0 .. 0]['00000000001D6E003030303030303030' seq:0, type:1 .. '00000000001DE3BE3030303030303030' seq:0, type:1](115712)
 98:8542119[0 .. 0]['00000000001DE3BF3030303030303030' seq:0, type:1 .. '00000000001E596F3030303030303030' seq:0, type:1](117760)
 99:8546012[0 .. 0]['00000000001E59703030303030303030' seq:0, type:1 .. '00000000001ECF2E3030303030303030' seq:0, type:1](101376)
 100:8542118[0 .. 0]['00000000001ECF2F3030303030303030' seq:0, type:1 .. '00000000001F44DF3030303030303030' seq:0, type:1](112640)
 101:8546012[0 .. 0]['00000000001F44E03030303030303030' seq:0, type:1 .. '00000000001FBA9E3030303030303030' seq:0, type:1](125952)
 102:8542119[0 .. 0]['00000000001FBA9F3030303030303030' seq:0, type:1 .. '000000000020304F3030303030303030' seq:0, type:1](126976)
 103:8546010[0 .. 0]['00000000002030503030303030303030' seq:0, type:1 .. '000000000020A60E3030303030303030' seq:0, type:1](114688)
 104:8542118[0 .. 0]['000000000020A60F3030303030303030' seq:0, type:1 .. '0000000000211BBF3030303030303030' seq:0, type:1](112640)
 105:8546010[0 .. 0]['0000000000211BC03030303030303030' seq:0, type:1 .. '000000000021917E3030303030303030' seq:0, type:1](124928)
 106:8542119[0 .. 0]['000000000021917F3030303030303030' seq:0, type:1 .. '000000000022072F3030303030303030' seq:0, type:1](128000)
 107:8546009[0 .. 0]['00000000002207303030303030303030' seq:0, type:1 .. '0000000000227CEE3030303030303030' seq:0, type:1](108544)
 108:8542118[0 .. 0]['0000000000227CEF3030303030303030' seq:0, type:1 .. '000000000022F29F3030303030303030' seq:0, type:1](120832)
 109:8546011[0 .. 0]['000000000022F2A03030303030303030' seq:0, type:1 .. '000000000023685E3030303030303030' seq:0, type:1](129024)
 110:8542118[0 .. 0]['000000000023685F3030303030303030' seq:0, type:1 .. '000000000023DE0F3030303030303030' seq:0, type:1](110592)
 111:8546010[0 .. 0]['000000000023DE103030303030303030' seq:0, type:1 .. '00000000002453CE3030303030303030' seq:0, type:1](116736)
 112:8542118[0 .. 0]['00000000002453CF3030303030303030' seq:0, type:1 .. '000000000024C97F3030303030303030' seq:0, type:1](130048)
 113:8546011[0 .. 0]['000000000024C9803030303030303030' seq:0, type:1 .. '0000000000253F3E3030303030303030' seq:0, type:1](116736)
 114:8542117[0 .. 0]['0000000000253F3F3030303030303030' seq:0, type:1 .. '000000000025B4EF3030303030303030' seq:0, type:1](118784)
 115:8546011[0 .. 0]['000000000025B4F03030303030303030' seq:0, type:1 .. '0000000000262AAE3030303030303030' seq:0, type:1](129024)
 116:8542118[0 .. 0]['0000000000262AAF3030303030303030' seq:0, type:1 .. '000000000026A05F3030303030303030' seq:0, type:1](107520)
 117:8546011[0 .. 0]['000000000026A0603030303030303030' seq:0, type:1 .. '000000000027161E3030303030303030' seq:0, type:1](143360)
 118:2340128[0 .. 0]['000000000027161F3030303030303030' seq:0, type:1 .. '000000000027365B3030303030303030' seq:0, type:1](19456)
 176:8546011[0 .. 0]['0000000000398AF23030303030303030' seq:0, type:1 .. '00000000003A00B03030303030303030' seq:0, type:1](117760)
 177:8542118[0 .. 0]['00000000003A00B13030303030303030' seq:0, type:1 .. '00000000003A76613030303030303030' seq:0, type:1](107520)
 178:8546012[0 .. 0]['00000000003A76623030303030303030' seq:0, type:1 .. '00000000003AEC203030303030303030' seq:0, type:1](115712)
 179:8542118[0 .. 0]['00000000003AEC213030303030303030' seq:0, type:1 .. '00000000003B61D13030303030303030' seq:0, type:1](123904)
 180:8546012[0 .. 0]['00000000003B61D23030303030303030' seq:0, type:1 .. '00000000003BD7903030303030303030' seq:0, type:1](137216)
 181:8542119[0 .. 0]['00000000003BD7913030303030303030' seq:0, type:1 .. '00000000003C4D413030303030303030' seq:0, type:1](111616)
 182:8546010[0 .. 0]['00000000003C4D423030303030303030' seq:0, type:1 .. '00000000003CC3003030303030303030' seq:0, type:1](123904)
 183:8542118[0 .. 0]['00000000003CC3013030303030303030' seq:0, type:1 .. '00000000003D38B13030303030303030' seq:0, type:1](144384)
 184:8546010[0 .. 0]['00000000003D38B23030303030303030' seq:0, type:1 .. '00000000003DAE703030303030303030' seq:0, type:1](136192)
 185:8542119[0 .. 0]['00000000003DAE713030303030303030' seq:0, type:1 .. '00000000003E24213030303030303030' seq:0, type:1](133120)
 186:8546009[0 .. 0]['00000000003E24223030303030303030' seq:0, type:1 .. '00000000003E99E03030303030303030' seq:0, type:1](133120)
 187:8542119[0 .. 0]['00000000003E99E13030303030303030' seq:0, type:1 .. '00000000003F0F913030303030303030' seq:0, type:1](137216)
 188:8546010[0 .. 0]['00000000003F0F923030303030303030' seq:0, type:1 .. '00000000003F85503030303030303030' seq:0, type:1](122880)
 189:8542118[0 .. 0]['00000000003F85513030303030303030' seq:0, type:1 .. '00000000003FFB013030303030303030' seq:0, type:1](134144)
 190:8546010[0 .. 0]['00000000003FFB023030303030303030' seq:0, type:1 .. '00000000004070C03030303030303030' seq:0, type:1](129024)
 191:8542118[0 .. 0]['00000000004070C13030303030303030' seq:0, type:1 .. '000000000040E6713030303030303030' seq:0, type:1](110592)
 201:8546011[0 .. 0]['000000000040E6723030303030303030' seq:0, type:1 .. '0000000000415C303030303030303030' seq:0, type:1](110592)
 202:8542117[0 .. 0]['0000000000415C313030303030303030' seq:0, type:1 .. '000000000041D1E13030303030303030' seq:0, type:1](124928)
 203:8546011[0 .. 0]['000000000041D1E23030303030303030' seq:0, type:1 .. '00000000004247A03030303030303030' seq:0, type:1](120832)
 204:8542118[0 .. 0]['00000000004247A13030303030303030' seq:0, type:1 .. '000000000042BD513030303030303030' seq:0, type:1](121856)
 205:8546011[0 .. 0]['000000000042BD523030303030303030' seq:0, type:1 .. '00000000004333103030303030303030' seq:0, type:1](118784)
 206:8542117[0 .. 0]['00000000004333113030303030303030' seq:0, type:1 .. '000000000043A8C13030303030303030' seq:0, type:1](111616)
 207:8546011[0 .. 0]['000000000043A8C23030303030303030' seq:0, type:1 .. '0000000000441E803030303030303030' seq:0, type:1](110592)
 208:8542118[0 .. 0]['0000000000441E813030303030303030' seq:0, type:1 .. '00000000004494313030303030303030' seq:0, type:1](100352)
 209:8546010[0 .. 0]['00000000004494323030303030303030' seq:0, type:1 .. '00000000004509F03030303030303030' seq:0, type:1](125952)
 210:8542118[0 .. 0]['00000000004509F13030303030303030' seq:0, type:1 .. '0000000000457FA13030303030303030' seq:0, type:1](135168)
 211:8546010[0 .. 0]['0000000000457FA23030303030303030' seq:0, type:1 .. '000000000045F5603030303030303030' seq:0, type:1](103424)
 212:8542119[0 .. 0]['000000000045F5613030303030303030' seq:0, type:1 .. '0000000000466B113030303030303030' seq:0, type:1](120832)
 213:8546009[0 .. 0]['0000000000466B123030303030303030' seq:0, type:1 .. '000000000046E0D03030303030303030' seq:0, type:1](133120)
 214:8542119[0 .. 0]['000000000046E0D13030303030303030' seq:0, type:1 .. '00000000004756813030303030303030' seq:0, type:1](122880)
 215:8546010[0 .. 0]['00000000004756823030303030303030' seq:0, type:1 .. '000000000047CC403030303030303030' seq:0, type:1](137216)
 216:8542118[0 .. 0]['000000000047CC413030303030303030' seq:0, type:1 .. '00000000004841F13030303030303030' seq:0, type:1](95232)
 217:8546010[0 .. 0]['00000000004841F23030303030303030' seq:0, type:1 .. '000000000048B7B03030303030303030' seq:0, type:1](107520)
 218:8542119[0 .. 0]['000000000048B7B13030303030303030' seq:0, type:1 .. '0000000000492D613030303030303030' seq:0, type:1](130048)
 219:8546012[0 .. 0]['0000000000492D623030303030303030' seq:0, type:1 .. '000000000049A3203030303030303030' seq:0, type:1](119808)
 220:8542118[0 .. 0]['000000000049A3213030303030303030' seq:0, type:1 .. '00000000004A18D13030303030303030' seq:0, type:1](117760)
 221:8546012[0 .. 0]['00000000004A18D23030303030303030' seq:0, type:1 .. '00000000004A8E903030303030303030' seq:0, type:1](126976)
 222:8542119[0 .. 0]['00000000004A8E913030303030303030' seq:0, type:1 .. '00000000004B04413030303030303030' seq:0, type:1](121856)
 223:8546010[0 .. 0]['00000000004B04423030303030303030' seq:0, type:1 .. '00000000004B7A003030303030303030' seq:0, type:1](125952)
 224:8542117[0 .. 0]['00000000004B7A013030303030303030' seq:0, type:1 .. '00000000004BEFB13030303030303030' seq:0, type:1](122880)
 225:8546011[0 .. 0]['00000000004BEFB23030303030303030' seq:0, type:1 .. '00000000004C65703030303030303030' seq:0, type:1](114688)
 226:8542118[0 .. 0]['00000000004C65713030303030303030' seq:0, type:1 .. '00000000004CDB213030303030303030' seq:0, type:1](113664)
 227:8546010[0 .. 0]['00000000004CDB223030303030303030' seq:0, type:1 .. '00000000004D50E03030303030303030' seq:0, type:1](116736)
 228:8542118[0 .. 0]['00000000004D50E13030303030303030' seq:0, type:1 .. '00000000004DC6913030303030303030' seq:0, type:1](121856)
 229:8546011[0 .. 0]['00000000004DC6923030303030303030' seq:0, type:1 .. '00000000004E3C503030303030303030' seq:0, type:1](100352)
 239:8542118[0 .. 0]['00000000004E3C513030303030303030' seq:0, type:1 .. '00000000004EB2013030303030303030' seq:0, type:1](106496)
 240:8546010[0 .. 0]['00000000004EB2023030303030303030' seq:0, type:1 .. '00000000004F27C03030303030303030' seq:0, type:1](126976)
 241:8542118[0 .. 0]['00000000004F27C13030303030303030' seq:0, type:1 .. '00000000004F9D713030303030303030' seq:0, type:1](82944)
 242:8546011[0 .. 0]['00000000004F9D723030303030303030' seq:0, type:1 .. '00000000005013303030303030303030' seq:0, type:1](119808)
 243:8542117[0 .. 0]['00000000005013313030303030303030' seq:0, type:1 .. '00000000005088E13030303030303030' seq:0, type:1](106496)
 244:8546010[0 .. 0]['00000000005088E23030303030303030' seq:0, type:1 .. '000000000050FEA03030303030303030' seq:0, type:1](132096)
 245:8542119[0 .. 0]['000000000050FEA13030303030303030' seq:0, type:1 .. '00000000005174513030303030303030' seq:0, type:1](129024)
 246:8546010[0 .. 0]['00000000005174523030303030303030' seq:0, type:1 .. '000000000051EA103030303030303030' seq:0, type:1](129024)
 247:8542118[0 .. 0]['000000000051EA113030303030303030' seq:0, type:1 .. '0000000000525FC13030303030303030' seq:0, type:1](110592)
 248:8546010[0 .. 0]['0000000000525FC23030303030303030' seq:0, type:1 .. '000000000052D5803030303030303030' seq:0, type:1](133120)
 249:8542119[0 .. 0]['000000000052D5813030303030303030' seq:0, type:1 .. '0000000000534B313030303030303030' seq:0, type:1](129024)
 250:8546009[0 .. 0]['0000000000534B323030303030303030' seq:0, type:1 .. '000000000053C0F03030303030303030' seq:0, type:1](104448)
 251:8542119[0 .. 0]['000000000053C0F13030303030303030' seq:0, type:1 .. '00000000005436A13030303030303030' seq:0, type:1](117760)
 252:8546010[0 .. 0]['00000000005436A23030303030303030' seq:0, type:1 .. '000000000054AC603030303030303030' seq:0, type:1](106496)
 253:8542119[0 .. 0]['000000000054AC613030303030303030' seq:0, type:1 .. '00000000005522113030303030303030' seq:0, type:1](136192)
 254:8546009[0 .. 0]['00000000005522123030303030303030' seq:0, type:1 .. '00000000005597D03030303030303030' seq:0, type:1](117760)
 255:8542119[0 .. 0]['00000000005597D13030303030303030' seq:0, type:1 .. '0000000000560D813030303030303030' seq:0, type:1](115712)
 256:8546010[0 .. 0]['0000000000560D823030303030303030' seq:0, type:1 .. '00000000005683403030303030303030' seq:0, type:1](134144)
 257:8542117[0 .. 0]['00000000005683413030303030303030' seq:0, type:1 .. '000000000056F8F13030303030303030' seq:0, type:1](123904)
 258:8546009[0 .. 0]['000000000056F8F23030303030303030' seq:0, type:1 .. '0000000000576EB03030303030303030' seq:0, type:1](128000)
 259:8542118[0 .. 0]['0000000000576EB13030303030303030' seq:0, type:1 .. '000000000057E4613030303030303030' seq:0, type:1](113664)
 260:8546011[0 .. 0]['000000000057E4623030303030303030' seq:0, type:1 .. '0000000000585A203030303030303030' seq:0, type:1](124928)
 261:8542117[0 .. 0]['0000000000585A213030303030303030' seq:0, type:1 .. '000000000058CFD13030303030303030' seq:0, type:1](124928)
 262:8546011[0 .. 0]['000000000058CFD23030303030303030' seq:0, type:1 .. '00000000005945903030303030303030' seq:0, type:1](125952)
 263:8542118[0 .. 0]['00000000005945913030303030303030' seq:0, type:1 .. '000000000059BB413030303030303030' seq:0, type:1](113664)
 264:8546009[0 .. 0]['000000000059BB423030303030303030' seq:0, type:1 .. '00000000005A31003030303030303030' seq:0, type:1](124928)
 265:8542117[0 .. 0]['00000000005A31013030303030303030' seq:0, type:1 .. '00000000005AA6B13030303030303030' seq:0, type:1](130048)
 266:8546009[0 .. 0]['00000000005AA6B23030303030303030' seq:0, type:1 .. '00000000005B1C703030303030303030' seq:0, type:1](102400)
 276:8542118[0 .. 0]['00000000005B1C713030303030303030' seq:0, type:1 .. '00000000005B92213030303030303030' seq:0, type:1](145408)
 277:8546008[0 .. 0]['00000000005B92223030303030303030' seq:0, type:1 .. '00000000005C07E03030303030303030' seq:0, type:1](131072)
 278:8542118[0 .. 0]['00000000005C07E13030303030303030' seq:0, type:1 .. '00000000005C7D913030303030303030' seq:0, type:1](118784)
 279:8546010[0 .. 0]['00000000005C7D923030303030303030' seq:0, type:1 .. '00000000005CF3503030303030303030' seq:0, type:1](129024)
 280:8542119[0 .. 0]['00000000005CF3513030303030303030' seq:0, type:1 .. '00000000005D69013030303030303030' seq:0, type:1](103424)
 281:8546009[0 .. 0]['00000000005D69023030303030303030' seq:0, type:1 .. '00000000005DDEC03030303030303030' seq:0, type:1](113664)
 282:8542119[0 .. 0]['00000000005DDEC13030303030303030' seq:0, type:1 .. '00000000005E54713030303030303030' seq:0, type:1](110592)
 283:8546010[0 .. 0]['00000000005E54723030303030303030' seq:0, type:1 .. '00000000005ECA303030303030303030' seq:0, type:1](113664)
 284:8542118[0 .. 0]['00000000005ECA313030303030303030' seq:0, type:1 .. '00000000005F3FE13030303030303030' seq:0, type:1](132096)
 285:8546010[0 .. 0]['00000000005F3FE23030303030303030' seq:0, type:1 .. '00000000005FB5A03030303030303030' seq:0, type:1](110592)
 286:8542119[0 .. 0]['00000000005FB5A13030303030303030' seq:0, type:1 .. '0000000000602B513030303030303030' seq:0, type:1](112640)
 287:8546010[0 .. 0]['0000000000602B523030303030303030' seq:0, type:1 .. '000000000060A1103030303030303030' seq:0, type:1](142336)
 288:8542118[0 .. 0]['000000000060A1113030303030303030' seq:0, type:1 .. '00000000006116C13030303030303030' seq:0, type:1](129024)
 289:8546010[0 .. 0]['00000000006116C23030303030303030' seq:0, type:1 .. '0000000000618C803030303030303030' seq:0, type:1](106496)
 290:8542119[0 .. 0]['0000000000618C813030303030303030' seq:0, type:1 .. '00000000006202313030303030303030' seq:0, type:1](113664)
 291:8546009[0 .. 0]['00000000006202323030303030303030' seq:0, type:1 .. '00000000006277F03030303030303030' seq:0, type:1](120832)
 292:8542118[0 .. 0]['00000000006277F13030303030303030' seq:0, type:1 .. '000000000062EDA13030303030303030' seq:0, type:1](118784)
 293:8546011[0 .. 0]['000000000062EDA23030303030303030' seq:0, type:1 .. '00000000006363603030303030303030' seq:0, type:1](115712)
 294:8542118[0 .. 0]['00000000006363613030303030303030' seq:0, type:1 .. '000000000063D9113030303030303030' seq:0, type:1](122880)
 295:8546010[0 .. 0]['000000000063D9123030303030303030' seq:0, type:1 .. '0000000000644ED03030303030303030' seq:0, type:1](116736)
 296:8542118[0 .. 0]['0000000000644ED13030303030303030' seq:0, type:1 .. '000000000064C4813030303030303030' seq:0, type:1](130048)
 297:8546011[0 .. 0]['000000000064C4823030303030303030' seq:0, type:1 .. '0000000000653A403030303030303030' seq:0, type:1](110592)
 298:8542117[0 .. 0]['0000000000653A413030303030303030' seq:0, type:1 .. '000000000065AFF13030303030303030' seq:0, type:1](123904)
 299:8546011[0 .. 0]['000000000065AFF23030303030303030' seq:0, type:1 .. '00000000006625B03030303030303030' seq:0, type:1](92160)
 300:8542118[0 .. 0]['00000000006625B13030303030303030' seq:0, type:1 .. '0000000000669B613030303030303030' seq:0, type:1](116736)
 301:8546013[0 .. 0]['0000000000669B623030303030303030' seq:0, type:1 .. '00000000006711203030303030303030' seq:0, type:1](119808)
 302:8542117[0 .. 0]['00000000006711213030303030303030' seq:0, type:1 .. '00000000006786D13030303030303030' seq:0, type:1](114688)
 303:8546012[0 .. 0]['00000000006786D23030303030303030' seq:0, type:1 .. '000000000067FC903030303030303030' seq:0, type:1](103424)
 304:8542119[0 .. 0]['000000000067FC913030303030303030' seq:0, type:1 .. '00000000006872413030303030303030' seq:0, type:1](151552)
 314:8546010[0 .. 0]['00000000006872423030303030303030' seq:0, type:1 .. '000000000068E8003030303030303030' seq:0, type:1](103424)
 315:8542118[0 .. 0]['000000000068E8013030303030303030' seq:0, type:1 .. '0000000000695DB13030303030303030' seq:0, type:1](119808)
 316:8546010[0 .. 0]['0000000000695DB23030303030303030' seq:0, type:1 .. '000000000069D3703030303030303030' seq:0, type:1](118784)
 317:8542119[0 .. 0]['000000000069D3713030303030303030' seq:0, type:1 .. '00000000006A49213030303030303030' seq:0, type:1](99328)
 318:8546009[0 .. 0]['00000000006A49223030303030303030' seq:0, type:1 .. '00000000006ABEE03030303030303030' seq:0, type:1](112640)
 319:8542119[0 .. 0]['00000000006ABEE13030303030303030' seq:0, type:1 .. '00000000006B34913030303030303030' seq:0, type:1](118784)
 320:8546010[0 .. 0]['00000000006B34923030303030303030' seq:0, type:1 .. '00000000006BAA503030303030303030' seq:0, type:1](124928)
 321:8542119[0 .. 0]['00000000006BAA513030303030303030' seq:0, type:1 .. '00000000006C20013030303030303030' seq:0, type:1](119808)
 322:8546009[0 .. 0]['00000000006C20023030303030303030' seq:0, type:1 .. '00000000006C95C03030303030303030' seq:0, type:1](112640)
 323:8542119[0 .. 0]['00000000006C95C13030303030303030' seq:0, type:1 .. '00000000006D0B713030303030303030' seq:0, type:1](108544)
 324:8546010[0 .. 0]['00000000006D0B723030303030303030' seq:0, type:1 .. '00000000006D81303030303030303030' seq:0, type:1](132096)
 325:8542117[0 .. 0]['00000000006D81313030303030303030' seq:0, type:1 .. '00000000006DF6E13030303030303030' seq:0, type:1](118784)
 326:8546011[0 .. 0]['00000000006DF6E23030303030303030' seq:0, type:1 .. '00000000006E6CA03030303030303030' seq:0, type:1](103424)
 327:8542118[0 .. 0]['00000000006E6CA13030303030303030' seq:0, type:1 .. '00000000006EE2513030303030303030' seq:0, type:1](111616)
 328:8546011[0 .. 0]['00000000006EE2523030303030303030' seq:0, type:1 .. '00000000006F58103030303030303030' seq:0, type:1](122880)
 329:8542117[0 .. 0]['00000000006F58113030303030303030' seq:0, type:1 .. '00000000006FCDC13030303030303030' seq:0, type:1](114688)
 330:8546011[0 .. 0]['00000000006FCDC23030303030303030' seq:0, type:1 .. '00000000007043803030303030303030' seq:0, type:1](121856)
 331:8542118[0 .. 0]['00000000007043813030303030303030' seq:0, type:1 .. '000000000070B9313030303030303030' seq:0, type:1](113664)
 332:8546010[0 .. 0]['000000000070B9323030303030303030' seq:0, type:1 .. '0000000000712EF03030303030303030' seq:0, type:1](133120)
 333:8542118[0 .. 0]['0000000000712EF13030303030303030' seq:0, type:1 .. '000000000071A4A13030303030303030' seq:0, type:1](128000)
 334:8546011[0 .. 0]['000000000071A4A23030303030303030' seq:0, type:1 .. '0000000000721A603030303030303030' seq:0, type:1](118784)
 335:8542118[0 .. 0]['0000000000721A613030303030303030' seq:0, type:1 .. '00000000007290113030303030303030' seq:0, type:1](116736)
 336:8546010[0 .. 0]['00000000007290123030303030303030' seq:0, type:1 .. '00000000007305D03030303030303030' seq:0, type:1](120832)
 337:8542118[0 .. 0]['00000000007305D13030303030303030' seq:0, type:1 .. '0000000000737B813030303030303030' seq:0, type:1](113664)
 338:8546010[0 .. 0]['0000000000737B823030303030303030' seq:0, type:1 .. '000000000073F1403030303030303030' seq:0, type:1](134144)
 339:8542118[0 .. 0]['000000000073F1413030303030303030' seq:0, type:1 .. '00000000007466F13030303030303030' seq:0, type:1](102400)
 340:8546010[0 .. 0]['00000000007466F23030303030303030' seq:0, type:1 .. '000000000074DCB03030303030303030' seq:0, type:1](101376)
 341:8542119[0 .. 0]['000000000074DCB13030303030303030' seq:0, type:1 .. '00000000007552613030303030303030' seq:0, type:1](129024)
 351:8546012[0 .. 0]['00000000007552623030303030303030' seq:0, type:1 .. '000000000075C8203030303030303030' seq:0, type:1](116736)
 352:8542118[0 .. 0]['000000000075C8213030303030303030' seq:0, type:1 .. '0000000000763DD13030303030303030' seq:0, type:1](123904)
 353:8546012[0 .. 0]['0000000000763DD23030303030303030' seq:0, type:1 .. '000000000076B3903030303030303030' seq:0, type:1](111616)
 354:8542119[0 .. 0]['000000000076B3913030303030303030' seq:0, type:1 .. '00000000007729413030303030303030' seq:0, type:1](105472)
 355:8546010[0 .. 0]['00000000007729423030303030303030' seq:0, type:1 .. '0000000000779F003030303030303030' seq:0, type:1](136192)
 356:8542118[0 .. 0]['0000000000779F013030303030303030' seq:0, type:1 .. '00000000007814B13030303030303030' seq:0, type:1](112640)
 357:8546010[0 .. 0]['00000000007814B23030303030303030' seq:0, type:1 .. '0000000000788A703030303030303030' seq:0, type:1](149504)
 358:8542119[0 .. 0]['0000000000788A713030303030303030' seq:0, type:1 .. '00000000007900213030303030303030' seq:0, type:1](109568)
 359:8546009[0 .. 0]['00000000007900223030303030303030' seq:0, type:1 .. '00000000007975E03030303030303030' seq:0, type:1](104448)
 360:8542118[0 .. 0]['00000000007975E13030303030303030' seq:0, type:1 .. '000000000079EB913030303030303030' seq:0, type:1](121856)
 361:8546011[0 .. 0]['000000000079EB923030303030303030' seq:0, type:1 .. '00000000007A61503030303030303030' seq:0, type:1](117760)
 362:8542118[0 .. 0]['00000000007A61513030303030303030' seq:0, type:1 .. '00000000007AD7013030303030303030' seq:0, type:1](118784)
 363:8546010[0 .. 0]['00000000007AD7023030303030303030' seq:0, type:1 .. '00000000007B4CC03030303030303030' seq:0, type:1](134144)
 364:8542118[0 .. 0]['00000000007B4CC13030303030303030' seq:0, type:1 .. '00000000007BC2713030303030303030' seq:0, type:1](128000)
 365:8546011[0 .. 0]['00000000007BC2723030303030303030' seq:0, type:1 .. '00000000007C38303030303030303030' seq:0, type:1](123904)
 366:8542117[0 .. 0]['00000000007C38313030303030303030' seq:0, type:1 .. '00000000007CADE13030303030303030' seq:0, type:1](124928)
 367:8546011[0 .. 0]['00000000007CADE23030303030303030' seq:0, type:1 .. '00000000007D23A03030303030303030' seq:0, type:1](133120)
 368:8542118[0 .. 0]['00000000007D23A13030303030303030' seq:0, type:1 .. '00000000007D99513030303030303030' seq:0, type:1](119808)
 369:8546011[0 .. 0]['00000000007D99523030303030303030' seq:0, type:1 .. '00000000007E0F103030303030303030' seq:0, type:1](106496)
 370:8542117[0 .. 0]['00000000007E0F113030303030303030' seq:0, type:1 .. '00000000007E84C13030303030303030' seq:0, type:1](98304)
 371:8546010[0 .. 0]['00000000007E84C23030303030303030' seq:0, type:1 .. '00000000007EFA803030303030303030' seq:0, type:1](124928)
 372:8542119[0 .. 0]['00000000007EFA813030303030303030' seq:0, type:1 .. '00000000007F70313030303030303030' seq:0, type:1](120832)
 373:8546009[0 .. 0]['00000000007F70323030303030303030' seq:0, type:1 .. '00000000007FE5F03030303030303030' seq:0, type:1](113664)
 374:8542119[0 .. 0]['00000000007FE5F13030303030303030' seq:0, type:1 .. '0000000000805BA13030303030303030' seq:0, type:1](120832)
 375:8546010[0 .. 0]['0000000000805BA23030303030303030' seq:0, type:1 .. '000000000080D1603030303030303030' seq:0, type:1](122880)
 376:8542119[0 .. 0]['000000000080D1613030303030303030' seq:0, type:1 .. '00000000008147113030303030303030' seq:0, type:1](124928)
 377:8546009[0 .. 0]['00000000008147123030303030303030' seq:0, type:1 .. '000000000081BCD03030303030303030' seq:0, type:1](125952)
 378:8542119[0 .. 0]['000000000081BCD13030303030303030' seq:0, type:1 .. '00000000008232813030303030303030' seq:0, type:1](107520)
 388:8546010[0 .. 0]['00000000008232823030303030303030' seq:0, type:1 .. '000000000082A8403030303030303030' seq:0, type:1](130048)
 389:8542118[0 .. 0]['000000000082A8413030303030303030' seq:0, type:1 .. '0000000000831DF13030303030303030' seq:0, type:1](115712)
 390:8546010[0 .. 0]['0000000000831DF23030303030303030' seq:0, type:1 .. '00000000008393B03030303030303030' seq:0, type:1](110592)
 391:8542119[0 .. 0]['00000000008393B13030303030303030' seq:0, type:1 .. '00000000008409613030303030303030' seq:0, type:1](116736)
 392:8546012[0 .. 0]['00000000008409623030303030303030' seq:0, type:1 .. '0000000000847F203030303030303030' seq:0, type:1](132096)
 393:8542117[0 .. 0]['0000000000847F213030303030303030' seq:0, type:1 .. '000000000084F4D13030303030303030' seq:0, type:1](108544)
 402:8546011[0 .. 0]['000000000088A2923030303030303030' seq:0, type:1 .. '00000000008918503030303030303030' seq:0, type:1](110592)

STATISTICS:
rocksdb.block.cache.miss COUNT : 0
rocksdb.block.cache.hit COUNT : 0
rocksdb.block.cache.add COUNT : 0
rocksdb.block.cache.add.failures COUNT : 0
rocksdb.block.cache.index.miss COUNT : 0
rocksdb.block.cache.index.hit COUNT : 0
rocksdb.block.cache.index.add COUNT : 0
rocksdb.block.cache.index.bytes.insert COUNT : 0
rocksdb.block.cache.index.bytes.evict COUNT : 0
rocksdb.block.cache.filter.miss COUNT : 0
rocksdb.block.cache.filter.hit COUNT : 0
rocksdb.block.cache.filter.add COUNT : 0
rocksdb.block.cache.filter.bytes.insert COUNT : 0
rocksdb.block.cache.filter.bytes.evict COUNT : 0
rocksdb.block.cache.data.miss COUNT : 0
rocksdb.block.cache.data.hit COUNT : 0
rocksdb.block.cache.data.add COUNT : 0
rocksdb.block.cache.data.bytes.insert COUNT : 0
rocksdb.block.cache.bytes.read COUNT : 0
rocksdb.block.cache.bytes.write COUNT : 0
rocksdb.bloom.filter.useful COUNT : 0
rocksdb.bloom.filter.full.positive COUNT : 40000000
rocksdb.bloom.filter.full.true.positive COUNT : 40000000
rocksdb.bloom.filter.micros COUNT : 0
rocksdb.persistent.cache.hit COUNT : 3550043
rocksdb.persistent.cache.miss COUNT : 36450908
rocksdb.sim.block.cache.hit COUNT : 0
rocksdb.sim.block.cache.miss COUNT : 0
rocksdb.memtable.hit COUNT : 0
rocksdb.memtable.miss COUNT : 40000000
rocksdb.l0.hit COUNT : 2328504
rocksdb.l1.hit COUNT : 0
rocksdb.l2andup.hit COUNT : 37671496
rocksdb.compaction.key.drop.new COUNT : 0
rocksdb.compaction.key.drop.obsolete COUNT : 0
rocksdb.compaction.key.drop.range_del COUNT : 0
rocksdb.compaction.key.drop.user COUNT : 0
rocksdb.compaction.range_del.drop.obsolete COUNT : 0
rocksdb.compaction.optimized.del.drop.obsolete COUNT : 0
rocksdb.compaction.cancelled COUNT : 0
rocksdb.number.keys.written COUNT : 0
rocksdb.number.keys.read COUNT : 40000000
rocksdb.number.keys.updated COUNT : 0
rocksdb.bytes.written COUNT : 0
rocksdb.bytes.read COUNT : 10240000000
rocksdb.number.db.seek COUNT : 0
rocksdb.number.db.next COUNT : 0
rocksdb.number.db.prev COUNT : 0
rocksdb.number.db.seek.found COUNT : 0
rocksdb.number.db.next.found COUNT : 0
rocksdb.number.db.prev.found COUNT : 0
rocksdb.db.iter.bytes.read COUNT : 0
rocksdb.no.file.closes COUNT : 0
rocksdb.no.file.opens COUNT : 317
rocksdb.no.file.errors COUNT : 0
rocksdb.l0.slowdown.micros COUNT : 0
rocksdb.memtable.compaction.micros COUNT : 0
rocksdb.l0.num.files.stall.micros COUNT : 0
rocksdb.stall.micros COUNT : 0
rocksdb.db.mutex.wait.micros COUNT : 0
rocksdb.rate.limit.delay.millis COUNT : 0
rocksdb.num.iterators COUNT : 0
rocksdb.number.multiget.get COUNT : 0
rocksdb.number.multiget.keys.read COUNT : 0
rocksdb.number.multiget.bytes.read COUNT : 0
rocksdb.number.deletes.filtered COUNT : 0
rocksdb.number.merge.failures COUNT : 0
rocksdb.bloom.filter.prefix.checked COUNT : 0
rocksdb.bloom.filter.prefix.useful COUNT : 0
rocksdb.number.reseeks.iteration COUNT : 0
rocksdb.getupdatessince.calls COUNT : 0
rocksdb.block.cachecompressed.miss COUNT : 0
rocksdb.block.cachecompressed.hit COUNT : 0
rocksdb.block.cachecompressed.add COUNT : 0
rocksdb.block.cachecompressed.add.failures COUNT : 0
rocksdb.wal.synced COUNT : 0
rocksdb.wal.bytes COUNT : 0
rocksdb.write.self COUNT : 0
rocksdb.write.other COUNT : 0
rocksdb.write.timeout COUNT : 0
rocksdb.write.wal COUNT : 0
rocksdb.compact.read.bytes COUNT : 0
rocksdb.compact.write.bytes COUNT : 0
rocksdb.flush.write.bytes COUNT : 0
rocksdb.number.direct.load.table.properties COUNT : 0
rocksdb.number.superversion_acquires COUNT : 4
rocksdb.number.superversion_releases COUNT : 0
rocksdb.number.superversion_cleanups COUNT : 0
rocksdb.number.block.compressed COUNT : 0
rocksdb.number.block.decompressed COUNT : 0
rocksdb.number.block.not_compressed COUNT : 0
rocksdb.merge.operation.time.nanos COUNT : 0
rocksdb.filter.operation.time.nanos COUNT : 0
rocksdb.row.cache.hit COUNT : 0
rocksdb.row.cache.miss COUNT : 0
rocksdb.read.amp.estimate.useful.bytes COUNT : 0
rocksdb.read.amp.total.read.bytes COUNT : 0
rocksdb.number.rate_limiter.drains COUNT : 0
rocksdb.number.iter.skip COUNT : 0
rocksdb.blobdb.num.put COUNT : 0
rocksdb.blobdb.num.write COUNT : 0
rocksdb.blobdb.num.get COUNT : 0
rocksdb.blobdb.num.multiget COUNT : 0
rocksdb.blobdb.num.seek COUNT : 0
rocksdb.blobdb.num.next COUNT : 0
rocksdb.blobdb.num.prev COUNT : 0
rocksdb.blobdb.num.keys.written COUNT : 0
rocksdb.blobdb.num.keys.read COUNT : 0
rocksdb.blobdb.bytes.written COUNT : 0
rocksdb.blobdb.bytes.read COUNT : 0
rocksdb.blobdb.write.inlined COUNT : 0
rocksdb.blobdb.write.inlined.ttl COUNT : 0
rocksdb.blobdb.write.blob COUNT : 0
rocksdb.blobdb.write.blob.ttl COUNT : 0
rocksdb.blobdb.blob.file.bytes.written COUNT : 0
rocksdb.blobdb.blob.file.bytes.read COUNT : 0
rocksdb.blobdb.blob.file.synced COUNT : 0
rocksdb.blobdb.blob.index.expired.count COUNT : 0
rocksdb.blobdb.blob.index.expired.size COUNT : 0
rocksdb.blobdb.blob.index.evicted.count COUNT : 0
rocksdb.blobdb.blob.index.evicted.size COUNT : 0
rocksdb.blobdb.gc.num.files COUNT : 0
rocksdb.blobdb.gc.num.new.files COUNT : 0
rocksdb.blobdb.gc.failures COUNT : 0
rocksdb.blobdb.gc.num.keys.overwritten COUNT : 0
rocksdb.blobdb.gc.num.keys.expired COUNT : 0
rocksdb.blobdb.gc.num.keys.relocated COUNT : 0
rocksdb.blobdb.gc.bytes.overwritten COUNT : 0
rocksdb.blobdb.gc.bytes.expired COUNT : 0
rocksdb.blobdb.gc.bytes.relocated COUNT : 0
rocksdb.blobdb.fifo.num.files.evicted COUNT : 0
rocksdb.blobdb.fifo.num.keys.evicted COUNT : 0
rocksdb.blobdb.fifo.bytes.evicted COUNT : 0
rocksdb.txn.overhead.mutex.prepare COUNT : 0
rocksdb.txn.overhead.mutex.old.commit.map COUNT : 0
rocksdb.txn.overhead.duplicate.key COUNT : 0
rocksdb.txn.overhead.mutex.snapshot COUNT : 0
rocksdb.number.multiget.keys.found COUNT : 0
rocksdb.num.iterator.created COUNT : 0
rocksdb.num.iterator.deleted COUNT : 0
rocksdb.block.cache.compression.dict.miss COUNT : 0
rocksdb.block.cache.compression.dict.hit COUNT : 0
rocksdb.block.cache.compression.dict.add COUNT : 0
rocksdb.block.cache.compression.dict.bytes.insert COUNT : 0
rocksdb.block.cache.compression.dict.bytes.evict COUNT : 0
rocksdb.db.get.micros P50 : 43.923495 P95 : 76.625678 P99 : 104.617871 P100 : 8433.000000 COUNT : 40000000 SUM : 1823719245
rocksdb.db.write.micros P50 : 0.000000 P95 : 0.000000 P99 : 0.000000 P100 : 0.000000 COUNT : 0 SUM : 0
rocksdb.compaction.times.micros P50 : 0.000000 P95 : 0.000000 P99 : 0.000000 P100 : 0.000000 COUNT : 0 SUM : 0
rocksdb.compaction.times.cpu_micros P50 : 0.000000 P95 : 0.000000 P99 : 0.000000 P100 : 0.000000 COUNT : 0 SUM : 0
rocksdb.subcompaction.setup.times.micros P50 : 0.000000 P95 : 0.000000 P99 : 0.000000 P100 : 0.000000 COUNT : 0 SUM : 0
rocksdb.table.sync.micros P50 : 0.000000 P95 : 0.000000 P99 : 0.000000 P100 : 0.000000 COUNT : 0 SUM : 0
rocksdb.compaction.outfile.sync.micros P50 : 0.000000 P95 : 0.000000 P99 : 0.000000 P100 : 0.000000 COUNT : 0 SUM : 0
rocksdb.wal.file.sync.micros P50 : 0.000000 P95 : 0.000000 P99 : 0.000000 P100 : 0.000000 COUNT : 0 SUM : 0
rocksdb.manifest.file.sync.micros P50 : 471.000000 P95 : 471.000000 P99 : 471.000000 P100 : 471.000000 COUNT : 1 SUM : 471
rocksdb.table.open.io.micros P50 : 3941.946309 P95 : 6516.138614 P99 : 9837.666667 P100 : 10428.000000 COUNT : 317 SUM : 1291175
rocksdb.db.multiget.micros P50 : 0.000000 P95 : 0.000000 P99 : 0.000000 P100 : 0.000000 COUNT : 0 SUM : 0
rocksdb.read.block.compaction.micros P50 : 0.000000 P95 : 0.000000 P99 : 0.000000 P100 : 0.000000 COUNT : 0 SUM : 0
rocksdb.read.block.get.micros P50 : 36.785772 P95 : 73.374063 P99 : 98.605891 P100 : 7493.000000 COUNT : 40000634 SUM : 1576668023
rocksdb.write.raw.block.micros P50 : 0.000000 P95 : 0.000000 P99 : 0.000000 P100 : 0.000000 COUNT : 0 SUM : 0
rocksdb.l0.slowdown.count P50 : 0.000000 P95 : 0.000000 P99 : 0.000000 P100 : 0.000000 COUNT : 0 SUM : 0
rocksdb.memtable.compaction.count P50 : 0.000000 P95 : 0.000000 P99 : 0.000000 P100 : 0.000000 COUNT : 0 SUM : 0
rocksdb.num.files.stall.count P50 : 0.000000 P95 : 0.000000 P99 : 0.000000 P100 : 0.000000 COUNT : 0 SUM : 0
rocksdb.hard.rate.limit.delay.count P50 : 0.000000 P95 : 0.000000 P99 : 0.000000 P100 : 0.000000 COUNT : 0 SUM : 0
rocksdb.soft.rate.limit.delay.count P50 : 0.000000 P95 : 0.000000 P99 : 0.000000 P100 : 0.000000 COUNT : 0 SUM : 0
rocksdb.numfiles.in.singlecompaction P50 : 0.000000 P95 : 0.000000 P99 : 0.000000 P100 : 0.000000 COUNT : 0 SUM : 0
rocksdb.db.seek.micros P50 : 0.000000 P95 : 0.000000 P99 : 0.000000 P100 : 0.000000 COUNT : 0 SUM : 0
rocksdb.db.write.stall P50 : 0.000000 P95 : 0.000000 P99 : 0.000000 P100 : 0.000000 COUNT : 0 SUM : 0
rocksdb.sst.read.micros P50 : 3.135359 P95 : 5.337258 P99 : 17.371773 P100 : 2744.000000 COUNT : 36451542 SUM : 146020490
rocksdb.num.subcompactions.scheduled P50 : 0.000000 P95 : 0.000000 P99 : 0.000000 P100 : 0.000000 COUNT : 0 SUM : 0
rocksdb.bytes.per.read P50 : 256.000000 P95 : 256.000000 P99 : 256.000000 P100 : 256.000000 COUNT : 40000000 SUM : 10240000000
rocksdb.bytes.per.write P50 : 0.000000 P95 : 0.000000 P99 : 0.000000 P100 : 0.000000 COUNT : 0 SUM : 0
rocksdb.bytes.per.multiget P50 : 0.000000 P95 : 0.000000 P99 : 0.000000 P100 : 0.000000 COUNT : 0 SUM : 0
rocksdb.bytes.compressed P50 : 0.000000 P95 : 0.000000 P99 : 0.000000 P100 : 0.000000 COUNT : 0 SUM : 0
rocksdb.bytes.decompressed P50 : 0.000000 P95 : 0.000000 P99 : 0.000000 P100 : 0.000000 COUNT : 0 SUM : 0
rocksdb.compression.times.nanos P50 : 0.000000 P95 : 0.000000 P99 : 0.000000 P100 : 0.000000 COUNT : 0 SUM : 0
rocksdb.decompression.times.nanos P50 : 0.000000 P95 : 0.000000 P99 : 0.000000 P100 : 0.000000 COUNT : 0 SUM : 0
rocksdb.read.num.merge_operands P50 : 0.000000 P95 : 0.000000 P99 : 0.000000 P100 : 0.000000 COUNT : 0 SUM : 0
rocksdb.blobdb.key.size P50 : 0.000000 P95 : 0.000000 P99 : 0.000000 P100 : 0.000000 COUNT : 0 SUM : 0
rocksdb.blobdb.value.size P50 : 0.000000 P95 : 0.000000 P99 : 0.000000 P100 : 0.000000 COUNT : 0 SUM : 0
rocksdb.blobdb.write.micros P50 : 0.000000 P95 : 0.000000 P99 : 0.000000 P100 : 0.000000 COUNT : 0 SUM : 0
rocksdb.blobdb.get.micros P50 : 0.000000 P95 : 0.000000 P99 : 0.000000 P100 : 0.000000 COUNT : 0 SUM : 0
rocksdb.blobdb.multiget.micros P50 : 0.000000 P95 : 0.000000 P99 : 0.000000 P100 : 0.000000 COUNT : 0 SUM : 0
rocksdb.blobdb.seek.micros P50 : 0.000000 P95 : 0.000000 P99 : 0.000000 P100 : 0.000000 COUNT : 0 SUM : 0
rocksdb.blobdb.next.micros P50 : 0.000000 P95 : 0.000000 P99 : 0.000000 P100 : 0.000000 COUNT : 0 SUM : 0
rocksdb.blobdb.prev.micros P50 : 0.000000 P95 : 0.000000 P99 : 0.000000 P100 : 0.000000 COUNT : 0 SUM : 0
rocksdb.blobdb.blob.file.write.micros P50 : 0.000000 P95 : 0.000000 P99 : 0.000000 P100 : 0.000000 COUNT : 0 SUM : 0
rocksdb.blobdb.blob.file.read.micros P50 : 0.000000 P95 : 0.000000 P99 : 0.000000 P100 : 0.000000 COUNT : 0 SUM : 0
rocksdb.blobdb.blob.file.sync.micros P50 : 0.000000 P95 : 0.000000 P99 : 0.000000 P100 : 0.000000 COUNT : 0 SUM : 0
rocksdb.blobdb.gc.micros P50 : 0.000000 P95 : 0.000000 P99 : 0.000000 P100 : 0.000000 COUNT : 0 SUM : 0
rocksdb.blobdb.compression.micros P50 : 0.000000 P95 : 0.000000 P99 : 0.000000 P100 : 0.000000 COUNT : 0 SUM : 0
rocksdb.blobdb.decompression.micros P50 : 0.000000 P95 : 0.000000 P99 : 0.000000 P100 : 0.000000 COUNT : 0 SUM : 0
rocksdb.db.flush.micros P50 : 0.000000 P95 : 0.000000 P99 : 0.000000 P100 : 0.000000 COUNT : 0 SUM : 0
rocksdb.sst.batch.size P50 : 0.000000 P95 : 0.000000 P99 : 0.000000 P100 : 0.000000 COUNT : 0 SUM : 0

