Initializing RocksDB Options from the specified file
Initializing RocksDB Options from command-line flags
paht=/home/zyh/480G/wp/pcache/pcache_file
too large size=848282
too large size=848455
too large size=1231434
too large size=848983
too large size=1231690
too large size=1232458
Keys:       16 bytes each
Values:     256 bytes each (128 bytes after compression)
Entries:    2000000
Prefix:    0 bytes
Keys per prefix:    0
RawSize:    518.8 MB (estimated)
FileSize:   274.7 MB (estimated)
Write rate: 0 bytes/second
Read rate: 0 ops/second
Compression: NoCompression
Compression sampling rate: 0
Memtablerep: skip_list
Perf Level: 5
WARNING: Assertions are enabled; benchmarks unnecessarily slow
------------------------------------------------
DB path: [/home/zyh/480G/wp]
readrandom   :      46.543 micros/op 85880 ops/sec;   19.3 MB/s (1729579 of 2000000 found)
 PERF_CONTEXT:
user_key_comparison_count = 51773654, block_cache_hit_count = 0, block_read_count = 1556753, block_read_byte = 6068167274, block_read_time = 6736017549, block_cache_index_hit_count = 0, index_block_read_count = 0, block_cache_filter_hit_count = 0, filter_block_read_count = 0, compression_dict_block_read_count = 0, block_checksum_time = 579695322, block_decompress_time = 171473304, get_read_bytes = 442772224, multiget_read_bytes = 0, iter_read_bytes = 0, internal_key_skipped_count = 0, internal_delete_skipped_count = 0, internal_recent_skipped_count = 0, internal_merge_count = 0, write_wal_time = 0, get_snapshot_time = 999245724, get_from_memtable_time = 0, get_from_memtable_count = 0, get_post_process_time = 443834881, get_from_output_files_time = 87003482435, seek_on_memtable_time = 0, seek_on_memtable_count = 0, next_on_memtable_count = 0, prev_on_memtable_count = 0, seek_child_seek_time = 0, seek_child_seek_count = 0, seek_min_heap_time = 0, seek_internal_seek_time = 0, find_next_user_entry_time = 0, write_pre_and_post_process_time = 0, write_memtable_time = 0, write_thread_wait_nanos = 0, write_scheduling_flushes_compactions_time = 0, db_mutex_lock_nanos = 165243, db_condition_wait_nanos = 0, merge_operator_time_nanos = 0, write_delay_time = 0, read_index_block_nanos = 0, read_filter_block_nanos = 0, new_table_block_iter_nanos = 77713803806, new_table_iterator_nanos = 0, block_seek_nanos = 2557058766, find_table_nanos = 0, bloom_memtable_hit_count = 0, bloom_memtable_miss_count = 0, bloom_sst_hit_count = 1733835, bloom_sst_miss_count = 1647690, key_lock_wait_time = 0, key_lock_wait_count = 0, env_new_sequential_file_nanos = 0, env_new_random_access_file_nanos = 0, env_new_writable_file_nanos = 0, env_reuse_writable_file_nanos = 0, env_new_random_rw_file_nanos = 0, env_new_directory_nanos = 0, env_file_exists_nanos = 0, env_get_children_nanos = 0, env_get_children_file_attributes_nanos = 0, env_delete_file_nanos = 0, env_create_dir_nanos = 0, env_create_dir_if_missing_nanos = 0, env_delete_dir_nanos = 0, env_get_file_size_nanos = 0, env_get_file_modification_time_nanos = 0, env_rename_file_nanos = 0, env_link_file_nanos = 0, env_lock_file_nanos = 0, env_unlock_file_nanos = 0, env_new_logger_nanos = 0, get_cpu_nanos = 55803807673, iter_next_cpu_nanos = 0, iter_prev_cpu_nanos = 0, iter_seek_cpu_nanos = 0, bloom_filter_useful = 566909@level0, 811042@level5, 269739@level6, 0@level7, bloom_filter_full_positive = 42537@level0, 731196@level5, 960102@level6, 0@level7, bloom_filter_full_true_positive = 41118@level0, 729031@level5, 959430@level6, 0@level7, block_cache_hit_count = 0@level0, 0@level5, 0@level6, 0@level7, block_cache_miss_count = 0@level0, 0@level5, 0@level6, 0@level7, 
Microseconds per read:
Count: 8000000 Average: 46.5428  StdDev: 27.06
Min: 2  Median: 47.2054  Max: 6511
Percentiles: P50: 47.21 P75: 64.79 P99: 108.94 P99.9: 166.03 P99.99: 477.69
------------------------------------------------------
(       1,       2 ]      492   0.006%   0.006% 
(       2,       3 ]    63616   0.795%   0.801% 
(       3,       4 ]   431047   5.388%   6.189% #
(       4,       6 ]   449662   5.621%  11.810% #
(       6,      10 ]   114107   1.426%  13.237% 
(      10,      15 ]    56398   0.705%  13.942% 
(      15,      22 ]   344192   4.302%  18.244% #
(      22,      34 ]   875019  10.938%  29.182% ##
(      34,      51 ]  2144048  26.801%  55.982% #####
(      51,      76 ]  2758635  34.483%  90.465% #######
(      76,     110 ]   704674   8.808%  99.274% ##
(     110,     170 ]    53657   0.671%  99.944% 
(     170,     250 ]     2599   0.032%  99.977% 
(     250,     380 ]      800   0.010%  99.987% 
(     380,     580 ]      520   0.007%  99.993% 
(     580,     870 ]      268   0.003%  99.997% 
(     870,    1300 ]      198   0.002%  99.999% 
(    1300,    1900 ]       23   0.000%  99.999% 
(    1900,    2900 ]       33   0.000% 100.000% 
(    2900,    4400 ]        6   0.000% 100.000% 
(    4400,    6600 ]        6   0.000% 100.000% 



** Compaction Stats [default] **
Level    Files   Size     Score Read(GB)  Rn(GB) Rnp1(GB) Write(GB) Wnew(GB) Moved(GB) W-Amp Rd(MB/s) Wr(MB/s) Comp(sec) CompMergeCPU(sec) Comp(cnt) Avg(sec) KeyIn KeyDrop
----------------------------------------------------------------------------------------------------------------------------------------------------------------------------
  L5     64/0   505.78 MB   1.0      0.9     0.4      0.5       0.7      0.2       0.0   1.9    104.6     85.4      8.41              5.09         1    8.406   3250K   597K
  L6    149/0   981.41 MB   0.0      0.5     0.2      0.3       0.4      0.1       0.0   1.8    111.1     86.5      4.36              2.59        26    0.168   1793K   397K
 Sum    213/0    1.45 GB   0.0      1.3     0.6      0.8       1.1      0.3       0.0 1148297788.0    106.8     85.8     12.77              7.68        27    0.473   5044K   994K
 Int      0/0    0.00 KB   0.0      1.3     0.6      0.8       1.1      0.3       0.0 1148297788.0    106.8     85.8     12.77              7.68        27    0.473   5044K   994K

** Compaction Stats [default] **
Priority    Files   Size     Score Read(GB)  Rn(GB) Rnp1(GB) Write(GB) Wnew(GB) Moved(GB) W-Amp Rd(MB/s) Wr(MB/s) Comp(sec) CompMergeCPU(sec) Comp(cnt) Avg(sec) KeyIn KeyDrop
-------------------------------------------------------------------------------------------------------------------------------------------------------------------------------
 Low      0/0    0.00 KB   0.0      1.3     0.6      0.8       1.1      0.3       0.0   0.0    106.8     85.8     12.77              7.68        27    0.473   5044K   994K
Uptime(secs): 93.3 total, 93.2 interval
Flush(GB): cumulative 0.000, interval 0.000
AddFile(GB): cumulative 0.000, interval 0.000
AddFile(Total Files): cumulative 0, interval 0
AddFile(L0 Files): cumulative 0, interval 0
AddFile(Keys): cumulative 0, interval 0
Cumulative compaction: 1.07 GB write, 11.73 MB/s write, 1.33 GB read, 14.62 MB/s read, 12.8 seconds
Interval compaction: 1.07 GB write, 11.75 MB/s write, 1.33 GB read, 14.64 MB/s read, 12.8 seconds
Stalls(count): 0 level0_slowdown, 0 level0_slowdown_with_compaction, 0 level0_numfiles, 0 level0_numfiles_with_compaction, 0 stop for pending_compaction_bytes, 0 slowdown for pending_compaction_bytes, 0 memtable_compaction, 0 memtable_slowdown, interval 0 total count

** File Read Latency Histogram By Level [default] **
** Level 0 read latency histogram (micros):
Count: 264681 Average: 3.4174  StdDev: 6.39
Min: 1  Median: 3.0326  Max: 1591
Percentiles: P50: 3.03 P75: 3.68 P99: 8.64 P99.9: 13.44 P99.99: 14.54
------------------------------------------------------
[       0,       1 ]    14750   5.573%   5.573% #
(       1,       2 ]    67822  25.624%  31.197% #####
(       2,       3 ]    46462  17.554%  48.751% ####
(       3,       4 ]   101493  38.345%  87.096% ########
(       4,       6 ]    28321  10.700%  97.796% ##
(       6,      10 ]     4819   1.821%  99.617% 
(      10,      15 ]     1088   0.411% 100.028% 
(      15,      22 ]      136   0.051% 100.079% 
(      22,      34 ]       10   0.004% 100.083% 
(      34,      51 ]        5   0.002% 100.085% 
(      51,      76 ]        2   0.001% 100.086% 
(      76,     110 ]        1   0.000% 100.086% 
(     250,     380 ]        1   0.000% 100.087% 
(     580,     870 ]        2   0.001% 100.087% 
(     870,    1300 ]        4   0.002% 100.089% 
(    1300,    1900 ]        2   0.001% 100.090% 

** Level 5 read latency histogram (micros):
Count: 2825325 Average: 3.8267  StdDev: 2.50
Min: 0  Median: 3.2433  Max: 939
Percentiles: P50: 3.24 P75: 3.75 P99: 9.49 P99.9: 14.54 P99.99: 16.74
------------------------------------------------------
[       0,       1 ]    57155   2.023%   2.023% 
(       1,       2 ]   112521   3.983%   6.006% #
(       2,       3 ]   906464  32.084%  38.089% ######
(       3,       4 ]  1382906  48.947%  87.036% ##########
(       4,       6 ]   295684  10.465%  97.501% ##
(       6,      10 ]    48488   1.716%  99.218% 
(      10,      15 ]    21258   0.752%  99.970% 
(      15,      22 ]     2284   0.081% 100.051% 
(      22,      34 ]      224   0.008% 100.059% 
(      34,      51 ]      178   0.006% 100.065% 
(      51,      76 ]      202   0.007% 100.072% 
(      76,     110 ]       90   0.003% 100.075% 
(     110,     170 ]       28   0.001% 100.076% 
(     170,     250 ]        6   0.000% 100.077% 
(     250,     380 ]        1   0.000% 100.077% 
(     580,     870 ]        3   0.000% 100.077% 
(     870,    1300 ]        9   0.000% 100.077% 

** Level 6 read latency histogram (micros):
Count: 3477382 Average: 3.9835  StdDev: 2.45
Min: 0  Median: 3.3468  Max: 937
Percentiles: P50: 3.35 P75: 3.82 P99: 9.69 P99.9: 14.69 P99.99: 18.02
------------------------------------------------------
[       0,       1 ]    25124   0.722%   0.722% 
(       1,       2 ]    39623   1.139%   1.862% 
(       2,       3 ]  1032270  29.685%  31.547% ######
(       3,       4 ]  1850202  53.207%  84.754% ###########
(       4,       6 ]   433118  12.455%  97.209% ##
(       6,      10 ]    67499   1.941%  99.150% 
(      10,      15 ]    27780   0.799%  99.949% 
(      15,      22 ]     3288   0.095% 100.044% 
(      22,      34 ]      276   0.008% 100.052% 
(      34,      51 ]      170   0.005% 100.057% 
(      51,      76 ]      222   0.006% 100.063% 
(      76,     110 ]      159   0.005% 100.068% 
(     110,     170 ]       37   0.001% 100.069% 
(     170,     250 ]        3   0.000% 100.069% 
(     380,     580 ]        1   0.000% 100.069% 
(     580,     870 ]        2   0.000% 100.069% 
(     870,    1300 ]       12   0.000% 100.069% 


** DB Stats **
Uptime(secs): 93.3 total, 93.2 interval
Cumulative writes: 0 writes, 0 keys, 0 commit groups, 0.0 writes per commit group, ingest: 0.00 GB, 0.00 MB/s
Cumulative WAL: 0 writes, 0 syncs, 0.00 writes per sync, written: 0.00 GB, 0.00 MB/s
Cumulative stall: 00:00:0.000 H:M:S, 0.0 percent
Interval writes: 0 writes, 0 keys, 0 commit groups, 0.0 writes per commit group, ingest: 0.00 MB, 0.00 MB/s
Interval WAL: 0 writes, 0 syncs, 0.00 writes per sync, written: 0.00 MB, 0.00 MB/s
Interval stall: 00:00:0.000 H:M:S, 0.0 percent


Level Files Size(MB)
--------------------
  0        0        0
  1        0        0
  2        0        0
  3        0        0
  4        0        0
  5       64      506
  6      149      981


--- level 0 --- version# 29 ---
--- level 1 --- version# 29 ---
--- level 2 --- version# 29 ---
--- level 3 --- version# 29 ---
--- level 4 --- version# 29 ---
--- level 5 --- version# 29 ---
 542:8542205[6855927 .. 9999840]['00000000000000003030303030303030' seq:7207498, type:1 .. '000000000000FD353030303030303030' seq:9782511, type:1](231424)
 543:8542229[6855910 .. 9999812]['000000000000FD383030303030303030' seq:8628076, type:1 .. '000000000001F9F03030303030303030' seq:9663504, type:1](241664)
 544:8542214[6856089 .. 9999875]['000000000001F9F13030303030303030' seq:7994910, type:1 .. '000000000002F4A43030303030303030' seq:8023269, type:1](239616)
 545:8542210[6855919 .. 9999962]['000000000002F4A53030303030303030' seq:8600819, type:1 .. '000000000003F1E73030303030303030' seq:8955561, type:1](203776)
 546:8542244[3428689 .. 9999992]['000000000003F1E93030303030303030' seq:9799390, type:1 .. '00000000000513223030303030303030' seq:8886327, type:1](299008)
 547:8542234[3432689 .. 9999985]['00000000000513263030303030303030' seq:8982340, type:1 .. '00000000000620273030303030303030' seq:7743649, type:1](239616)
 548:8542276[3431018 .. 9999733]['00000000000620283030303030303030' seq:9991999, type:1 .. '0000000000075B4C3030303030303030' seq:8488435, type:1](317440)
 549:8542209[3429236 .. 9999973]['0000000000075B4D3030303030303030' seq:5335549, type:1 .. '000000000008511F3030303030303030' seq:7784386, type:1](221184)
 551:8542180[3427022 .. 9999857]['000000000008F36F3030303030303030' seq:8430045, type:1 .. '000000000009C09C3030303030303030' seq:9407360, type:1](186368)
 552:8542185[3427541 .. 9999971]['000000000009C09D3030303030303030' seq:9501724, type:1 .. '00000000000A8A8A3030303030303030' seq:8360777, type:1](207872)
 553:8542142[3427048 .. 9999999]['00000000000A8A8B3030303030303030' seq:9069223, type:1 .. '00000000000B2BB53030303030303030' seq:9296156, type:1](138240)
 554:8542355[3428356 .. 9999916]['00000000000B2BB63030303030303030' seq:8652111, type:1 .. '00000000000CBDAD3030303030303030' seq:8992643, type:1](369664)
 556:8542137[3427178 .. 9999994]['00000000000D5EF73030303030303030' seq:9827989, type:1 .. '00000000000E00A13030303030303030' seq:8475970, type:1](160768)
 557:8542346[3427248 .. 9999980]['00000000000E00A43030303030303030' seq:9024891, type:1 .. '00000000000F934F3030303030303030' seq:7317731, type:1](373760)
 558:4414339[3427685 .. 9999848]['00000000000F93503030303030303030' seq:9295750, type:1 .. '00000000000FE5DC3030303030303030' seq:6331354, type:1](76800)
 561:8542184[3430032 .. 9999931]['000000000011287E3030303030303030' seq:4295136, type:1 .. '00000000001201033030303030303030' seq:8693122, type:1](189440)
 562:8542202[3427749 .. 9999915]['00000000001201043030303030303030' seq:9862381, type:1 .. '000000000012E3053030303030303030' seq:5642593, type:1](190464)
 563:8542147[3427468 .. 9999861]['000000000012E3083030303030303030' seq:8919806, type:1 .. '00000000001393253030303030303030' seq:9900235, type:1](182272)
 564:8542226[3427244 .. 9999892]['000000000013932B3030303030303030' seq:9625886, type:1 .. '0000000000149E453030303030303030' seq:5858458, type:1](271360)
 567:8542226[6856000 .. 9999965]['00000000001631423030303030303030' seq:7810518, type:1 .. '0000000000172E923030303030303030' seq:9654830, type:1](239616)
 568:8542198[3435982 .. 9999991]['0000000000172E943030303030303030' seq:8683122, type:1 .. '00000000001821963030303030303030' seq:6789906, type:1](222208)
 571:8542139[3427137 .. 9999957]['00000000001962FE3030303030303030' seq:3744558, type:1 .. '00000000001A08BB3030303030303030' seq:9252839, type:1](191488)
 572:8542243[3428517 .. 9999984]['00000000001A08BE3030303030303030' seq:9916950, type:1 .. '00000000001B1CDF3030303030303030' seq:9294631, type:1](284672)
 575:8542201[3427169 .. 9999939]['00000000001C5D403030303030303030' seq:7306402, type:1 .. '00000000001D3F323030303030303030' seq:9075725, type:1](212992)
 576:8542267[3427885 .. 9999981]['00000000001D3F353030303030303030' seq:9143726, type:1 .. '00000000001E8FCF3030303030303030' seq:5564080, type:1](294912)
 579:8542141[3427039 .. 9999867]['00000000001FD19C3030303030303030' seq:8213893, type:1 .. '00000000002077F53030303030303030' seq:8761013, type:1](0)
 580:4940866[8567780 .. 9999932]['00000000002077F63030303030303030' seq:9186459, type:1 .. '0000000000218B1E3030303030303030' seq:8878023, type:1](0)
 581:8542174[3427220 .. 9999826]['0000000000218B2B3030303030303030' seq:8879974, type:1 .. '00000000002260C43030303030303030' seq:8177052, type:1](0)
 583:8542290[3427592 .. 9999995]['000000000023026B3030303030303030' seq:8237723, type:1 .. '0000000000244F983030303030303030' seq:9095997, type:1](0)
 584:8542216[3427191 .. 9999935]['0000000000244F9A3030303030303030' seq:9388622, type:1 .. '00000000002552DC3030303030303030' seq:8658204, type:1](0)
 585:8542214[6855967 .. 9999877]['00000000002552DD3030303030303030' seq:8550671, type:1 .. '0000000000264F7B3030303030303030' seq:8982083, type:1](0)
 586:8542279[3439879 .. 9999996]['0000000000264F7E3030303030303030' seq:7424937, type:1 .. '0000000000279DB63030303030303030' seq:8653569, type:1](0)
 587:8542198[3427148 .. 9999943]['0000000000279DB73030303030303030' seq:9653443, type:1 .. '0000000000287E043030303030303030' seq:7882417, type:1](0)
 588:8542221[6855947 .. 9999959]['0000000000287E063030303030303030' seq:7003495, type:1 .. '0000000000297A023030303030303030' seq:9875644, type:1](0)
 589:8542157[3427105 .. 9999617]['0000000000297A033030303030303030' seq:8474285, type:1 .. '00000000002A2CD13030303030303030' seq:8380596, type:1](0)
 590:8542139[3427090 .. 9999804]['00000000002A2CD33030303030303030' seq:4674391, type:1 .. '00000000002AD7623030303030303030' seq:9720466, type:1](0)
 591:8542224[3427501 .. 9999988]['00000000002AD7663030303030303030' seq:9627935, type:1 .. '00000000002BE66A3030303030303030' seq:9840972, type:1](0)
 592:8542123[3427079 .. 9999938]['00000000002BE66B3030303030303030' seq:9154046, type:1 .. '00000000002C88093030303030303030' seq:5796412, type:1](0)
 595:8542161[3428133 .. 9999968]['00000000002DCA963030303030303030' seq:6764366, type:1 .. '00000000002E86773030303030303030' seq:9475309, type:1](0)
 596:8542323[3432788 .. 9999941]['00000000002E86793030303030303030' seq:8963913, type:1 .. '00000000002FFE973030303030303030' seq:9224090, type:1](0)
 597:8542139[3427791 .. 9999964]['00000000002FFE9C3030303030303030' seq:9335979, type:1 .. '0000000000309EBE3030303030303030' seq:9707723, type:1](0)
 598:8542142[3427259 .. 9999893]['0000000000309EBF3030303030303030' seq:8354382, type:1 .. '00000000003149D93030303030303030' seq:9585803, type:1](0)
 599:8542232[3427838 .. 9999951]['00000000003149DE3030303030303030' seq:9416294, type:1 .. '00000000003258D73030303030303030' seq:7016941, type:1](0)
 603:8542172[3426999 .. 9999978]['0000000000347FE63030303030303030' seq:9122635, type:1 .. '00000000003554BB3030303030303030' seq:9444348, type:1](0)
 604:8542147[3427009 .. 10000000]['00000000003554BC3030303030303030' seq:6267394, type:1 .. '000000000035F5703030303030303030' seq:6439543, type:1](0)
 605:8542185[3428092 .. 9999905]['000000000035F5713030303030303030' seq:4698385, type:1 .. '000000000036C7D43030303030303030' seq:7028356, type:1](0)
 606:8542215[6855965 .. 9999925]['000000000036C7DE3030303030303030' seq:9093114, type:1 .. '000000000037C3E33030303030303030' seq:8882113, type:1](0)
 607:8542218[6855996 .. 9999923]['000000000037C3E73030303030303030' seq:8791901, type:1 .. '000000000038C03A3030303030303030' seq:7461372, type:1](0)
 608:8542211[6855921 .. 9999997]['000000000038C03D3030303030303030' seq:7896879, type:1 .. '000000000039BA513030303030303030' seq:9767340, type:1](0)
 609:8542179[3427015 .. 9999926]['000000000039BA523030303030303030' seq:8081222, type:1 .. '00000000003A8C383030303030303030' seq:9830543, type:1](0)
 610:8542219[3427397 .. 9999972]['00000000003A8C3A3030303030303030' seq:8999558, type:1 .. '00000000003B88003030303030303030' seq:6309365, type:1](0)
 613:8542219[3427277 .. 9999891]['00000000003CC7E23030303030303030' seq:5537880, type:1 .. '00000000003DC55C3030303030303030' seq:9558016, type:1](0)
 614:8542268[3428224 .. 9999948]['00000000003DC55E3030303030303030' seq:8891222, type:1 .. '00000000003EFC7A3030303030303030' seq:8255002, type:1](0)
 615:8542138[3427072 .. 9999896]['00000000003EFC7B3030303030303030' seq:9232165, type:1 .. '00000000003F9D643030303030303030' seq:9721928, type:1](0)
 616:8542181[3427413 .. 9999955]['00000000003F9D653030303030303030' seq:8823212, type:1 .. '0000000000408BB03030303030303030' seq:9216771, type:1](0)
 617:8542269[3427996 .. 9999989]['0000000000408BB43030303030303030' seq:9581939, type:1 .. '000000000041D1823030303030303030' seq:4600900, type:1](0)
 620:8542142[3427120 .. 9999563]['00000000004313AC3030303030303030' seq:7363333, type:1 .. '000000000043C3073030303030303030' seq:9000545, type:1](0)
 621:4438259[3431256 .. 9999966]['000000000043C30E3030303030303030' seq:8708521, type:1 .. '00000000004480813030303030303030' seq:7611585, type:1](0)
 623:8542132[3428656 .. 9999929]['00000000004521C13030303030303030' seq:8552067, type:1 .. '000000000045C3053030303030303030' seq:9950060, type:1](0)
 625:8542233[3427561 .. 9999927]['00000000004663CB3030303030303030' seq:7206638, type:1 .. '0000000000477D453030303030303030' seq:6952175, type:1](0)
 628:8542151[3427386 .. 9999880]['000000000048BF193030303030303030' seq:5385114, type:1 .. '0000000000495F203030303030303030' seq:4285720, type:1](0)
 629:8542344[3430110 .. 9999990]['0000000000495F213030303030303030' seq:8011720, type:1 .. '00000000004AF0573030303030303030' seq:8715943, type:1](0)
 630:8542188[3427058 .. 9999993]['00000000004AF0593030303030303030' seq:3492782, type:1 .. '00000000004BD3F13030303030303030' seq:7508821, type:1](0)
 631:4022894[6855946 .. 9999954]['00000000004BD3F33030303030303030' seq:7027260, type:1 .. '00000000004C4B3E3030303030303030' seq:7525372, type:1](0)
--- level 6 --- version# 29 ---
 307:8542139[0 .. 0]['00000000000000003030303030303030' seq:0, type:1 .. '0000000000009D533030303030303030' seq:0, type:1](93184)
 325:8542135[0 .. 0]['0000000000009D543030303030303030' seq:0, type:1 .. '0000000000013B713030303030303030' seq:0, type:1](93184)
 326:8542136[0 .. 0]['0000000000013B723030303030303030' seq:0, type:1 .. '000000000001D9A83030303030303030' seq:0, type:1](77824)
 328:8542141[0 .. 0]['000000000001D9A93030303030303030' seq:0, type:1 .. '00000000000277493030303030303030' seq:0, type:1](79872)
 330:8542141[0 .. 0]['000000000002774A3030303030303030' seq:0, type:1 .. '00000000000315AD3030303030303030' seq:0, type:1](95232)
 331:8542135[0 .. 0]['00000000000315B03030303030303030' seq:0, type:1 .. '000000000003B2F93030303030303030' seq:0, type:1](77824)
 333:8542129[0 .. 0]['000000000003B2FB3030303030303030' seq:0, type:1 .. '00000000000450583030303030303030' seq:0, type:1](77824)
 334:4442357[0 .. 0]['000000000004505A3030303030303030' seq:0, type:1 .. '000000000004A26A3030303030303030' seq:0, type:1](55296)
 489:8542123[0 .. 0]['000000000004A26B3030303030303030' seq:0, type:1 .. '00000000000538663030303030303030' seq:0, type:1](91136)
 490:4275640[0 .. 0]['00000000000538673030303030303030' seq:0, type:1 .. '0000000000058F9B3030303030303030' seq:0, type:1](49152)
 311:8542137[0 .. 0]['0000000000058F9E3030303030303030' seq:0, type:1 .. '0000000000062DAF3030303030303030' seq:0, type:1](89088)
 312:4308817[0 .. 0]['0000000000062DB13030303030303030' seq:0, type:1 .. '0000000000067E163030303030303030' seq:0, type:1](50176)
 491:8542126[0 .. 0]['0000000000067E173030303030303030' seq:0, type:1 .. '0000000000071B3E3030303030303030' seq:0, type:1](93184)
 492:4269164[0 .. 0]['0000000000071B3F3030303030303030' seq:0, type:1 .. '00000000000769A13030303030303030' seq:0, type:1](69632)
 313:8542146[0 .. 0]['00000000000769A43030303030303030' seq:0, type:1 .. '00000000000808443030303030303030' seq:0, type:1](92160)
 663:8542127[0 .. 0]['00000000000808453030303030303030' seq:0, type:1 .. '00000000000899F63030303030303030' seq:0, type:1](103424)
 664:8541541[0 .. 0]['00000000000899F73030303030303030' seq:0, type:1 .. '00000000000944C43030303030303030' seq:0, type:1](98304)
 309:8542135[0 .. 0]['00000000000944C73030303030303030' seq:0, type:1 .. '000000000009E1D53030303030303030' seq:0, type:1](78848)
 310:4347916[0 .. 0]['000000000009E1D63030303030303030' seq:0, type:1 .. '00000000000A32423030303030303030' seq:0, type:1](49152)
 83:8542189[0 .. 0]['00000000000A32433030303030303030' seq:0, type:1 .. '00000000000B1E3E3030303030303030' seq:0, type:1](61440)
 461:8542134[0 .. 0]['00000000000B1E423030303030303030' seq:0, type:1 .. '00000000000BB8E03030303030303030' seq:0, type:1](111616)
 503:8542125[0 .. 0]['00000000000BB8E13030303030303030' seq:0, type:1 .. '00000000000C48393030303030303030' seq:0, type:1](113664)
 692:8542118[0 .. 0]['00000000000C483A3030303030303030' seq:0, type:1 .. '00000000000CDE213030303030303030' seq:0, type:1](90112)
 693:8542134[0 .. 0]['00000000000CDE233030303030303030' seq:0, type:1 .. '00000000000D6BC93030303030303030' seq:0, type:1](111616)
 694:4286701[0 .. 0]['00000000000D6BCA3030303030303030' seq:0, type:1 .. '00000000000DE27C3030303030303030' seq:0, type:1](30720)
 497:8542139[0 .. 0]['00000000000DE27F3030303030303030' seq:0, type:1 .. '00000000000E88233030303030303030' seq:0, type:1](75776)
 505:8542126[0 .. 0]['00000000000E88243030303030303030' seq:0, type:1 .. '00000000000F17D13030303030303030' seq:0, type:1](120832)
 506:8542141[0 .. 0]['00000000000F17D23030303030303030' seq:0, type:1 .. '00000000000FBC833030303030303030' seq:0, type:1](96256)
 509:67206[0 .. 0]['00000000000FBC843030303030303030' seq:0, type:1 .. '00000000000FBE4D3030303030303030' seq:0, type:1](0)
 650:8542148[0 .. 0]['00000000000FBE4E3030303030303030' seq:0, type:1 .. '00000000001057A93030303030303030' seq:0, type:1](108544)
 680:8542123[0 .. 0]['00000000001057AA3030303030303030' seq:0, type:1 .. '000000000010E0303030303030303030' seq:0, type:1](131072)
 681:8542152[0 .. 0]['000000000010E0313030303030303030' seq:0, type:1 .. '00000000001197673030303030303030' seq:0, type:1](94208)
 682:91977[0 .. 0]['00000000001197693030303030303030' seq:0, type:1 .. '00000000001199DD3030303030303030' seq:0, type:1](0)
 479:8542128[0 .. 0]['00000000001199E03030303030303030' seq:0, type:1 .. '00000000001230B93030303030303030' seq:0, type:1](90112)
 480:4292718[0 .. 0]['00000000001230BA3030303030303030' seq:0, type:1 .. '00000000001285E33030303030303030' seq:0, type:1](41984)
 92:8542208[0 .. 0]['00000000001285E43030303030303030' seq:0, type:1 .. '00000000001372CF3030303030303030' seq:0, type:1](53248)
 477:8542137[0 .. 0]['00000000001372D03030303030303030' seq:0, type:1 .. '00000000001406043030303030303030' seq:0, type:1](94208)
 478:4330992[0 .. 0]['00000000001406063030303030303030' seq:0, type:1 .. '00000000001460203030303030303030' seq:0, type:1](61440)
 632:8542123[0 .. 0]['00000000001460233030303030303030' seq:0, type:1 .. '00000000001502AE3030303030303030' seq:0, type:1](117760)
 689:8542112[0 .. 0]['00000000001502AF3030303030303030' seq:0, type:1 .. '0000000000158AD63030303030303030' seq:0, type:1](118784)
 690:8542117[0 .. 0]['0000000000158AD73030303030303030' seq:0, type:1 .. '00000000001612A33030303030303030' seq:0, type:1](125952)
 691:2424601[0 .. 0]['00000000001612A43030303030303030' seq:0, type:1 .. '0000000000163AC73030303030303030' seq:0, type:1](25600)
 315:8542135[0 .. 0]['0000000000163AC83030303030303030' seq:0, type:1 .. '000000000016D7183030303030303030' seq:0, type:1](76800)
 322:8542134[0 .. 0]['000000000016D7193030303030303030' seq:0, type:1 .. '000000000017746D3030303030303030' seq:0, type:1](77824)
 323:8542131[0 .. 0]['000000000017746E3030303030303030' seq:0, type:1 .. '000000000018122D3030303030303030' seq:0, type:1](83968)
 324:87367[0 .. 0]['000000000018122F3030303030303030' seq:0, type:1 .. '00000000001814AD3030303030303030' seq:0, type:1](2048)
 638:8542122[0 .. 0]['00000000001814AE3030303030303030' seq:0, type:1 .. '000000000018A2003030303030303030' seq:0, type:1](112640)
 674:8542118[0 .. 0]['000000000018A2013030303030303030' seq:0, type:1 .. '00000000001929E03030303030303030' seq:0, type:1](112640)
 675:8542166[0 .. 0]['00000000001929E13030303030303030' seq:0, type:1 .. '000000000019EB2B3030303030303030' seq:0, type:1](91136)
 676:91572[0 .. 0]['000000000019EB2D3030303030303030' seq:0, type:1 .. '000000000019EDAE3030303030303030' seq:0, type:1](1024)
 485:8542136[0 .. 0]['000000000019EDAF3030303030303030' seq:0, type:1 .. '00000000001A84D33030303030303030' seq:0, type:1](119808)
 486:4347925[0 .. 0]['00000000001A84D43030303030303030' seq:0, type:1 .. '00000000001ADB7E3030303030303030' seq:0, type:1](47104)
 640:8542145[0 .. 0]['00000000001ADB7F3030303030303030' seq:0, type:1 .. '00000000001B7F503030303030303030' seq:0, type:1](117760)
 686:8542117[0 .. 0]['00000000001B7F513030303030303030' seq:0, type:1 .. '00000000001C07893030303030303030' seq:0, type:1](134144)
 687:8542141[0 .. 0]['00000000001C078A3030303030303030' seq:0, type:1 .. '00000000001CB4013030303030303030' seq:0, type:1](97280)
 688:91977[0 .. 0]['00000000001CB4023030303030303030' seq:0, type:1 .. '00000000001CB66F3030303030303030' seq:0, type:1](0)
 469:8542123[0 .. 0]['00000000001CB6713030303030303030' seq:0, type:1 .. '00000000001D54AB3030303030303030' seq:0, type:1](100352)
 519:8542129[0 .. 0]['00000000001D54AC3030303030303030' seq:0, type:1 .. '00000000001DE3FD3030303030303030' seq:0, type:1](101376)
 520:8542143[0 .. 0]['00000000001DE3FF3030303030303030' seq:0, type:1 .. '00000000001E8F433030303030303030' seq:0, type:1](76800)
 654:8542115[0 .. 0]['00000000001E8F443030303030303030' seq:0, type:1 .. '00000000001F17AA3030303030303030' seq:0, type:1](0)
 683:8542132[0 .. 0]['00000000001F17AB3030303030303030' seq:0, type:1 .. '00000000001F9F8B3030303030303030' seq:0, type:1](0)
 684:8542179[0 .. 0]['00000000001F9F8C3030303030303030' seq:0, type:1 .. '00000000002069103030303030303030' seq:0, type:1](0)
 685:115106[0 .. 0]['00000000002069143030303030303030' seq:0, type:1 .. '0000000000206C313030303030303030' seq:0, type:1](0)
 493:8542125[0 .. 0]['0000000000206C323030303030303030' seq:0, type:1 .. '000000000020FBA73030303030303030' seq:0, type:1](0)
 516:8542133[0 .. 0]['000000000020FBA83030303030303030' seq:0, type:1 .. '0000000000218B213030303030303030' seq:0, type:1](0)
 517:8542151[0 .. 0]['0000000000218B223030303030303030' seq:0, type:1 .. '000000000022435D3030303030303030' seq:0, type:1](0)
 518:90464[0 .. 0]['000000000022435E3030303030303030' seq:0, type:1 .. '00000000002245E73030303030303030' seq:0, type:1](0)
 646:8542124[0 .. 0]['00000000002245E83030303030303030' seq:0, type:1 .. '000000000022D9753030303030303030' seq:0, type:1](0)
 647:4319637[0 .. 0]['000000000022D9763030303030303030' seq:0, type:1 .. '000000000023343D3030303030303030' seq:0, type:1](0)
 463:8542132[0 .. 0]['000000000023343E3030303030303030' seq:0, type:1 .. '000000000023CCB83030303030303030' seq:0, type:1](0)
 525:8542131[0 .. 0]['000000000023CCB93030303030303030' seq:0, type:1 .. '0000000000245C4F3030303030303030' seq:0, type:1](0)
 526:8542159[0 .. 0]['0000000000245C503030303030303030' seq:0, type:1 .. '0000000000250A763030303030303030' seq:0, type:1](0)
 527:67887[0 .. 0]['0000000000250A783030303030303030' seq:0, type:1 .. '0000000000250BB83030303030303030' seq:0, type:1](0)
 348:8542135[0 .. 0]['0000000000250BB93030303030303030' seq:0, type:1 .. '000000000025A8D93030303030303030' seq:0, type:1](0)
 350:8542146[0 .. 0]['000000000025A8DA3030303030303030' seq:0, type:1 .. '00000000002647583030303030303030' seq:0, type:1](0)
 351:8542142[0 .. 0]['00000000002647593030303030303030' seq:0, type:1 .. '000000000026E5EE3030303030303030' seq:0, type:1](0)
 501:8542128[0 .. 0]['000000000026E5EF3030303030303030' seq:0, type:1 .. '000000000027761A3030303030303030' seq:0, type:1](0)
 502:4365285[0 .. 0]['000000000027761B3030303030303030' seq:0, type:1 .. '000000000027D48E3030303030303030' seq:0, type:1](0)
 336:8542125[0 .. 0]['000000000027D48F3030303030303030' seq:0, type:1 .. '00000000002872203030303030303030' seq:0, type:1](0)
 338:8542143[0 .. 0]['00000000002872213030303030303030' seq:0, type:1 .. '00000000002910DC3030303030303030' seq:0, type:1](0)
 339:8542140[0 .. 0]['00000000002910DD3030303030303030' seq:0, type:1 .. '000000000029B01A3030303030303030' seq:0, type:1](0)
 340:91018[0 .. 0]['000000000029B01B3030303030303030' seq:0, type:1 .. '000000000029B2923030303030303030' seq:0, type:1](0)
 117:8542210[0 .. 0]['000000000029B2953030303030303030' seq:0, type:1 .. '00000000002A9F113030303030303030' seq:0, type:1](0)
 467:8542149[0 .. 0]['00000000002A9F143030303030303030' seq:0, type:1 .. '00000000002B3F663030303030303030' seq:0, type:1](0)
 468:4311918[0 .. 0]['00000000002B3F673030303030303030' seq:0, type:1 .. '00000000002B8D9C3030303030303030' seq:0, type:1](0)
 119:8542202[0 .. 0]['00000000002B8D9D3030303030303030' seq:0, type:1 .. '00000000002C7AB53030303030303030' seq:0, type:1](0)
 634:8542125[0 .. 0]['00000000002C7AB63030303030303030' seq:0, type:1 .. '00000000002D08493030303030303030' seq:0, type:1](0)
 665:8542114[0 .. 0]['00000000002D084B3030303030303030' seq:0, type:1 .. '00000000002D90863030303030303030' seq:0, type:1](0)
 666:8542156[0 .. 0]['00000000002D90873030303030303030' seq:0, type:1 .. '00000000002E51A23030303030303030' seq:0, type:1](0)
 667:85153[0 .. 0]['00000000002E51A33030303030303030' seq:0, type:1 .. '00000000002E53ED3030303030303030' seq:0, type:1](0)
 495:8542128[0 .. 0]['00000000002E53EE3030303030303030' seq:0, type:1 .. '00000000002EE72E3030303030303030' seq:0, type:1](0)
 522:8542126[0 .. 0]['00000000002EE72F3030303030303030' seq:0, type:1 .. '00000000002F76D33030303030303030' seq:0, type:1](0)
 523:8542163[0 .. 0]['00000000002F76D43030303030303030' seq:0, type:1 .. '0000000000302CB23030303030303030' seq:0, type:1](0)
 524:119440[0 .. 0]['0000000000302CB43030303030303030' seq:0, type:1 .. '00000000003030103030303030303030' seq:0, type:1](0)
 124:8542192[0 .. 0]['00000000003030123030303030303030' seq:0, type:1 .. '0000000000311D813030303030303030' seq:0, type:1](0)
 465:8542125[0 .. 0]['0000000000311D823030303030303030' seq:0, type:1 .. '000000000031B8343030303030303030' seq:0, type:1](0)
 466:4313978[0 .. 0]['000000000031B8353030303030303030' seq:0, type:1 .. '0000000000320A873030303030303030' seq:0, type:1](0)
 656:8542150[0 .. 0]['0000000000320A883030303030303030' seq:0, type:1 .. '000000000032B42B3030303030303030' seq:0, type:1](0)
 657:4286931[0 .. 0]['000000000032B42C3030303030303030' seq:0, type:1 .. '000000000032F8533030303030303030' seq:0, type:1](0)
 642:8542111[0 .. 0]['000000000032F8543030303030303030' seq:0, type:1 .. '000000000033808B3030303030303030' seq:0, type:1](0)
 658:8542117[0 .. 0]['000000000033808C3030303030303030' seq:0, type:1 .. '00000000003408C73030303030303030' seq:0, type:1](0)
 659:7913840[0 .. 0]['00000000003408C83030303030303030' seq:0, type:1 .. '00000000003487663030303030303030' seq:0, type:1](0)
 484:4312870[0 .. 0]['00000000003487673030303030303030' seq:0, type:1 .. '000000000034D08C3030303030303030' seq:0, type:1](0)
 129:8542212[0 .. 0]['000000000034D0923030303030303030' seq:0, type:1 .. '000000000035BD573030303030303030' seq:0, type:1](0)
 356:8542168[0 .. 0]['000000000035BD5F3030303030303030' seq:0, type:1 .. '00000000003686D03030303030303030' seq:0, type:1](0)
 357:8542139[0 .. 0]['00000000003686D13030303030303030' seq:0, type:1 .. '00000000003724DF3030303030303030' seq:0, type:1](0)
 358:4330370[0 .. 0]['00000000003724E13030303030303030' seq:0, type:1 .. '00000000003773FD3030303030303030' seq:0, type:1](0)
 354:8542138[0 .. 0]['00000000003773FE3030303030303030' seq:0, type:1 .. '00000000003812213030303030303030' seq:0, type:1](0)
 355:4265794[0 .. 0]['00000000003812223030303030303030' seq:0, type:1 .. '00000000003861003030303030303030' seq:0, type:1](0)
 342:8542137[0 .. 0]['00000000003861013030303030303030' seq:0, type:1 .. '000000000038FEFB3030303030303030' seq:0, type:1](0)
 344:8542137[0 .. 0]['000000000038FEFD3030303030303030' seq:0, type:1 .. '0000000000399C8F3030303030303030' seq:0, type:1](0)
 345:8542185[0 .. 0]['0000000000399C923030303030303030' seq:0, type:1 .. '00000000003A5EB53030303030303030' seq:0, type:1](0)
 499:8542124[0 .. 0]['00000000003A5EB73030303030303030' seq:0, type:1 .. '00000000003AEEB53030303030303030' seq:0, type:1](0)
 500:4352822[0 .. 0]['00000000003AEEB63030303030303030' seq:0, type:1 .. '00000000003B4D973030303030303030' seq:0, type:1](0)
 652:8542131[0 .. 0]['00000000003B4D9B3030303030303030' seq:0, type:1 .. '00000000003BEE243030303030303030' seq:0, type:1](0)
 660:8542128[0 .. 0]['00000000003BEE253030303030303030' seq:0, type:1 .. '00000000003C75F13030303030303030' seq:0, type:1](0)
 661:8542155[0 .. 0]['00000000003C75F33030303030303030' seq:0, type:1 .. '00000000003D25D43030303030303030' seq:0, type:1](0)
 662:23357[0 .. 0]['00000000003D25D53030303030303030' seq:0, type:1 .. '00000000003D266F3030303030303030' seq:0, type:1](0)
 473:8542137[0 .. 0]['00000000003D26703030303030303030' seq:0, type:1 .. '00000000003DBD3A3030303030303030' seq:0, type:1](0)
 513:8542124[0 .. 0]['00000000003DBD3B3030303030303030' seq:0, type:1 .. '00000000003E4C5C3030303030303030' seq:0, type:1](0)
 514:8542148[0 .. 0]['00000000003E4C5E3030303030303030' seq:0, type:1 .. '00000000003EFE873030303030303030' seq:0, type:1](0)
 515:60184[0 .. 0]['00000000003EFE883030303030303030' seq:0, type:1 .. '00000000003F00383030303030303030' seq:0, type:1](0)
 142:8542200[0 .. 0]['00000000003F003A3030303030303030' seq:0, type:1 .. '00000000003FEC023030303030303030' seq:0, type:1](0)
 475:8542129[0 .. 0]['00000000003FEC063030303030303030' seq:0, type:1 .. '0000000000408C603030303030303030' seq:0, type:1](0)
 528:8542134[0 .. 0]['0000000000408C613030303030303030' seq:0, type:1 .. '0000000000411B743030303030303030' seq:0, type:1](0)
 529:8542141[0 .. 0]['0000000000411B753030303030303030' seq:0, type:1 .. '000000000041C4B73030303030303030' seq:0, type:1](0)
 530:110905[0 .. 0]['000000000041C4B83030303030303030' seq:0, type:1 .. '000000000041C7CD3030303030303030' seq:0, type:1](0)
 636:8542118[0 .. 0]['000000000041C7CE3030303030303030' seq:0, type:1 .. '00000000004254153030303030303030' seq:0, type:1](0)
 677:8542110[0 .. 0]['00000000004254173030303030303030' seq:0, type:1 .. '000000000042DC333030303030303030' seq:0, type:1](0)
 678:8542164[0 .. 0]['000000000042DC343030303030303030' seq:0, type:1 .. '0000000000439FFE3030303030303030' seq:0, type:1](0)
 679:41177[0 .. 0]['000000000043A0003030303030303030' seq:0, type:1 .. '000000000043A1133030303030303030' seq:0, type:1](0)
 471:8542128[0 .. 0]['000000000043A1143030303030303030' seq:0, type:1 .. '00000000004434F33030303030303030' seq:0, type:1](0)
 671:8542134[0 .. 0]['00000000004434F43030303030303030' seq:0, type:1 .. '000000000044CAF73030303030303030' seq:0, type:1](0)
 672:8542139[0 .. 0]['000000000044CAF93030303030303030' seq:0, type:1 .. '00000000004576933030303030303030' seq:0, type:1](0)
 673:100107[0 .. 0]['00000000004576943030303030303030' seq:0, type:1 .. '00000000004579503030303030303030' seq:0, type:1](0)
 648:8542146[0 .. 0]['00000000004579513030303030303030' seq:0, type:1 .. '00000000004620FC3030303030303030' seq:0, type:1](0)
 649:4285275[0 .. 0]['00000000004620FD3030303030303030' seq:0, type:1 .. '00000000004666C63030303030303030' seq:0, type:1](0)
 481:8542133[0 .. 0]['00000000004666CD3030303030303030' seq:0, type:1 .. '00000000004704183030303030303030' seq:0, type:1](0)
 482:4353088[0 .. 0]['00000000004704193030303030303030' seq:0, type:1 .. '000000000047550B3030303030303030' seq:0, type:1](0)
 644:8542131[0 .. 0]['000000000047550C3030303030303030' seq:0, type:1 .. '000000000047EE543030303030303030' seq:0, type:1](0)
 668:8542123[0 .. 0]['000000000047EE553030303030303030' seq:0, type:1 .. '000000000048766B3030303030303030' seq:0, type:1](0)
 669:8542157[0 .. 0]['000000000048766C3030303030303030' seq:0, type:1 .. '0000000000492E1C3030303030303030' seq:0, type:1](0)
 670:77450[0 .. 0]['0000000000492E1E3030303030303030' seq:0, type:1 .. '00000000004930433030303030303030' seq:0, type:1](0)
 487:8542147[0 .. 0]['00000000004930443030303030303030' seq:0, type:1 .. '000000000049D5D73030303030303030' seq:0, type:1](0)
 510:8542127[0 .. 0]['000000000049D5D83030303030303030' seq:0, type:1 .. '00000000004A659F3030303030303030' seq:0, type:1](0)
 511:8542143[0 .. 0]['00000000004A65A03030303030303030' seq:0, type:1 .. '00000000004B09FC3030303030303030' seq:0, type:1](0)
 512:28391[0 .. 0]['00000000004B09FE3030303030303030' seq:0, type:1 .. '00000000004B0AB03030303030303030' seq:0, type:1](0)
 320:8542147[0 .. 0]['00000000004B0AB23030303030303030' seq:0, type:1 .. '00000000004BAFAA3030303030303030' seq:0, type:1](0)
 321:8355648[0 .. 0]['00000000004BAFAC3030303030303030' seq:0, type:1 .. '00000000004C4B3F3030303030303030' seq:0, type:1](0)

STATISTICS:
rocksdb.block.cache.miss COUNT : 0
rocksdb.block.cache.hit COUNT : 0
rocksdb.block.cache.add COUNT : 0
rocksdb.block.cache.add.failures COUNT : 0
rocksdb.block.cache.index.miss COUNT : 0
rocksdb.block.cache.index.hit COUNT : 0
rocksdb.block.cache.index.add COUNT : 0
rocksdb.block.cache.index.bytes.insert COUNT : 0
rocksdb.block.cache.index.bytes.evict COUNT : 0
rocksdb.block.cache.filter.miss COUNT : 0
rocksdb.block.cache.filter.hit COUNT : 0
rocksdb.block.cache.filter.add COUNT : 0
rocksdb.block.cache.filter.bytes.insert COUNT : 0
rocksdb.block.cache.filter.bytes.evict COUNT : 0
rocksdb.block.cache.data.miss COUNT : 0
rocksdb.block.cache.data.hit COUNT : 0
rocksdb.block.cache.data.add COUNT : 0
rocksdb.block.cache.data.bytes.insert COUNT : 0
rocksdb.block.cache.bytes.read COUNT : 0
rocksdb.block.cache.bytes.write COUNT : 0
rocksdb.bloom.filter.useful COUNT : 6597179
rocksdb.bloom.filter.full.positive COUNT : 6934647
rocksdb.bloom.filter.full.true.positive COUNT : 6917716
rocksdb.bloom.filter.micros COUNT : 0
rocksdb.persistent.cache.hit COUNT : 717686
rocksdb.persistent.cache.miss COUNT : 6578501
rocksdb.sim.block.cache.hit COUNT : 0
rocksdb.sim.block.cache.miss COUNT : 0
rocksdb.memtable.hit COUNT : 0
rocksdb.memtable.miss COUNT : 8000000
rocksdb.l0.hit COUNT : 165212
rocksdb.l1.hit COUNT : 0
rocksdb.l2andup.hit COUNT : 6752504
rocksdb.compaction.key.drop.new COUNT : 994800
rocksdb.compaction.key.drop.obsolete COUNT : 0
rocksdb.compaction.key.drop.range_del COUNT : 0
rocksdb.compaction.key.drop.user COUNT : 0
rocksdb.compaction.range_del.drop.obsolete COUNT : 0
rocksdb.compaction.optimized.del.drop.obsolete COUNT : 0
rocksdb.compaction.cancelled COUNT : 0
rocksdb.number.keys.written COUNT : 0
rocksdb.number.keys.read COUNT : 8000000
rocksdb.number.keys.updated COUNT : 0
rocksdb.bytes.written COUNT : 0
rocksdb.bytes.read COUNT : 1770935296
rocksdb.number.db.seek COUNT : 0
rocksdb.number.db.next COUNT : 0
rocksdb.number.db.prev COUNT : 0
rocksdb.number.db.seek.found COUNT : 0
rocksdb.number.db.next.found COUNT : 0
rocksdb.number.db.prev.found COUNT : 0
rocksdb.db.iter.bytes.read COUNT : 0
rocksdb.no.file.closes COUNT : 0
rocksdb.no.file.opens COUNT : 348
rocksdb.no.file.errors COUNT : 0
rocksdb.l0.slowdown.micros COUNT : 0
rocksdb.memtable.compaction.micros COUNT : 0
rocksdb.l0.num.files.stall.micros COUNT : 0
rocksdb.stall.micros COUNT : 0
rocksdb.db.mutex.wait.micros COUNT : 0
rocksdb.rate.limit.delay.millis COUNT : 0
rocksdb.num.iterators COUNT : 0
rocksdb.number.multiget.get COUNT : 0
rocksdb.number.multiget.keys.read COUNT : 0
rocksdb.number.multiget.bytes.read COUNT : 0
rocksdb.number.deletes.filtered COUNT : 0
rocksdb.number.merge.failures COUNT : 0
rocksdb.bloom.filter.prefix.checked COUNT : 0
rocksdb.bloom.filter.prefix.useful COUNT : 0
rocksdb.number.reseeks.iteration COUNT : 0
rocksdb.getupdatessince.calls COUNT : 0
rocksdb.block.cachecompressed.miss COUNT : 0
rocksdb.block.cachecompressed.hit COUNT : 0
rocksdb.block.cachecompressed.add COUNT : 0
rocksdb.block.cachecompressed.add.failures COUNT : 0
rocksdb.wal.synced COUNT : 0
rocksdb.wal.bytes COUNT : 0
rocksdb.write.self COUNT : 0
rocksdb.write.other COUNT : 0
rocksdb.write.timeout COUNT : 0
rocksdb.write.wal COUNT : 0
rocksdb.compact.read.bytes COUNT : 1387646685
rocksdb.compact.write.bytes COUNT : 1148297788
rocksdb.flush.write.bytes COUNT : 0
rocksdb.number.direct.load.table.properties COUNT : 0
rocksdb.number.superversion_acquires COUNT : 115
rocksdb.number.superversion_releases COUNT : 102
rocksdb.number.superversion_cleanups COUNT : 27
rocksdb.number.block.compressed COUNT : 0
rocksdb.number.block.decompressed COUNT : 0
rocksdb.number.block.not_compressed COUNT : 0
rocksdb.merge.operation.time.nanos COUNT : 0
rocksdb.filter.operation.time.nanos COUNT : 0
rocksdb.row.cache.hit COUNT : 0
rocksdb.row.cache.miss COUNT : 0
rocksdb.read.amp.estimate.useful.bytes COUNT : 0
rocksdb.read.amp.total.read.bytes COUNT : 0
rocksdb.number.rate_limiter.drains COUNT : 0
rocksdb.number.iter.skip COUNT : 0
rocksdb.blobdb.num.put COUNT : 0
rocksdb.blobdb.num.write COUNT : 0
rocksdb.blobdb.num.get COUNT : 0
rocksdb.blobdb.num.multiget COUNT : 0
rocksdb.blobdb.num.seek COUNT : 0
rocksdb.blobdb.num.next COUNT : 0
rocksdb.blobdb.num.prev COUNT : 0
rocksdb.blobdb.num.keys.written COUNT : 0
rocksdb.blobdb.num.keys.read COUNT : 0
rocksdb.blobdb.bytes.written COUNT : 0
rocksdb.blobdb.bytes.read COUNT : 0
rocksdb.blobdb.write.inlined COUNT : 0
rocksdb.blobdb.write.inlined.ttl COUNT : 0
rocksdb.blobdb.write.blob COUNT : 0
rocksdb.blobdb.write.blob.ttl COUNT : 0
rocksdb.blobdb.blob.file.bytes.written COUNT : 0
rocksdb.blobdb.blob.file.bytes.read COUNT : 0
rocksdb.blobdb.blob.file.synced COUNT : 0
rocksdb.blobdb.blob.index.expired.count COUNT : 0
rocksdb.blobdb.blob.index.expired.size COUNT : 0
rocksdb.blobdb.blob.index.evicted.count COUNT : 0
rocksdb.blobdb.blob.index.evicted.size COUNT : 0
rocksdb.blobdb.gc.num.files COUNT : 0
rocksdb.blobdb.gc.num.new.files COUNT : 0
rocksdb.blobdb.gc.failures COUNT : 0
rocksdb.blobdb.gc.num.keys.overwritten COUNT : 0
rocksdb.blobdb.gc.num.keys.expired COUNT : 0
rocksdb.blobdb.gc.num.keys.relocated COUNT : 0
rocksdb.blobdb.gc.bytes.overwritten COUNT : 0
rocksdb.blobdb.gc.bytes.expired COUNT : 0
rocksdb.blobdb.gc.bytes.relocated COUNT : 0
rocksdb.blobdb.fifo.num.files.evicted COUNT : 0
rocksdb.blobdb.fifo.num.keys.evicted COUNT : 0
rocksdb.blobdb.fifo.bytes.evicted COUNT : 0
rocksdb.txn.overhead.mutex.prepare COUNT : 0
rocksdb.txn.overhead.mutex.old.commit.map COUNT : 0
rocksdb.txn.overhead.duplicate.key COUNT : 0
rocksdb.txn.overhead.mutex.snapshot COUNT : 0
rocksdb.number.multiget.keys.found COUNT : 0
rocksdb.num.iterator.created COUNT : 0
rocksdb.num.iterator.deleted COUNT : 0
rocksdb.block.cache.compression.dict.miss COUNT : 0
rocksdb.block.cache.compression.dict.hit COUNT : 0
rocksdb.block.cache.compression.dict.add COUNT : 0
rocksdb.block.cache.compression.dict.bytes.insert COUNT : 0
rocksdb.block.cache.compression.dict.bytes.evict COUNT : 0
rocksdb.db.get.micros P50 : 45.189614 P95 : 89.747396 P99 : 108.177703 P100 : 6509.000000 COUNT : 8000000 SUM : 355679210
rocksdb.db.write.micros P50 : 0.000000 P95 : 0.000000 P99 : 0.000000 P100 : 0.000000 COUNT : 0 SUM : 0
rocksdb.compaction.times.micros P50 : 164000.000000 P95 : 247454.545455 P99 : 8405948.000000 P100 : 8405948.000000 COUNT : 27 SUM : 12770322
rocksdb.compaction.times.cpu_micros P50 : 98625.000000 P95 : 166500.000000 P99 : 5086157.000000 P100 : 5086157.000000 COUNT : 27 SUM : 7676404
rocksdb.subcompaction.setup.times.micros P50 : 0.000000 P95 : 0.000000 P99 : 0.000000 P100 : 0.000000 COUNT : 0 SUM : 0
rocksdb.table.sync.micros P50 : 0.000000 P95 : 0.000000 P99 : 0.000000 P100 : 0.000000 COUNT : 0 SUM : 0
rocksdb.compaction.outfile.sync.micros P50 : 3665.789474 P95 : 6095.517241 P99 : 6559.793103 P100 : 7875.000000 COUNT : 153 SUM : 591924
rocksdb.wal.file.sync.micros P50 : 0.000000 P95 : 0.000000 P99 : 0.000000 P100 : 0.000000 COUNT : 0 SUM : 0
rocksdb.manifest.file.sync.micros P50 : 103.200000 P95 : 328.000000 P99 : 681.000000 P100 : 681.000000 COUNT : 28 SUM : 3645
rocksdb.table.open.io.micros P50 : 3452.631579 P95 : 9835.833333 P99 : 13322.133333 P100 : 16646.000000 COUNT : 348 SUM : 1321097
rocksdb.db.multiget.micros P50 : 0.000000 P95 : 0.000000 P99 : 0.000000 P100 : 0.000000 COUNT : 0 SUM : 0
rocksdb.read.block.compaction.micros P50 : 0.000000 P95 : 0.000000 P99 : 0.000000 P100 : 0.000000 COUNT : 0 SUM : 0
rocksdb.read.block.get.micros P50 : 41.928498 P95 : 75.829852 P99 : 104.890465 P100 : 7890.000000 COUNT : 7295839 SUM : 315920738
rocksdb.write.raw.block.micros P50 : 0.536554 P95 : 1.372393 P99 : 5.111663 P100 : 1571.000000 COUNT : 290031 SUM : 891500
rocksdb.l0.slowdown.count P50 : 0.000000 P95 : 0.000000 P99 : 0.000000 P100 : 0.000000 COUNT : 0 SUM : 0
rocksdb.memtable.compaction.count P50 : 0.000000 P95 : 0.000000 P99 : 0.000000 P100 : 0.000000 COUNT : 0 SUM : 0
rocksdb.num.files.stall.count P50 : 0.000000 P95 : 0.000000 P99 : 0.000000 P100 : 0.000000 COUNT : 0 SUM : 0
rocksdb.hard.rate.limit.delay.count P50 : 0.000000 P95 : 0.000000 P99 : 0.000000 P100 : 0.000000 COUNT : 0 SUM : 0
rocksdb.soft.rate.limit.delay.count P50 : 0.000000 P95 : 0.000000 P99 : 0.000000 P100 : 0.000000 COUNT : 0 SUM : 0
rocksdb.numfiles.in.singlecompaction P50 : 1.000000 P95 : 1.000000 P99 : 3.730000 P100 : 4.000000 COUNT : 27 SUM : 30
rocksdb.db.seek.micros P50 : 0.000000 P95 : 0.000000 P99 : 0.000000 P100 : 0.000000 COUNT : 0 SUM : 0
rocksdb.db.write.stall P50 : 0.000000 P95 : 0.000000 P99 : 0.000000 P100 : 0.000000 COUNT : 0 SUM : 0
rocksdb.sst.read.micros P50 : 3.295350 P95 : 5.604100 P99 : 9.728905 P100 : 1591.000000 COUNT : 6579197 SUM : 25614576
rocksdb.num.subcompactions.scheduled P50 : 0.000000 P95 : 0.000000 P99 : 0.000000 P100 : 0.000000 COUNT : 0 SUM : 0
rocksdb.bytes.per.read P50 : 256.000000 P95 : 256.000000 P99 : 256.000000 P100 : 256.000000 COUNT : 8000000 SUM : 1770935296
rocksdb.bytes.per.write P50 : 0.000000 P95 : 0.000000 P99 : 0.000000 P100 : 0.000000 COUNT : 0 SUM : 0
rocksdb.bytes.per.multiget P50 : 0.000000 P95 : 0.000000 P99 : 0.000000 P100 : 0.000000 COUNT : 0 SUM : 0
rocksdb.bytes.compressed P50 : 0.000000 P95 : 0.000000 P99 : 0.000000 P100 : 0.000000 COUNT : 0 SUM : 0
rocksdb.bytes.decompressed P50 : 0.000000 P95 : 0.000000 P99 : 0.000000 P100 : 0.000000 COUNT : 0 SUM : 0
rocksdb.compression.times.nanos P50 : 0.000000 P95 : 0.000000 P99 : 0.000000 P100 : 0.000000 COUNT : 0 SUM : 0
rocksdb.decompression.times.nanos P50 : 0.000000 P95 : 0.000000 P99 : 0.000000 P100 : 0.000000 COUNT : 0 SUM : 0
rocksdb.read.num.merge_operands P50 : 0.000000 P95 : 0.000000 P99 : 0.000000 P100 : 0.000000 COUNT : 0 SUM : 0
rocksdb.blobdb.key.size P50 : 0.000000 P95 : 0.000000 P99 : 0.000000 P100 : 0.000000 COUNT : 0 SUM : 0
rocksdb.blobdb.value.size P50 : 0.000000 P95 : 0.000000 P99 : 0.000000 P100 : 0.000000 COUNT : 0 SUM : 0
rocksdb.blobdb.write.micros P50 : 0.000000 P95 : 0.000000 P99 : 0.000000 P100 : 0.000000 COUNT : 0 SUM : 0
rocksdb.blobdb.get.micros P50 : 0.000000 P95 : 0.000000 P99 : 0.000000 P100 : 0.000000 COUNT : 0 SUM : 0
rocksdb.blobdb.multiget.micros P50 : 0.000000 P95 : 0.000000 P99 : 0.000000 P100 : 0.000000 COUNT : 0 SUM : 0
rocksdb.blobdb.seek.micros P50 : 0.000000 P95 : 0.000000 P99 : 0.000000 P100 : 0.000000 COUNT : 0 SUM : 0
rocksdb.blobdb.next.micros P50 : 0.000000 P95 : 0.000000 P99 : 0.000000 P100 : 0.000000 COUNT : 0 SUM : 0
rocksdb.blobdb.prev.micros P50 : 0.000000 P95 : 0.000000 P99 : 0.000000 P100 : 0.000000 COUNT : 0 SUM : 0
rocksdb.blobdb.blob.file.write.micros P50 : 0.000000 P95 : 0.000000 P99 : 0.000000 P100 : 0.000000 COUNT : 0 SUM : 0
rocksdb.blobdb.blob.file.read.micros P50 : 0.000000 P95 : 0.000000 P99 : 0.000000 P100 : 0.000000 COUNT : 0 SUM : 0
rocksdb.blobdb.blob.file.sync.micros P50 : 0.000000 P95 : 0.000000 P99 : 0.000000 P100 : 0.000000 COUNT : 0 SUM : 0
rocksdb.blobdb.gc.micros P50 : 0.000000 P95 : 0.000000 P99 : 0.000000 P100 : 0.000000 COUNT : 0 SUM : 0
rocksdb.blobdb.compression.micros P50 : 0.000000 P95 : 0.000000 P99 : 0.000000 P100 : 0.000000 COUNT : 0 SUM : 0
rocksdb.blobdb.decompression.micros P50 : 0.000000 P95 : 0.000000 P99 : 0.000000 P100 : 0.000000 COUNT : 0 SUM : 0
rocksdb.db.flush.micros P50 : 0.000000 P95 : 0.000000 P99 : 0.000000 P100 : 0.000000 COUNT : 0 SUM : 0
rocksdb.sst.batch.size P50 : 0.000000 P95 : 0.000000 P99 : 0.000000 P100 : 0.000000 COUNT : 0 SUM : 0

