Initializing RocksDB Options from the specified file
Initializing RocksDB Options from command-line flags
Keys:       16 bytes each
Values:     256 bytes each (128 bytes after compression)
Entries:    2000000
Prefix:    0 bytes
Keys per prefix:    0
RawSize:    518.8 MB (estimated)
FileSize:   274.7 MB (estimated)
Write rate: 0 bytes/second
Read rate: 0 ops/second
Compression: NoCompression
Compression sampling rate: 0
Memtablerep: skip_list
Perf Level: 5
WARNING: Assertions are enabled; benchmarks unnecessarily slow
------------------------------------------------
DB path: [/home/zyh/480G/wp]
readrandom   :      29.199 micros/op 136432 ops/sec;   30.6 MB/s (1729579 of 2000000 found)
 PERF_CONTEXT:
user_key_comparison_count = 52235227, block_cache_hit_count = 0, block_read_count = 40281, block_read_byte = 156983973, block_read_time = 691075949, block_cache_index_hit_count = 0, index_block_read_count = 0, block_cache_filter_hit_count = 0, filter_block_read_count = 0, compression_dict_block_read_count = 0, block_checksum_time = 17092359, block_decompress_time = 207269469, get_read_bytes = 442772224, multiget_read_bytes = 0, iter_read_bytes = 0, internal_key_skipped_count = 0, internal_delete_skipped_count = 0, internal_recent_skipped_count = 0, internal_merge_count = 0, write_wal_time = 0, get_snapshot_time = 1255478910, get_from_memtable_time = 0, get_from_memtable_count = 0, get_post_process_time = 452028637, get_from_output_files_time = 52300285582, seek_on_memtable_time = 0, seek_on_memtable_count = 0, next_on_memtable_count = 0, prev_on_memtable_count = 0, seek_child_seek_time = 0, seek_child_seek_count = 0, seek_min_heap_time = 0, seek_internal_seek_time = 0, find_next_user_entry_time = 0, write_pre_and_post_process_time = 0, write_memtable_time = 0, write_thread_wait_nanos = 0, write_scheduling_flushes_compactions_time = 0, db_mutex_lock_nanos = 309, db_condition_wait_nanos = 0, merge_operator_time_nanos = 0, write_delay_time = 0, read_index_block_nanos = 0, read_filter_block_nanos = 0, new_table_block_iter_nanos = 43711245989, new_table_iterator_nanos = 0, block_seek_nanos = 2143952099, find_table_nanos = 0, bloom_memtable_hit_count = 0, bloom_memtable_miss_count = 0, bloom_sst_hit_count = 1732333, bloom_sst_miss_count = 1041766, key_lock_wait_time = 0, key_lock_wait_count = 0, env_new_sequential_file_nanos = 0, env_new_random_access_file_nanos = 0, env_new_writable_file_nanos = 0, env_reuse_writable_file_nanos = 0, env_new_random_rw_file_nanos = 0, env_new_directory_nanos = 0, env_file_exists_nanos = 0, env_get_children_nanos = 0, env_get_children_file_attributes_nanos = 0, env_delete_file_nanos = 0, env_create_dir_nanos = 0, env_create_dir_if_missing_nanos = 0, env_delete_dir_nanos = 0, env_get_file_size_nanos = 0, env_get_file_modification_time_nanos = 0, env_rename_file_nanos = 0, env_link_file_nanos = 0, env_lock_file_nanos = 0, env_unlock_file_nanos = 0, env_new_logger_nanos = 0, get_cpu_nanos = 39138996175, iter_next_cpu_nanos = 0, iter_prev_cpu_nanos = 0, iter_seek_cpu_nanos = 0, bloom_filter_useful = 772042@level5, 269724@level6, 0@level7, bloom_filter_full_positive = 706730@level5, 1025603@level6, 0@level7, bloom_filter_full_true_positive = 704659@level5, 1024920@level6, 0@level7, block_cache_hit_count = 0@level5, 0@level6, 0@level7, block_cache_miss_count = 0@level5, 0@level6, 0@level7, 
Microseconds per read:
Count: 8000000 Average: 29.1986  StdDev: 13.81
Min: 2  Median: 28.4861  Max: 3769
Percentiles: P50: 28.49 P75: 33.22 P99: 74.44 P99.9: 107.62 P99.99: 164.11
------------------------------------------------------
(       1,       2 ]     1451   0.018%   0.018% 
(       2,       3 ]    86254   1.078%   1.096% 
(       3,       4 ]   485475   6.068%   7.165% #
(       4,       6 ]   446293   5.579%  12.743% #
(       6,      10 ]    85465   1.068%  13.812% 
(      10,      15 ]    88325   1.104%  14.916% 
(      15,      22 ]    64133   0.802%  15.717% 
(      22,      34 ]  5074137  63.427%  79.144% #############
(      34,      51 ]  1446205  18.078%  97.222% ####
(      51,      76 ]   151749   1.897%  99.119% 
(      76,     110 ]    67216   0.840%  99.959% 
(     110,     170 ]     2769   0.035%  99.993% 
(     170,     250 ]      238   0.003%  99.996% 
(     250,     380 ]       77   0.001%  99.997% 
(     380,     580 ]       56   0.001%  99.998% 
(     580,     870 ]       61   0.001%  99.999% 
(     870,    1300 ]       77   0.001% 100.000% 
(    1300,    1900 ]       14   0.000% 100.000% 
(    1900,    2900 ]        3   0.000% 100.000% 
(    2900,    4400 ]        2   0.000% 100.000% 



** Compaction Stats [default] **
Level    Files   Size     Score Read(GB)  Rn(GB) Rnp1(GB) Write(GB) Wnew(GB) Moved(GB) W-Amp Rd(MB/s) Wr(MB/s) Comp(sec) CompMergeCPU(sec) Comp(cnt) Avg(sec) KeyIn KeyDrop
----------------------------------------------------------------------------------------------------------------------------------------------------------------------------
  L5     64/0   511.77 MB   1.0      0.0     0.0      0.0       0.0      0.0       0.0   0.0      0.0      0.0      0.00              0.00         0    0.000       0      0
  L6    152/0   979.06 MB   0.0      0.0     0.0      0.0       0.0      0.0       0.0   0.0      0.0      0.0      0.00              0.00         0    0.000       0      0
 Sum    216/0    1.46 GB   0.0      0.0     0.0      0.0       0.0      0.0       0.0   0.0      0.0      0.0      0.00              0.00         0    0.000       0      0
 Int      0/0    0.00 KB   0.0      0.0     0.0      0.0       0.0      0.0       0.0   0.0      0.0      0.0      0.00              0.00         0    0.000       0      0

** Compaction Stats [default] **
Priority    Files   Size     Score Read(GB)  Rn(GB) Rnp1(GB) Write(GB) Wnew(GB) Moved(GB) W-Amp Rd(MB/s) Wr(MB/s) Comp(sec) CompMergeCPU(sec) Comp(cnt) Avg(sec) KeyIn KeyDrop
-------------------------------------------------------------------------------------------------------------------------------------------------------------------------------
Uptime(secs): 58.7 total, 58.7 interval
Flush(GB): cumulative 0.000, interval 0.000
AddFile(GB): cumulative 0.000, interval 0.000
AddFile(Total Files): cumulative 0, interval 0
AddFile(L0 Files): cumulative 0, interval 0
AddFile(Keys): cumulative 0, interval 0
Cumulative compaction: 0.00 GB write, 0.00 MB/s write, 0.00 GB read, 0.00 MB/s read, 0.0 seconds
Interval compaction: 0.00 GB write, 0.00 MB/s write, 0.00 GB read, 0.00 MB/s read, 0.0 seconds
Stalls(count): 0 level0_slowdown, 0 level0_slowdown_with_compaction, 0 level0_numfiles, 0 level0_numfiles_with_compaction, 0 stop for pending_compaction_bytes, 0 slowdown for pending_compaction_bytes, 0 memtable_compaction, 0 memtable_slowdown, interval 0 total count

** File Read Latency Histogram By Level [default] **
** Level 5 read latency histogram (micros):
Count: 50711 Average: 17.5396  StdDev: 15.74
Min: 1  Median: 17.8553  Max: 583
Percentiles: P50: 17.86 P75: 23.92 P99: 48.66 P99.9: 191.87 P99.99: 379.68
------------------------------------------------------
[       0,       1 ]       30   0.059%   0.059% 
(       1,       2 ]       55   0.108%   0.168% 
(       2,       3 ]     1133   2.234%   2.402% 
(       3,       4 ]    10144  20.004%  22.405% ####
(       4,       6 ]     5921  11.676%  34.081% ##
(       6,      10 ]      645   1.272%  35.353% 
(      10,      15 ]      100   0.197%  35.550% 
(      15,      22 ]    17964  35.424%  70.975% #######
(      22,      34 ]    12773  25.188%  96.163% #####
(      34,      51 ]     1669   3.291%  99.454% #
(      51,      76 ]      136   0.268%  99.722% 
(      76,     110 ]       49   0.097%  99.819% 
(     110,     170 ]       35   0.069%  99.888% 
(     170,     250 ]       23   0.045%  99.933% 
(     250,     380 ]       29   0.057%  99.990% 
(     380,     580 ]       13   0.026% 100.016% 
(     580,     870 ]        1   0.002% 100.018% 

** Level 6 read latency histogram (micros):
Count: 106578 Average: 17.5220  StdDev: 15.02
Min: 1  Median: 17.8693  Max: 806
Percentiles: P50: 17.87 P75: 24.13 P99: 48.78 P99.9: 178.42 P99.99: 507.07
------------------------------------------------------
[       0,       1 ]       89   0.084%   0.084% 
(       1,       2 ]      165   0.155%   0.238% 
(       2,       3 ]     2080   1.952%   2.190% 
(       3,       4 ]    21087  19.786%  21.975% ####
(       4,       6 ]    13132  12.321%  34.297% ##
(       6,      10 ]     1226   1.150%  35.447% 
(      10,      15 ]      332   0.312%  35.759% 
(      15,      22 ]    37029  34.744%  70.502% #######
(      22,      34 ]    26959  25.295%  95.797% #####
(      34,      51 ]     3926   3.684%  99.481% #
(      51,      76 ]      276   0.259%  99.740% 
(      76,     110 ]       97   0.091%  99.831% 
(     110,     170 ]       67   0.063%  99.894% 
(     170,     250 ]       61   0.057%  99.951% 
(     250,     380 ]       28   0.026%  99.977% 
(     380,     580 ]       21   0.020%  99.997% 
(     580,     870 ]        5   0.005% 100.002% 


** DB Stats **
Uptime(secs): 58.7 total, 58.7 interval
Cumulative writes: 0 writes, 0 keys, 0 commit groups, 0.0 writes per commit group, ingest: 0.00 GB, 0.00 MB/s
Cumulative WAL: 0 writes, 0 syncs, 0.00 writes per sync, written: 0.00 GB, 0.00 MB/s
Cumulative stall: 00:00:0.000 H:M:S, 0.0 percent
Interval writes: 0 writes, 0 keys, 0 commit groups, 0.0 writes per commit group, ingest: 0.00 MB, 0.00 MB/s
Interval WAL: 0 writes, 0 syncs, 0.00 writes per sync, written: 0.00 MB, 0.00 MB/s
Interval stall: 00:00:0.000 H:M:S, 0.0 percent


Level Files Size(MB)
--------------------
  0        0        0
  1        0        0
  2        0        0
  3        0        0
  4        0        0
  5       64      512
  6      152      979


--- level 0 --- version# 2 ---
--- level 1 --- version# 2 ---
--- level 2 --- version# 2 ---
--- level 3 --- version# 2 ---
--- level 4 --- version# 2 ---
--- level 5 --- version# 2 ---
 540:8542216[6849683 .. 9999840]['00000000000000003030303030303030' seq:7208187, type:1 .. '000000000000FCF03030303030303030' seq:7617082, type:1](276480)
 541:8542218[6849913 .. 9999812]['000000000000FCF13030303030303030' seq:8766490, type:1 .. '000000000001F9503030303030303030' seq:8281438, type:1](274432)
 542:8542221[6849829 .. 9999875]['000000000001F9513030303030303030' seq:8459001, type:1 .. '000000000002F3A13030303030303030' seq:9916015, type:1](259072)
 543:8542224[6849732 .. 9999962]['000000000002F3A53030303030303030' seq:8553672, type:1 .. '000000000003F0A93030303030303030' seq:8572439, type:1](271360)
 544:8542248[3427944 .. 9999992]['000000000003F0AA3030303030303030' seq:8634211, type:1 .. '00000000000510D43030303030303030' seq:8730384, type:1](284672)
 545:8542235[3431944 .. 9999985]['00000000000510DB3030303030303030' seq:9264970, type:1 .. '0000000000061E193030303030303030' seq:7750503, type:1](294912)
 546:8542272[3424894 .. 9999733]['0000000000061E1C3030303030303030' seq:7149227, type:1 .. '0000000000075D103030303030303030' seq:9060418, type:1](337920)
 547:8542261[3426812 .. 9999973]['0000000000075D153030303030303030' seq:9935696, type:1 .. '00000000000873B03030303030303030' seq:7789071, type:1](310272)
 550:8542196[3425160 .. 9999971]['000000000009B4AF3030303030303030' seq:9816190, type:1 .. '00000000000A93CC3030303030303030' seq:8692853, type:1](224256)
 551:8542281[3424990 .. 9999999]['00000000000A93CE3030303030303030' seq:9377983, type:1 .. '00000000000BE7573030303030303030' seq:8436839, type:1](379904)
 552:8542138[3425082 .. 9999835]['00000000000BE7583030303030303030' seq:7500800, type:1 .. '00000000000C88273030303030303030' seq:7519130, type:1](165888)
 553:8542192[3425714 .. 9999871]['00000000000C88283030303030303030' seq:7613117, type:1 .. '00000000000D55DF3030303030303030' seq:8585481, type:1](184320)
 554:8542201[3424577 .. 9999994]['00000000000D55E13030303030303030' seq:8973999, type:1 .. '00000000000E43D73030303030303030' seq:5615270, type:1](243712)
 555:8542134[3425386 .. 9999878]['00000000000E43D93030303030303030' seq:8117678, type:1 .. '00000000000EE5873030303030303030' seq:9135632, type:1](162816)
 561:8542246[3424483 .. 9999915]['00000000001272893030303030303030' seq:6327252, type:1 .. '00000000001397F53030303030303030' seq:9242815, type:1](323584)
 562:8542225[3424766 .. 9999892]['00000000001397F63030303030303030' seq:9226395, type:1 .. '0000000000149B453030303030303030' seq:9824616, type:1](284672)
 564:8542203[3424441 .. 9999921]['0000000000153BF13030303030303030' seq:9242404, type:1 .. '00000000001629F13030303030303030' seq:6929683, type:1](233472)
 565:8542212[6850128 .. 9999965]['00000000001629F23030303030303030' seq:9855930, type:1 .. '00000000001726C03030303030303030' seq:7189108, type:1](279552)
 566:8542218[3436727 .. 9999991]['00000000001726C13030303030303030' seq:8484930, type:1 .. '0000000000181D923030303030303030' seq:7218267, type:1](252928)
 569:8542144[3424406 .. 9999957]['0000000000195EDA3030303030303030' seq:8428080, type:1 .. '00000000001A09093030303030303030' seq:8841078, type:1](168960)
 570:8542210[6849811 .. 9999984]['00000000001A090B3030303030303030' seq:7084758, type:1 .. '00000000001B041A3030303030303030' seq:9218916, type:1](264192)
 571:8542193[3426315 .. 9999969]['00000000001B041B3030303030303030' seq:7090674, type:1 .. '00000000001BEBB93030303030303030' seq:5524068, type:1](267264)
 574:8542130[3424507 .. 9999981]['00000000001D2D2C3030303030303030' seq:6406854, type:1 .. '00000000001DCD303030303030303030' seq:8390151, type:1](190464)
 575:8542239[3424447 .. 9999976]['00000000001DCD313030303030303030' seq:6152827, type:1 .. '00000000001EE7963030303030303030' seq:6338274, type:1](190464)
 576:8542149[3425069 .. 9999909]['00000000001EE7973030303030303030' seq:7569064, type:1 .. '00000000001F87D83030303030303030' seq:9212726, type:1](0)
 579:8542137[3424490 .. 9999887]['000000000020C8A73030303030303030' seq:9516859, type:1 .. '00000000002168C73030303030303030' seq:9087365, type:1](0)
 580:5060224[3433508 .. 9999932]['00000000002168CA3030303030303030' seq:8731196, type:1 .. '00000000002281433030303030303030' seq:9339859, type:1](0)
 581:8542181[3425188 .. 9999998]['00000000002281443030303030303030' seq:9088544, type:1 .. '0000000000235B453030303030303030' seq:3590545, type:1](0)
 583:8542260[3424933 .. 9999995]['000000000023FD0E3030303030303030' seq:7745621, type:1 .. '0000000000251DD03030303030303030' seq:8866120, type:1](0)
 584:8542214[6849769 .. 9999877]['0000000000251DD43030303030303030' seq:8445923, type:1 .. '0000000000261A263030303030303030' seq:9079051, type:1](0)
 585:8542228[6849725 .. 9999658]['0000000000261A2A3030303030303030' seq:9109829, type:1 .. '00000000002715463030303030303030' seq:7750841, type:1](0)
 586:8542196[3424720 .. 9999996]['000000000027154E3030303030303030' seq:7003976, type:1 .. '000000000027FBE93030303030303030' seq:5814723, type:1](0)
 588:8542227[3425981 .. 9999959]['0000000000289D4B3030303030303030' seq:9099988, type:1 .. '000000000029B3B23030303030303030' seq:8647227, type:1](0)
 589:8542363[3424757 .. 9999897]['000000000029B3B63030303030303030' seq:9908608, type:1 .. '00000000002B48993030303030303030' seq:5893623, type:1](0)
 590:8542133[3425392 .. 9999988]['00000000002B489A3030303030303030' seq:8599123, type:1 .. '00000000002BE9313030303030303030' seq:8013503, type:1](0)
 591:8542140[3425026 .. 9999938]['00000000002BE9343030303030303030' seq:7996469, type:1 .. '00000000002C8ACC3030303030303030' seq:6650690, type:1](0)
 592:8542358[3424709 .. 9999956]['00000000002C8ACD3030303030303030' seq:6208947, type:1 .. '00000000002E1E983030303030303030' seq:7322274, type:1](0)
 593:8542133[3424555 .. 9999968]['00000000002E1E9A3030303030303030' seq:5410507, type:1 .. '00000000002EBF453030303030303030' seq:4037642, type:1](0)
 594:8542136[3424637 .. 9999941]['00000000002EBF473030303030303030' seq:6526388, type:1 .. '00000000002F60E03030303030303030' seq:4127135, type:1](0)
 595:8542240[3427162 .. 9999964]['00000000002F60E13030303030303030' seq:9516884, type:1 .. '00000000003079633030303030303030' seq:9613306, type:1](0)
 598:8542142[3424844 .. 9999951]['000000000031BA9C3030303030303030' seq:9100848, type:1 .. '0000000000325B713030303030303030' seq:9303196, type:1](0)
 599:8542196[3425186 .. 9999924]['0000000000325B733030303030303030' seq:9356428, type:1 .. '00000000003338FE3030303030303030' seq:7816315, type:1](0)
 600:4239657[6849772 .. 9999911]['00000000003339003030303030303030' seq:8747491, type:1 .. '000000000033B57D3030303030303030' seq:8554980, type:1](0)
 601:8542220[6850318 .. 9999975]['000000000033B5803030303030303030' seq:9311666, type:1 .. '000000000034B0903030303030303030' seq:8560502, type:1](0)
 602:8542209[6849860 .. 9999983]['000000000034B0953030303030303030' seq:8668688, type:1 .. '000000000035ACFF3030303030303030' seq:8256206, type:1](0)
 603:8542208[6849680 .. 10000000]['000000000035AD013030303030303030' seq:7646648, type:1 .. '000000000036A6E23030303030303030' seq:9522750, type:1](0)
 604:8542177[3425570 .. 9999925]['000000000036A6E53030303030303030' seq:9355316, type:1 .. '0000000000377AC33030303030303030' seq:5755424, type:1](0)
 605:8542310[3425484 .. 9999923]['0000000000377AC43030303030303030' seq:8015963, type:1 .. '000000000038DD713030303030303030' seq:8634431, type:1](0)
 606:8542166[3425589 .. 9999997]['000000000038DD723030303030303030' seq:9458688, type:1 .. '000000000039ACA83030303030303030' seq:8614212, type:1](0)
 608:8542292[3428289 .. 9999972]['00000000003A4CE03030303030303030' seq:3960055, type:1 .. '00000000003B9D9E3030303030303030' seq:9985912, type:1](0)
 609:8542304[3426532 .. 9999882]['00000000003B9D9F3030303030303030' seq:9799768, type:1 .. '00000000003CFEA53030303030303030' seq:7190589, type:1](0)
 610:8542130[3424746 .. 9999717]['00000000003CFEA63030303030303030' seq:9711907, type:1 .. '00000000003D9FFC3030303030303030' seq:7923808, type:1](0)
 611:8542144[3424497 .. 9999891]['00000000003DA0003030303030303030' seq:7368983, type:1 .. '00000000003E61953030303030303030' seq:8936481, type:1](0)
 612:8542212[3425207 .. 9999948]['00000000003E61973030303030303030' seq:9974812, type:1 .. '00000000003F5A3E3030303030303030' seq:8025587, type:1](0)
 613:8542139[3424439 .. 9999751]['00000000003F5A3F3030303030303030' seq:9474332, type:1 .. '00000000003FFB9D3030303030303030' seq:8885537, type:1](0)
 615:8542215[3424627 .. 9999989]['0000000000409C9C3030303030303030' seq:8383170, type:1 .. '00000000004196E63030303030303030' seq:9151800, type:1](0)
 617:8542143[3425888 .. 9999960]['00000000004256A33030303030303030' seq:7536706, type:1 .. '000000000042F7F93030303030303030' seq:7036645, type:1](0)
 621:8542351[3424907 .. 9999929]['00000000004495E23030303030303030' seq:6873141, type:1 .. '00000000004628283030303030303030' seq:7379403, type:1](0)
 622:8542130[3424459 .. 9999927]['00000000004628293030303030303030' seq:9642969, type:1 .. '000000000046C8F33030303030303030' seq:8474419, type:1](0)
 623:8542129[3424773 .. 9999912]['000000000046C8F43030303030303030' seq:8287245, type:1 .. '0000000000476A1E3030303030303030' seq:9624623, type:1](0)
 624:8542248[3424717 .. 9999936]['0000000000476A203030303030303030' seq:9046985, type:1 .. '000000000048838A3030303030303030' seq:7062939, type:1](0)
 627:8542155[3424397 .. 9999990]['000000000049C43A3030303030303030' seq:3477867, type:1 .. '00000000004A74F33030303030303030' seq:9830786, type:1](0)
 628:8542262[3426323 .. 9999993]['00000000004A74F93030303030303030' seq:9777279, type:1 .. '00000000004BADE53030303030303030' seq:9900725, type:1](0)
 629:6255400[3425200 .. 9999954]['00000000004BADE83030303030303030' seq:7324959, type:1 .. '00000000004C4B3F3030303030303030' seq:4515396, type:1](0)
--- level 6 --- version# 2 ---
 309:8542135[0 .. 0]['00000000000000003030303030303030' seq:0, type:1 .. '0000000000009D5D3030303030303030' seq:0, type:1](88064)
 320:8542127[0 .. 0]['0000000000009D5E3030303030303030' seq:0, type:1 .. '0000000000013B893030303030303030' seq:0, type:1](87040)
 321:8542124[0 .. 0]['0000000000013B8A3030303030303030' seq:0, type:1 .. '000000000001D9D93030303030303030' seq:0, type:1](104448)
 323:8542135[0 .. 0]['000000000001D9DA3030303030303030' seq:0, type:1 .. '00000000000277903030303030303030' seq:0, type:1](86016)
 325:8542138[0 .. 0]['00000000000277913030303030303030' seq:0, type:1 .. '00000000000316133030303030303030' seq:0, type:1](95232)
 326:8542129[0 .. 0]['00000000000316163030303030303030' seq:0, type:1 .. '000000000003B35A3030303030303030' seq:0, type:1](84992)
 328:8542130[0 .. 0]['000000000003B35C3030303030303030' seq:0, type:1 .. '00000000000450C33030303030303030' seq:0, type:1](90112)
 329:4451446[0 .. 0]['00000000000450C43030303030303030' seq:0, type:1 .. '000000000004A3103030303030303030' seq:0, type:1](52224)
 498:8542124[0 .. 0]['000000000004A3133030303030303030' seq:0, type:1 .. '00000000000538D03030303030303030' seq:0, type:1](96256)
 499:4277439[0 .. 0]['00000000000538D13030303030303030' seq:0, type:1 .. '00000000000590773030303030303030' seq:0, type:1](54272)
 311:8542139[0 .. 0]['00000000000590783030303030303030' seq:0, type:1 .. '0000000000062E863030303030303030' seq:0, type:1](105472)
 312:4311918[0 .. 0]['0000000000062E873030303030303030' seq:0, type:1 .. '0000000000067EE03030303030303030' seq:0, type:1](56320)
 500:8542130[0 .. 0]['0000000000067EE53030303030303030' seq:0, type:1 .. '0000000000071BE13030303030303030' seq:0, type:1](105472)
 506:8542120[0 .. 0]['0000000000071BE23030303030303030' seq:0, type:1 .. '000000000007ABE23030303030303030' seq:0, type:1](110592)
 507:8542145[0 .. 0]['000000000007ABE33030303030303030' seq:0, type:1 .. '00000000000857DC3030303030303030' seq:0, type:1](115712)
 508:41454[0 .. 0]['00000000000857DD3030303030303030' seq:0, type:1 .. '00000000000858FF3030303030303030' seq:0, type:1](0)
 632:8542127[0 .. 0]['00000000000859003030303030303030' seq:0, type:1 .. '000000000008EC4E3030303030303030' seq:0, type:1](118784)
 670:8542121[0 .. 0]['000000000008EC503030303030303030' seq:0, type:1 .. '000000000009748F3030303030303030' seq:0, type:1](147456)
 671:8542160[0 .. 0]['00000000000974903030303030303030' seq:0, type:1 .. '00000000000A31E23030303030303030' seq:0, type:1](102400)
 672:60787[0 .. 0]['00000000000A31E33030303030303030' seq:0, type:1 .. '00000000000A337D3030303030303030' seq:0, type:1](1024)
 468:8542104[0 .. 0]['00000000000A33823030303030303030' seq:0, type:1 .. '00000000000AC3973030303030303030' seq:0, type:1](104448)
 523:8542112[0 .. 0]['00000000000AC3983030303030303030' seq:0, type:1 .. '00000000000B52B23030303030303030' seq:0, type:1](111616)
 524:8542170[0 .. 0]['00000000000B52B33030303030303030' seq:0, type:1 .. '00000000000C09563030303030303030' seq:0, type:1](100352)
 525:44954[0 .. 0]['00000000000C09573030303030303030' seq:0, type:1 .. '00000000000C0A9B3030303030303030' seq:0, type:1](0)
 85:8542211[0 .. 0]['00000000000C0A9E3030303030303030' seq:0, type:1 .. '00000000000CF73C3030303030303030' seq:0, type:1](56320)
 494:8542124[0 .. 0]['00000000000CF7403030303030303030' seq:0, type:1 .. '00000000000D90DF3030303030303030' seq:0, type:1](108544)
 495:4332636[0 .. 0]['00000000000D90E03030303030303030' seq:0, type:1 .. '00000000000DE4573030303030303030' seq:0, type:1](54272)
 87:8542198[0 .. 0]['00000000000DE4583030303030303030' seq:0, type:1 .. '00000000000ED1B83030303030303030' seq:0, type:1](57344)
 650:8542120[0 .. 0]['00000000000ED1B93030303030303030' seq:0, type:1 .. '00000000000F626D3030303030303030' seq:0, type:1](125952)
 683:8542118[0 .. 0]['00000000000F626E3030303030303030' seq:0, type:1 .. '00000000000FEA983030303030303030' seq:0, type:1](148480)
 684:7522660[0 .. 0]['00000000000FEA993030303030303030' seq:0, type:1 .. '00000000001062993030303030303030' seq:0, type:1](141312)
 679:8542115[0 .. 0]['000000000010629C3030303030303030' seq:0, type:1 .. '000000000010EB323030303030303030' seq:0, type:1](148480)
 685:8542129[0 .. 0]['000000000010EB333030303030303030' seq:0, type:1 .. '00000000001173553030303030303030' seq:0, type:1](136192)
 686:8542120[0 .. 0]['00000000001173563030303030303030' seq:0, type:1 .. '000000000011FB903030303030303030' seq:0, type:1](149504)
 687:3948440[0 .. 0]['000000000011FB913030303030303030' seq:0, type:1 .. '0000000000123A753030303030303030' seq:0, type:1](46080)
 653:4305722[0 .. 0]['0000000000123A763030303030303030' seq:0, type:1 .. '00000000001288673030303030303030' seq:0, type:1](50176)
 504:8542154[0 .. 0]['00000000001288683030303030303030' seq:0, type:1 .. '00000000001333443030303030303030' seq:0, type:1](92160)
 505:3934877[0 .. 0]['00000000001333453030303030303030' seq:0, type:1 .. '00000000001375923030303030303030' seq:0, type:1](56320)
 480:8542126[0 .. 0]['00000000001375933030303030303030' seq:0, type:1 .. '00000000001404C93030303030303030' seq:0, type:1](114688)
 481:4337813[0 .. 0]['00000000001404CB3030303030303030' seq:0, type:1 .. '00000000001462E33030303030303030' seq:0, type:1](48128)
 640:8542144[0 .. 0]['00000000001462E43030303030303030' seq:0, type:1 .. '00000000001503023030303030303030' seq:0, type:1](133120)
 641:4284167[0 .. 0]['00000000001503033030303030303030' seq:0, type:1 .. '0000000000154F963030303030303030' seq:0, type:1](55296)
 313:8542148[0 .. 0]['0000000000154F9A3030303030303030' seq:0, type:1 .. '000000000015EFAA3030303030303030' seq:0, type:1](84992)
 314:4213549[0 .. 0]['000000000015EFAB3030303030303030' seq:0, type:1 .. '0000000000163DBA3030303030303030' seq:0, type:1](48128)
 307:8542147[0 .. 0]['0000000000163DBB3030303030303030' seq:0, type:1 .. '000000000016DA3A3030303030303030' seq:0, type:1](108544)
 317:8542134[0 .. 0]['000000000016DA3B3030303030303030' seq:0, type:1 .. '00000000001777893030303030303030' seq:0, type:1](97280)
 318:8542141[0 .. 0]['000000000017778B3030303030303030' seq:0, type:1 .. '00000000001815963030303030303030' seq:0, type:1](83968)
 319:91573[0 .. 0]['00000000001815973030303030303030' seq:0, type:1 .. '00000000001818223030303030303030' seq:0, type:1](0)
 646:8542118[0 .. 0]['00000000001818233030303030303030' seq:0, type:1 .. '000000000018A2343030303030303030' seq:0, type:1](144384)
 673:8542113[0 .. 0]['000000000018A2353030303030303030' seq:0, type:1 .. '0000000000192A123030303030303030' seq:0, type:1](131072)
 674:8542180[0 .. 0]['0000000000192A133030303030303030' seq:0, type:1 .. '000000000019EE6E3030303030303030' seq:0, type:1](80896)
 675:97613[0 .. 0]['000000000019EE703030303030303030' seq:0, type:1 .. '000000000019F0ED3030303030303030' seq:0, type:1](0)
 352:8542133[0 .. 0]['000000000019F0EE3030303030303030' seq:0, type:1 .. '00000000001A8EB13030303030303030' seq:0, type:1](87040)
 354:8542141[0 .. 0]['00000000001A8EB33030303030303030' seq:0, type:1 .. '00000000001B2C8F3030303030303030' seq:0, type:1](87040)
 355:8542137[0 .. 0]['00000000001B2C913030303030303030' seq:0, type:1 .. '00000000001BCB133030303030303030' seq:0, type:1](76800)
 356:133609[0 .. 0]['00000000001BCB153030303030303030' seq:0, type:1 .. '00000000001BCED53030303030303030' seq:0, type:1](3072)
 636:8542130[0 .. 0]['00000000001BCED63030303030303030' seq:0, type:1 .. '00000000001C63463030303030303030' seq:0, type:1](140288)
 658:8542112[0 .. 0]['00000000001C63473030303030303030' seq:0, type:1 .. '00000000001CEB453030303030303030' seq:0, type:1](141312)
 659:8542162[0 .. 0]['00000000001CEB463030303030303030' seq:0, type:1 .. '00000000001DA6363030303030303030' seq:0, type:1](102400)
 660:24741[0 .. 0]['00000000001DA6373030303030303030' seq:0, type:1 .. '00000000001DA6EA3030303030303030' seq:0, type:1](0)
 486:8542144[0 .. 0]['00000000001DA6EB3030303030303030' seq:0, type:1 .. '00000000001E49E53030303030303030' seq:0, type:1](89088)
 487:4313709[0 .. 0]['00000000001E49E63030303030303030' seq:0, type:1 .. '00000000001E94433030303030303030' seq:0, type:1](58368)
 105:8542202[0 .. 0]['00000000001E94453030303030303030' seq:0, type:1 .. '00000000001F81EC3030303030303030' seq:0, type:1](0)
 638:8542118[0 .. 0]['00000000001F81ED3030303030303030' seq:0, type:1 .. '0000000000200CE13030303030303030' seq:0, type:1](0)
 661:8542107[0 .. 0]['0000000000200CE23030303030303030' seq:0, type:1 .. '00000000002095183030303030303030' seq:0, type:1](0)
 662:8542159[0 .. 0]['00000000002095193030303030303030' seq:0, type:1 .. '0000000000215B5B3030303030303030' seq:0, type:1](0)
 663:83720[0 .. 0]['0000000000215B5D3030303030303030' seq:0, type:1 .. '0000000000215DA43030303030303030' seq:0, type:1](0)
 492:8542126[0 .. 0]['0000000000215DA73030303030303030' seq:0, type:1 .. '000000000021F1DD3030303030303030' seq:0, type:1](0)
 529:8542109[0 .. 0]['000000000021F1DE3030303030303030' seq:0, type:1 .. '00000000002281433030303030303030' seq:0, type:1](0)
 530:8542154[0 .. 0]['00000000002281443030303030303030' seq:0, type:1 .. '00000000002336B13030303030303030' seq:0, type:1](0)
 531:83441[0 .. 0]['00000000002336B33030303030303030' seq:0, type:1 .. '00000000002338D33030303030303030' seq:0, type:1](0)
 642:8542139[0 .. 0]['00000000002338D53030303030303030' seq:0, type:1 .. '000000000023CFCC3030303030303030' seq:0, type:1](0)
 643:4316256[0 .. 0]['000000000023CFCD3030303030303030' seq:0, type:1 .. '000000000024264B3030303030303030' seq:0, type:1](0)
 478:8542135[0 .. 0]['000000000024264C3030303030303030' seq:0, type:1 .. '000000000024C3243030303030303030' seq:0, type:1](0)
 479:4313151[0 .. 0]['000000000024C3253030303030303030' seq:0, type:1 .. '00000000002511033030303030303030' seq:0, type:1](0)
 346:8542132[0 .. 0]['00000000002511043030303030303030' seq:0, type:1 .. '000000000025ADFA3030303030303030' seq:0, type:1](0)
 347:4319349[0 .. 0]['000000000025ADFB3030303030303030' seq:0, type:1 .. '000000000025FE203030303030303030' seq:0, type:1](0)
 337:8542141[0 .. 0]['000000000025FE213030303030303030' seq:0, type:1 .. '0000000000269C813030303030303030' seq:0, type:1](0)
 339:8542153[0 .. 0]['0000000000269C823030303030303030' seq:0, type:1 .. '0000000000273AA13030303030303030' seq:0, type:1](0)
 340:8542137[0 .. 0]['0000000000273AA23030303030303030' seq:0, type:1 .. '000000000027D9E73030303030303030' seq:0, type:1](0)
 341:78005[0 .. 0]['000000000027D9E93030303030303030' seq:0, type:1 .. '000000000027DC2B3030303030303030' seq:0, type:1](0)
 644:8542122[0 .. 0]['000000000027DC2D3030303030303030' seq:0, type:1 .. '00000000002871B03030303030303030' seq:0, type:1](0)
 645:4321285[0 .. 0]['00000000002871B13030303030303030' seq:0, type:1 .. '000000000028C9D13030303030303030' seq:0, type:1](0)
 482:8542139[0 .. 0]['000000000028C9D33030303030303030' seq:0, type:1 .. '0000000000296FCC3030303030303030' seq:0, type:1](0)
 483:4318734[0 .. 0]['0000000000296FCE3030303030303030' seq:0, type:1 .. '000000000029B8233030303030303030' seq:0, type:1](0)
 490:8542118[0 .. 0]['000000000029B8243030303030303030' seq:0, type:1 .. '00000000002A47BA3030303030303030' seq:0, type:1](0)
 517:8542120[0 .. 0]['00000000002A47BB3030303030303030' seq:0, type:1 .. '00000000002AD76D3030303030303030' seq:0, type:1](0)
 518:8542158[0 .. 0]['00000000002AD76E3030303030303030' seq:0, type:1 .. '00000000002B90FB3030303030303030' seq:0, type:1](0)
 519:89634[0 .. 0]['00000000002B90FE3030303030303030' seq:0, type:1 .. '00000000002B93513030303030303030' seq:0, type:1](0)
 119:8542216[0 .. 0]['00000000002B93523030303030303030' seq:0, type:1 .. '00000000002C80753030303030303030' seq:0, type:1](0)
 502:8542118[0 .. 0]['00000000002C80773030303030303030' seq:0, type:1 .. '00000000002D17FC3030303030303030' seq:0, type:1](0)
 526:8542122[0 .. 0]['00000000002D17FF3030303030303030' seq:0, type:1 .. '00000000002DA79F3030303030303030' seq:0, type:1](0)
 527:8542155[0 .. 0]['00000000002DA7A03030303030303030' seq:0, type:1 .. '00000000002E57D93030303030303030' seq:0, type:1](0)
 528:82336[0 .. 0]['00000000002E57DA3030303030303030' seq:0, type:1 .. '00000000002E5A0D3030303030303030' seq:0, type:1](0)
 122:8542192[0 .. 0]['00000000002E5A0E3030303030303030' seq:0, type:1 .. '00000000002F47183030303030303030' seq:0, type:1](0)
 466:8542141[0 .. 0]['00000000002F471D3030303030303030' seq:0, type:1 .. '00000000002FE8C43030303030303030' seq:0, type:1](0)
 467:4341173[0 .. 0]['00000000002FE8C63030303030303030' seq:0, type:1 .. '00000000003036C63030303030303030' seq:0, type:1](0)
 630:8542131[0 .. 0]['00000000003036C73030303030303030' seq:0, type:1 .. '000000000030DB333030303030303030' seq:0, type:1](0)
 676:8542129[0 .. 0]['000000000030DB343030303030303030' seq:0, type:1 .. '00000000003163173030303030303030' seq:0, type:1](0)
 677:8542156[0 .. 0]['00000000003163183030303030303030' seq:0, type:1 .. '0000000000320EAB3030303030303030' seq:0, type:1](0)
 678:97060[0 .. 0]['0000000000320EAE3030303030303030' seq:0, type:1 .. '000000000032113A3030303030303030' seq:0, type:1](0)
 357:8542177[0 .. 0]['000000000032113B3030303030303030' seq:0, type:1 .. '000000000032DA5D3030303030303030' seq:0, type:1](0)
 358:8542142[0 .. 0]['000000000032DA5E3030303030303030' seq:0, type:1 .. '000000000033774C3030303030303030' seq:0, type:1](0)
 359:4294083[0 .. 0]['00000000003377503030303030303030' seq:0, type:1 .. '000000000033C6D93030303030303030' seq:0, type:1](0)
 349:8542133[0 .. 0]['000000000033C6DA3030303030303030' seq:0, type:1 .. '000000000034645C3030303030303030' seq:0, type:1](0)
 350:4309923[0 .. 0]['000000000034645D3030303030303030' seq:0, type:1 .. '000000000034B3F03030303030303030' seq:0, type:1](0)
 343:8542127[0 .. 0]['000000000034B3F13030303030303030' seq:0, type:1 .. '00000000003551C03030303030303030' seq:0, type:1](0)
 344:4299731[0 .. 0]['00000000003551C23030303030303030' seq:0, type:1 .. '000000000035A0EF3030303030303030' seq:0, type:1](0)
 331:8542131[0 .. 0]['000000000035A0F03030303030303030' seq:0, type:1 .. '0000000000363ECF3030303030303030' seq:0, type:1](0)
 333:8542134[0 .. 0]['0000000000363ED23030303030303030' seq:0, type:1 .. '000000000036DCDD3030303030303030' seq:0, type:1](0)
 334:8542164[0 .. 0]['000000000036DCDE3030303030303030' seq:0, type:1 .. '0000000000379D153030303030303030' seq:0, type:1](0)
 335:101539[0 .. 0]['0000000000379D163030303030303030' seq:0, type:1 .. '0000000000379FB33030303030303030' seq:0, type:1](0)
 472:8542144[0 .. 0]['0000000000379FB73030303030303030' seq:0, type:1 .. '000000000038387B3030303030303030' seq:0, type:1](0)
 514:8542120[0 .. 0]['000000000038387C3030303030303030' seq:0, type:1 .. '000000000038C84D3030303030303030' seq:0, type:1](0)
 515:8542160[0 .. 0]['000000000038C84E3030303030303030' seq:0, type:1 .. '00000000003979443030303030303030' seq:0, type:1](0)
 516:71537[0 .. 0]['00000000003979493030303030303030' seq:0, type:1 .. '0000000000397B493030303030303030' seq:0, type:1](0)
 634:8542126[0 .. 0]['0000000000397B503030303030303030' seq:0, type:1 .. '00000000003A18A03030303030303030' seq:0, type:1](0)
 635:4286945[0 .. 0]['00000000003A18A13030303030303030' seq:0, type:1 .. '00000000003A68CE3030303030303030' seq:0, type:1](0)
 476:8542137[0 .. 0]['00000000003A68D13030303030303030' seq:0, type:1 .. '00000000003B08573030303030303030' seq:0, type:1](0)
 477:4592643[0 .. 0]['00000000003B08583030303030303030' seq:0, type:1 .. '00000000003B55AA3030303030303030' seq:0, type:1](0)
 496:8542117[0 .. 0]['00000000003B55AB3030303030303030' seq:0, type:1 .. '00000000003BE4CA3030303030303030' seq:0, type:1](0)
 520:8542117[0 .. 0]['00000000003BE4CB3030303030303030' seq:0, type:1 .. '00000000003C741C3030303030303030' seq:0, type:1](0)
 521:8542170[0 .. 0]['00000000003C741D3030303030303030' seq:0, type:1 .. '00000000003D2DD13030303030303030' seq:0, type:1](0)
 522:20262[0 .. 0]['00000000003D2DD23030303030303030' seq:0, type:1 .. '00000000003D2E553030303030303030' seq:0, type:1](0)
 140:8542205[0 .. 0]['00000000003D2E563030303030303030' seq:0, type:1 .. '00000000003E1AE53030303030303030' seq:0, type:1](0)
 484:8542122[0 .. 0]['00000000003E1AE83030303030303030' seq:0, type:1 .. '00000000003EB2FB3030303030303030' seq:0, type:1](0)
 485:4337809[0 .. 0]['00000000003EB2FC3030303030303030' seq:0, type:1 .. '00000000003F09153030303030303030' seq:0, type:1](0)
 142:8542191[0 .. 0]['00000000003F09163030303030303030' seq:0, type:1 .. '00000000003FF4CF3030303030303030' seq:0, type:1](0)
 654:8542122[0 .. 0]['00000000003FF4D03030303030303030' seq:0, type:1 .. '0000000000407F503030303030303030' seq:0, type:1](0)
 655:4309945[0 .. 0]['0000000000407F513030303030303030' seq:0, type:1 .. '000000000040E0943030303030303030' seq:0, type:1](0)
 464:8542139[0 .. 0]['000000000040E0953030303030303030' seq:0, type:1 .. '00000000004182D33030303030303030' seq:0, type:1](0)
 681:8542127[0 .. 0]['00000000004182D43030303030303030' seq:0, type:1 .. '0000000000420C873030303030303030' seq:0, type:1](0)
 682:8420241[0 .. 0]['0000000000420C883030303030303030' seq:0, type:1 .. '000000000042BE773030303030303030' seq:0, type:1](0)
 648:8542141[0 .. 0]['000000000042BE783030303030303030' seq:0, type:1 .. '0000000000435E8C3030303030303030' seq:0, type:1](0)
 667:8542112[0 .. 0]['0000000000435E8D3030303030303030' seq:0, type:1 .. '000000000043E6BE3030303030303030' seq:0, type:1](0)
 668:8542121[0 .. 0]['000000000043E6BF3030303030303030' seq:0, type:1 .. '0000000000446E463030303030303030' seq:0, type:1](0)
 669:2491296[0 .. 0]['0000000000446E473030303030303030' seq:0, type:1 .. '00000000004495E13030303030303030' seq:0, type:1](0)
 470:8542125[0 .. 0]['00000000004495E23030303030303030' seq:0, type:1 .. '0000000000452BB73030303030303030' seq:0, type:1](0)
 509:8542130[0 .. 0]['0000000000452BB93030303030303030' seq:0, type:1 .. '000000000045BB353030303030303030' seq:0, type:1](0)
 512:8542155[0 .. 0]['000000000045BB363030303030303030' seq:0, type:1 .. '0000000000466FA33030303030303030' seq:0, type:1](0)
 513:23911[0 .. 0]['0000000000466FA43030303030303030' seq:0, type:1 .. '00000000004670573030303030303030' seq:0, type:1](0)
 150:8542201[0 .. 0]['00000000004670583030303030303030' seq:0, type:1 .. '0000000000475E963030303030303030' seq:0, type:1](0)
 474:8542141[0 .. 0]['0000000000475E973030303030303030' seq:0, type:1 .. '000000000047FBC83030303030303030' seq:0, type:1](0)
 475:4321004[0 .. 0]['000000000047FBC93030303030303030' seq:0, type:1 .. '0000000000484C8A3030303030303030' seq:0, type:1](0)
 656:8542144[0 .. 0]['0000000000484C8B3030303030303030' seq:0, type:1 .. '000000000048EC453030303030303030' seq:0, type:1](0)
 664:8542115[0 .. 0]['000000000048EC463030303030303030' seq:0, type:1 .. '000000000049744E3030303030303030' seq:0, type:1](0)
 665:8542153[0 .. 0]['00000000004974503030303030303030' seq:0, type:1 .. '00000000004A26B73030303030303030' seq:0, type:1](0)
 666:56259[0 .. 0]['00000000004A26B83030303030303030' seq:0, type:1 .. '00000000004A28503030303030303030' seq:0, type:1](0)
 462:8542144[0 .. 0]['00000000004A28513030303030303030' seq:0, type:1 .. '00000000004ACC9B3030303030303030' seq:0, type:1](0)
 463:4267502[0 .. 0]['00000000004ACC9C3030303030303030' seq:0, type:1 .. '00000000004B15023030303030303030' seq:0, type:1](0)
 315:8542136[0 .. 0]['00000000004B15033030303030303030' seq:0, type:1 .. '00000000004BBB0C3030303030303030' seq:0, type:1](0)
 316:6857845[0 .. 0]['00000000004BBB0D3030303030303030' seq:0, type:1 .. '00000000004C4B3E3030303030303030' seq:0, type:1](0)

STATISTICS:
rocksdb.block.cache.miss COUNT : 0
rocksdb.block.cache.hit COUNT : 0
rocksdb.block.cache.add COUNT : 0
rocksdb.block.cache.add.failures COUNT : 0
rocksdb.block.cache.index.miss COUNT : 0
rocksdb.block.cache.index.hit COUNT : 0
rocksdb.block.cache.index.add COUNT : 0
rocksdb.block.cache.index.bytes.insert COUNT : 0
rocksdb.block.cache.index.bytes.evict COUNT : 0
rocksdb.block.cache.filter.miss COUNT : 0
rocksdb.block.cache.filter.hit COUNT : 0
rocksdb.block.cache.filter.add COUNT : 0
rocksdb.block.cache.filter.bytes.insert COUNT : 0
rocksdb.block.cache.filter.bytes.evict COUNT : 0
rocksdb.block.cache.data.miss COUNT : 0
rocksdb.block.cache.data.hit COUNT : 0
rocksdb.block.cache.data.add COUNT : 0
rocksdb.block.cache.data.bytes.insert COUNT : 0
rocksdb.block.cache.bytes.read COUNT : 0
rocksdb.block.cache.bytes.write COUNT : 0
rocksdb.bloom.filter.useful COUNT : 4166728
rocksdb.bloom.filter.full.positive COUNT : 6928422
rocksdb.bloom.filter.full.true.positive COUNT : 6917716
rocksdb.bloom.filter.micros COUNT : 0
rocksdb.persistent.cache.hit COUNT : 6772007
rocksdb.persistent.cache.miss COUNT : 157063
rocksdb.sim.block.cache.hit COUNT : 0
rocksdb.sim.block.cache.miss COUNT : 0
rocksdb.memtable.hit COUNT : 0
rocksdb.memtable.miss COUNT : 8000000
rocksdb.l0.hit COUNT : 0
rocksdb.l1.hit COUNT : 0
rocksdb.l2andup.hit COUNT : 6917716
rocksdb.compaction.key.drop.new COUNT : 0
rocksdb.compaction.key.drop.obsolete COUNT : 0
rocksdb.compaction.key.drop.range_del COUNT : 0
rocksdb.compaction.key.drop.user COUNT : 0
rocksdb.compaction.range_del.drop.obsolete COUNT : 0
rocksdb.compaction.optimized.del.drop.obsolete COUNT : 0
rocksdb.compaction.cancelled COUNT : 0
rocksdb.number.keys.written COUNT : 0
rocksdb.number.keys.read COUNT : 8000000
rocksdb.number.keys.updated COUNT : 0
rocksdb.bytes.written COUNT : 0
rocksdb.bytes.read COUNT : 1770935296
rocksdb.number.db.seek COUNT : 0
rocksdb.number.db.next COUNT : 0
rocksdb.number.db.prev COUNT : 0
rocksdb.number.db.seek.found COUNT : 0
rocksdb.number.db.next.found COUNT : 0
rocksdb.number.db.prev.found COUNT : 0
rocksdb.db.iter.bytes.read COUNT : 0
rocksdb.no.file.closes COUNT : 0
rocksdb.no.file.opens COUNT : 216
rocksdb.no.file.errors COUNT : 0
rocksdb.l0.slowdown.micros COUNT : 0
rocksdb.memtable.compaction.micros COUNT : 0
rocksdb.l0.num.files.stall.micros COUNT : 0
rocksdb.stall.micros COUNT : 0
rocksdb.db.mutex.wait.micros COUNT : 0
rocksdb.rate.limit.delay.millis COUNT : 0
rocksdb.num.iterators COUNT : 0
rocksdb.number.multiget.get COUNT : 0
rocksdb.number.multiget.keys.read COUNT : 0
rocksdb.number.multiget.bytes.read COUNT : 0
rocksdb.number.deletes.filtered COUNT : 0
rocksdb.number.merge.failures COUNT : 0
rocksdb.bloom.filter.prefix.checked COUNT : 0
rocksdb.bloom.filter.prefix.useful COUNT : 0
rocksdb.number.reseeks.iteration COUNT : 0
rocksdb.getupdatessince.calls COUNT : 0
rocksdb.block.cachecompressed.miss COUNT : 0
rocksdb.block.cachecompressed.hit COUNT : 0
rocksdb.block.cachecompressed.add COUNT : 0
rocksdb.block.cachecompressed.add.failures COUNT : 0
rocksdb.wal.synced COUNT : 0
rocksdb.wal.bytes COUNT : 0
rocksdb.write.self COUNT : 0
rocksdb.write.other COUNT : 0
rocksdb.write.timeout COUNT : 0
rocksdb.write.wal COUNT : 0
rocksdb.compact.read.bytes COUNT : 0
rocksdb.compact.write.bytes COUNT : 0
rocksdb.flush.write.bytes COUNT : 0
rocksdb.number.direct.load.table.properties COUNT : 0
rocksdb.number.superversion_acquires COUNT : 4
rocksdb.number.superversion_releases COUNT : 0
rocksdb.number.superversion_cleanups COUNT : 0
rocksdb.number.block.compressed COUNT : 0
rocksdb.number.block.decompressed COUNT : 0
rocksdb.number.block.not_compressed COUNT : 0
rocksdb.merge.operation.time.nanos COUNT : 0
rocksdb.filter.operation.time.nanos COUNT : 0
rocksdb.row.cache.hit COUNT : 0
rocksdb.row.cache.miss COUNT : 0
rocksdb.read.amp.estimate.useful.bytes COUNT : 0
rocksdb.read.amp.total.read.bytes COUNT : 0
rocksdb.number.rate_limiter.drains COUNT : 0
rocksdb.number.iter.skip COUNT : 0
rocksdb.blobdb.num.put COUNT : 0
rocksdb.blobdb.num.write COUNT : 0
rocksdb.blobdb.num.get COUNT : 0
rocksdb.blobdb.num.multiget COUNT : 0
rocksdb.blobdb.num.seek COUNT : 0
rocksdb.blobdb.num.next COUNT : 0
rocksdb.blobdb.num.prev COUNT : 0
rocksdb.blobdb.num.keys.written COUNT : 0
rocksdb.blobdb.num.keys.read COUNT : 0
rocksdb.blobdb.bytes.written COUNT : 0
rocksdb.blobdb.bytes.read COUNT : 0
rocksdb.blobdb.write.inlined COUNT : 0
rocksdb.blobdb.write.inlined.ttl COUNT : 0
rocksdb.blobdb.write.blob COUNT : 0
rocksdb.blobdb.write.blob.ttl COUNT : 0
rocksdb.blobdb.blob.file.bytes.written COUNT : 0
rocksdb.blobdb.blob.file.bytes.read COUNT : 0
rocksdb.blobdb.blob.file.synced COUNT : 0
rocksdb.blobdb.blob.index.expired.count COUNT : 0
rocksdb.blobdb.blob.index.expired.size COUNT : 0
rocksdb.blobdb.blob.index.evicted.count COUNT : 0
rocksdb.blobdb.blob.index.evicted.size COUNT : 0
rocksdb.blobdb.gc.num.files COUNT : 0
rocksdb.blobdb.gc.num.new.files COUNT : 0
rocksdb.blobdb.gc.failures COUNT : 0
rocksdb.blobdb.gc.num.keys.overwritten COUNT : 0
rocksdb.blobdb.gc.num.keys.expired COUNT : 0
rocksdb.blobdb.gc.num.keys.relocated COUNT : 0
rocksdb.blobdb.gc.bytes.overwritten COUNT : 0
rocksdb.blobdb.gc.bytes.expired COUNT : 0
rocksdb.blobdb.gc.bytes.relocated COUNT : 0
rocksdb.blobdb.fifo.num.files.evicted COUNT : 0
rocksdb.blobdb.fifo.num.keys.evicted COUNT : 0
rocksdb.blobdb.fifo.bytes.evicted COUNT : 0
rocksdb.txn.overhead.mutex.prepare COUNT : 0
rocksdb.txn.overhead.mutex.old.commit.map COUNT : 0
rocksdb.txn.overhead.duplicate.key COUNT : 0
rocksdb.txn.overhead.mutex.snapshot COUNT : 0
rocksdb.number.multiget.keys.found COUNT : 0
rocksdb.num.iterator.created COUNT : 0
rocksdb.num.iterator.deleted COUNT : 0
rocksdb.block.cache.compression.dict.miss COUNT : 0
rocksdb.block.cache.compression.dict.hit COUNT : 0
rocksdb.block.cache.compression.dict.add COUNT : 0
rocksdb.block.cache.compression.dict.bytes.insert COUNT : 0
rocksdb.block.cache.compression.dict.bytes.evict COUNT : 0
rocksdb.db.get.micros P50 : 28.042983 P95 : 47.696544 P99 : 71.704539 P100 : 3641.000000 COUNT : 8000000 SUM : 218261877
rocksdb.db.write.micros P50 : 0.000000 P95 : 0.000000 P99 : 0.000000 P100 : 0.000000 COUNT : 0 SUM : 0
rocksdb.compaction.times.micros P50 : 0.000000 P95 : 0.000000 P99 : 0.000000 P100 : 0.000000 COUNT : 0 SUM : 0
rocksdb.compaction.times.cpu_micros P50 : 0.000000 P95 : 0.000000 P99 : 0.000000 P100 : 0.000000 COUNT : 0 SUM : 0
rocksdb.subcompaction.setup.times.micros P50 : 0.000000 P95 : 0.000000 P99 : 0.000000 P100 : 0.000000 COUNT : 0 SUM : 0
rocksdb.table.sync.micros P50 : 0.000000 P95 : 0.000000 P99 : 0.000000 P100 : 0.000000 COUNT : 0 SUM : 0
rocksdb.compaction.outfile.sync.micros P50 : 0.000000 P95 : 0.000000 P99 : 0.000000 P100 : 0.000000 COUNT : 0 SUM : 0
rocksdb.wal.file.sync.micros P50 : 0.000000 P95 : 0.000000 P99 : 0.000000 P100 : 0.000000 COUNT : 0 SUM : 0
rocksdb.manifest.file.sync.micros P50 : 547.000000 P95 : 547.000000 P99 : 547.000000 P100 : 547.000000 COUNT : 1 SUM : 547
rocksdb.table.open.io.micros P50 : 1094.772727 P95 : 2331.578947 P99 : 2530.000000 P100 : 2530.000000 COUNT : 216 SUM : 238381
rocksdb.db.multiget.micros P50 : 0.000000 P95 : 0.000000 P99 : 0.000000 P100 : 0.000000 COUNT : 0 SUM : 0
rocksdb.read.block.compaction.micros P50 : 0.000000 P95 : 0.000000 P99 : 0.000000 P100 : 0.000000 COUNT : 0 SUM : 0
rocksdb.read.block.get.micros P50 : 24.580435 P95 : 38.188100 P99 : 63.770916 P100 : 3626.000000 COUNT : 6928854 SUM : 172362026
rocksdb.write.raw.block.micros P50 : 0.000000 P95 : 0.000000 P99 : 0.000000 P100 : 0.000000 COUNT : 0 SUM : 0
rocksdb.l0.slowdown.count P50 : 0.000000 P95 : 0.000000 P99 : 0.000000 P100 : 0.000000 COUNT : 0 SUM : 0
rocksdb.memtable.compaction.count P50 : 0.000000 P95 : 0.000000 P99 : 0.000000 P100 : 0.000000 COUNT : 0 SUM : 0
rocksdb.num.files.stall.count P50 : 0.000000 P95 : 0.000000 P99 : 0.000000 P100 : 0.000000 COUNT : 0 SUM : 0
rocksdb.hard.rate.limit.delay.count P50 : 0.000000 P95 : 0.000000 P99 : 0.000000 P100 : 0.000000 COUNT : 0 SUM : 0
rocksdb.soft.rate.limit.delay.count P50 : 0.000000 P95 : 0.000000 P99 : 0.000000 P100 : 0.000000 COUNT : 0 SUM : 0
rocksdb.numfiles.in.singlecompaction P50 : 0.000000 P95 : 0.000000 P99 : 0.000000 P100 : 0.000000 COUNT : 0 SUM : 0
rocksdb.db.seek.micros P50 : 0.000000 P95 : 0.000000 P99 : 0.000000 P100 : 0.000000 COUNT : 0 SUM : 0
rocksdb.db.write.stall P50 : 0.000000 P95 : 0.000000 P99 : 0.000000 P100 : 0.000000 COUNT : 0 SUM : 0
rocksdb.sst.read.micros P50 : 17.875543 P95 : 33.570279 P99 : 48.784476 P100 : 806.000000 COUNT : 157495 SUM : 2761528
rocksdb.num.subcompactions.scheduled P50 : 0.000000 P95 : 0.000000 P99 : 0.000000 P100 : 0.000000 COUNT : 0 SUM : 0
rocksdb.bytes.per.read P50 : 256.000000 P95 : 256.000000 P99 : 256.000000 P100 : 256.000000 COUNT : 8000000 SUM : 1770935296
rocksdb.bytes.per.write P50 : 0.000000 P95 : 0.000000 P99 : 0.000000 P100 : 0.000000 COUNT : 0 SUM : 0
rocksdb.bytes.per.multiget P50 : 0.000000 P95 : 0.000000 P99 : 0.000000 P100 : 0.000000 COUNT : 0 SUM : 0
rocksdb.bytes.compressed P50 : 0.000000 P95 : 0.000000 P99 : 0.000000 P100 : 0.000000 COUNT : 0 SUM : 0
rocksdb.bytes.decompressed P50 : 0.000000 P95 : 0.000000 P99 : 0.000000 P100 : 0.000000 COUNT : 0 SUM : 0
rocksdb.compression.times.nanos P50 : 0.000000 P95 : 0.000000 P99 : 0.000000 P100 : 0.000000 COUNT : 0 SUM : 0
rocksdb.decompression.times.nanos P50 : 0.000000 P95 : 0.000000 P99 : 0.000000 P100 : 0.000000 COUNT : 0 SUM : 0
rocksdb.read.num.merge_operands P50 : 0.000000 P95 : 0.000000 P99 : 0.000000 P100 : 0.000000 COUNT : 0 SUM : 0
rocksdb.blobdb.key.size P50 : 0.000000 P95 : 0.000000 P99 : 0.000000 P100 : 0.000000 COUNT : 0 SUM : 0
rocksdb.blobdb.value.size P50 : 0.000000 P95 : 0.000000 P99 : 0.000000 P100 : 0.000000 COUNT : 0 SUM : 0
rocksdb.blobdb.write.micros P50 : 0.000000 P95 : 0.000000 P99 : 0.000000 P100 : 0.000000 COUNT : 0 SUM : 0
rocksdb.blobdb.get.micros P50 : 0.000000 P95 : 0.000000 P99 : 0.000000 P100 : 0.000000 COUNT : 0 SUM : 0
rocksdb.blobdb.multiget.micros P50 : 0.000000 P95 : 0.000000 P99 : 0.000000 P100 : 0.000000 COUNT : 0 SUM : 0
rocksdb.blobdb.seek.micros P50 : 0.000000 P95 : 0.000000 P99 : 0.000000 P100 : 0.000000 COUNT : 0 SUM : 0
rocksdb.blobdb.next.micros P50 : 0.000000 P95 : 0.000000 P99 : 0.000000 P100 : 0.000000 COUNT : 0 SUM : 0
rocksdb.blobdb.prev.micros P50 : 0.000000 P95 : 0.000000 P99 : 0.000000 P100 : 0.000000 COUNT : 0 SUM : 0
rocksdb.blobdb.blob.file.write.micros P50 : 0.000000 P95 : 0.000000 P99 : 0.000000 P100 : 0.000000 COUNT : 0 SUM : 0
rocksdb.blobdb.blob.file.read.micros P50 : 0.000000 P95 : 0.000000 P99 : 0.000000 P100 : 0.000000 COUNT : 0 SUM : 0
rocksdb.blobdb.blob.file.sync.micros P50 : 0.000000 P95 : 0.000000 P99 : 0.000000 P100 : 0.000000 COUNT : 0 SUM : 0
rocksdb.blobdb.gc.micros P50 : 0.000000 P95 : 0.000000 P99 : 0.000000 P100 : 0.000000 COUNT : 0 SUM : 0
rocksdb.blobdb.compression.micros P50 : 0.000000 P95 : 0.000000 P99 : 0.000000 P100 : 0.000000 COUNT : 0 SUM : 0
rocksdb.blobdb.decompression.micros P50 : 0.000000 P95 : 0.000000 P99 : 0.000000 P100 : 0.000000 COUNT : 0 SUM : 0
rocksdb.db.flush.micros P50 : 0.000000 P95 : 0.000000 P99 : 0.000000 P100 : 0.000000 COUNT : 0 SUM : 0
rocksdb.sst.batch.size P50 : 0.000000 P95 : 0.000000 P99 : 0.000000 P100 : 0.000000 COUNT : 0 SUM : 0

