Initializing RocksDB Options from the specified file
Initializing RocksDB Options from command-line flags
paht=/home/zyh/480G/wp/pcache/pcache_file
Keys:       16 bytes each
Values:     256 bytes each (128 bytes after compression)
Entries:    2000000
Prefix:    0 bytes
Keys per prefix:    0
RawSize:    518.8 MB (estimated)
FileSize:   274.7 MB (estimated)
Write rate: 0 bytes/second
Read rate: 0 ops/second
Compression: NoCompression
Compression sampling rate: 0
Memtablerep: skip_list
Perf Level: 5
WARNING: Assertions are enabled; benchmarks unnecessarily slow
------------------------------------------------
DB path: [/home/zyh/480G/wp]
readrandom   :      39.817 micros/op 100398 ops/sec;   22.5 MB/s (1729579 of 2000000 found)
 PERF_CONTEXT:
user_key_comparison_count = 52167144, block_cache_hit_count = 0, block_read_count = 1546035, block_read_byte = 6026306566, block_read_time = 6595561260, block_cache_index_hit_count = 0, index_block_read_count = 0, block_cache_filter_hit_count = 0, filter_block_read_count = 0, compression_dict_block_read_count = 0, block_checksum_time = 496488095, block_decompress_time = 144324064, get_read_bytes = 442772224, multiget_read_bytes = 0, iter_read_bytes = 0, internal_key_skipped_count = 0, internal_delete_skipped_count = 0, internal_recent_skipped_count = 0, internal_merge_count = 0, write_wal_time = 0, get_snapshot_time = 1034059440, get_from_memtable_time = 0, get_from_memtable_count = 0, get_post_process_time = 408487871, get_from_output_files_time = 73933653784, seek_on_memtable_time = 0, seek_on_memtable_count = 0, next_on_memtable_count = 0, prev_on_memtable_count = 0, seek_child_seek_time = 0, seek_child_seek_count = 0, seek_min_heap_time = 0, seek_internal_seek_time = 0, find_next_user_entry_time = 0, write_pre_and_post_process_time = 0, write_memtable_time = 0, write_thread_wait_nanos = 0, write_scheduling_flushes_compactions_time = 0, db_mutex_lock_nanos = 317, db_condition_wait_nanos = 0, merge_operator_time_nanos = 0, write_delay_time = 0, read_index_block_nanos = 0, read_filter_block_nanos = 0, new_table_block_iter_nanos = 66191826591, new_table_iterator_nanos = 0, block_seek_nanos = 2182236442, find_table_nanos = 0, bloom_memtable_hit_count = 0, bloom_memtable_miss_count = 0, bloom_sst_hit_count = 1732154, bloom_sst_miss_count = 1020491, key_lock_wait_time = 0, key_lock_wait_count = 0, env_new_sequential_file_nanos = 0, env_new_random_access_file_nanos = 0, env_new_writable_file_nanos = 0, env_reuse_writable_file_nanos = 0, env_new_random_rw_file_nanos = 0, env_new_directory_nanos = 0, env_file_exists_nanos = 0, env_get_children_nanos = 0, env_get_children_file_attributes_nanos = 0, env_delete_file_nanos = 0, env_create_dir_nanos = 0, env_create_dir_if_missing_nanos = 0, env_delete_dir_nanos = 0, env_get_file_size_nanos = 0, env_get_file_modification_time_nanos = 0, env_rename_file_nanos = 0, env_link_file_nanos = 0, env_lock_file_nanos = 0, env_unlock_file_nanos = 0, env_new_logger_nanos = 0, get_cpu_nanos = 49877716079, iter_next_cpu_nanos = 0, iter_prev_cpu_nanos = 0, iter_seek_cpu_nanos = 0, bloom_filter_useful = 750735@level5, 269756@level6, 0@level7, bloom_filter_full_positive = 654927@level5, 1077227@level6, 0@level7, bloom_filter_full_true_positive = 653013@level5, 1076566@level6, 0@level7, block_cache_hit_count = 0@level5, 0@level6, 0@level7, block_cache_miss_count = 0@level5, 0@level6, 0@level7, 
Microseconds per read:
Count: 8000000 Average: 39.8170  StdDev: 22.87
Min: 2  Median: 40.0745  Max: 5648
Percentiles: P50: 40.07 P75: 55.67 P99: 102.89 P99.9: 139.81 P99.99: 169.12
------------------------------------------------------
(       1,       2 ]     1377   0.017%   0.017% 
(       2,       3 ]   126706   1.584%   1.601% 
(       3,       4 ]   595410   7.443%   9.044% #
(       4,       6 ]   307978   3.850%  12.893% #
(       6,      10 ]    33131   0.414%  13.308% 
(      10,      15 ]   141512   1.769%  15.076% 
(      15,      22 ]   569790   7.122%  22.199% #
(      22,      34 ]  1326213  16.578%  38.776% ###
(      34,      51 ]  2512810  31.410%  70.187% ######
(      51,      76 ]  2060358  25.754%  95.941% #####
(      76,     110 ]   309393   3.867%  99.808% #
(     110,     170 ]    14739   0.184%  99.993% 
(     170,     250 ]      265   0.003%  99.996% 
(     250,     380 ]       76   0.001%  99.997% 
(     380,     580 ]       41   0.001%  99.997% 
(     580,     870 ]       33   0.000%  99.998% 
(     870,    1300 ]      125   0.002%  99.999% 
(    1300,    1900 ]       16   0.000% 100.000% 
(    1900,    2900 ]       20   0.000% 100.000% 
(    2900,    4400 ]        2   0.000% 100.000% 
(    4400,    6600 ]        5   0.000% 100.000% 



** Compaction Stats [default] **
Level    Files   Size     Score Read(GB)  Rn(GB) Rnp1(GB) Write(GB) Wnew(GB) Moved(GB) W-Amp Rd(MB/s) Wr(MB/s) Comp(sec) CompMergeCPU(sec) Comp(cnt) Avg(sec) KeyIn KeyDrop
----------------------------------------------------------------------------------------------------------------------------------------------------------------------------
  L5     64/0   509.43 MB   1.0      0.0     0.0      0.0       0.0      0.0       0.0   0.0      0.0      0.0      0.00              0.00         0    0.000       0      0
  L6    149/0   975.95 MB   0.0      0.0     0.0      0.0       0.0      0.0       0.0   0.0      0.0      0.0      0.00              0.00         0    0.000       0      0
 Sum    213/0    1.45 GB   0.0      0.0     0.0      0.0       0.0      0.0       0.0   0.0      0.0      0.0      0.00              0.00         0    0.000       0      0
 Int      0/0    0.00 KB   0.0      0.0     0.0      0.0       0.0      0.0       0.0   0.0      0.0      0.0      0.00              0.00         0    0.000       0      0

** Compaction Stats [default] **
Priority    Files   Size     Score Read(GB)  Rn(GB) Rnp1(GB) Write(GB) Wnew(GB) Moved(GB) W-Amp Rd(MB/s) Wr(MB/s) Comp(sec) CompMergeCPU(sec) Comp(cnt) Avg(sec) KeyIn KeyDrop
-------------------------------------------------------------------------------------------------------------------------------------------------------------------------------
Uptime(secs): 79.8 total, 79.7 interval
Flush(GB): cumulative 0.000, interval 0.000
AddFile(GB): cumulative 0.000, interval 0.000
AddFile(Total Files): cumulative 0, interval 0
AddFile(L0 Files): cumulative 0, interval 0
AddFile(Keys): cumulative 0, interval 0
Cumulative compaction: 0.00 GB write, 0.00 MB/s write, 0.00 GB read, 0.00 MB/s read, 0.0 seconds
Interval compaction: 0.00 GB write, 0.00 MB/s write, 0.00 GB read, 0.00 MB/s read, 0.0 seconds
Stalls(count): 0 level0_slowdown, 0 level0_slowdown_with_compaction, 0 level0_numfiles, 0 level0_numfiles_with_compaction, 0 stop for pending_compaction_bytes, 0 slowdown for pending_compaction_bytes, 0 memtable_compaction, 0 memtable_slowdown, interval 0 total count

** File Read Latency Histogram By Level [default] **
** Level 5 read latency histogram (micros):
Count: 2365986 Average: 3.9077  StdDev: 3.12
Min: 1  Median: 2.9874  Max: 945
Percentiles: P50: 2.99 P75: 3.58 P99: 17.12 P99.9: 29.46 P99.99: 33.10
------------------------------------------------------
[       0,       1 ]       10   0.000%   0.000% 
(       1,       2 ]     4695   0.198%   0.199% 
(       2,       3 ]  1193321  50.437%  50.635% ##########
(       3,       4 ]   990254  41.854%  92.489% ########
(       4,       6 ]   106027   4.481%  96.970% #
(       6,      10 ]    18330   0.775%  97.745% 
(      10,      15 ]    22346   0.944%  98.690% 
(      15,      22 ]    24267   1.026%  99.715% 
(      22,      34 ]     7026   0.297% 100.012% 
(      34,      51 ]      335   0.014% 100.026% 
(      51,      76 ]      105   0.004% 100.031% 
(      76,     110 ]       45   0.002% 100.033% 
(     110,     170 ]       29   0.001% 100.034% 
(     170,     250 ]       10   0.000% 100.034% 
(     250,     380 ]       16   0.001% 100.035% 
(     380,     580 ]        5   0.000% 100.035% 
(     580,     870 ]        2   0.000% 100.035% 
(     870,    1300 ]        5   0.000% 100.036% 

** Level 6 read latency histogram (micros):
Count: 3806349 Average: 4.0166  StdDev: 3.49
Min: 1  Median: 2.9979  Max: 935
Percentiles: P50: 3.00 P75: 3.60 P99: 19.06 P99.9: 30.16 P99.99: 32.69
------------------------------------------------------
[       0,       1 ]       34   0.001%   0.001% 
(       1,       2 ]     7039   0.185%   0.186% 
(       2,       3 ]  1900027  49.917%  50.103% ##########
(       3,       4 ]  1587728  41.713%  91.816% ########
(       4,       6 ]   175762   4.618%  96.433% #
(       6,      10 ]    29676   0.780%  97.213% 
(      10,      15 ]    35985   0.945%  98.158% 
(      15,      22 ]    55242   1.451%  99.610% 
(      22,      34 ]    16247   0.427% 100.037% 
(      34,      51 ]     1008   0.026% 100.063% 
(      51,      76 ]      182   0.005% 100.068% 
(      76,     110 ]       79   0.002% 100.070% 
(     110,     170 ]       98   0.003% 100.072% 
(     170,     250 ]       16   0.000% 100.073% 
(     250,     380 ]        9   0.000% 100.073% 
(     380,     580 ]        5   0.000% 100.073% 
(     580,     870 ]        5   0.000% 100.073% 
(     870,    1300 ]       10   0.000% 100.074% 


** DB Stats **
Uptime(secs): 79.8 total, 79.7 interval
Cumulative writes: 0 writes, 0 keys, 0 commit groups, 0.0 writes per commit group, ingest: 0.00 GB, 0.00 MB/s
Cumulative WAL: 0 writes, 0 syncs, 0.00 writes per sync, written: 0.00 GB, 0.00 MB/s
Cumulative stall: 00:00:0.000 H:M:S, 0.0 percent
Interval writes: 0 writes, 0 keys, 0 commit groups, 0.0 writes per commit group, ingest: 0.00 MB, 0.00 MB/s
Interval WAL: 0 writes, 0 syncs, 0.00 writes per sync, written: 0.00 MB, 0.00 MB/s
Interval stall: 00:00:0.000 H:M:S, 0.0 percent


Level Files Size(MB)
--------------------
  0        0        0
  1        0        0
  2        0        0
  3        0        0
  4        0        0
  5       64      509
  6      149      976


--- level 0 --- version# 2 ---
--- level 1 --- version# 2 ---
--- level 2 --- version# 2 ---
--- level 3 --- version# 2 ---
--- level 4 --- version# 2 ---
--- level 5 --- version# 2 ---
 536:8542217[6852461 .. 9999985]['000000000000FD113030303030303030' seq:7511541, type:1 .. '000000000001F98A3030303030303030' seq:7011314, type:1](269312)
 538:8542183[3428489 .. 9999840]['000000000002F41E3030303030303030' seq:8276075, type:1 .. '000000000003DAEF3030303030303030' seq:5600428, type:1](228352)
 541:8542152[3426442 .. 9999953]['0000000000051D5A3030303030303030' seq:9497699, type:1 .. '000000000005D7053030303030303030' seq:8962399, type:1](187392)
 542:8542200[3427591 .. 9999989]['000000000005D70B3030303030303030' seq:7694581, type:1 .. '000000000006B4503030303030303030' seq:7029263, type:1](225280)
 544:8542238[3429174 .. 9999973]['000000000007552B3030303030303030' seq:6348844, type:1 .. '0000000000086EC73030303030303030' seq:9271739, type:1](266240)
 547:8542142[3426363 .. 9999934]['000000000009AF993030303030303030' seq:9076977, type:1 .. '00000000000A502C3030303030303030' seq:6229730, type:1](144384)
 549:8542331[3427185 .. 9999749]['00000000000AF1253030303030303030' seq:6697594, type:1 .. '00000000000C6E863030303030303030' seq:8935569, type:1](406528)
 550:8542155[3426348 .. 9999903]['00000000000C6E873030303030303030' seq:9016515, type:1 .. '00000000000D249D3030303030303030' seq:9941594, type:1](179200)
 552:8542309[3426499 .. 9999876]['00000000000DC6433030303030303030' seq:7523245, type:1 .. '00000000000F33403030303030303030' seq:9230199, type:1](385024)
 553:8542160[3426616 .. 9999929]['00000000000F33423030303030303030' seq:9409904, type:1 .. '00000000000FF9953030303030303030' seq:7975138, type:1](188416)
 555:5488051[3429327 .. 9999997]['0000000000109AA63030303030303030' seq:9670398, type:1 .. '0000000000114F073030303030303030' seq:9664987, type:1](175104)
 559:8542245[3426872 .. 9999962]['0000000000135E733030303030303030' seq:8958087, type:1 .. '00000000001484093030303030303030' seq:9015332, type:1](328704)
 560:8542257[3428552 .. 9999981]['000000000014840C3030303030303030' seq:9803433, type:1 .. '000000000015A2063030303030303030' seq:8913009, type:1](300032)
 561:8542208[6852285 .. 9999822]['000000000015A20B3030303030303030' seq:8455561, type:1 .. '0000000000169FDC3030303030303030' seq:8280386, type:1](283648)
 562:8542205[6852217 .. 9999954]['0000000000169FDD3030303030303030' seq:7314544, type:1 .. '0000000000179BEE3030303030303030' seq:9996253, type:1](249856)
 563:8542219[6852105 .. 9999956]['0000000000179BEF3030303030303030' seq:8420095, type:1 .. '00000000001897D13030303030303030' seq:8107191, type:1](285696)
 564:8542204[6852181 .. 9999983]['00000000001897D33030303030303030' seq:8516431, type:1 .. '00000000001994553030303030303030' seq:9728118, type:1](263168)
 565:8542226[6852199 .. 9999993]['00000000001994583030303030303030' seq:8887834, type:1 .. '00000000001A8FFC3030303030303030' seq:9913207, type:1](251904)
 566:8542222[6852219 .. 9999884]['00000000001A90003030303030303030' seq:9514471, type:1 .. '00000000001B8B903030303030303030' seq:7216881, type:1](236544)
 567:8542204[6852057 .. 9999963]['00000000001B8B913030303030303030' seq:9011614, type:1 .. '00000000001C86553030303030303030' seq:8710510, type:1](236544)
 568:8542233[6852261 .. 9999945]['00000000001C86563030303030303030' seq:9393457, type:1 .. '00000000001D82DF3030303030303030' seq:9700964, type:1](234496)
 569:8542215[6852736 .. 9999977]['00000000001D82E03030303030303030' seq:8743405, type:1 .. '00000000001E7EF73030303030303030' seq:9543857, type:1](260096)
 570:8542213[6852396 .. 9999946]['00000000001E7EF93030303030303030' seq:8287987, type:1 .. '00000000001F7A303030303030303030' seq:7686573, type:1](12288)
 571:8542206[6852068 .. 9999974]['00000000001F7A313030303030303030' seq:9326388, type:1 .. '00000000002075F63030303030303030' seq:8450500, type:1](0)
 572:5216100[6852098 .. 9999952]['00000000002075F83030303030303030' seq:8397217, type:1 .. '0000000000210E993030303030303030' seq:9272360, type:1](0)
 573:8542213[6852150 .. 9999943]['0000000000210E9A3030303030303030' seq:9165214, type:1 .. '0000000000220AA83030303030303030' seq:7913007, type:1](0)
 575:8542158[3426652 .. 9999912]['000000000022BFBD3030303030303030' seq:5630020, type:1 .. '00000000002378D63030303030303030' seq:9283141, type:1](0)
 576:8542233[3428418 .. 9999940]['00000000002378DC3030303030303030' seq:9786874, type:1 .. '0000000000247ADD3030303030303030' seq:9857023, type:1](0)
 577:8542135[3426859 .. 9999933]['0000000000247ADF3030303030303030' seq:9830421, type:1 .. '0000000000251CC53030303030303030' seq:8666544, type:1](0)
 578:8542354[3427699 .. 9999999]['0000000000251CC73030303030303030' seq:6352935, type:1 .. '000000000026AFFE3030303030303030' seq:6129369, type:1](0)
 579:8542137[3427460 .. 9999869]['000000000026AFFF3030303030303030' seq:8004332, type:1 .. '000000000027513B3030303030303030' seq:9719655, type:1](0)
 580:8542144[3426368 .. 9999908]['000000000027513E3030303030303030' seq:6424656, type:1 .. '000000000027F1AD3030303030303030' seq:4023173, type:1](0)
 581:8542249[3426625 .. 9999829]['000000000027F1AE3030303030303030' seq:9415040, type:1 .. '0000000000290CD93030303030303030' seq:9156819, type:1](0)
 584:8542145[3427026 .. 9999965]['00000000002A4E933030303030303030' seq:8374009, type:1 .. '00000000002AEFF93030303030303030' seq:5721461, type:1](0)
 585:8542124[3426976 .. 9999968]['00000000002AEFFA3030303030303030' seq:4085773, type:1 .. '00000000002B90103030303030303030' seq:7939224, type:1](0)
 586:8542225[3428734 .. 9999972]['00000000002B90113030303030303030' seq:8388337, type:1 .. '00000000002CAAAB3030303030303030' seq:8579477, type:1](0)
 589:8542176[3426744 .. 9999982]['00000000002DECED3030303030303030' seq:8255749, type:1 .. '00000000002EBF273030303030303030' seq:8830470, type:1](0)
 590:8542305[3426402 .. 9999947]['00000000002EBF2C3030303030303030' seq:9388072, type:1 .. '00000000003020AD3030303030303030' seq:8767803, type:1](0)
 591:8542122[3427111 .. 9999975]['00000000003020AE3030303030303030' seq:7587095, type:1 .. '000000000030C0CF3030303030303030' seq:9094804, type:1](0)
 592:8542176[3427188 .. 9999871]['000000000030C0D13030303030303030' seq:8890562, type:1 .. '0000000000317FD43030303030303030' seq:8935486, type:1](0)
 593:8331896[3427043 .. 9999950]['0000000000317FDF3030303030303030' seq:9791792, type:1 .. '00000000003277323030303030303030' seq:7076801, type:1](0)
 594:8542121[3426409 .. 9999764]['00000000003277343030303030303030' seq:6875969, type:1 .. '00000000003317FC3030303030303030' seq:8484970, type:1](0)
 597:8542183[3426462 .. 9999808]['00000000003459E43030303030303030' seq:6561888, type:1 .. '00000000003523943030303030303030' seq:9244603, type:1](0)
 598:8542307[3427898 .. 9999969]['00000000003523973030303030303030' seq:8677324, type:1 .. '0000000000368DAC3030303030303030' seq:5837054, type:1](0)
 599:8542148[3426394 .. 9999955]['0000000000368DAD3030303030303030' seq:8271579, type:1 .. '0000000000372EC43030303030303030' seq:3454639, type:1](0)
 600:8542153[3426580 .. 9999799]['0000000000372EC63030303030303030' seq:9211337, type:1 .. '000000000037E3803030303030303030' seq:9411915, type:1](0)
 601:8542312[3427940 .. 9999961]['000000000037E3853030303030303030' seq:8781799, type:1 .. '000000000039615F3030303030303030' seq:9924580, type:1](0)
 602:8542185[3426767 .. 9999991]['00000000003961603030303030303030' seq:6650115, type:1 .. '00000000003A33043030303030303030' seq:8756208, type:1](0)
 603:8542377[3435739 .. 9999860]['00000000003A33093030303030303030' seq:8989902, type:1 .. '00000000003BE30C3030303030303030' seq:6137242, type:1](0)
 604:8542154[3426356 .. 9999980]['00000000003BE30D3030303030303030' seq:7647423, type:1 .. '00000000003C82E03030303030303030' seq:9661513, type:1](0)
 606:8542342[3426650 .. 9999921]['00000000003D241D3030303030303030' seq:7066716, type:1 .. '00000000003EB7B53030303030303030' seq:9113995, type:1](0)
 607:8542137[3426663 .. 9999976]['00000000003EB7B83030303030303030' seq:4356372, type:1 .. '00000000003F57B63030303030303030' seq:8150326, type:1](0)
 608:8542136[3426429 .. 9999971]['00000000003F57B83030303030303030' seq:6927511, type:1 .. '00000000003FF9403030303030303030' seq:6817803, type:1](0)
 609:8542246[3427036 .. 9999949]['00000000003FF9423030303030303030' seq:5081659, type:1 .. '00000000004113643030303030303030' seq:8329720, type:1](0)
 612:8542133[3427141 .. 9999836]['00000000004255A63030303030303030' seq:7983794, type:1 .. '000000000042F6FC3030303030303030' seq:8998730, type:1](0)
 614:3817656[3427944 .. 9999848]['00000000004398203030303030303030' seq:8876137, type:1 .. '00000000004438163030303030303030' seq:9606817, type:1](0)
 615:8542277[3427818 .. 9999774]['00000000004438183030303030303030' seq:9553501, type:1 .. '00000000004572D73030303030303030' seq:4183114, type:1](0)
 616:8542136[3426418 .. 9999994]['00000000004572D93030303030303030' seq:6907884, type:1 .. '00000000004613E03030303030303030' seq:3493145, type:1](0)
 617:8542194[3426629 .. 9999990]['00000000004613E13030303030303030' seq:9137047, type:1 .. '000000000046FD483030303030303030' seq:9787102, type:1](0)
 618:8542180[3426515 .. 9999935]['000000000046FD4F3030303030303030' seq:9187753, type:1 .. '000000000047CE043030303030303030' seq:8452844, type:1](0)
 619:8542141[3426618 .. 9999932]['000000000047CE053030303030303030' seq:7060690, type:1 .. '0000000000486EDE3030303030303030' seq:7741607, type:1](0)
 622:8542228[3426464 .. 9999896]['000000000049AF8B3030303030303030' seq:9283381, type:1 .. '00000000004AAAC63030303030303030' seq:9593725, type:1](0)
 623:8542192[3426967 .. 9999902]['00000000004AAAD03030303030303030' seq:9620958, type:1 .. '00000000004B8F623030303030303030' seq:8732861, type:1](0)
 624:7334667[3426358 .. 9999824]['00000000004B8F633030303030303030' seq:8145469, type:1 .. '00000000004C4B3F3030303030303030' seq:4517036, type:1](0)
--- level 6 --- version# 2 ---
 682:8542118[0 .. 0]['00000000000000003030303030303030' seq:0, type:1 .. '00000000000088073030303030303030' seq:0, type:1](135168)
 683:8542126[0 .. 0]['00000000000088083030303030303030' seq:0, type:1 .. '00000000000113783030303030303030' seq:0, type:1](140288)
 684:2166929[0 .. 0]['00000000000113793030303030303030' seq:0, type:1 .. '0000000000013B7F3030303030303030' seq:0, type:1](24576)
 323:8542138[0 .. 0]['0000000000013B803030303030303030' seq:0, type:1 .. '000000000001D9C73030303030303030' seq:0, type:1](91136)
 685:8542128[0 .. 0]['000000000001D9C83030303030303030' seq:0, type:1 .. '00000000000266333030303030303030' seq:0, type:1](115712)
 686:8542118[0 .. 0]['00000000000266343030303030303030' seq:0, type:1 .. '000000000002EE223030303030303030' seq:0, type:1](125952)
 687:2179117[0 .. 0]['000000000002EE233030303030303030' seq:0, type:1 .. '00000000000315EB3030303030303030' seq:0, type:1](22528)
 328:8542126[0 .. 0]['00000000000315EC3030303030303030' seq:0, type:1 .. '000000000003B3373030303030303030' seq:0, type:1](87040)
 329:158806[0 .. 0]['000000000003B3383030303030303030' seq:0, type:1 .. '000000000003B6A93030303030303030' seq:0, type:1](0)
 641:8542132[0 .. 0]['000000000003B6AA3030303030303030' seq:0, type:1 .. '0000000000044DD93030303030303030' seq:0, type:1](116736)
 656:8542119[0 .. 0]['0000000000044DDA3030303030303030' seq:0, type:1 .. '000000000004D6643030303030303030' seq:0, type:1](126976)
 657:8542162[0 .. 0]['000000000004D6653030303030303030' seq:0, type:1 .. '0000000000058F983030303030303030' seq:0, type:1](108544)
 658:6561[0 .. 0]['0000000000058F993030303030303030' seq:0, type:1 .. '0000000000058FCF3030303030303030' seq:0, type:1](0)
 307:8542138[0 .. 0]['0000000000058FD03030303030303030' seq:0, type:1 .. '0000000000062E143030303030303030' seq:0, type:1](74752)
 308:4310759[0 .. 0]['0000000000062E153030303030303030' seq:0, type:1 .. '0000000000067E3C3030303030303030' seq:0, type:1](50176)
 629:8542140[0 .. 0]['0000000000067E3E3030303030303030' seq:0, type:1 .. '0000000000071D653030303030303030' seq:0, type:1](123904)
 630:4253874[0 .. 0]['0000000000071D663030303030303030' seq:0, type:1 .. '00000000000769D33030303030303030' seq:0, type:1](57344)
 487:8542154[0 .. 0]['00000000000769D43030303030303030' seq:0, type:1 .. '00000000000808483030303030303030' seq:0, type:1](91136)
 488:4304341[0 .. 0]['00000000000808493030303030303030' seq:0, type:1 .. '000000000008581E3030303030303030' seq:0, type:1](58368)
 631:8542123[0 .. 0]['00000000000858223030303030303030' seq:0, type:1 .. '000000000008E9AA3030303030303030' seq:0, type:1](125952)
 659:8542119[0 .. 0]['000000000008E9AB3030303030303030' seq:0, type:1 .. '00000000000971D63030303030303030' seq:0, type:1](145408)
 660:8542163[0 .. 0]['00000000000971D73030303030303030' seq:0, type:1 .. '00000000000A310D3030303030303030' seq:0, type:1](101376)
 661:53637[0 .. 0]['00000000000A310F3030303030303030' seq:0, type:1 .. '00000000000A32953030303030303030' seq:0, type:1](0)
 651:8542123[0 .. 0]['00000000000A32963030303030303030' seq:0, type:1 .. '00000000000AC7263030303030303030' seq:0, type:1](145408)
 652:4300970[0 .. 0]['00000000000AC7273030303030303030' seq:0, type:1 .. '00000000000B1E8C3030303030303030' seq:0, type:1](35840)
 493:8542118[0 .. 0]['00000000000B1E8F3030303030303030' seq:0, type:1 .. '00000000000BAEF53030303030303030' seq:0, type:1](108544)
 499:8542121[0 .. 0]['00000000000BAEF63030303030303030' seq:0, type:1 .. '00000000000C3E0D3030303030303030' seq:0, type:1](108544)
 500:8541013[0 .. 0]['00000000000C3E0E3030303030303030' seq:0, type:1 .. '00000000000CF60C3030303030303030' seq:0, type:1](92160)
 637:8542129[0 .. 0]['00000000000CF60E3030303030303030' seq:0, type:1 .. '00000000000D92393030303030303030' seq:0, type:1](112640)
 638:4298577[0 .. 0]['00000000000D923B3030303030303030' seq:0, type:1 .. '00000000000DE2FD3030303030303030' seq:0, type:1](54272)
 489:8542132[0 .. 0]['00000000000DE2FE3030303030303030' seq:0, type:1 .. '00000000000E7DD93030303030303030' seq:0, type:1](109568)
 510:8542137[0 .. 0]['00000000000E7DDA3030303030303030' seq:0, type:1 .. '00000000000F0DB13030303030303030' seq:0, type:1](104448)
 511:8542135[0 .. 0]['00000000000F0DB23030303030303030' seq:0, type:1 .. '00000000000FBCDF3030303030303030' seq:0, type:1](96256)
 512:73801[0 .. 0]['00000000000FBCE03030303030303030' seq:0, type:1 .. '00000000000FBED43030303030303030' seq:0, type:1](0)
 633:8542141[0 .. 0]['00000000000FBED53030303030303030' seq:0, type:1 .. '000000000010607D3030303030303030' seq:0, type:1](112640)
 634:4310203[0 .. 0]['000000000010607E3030303030303030' seq:0, type:1 .. '000000000010ACEB3030303030303030' seq:0, type:1](67584)
 473:8542144[0 .. 0]['000000000010ACEC3030303030303030' seq:0, type:1 .. '0000000000114F083030303030303030' seq:0, type:1](98304)
 665:8542122[0 .. 0]['0000000000114F093030303030303030' seq:0, type:1 .. '000000000011D7073030303030303030' seq:0, type:1](141312)
 679:8542121[0 .. 0]['000000000011D7083030303030303030' seq:0, type:1 .. '0000000000125F5F3030303030303030' seq:0, type:1](163840)
 680:8542120[0 .. 0]['0000000000125F603030303030303030' seq:0, type:1 .. '000000000012E7333030303030303030' seq:0, type:1](140288)
 681:3929228[0 .. 0]['000000000012E7343030303030303030' seq:0, type:1 .. '00000000001325AF3030303030303030' seq:0, type:1](68608)
 628:4308537[0 .. 0]['00000000001325B03030303030303030' seq:0, type:1 .. '000000000013737E3030303030303030' seq:0, type:1](56320)
 495:8542142[0 .. 0]['000000000013737F3030303030303030' seq:0, type:1 .. '0000000000141EEE3030303030303030' seq:0, type:1](117760)
 496:3902046[0 .. 0]['0000000000141EEF3030303030303030' seq:0, type:1 .. '00000000001460CF3030303030303030' seq:0, type:1](45056)
 467:8542112[0 .. 0]['00000000001460D03030303030303030' seq:0, type:1 .. '000000000014F0543030303030303030' seq:0, type:1](118784)
 468:4280814[0 .. 0]['000000000014F0553030303030303030' seq:0, type:1 .. '0000000000154D4D3030303030303030' seq:0, type:1](41984)
 313:8542135[0 .. 0]['0000000000154D4E3030303030303030' seq:0, type:1 .. '000000000015EE1B3030303030303030' seq:0, type:1](96256)
 314:4177524[0 .. 0]['000000000015EE1E3030303030303030' seq:0, type:1 .. '0000000000163B7E3030303030303030' seq:0, type:1](50176)
 311:8542132[0 .. 0]['0000000000163B7F3030303030303030' seq:0, type:1 .. '000000000016D7FA3030303030303030' seq:0, type:1](103424)
 317:8542131[0 .. 0]['000000000016D7FB3030303030303030' seq:0, type:1 .. '00000000001775503030303030303030' seq:0, type:1](74752)
 318:8542147[0 .. 0]['00000000001775543030303030303030' seq:0, type:1 .. '00000000001813043030303030303030' seq:0, type:1](94208)
 320:8542126[0 .. 0]['00000000001813053030303030303030' seq:0, type:1 .. '000000000018B1013030303030303030' seq:0, type:1](90112)
 330:8542142[0 .. 0]['000000000018B1053030303030303030' seq:0, type:1 .. '0000000000194E2D3030303030303030' seq:0, type:1](78848)
 331:8542142[0 .. 0]['0000000000194E2E3030303030303030' seq:0, type:1 .. '000000000019EC093030303030303030' seq:0, type:1](92160)
 333:8542134[0 .. 0]['000000000019EC0B3030303030303030' seq:0, type:1 .. '00000000001A89AF3030303030303030' seq:0, type:1](75776)
 335:8542143[0 .. 0]['00000000001A89B03030303030303030' seq:0, type:1 .. '00000000001B27B53030303030303030' seq:0, type:1](83968)
 336:8542146[0 .. 0]['00000000001B27B63030303030303030' seq:0, type:1 .. '00000000001BC5BA3030303030303030' seq:0, type:1](83968)
 338:8542122[0 .. 0]['00000000001BC5BB3030303030303030' seq:0, type:1 .. '00000000001C62F63030303030303030' seq:0, type:1](60416)
 340:8542139[0 .. 0]['00000000001C62F83030303030303030' seq:0, type:1 .. '00000000001D00443030303030303030' seq:0, type:1](72704)
 341:8542131[0 .. 0]['00000000001D00453030303030303030' seq:0, type:1 .. '00000000001D9D713030303030303030' seq:0, type:1](79872)
 343:8542133[0 .. 0]['00000000001D9D723030303030303030' seq:0, type:1 .. '00000000001E3B823030303030303030' seq:0, type:1](86016)
 345:8542130[0 .. 0]['00000000001E3B833030303030303030' seq:0, type:1 .. '00000000001ED9C63030303030303030' seq:0, type:1](35840)
 346:8542137[0 .. 0]['00000000001ED9C73030303030303030' seq:0, type:1 .. '00000000001F77243030303030303030' seq:0, type:1](0)
 348:8542139[0 .. 0]['00000000001F77253030303030303030' seq:0, type:1 .. '00000000002015113030303030303030' seq:0, type:1](0)
 350:8542131[0 .. 0]['00000000002015123030303030303030' seq:0, type:1 .. '000000000020B2E73030303030303030' seq:0, type:1](0)
 351:8542133[0 .. 0]['000000000020B2E83030303030303030' seq:0, type:1 .. '00000000002150063030303030303030' seq:0, type:1](0)
 353:8542129[0 .. 0]['00000000002150093030303030303030' seq:0, type:1 .. '000000000021EDFA3030303030303030' seq:0, type:1](0)
 676:8542115[0 .. 0]['000000000021EDFB3030303030303030' seq:0, type:1 .. '00000000002279F63030303030303030' seq:0, type:1](0)
 677:8542155[0 .. 0]['00000000002279F73030303030303030' seq:0, type:1 .. '00000000002333D43030303030303030' seq:0, type:1](0)
 678:58523[0 .. 0]['00000000002333D53030303030303030' seq:0, type:1 .. '000000000023356C3030303030303030' seq:0, type:1](0)
 475:8542122[0 .. 0]['000000000023356D3030303030303030' seq:0, type:1 .. '000000000023D1303030303030303030' seq:0, type:1](0)
 476:4313435[0 .. 0]['000000000023D1313030303030303030' seq:0, type:1 .. '00000000002422B23030303030303030' seq:0, type:1](0)
 111:8542182[0 .. 0]['00000000002422B33030303030303030' seq:0, type:1 .. '0000000000250F4D3030303030303030' seq:0, type:1](0)
 481:8542125[0 .. 0]['0000000000250F4E3030303030303030' seq:0, type:1 .. '000000000025A6C03030303030303030' seq:0, type:1](0)
 504:8542117[0 .. 0]['000000000025A6C33030303030303030' seq:0, type:1 .. '00000000002636E13030303030303030' seq:0, type:1](0)
 505:8542142[0 .. 0]['00000000002636E33030303030303030' seq:0, type:1 .. '000000000026E88B3030303030303030' seq:0, type:1](0)
 506:39744[0 .. 0]['000000000026E88C3030303030303030' seq:0, type:1 .. '000000000026E99B3030303030303030' seq:0, type:1](0)
 114:8542201[0 .. 0]['000000000026E99D3030303030303030' seq:0, type:1 .. '000000000027D7F43030303030303030' seq:0, type:1](0)
 479:8542144[0 .. 0]['000000000027D7F53030303030303030' seq:0, type:1 .. '000000000028781B3030303030303030' seq:0, type:1](0)
 480:4320455[0 .. 0]['000000000028781C3030303030303030' seq:0, type:1 .. '000000000028C5B53030303030303030' seq:0, type:1](0)
 649:8542148[0 .. 0]['000000000028C5B63030303030303030' seq:0, type:1 .. '0000000000296C9E3030303030303030' seq:0, type:1](0)
 670:8542110[0 .. 0]['0000000000296C9F3030303030303030' seq:0, type:1 .. '000000000029F4653030303030303030' seq:0, type:1](0)
 671:8542147[0 .. 0]['000000000029F4663030303030303030' seq:0, type:1 .. '00000000002A9E5F3030303030303030' seq:0, type:1](0)
 672:76619[0 .. 0]['00000000002A9E603030303030303030' seq:0, type:1 .. '00000000002AA07D3030303030303030' seq:0, type:1](0)
 118:8542202[0 .. 0]['00000000002AA07E3030303030303030' seq:0, type:1 .. '00000000002B8F0D3030303030303030' seq:0, type:1](0)
 471:8542129[0 .. 0]['00000000002B8F113030303030303030' seq:0, type:1 .. '00000000002C21423030303030303030' seq:0, type:1](0)
 472:4330657[0 .. 0]['00000000002C21433030303030303030' seq:0, type:1 .. '00000000002C7C263030303030303030' seq:0, type:1](0)
 647:8542130[0 .. 0]['00000000002C7C2C3030303030303030' seq:0, type:1 .. '00000000002D17E73030303030303030' seq:0, type:1](0)
 667:8542107[0 .. 0]['00000000002D17E93030303030303030' seq:0, type:1 .. '00000000002DA0023030303030303030' seq:0, type:1](0)
 668:8542163[0 .. 0]['00000000002DA0033030303030303030' seq:0, type:1 .. '00000000002E52D63030303030303030' seq:0, type:1](0)
 669:97337[0 .. 0]['00000000002E52D83030303030303030' seq:0, type:1 .. '00000000002E555E3030303030303030' seq:0, type:1](0)
 477:8542142[0 .. 0]['00000000002E55623030303030303030' seq:0, type:1 .. '00000000002EF16F3030303030303030' seq:0, type:1](0)
 516:8542129[0 .. 0]['00000000002EF1703030303030303030' seq:0, type:1 .. '00000000002F81233030303030303030' seq:0, type:1](0)
 517:8542148[0 .. 0]['00000000002F81243030303030303030' seq:0, type:1 .. '0000000000302E463030303030303030' seq:0, type:1](0)
 518:119162[0 .. 0]['0000000000302E473030303030303030' seq:0, type:1 .. '00000000003031E43030303030303030' seq:0, type:1](0)
 124:8542205[0 .. 0]['00000000003031E53030303030303030' seq:0, type:1 .. '0000000000311F313030303030303030' seq:0, type:1](0)
 483:8542131[0 .. 0]['0000000000311F323030303030303030' seq:0, type:1 .. '000000000031C28A3030303030303030' seq:0, type:1](0)
 484:4307157[0 .. 0]['000000000031C28B3030303030303030' seq:0, type:1 .. '0000000000320C363030303030303030' seq:0, type:1](0)
 126:8542207[0 .. 0]['0000000000320C383030303030303030' seq:0, type:1 .. '000000000032F9FC3030303030303030' seq:0, type:1](0)
 639:8542132[0 .. 0]['000000000032F9FD3030303030303030' seq:0, type:1 .. '0000000000338EAB3030303030303030' seq:0, type:1](0)
 653:8542119[0 .. 0]['0000000000338EAC3030303030303030' seq:0, type:1 .. '00000000003416C13030303030303030' seq:0, type:1](0)
 654:8542171[0 .. 0]['00000000003416C23030303030303030' seq:0, type:1 .. '000000000034D1E43030303030303030' seq:0, type:1](0)
 655:15373[0 .. 0]['000000000034D1E83030303030303030' seq:0, type:1 .. '000000000034D24F3030303030303030' seq:0, type:1](0)
 465:8542140[0 .. 0]['000000000034D2503030303030303030' seq:0, type:1 .. '00000000003569E33030303030303030' seq:0, type:1](0)
 522:8542122[0 .. 0]['00000000003569E43030303030303030' seq:0, type:1 .. '000000000035F9963030303030303030' seq:0, type:1](0)
 523:8542146[0 .. 0]['000000000035F9973030303030303030' seq:0, type:1 .. '000000000036AC5E3030303030303030' seq:0, type:1](0)
 526:63556[0 .. 0]['000000000036AC5F3030303030303030' seq:0, type:1 .. '000000000036ADFE3030303030303030' seq:0, type:1](0)
 131:8542209[0 .. 0]['000000000036AE003030303030303030' seq:0, type:1 .. '0000000000379A413030303030303030' seq:0, type:1](0)
 485:8542135[0 .. 0]['0000000000379A423030303030303030' seq:0, type:1 .. '0000000000383A743030303030303030' seq:0, type:1](0)
 501:8542128[0 .. 0]['0000000000383A753030303030303030' seq:0, type:1 .. '000000000038CA603030303030303030' seq:0, type:1](0)
 502:8542148[0 .. 0]['000000000038CA633030303030303030' seq:0, type:1 .. '00000000003973873030303030303030' seq:0, type:1](0)
 503:63834[0 .. 0]['00000000003973883030303030303030' seq:0, type:1 .. '00000000003975483030303030303030' seq:0, type:1](0)
 497:8542166[0 .. 0]['000000000039754A3030303030303030' seq:0, type:1 .. '00000000003A32B13030303030303030' seq:0, type:1](0)
 498:2878587[0 .. 0]['00000000003A32B23030303030303030' seq:0, type:1 .. '00000000003A62AF3030303030303030' seq:0, type:1](0)
 461:8542136[0 .. 0]['00000000003A62B13030303030303030' seq:0, type:1 .. '00000000003AF2BC3030303030303030' seq:0, type:1](0)
 507:8542118[0 .. 0]['00000000003AF2BD3030303030303030' seq:0, type:1 .. '00000000003B81E73030303030303030' seq:0, type:1](0)
 508:8542162[0 .. 0]['00000000003B81E83030303030303030' seq:0, type:1 .. '00000000003C3A0D3030303030303030' seq:0, type:1](0)
 509:40575[0 .. 0]['00000000003C3A0E3030303030303030' seq:0, type:1 .. '00000000003C3B183030303030303030' seq:0, type:1](0)
 645:8542142[0 .. 0]['00000000003C3B193030303030303030' seq:0, type:1 .. '00000000003CE1FA3030303030303030' seq:0, type:1](0)
 646:4305997[0 .. 0]['00000000003CE1FD3030303030303030' seq:0, type:1 .. '00000000003D28433030303030303030' seq:0, type:1](0)
 491:8542129[0 .. 0]['00000000003D28463030303030303030' seq:0, type:1 .. '00000000003DBFF93030303030303030' seq:0, type:1](0)
 513:8542125[0 .. 0]['00000000003DBFFA3030303030303030' seq:0, type:1 .. '00000000003E4F173030303030303030' seq:0, type:1](0)
 514:8542144[0 .. 0]['00000000003E4F183030303030303030' seq:0, type:1 .. '00000000003F00533030303030303030' seq:0, type:1](0)
 515:69871[0 .. 0]['00000000003F00553030303030303030' seq:0, type:1 .. '00000000003F02423030303030303030' seq:0, type:1](0)
 142:8542204[0 .. 0]['00000000003F02433030303030303030' seq:0, type:1 .. '00000000003FEE2C3030303030303030' seq:0, type:1](0)
 469:8542140[0 .. 0]['00000000003FEE2F3030303030303030' seq:0, type:1 .. '0000000000408F283030303030303030' seq:0, type:1](0)
 470:4312468[0 .. 0]['0000000000408F293030303030303030' seq:0, type:1 .. '000000000040D9CB3030303030303030' seq:0, type:1](0)
 635:8542132[0 .. 0]['000000000040D9CE3030303030303030' seq:0, type:1 .. '0000000000417AFB3030303030303030' seq:0, type:1](0)
 673:8542128[0 .. 0]['0000000000417AFC3030303030303030' seq:0, type:1 .. '00000000004203873030303030303030' seq:0, type:1](0)
 674:8542151[0 .. 0]['00000000004203883030303030303030' seq:0, type:1 .. '000000000042B2FA3030303030303030' seq:0, type:1](0)
 675:158252[0 .. 0]['000000000042B2FC3030303030303030' seq:0, type:1 .. '000000000042B7593030303030303030' seq:0, type:1](0)
 643:8542140[0 .. 0]['000000000042B75A3030303030303030' seq:0, type:1 .. '0000000000435A2E3030303030303030' seq:0, type:1](0)
 644:4297739[0 .. 0]['0000000000435A2F3030303030303030' seq:0, type:1 .. '000000000043A31E3030303030303030' seq:0, type:1](0)
 459:8542132[0 .. 0]['000000000043A31F3030303030303030' seq:0, type:1 .. '00000000004438163030303030303030' seq:0, type:1](0)
 519:8542123[0 .. 0]['00000000004438173030303030303030' seq:0, type:1 .. '000000000044C74F3030303030303030' seq:0, type:1](0)
 520:8542157[0 .. 0]['000000000044C7503030303030303030' seq:0, type:1 .. '000000000045793B3030303030303030' seq:0, type:1](0)
 521:83997[0 .. 0]['000000000045793C3030303030303030' seq:0, type:1 .. '0000000000457B7A3030303030303030' seq:0, type:1](0)
 149:8542200[0 .. 0]['0000000000457B7D3030303030303030' seq:0, type:1 .. '00000000004668E23030303030303030' seq:0, type:1](0)
 463:8542134[0 .. 0]['00000000004668E53030303030303030' seq:0, type:1 .. '000000000047073F3030303030303030' seq:0, type:1](0)
 464:4351413[0 .. 0]['00000000004707403030303030303030' seq:0, type:1 .. '00000000004757513030303030303030' seq:0, type:1](0)
 151:8542203[0 .. 0]['00000000004757533030303030303030' seq:0, type:1 .. '00000000004845063030303030303030' seq:0, type:1](0)
 625:8542139[0 .. 0]['00000000004845093030303030303030' seq:0, type:1 .. '000000000048DEF33030303030303030' seq:0, type:1](0)
 662:8542114[0 .. 0]['000000000048DEF43030303030303030' seq:0, type:1 .. '000000000049670A3030303030303030' seq:0, type:1](0)
 663:8542150[0 .. 0]['000000000049670B3030303030303030' seq:0, type:1 .. '00000000004A1EB73030303030303030' seq:0, type:1](0)
 664:68767[0 .. 0]['00000000004A1EB83030303030303030' seq:0, type:1 .. '00000000004A208A3030303030303030' seq:0, type:1](0)
 457:8542132[0 .. 0]['00000000004A208C3030303030303030' seq:0, type:1 .. '00000000004AB09B3030303030303030' seq:0, type:1](0)
 458:4278266[0 .. 0]['00000000004AB09C3030303030303030' seq:0, type:1 .. '00000000004B0D033030303030303030' seq:0, type:1](0)
 315:8542145[0 .. 0]['00000000004B0D043030303030303030' seq:0, type:1 .. '00000000004BB4A93030303030303030' seq:0, type:1](0)
 316:7142717[0 .. 0]['00000000004BB4AB3030303030303030' seq:0, type:1 .. '00000000004C4B3E3030303030303030' seq:0, type:1](0)

STATISTICS:
rocksdb.block.cache.miss COUNT : 0
rocksdb.block.cache.hit COUNT : 0
rocksdb.block.cache.add COUNT : 0
rocksdb.block.cache.add.failures COUNT : 0
rocksdb.block.cache.index.miss COUNT : 0
rocksdb.block.cache.index.hit COUNT : 0
rocksdb.block.cache.index.add COUNT : 0
rocksdb.block.cache.index.bytes.insert COUNT : 0
rocksdb.block.cache.index.bytes.evict COUNT : 0
rocksdb.block.cache.filter.miss COUNT : 0
rocksdb.block.cache.filter.hit COUNT : 0
rocksdb.block.cache.filter.add COUNT : 0
rocksdb.block.cache.filter.bytes.insert COUNT : 0
rocksdb.block.cache.filter.bytes.evict COUNT : 0
rocksdb.block.cache.data.miss COUNT : 0
rocksdb.block.cache.data.hit COUNT : 0
rocksdb.block.cache.data.add COUNT : 0
rocksdb.block.cache.data.bytes.insert COUNT : 0
rocksdb.block.cache.bytes.read COUNT : 0
rocksdb.block.cache.bytes.write COUNT : 0
rocksdb.bloom.filter.useful COUNT : 4086308
rocksdb.bloom.filter.full.positive COUNT : 6927950
rocksdb.bloom.filter.full.true.positive COUNT : 6917716
rocksdb.bloom.filter.micros COUNT : 0
rocksdb.persistent.cache.hit COUNT : 745304
rocksdb.persistent.cache.miss COUNT : 6183290
rocksdb.sim.block.cache.hit COUNT : 0
rocksdb.sim.block.cache.miss COUNT : 0
rocksdb.memtable.hit COUNT : 0
rocksdb.memtable.miss COUNT : 8000000
rocksdb.l0.hit COUNT : 0
rocksdb.l1.hit COUNT : 0
rocksdb.l2andup.hit COUNT : 6917716
rocksdb.compaction.key.drop.new COUNT : 0
rocksdb.compaction.key.drop.obsolete COUNT : 0
rocksdb.compaction.key.drop.range_del COUNT : 0
rocksdb.compaction.key.drop.user COUNT : 0
rocksdb.compaction.range_del.drop.obsolete COUNT : 0
rocksdb.compaction.optimized.del.drop.obsolete COUNT : 0
rocksdb.compaction.cancelled COUNT : 0
rocksdb.number.keys.written COUNT : 0
rocksdb.number.keys.read COUNT : 8000000
rocksdb.number.keys.updated COUNT : 0
rocksdb.bytes.written COUNT : 0
rocksdb.bytes.read COUNT : 1770935296
rocksdb.number.db.seek COUNT : 0
rocksdb.number.db.next COUNT : 0
rocksdb.number.db.prev COUNT : 0
rocksdb.number.db.seek.found COUNT : 0
rocksdb.number.db.next.found COUNT : 0
rocksdb.number.db.prev.found COUNT : 0
rocksdb.db.iter.bytes.read COUNT : 0
rocksdb.no.file.closes COUNT : 0
rocksdb.no.file.opens COUNT : 213
rocksdb.no.file.errors COUNT : 0
rocksdb.l0.slowdown.micros COUNT : 0
rocksdb.memtable.compaction.micros COUNT : 0
rocksdb.l0.num.files.stall.micros COUNT : 0
rocksdb.stall.micros COUNT : 0
rocksdb.db.mutex.wait.micros COUNT : 0
rocksdb.rate.limit.delay.millis COUNT : 0
rocksdb.num.iterators COUNT : 0
rocksdb.number.multiget.get COUNT : 0
rocksdb.number.multiget.keys.read COUNT : 0
rocksdb.number.multiget.bytes.read COUNT : 0
rocksdb.number.deletes.filtered COUNT : 0
rocksdb.number.merge.failures COUNT : 0
rocksdb.bloom.filter.prefix.checked COUNT : 0
rocksdb.bloom.filter.prefix.useful COUNT : 0
rocksdb.number.reseeks.iteration COUNT : 0
rocksdb.getupdatessince.calls COUNT : 0
rocksdb.block.cachecompressed.miss COUNT : 0
rocksdb.block.cachecompressed.hit COUNT : 0
rocksdb.block.cachecompressed.add COUNT : 0
rocksdb.block.cachecompressed.add.failures COUNT : 0
rocksdb.wal.synced COUNT : 0
rocksdb.wal.bytes COUNT : 0
rocksdb.write.self COUNT : 0
rocksdb.write.other COUNT : 0
rocksdb.write.timeout COUNT : 0
rocksdb.write.wal COUNT : 0
rocksdb.compact.read.bytes COUNT : 0
rocksdb.compact.write.bytes COUNT : 0
rocksdb.flush.write.bytes COUNT : 0
rocksdb.number.direct.load.table.properties COUNT : 0
rocksdb.number.superversion_acquires COUNT : 4
rocksdb.number.superversion_releases COUNT : 0
rocksdb.number.superversion_cleanups COUNT : 0
rocksdb.number.block.compressed COUNT : 0
rocksdb.number.block.decompressed COUNT : 0
rocksdb.number.block.not_compressed COUNT : 0
rocksdb.merge.operation.time.nanos COUNT : 0
rocksdb.filter.operation.time.nanos COUNT : 0
rocksdb.row.cache.hit COUNT : 0
rocksdb.row.cache.miss COUNT : 0
rocksdb.read.amp.estimate.useful.bytes COUNT : 0
rocksdb.read.amp.total.read.bytes COUNT : 0
rocksdb.number.rate_limiter.drains COUNT : 0
rocksdb.number.iter.skip COUNT : 0
rocksdb.blobdb.num.put COUNT : 0
rocksdb.blobdb.num.write COUNT : 0
rocksdb.blobdb.num.get COUNT : 0
rocksdb.blobdb.num.multiget COUNT : 0
rocksdb.blobdb.num.seek COUNT : 0
rocksdb.blobdb.num.next COUNT : 0
rocksdb.blobdb.num.prev COUNT : 0
rocksdb.blobdb.num.keys.written COUNT : 0
rocksdb.blobdb.num.keys.read COUNT : 0
rocksdb.blobdb.bytes.written COUNT : 0
rocksdb.blobdb.bytes.read COUNT : 0
rocksdb.blobdb.write.inlined COUNT : 0
rocksdb.blobdb.write.inlined.ttl COUNT : 0
rocksdb.blobdb.write.blob COUNT : 0
rocksdb.blobdb.write.blob.ttl COUNT : 0
rocksdb.blobdb.blob.file.bytes.written COUNT : 0
rocksdb.blobdb.blob.file.bytes.read COUNT : 0
rocksdb.blobdb.blob.file.synced COUNT : 0
rocksdb.blobdb.blob.index.expired.count COUNT : 0
rocksdb.blobdb.blob.index.expired.size COUNT : 0
rocksdb.blobdb.blob.index.evicted.count COUNT : 0
rocksdb.blobdb.blob.index.evicted.size COUNT : 0
rocksdb.blobdb.gc.num.files COUNT : 0
rocksdb.blobdb.gc.num.new.files COUNT : 0
rocksdb.blobdb.gc.failures COUNT : 0
rocksdb.blobdb.gc.num.keys.overwritten COUNT : 0
rocksdb.blobdb.gc.num.keys.expired COUNT : 0
rocksdb.blobdb.gc.num.keys.relocated COUNT : 0
rocksdb.blobdb.gc.bytes.overwritten COUNT : 0
rocksdb.blobdb.gc.bytes.expired COUNT : 0
rocksdb.blobdb.gc.bytes.relocated COUNT : 0
rocksdb.blobdb.fifo.num.files.evicted COUNT : 0
rocksdb.blobdb.fifo.num.keys.evicted COUNT : 0
rocksdb.blobdb.fifo.bytes.evicted COUNT : 0
rocksdb.txn.overhead.mutex.prepare COUNT : 0
rocksdb.txn.overhead.mutex.old.commit.map COUNT : 0
rocksdb.txn.overhead.duplicate.key COUNT : 0
rocksdb.txn.overhead.mutex.snapshot COUNT : 0
rocksdb.number.multiget.keys.found COUNT : 0
rocksdb.num.iterator.created COUNT : 0
rocksdb.num.iterator.deleted COUNT : 0
rocksdb.block.cache.compression.dict.miss COUNT : 0
rocksdb.block.cache.compression.dict.hit COUNT : 0
rocksdb.block.cache.compression.dict.add COUNT : 0
rocksdb.block.cache.compression.dict.bytes.insert COUNT : 0
rocksdb.block.cache.compression.dict.bytes.evict COUNT : 0
rocksdb.db.get.micros P50 : 38.173169 P95 : 74.222117 P99 : 101.018652 P100 : 5646.000000 COUNT : 8000000 SUM : 303259974
rocksdb.db.write.micros P50 : 0.000000 P95 : 0.000000 P99 : 0.000000 P100 : 0.000000 COUNT : 0 SUM : 0
rocksdb.compaction.times.micros P50 : 0.000000 P95 : 0.000000 P99 : 0.000000 P100 : 0.000000 COUNT : 0 SUM : 0
rocksdb.compaction.times.cpu_micros P50 : 0.000000 P95 : 0.000000 P99 : 0.000000 P100 : 0.000000 COUNT : 0 SUM : 0
rocksdb.subcompaction.setup.times.micros P50 : 0.000000 P95 : 0.000000 P99 : 0.000000 P100 : 0.000000 COUNT : 0 SUM : 0
rocksdb.table.sync.micros P50 : 0.000000 P95 : 0.000000 P99 : 0.000000 P100 : 0.000000 COUNT : 0 SUM : 0
rocksdb.compaction.outfile.sync.micros P50 : 0.000000 P95 : 0.000000 P99 : 0.000000 P100 : 0.000000 COUNT : 0 SUM : 0
rocksdb.wal.file.sync.micros P50 : 0.000000 P95 : 0.000000 P99 : 0.000000 P100 : 0.000000 COUNT : 0 SUM : 0
rocksdb.manifest.file.sync.micros P50 : 537.000000 P95 : 537.000000 P99 : 537.000000 P100 : 537.000000 COUNT : 1 SUM : 537
rocksdb.table.open.io.micros P50 : 3794.230769 P95 : 7625.357143 P99 : 9633.642857 P100 : 10125.000000 COUNT : 213 SUM : 827687
rocksdb.db.multiget.micros P50 : 0.000000 P95 : 0.000000 P99 : 0.000000 P100 : 0.000000 COUNT : 0 SUM : 0
rocksdb.read.block.compaction.micros P50 : 0.000000 P95 : 0.000000 P99 : 0.000000 P100 : 0.000000 COUNT : 0 SUM : 0
rocksdb.read.block.get.micros P50 : 35.471629 P95 : 72.047421 P99 : 94.582397 P100 : 5803.000000 COUNT : 6928381 SUM : 261631151
rocksdb.write.raw.block.micros P50 : 0.000000 P95 : 0.000000 P99 : 0.000000 P100 : 0.000000 COUNT : 0 SUM : 0
rocksdb.l0.slowdown.count P50 : 0.000000 P95 : 0.000000 P99 : 0.000000 P100 : 0.000000 COUNT : 0 SUM : 0
rocksdb.memtable.compaction.count P50 : 0.000000 P95 : 0.000000 P99 : 0.000000 P100 : 0.000000 COUNT : 0 SUM : 0
rocksdb.num.files.stall.count P50 : 0.000000 P95 : 0.000000 P99 : 0.000000 P100 : 0.000000 COUNT : 0 SUM : 0
rocksdb.hard.rate.limit.delay.count P50 : 0.000000 P95 : 0.000000 P99 : 0.000000 P100 : 0.000000 COUNT : 0 SUM : 0
rocksdb.soft.rate.limit.delay.count P50 : 0.000000 P95 : 0.000000 P99 : 0.000000 P100 : 0.000000 COUNT : 0 SUM : 0
rocksdb.numfiles.in.singlecompaction P50 : 0.000000 P95 : 0.000000 P99 : 0.000000 P100 : 0.000000 COUNT : 0 SUM : 0
rocksdb.db.seek.micros P50 : 0.000000 P95 : 0.000000 P99 : 0.000000 P100 : 0.000000 COUNT : 0 SUM : 0
rocksdb.db.write.stall P50 : 0.000000 P95 : 0.000000 P99 : 0.000000 P100 : 0.000000 COUNT : 0 SUM : 0
rocksdb.sst.read.micros P50 : 2.994583 P95 : 5.306976 P99 : 18.788374 P100 : 945.000000 COUNT : 6183716 SUM : 24580097
rocksdb.num.subcompactions.scheduled P50 : 0.000000 P95 : 0.000000 P99 : 0.000000 P100 : 0.000000 COUNT : 0 SUM : 0
rocksdb.bytes.per.read P50 : 256.000000 P95 : 256.000000 P99 : 256.000000 P100 : 256.000000 COUNT : 8000000 SUM : 1770935296
rocksdb.bytes.per.write P50 : 0.000000 P95 : 0.000000 P99 : 0.000000 P100 : 0.000000 COUNT : 0 SUM : 0
rocksdb.bytes.per.multiget P50 : 0.000000 P95 : 0.000000 P99 : 0.000000 P100 : 0.000000 COUNT : 0 SUM : 0
rocksdb.bytes.compressed P50 : 0.000000 P95 : 0.000000 P99 : 0.000000 P100 : 0.000000 COUNT : 0 SUM : 0
rocksdb.bytes.decompressed P50 : 0.000000 P95 : 0.000000 P99 : 0.000000 P100 : 0.000000 COUNT : 0 SUM : 0
rocksdb.compression.times.nanos P50 : 0.000000 P95 : 0.000000 P99 : 0.000000 P100 : 0.000000 COUNT : 0 SUM : 0
rocksdb.decompression.times.nanos P50 : 0.000000 P95 : 0.000000 P99 : 0.000000 P100 : 0.000000 COUNT : 0 SUM : 0
rocksdb.read.num.merge_operands P50 : 0.000000 P95 : 0.000000 P99 : 0.000000 P100 : 0.000000 COUNT : 0 SUM : 0
rocksdb.blobdb.key.size P50 : 0.000000 P95 : 0.000000 P99 : 0.000000 P100 : 0.000000 COUNT : 0 SUM : 0
rocksdb.blobdb.value.size P50 : 0.000000 P95 : 0.000000 P99 : 0.000000 P100 : 0.000000 COUNT : 0 SUM : 0
rocksdb.blobdb.write.micros P50 : 0.000000 P95 : 0.000000 P99 : 0.000000 P100 : 0.000000 COUNT : 0 SUM : 0
rocksdb.blobdb.get.micros P50 : 0.000000 P95 : 0.000000 P99 : 0.000000 P100 : 0.000000 COUNT : 0 SUM : 0
rocksdb.blobdb.multiget.micros P50 : 0.000000 P95 : 0.000000 P99 : 0.000000 P100 : 0.000000 COUNT : 0 SUM : 0
rocksdb.blobdb.seek.micros P50 : 0.000000 P95 : 0.000000 P99 : 0.000000 P100 : 0.000000 COUNT : 0 SUM : 0
rocksdb.blobdb.next.micros P50 : 0.000000 P95 : 0.000000 P99 : 0.000000 P100 : 0.000000 COUNT : 0 SUM : 0
rocksdb.blobdb.prev.micros P50 : 0.000000 P95 : 0.000000 P99 : 0.000000 P100 : 0.000000 COUNT : 0 SUM : 0
rocksdb.blobdb.blob.file.write.micros P50 : 0.000000 P95 : 0.000000 P99 : 0.000000 P100 : 0.000000 COUNT : 0 SUM : 0
rocksdb.blobdb.blob.file.read.micros P50 : 0.000000 P95 : 0.000000 P99 : 0.000000 P100 : 0.000000 COUNT : 0 SUM : 0
rocksdb.blobdb.blob.file.sync.micros P50 : 0.000000 P95 : 0.000000 P99 : 0.000000 P100 : 0.000000 COUNT : 0 SUM : 0
rocksdb.blobdb.gc.micros P50 : 0.000000 P95 : 0.000000 P99 : 0.000000 P100 : 0.000000 COUNT : 0 SUM : 0
rocksdb.blobdb.compression.micros P50 : 0.000000 P95 : 0.000000 P99 : 0.000000 P100 : 0.000000 COUNT : 0 SUM : 0
rocksdb.blobdb.decompression.micros P50 : 0.000000 P95 : 0.000000 P99 : 0.000000 P100 : 0.000000 COUNT : 0 SUM : 0
rocksdb.db.flush.micros P50 : 0.000000 P95 : 0.000000 P99 : 0.000000 P100 : 0.000000 COUNT : 0 SUM : 0
rocksdb.sst.batch.size P50 : 0.000000 P95 : 0.000000 P99 : 0.000000 P100 : 0.000000 COUNT : 0 SUM : 0

