Initializing RocksDB Options from the specified file
Initializing RocksDB Options from command-line flags
Keys:       16 bytes each
Values:     256 bytes each (128 bytes after compression)
Entries:    5000000
Prefix:    0 bytes
Keys per prefix:    0
RawSize:    1297.0 MB (estimated)
FileSize:   686.6 MB (estimated)
Write rate: 0 bytes/second
Read rate: 0 ops/second
Compression: NoCompression
Compression sampling rate: 0
Memtablerep: skip_list
Perf Level: 5
WARNING: Assertions are enabled; benchmarks unnecessarily slow
------------------------------------------------
Initializing RocksDB Options from the specified file
Initializing RocksDB Options from command-line flags
DB path: [/home/zyh/480G/wp]
fillrandom   :      12.319 micros/op 162333 ops/sec;   42.1 MB/s
Microseconds per write:
Count: 10000000 Average: 12.3194  StdDev: 15.31
Min: 6  Median: 11.9601  Max: 26292
Percentiles: P50: 11.96 P75: 13.76 P99: 30.44 P99.9: 35.64 P99.99: 50.52
------------------------------------------------------
(       4,       6 ]       54   0.001%   0.001% 
(       6,      10 ]  2275219  22.752%  22.753% #####
(      10,      15 ]  6950522  69.505%  92.258% ##############
(      15,      22 ]   463227   4.632%  96.890% #
(      22,      34 ]   299987   3.000%  99.890% #
(      34,      51 ]    10279   0.103%  99.993% 
(      51,      76 ]      275   0.003%  99.996% 
(      76,     110 ]      103   0.001%  99.997% 
(     110,     170 ]       30   0.000%  99.997% 
(     170,     250 ]        5   0.000%  99.997% 
(     250,     380 ]       42   0.000%  99.997% 
(     380,     580 ]       11   0.000%  99.998% 
(     580,     870 ]       53   0.001%  99.998% 
(     870,    1300 ]      137   0.001%  99.999% 
(    1300,    1900 ]       22   0.000% 100.000% 
(    1900,    2900 ]       17   0.000% 100.000% 
(    2900,    4400 ]        4   0.000% 100.000% 
(    4400,    6600 ]        9   0.000% 100.000% 
(    6600,    9900 ]        2   0.000% 100.000% 
(   22000,   33000 ]        2   0.000% 100.000% 



** Compaction Stats [default] **
Level    Files   Size     Score Read(GB)  Rn(GB) Rnp1(GB) Write(GB) Wnew(GB) Moved(GB) W-Amp Rd(MB/s) Wr(MB/s) Comp(sec) CompMergeCPU(sec) Comp(cnt) Avg(sec) KeyIn KeyDrop
----------------------------------------------------------------------------------------------------------------------------------------------------------------------------
  L0      3/0   332.92 MB   0.8      0.0     0.0      0.0       2.5      2.5       0.0   1.0      0.0    283.3      9.01              8.16        23    0.392       0      0
  L5     63/0   508.50 MB   1.0      2.2     1.3      0.9       1.8      0.9       0.0   1.4    271.2    220.7      8.23              7.51         3    2.742   8252K  1538K
  L6    130/0   875.81 MB   0.0      2.2     1.3      0.9       1.8      0.9       0.0   1.4    258.8    209.8      8.54              7.82        52    0.164   8178K  1548K
 Sum    196/0    1.68 GB   0.0      4.3     2.6      1.8       6.0      4.2       0.0   2.4    172.4    239.0     25.78             23.49        78    0.331     16M  3087K
 Int      0/0    0.00 KB   0.0      4.3     2.6      1.8       6.0      4.2       0.0   2.4    172.4    239.0     25.78             23.49        78    0.331     16M  3087K

** Compaction Stats [default] **
Priority    Files   Size     Score Read(GB)  Rn(GB) Rnp1(GB) Write(GB) Wnew(GB) Moved(GB) W-Amp Rd(MB/s) Wr(MB/s) Comp(sec) CompMergeCPU(sec) Comp(cnt) Avg(sec) KeyIn KeyDrop
-------------------------------------------------------------------------------------------------------------------------------------------------------------------------------
 Low      0/0    0.00 KB   0.0      4.3     2.6      1.8       3.5      1.7       0.0   0.0    264.9    215.1     16.77             15.33        55    0.305     16M  3087K
High      0/0    0.00 KB   0.0      0.0     0.0      0.0       2.5      2.5       0.0   0.0      0.0    283.3      9.01              8.16        23    0.392       0      0
Uptime(secs): 61.6 total, 61.6 interval
Flush(GB): cumulative 2.492, interval 2.492
AddFile(GB): cumulative 0.000, interval 0.000
AddFile(Total Files): cumulative 0, interval 0
AddFile(L0 Files): cumulative 0, interval 0
AddFile(Keys): cumulative 0, interval 0
Cumulative compaction: 6.02 GB write, 100.00 MB/s write, 4.34 GB read, 72.12 MB/s read, 25.8 seconds
Interval compaction: 6.02 GB write, 100.00 MB/s write, 4.34 GB read, 72.13 MB/s read, 25.8 seconds
Stalls(count): 0 level0_slowdown, 0 level0_slowdown_with_compaction, 0 level0_numfiles, 0 level0_numfiles_with_compaction, 0 stop for pending_compaction_bytes, 0 slowdown for pending_compaction_bytes, 0 memtable_compaction, 0 memtable_slowdown, interval 0 total count

** File Read Latency Histogram By Level [default] **
** Level 0 read latency histogram (micros):
Count: 586357 Average: 1.5802  StdDev: 2.26
Min: 1  Median: 1.0000  Max: 335
Percentiles: P50: 1.00 P75: 1.50 P99: 2.83 P99.9: 14.29 P99.99: 19.45
------------------------------------------------------
[       0,       1 ]   306096  52.203%  52.203% ##########
(       1,       2 ]   269233  45.916%  98.119% #########
(       2,       3 ]     6245   1.065%  99.184% 
(       3,       4 ]      232   0.040%  99.224% 
(       4,       6 ]      286   0.049%  99.273% 
(       6,      10 ]      580   0.099%  99.372% 
(      10,      15 ]     3613   0.616%  99.988% 
(      15,      22 ]       21   0.004%  99.991% 
(      22,      34 ]        4   0.001%  99.992% 
(      34,      51 ]        1   0.000%  99.992% 
(     110,     170 ]        7   0.001%  99.993% 
(     170,     250 ]       19   0.003%  99.997% 
(     250,     380 ]       20   0.003% 100.000% 

** Level 5 read latency histogram (micros):
Count: 346512 Average: 1.4445  StdDev: 2.13
Min: 0  Median: 0.7775  Max: 914
Percentiles: P50: 0.78 P75: 1.31 P99: 2.04 P99.9: 14.70 P99.99: 29.89
------------------------------------------------------
[       0,       1 ]   222845  64.311%  64.311% #############
(       1,       2 ]   120175  34.681%  98.992% #######
(       2,       3 ]      630   0.182%  99.174% 
(       3,       4 ]      110   0.032%  99.206% 
(       4,       6 ]      203   0.059%  99.264% 
(       6,      10 ]      280   0.081%  99.345% 
(      10,      15 ]     2046   0.590%  99.936% 
(      15,      22 ]      166   0.048%  99.984% 
(      22,      34 ]       34   0.010%  99.993% 
(      34,      51 ]       19   0.005%  99.999% 
(      51,      76 ]        2   0.001%  99.999% 
(     380,     580 ]        1   0.000% 100.000% 
(     870,    1300 ]        1   0.000% 100.000% 

** Level 6 read latency histogram (micros):
Count: 243596 Average: 1.5322  StdDev: 1.20
Min: 0  Median: 0.8871  Max: 54
Percentiles: P50: 0.89 P75: 1.44 P99: 2.90 P99.9: 14.76 P99.99: 31.99
------------------------------------------------------
[       0,       1 ]   137300  56.364%  56.364% ###########
(       1,       2 ]   102210  41.959%  98.323% ########
(       2,       3 ]     1836   0.754%  99.076% 
(       3,       4 ]      211   0.087%  99.163% 
(       4,       6 ]      157   0.064%  99.227% 
(       6,      10 ]      235   0.096%  99.324% 
(      10,      15 ]     1475   0.606%  99.929% 
(      15,      22 ]      106   0.044%  99.973% 
(      22,      34 ]       50   0.021%  99.993% 
(      34,      51 ]       13   0.005%  99.999% 
(      51,      76 ]        3   0.001% 100.000% 


** DB Stats **
Uptime(secs): 61.6 total, 61.6 interval
Cumulative writes: 10M writes, 10M keys, 9993K commit groups, 1.0 writes per commit group, ingest: 2.68 GB, 44.58 MB/s
Cumulative WAL: 10M writes, 0 syncs, 10000000.00 writes per sync, written: 2.68 GB, 44.58 MB/s
Cumulative stall: 00:00:0.000 H:M:S, 0.0 percent
Interval writes: 10M writes, 10M keys, 9993K commit groups, 1.0 writes per commit group, ingest: 2746.51 MB, 44.58 MB/s
Interval WAL: 10M writes, 0 syncs, 10000000.00 writes per sync, written: 2.68 MB, 44.58 MB/s
Interval stall: 00:00:0.000 H:M:S, 0.0 percent


Level Files Size(MB)
--------------------
  0        3      333
  1        0        0
  2        0        0
  3        0        0
  4        0        0
  5       63      508
  6      130      876


--- level 0 --- version# 79 ---
 533:116619748[9418677 .. 9847907]['00000000000000053030303030303030' seq:9792382, type:1 .. '00000000004C4B373030303030303030' seq:9734411, type:1](0)
 511:116172632[8991348 .. 9418676]['00000000000000023030303030303030' seq:9333926, type:1 .. '00000000004C4B343030303030303030' seq:9405171, type:1](0)
 429:116296183[8563437 .. 8991347]['00000000000000163030303030303030' seq:8799494, type:1 .. '00000000004C4B3B3030303030303030' seq:8690787, type:1](0)
--- level 1 --- version# 79 ---
--- level 2 --- version# 79 ---
--- level 3 --- version# 79 ---
--- level 4 --- version# 79 ---
--- level 5 --- version# 79 ---
 366:8542341[6849683 .. 8563386]['00000000000000003030303030303030' seq:7208187, type:1 .. '000000000001962B3030303030303030' seq:7529416, type:1](0)
 367:8542348[6849779 .. 8563428]['000000000001962C3030303030303030' seq:7183815, type:1 .. '0000000000032A523030303030303030' seq:7118015, type:1](0)
 368:8542333[3425462 .. 8563329]['0000000000032A533030303030303030' seq:7882930, type:1 .. '000000000004B0AB3030303030303030' seq:4622286, type:1](0)
 370:8542269[3424739 .. 8563367]['00000000000568AE3030303030303030' seq:5308480, type:1 .. '000000000006A0FF3030303030303030' seq:6209675, type:1](0)
 373:8542168[3425369 .. 8563205]['00000000000810623030303030303030' seq:5198803, type:1 .. '000000000008C6C53030303030303030' seq:3723886, type:1](0)
 374:8542163[3424695 .. 8563391]['000000000008C6C63030303030303030' seq:4271953, type:1 .. '0000000000097E643030303030303030' seq:7718460, type:1](0)
 375:8542161[3424959 .. 8563430]['0000000000097E663030303030303030' seq:8104898, type:1 .. '00000000000A34CE3030303030303030' seq:5323937, type:1](0)
 378:8542158[3424990 .. 8563269]['00000000000BA3F63030303030303030' seq:5808714, type:1 .. '00000000000C5A543030303030303030' seq:8398799, type:1](0)
 379:8542170[3424993 .. 8563435]['00000000000C5A563030303030303030' seq:6070925, type:1 .. '00000000000D11BB3030303030303030' seq:8478416, type:1](0)
 381:8542158[3424525 .. 8563263]['00000000000DC93B3030303030303030' seq:6029187, type:1 .. '00000000000E80F83030303030303030' seq:7576875, type:1](0)
 382:8542165[3424597 .. 8563309]['00000000000E80F93030303030303030' seq:6867252, type:1 .. '00000000000F38B13030303030303030' seq:8317161, type:1](0)
 383:8542152[3424350 .. 8563424]['00000000000F38B23030303030303030' seq:4251259, type:1 .. '00000000000FEE733030303030303030' seq:6376551, type:1](0)
 385:8542155[3424661 .. 8563384]['000000000010A61E3030303030303030' seq:8362247, type:1 .. '0000000000115E9A3030303030303030' seq:6624449, type:1](0)
 386:8542149[3424388 .. 8563436]['0000000000115E9B3030303030303030' seq:5097792, type:1 .. '00000000001216C73030303030303030' seq:4263257, type:1](0)
 387:8542153[3424483 .. 8563423]['00000000001216C93030303030303030' seq:5119197, type:1 .. '000000000012CDFD3030303030303030' seq:3738933, type:1](0)
 390:8542167[3424766 .. 8563399]['0000000000142D123030303030303030' seq:7368740, type:1 .. '000000000014E46E3030303030303030' seq:7795672, type:1](0)
 391:8542217[3424441 .. 8563432]['000000000014E46F3030303030303030' seq:4453383, type:1 .. '000000000015EEBE3030303030303030' seq:7808197, type:1](0)
 392:8542352[6849880 .. 8563411]['000000000015EEC03030303030303030' seq:7887632, type:1 .. '00000000001786803030303030303030' seq:8052303, type:1](0)
 393:8542224[3425009 .. 8563350]['00000000001786833030303030303030' seq:7893095, type:1 .. '0000000000188BFF3030303030303030' seq:5928028, type:1](0)
 394:8542155[3424602 .. 8563405]['0000000000188C003030303030303030' seq:7936744, type:1 .. '00000000001942663030303030303030' seq:6348619, type:1](0)
 395:8542154[3424406 .. 8563401]['00000000001942683030303030303030' seq:5057883, type:1 .. '00000000001A05693030303030303030' seq:8388177, type:1](0)
 396:8542350[6849802 .. 8563379]['00000000001A056E3030303030303030' seq:7097418, type:1 .. '00000000001B984B3030303030303030' seq:7632122, type:1](0)
 397:8542183[3426197 .. 8563380]['00000000001B984D3030303030303030' seq:8088849, type:1 .. '00000000001C6A373030303030303030' seq:6952299, type:1](0)
 398:8542154[3424411 .. 8563413]['00000000001C6A383030303030303030' seq:7499893, type:1 .. '00000000001D214F3030303030303030' seq:8193798, type:1](0)
 399:8542167[3424507 .. 8563395]['00000000001D21503030303030303030' seq:6192264, type:1 .. '00000000001DD6EB3030303030303030' seq:3486481, type:1](0)
 401:8542161[3424447 .. 8563151]['00000000001E8FC63030303030303030' seq:7680255, type:1 .. '00000000001F45B33030303030303030' seq:7781463, type:1](0)
 402:8542168[3424504 .. 8563368]['00000000001F45B43030303030303030' seq:6209608, type:1 .. '00000000001FFDAE3030303030303030' seq:8017104, type:1](0)
 403:8542162[3424839 .. 8563306]['00000000001FFDAF3030303030303030' seq:3610358, type:1 .. '000000000020B40C3030303030303030' seq:6485960, type:1](0)
 404:8542140[3424490 .. 8563433]['000000000020B40D3030303030303030' seq:7112247, type:1 .. '000000000021695E3030303030303030' seq:5770497, type:1](0)
 407:8542162[3425188 .. 8563396]['000000000022D8073030303030303030' seq:5579231, type:1 .. '0000000000238FE73030303030303030' seq:4212564, type:1](0)
 408:8542163[3424933 .. 8563419]['0000000000238FE83030303030303030' seq:5945188, type:1 .. '00000000002447CD3030303030303030' seq:5060376, type:1](0)
 410:8542332[3426792 .. 8563303]['00000000002500343030303030303030' seq:7910728, type:1 .. '00000000002687BE3030303030303030' seq:7756894, type:1](0)
 411:3782217[6849730 .. 8563330]['00000000002687C23030303030303030' seq:8067648, type:1 .. '0000000000273A973030303030303030' seq:7153997, type:1](0)
 412:8542227[3424468 .. 8563311]['0000000000273AA23030303030303030' seq:7373196, type:1 .. '00000000002848603030303030303030' seq:7363338, type:1](0)
 413:8542143[3424423 .. 8563289]['00000000002848613030303030303030' seq:7337236, type:1 .. '00000000002900B73030303030303030' seq:6290070, type:1](0)
 417:8542148[3424757 .. 8563043]['00000000002B26553030303030303030' seq:5478666, type:1 .. '00000000002BDCD13030303030303030' seq:8145295, type:1](0)
 418:8542157[3425026 .. 8563285]['00000000002BDCD33030303030303030' seq:6832887, type:1 .. '00000000002C943C3030303030303030' seq:5372695, type:1](0)
 421:8542150[3424503 .. 8563434]['00000000002E03DF3030303030303030' seq:6009381, type:1 .. '00000000002EBB623030303030303030' seq:3544094, type:1](0)
 422:8542167[3424637 .. 8563360]['00000000002EBB663030303030303030' seq:7867842, type:1 .. '00000000002F73763030303030303030' seq:5826702, type:1](0)
 424:8542159[3425716 .. 8563173]['000000000030298F3030303030303030' seq:8344987, type:1 .. '000000000030E0BC3030303030303030' seq:5634790, type:1](0)
 425:8542166[3424715 .. 8563422]['000000000030E0BE3030303030303030' seq:7046659, type:1 .. '000000000031979F3030303030303030' seq:6782199, type:1](0)
 426:8542171[3424844 .. 8563412]['00000000003197A03030303030303030' seq:5747739, type:1 .. '0000000000324F9D3030303030303030' seq:8306700, type:1](0)
 427:8542278[3425186 .. 8563369]['0000000000324F9E3030303030303030' seq:7172113, type:1 .. '00000000003394C73030303030303030' seq:8284007, type:1](0)
 430:8542340[6849860 .. 8563378]['00000000003394C83030303030303030' seq:7801104, type:1 .. '000000000035283B3030303030303030' seq:7750447, type:1](0)
 431:8542346[6849680 .. 8563338]['000000000035283C3030303030303030' seq:7016959, type:1 .. '000000000036BF693030303030303030' seq:8308651, type:1](0)
 432:8542216[3424795 .. 8563157]['000000000036BF6D3030303030303030' seq:8019458, type:1 .. '000000000037B6873030303030303030' seq:5736352, type:1](0)
 435:8542149[3424665 .. 8563250]['000000000039249F3030303030303030' seq:5297239, type:1 .. '000000000039DB5A3030303030303030' seq:5209689, type:1](0)
 436:8542147[3424856 .. 8563108]['000000000039DB5B3030303030303030' seq:7733874, type:1 .. '00000000003A91453030303030303030' seq:6270000, type:1](0)
 441:8542163[3425521 .. 8563243]['00000000003CC1D63030303030303030' seq:5552748, type:1 .. '00000000003D79053030303030303030' seq:5661501, type:1](0)
 442:8542157[3424497 .. 8563364]['00000000003D79073030303030303030' seq:5014139, type:1 .. '00000000003E2F863030303030303030' seq:6064625, type:1](0)
 444:8542156[3424439 .. 8563357]['00000000003EE8543030303030303030' seq:5682471, type:1 .. '00000000003F9FFA3030303030303030' seq:6292538, type:1](0)
 445:8542153[3424469 .. 8563297]['00000000003F9FFB3030303030303030' seq:4622377, type:1 .. '00000000004057763030303030303030' seq:7109479, type:1](0)
 446:8542162[3424627 .. 8563426]['00000000004057793030303030303030' seq:8107712, type:1 .. '0000000000410E6E3030303030303030' seq:8317282, type:1](0)
 448:8542152[3424366 .. 8563365]['000000000041C6263030303030303030' seq:4783911, type:1 .. '0000000000427D053030303030303030' seq:8261249, type:1](0)
 449:8542149[3424498 .. 8563397]['0000000000427D063030303030303030' seq:7161015, type:1 .. '000000000043350A3030303030303030' seq:7690123, type:1](0)
 450:8542164[3424809 .. 8563291]['000000000043350B3030303030303030' seq:6226810, type:1 .. '000000000043ED073030303030303030' seq:8397591, type:1](0)
 451:8542164[3424414 .. 8563300]['000000000043ED083030303030303030' seq:5926434, type:1 .. '000000000044A4103030303030303030' seq:7943228, type:1](0)
 454:8542144[3424459 .. 8563420]['00000000004613193030303030303030' seq:4931909, type:1 .. '000000000046C9F03030303030303030' seq:7801631, type:1](0)
 455:8542158[3424480 .. 8563209]['000000000046C9F13030303030303030' seq:8388722, type:1 .. '00000000004780FB3030303030303030' seq:5142756, type:1](0)
 457:8542162[3424449 .. 8563406]['00000000004837B83030303030303030' seq:4750127, type:1 .. '000000000048EF943030303030303030' seq:7731166, type:1](0)
 458:8542167[3424882 .. 8563271]['000000000048EF953030303030303030' seq:6248742, type:1 .. '000000000049A5DB3030303030303030' seq:3974875, type:1](0)
 459:8542159[3424397 .. 8563213]['000000000049A5DD3030303030303030' seq:3522694, type:1 .. '00000000004A5D163030303030303030' seq:7848213, type:1](0)
 461:8340659[3425200 .. 8563387]['00000000004B13AB3030303030303030' seq:6912831, type:1 .. '00000000004C4B3F3030303030303030' seq:4515396, type:1](0)
--- level 6 --- version# 79 ---
 309:8542135[0 .. 0]['00000000000000003030303030303030' seq:0, type:1 .. '0000000000009D5D3030303030303030' seq:0, type:1](0)
 320:8542127[0 .. 0]['0000000000009D5E3030303030303030' seq:0, type:1 .. '0000000000013B893030303030303030' seq:0, type:1](0)
 321:8542124[0 .. 0]['0000000000013B8A3030303030303030' seq:0, type:1 .. '000000000001D9D93030303030303030' seq:0, type:1](0)
 323:8542135[0 .. 0]['000000000001D9DA3030303030303030' seq:0, type:1 .. '00000000000277903030303030303030' seq:0, type:1](0)
 325:8542138[0 .. 0]['00000000000277913030303030303030' seq:0, type:1 .. '00000000000316133030303030303030' seq:0, type:1](0)
 326:8542129[0 .. 0]['00000000000316163030303030303030' seq:0, type:1 .. '000000000003B35A3030303030303030' seq:0, type:1](0)
 328:8542130[0 .. 0]['000000000003B35C3030303030303030' seq:0, type:1 .. '00000000000450C33030303030303030' seq:0, type:1](0)
 329:4451446[0 .. 0]['00000000000450C43030303030303030' seq:0, type:1 .. '000000000004A3103030303030303030' seq:0, type:1](0)
 498:8542124[0 .. 0]['000000000004A3133030303030303030' seq:0, type:1 .. '00000000000538D03030303030303030' seq:0, type:1](0)
 499:4277439[0 .. 0]['00000000000538D13030303030303030' seq:0, type:1 .. '00000000000590773030303030303030' seq:0, type:1](0)
 311:8542139[0 .. 0]['00000000000590783030303030303030' seq:0, type:1 .. '0000000000062E863030303030303030' seq:0, type:1](0)
 312:4311918[0 .. 0]['0000000000062E873030303030303030' seq:0, type:1 .. '0000000000067EE03030303030303030' seq:0, type:1](0)
 500:8542130[0 .. 0]['0000000000067EE53030303030303030' seq:0, type:1 .. '0000000000071BE13030303030303030' seq:0, type:1](0)
 506:8542120[0 .. 0]['0000000000071BE23030303030303030' seq:0, type:1 .. '000000000007ABE23030303030303030' seq:0, type:1](0)
 507:8542145[0 .. 0]['000000000007ABE33030303030303030' seq:0, type:1 .. '00000000000857DC3030303030303030' seq:0, type:1](0)
 508:41454[0 .. 0]['00000000000857DD3030303030303030' seq:0, type:1 .. '00000000000858FF3030303030303030' seq:0, type:1](0)
 81:8542208[0 .. 0]['00000000000859003030303030303030' seq:0, type:1 .. '00000000000946003030303030303030' seq:0, type:1](0)
 82:8542202[0 .. 0]['00000000000946013030303030303030' seq:0, type:1 .. '00000000000A337D3030303030303030' seq:0, type:1](0)
 468:8542104[0 .. 0]['00000000000A33823030303030303030' seq:0, type:1 .. '00000000000AC3973030303030303030' seq:0, type:1](0)
 523:8542112[0 .. 0]['00000000000AC3983030303030303030' seq:0, type:1 .. '00000000000B52B23030303030303030' seq:0, type:1](0)
 524:8542170[0 .. 0]['00000000000B52B33030303030303030' seq:0, type:1 .. '00000000000C09563030303030303030' seq:0, type:1](0)
 525:44954[0 .. 0]['00000000000C09573030303030303030' seq:0, type:1 .. '00000000000C0A9B3030303030303030' seq:0, type:1](0)
 85:8542211[0 .. 0]['00000000000C0A9E3030303030303030' seq:0, type:1 .. '00000000000CF73C3030303030303030' seq:0, type:1](0)
 494:8542124[0 .. 0]['00000000000CF7403030303030303030' seq:0, type:1 .. '00000000000D90DF3030303030303030' seq:0, type:1](0)
 495:4332636[0 .. 0]['00000000000D90E03030303030303030' seq:0, type:1 .. '00000000000DE4573030303030303030' seq:0, type:1](0)
 87:8542198[0 .. 0]['00000000000DE4583030303030303030' seq:0, type:1 .. '00000000000ED1B83030303030303030' seq:0, type:1](0)
 88:8542202[0 .. 0]['00000000000ED1B93030303030303030' seq:0, type:1 .. '00000000000FC0853030303030303030' seq:0, type:1](0)
 488:8542139[0 .. 0]['00000000000FC0863030303030303030' seq:0, type:1 .. '00000000001062993030303030303030' seq:0, type:1](0)
 489:4332632[0 .. 0]['000000000010629C3030303030303030' seq:0, type:1 .. '000000000010AE8A3030303030303030' seq:0, type:1](0)
 90:8542201[0 .. 0]['000000000010AE8C3030303030303030' seq:0, type:1 .. '0000000000119C4C3030303030303030' seq:0, type:1](0)
 91:8542211[0 .. 0]['0000000000119C4F3030303030303030' seq:0, type:1 .. '00000000001288673030303030303030' seq:0, type:1](0)
 504:8542154[0 .. 0]['00000000001288683030303030303030' seq:0, type:1 .. '00000000001333443030303030303030' seq:0, type:1](0)
 505:3934877[0 .. 0]['00000000001333453030303030303030' seq:0, type:1 .. '00000000001375923030303030303030' seq:0, type:1](0)
 480:8542126[0 .. 0]['00000000001375933030303030303030' seq:0, type:1 .. '00000000001404C93030303030303030' seq:0, type:1](0)
 481:4337813[0 .. 0]['00000000001404CB3030303030303030' seq:0, type:1 .. '00000000001462E33030303030303030' seq:0, type:1](0)
 94:8542216[0 .. 0]['00000000001462E43030303030303030' seq:0, type:1 .. '0000000000154F963030303030303030' seq:0, type:1](0)
 313:8542148[0 .. 0]['0000000000154F9A3030303030303030' seq:0, type:1 .. '000000000015EFAA3030303030303030' seq:0, type:1](0)
 314:4213549[0 .. 0]['000000000015EFAB3030303030303030' seq:0, type:1 .. '0000000000163DBA3030303030303030' seq:0, type:1](0)
 307:8542147[0 .. 0]['0000000000163DBB3030303030303030' seq:0, type:1 .. '000000000016DA3A3030303030303030' seq:0, type:1](0)
 317:8542134[0 .. 0]['000000000016DA3B3030303030303030' seq:0, type:1 .. '00000000001777893030303030303030' seq:0, type:1](0)
 318:8542141[0 .. 0]['000000000017778B3030303030303030' seq:0, type:1 .. '00000000001815963030303030303030' seq:0, type:1](0)
 319:91573[0 .. 0]['00000000001815973030303030303030' seq:0, type:1 .. '00000000001818223030303030303030' seq:0, type:1](0)
 98:8542190[0 .. 0]['00000000001818233030303030303030' seq:0, type:1 .. '00000000001905CD3030303030303030' seq:0, type:1](0)
 351:8542197[0 .. 0]['00000000001905D33030303030303030' seq:0, type:1 .. '000000000019F0ED3030303030303030' seq:0, type:1](0)
 352:8542133[0 .. 0]['000000000019F0EE3030303030303030' seq:0, type:1 .. '00000000001A8EB13030303030303030' seq:0, type:1](0)
 354:8542141[0 .. 0]['00000000001A8EB33030303030303030' seq:0, type:1 .. '00000000001B2C8F3030303030303030' seq:0, type:1](0)
 355:8542137[0 .. 0]['00000000001B2C913030303030303030' seq:0, type:1 .. '00000000001BCB133030303030303030' seq:0, type:1](0)
 356:133609[0 .. 0]['00000000001BCB153030303030303030' seq:0, type:1 .. '00000000001BCED53030303030303030' seq:0, type:1](0)
 102:8542213[0 .. 0]['00000000001BCED63030303030303030' seq:0, type:1 .. '00000000001CBA843030303030303030' seq:0, type:1](0)
 103:8542219[0 .. 0]['00000000001CBA863030303030303030' seq:0, type:1 .. '00000000001DA6EA3030303030303030' seq:0, type:1](0)
 486:8542144[0 .. 0]['00000000001DA6EB3030303030303030' seq:0, type:1 .. '00000000001E49E53030303030303030' seq:0, type:1](0)
 487:4313709[0 .. 0]['00000000001E49E63030303030303030' seq:0, type:1 .. '00000000001E94433030303030303030' seq:0, type:1](0)
 105:8542202[0 .. 0]['00000000001E94453030303030303030' seq:0, type:1 .. '00000000001F81EC3030303030303030' seq:0, type:1](0)
 106:8542206[0 .. 0]['00000000001F81ED3030303030303030' seq:0, type:1 .. '00000000002070753030303030303030' seq:0, type:1](0)
 107:8542178[0 .. 0]['00000000002070763030303030303030' seq:0, type:1 .. '0000000000215DA43030303030303030' seq:0, type:1](0)
 492:8542126[0 .. 0]['0000000000215DA73030303030303030' seq:0, type:1 .. '000000000021F1DD3030303030303030' seq:0, type:1](0)
 529:8542109[0 .. 0]['000000000021F1DE3030303030303030' seq:0, type:1 .. '00000000002281433030303030303030' seq:0, type:1](0)
 530:8542154[0 .. 0]['00000000002281443030303030303030' seq:0, type:1 .. '00000000002336B13030303030303030' seq:0, type:1](0)
 531:83441[0 .. 0]['00000000002336B33030303030303030' seq:0, type:1 .. '00000000002338D33030303030303030' seq:0, type:1](0)
 110:8542207[0 .. 0]['00000000002338D53030303030303030' seq:0, type:1 .. '000000000024264B3030303030303030' seq:0, type:1](0)
 478:8542135[0 .. 0]['000000000024264C3030303030303030' seq:0, type:1 .. '000000000024C3243030303030303030' seq:0, type:1](0)
 479:4313151[0 .. 0]['000000000024C3253030303030303030' seq:0, type:1 .. '00000000002511033030303030303030' seq:0, type:1](0)
 346:8542132[0 .. 0]['00000000002511043030303030303030' seq:0, type:1 .. '000000000025ADFA3030303030303030' seq:0, type:1](0)
 347:4319349[0 .. 0]['000000000025ADFB3030303030303030' seq:0, type:1 .. '000000000025FE203030303030303030' seq:0, type:1](0)
 337:8542141[0 .. 0]['000000000025FE213030303030303030' seq:0, type:1 .. '0000000000269C813030303030303030' seq:0, type:1](0)
 339:8542153[0 .. 0]['0000000000269C823030303030303030' seq:0, type:1 .. '0000000000273AA13030303030303030' seq:0, type:1](0)
 340:8542137[0 .. 0]['0000000000273AA23030303030303030' seq:0, type:1 .. '000000000027D9E73030303030303030' seq:0, type:1](0)
 341:78005[0 .. 0]['000000000027D9E93030303030303030' seq:0, type:1 .. '000000000027DC2B3030303030303030' seq:0, type:1](0)
 115:8542200[0 .. 0]['000000000027DC2D3030303030303030' seq:0, type:1 .. '000000000028C9D13030303030303030' seq:0, type:1](0)
 482:8542139[0 .. 0]['000000000028C9D33030303030303030' seq:0, type:1 .. '0000000000296FCC3030303030303030' seq:0, type:1](0)
 483:4318734[0 .. 0]['0000000000296FCE3030303030303030' seq:0, type:1 .. '000000000029B8233030303030303030' seq:0, type:1](0)
 490:8542118[0 .. 0]['000000000029B8243030303030303030' seq:0, type:1 .. '00000000002A47BA3030303030303030' seq:0, type:1](0)
 517:8542120[0 .. 0]['00000000002A47BB3030303030303030' seq:0, type:1 .. '00000000002AD76D3030303030303030' seq:0, type:1](0)
 518:8542158[0 .. 0]['00000000002AD76E3030303030303030' seq:0, type:1 .. '00000000002B90FB3030303030303030' seq:0, type:1](0)
 519:89634[0 .. 0]['00000000002B90FE3030303030303030' seq:0, type:1 .. '00000000002B93513030303030303030' seq:0, type:1](0)
 119:8542216[0 .. 0]['00000000002B93523030303030303030' seq:0, type:1 .. '00000000002C80753030303030303030' seq:0, type:1](0)
 502:8542118[0 .. 0]['00000000002C80773030303030303030' seq:0, type:1 .. '00000000002D17FC3030303030303030' seq:0, type:1](0)
 526:8542122[0 .. 0]['00000000002D17FF3030303030303030' seq:0, type:1 .. '00000000002DA79F3030303030303030' seq:0, type:1](0)
 527:8542155[0 .. 0]['00000000002DA7A03030303030303030' seq:0, type:1 .. '00000000002E57D93030303030303030' seq:0, type:1](0)
 528:82336[0 .. 0]['00000000002E57DA3030303030303030' seq:0, type:1 .. '00000000002E5A0D3030303030303030' seq:0, type:1](0)
 122:8542192[0 .. 0]['00000000002E5A0E3030303030303030' seq:0, type:1 .. '00000000002F47183030303030303030' seq:0, type:1](0)
 466:8542141[0 .. 0]['00000000002F471D3030303030303030' seq:0, type:1 .. '00000000002FE8C43030303030303030' seq:0, type:1](0)
 467:4341173[0 .. 0]['00000000002FE8C63030303030303030' seq:0, type:1 .. '00000000003036C63030303030303030' seq:0, type:1](0)
 126:8542195[0 .. 0]['00000000003036C73030303030303030' seq:0, type:1 .. '00000000003124313030303030303030' seq:0, type:1](0)
 127:8542208[0 .. 0]['00000000003124343030303030303030' seq:0, type:1 .. '000000000032113A3030303030303030' seq:0, type:1](0)
 357:8542177[0 .. 0]['000000000032113B3030303030303030' seq:0, type:1 .. '000000000032DA5D3030303030303030' seq:0, type:1](0)
 358:8542142[0 .. 0]['000000000032DA5E3030303030303030' seq:0, type:1 .. '000000000033774C3030303030303030' seq:0, type:1](0)
 359:4294083[0 .. 0]['00000000003377503030303030303030' seq:0, type:1 .. '000000000033C6D93030303030303030' seq:0, type:1](0)
 349:8542133[0 .. 0]['000000000033C6DA3030303030303030' seq:0, type:1 .. '000000000034645C3030303030303030' seq:0, type:1](0)
 350:4309923[0 .. 0]['000000000034645D3030303030303030' seq:0, type:1 .. '000000000034B3F03030303030303030' seq:0, type:1](0)
 343:8542127[0 .. 0]['000000000034B3F13030303030303030' seq:0, type:1 .. '00000000003551C03030303030303030' seq:0, type:1](0)
 344:4299731[0 .. 0]['00000000003551C23030303030303030' seq:0, type:1 .. '000000000035A0EF3030303030303030' seq:0, type:1](0)
 331:8542131[0 .. 0]['000000000035A0F03030303030303030' seq:0, type:1 .. '0000000000363ECF3030303030303030' seq:0, type:1](0)
 333:8542134[0 .. 0]['0000000000363ED23030303030303030' seq:0, type:1 .. '000000000036DCDD3030303030303030' seq:0, type:1](0)
 334:8542164[0 .. 0]['000000000036DCDE3030303030303030' seq:0, type:1 .. '0000000000379D153030303030303030' seq:0, type:1](0)
 335:101539[0 .. 0]['0000000000379D163030303030303030' seq:0, type:1 .. '0000000000379FB33030303030303030' seq:0, type:1](0)
 472:8542144[0 .. 0]['0000000000379FB73030303030303030' seq:0, type:1 .. '000000000038387B3030303030303030' seq:0, type:1](0)
 514:8542120[0 .. 0]['000000000038387C3030303030303030' seq:0, type:1 .. '000000000038C84D3030303030303030' seq:0, type:1](0)
 515:8542160[0 .. 0]['000000000038C84E3030303030303030' seq:0, type:1 .. '00000000003979443030303030303030' seq:0, type:1](0)
 516:71537[0 .. 0]['00000000003979493030303030303030' seq:0, type:1 .. '0000000000397B493030303030303030' seq:0, type:1](0)
 136:8542196[0 .. 0]['0000000000397B503030303030303030' seq:0, type:1 .. '00000000003A68CE3030303030303030' seq:0, type:1](0)
 476:8542137[0 .. 0]['00000000003A68D13030303030303030' seq:0, type:1 .. '00000000003B08573030303030303030' seq:0, type:1](0)
 477:4592643[0 .. 0]['00000000003B08583030303030303030' seq:0, type:1 .. '00000000003B55AA3030303030303030' seq:0, type:1](0)
 496:8542117[0 .. 0]['00000000003B55AB3030303030303030' seq:0, type:1 .. '00000000003BE4CA3030303030303030' seq:0, type:1](0)
 520:8542117[0 .. 0]['00000000003BE4CB3030303030303030' seq:0, type:1 .. '00000000003C741C3030303030303030' seq:0, type:1](0)
 521:8542170[0 .. 0]['00000000003C741D3030303030303030' seq:0, type:1 .. '00000000003D2DD13030303030303030' seq:0, type:1](0)
 522:20262[0 .. 0]['00000000003D2DD23030303030303030' seq:0, type:1 .. '00000000003D2E553030303030303030' seq:0, type:1](0)
 140:8542205[0 .. 0]['00000000003D2E563030303030303030' seq:0, type:1 .. '00000000003E1AE53030303030303030' seq:0, type:1](0)
 484:8542122[0 .. 0]['00000000003E1AE83030303030303030' seq:0, type:1 .. '00000000003EB2FB3030303030303030' seq:0, type:1](0)
 485:4337809[0 .. 0]['00000000003EB2FC3030303030303030' seq:0, type:1 .. '00000000003F09153030303030303030' seq:0, type:1](0)
 142:8542191[0 .. 0]['00000000003F09163030303030303030' seq:0, type:1 .. '00000000003FF4CF3030303030303030' seq:0, type:1](0)
 143:8542209[0 .. 0]['00000000003FF4D03030303030303030' seq:0, type:1 .. '000000000040E0943030303030303030' seq:0, type:1](0)
 464:8542139[0 .. 0]['000000000040E0953030303030303030' seq:0, type:1 .. '00000000004182D33030303030303030' seq:0, type:1](0)
 465:4364446[0 .. 0]['00000000004182D43030303030303030' seq:0, type:1 .. '000000000041D0D73030303030303030' seq:0, type:1](0)
 145:8542187[0 .. 0]['000000000041D0D83030303030303030' seq:0, type:1 .. '000000000042BE773030303030303030' seq:0, type:1](0)
 146:8542198[0 .. 0]['000000000042BE783030303030303030' seq:0, type:1 .. '000000000043A9B63030303030303030' seq:0, type:1](0)
 147:8542199[0 .. 0]['000000000043A9B83030303030303030' seq:0, type:1 .. '00000000004495E13030303030303030' seq:0, type:1](0)
 470:8542125[0 .. 0]['00000000004495E23030303030303030' seq:0, type:1 .. '0000000000452BB73030303030303030' seq:0, type:1](0)
 509:8542130[0 .. 0]['0000000000452BB93030303030303030' seq:0, type:1 .. '000000000045BB353030303030303030' seq:0, type:1](0)
 512:8542155[0 .. 0]['000000000045BB363030303030303030' seq:0, type:1 .. '0000000000466FA33030303030303030' seq:0, type:1](0)
 513:23911[0 .. 0]['0000000000466FA43030303030303030' seq:0, type:1 .. '00000000004670573030303030303030' seq:0, type:1](0)
 150:8542201[0 .. 0]['00000000004670583030303030303030' seq:0, type:1 .. '0000000000475E963030303030303030' seq:0, type:1](0)
 474:8542141[0 .. 0]['0000000000475E973030303030303030' seq:0, type:1 .. '000000000047FBC83030303030303030' seq:0, type:1](0)
 475:4321004[0 .. 0]['000000000047FBC93030303030303030' seq:0, type:1 .. '0000000000484C8A3030303030303030' seq:0, type:1](0)
 152:8542205[0 .. 0]['0000000000484C8B3030303030303030' seq:0, type:1 .. '0000000000493A8C3030303030303030' seq:0, type:1](0)
 153:8542191[0 .. 0]['0000000000493A8F3030303030303030' seq:0, type:1 .. '00000000004A28503030303030303030' seq:0, type:1](0)
 462:8542144[0 .. 0]['00000000004A28513030303030303030' seq:0, type:1 .. '00000000004ACC9B3030303030303030' seq:0, type:1](0)
 463:4267502[0 .. 0]['00000000004ACC9C3030303030303030' seq:0, type:1 .. '00000000004B15023030303030303030' seq:0, type:1](0)
 315:8542136[0 .. 0]['00000000004B15033030303030303030' seq:0, type:1 .. '00000000004BBB0C3030303030303030' seq:0, type:1](0)
 316:6857845[0 .. 0]['00000000004BBB0D3030303030303030' seq:0, type:1 .. '00000000004C4B3E3030303030303030' seq:0, type:1](0)

STATISTICS:
rocksdb.block.cache.miss COUNT : 0
rocksdb.block.cache.hit COUNT : 0
rocksdb.block.cache.add COUNT : 0
rocksdb.block.cache.add.failures COUNT : 0
rocksdb.block.cache.index.miss COUNT : 0
rocksdb.block.cache.index.hit COUNT : 0
rocksdb.block.cache.index.add COUNT : 0
rocksdb.block.cache.index.bytes.insert COUNT : 0
rocksdb.block.cache.index.bytes.evict COUNT : 0
rocksdb.block.cache.filter.miss COUNT : 0
rocksdb.block.cache.filter.hit COUNT : 0
rocksdb.block.cache.filter.add COUNT : 0
rocksdb.block.cache.filter.bytes.insert COUNT : 0
rocksdb.block.cache.filter.bytes.evict COUNT : 0
rocksdb.block.cache.data.miss COUNT : 0
rocksdb.block.cache.data.hit COUNT : 0
rocksdb.block.cache.data.add COUNT : 0
rocksdb.block.cache.data.bytes.insert COUNT : 0
rocksdb.block.cache.bytes.read COUNT : 0
rocksdb.block.cache.bytes.write COUNT : 0
rocksdb.bloom.filter.useful COUNT : 0
rocksdb.bloom.filter.full.positive COUNT : 0
rocksdb.bloom.filter.full.true.positive COUNT : 0
rocksdb.bloom.filter.micros COUNT : 0
rocksdb.persistent.cache.hit COUNT : 0
rocksdb.persistent.cache.miss COUNT : 1175457
rocksdb.sim.block.cache.hit COUNT : 0
rocksdb.sim.block.cache.miss COUNT : 0
rocksdb.memtable.hit COUNT : 0
rocksdb.memtable.miss COUNT : 0
rocksdb.l0.hit COUNT : 0
rocksdb.l1.hit COUNT : 0
rocksdb.l2andup.hit COUNT : 0
rocksdb.compaction.key.drop.new COUNT : 3087569
rocksdb.compaction.key.drop.obsolete COUNT : 0
rocksdb.compaction.key.drop.range_del COUNT : 0
rocksdb.compaction.key.drop.user COUNT : 0
rocksdb.compaction.range_del.drop.obsolete COUNT : 0
rocksdb.compaction.optimized.del.drop.obsolete COUNT : 0
rocksdb.compaction.cancelled COUNT : 0
rocksdb.number.keys.written COUNT : 10000000
rocksdb.number.keys.read COUNT : 0
rocksdb.number.keys.updated COUNT : 0
rocksdb.bytes.written COUNT : 2879923764
rocksdb.bytes.read COUNT : 0
rocksdb.number.db.seek COUNT : 0
rocksdb.number.db.next COUNT : 0
rocksdb.number.db.prev COUNT : 0
rocksdb.number.db.seek.found COUNT : 0
rocksdb.number.db.next.found COUNT : 0
rocksdb.number.db.prev.found COUNT : 0
rocksdb.db.iter.bytes.read COUNT : 0
rocksdb.no.file.closes COUNT : 0
rocksdb.no.file.opens COUNT : 504
rocksdb.no.file.errors COUNT : 0
rocksdb.l0.slowdown.micros COUNT : 0
rocksdb.memtable.compaction.micros COUNT : 0
rocksdb.l0.num.files.stall.micros COUNT : 0
rocksdb.stall.micros COUNT : 0
rocksdb.db.mutex.wait.micros COUNT : 0
rocksdb.rate.limit.delay.millis COUNT : 0
rocksdb.num.iterators COUNT : 0
rocksdb.number.multiget.get COUNT : 0
rocksdb.number.multiget.keys.read COUNT : 0
rocksdb.number.multiget.bytes.read COUNT : 0
rocksdb.number.deletes.filtered COUNT : 0
rocksdb.number.merge.failures COUNT : 0
rocksdb.bloom.filter.prefix.checked COUNT : 0
rocksdb.bloom.filter.prefix.useful COUNT : 0
rocksdb.number.reseeks.iteration COUNT : 0
rocksdb.getupdatessince.calls COUNT : 0
rocksdb.block.cachecompressed.miss COUNT : 0
rocksdb.block.cachecompressed.hit COUNT : 0
rocksdb.block.cachecompressed.add COUNT : 0
rocksdb.block.cachecompressed.add.failures COUNT : 0
rocksdb.wal.synced COUNT : 0
rocksdb.wal.bytes COUNT : 2879923764
rocksdb.write.self COUNT : 9993647
rocksdb.write.other COUNT : 6353
rocksdb.write.timeout COUNT : 0
rocksdb.write.wal COUNT : 10000000
rocksdb.compact.read.bytes COUNT : 4643316633
rocksdb.compact.write.bytes COUNT : 3783319167
rocksdb.flush.write.bytes COUNT : 2676193198
rocksdb.number.direct.load.table.properties COUNT : 0
rocksdb.number.superversion_acquires COUNT : 0
rocksdb.number.superversion_releases COUNT : 0
rocksdb.number.superversion_cleanups COUNT : 0
rocksdb.number.block.compressed COUNT : 0
rocksdb.number.block.decompressed COUNT : 0
rocksdb.number.block.not_compressed COUNT : 0
rocksdb.merge.operation.time.nanos COUNT : 0
rocksdb.filter.operation.time.nanos COUNT : 0
rocksdb.row.cache.hit COUNT : 0
rocksdb.row.cache.miss COUNT : 0
rocksdb.read.amp.estimate.useful.bytes COUNT : 0
rocksdb.read.amp.total.read.bytes COUNT : 0
rocksdb.number.rate_limiter.drains COUNT : 0
rocksdb.number.iter.skip COUNT : 0
rocksdb.blobdb.num.put COUNT : 0
rocksdb.blobdb.num.write COUNT : 0
rocksdb.blobdb.num.get COUNT : 0
rocksdb.blobdb.num.multiget COUNT : 0
rocksdb.blobdb.num.seek COUNT : 0
rocksdb.blobdb.num.next COUNT : 0
rocksdb.blobdb.num.prev COUNT : 0
rocksdb.blobdb.num.keys.written COUNT : 0
rocksdb.blobdb.num.keys.read COUNT : 0
rocksdb.blobdb.bytes.written COUNT : 0
rocksdb.blobdb.bytes.read COUNT : 0
rocksdb.blobdb.write.inlined COUNT : 0
rocksdb.blobdb.write.inlined.ttl COUNT : 0
rocksdb.blobdb.write.blob COUNT : 0
rocksdb.blobdb.write.blob.ttl COUNT : 0
rocksdb.blobdb.blob.file.bytes.written COUNT : 0
rocksdb.blobdb.blob.file.bytes.read COUNT : 0
rocksdb.blobdb.blob.file.synced COUNT : 0
rocksdb.blobdb.blob.index.expired.count COUNT : 0
rocksdb.blobdb.blob.index.expired.size COUNT : 0
rocksdb.blobdb.blob.index.evicted.count COUNT : 0
rocksdb.blobdb.blob.index.evicted.size COUNT : 0
rocksdb.blobdb.gc.num.files COUNT : 0
rocksdb.blobdb.gc.num.new.files COUNT : 0
rocksdb.blobdb.gc.failures COUNT : 0
rocksdb.blobdb.gc.num.keys.overwritten COUNT : 0
rocksdb.blobdb.gc.num.keys.expired COUNT : 0
rocksdb.blobdb.gc.num.keys.relocated COUNT : 0
rocksdb.blobdb.gc.bytes.overwritten COUNT : 0
rocksdb.blobdb.gc.bytes.expired COUNT : 0
rocksdb.blobdb.gc.bytes.relocated COUNT : 0
rocksdb.blobdb.fifo.num.files.evicted COUNT : 0
rocksdb.blobdb.fifo.num.keys.evicted COUNT : 0
rocksdb.blobdb.fifo.bytes.evicted COUNT : 0
rocksdb.txn.overhead.mutex.prepare COUNT : 0
rocksdb.txn.overhead.mutex.old.commit.map COUNT : 0
rocksdb.txn.overhead.duplicate.key COUNT : 0
rocksdb.txn.overhead.mutex.snapshot COUNT : 0
rocksdb.number.multiget.keys.found COUNT : 0
rocksdb.num.iterator.created COUNT : 0
rocksdb.num.iterator.deleted COUNT : 0
rocksdb.block.cache.compression.dict.miss COUNT : 0
rocksdb.block.cache.compression.dict.hit COUNT : 0
rocksdb.block.cache.compression.dict.add COUNT : 0
rocksdb.block.cache.compression.dict.bytes.insert COUNT : 0
rocksdb.block.cache.compression.dict.bytes.evict COUNT : 0
rocksdb.db.get.micros P50 : 0.000000 P95 : 0.000000 P99 : 0.000000 P100 : 0.000000 COUNT : 0 SUM : 0
rocksdb.db.write.micros P50 : 11.191388 P95 : 17.534484 P99 : 28.967277 P100 : 26290.000000 COUNT : 10000000 SUM : 117342989
rocksdb.compaction.times.micros P50 : 66369.047619 P95 : 3016666.666667 P99 : 3666806.000000 P100 : 3666806.000000 COUNT : 55 SUM : 16771532
rocksdb.compaction.times.cpu_micros P50 : 61160.714286 P95 : 2150000.000000 P99 : 3394990.000000 P100 : 3394990.000000 COUNT : 55 SUM : 15327155
rocksdb.subcompaction.setup.times.micros P50 : 0.000000 P95 : 0.000000 P99 : 0.000000 P100 : 0.000000 COUNT : 0 SUM : 0
rocksdb.table.sync.micros P50 : 56364.000000 P95 : 56364.000000 P99 : 56364.000000 P100 : 56364.000000 COUNT : 23 SUM : 1187846
rocksdb.compaction.outfile.sync.micros P50 : 3637.870620 P95 : 5708.297872 P99 : 14760.000000 P100 : 41169.000000 COUNT : 481 SUM : 2008588
rocksdb.wal.file.sync.micros P50 : 0.000000 P95 : 0.000000 P99 : 0.000000 P100 : 0.000000 COUNT : 0 SUM : 0
rocksdb.manifest.file.sync.micros P50 : 113.333333 P95 : 202.000000 P99 : 420.000000 P100 : 467.000000 COUNT : 80 SUM : 9540
rocksdb.table.open.io.micros P50 : 173.364486 P95 : 373.217391 P99 : 1522.000000 P100 : 1871.000000 COUNT : 504 SUM : 109216
rocksdb.db.multiget.micros P50 : 0.000000 P95 : 0.000000 P99 : 0.000000 P100 : 0.000000 COUNT : 0 SUM : 0
rocksdb.read.block.compaction.micros P50 : 0.000000 P95 : 0.000000 P99 : 0.000000 P100 : 0.000000 COUNT : 0 SUM : 0
rocksdb.read.block.get.micros P50 : 2.304218 P95 : 3.705214 P99 : 11.066058 P100 : 1351.000000 COUNT : 1174953 SUM : 3504732
rocksdb.write.raw.block.micros P50 : 0.510288 P95 : 0.969547 P99 : 3.925369 P100 : 1356.000000 COUNT : 1629757 SUM : 4458146
rocksdb.l0.slowdown.count P50 : 0.000000 P95 : 0.000000 P99 : 0.000000 P100 : 0.000000 COUNT : 0 SUM : 0
rocksdb.memtable.compaction.count P50 : 0.000000 P95 : 0.000000 P99 : 0.000000 P100 : 0.000000 COUNT : 0 SUM : 0
rocksdb.num.files.stall.count P50 : 0.000000 P95 : 0.000000 P99 : 0.000000 P100 : 0.000000 COUNT : 0 SUM : 0
rocksdb.hard.rate.limit.delay.count P50 : 0.000000 P95 : 0.000000 P99 : 0.000000 P100 : 0.000000 COUNT : 0 SUM : 0
rocksdb.soft.rate.limit.delay.count P50 : 0.000000 P95 : 0.000000 P99 : 0.000000 P100 : 0.000000 COUNT : 0 SUM : 0
rocksdb.numfiles.in.singlecompaction P50 : 1.000000 P95 : 3.450000 P99 : 3.890000 P100 : 4.000000 COUNT : 55 SUM : 71
rocksdb.db.seek.micros P50 : 0.000000 P95 : 0.000000 P99 : 0.000000 P100 : 0.000000 COUNT : 0 SUM : 0
rocksdb.db.write.stall P50 : 0.000000 P95 : 0.000000 P99 : 0.000000 P100 : 0.000000 COUNT : 0 SUM : 0
rocksdb.sst.read.micros P50 : 0.882912 P95 : 1.918194 P99 : 2.785369 P100 : 914.000000 COUNT : 1176465 SUM : 1800305
rocksdb.num.subcompactions.scheduled P50 : 0.000000 P95 : 0.000000 P99 : 0.000000 P100 : 0.000000 COUNT : 0 SUM : 0
rocksdb.bytes.per.read P50 : 0.000000 P95 : 0.000000 P99 : 0.000000 P100 : 0.000000 COUNT : 0 SUM : 0
rocksdb.bytes.per.write P50 : 315.041347 P95 : 373.578559 P99 : 378.781867 P100 : 564.000000 COUNT : 9993647 SUM : 2879923764
rocksdb.bytes.per.multiget P50 : 0.000000 P95 : 0.000000 P99 : 0.000000 P100 : 0.000000 COUNT : 0 SUM : 0
rocksdb.bytes.compressed P50 : 0.000000 P95 : 0.000000 P99 : 0.000000 P100 : 0.000000 COUNT : 0 SUM : 0
rocksdb.bytes.decompressed P50 : 0.000000 P95 : 0.000000 P99 : 0.000000 P100 : 0.000000 COUNT : 0 SUM : 0
rocksdb.compression.times.nanos P50 : 0.000000 P95 : 0.000000 P99 : 0.000000 P100 : 0.000000 COUNT : 0 SUM : 0
rocksdb.decompression.times.nanos P50 : 0.000000 P95 : 0.000000 P99 : 0.000000 P100 : 0.000000 COUNT : 0 SUM : 0
rocksdb.read.num.merge_operands P50 : 0.000000 P95 : 0.000000 P99 : 0.000000 P100 : 0.000000 COUNT : 0 SUM : 0
rocksdb.blobdb.key.size P50 : 0.000000 P95 : 0.000000 P99 : 0.000000 P100 : 0.000000 COUNT : 0 SUM : 0
rocksdb.blobdb.value.size P50 : 0.000000 P95 : 0.000000 P99 : 0.000000 P100 : 0.000000 COUNT : 0 SUM : 0
rocksdb.blobdb.write.micros P50 : 0.000000 P95 : 0.000000 P99 : 0.000000 P100 : 0.000000 COUNT : 0 SUM : 0
rocksdb.blobdb.get.micros P50 : 0.000000 P95 : 0.000000 P99 : 0.000000 P100 : 0.000000 COUNT : 0 SUM : 0
rocksdb.blobdb.multiget.micros P50 : 0.000000 P95 : 0.000000 P99 : 0.000000 P100 : 0.000000 COUNT : 0 SUM : 0
rocksdb.blobdb.seek.micros P50 : 0.000000 P95 : 0.000000 P99 : 0.000000 P100 : 0.000000 COUNT : 0 SUM : 0
rocksdb.blobdb.next.micros P50 : 0.000000 P95 : 0.000000 P99 : 0.000000 P100 : 0.000000 COUNT : 0 SUM : 0
rocksdb.blobdb.prev.micros P50 : 0.000000 P95 : 0.000000 P99 : 0.000000 P100 : 0.000000 COUNT : 0 SUM : 0
rocksdb.blobdb.blob.file.write.micros P50 : 0.000000 P95 : 0.000000 P99 : 0.000000 P100 : 0.000000 COUNT : 0 SUM : 0
rocksdb.blobdb.blob.file.read.micros P50 : 0.000000 P95 : 0.000000 P99 : 0.000000 P100 : 0.000000 COUNT : 0 SUM : 0
rocksdb.blobdb.blob.file.sync.micros P50 : 0.000000 P95 : 0.000000 P99 : 0.000000 P100 : 0.000000 COUNT : 0 SUM : 0
rocksdb.blobdb.gc.micros P50 : 0.000000 P95 : 0.000000 P99 : 0.000000 P100 : 0.000000 COUNT : 0 SUM : 0
rocksdb.blobdb.compression.micros P50 : 0.000000 P95 : 0.000000 P99 : 0.000000 P100 : 0.000000 COUNT : 0 SUM : 0
rocksdb.blobdb.decompression.micros P50 : 0.000000 P95 : 0.000000 P99 : 0.000000 P100 : 0.000000 COUNT : 0 SUM : 0
rocksdb.db.flush.micros P50 : 424333.333333 P95 : 444683.000000 P99 : 444683.000000 P100 : 444683.000000 COUNT : 23 SUM : 9007494
rocksdb.sst.batch.size P50 : 0.000000 P95 : 0.000000 P99 : 0.000000 P100 : 0.000000 COUNT : 0 SUM : 0

