Initializing RocksDB Options from the specified file
Initializing RocksDB Options from command-line flags
paht=/home/zyh/480G/wp/pcache/pcache_file
Keys:       16 bytes each
Values:     256 bytes each (128 bytes after compression)
Entries:    10000000
Prefix:    0 bytes
Keys per prefix:    0
RawSize:    2594.0 MB (estimated)
FileSize:   1373.3 MB (estimated)
Write rate: 0 bytes/second
Read rate: 0 ops/second
Compression: NoCompression
Compression sampling rate: 0
Memtablerep: skip_list
Perf Level: 5
WARNING: Assertions are enabled; benchmarks unnecessarily slow
------------------------------------------------
Initializing RocksDB Options from the specified file
Initializing RocksDB Options from command-line flags
paht=/home/zyh/480G/wp/pcache/pcache_file
DB path: [/home/zyh/480G/wp]
too large size=863532
too large size=1255498
too large size=865104
too large size=1257674
too large size=863619
too large size=1255498
too large size=865466
too large size=1258186
too large size=863490
too large size=1255498
too large size=864567
too large size=1257034
too large size=864069
too large size=1256394
too large size=865216
too large size=1257802
too large size=865871
too large size=1258954
too large size=865311
too large size=1258058
too large size=865399
too large size=1258314
too large size=865746
too large size=1258826
too large size=864124
too large size=1256394
too large size=864984
too large size=1257546
too large size=864809
too large size=1257418
too large size=865721
too large size=1258698
too large size=864517
too large size=1256906
too large size=864723
too large size=1257290
too large size=864646
too large size=1257034
too large size=864168
too large size=1256394
too large size=867908
too large size=1261770
too large size=864653
too large size=1257162
too large size=865194
too large size=1257802
too large size=865476
too large size=1258186
too large size=864796
too large size=1257290
too large size=864295
too large size=1256650
too large size=866045
too large size=1259210
too large size=864031
too large size=1256266
too large size=864067
too large size=1256138
too large size=863811
too large size=1256010
too large size=865115
too large size=1257674
too large size=865208
too large size=1257930
too large size=866182
too large size=1259338
too large size=863957
too large size=1256010
too large size=866013
too large size=1259082
too large size=864663
too large size=1257162
too large size=864912
too large size=1257418
too large size=864780
too large size=1257290
too large size=864202
too large size=1256522
too large size=864158
too large size=1256522
too large size=865409
too large size=1258314
too large size=865278
too large size=1257930
too large size=865810
too large size=1258826
too large size=864964
too large size=1257674
too large size=864817
too large size=1257418
too large size=863230
too large size=1255114
fillrandom   :      12.822 micros/op 155970 ops/sec;   40.5 MB/s
Microseconds per write:
Count: 20000000 Average: 12.8216  StdDev: 28.37
Min: 6  Median: 12.3482  Max: 36996
Percentiles: P50: 12.35 P75: 13.98 P99: 30.86 P99.9: 38.85 P99.99: 65.76
------------------------------------------------------
(       4,       6 ]       51   0.000%   0.000% 
(       6,      10 ]  2811831  14.059%  14.059% ###
(      10,      15 ] 15305465  76.527%  90.587% ###############
(      15,      22 ]  1194448   5.972%  96.559% #
(      22,      34 ]   661316   3.307%  99.866% #
(      34,      51 ]    24123   0.121%  99.986% 
(      51,      76 ]     1297   0.006%  99.993% 
(      76,     110 ]      336   0.002%  99.994% 
(     110,     170 ]      507   0.003%  99.997% 
(     170,     250 ]      137   0.001%  99.998% 
(     250,     380 ]      109   0.001%  99.998% 
(     380,     580 ]       27   0.000%  99.998% 
(     580,     870 ]       72   0.000%  99.999% 
(     870,    1300 ]      168   0.001%  99.999% 
(    1300,    1900 ]       62   0.000% 100.000% 
(    1900,    2900 ]       19   0.000% 100.000% 
(    2900,    4400 ]        7   0.000% 100.000% 
(    4400,    6600 ]        4   0.000% 100.000% 
(    6600,    9900 ]        1   0.000% 100.000% 
(    9900,   14000 ]        2   0.000% 100.000% 
(   14000,   22000 ]        6   0.000% 100.000% 
(   22000,   33000 ]        6   0.000% 100.000% 
(   33000,   50000 ]        6   0.000% 100.000% 



** Compaction Stats [default] **
Level    Files   Size     Score Read(GB)  Rn(GB) Rnp1(GB) Write(GB) Wnew(GB) Moved(GB) W-Amp Rd(MB/s) Wr(MB/s) Comp(sec) CompMergeCPU(sec) Comp(cnt) Avg(sec) KeyIn KeyDrop
----------------------------------------------------------------------------------------------------------------------------------------------------------------------------
  L0      2/0   226.48 MB   0.5      0.0     0.0      0.0       5.1      5.1       0.0   1.0      0.0    287.8     18.12             16.36        46    0.394       0      0
  L5     79/1   601.67 MB   1.2      7.9     4.0      3.9       7.0      3.1       0.0   1.8    256.2    228.3     31.47             28.59         9    3.497     29M  3241K
  L6    306/3    2.09 GB   0.0      8.5     3.4      5.1       7.2      2.1       0.0   2.1    265.5    224.0     32.92             29.81       326    0.101     32M  5043K
 Sum    387/4    2.90 GB   0.0     16.4     7.4      9.0      19.3     10.3       0.0   3.8    203.6    239.7     82.51             74.77       381    0.217     62M  8284K
 Int      0/0    0.00 KB   0.0     16.4     7.4      9.0      19.3     10.3       0.0   3.8    203.6    239.7     82.51             74.77       381    0.217     62M  8284K

** Compaction Stats [default] **
Priority    Files   Size     Score Read(GB)  Rn(GB) Rnp1(GB) Write(GB) Wnew(GB) Moved(GB) W-Amp Rd(MB/s) Wr(MB/s) Comp(sec) CompMergeCPU(sec) Comp(cnt) Avg(sec) KeyIn KeyDrop
-------------------------------------------------------------------------------------------------------------------------------------------------------------------------------
 Low      0/0    0.00 KB   0.0     16.4     7.4      9.0      14.2      5.2       0.0   0.0    260.9    226.1     64.39             58.41       335    0.192     62M  8284K
High      0/0    0.00 KB   0.0      0.0     0.0      0.0       5.1      5.1       0.0   0.0      0.0    287.8     18.12             16.36        46    0.394       0      0
Uptime(secs): 128.2 total, 128.2 interval
Flush(GB): cumulative 5.092, interval 5.092
AddFile(GB): cumulative 0.000, interval 0.000
AddFile(Total Files): cumulative 0, interval 0
AddFile(L0 Files): cumulative 0, interval 0
AddFile(Keys): cumulative 0, interval 0
Cumulative compaction: 19.31 GB write, 154.22 MB/s write, 16.41 GB read, 131.03 MB/s read, 82.5 seconds
Interval compaction: 19.31 GB write, 154.22 MB/s write, 16.41 GB read, 131.03 MB/s read, 82.5 seconds
Stalls(count): 0 level0_slowdown, 0 level0_slowdown_with_compaction, 0 level0_numfiles, 0 level0_numfiles_with_compaction, 0 stop for pending_compaction_bytes, 0 slowdown for pending_compaction_bytes, 0 memtable_compaction, 0 memtable_slowdown, interval 0 total count

** File Read Latency Histogram By Level [default] **
** Level 0 read latency histogram (micros):
Count: 1317552 Average: 1.5810  StdDev: 2.22
Min: 1  Median: 1.0000  Max: 695
Percentiles: P50: 1.00 P75: 1.50 P99: 2.69 P99.9: 14.19 P99.99: 19.26
------------------------------------------------------
[       0,       1 ]   671227  50.945%  50.945% ##########
(       1,       2 ]   627609  47.634%  98.579% ##########
(       2,       3 ]     8019   0.609%  99.188% 
(       3,       4 ]      985   0.075%  99.263% 
(       4,       6 ]      868   0.066%  99.329% 
(       6,      10 ]     1641   0.125%  99.453% 
(      10,      15 ]     7028   0.533%  99.987% 
(      15,      22 ]       71   0.005%  99.992% 
(      22,      34 ]        9   0.001%  99.993% 
(      34,      51 ]        2   0.000%  99.993% 
(     110,     170 ]       10   0.001%  99.994% 
(     170,     250 ]       53   0.004%  99.998% 
(     250,     380 ]       28   0.002% 100.000% 
(     380,     580 ]        1   0.000% 100.000% 
(     580,     870 ]        1   0.000% 100.000% 

** Level 5 read latency histogram (micros):
Count: 1744929 Average: 1.5015  StdDev: 1.66
Min: 0  Median: 0.8481  Max: 850
Percentiles: P50: 0.85 P75: 1.40 P99: 2.64 P99.9: 14.78 P99.99: 43.67
------------------------------------------------------
[       0,       1 ]  1028676  58.952%  58.952% ############
(       1,       2 ]   693768  39.759%  98.711% ########
(       2,       3 ]     7835   0.449%  99.160% 
(       3,       4 ]      957   0.055%  99.215% 
(       4,       6 ]     1070   0.061%  99.277% 
(       6,      10 ]     2213   0.127%  99.403% 
(      10,      15 ]     9066   0.520%  99.923% 
(      15,      22 ]      529   0.030%  99.953% 
(      22,      34 ]      447   0.026%  99.979% 
(      34,      51 ]      342   0.020%  99.999% 
(      51,      76 ]       24   0.001% 100.000% 
(     580,     870 ]        3   0.000% 100.000% 

** Level 6 read latency histogram (micros):
Count: 1389134 Average: 1.5199  StdDev: 1.36
Min: 0  Median: 0.8741  Max: 839
Percentiles: P50: 0.87 P75: 1.43 P99: 2.97 P99.9: 14.56 P99.99: 33.69
------------------------------------------------------
[       0,       1 ]   794615  57.202%  57.202% ###########
(       1,       2 ]   571556  41.145%  98.347% ########
(       2,       3 ]     9317   0.671%  99.018% 
(       3,       4 ]     1634   0.118%  99.135% 
(       4,       6 ]     1354   0.097%  99.233% 
(       6,      10 ]     2659   0.191%  99.424% 
(      10,      15 ]     7242   0.521%  99.946% 
(      15,      22 ]      435   0.031%  99.977% 
(      22,      34 ]      189   0.014%  99.990% 
(      34,      51 ]      114   0.008%  99.999% 
(      51,      76 ]       18   0.001% 100.000% 
(     110,     170 ]        1   0.000% 100.000% 
(     580,     870 ]        1   0.000% 100.000% 


** DB Stats **
Uptime(secs): 128.2 total, 128.2 interval
Cumulative writes: 20M writes, 20M keys, 19M commit groups, 1.0 writes per commit group, ingest: 5.36 GB, 42.84 MB/s
Cumulative WAL: 20M writes, 0 syncs, 20000000.00 writes per sync, written: 5.36 GB, 42.84 MB/s
Cumulative stall: 00:00:0.000 H:M:S, 0.0 percent
Interval writes: 20M writes, 20M keys, 19M commit groups, 1.0 writes per commit group, ingest: 5492.89 MB, 42.84 MB/s
Interval WAL: 20M writes, 0 syncs, 20000000.00 writes per sync, written: 5.36 MB, 42.84 MB/s
Interval stall: 00:00:0.000 H:M:S, 0.0 percent


Level Files Size(MB)
--------------------
  0        2      226
  1        0        0
  2        0        0
  3        0        0
  4        0        0
  5       79      602
  6      306     2145


--- level 0 --- version# 382 ---
 2017:118632310[19267812 .. 19695259]['00000000000000183030303030303030' seq:19634734, type:1 .. '00000000009896573030303030303030' seq:19285494, type:1](0)
 1933:118852798[18839698 .. 19267811]['000000000000001D3030303030303030' seq:19253137, type:1 .. '00000000009896513030303030303030' seq:19245003, type:1](0)
--- level 1 --- version# 382 ---
--- level 2 --- version# 382 ---
--- level 3 --- version# 382 ---
--- level 4 --- version# 382 ---
--- level 5 --- version# 382 ---
 1868:8542506[13701448 .. 18839418]['00000000000121393030303030303030' seq:18749237, type:1 .. '0000000000035D7F3030303030303030' seq:17988976, type:1](0)
 1869:8542439[6853109 .. 18839593]['0000000000035D9D3030303030303030' seq:18543894, type:1 .. '0000000000055C683030303030303030' seq:18753829, type:1](0)
 1870:8542288[10276746 .. 18839691]['0000000000055C6B3030303030303030' seq:18801375, type:1 .. '000000000006C11F3030303030303030' seq:17976021, type:1](0)
 1871:8542409[6853817 .. 18839611]['000000000006C1223030303030303030' seq:17815037, type:1 .. '00000000000898C03030303030303030' seq:17759468, type:1](0)
 1873:8542336[10278272 .. 18839674]['000000000009861A3030303030303030' seq:11710206, type:1 .. '00000000000B02673030303030303030' seq:18731190, type:1](0)
 1874:8542346[15414154 .. 18839518]['00000000000B02693030303030303030' seq:18250956, type:1 .. '00000000000C99B03030303030303030' seq:18642793, type:1](0)
 1875:8542206[8562187 .. 18839649]['00000000000C99B13030303030303030' seq:17106212, type:1 .. '00000000000D8E7B3030303030303030' seq:16775227, type:1](0)
 1877:525009[13701996 .. 18839274]['00000000000EB40B3030303030303030' seq:16671252, type:1 .. '00000000000EC6393030303030303030' seq:17485758, type:1](0)
 1878:8542334[13702076 .. 18839494]['00000000000EC63B3030303030303030' seq:14554426, type:1 .. '00000000001054A23030303030303030' seq:15711314, type:1](0)
 1879:8542252[11988788 .. 18839626]['00000000001054A43030303030303030' seq:17921702, type:1 .. '000000000011678D3030303030303030' seq:18729333, type:1](0)
 1880:8542320[13700575 .. 18839664]['00000000001167903030303030303030' seq:16307776, type:1 .. '000000000012E4233030303030303030' seq:14534592, type:1](0)
 1885:8542324[11988621 .. 18839688]['00000000001729FF3030303030303030' seq:13646092, type:1 .. '000000000018CAF73030303030303030' seq:17694164, type:1](0)
 1886:8542369[15413881 .. 18839670]['000000000018CAF83030303030303030' seq:17574586, type:1 .. '00000000001A75B43030303030303030' seq:16931748, type:1](0)
 1887:8542351[15414055 .. 18839666]['00000000001A75B53030303030303030' seq:18012299, type:1 .. '00000000001C0A353030303030303030' seq:18765653, type:1](0)
 1888:8542240[11988689 .. 18839452]['00000000001C0A433030303030303030' seq:16321430, type:1 .. '00000000001D29A83030303030303030' seq:16811826, type:1](0)
 1889:3310451[6854793 .. 18839555]['00000000001D29A93030303030303030' seq:17147799, type:1 .. '00000000001DC8B13030303030303030' seq:18152517, type:1](0)
 1890:8542641[17125921 .. 18839607]['00000000001DC8B73030303030303030' seq:18462792, type:1 .. '000000000020B4803030303030303030' seq:17345973, type:1](0)
 1891:8542246[6859122 .. 18839640]['000000000020B4813030303030303030' seq:17987360, type:1 .. '000000000021DD3E3030303030303030' seq:15701473, type:1](0)
 1892:8542347[15413850 .. 18839624]['000000000021DD3F3030303030303030' seq:17002921, type:1 .. '000000000023744A3030303030303030' seq:18126785, type:1](0)
 1893:8542252[6873935 .. 18839696]['000000000023744C3030303030303030' seq:16320979, type:1 .. '000000000024894F3030303030303030' seq:14633893, type:1](0)
 1894:8542244[13701661 .. 18839655]['00000000002489503030303030303030' seq:17905488, type:1 .. '000000000025B0533030303030303030' seq:16009216, type:1](0)
 1895:8542303[6861167 .. 18839692]['000000000025B0543030303030303030' seq:17712476, type:1 .. '00000000002717613030303030303030' seq:18515444, type:1](0)
 1896:8542282[3426625 .. 18839627]['000000000027176C3030303030303030' seq:17061277, type:1 .. '0000000000285E533030303030303030' seq:18828730, type:1](0)
 1897:8542502[15413926 .. 18839694]['0000000000285E593030303030303030' seq:18161242, type:1 .. '00000000002AB0B53030303030303030' seq:17567897, type:1](0)
 1898:8542235[8566084 .. 18839466]['00000000002AB0B63030303030303030' seq:18475372, type:1 .. '00000000002BC0453030303030303030' seq:18446089, type:1](0)
 1899:2712289[10294296 .. 18839695]['00000000002BC0463030303030303030' seq:17596367, type:1 .. '00000000002CA0623030303030303030' seq:17993966, type:1](0)
 1901:8542306[8615581 .. 18839561]['00000000002D6EE03030303030303030' seq:15447293, type:1 .. '00000000002ECFA43030303030303030' seq:15955776, type:1](0)
 1904:8542266[13700804 .. 18839648]['0000000000311D3E3030303030303030' seq:14417885, type:1 .. '00000000003242B93030303030303030' seq:16412204, type:1](0)
 1906:8542504[11989967 .. 18839684]['00000000003386193030303030303030' seq:17523961, type:1 .. '000000000035C8693030303030303030' seq:16447970, type:1](0)
 1907:8542239[8568308 .. 18839668]['000000000035C86C3030303030303030' seq:17198004, type:1 .. '000000000036E6C53030303030303030' seq:18709738, type:1](0)
 1908:8542351[11988892 .. 18839650]['000000000036E6CB3030303030303030' seq:17405404, type:1 .. '0000000000386B693030303030303030' seq:15705926, type:1](0)
 1909:8542414[11988797 .. 18839661]['0000000000386B6C3030303030303030' seq:16040388, type:1 .. '00000000003A4BCE3030303030303030' seq:18120237, type:1](0)
 1910:4081030[13701086 .. 18839665]['00000000003A4BD03030303030303030' seq:18248654, type:1 .. '00000000003B49E23030303030303030' seq:15201790, type:1](0)
 1912:8542348[15413831 .. 18839622]['00000000003C5C3B3030303030303030' seq:17878733, type:1 .. '00000000003DEF763030303030303030' seq:15829520, type:1](0)
 1913:8542472[13700595 .. 18839653]['00000000003DEF7D3030303030303030' seq:16170981, type:1 .. '00000000003FEFA13030303030303030' seq:18222365, type:1](0)
 1914:8542240[10281600 .. 18838777]['00000000003FEFA23030303030303030' seq:14644810, type:1 .. '0000000000410BFD3030303030303030' seq:11673142, type:1](0)
 1915:8542378[10463785 .. 18839557]['0000000000410BFE3030303030303030' seq:13914660, type:1 .. '000000000042BCA43030303030303030' seq:16961933, type:1](0)
 1916:8542273[11988459 .. 18839623]['000000000042BCA73030303030303030' seq:17743396, type:1 .. '00000000004405D43030303030303030' seq:15892798, type:1](0)
 1919:8542467[11989532 .. 18839658]['00000000004613C43030303030303030' seq:16184194, type:1 .. '0000000000482AE93030303030303030' seq:16552413, type:1](0)
 1921:3421035[13706671 .. 18839638]['0000000000492FB93030303030303030' seq:15800592, type:1 .. '000000000049E2F73030303030303030' seq:17959946, type:1](0)
 1922:8542481[10279983 .. 18839689]['000000000049E3023030303030303030' seq:17917636, type:1 .. '00000000004C17DC3030303030303030' seq:18818135, type:1](0)
 1924:8542359[8564002 .. 18839490]['00000000004D447F3030303030303030' seq:18336629, type:1 .. '00000000004EF2833030303030303030' seq:18255634, type:1](0)
 1925:8542338[13700947 .. 18839258]['00000000004EF2883030303030303030' seq:18193391, type:1 .. '0000000000506EE13030303030303030' seq:14457225, type:1](0)
 1926:8542240[13700462 .. 18839527]['0000000000506EE23030303030303030' seq:14620759, type:1 .. '00000000005191F73030303030303030' seq:17846228, type:1](0)
 1929:8542312[13700629 .. 18839584]['000000000053FF2A3030303030303030' seq:17900354, type:1 .. '000000000055612B3030303030303030' seq:17638152, type:1](0)
 1930:8542506[8565453 .. 18839610]['000000000055612C3030303030303030' seq:16822159, type:1 .. '000000000057D5C33030303030303030' seq:18173269, type:1](0)
 1931:5335180[8562408 .. 18839434]['000000000057D5C43030303030303030' seq:17401836, type:1 .. '0000000000585EAB3030303030303030' seq:18589798, type:1](0)
 1934:8542273[8563502 .. 18839476]['0000000000585EAD3030303030303030' seq:17923920, type:1 .. '000000000059A4513030303030303030' seq:16403355, type:1](0)
 1939:8542364[8565953 .. 18839673]['00000000005E09B43030303030303030' seq:17247831, type:1 .. '00000000005FC40C3030303030303030' seq:18099612, type:1](0)
 1941:8542239[8562943 .. 18839428]['000000000060C4B43030303030303030' seq:16611639, type:1 .. '000000000061DEF13030303030303030' seq:16685247, type:1](0)
 1942:8542344[15413896 .. 18839616]['000000000061DEF43030303030303030' seq:17767904, type:1 .. '00000000006376523030303030303030' seq:16006875, type:1](0)
 1943:8542252[8610838 .. 18839438]['00000000006376553030303030303030' seq:16625321, type:1 .. '0000000000649B7D3030303030303030' seq:16389343, type:1](0)
 1944:8542304[13700909 .. 18839525]['0000000000649B7E3030303030303030' seq:17392099, type:1 .. '000000000065FA3B3030303030303030' seq:18689631, type:1](0)
 1947:8542311[11990814 .. 18839397]['000000000067D98B3030303030303030' seq:17393210, type:1 .. '00000000006956583030303030303030' seq:15641701, type:1](0)
 1948:8542266[3441852 .. 18839531]['000000000069565A3030303030303030' seq:17913304, type:1 .. '00000000006A93C53030303030303030' seq:17905436, type:1](0)
 1949:8542226[8565768 .. 18839534]['00000000006A93C63030303030303030' seq:18833291, type:1 .. '00000000006BAC5E3030303030303030' seq:17090705, type:1](0)
 1950:8542417[13717333 .. 18839576]['00000000006BAC5F3030303030303030' seq:16193245, type:1 .. '00000000006D83B73030303030303030' seq:18364561, type:1](0)
 1951:8542345[3422928 .. 18839571]['00000000006D83BA3030303030303030' seq:18250633, type:1 .. '00000000006F08A23030303030303030' seq:17319608, type:1](0)
 1952:8542406[3423393 .. 18839636]['00000000006F08AB3030303030303030' seq:17505072, type:1 .. '000000000070E5D83030303030303030' seq:16564098, type:1](0)
 1953:8542322[13700775 .. 18839680]['000000000070E5DC3030303030303030' seq:17424763, type:1 .. '00000000007265013030303030303030' seq:17567602, type:1](0)
 1954:8542627[17125918 .. 18839678]['00000000007265023030303030303030' seq:17873246, type:1 .. '00000000007553933030303030303030' seq:17988068, type:1](0)
 1955:3406324[11989064 .. 18839563]['00000000007553963030303030303030' seq:18832484, type:1 .. '000000000075FA843030303030303030' seq:18370546, type:1](0)
 1956:8542282[11988532 .. 18839581]['000000000075FA893030303030303030' seq:16182677, type:1 .. '00000000007732EA3030303030303030' seq:18138402, type:1](0)
 1957:8542541[11990434 .. 18839686]['00000000007732EB3030303030303030' seq:15821518, type:1 .. '00000000007995073030303030303030' seq:16372652, type:1](0)
 1959:8542453[3503393 .. 18839697]['00000000007A82333030303030303030' seq:13425058, type:1 .. '00000000007C91C73030303030303030' seq:18627856, type:1](0)
 1960:8542298[10279972 .. 18839672]['00000000007C91C93030303030303030' seq:18816098, type:1 .. '00000000007DFCBB3030303030303030' seq:17967450, type:1](0)
 1961:8542605[10278592 .. 18839585]['00000000007DFCBC3030303030303030' seq:17696655, type:1 .. '000000000080A8A53030303030303030' seq:17717606, type:1](0)
 1962:8542521[11989174 .. 18839675]['000000000080A8A63030303030303030' seq:18513690, type:1 .. '000000000083007C3030303030303030' seq:17697970, type:1](0)
 1963:4529402[11988781 .. 18839541]['000000000083007E3030303030303030' seq:18019913, type:1 .. '0000000000837EF43030303030303030' seq:17884110, type:1](0)
 1964:8542365[11989502 .. 18839603]['0000000000837EF53030303030303030' seq:18432401, type:1 .. '00000000008533273030303030303030' seq:17491303, type:1](0)
 1965:8542248[13700735 .. 18839641]['00000000008533283030303030303030' seq:17927080, type:1 .. '0000000000865A123030303030303030' seq:17124344, type:1](0)
 1966:8542332[15413913 .. 18839613]['0000000000865A133030303030303030' seq:16392401, type:1 .. '000000000087EF6E3030303030303030' seq:15780029, type:1](0)
 1967:8542343[6858973 .. 18839676]['000000000087EF723030303030303030' seq:16443663, type:1 .. '00000000008968583030303030303030' seq:17625007, type:1](0)
 1968:8542463[13701457 .. 18839583]['000000000089685B3030303030303030' seq:17722264, type:1 .. '00000000008B79E13030303030303030' seq:18071516, type:1](0)
 1970:8542421[11989473 .. 18839503]['00000000008C9D9E3030303030303030' seq:15774187, type:1 .. '00000000008E78653030303030303030' seq:18493967, type:1](0)
 1971:8542372[13700471 .. 18839566]['00000000008E787A3030303030303030' seq:17422722, type:1 .. '000000000090245A3030303030303030' seq:13784084, type:1](0)
 1975:8542389[10278399 .. 18839693]['000000000092E1813030303030303030' seq:18237337, type:1 .. '000000000094A4103030303030303030' seq:16785243, type:1](0)
 1976:8542362[10399402 .. 18839690]['000000000094A4133030303030303030' seq:16670836, type:1 .. '00000000009636413030303030303030' seq:16430402, type:1](0)
 1978:5615077[15414447 .. 18839568]['0000000000978B253030303030303030' seq:18046139, type:1 .. '000000000098967B3030303030303030' seq:18120071, type:1](0)
--- level 6 --- version# 382 ---
 1990:8542131[0 .. 0]['00000000000000003030303030303030' seq:0, type:1 .. '0000000000008B433030303030303030' seq:0, type:1](0)
 1991:8542130[0 .. 0]['0000000000008B443030303030303030' seq:0, type:1 .. '000000000001160C3030303030303030' seq:0, type:1](0)
 1992:2166650[0 .. 0]['000000000001160D3030303030303030' seq:0, type:1 .. '0000000000013C6D3030303030303030' seq:0, type:1](0)
 1725:8542117[0 .. 0]['0000000000013C6E3030303030303030' seq:0, type:1 .. '000000000001D3D73030303030303030' seq:0, type:1](0)
 1726:8542133[0 .. 0]['000000000001D3D83030303030303030' seq:0, type:1 .. '00000000000263A93030303030303030' seq:0, type:1](0)
 1777:8542128[0 .. 0]['00000000000263AA3030303030303030' seq:0, type:1 .. '000000000002F3353030303030303030' seq:0, type:1](0)
 1778:8542122[0 .. 0]['000000000002F3373030303030303030' seq:0, type:1 .. '00000000000382CD3030303030303030' seq:0, type:1](0)
 1779:5216050[0 .. 0]['00000000000382CE3030303030303030' seq:0, type:1 .. '000000000003DAE63030303030303030' seq:0, type:1](0)
 1743:8542123[0 .. 0]['000000000003DAE73030303030303030' seq:0, type:1 .. '0000000000046A8A3030303030303030' seq:0, type:1](0)
 1744:3048089[0 .. 0]['0000000000046A8B3030303030303030' seq:0, type:1 .. '000000000004A2393030303030303030' seq:0, type:1](0)
 1048:50540[0 .. 0]['000000000004A23D3030303030303030' seq:0, type:1 .. '000000000004A3A83030303030303030' seq:0, type:1](0)
 1521:8542142[0 .. 0]['000000000004A3AB3030303030303030' seq:0, type:1 .. '0000000000053E263030303030303030' seq:0, type:1](0)
 1522:8542126[0 .. 0]['0000000000053E273030303030303030' seq:0, type:1 .. '000000000005D4EB3030303030303030' seq:0, type:1](0)
 1523:3170277[0 .. 0]['000000000005D4ED3030303030303030' seq:0, type:1 .. '000000000006196A3030303030303030' seq:0, type:1](0)
 1800:8542131[0 .. 0]['000000000006196B3030303030303030' seq:0, type:1 .. '000000000006B0E03030303030303030' seq:0, type:1](0)
 1801:8542129[0 .. 0]['000000000006B0E13030303030303030' seq:0, type:1 .. '00000000000740EB3030303030303030' seq:0, type:1](0)
 1802:7365592[0 .. 0]['00000000000740EC3030303030303030' seq:0, type:1 .. '000000000007BD3D3030303030303030' seq:0, type:1](0)
 1766:8542140[0 .. 0]['000000000007BD3E3030303030303030' seq:0, type:1 .. '00000000000860EE3030303030303030' seq:0, type:1](0)
 2031:8542129[0 .. 0]['00000000000860EF3030303030303030' seq:0, type:1 .. '000000000008F1E23030303030303030' seq:0, type:1](0)
 2032:8542118[0 .. 0]['000000000008F1E33030303030303030' seq:0, type:1 .. '0000000000097CC23030303030303030' seq:0, type:1](0)
 2033:6970655[0 .. 0]['0000000000097CC33030303030303030' seq:0, type:1 .. '000000000009FAFA3030303030303030' seq:0, type:1](0)
 1525:8542133[0 .. 0]['000000000009FAFB3030303030303030' seq:0, type:1 .. '00000000000A90D23030303030303030' seq:0, type:1](0)
 1548:8542123[0 .. 0]['00000000000A90D33030303030303030' seq:0, type:1 .. '00000000000B26473030303030303030' seq:0, type:1](0)
 1549:8542136[0 .. 0]['00000000000B26483030303030303030' seq:0, type:1 .. '00000000000BBC193030303030303030' seq:0, type:1](0)
 1550:6507698[0 .. 0]['00000000000BBC1A3030303030303030' seq:0, type:1 .. '00000000000C2E053030303030303030' seq:0, type:1](0)
 1481:8542137[0 .. 0]['00000000000C2E063030303030303030' seq:0, type:1 .. '00000000000CCB3B3030303030303030' seq:0, type:1](0)
 1482:621362[0 .. 0]['00000000000CCB3C3030303030303030' seq:0, type:1 .. '00000000000CDA243030303030303030' seq:0, type:1](0)
 1302:8542136[0 .. 0]['00000000000CDA2C3030303030303030' seq:0, type:1 .. '00000000000D819F3030303030303030' seq:0, type:1](0)
 2002:8542119[0 .. 0]['00000000000D81A03030303030303030' seq:0, type:1 .. '00000000000E0DED3030303030303030' seq:0, type:1](0)
 2003:8542125[0 .. 0]['00000000000E0DEE3030303030303030' seq:0, type:1 .. '00000000000E98893030303030303030' seq:0, type:1](0)
 2004:2176349[0 .. 0]['00000000000E988A3030303030303030' seq:0, type:1 .. '00000000000EBCDF3030303030303030' seq:0, type:1](0)
 1601:8542133[0 .. 0]['00000000000EBCE13030303030303030' seq:0, type:1 .. '00000000000F54173030303030303030' seq:0, type:1](0)
 1602:8542121[0 .. 0]['00000000000F54183030303030303030' seq:0, type:1 .. '00000000000FE9E93030303030303030' seq:0, type:1](0)
 1603:8542122[0 .. 0]['00000000000FE9EA3030303030303030' seq:0, type:1 .. '00000000001080243030303030303030' seq:0, type:1](0)
 1604:739592[0 .. 0]['00000000001080253030303030303030' seq:0, type:1 .. '0000000000108EC63030303030303030' seq:0, type:1](0)
 1098:8542141[0 .. 0]['0000000000108EC73030303030303030' seq:0, type:1 .. '00000000001138113030303030303030' seq:0, type:1](0)
 1563:8542131[0 .. 0]['00000000001138133030303030303030' seq:0, type:1 .. '000000000011CDB13030303030303030' seq:0, type:1](0)
 1564:8542127[0 .. 0]['000000000011CDB23030303030303030' seq:0, type:1 .. '00000000001263843030303030303030' seq:0, type:1](0)
 1565:7012931[0 .. 0]['00000000001263863030303030303030' seq:0, type:1 .. '000000000012E22A3030303030303030' seq:0, type:1](0)
 2043:8542119[0 .. 0]['000000000012E22B3030303030303030' seq:0, type:1 .. '0000000000136CDE3030303030303030' seq:0, type:1](0)
 2044:8542125[0 .. 0]['0000000000136CDF3030303030303030' seq:0, type:1 .. '000000000013F7E13030303030303030' seq:0, type:1](0)
 2068:8542129[0 .. 0]['000000000013F7E23030303030303030' seq:0, type:1 .. '000000000014830C3030303030303030' seq:0, type:1](0)
 2069:8542113[0 .. 0]['000000000014830D3030303030303030' seq:0, type:1 .. '0000000000150E523030303030303030' seq:0, type:1](0)
 2070:8542120[0 .. 0]['0000000000150E533030303030303030' seq:0, type:1 .. '00000000001598F33030303030303030' seq:0, type:1](0)
 2071:103883[0 .. 0]['00000000001598F43030303030303030' seq:0, type:1 .. '0000000000159A963030303030303030' seq:0, type:1](0)
 1988:8542108[0 .. 0]['0000000000159A983030303030303030' seq:0, type:1 .. '00000000001625113030303030303030' seq:0, type:1](0)
 2014:8542124[0 .. 0]['00000000001625123030303030303030' seq:0, type:1 .. '000000000016AF8A3030303030303030' seq:0, type:1](0)
 2015:8542127[0 .. 0]['000000000016AF8B3030303030303030' seq:0, type:1 .. '0000000000173D983030303030303030' seq:0, type:1](0)
 2018:4344272[0 .. 0]['0000000000173D993030303030303030' seq:0, type:1 .. '00000000001793163030303030303030' seq:0, type:1](0)
 1812:8542122[0 .. 0]['00000000001793173030303030303030' seq:0, type:1 .. '0000000000182A0F3030303030303030' seq:0, type:1](0)
 1813:8542123[0 .. 0]['0000000000182A103030303030303030' seq:0, type:1 .. '000000000018B94F3030303030303030' seq:0, type:1](0)
 1814:7463682[0 .. 0]['000000000018B9503030303030303030' seq:0, type:1 .. '00000000001938F33030303030303030' seq:0, type:1](0)
 1584:8542136[0 .. 0]['00000000001938F43030303030303030' seq:0, type:1 .. '000000000019CE833030303030303030' seq:0, type:1](0)
 1585:7657037[0 .. 0]['000000000019CE853030303030303030' seq:0, type:1 .. '00000000001A55553030303030303030' seq:0, type:1](0)
 1578:8542136[0 .. 0]['00000000001A55583030303030303030' seq:0, type:1 .. '00000000001AEB433030303030303030' seq:0, type:1](0)
 1579:7899717[0 .. 0]['00000000001AEB443030303030303030' seq:0, type:1 .. '00000000001B75403030303030303030' seq:0, type:1](0)
 1575:8542129[0 .. 0]['00000000001B75443030303030303030' seq:0, type:1 .. '00000000001C0B8E3030303030303030' seq:0, type:1](0)
 1576:6910824[0 .. 0]['00000000001C0B8F3030303030303030' seq:0, type:1 .. '00000000001C84643030303030303030' seq:0, type:1](0)
 1086:8542138[0 .. 0]['00000000001C84653030303030303030' seq:0, type:1 .. '00000000001D2B903030303030303030' seq:0, type:1](0)
 1836:8542139[0 .. 0]['00000000001D2B933030303030303030' seq:0, type:1 .. '00000000001DC8B43030303030303030' seq:0, type:1](0)
 1837:8542123[0 .. 0]['00000000001DC8B53030303030303030' seq:0, type:1 .. '00000000001E58443030303030303030' seq:0, type:1](0)
 1838:7216813[0 .. 0]['00000000001E58453030303030303030' seq:0, type:1 .. '00000000001ED2013030303030303030' seq:0, type:1](0)
 1783:8542128[0 .. 0]['00000000001ED2023030303030303030' seq:0, type:1 .. '00000000001F610B3030303030303030' seq:0, type:1](0)
 1784:8542117[0 .. 0]['00000000001F610D3030303030303030' seq:0, type:1 .. '00000000001FF0B93030303030303030' seq:0, type:1](0)
 1832:8542131[0 .. 0]['00000000001FF0BA3030303030303030' seq:0, type:1 .. '00000000002080153030303030303030' seq:0, type:1](0)
 1833:8542119[0 .. 0]['00000000002080163030303030303030' seq:0, type:1 .. '0000000000210E733030303030303030' seq:0, type:1](0)
 1834:8542147[0 .. 0]['0000000000210E743030303030303030' seq:0, type:1 .. '000000000021BD903030303030303030' seq:0, type:1](0)
 1835:454803[0 .. 0]['000000000021BD963030303030303030' seq:0, type:1 .. '000000000021CA553030303030303030' seq:0, type:1](0)
 1478:8542132[0 .. 0]['000000000021CA583030303030303030' seq:0, type:1 .. '0000000000225FCA3030303030303030' seq:0, type:1](0)
 1568:8542118[0 .. 0]['0000000000225FCB3030303030303030' seq:0, type:1 .. '000000000022F5BF3030303030303030' seq:0, type:1](0)
 1569:8542139[0 .. 0]['000000000022F5C03030303030303030' seq:0, type:1 .. '0000000000238BA23030303030303030' seq:0, type:1](0)
 1570:7285893[0 .. 0]['0000000000238BA33030303030303030' seq:0, type:1 .. '0000000000241B743030303030303030' seq:0, type:1](0)
 1234:8542132[0 .. 0]['0000000000241B753030303030303030' seq:0, type:1 .. '000000000024B9963030303030303030' seq:0, type:1](0)
 1244:8542127[0 .. 0]['000000000024B9973030303030303030' seq:0, type:1 .. '00000000002557243030303030303030' seq:0, type:1](0)
 1245:8542144[0 .. 0]['00000000002557253030303030303030' seq:0, type:1 .. '000000000025F5DB3030303030303030' seq:0, type:1](0)
 1246:79389[0 .. 0]['000000000025F5DC3030303030303030' seq:0, type:1 .. '000000000025F7E83030303030303030' seq:0, type:1](0)
 1589:8542136[0 .. 0]['000000000025F7EA3030303030303030' seq:0, type:1 .. '00000000002690FB3030303030303030' seq:0, type:1](0)
 1590:8542131[0 .. 0]['00000000002690FC3030303030303030' seq:0, type:1 .. '00000000002726D53030303030303030' seq:0, type:1](0)
 1591:7027659[0 .. 0]['00000000002726D63030303030303030' seq:0, type:1 .. '000000000027ABBF3030303030303030' seq:0, type:1](0)
 1756:8542151[0 .. 0]['000000000027ABC33030303030303030' seq:0, type:1 .. '000000000028514F3030303030303030' seq:0, type:1](0)
 1757:8542118[0 .. 0]['00000000002851503030303030303030' seq:0, type:1 .. '000000000028E1383030303030303030' seq:0, type:1](0)
 1780:8542129[0 .. 0]['000000000028E1393030303030303030' seq:0, type:1 .. '000000000029710C3030303030303030' seq:0, type:1](0)
 1781:8542122[0 .. 0]['000000000029710D3030303030303030' seq:0, type:1 .. '00000000002A008E3030303030303030' seq:0, type:1](0)
 1782:6121572[0 .. 0]['00000000002A008F3030303030303030' seq:0, type:1 .. '00000000002A6CA13030303030303030' seq:0, type:1](0)
 1477:6703022[0 .. 0]['00000000002A6CA23030303030303030' seq:0, type:1 .. '00000000002AE9C33030303030303030' seq:0, type:1](0)
 1806:8542135[0 .. 0]['00000000002AE9C43030303030303030' seq:0, type:1 .. '00000000002B95CC3030303030303030' seq:0, type:1](0)
 1807:8542121[0 .. 0]['00000000002B95CD3030303030303030' seq:0, type:1 .. '00000000002C251C3030303030303030' seq:0, type:1](0)
 1808:7300041[0 .. 0]['00000000002C251D3030303030303030' seq:0, type:1 .. '00000000002CA0623030303030303030' seq:0, type:1](0)
 1993:8542120[0 .. 0]['00000000002CA0643030303030303030' seq:0, type:1 .. '00000000002D2B3D3030303030303030' seq:0, type:1](0)
 1994:8542132[0 .. 0]['00000000002D2B3E3030303030303030' seq:0, type:1 .. '00000000002DBBD13030303030303030' seq:0, type:1](0)
 1995:3125728[0 .. 0]['00000000002DBBD23030303030303030' seq:0, type:1 .. '00000000002DF2473030303030303030' seq:0, type:1](0)
 1528:8542131[0 .. 0]['00000000002DF2483030303030303030' seq:0, type:1 .. '00000000002E8ADF3030303030303030' seq:0, type:1](0)
 2046:8542133[0 .. 0]['00000000002E8AE03030303030303030' seq:0, type:1 .. '00000000002F1E143030303030303030' seq:0, type:1](0)
 2047:8542126[0 .. 0]['00000000002F1E163030303030303030' seq:0, type:1 .. '00000000002FA8E33030303030303030' seq:0, type:1](0)
 2058:8542110[0 .. 0]['00000000002FA8E43030303030303030' seq:0, type:1 .. '000000000030335E3030303030303030' seq:0, type:1](0)
 2059:8542129[0 .. 0]['000000000030335F3030303030303030' seq:0, type:1 .. '000000000030BE5B3030303030303030' seq:0, type:1](0)
 2060:7306320[0 .. 0]['000000000030BE5C3030303030303030' seq:0, type:1 .. '00000000003138573030303030303030' seq:0, type:1](0)
 1328:8542131[0 .. 0]['000000000031385A3030303030303030' seq:0, type:1 .. '000000000031D7323030303030303030' seq:0, type:1](0)
 2072:8542135[0 .. 0]['000000000031D7333030303030303030' seq:0, type:1 .. '0000000000326F463030303030303030' seq:0, type:1](0)
 2073:8542126[0 .. 0]['0000000000326F473030303030303030' seq:0, type:1 .. '000000000032F9D63030303030303030' seq:0, type:1](0)
 2074:8542114[0 .. 0]['000000000032F9D73030303030303030' seq:0, type:1 .. '00000000003384CC3030303030303030' seq:0, type:1](0)
 2075:390384[0 .. 0]['00000000003384CE3030303030303030' seq:0, type:1 .. '0000000000338B323030303030303030' seq:0, type:1](0)
 1752:8542122[0 .. 0]['0000000000338B333030303030303030' seq:0, type:1 .. '0000000000341ABD3030303030303030' seq:0, type:1](0)
 1774:8542121[0 .. 0]['0000000000341ABE3030303030303030' seq:0, type:1 .. '000000000034A9EA3030303030303030' seq:0, type:1](0)
 1775:8542125[0 .. 0]['000000000034A9EB3030303030303030' seq:0, type:1 .. '00000000003539CD3030303030303030' seq:0, type:1](0)
 1776:5216884[0 .. 0]['00000000003539CE3030303030303030' seq:0, type:1 .. '00000000003596C23030303030303030' seq:0, type:1](0)
 1346:8542135[0 .. 0]['00000000003596C33030303030303030' seq:0, type:1 .. '000000000036343B3030303030303030' seq:0, type:1](0)
 1347:7191844[0 .. 0]['000000000036343D3030303030303030' seq:0, type:1 .. '000000000036BCF33030303030303030' seq:0, type:1](0)
 1745:8542110[0 .. 0]['000000000036BCF43030303030303030' seq:0, type:1 .. '00000000003751183030303030303030' seq:0, type:1](0)
 1746:8542128[0 .. 0]['00000000003751193030303030303030' seq:0, type:1 .. '000000000037E5BC3030303030303030' seq:0, type:1](0)
 1747:3372736[0 .. 0]['000000000037E5BD3030303030303030' seq:0, type:1 .. '00000000003828163030303030303030' seq:0, type:1](0)
 1117:8542145[0 .. 0]['00000000003828173030303030303030' seq:0, type:1 .. '000000000038D1893030303030303030' seq:0, type:1](0)
 1857:8542131[0 .. 0]['000000000038D18A3030303030303030' seq:0, type:1 .. '00000000003963FE3030303030303030' seq:0, type:1](0)
 1858:8542137[0 .. 0]['00000000003964003030303030303030' seq:0, type:1 .. '000000000039F3AF3030303030303030' seq:0, type:1](0)
 1859:8542115[0 .. 0]['000000000039F3B03030303030303030' seq:0, type:1 .. '00000000003A838E3030303030303030' seq:0, type:1](0)
 1860:1053076[0 .. 0]['00000000003A838F3030303030303030' seq:0, type:1 .. '00000000003A95253030303030303030' seq:0, type:1](0)
 1740:8542121[0 .. 0]['00000000003A95263030303030303030' seq:0, type:1 .. '00000000003B27733030303030303030' seq:0, type:1](0)
 2037:8542122[0 .. 0]['00000000003B27763030303030303030' seq:0, type:1 .. '00000000003BB5F33030303030303030' seq:0, type:1](0)
 2038:8542118[0 .. 0]['00000000003BB5F53030303030303030' seq:0, type:1 .. '00000000003C405B3030303030303030' seq:0, type:1](0)
 2039:6745339[0 .. 0]['00000000003C405C3030303030303030' seq:0, type:1 .. '00000000003CB4333030303030303030' seq:0, type:1](0)
 1537:8542131[0 .. 0]['00000000003CB4343030303030303030' seq:0, type:1 .. '00000000003D4A3D3030303030303030' seq:0, type:1](0)
 1538:5907482[0 .. 0]['00000000003D4A3E3030303030303030' seq:0, type:1 .. '00000000003DB1733030303030303030' seq:0, type:1](0)
 1502:8542126[0 .. 0]['00000000003DB1763030303030303030' seq:0, type:1 .. '00000000003E46C23030303030303030' seq:0, type:1](0)
 1845:8542120[0 .. 0]['00000000003E46C33030303030303030' seq:0, type:1 .. '00000000003ED67F3030303030303030' seq:0, type:1](0)
 1846:8542119[0 .. 0]['00000000003ED6813030303030303030' seq:0, type:1 .. '00000000003F66BD3030303030303030' seq:0, type:1](0)
 1847:8542132[0 .. 0]['00000000003F66BE3030303030303030' seq:0, type:1 .. '00000000004001863030303030303030' seq:0, type:1](0)
 1848:779790[0 .. 0]['00000000004001873030303030303030' seq:0, type:1 .. '0000000000400FEA3030303030303030' seq:0, type:1](0)
 1332:8542130[0 .. 0]['0000000000400FEB3030303030303030' seq:0, type:1 .. '000000000040ADD33030303030303030' seq:0, type:1](0)
 1839:8542141[0 .. 0]['000000000040ADD43030303030303030' seq:0, type:1 .. '00000000004149313030303030303030' seq:0, type:1](0)
 1840:8542123[0 .. 0]['00000000004149323030303030303030' seq:0, type:1 .. '000000000041D8E23030303030303030' seq:0, type:1](0)
 1843:8542132[0 .. 0]['000000000041D8E33030303030303030' seq:0, type:1 .. '000000000042735B3030303030303030' seq:0, type:1](0)
 1844:698790[0 .. 0]['000000000042735E3030303030303030' seq:0, type:1 .. '00000000004281243030303030303030' seq:0, type:1](0)
 1101:8542152[0 .. 0]['00000000004281263030303030303030' seq:0, type:1 .. '00000000004328ED3030303030303030' seq:0, type:1](0)
 1486:8542130[0 .. 0]['00000000004328EE3030303030303030' seq:0, type:1 .. '000000000043BE5F3030303030303030' seq:0, type:1](0)
 2008:8542121[0 .. 0]['000000000043BE603030303030303030' seq:0, type:1 .. '0000000000444E1A3030303030303030' seq:0, type:1](0)
 2009:8542124[0 .. 0]['0000000000444E1B3030303030303030' seq:0, type:1 .. '000000000044D8FB3030303030303030' seq:0, type:1](0)
 2034:8542110[0 .. 0]['000000000044D8FC3030303030303030' seq:0, type:1 .. '00000000004563643030303030303030' seq:0, type:1](0)
 2035:8542116[0 .. 0]['00000000004563653030303030303030' seq:0, type:1 .. '000000000045EDB83030303030303030' seq:0, type:1](0)
 2036:6161232[0 .. 0]['000000000045EDB93030303030303030' seq:0, type:1 .. '00000000004656C43030303030303030' seq:0, type:1](0)
 1552:8542126[0 .. 0]['00000000004656C53030303030303030' seq:0, type:1 .. '000000000046EC9A3030303030303030' seq:0, type:1](0)
 1825:8542125[0 .. 0]['000000000046EC9C3030303030303030' seq:0, type:1 .. '0000000000477C793030303030303030' seq:0, type:1](0)
 1826:8542124[0 .. 0]['0000000000477C7A3030303030303030' seq:0, type:1 .. '0000000000480BB03030303030303030' seq:0, type:1](0)
 1999:8542112[0 .. 0]['0000000000480BB13030303030303030' seq:0, type:1 .. '000000000048991F3030303030303030' seq:0, type:1](0)
 2000:8542126[0 .. 0]['00000000004899213030303030303030' seq:0, type:1 .. '00000000004924793030303030303030' seq:0, type:1](0)
 2001:2405118[0 .. 0]['000000000049247A3030303030303030' seq:0, type:1 .. '0000000000494F773030303030303030' seq:0, type:1](0)
 1728:8542135[0 .. 0]['0000000000494F783030303030303030' seq:0, type:1 .. '000000000049E2F83030303030303030' seq:0, type:1](0)
 1729:8542127[0 .. 0]['000000000049E2F93030303030303030' seq:0, type:1 .. '00000000004A721E3030303030303030' seq:0, type:1](0)
 1731:8542126[0 .. 0]['00000000004A721F3030303030303030' seq:0, type:1 .. '00000000004B015D3030303030303030' seq:0, type:1](0)
 1732:5950363[0 .. 0]['00000000004B015E3030303030303030' seq:0, type:1 .. '00000000004B67B63030303030303030' seq:0, type:1](0)
 1483:8542134[0 .. 0]['00000000004B67B73030303030303030' seq:0, type:1 .. '00000000004BFF563030303030303030' seq:0, type:1](0)
 2011:8542124[0 .. 0]['00000000004BFF573030303030303030' seq:0, type:1 .. '00000000004C8C343030303030303030' seq:0, type:1](0)
 2012:8542125[0 .. 0]['00000000004C8C353030303030303030' seq:0, type:1 .. '00000000004D16683030303030303030' seq:0, type:1](0)
 2013:3956706[0 .. 0]['00000000004D16693030303030303030' seq:0, type:1 .. '00000000004D57383030303030303030' seq:0, type:1](0)
 1816:6533183[0 .. 0]['00000000004D573B3030303030303030' seq:0, type:1 .. '00000000004DC5183030303030303030' seq:0, type:1](0)
 1492:8542142[0 .. 0]['00000000004DC51A3030303030303030' seq:0, type:1 .. '00000000004E62603030303030303030' seq:0, type:1](0)
 1493:8542132[0 .. 0]['00000000004E62613030303030303030' seq:0, type:1 .. '00000000004EF81A3030303030303030' seq:0, type:1](0)
 1557:8542141[0 .. 0]['00000000004EF81C3030303030303030' seq:0, type:1 .. '00000000004F8E983030303030303030' seq:0, type:1](0)
 1558:8542133[0 .. 0]['00000000004F8E993030303030303030' seq:0, type:1 .. '00000000005024753030303030303030' seq:0, type:1](0)
 1559:8507798[0 .. 0]['00000000005024763030303030303030' seq:0, type:1 .. '000000000050C0B63030303030303030' seq:0, type:1](0)
 1319:8542147[0 .. 0]['000000000050C0B73030303030303030' seq:0, type:1 .. '0000000000515EDF3030303030303030' seq:0, type:1](0)
 2055:8542129[0 .. 0]['0000000000515EE03030303030303030' seq:0, type:1 .. '000000000051EFCC3030303030303030' seq:0, type:1](0)
 2056:8542122[0 .. 0]['000000000051EFCD3030303030303030' seq:0, type:1 .. '0000000000527A743030303030303030' seq:0, type:1](0)
 2061:8542122[0 .. 0]['0000000000527A753030303030303030' seq:0, type:1 .. '00000000005305B93030303030303030' seq:0, type:1](0)
 2062:8542123[0 .. 0]['00000000005305BA3030303030303030' seq:0, type:1 .. '000000000053904A3030303030303030' seq:0, type:1](0)
 2063:7686453[0 .. 0]['000000000053904B3030303030303030' seq:0, type:1 .. '0000000000540EFF3030303030303030' seq:0, type:1](0)
 1539:8542134[0 .. 0]['0000000000540F013030303030303030' seq:0, type:1 .. '000000000054AB303030303030303030' seq:0, type:1](0)
 1540:8542136[0 .. 0]['000000000054AB313030303030303030' seq:0, type:1 .. '00000000005540CF3030303030303030' seq:0, type:1](0)
 1828:8542134[0 .. 0]['00000000005540D13030303030303030' seq:0, type:1 .. '000000000055DA993030303030303030' seq:0, type:1](0)
 1829:8542122[0 .. 0]['000000000055DA9A3030303030303030' seq:0, type:1 .. '00000000005669983030303030303030' seq:0, type:1](0)
 1830:8542120[0 .. 0]['00000000005669993030303030303030' seq:0, type:1 .. '000000000056F96D3030303030303030' seq:0, type:1](0)
 1831:414751[0 .. 0]['000000000056F96E3030303030303030' seq:0, type:1 .. '000000000057006D3030303030303030' seq:0, type:1](0)
 1810:8542126[0 .. 0]['000000000057006E3030303030303030' seq:0, type:1 .. '00000000005790083030303030303030' seq:0, type:1](0)
 1811:7491159[0 .. 0]['00000000005790093030303030303030' seq:0, type:1 .. '00000000005826373030303030303030' seq:0, type:1](0)
 1530:8542135[0 .. 0]['00000000005826383030303030303030' seq:0, type:1 .. '000000000058BF703030303030303030' seq:0, type:1](0)
 1531:8542147[0 .. 0]['000000000058BF723030303030303030' seq:0, type:1 .. '0000000000595FE53030303030303030' seq:0, type:1](0)
 2049:8542129[0 .. 0]['0000000000595FE63030303030303030' seq:0, type:1 .. '000000000059F2BA3030303030303030' seq:0, type:1](0)
 2050:8542110[0 .. 0]['000000000059F2BB3030303030303030' seq:0, type:1 .. '00000000005A7DC13030303030303030' seq:0, type:1](0)
 2052:8542120[0 .. 0]['00000000005A7DC23030303030303030' seq:0, type:1 .. '00000000005B08BB3030303030303030' seq:0, type:1](0)
 2053:8542112[0 .. 0]['00000000005B08BC3030303030303030' seq:0, type:1 .. '00000000005B94143030303030303030' seq:0, type:1](0)
 2054:6069726[0 .. 0]['00000000005B94153030303030303030' seq:0, type:1 .. '00000000005BF6963030303030303030' seq:0, type:1](0)
 2023:8542116[0 .. 0]['00000000005BF6973030303030303030' seq:0, type:1 .. '00000000005C81023030303030303030' seq:0, type:1](0)
 2064:8542119[0 .. 0]['00000000005C81033030303030303030' seq:0, type:1 .. '00000000005D0BCD3030303030303030' seq:0, type:1](0)
 2065:8542123[0 .. 0]['00000000005D0BCE3030303030303030' seq:0, type:1 .. '00000000005D96C13030303030303030' seq:0, type:1](0)
 2066:8542118[0 .. 0]['00000000005D96C23030303030303030' seq:0, type:1 .. '00000000005E23593030303030303030' seq:0, type:1](0)
 2067:8907[0 .. 0]['00000000005E235B3030303030303030' seq:0, type:1 .. '00000000005E237F3030303030303030' seq:0, type:1](0)
 1547:6360313[0 .. 0]['00000000005E23803030303030303030' seq:0, type:1 .. '00000000005E966D3030303030303030' seq:0, type:1](0)
 1759:8542127[0 .. 0]['00000000005E966E3030303030303030' seq:0, type:1 .. '00000000005F2ACB3030303030303030' seq:0, type:1](0)
 1760:8542119[0 .. 0]['00000000005F2ACC3030303030303030' seq:0, type:1 .. '00000000005FBF483030303030303030' seq:0, type:1](0)
 1979:8542118[0 .. 0]['00000000005FBF493030303030303030' seq:0, type:1 .. '0000000000604AF43030303030303030' seq:0, type:1](0)
 1980:8542133[0 .. 0]['0000000000604AF53030303030303030' seq:0, type:1 .. '000000000060DDB73030303030303030' seq:0, type:1](0)
 1981:1214276[0 .. 0]['000000000060DDB93030303030303030' seq:0, type:1 .. '000000000060FAD33030303030303030' seq:0, type:1](0)
 1597:8542128[0 .. 0]['000000000060FAD43030303030303030' seq:0, type:1 .. '0000000000619BC53030303030303030' seq:0, type:1](0)
 1598:8542137[0 .. 0]['0000000000619BC93030303030303030' seq:0, type:1 .. '000000000062319D3030303030303030' seq:0, type:1](0)
 1599:8542136[0 .. 0]['000000000062319E3030303030303030' seq:0, type:1 .. '000000000062C7693030303030303030' seq:0, type:1](0)
 1600:482259[0 .. 0]['000000000062C76B3030303030303030' seq:0, type:1 .. '000000000062CFC53030303030303030' seq:0, type:1](0)
 1587:8542125[0 .. 0]['000000000062CFC63030303030303030' seq:0, type:1 .. '000000000063657A3030303030303030' seq:0, type:1](0)
 1588:7606319[0 .. 0]['000000000063657C3030303030303030' seq:0, type:1 .. '000000000063F1D83030303030303030' seq:0, type:1](0)
 1297:8542143[0 .. 0]['000000000063F1D93030303030303030' seq:0, type:1 .. '0000000000648FE83030303030303030' seq:0, type:1](0)
 1339:8542121[0 .. 0]['0000000000648FE93030303030303030' seq:0, type:1 .. '0000000000652D7B3030303030303030' seq:0, type:1](0)
 1605:8542124[0 .. 0]['0000000000652D7C3030303030303030' seq:0, type:1 .. '000000000065C3013030303030303030' seq:0, type:1](0)
 2025:8542111[0 .. 0]['000000000065C3033030303030303030' seq:0, type:1 .. '00000000006651733030303030303030' seq:0, type:1](0)
 2026:8542129[0 .. 0]['00000000006651743030303030303030' seq:0, type:1 .. '000000000066DC173030303030303030' seq:0, type:1](0)
 2027:2052465[0 .. 0]['000000000066DC183030303030303030' seq:0, type:1 .. '000000000066FD813030303030303030' seq:0, type:1](0)
 2005:8542122[0 .. 0]['000000000066FD823030303030303030' seq:0, type:1 .. '000000000067882A3030303030303030' seq:0, type:1](0)
 2006:8542134[0 .. 0]['000000000067882B3030303030303030' seq:0, type:1 .. '0000000000681B983030303030303030' seq:0, type:1](0)
 2007:3827127[0 .. 0]['0000000000681B9A3030303030303030' seq:0, type:1 .. '0000000000685EF63030303030303030' seq:0, type:1](0)
 1572:8542123[0 .. 0]['0000000000685EF83030303030303030' seq:0, type:1 .. '000000000068F5253030303030303030' seq:0, type:1](0)
 1573:8209059[0 .. 0]['000000000068F5263030303030303030' seq:0, type:1 .. '00000000006984F43030303030303030' seq:0, type:1](0)
 1519:8542123[0 .. 0]['00000000006984F53030303030303030' seq:0, type:1 .. '00000000006A1A7D3030303030303030' seq:0, type:1](0)
 1520:3011252[0 .. 0]['00000000006A1A7E3030303030303030' seq:0, type:1 .. '00000000006A52493030303030303030' seq:0, type:1](0)
 1316:8542143[0 .. 0]['00000000006A524C3030303030303030' seq:0, type:1 .. '00000000006B02EE3030303030303030' seq:0, type:1](0)
 1317:8542142[0 .. 0]['00000000006B02EF3030303030303030' seq:0, type:1 .. '00000000006BA0AE3030303030303030' seq:0, type:1](0)
 1786:8542118[0 .. 0]['00000000006BA0AF3030303030303030' seq:0, type:1 .. '00000000006C31A03030303030303030' seq:0, type:1](0)
 1787:1236147[0 .. 0]['00000000006C31A13030303030303030' seq:0, type:1 .. '00000000006C467E3030303030303030' seq:0, type:1](0)
 1593:8542122[0 .. 0]['00000000006C46803030303030303030' seq:0, type:1 .. '00000000006CDCA93030303030303030' seq:0, type:1](0)
 1596:8298039[0 .. 0]['00000000006CDCAB3030303030303030' seq:0, type:1 .. '00000000006D6DB43030303030303030' seq:0, type:1](0)
 1514:8542133[0 .. 0]['00000000006D6DB63030303030303030' seq:0, type:1 .. '00000000006E039C3030303030303030' seq:0, type:1](0)
 1517:3370185[0 .. 0]['00000000006E039F3030303030303030' seq:0, type:1 .. '00000000006E3E583030303030303030' seq:0, type:1](0)
 1490:8542130[0 .. 0]['00000000006E3E593030303030303030' seq:0, type:1 .. '00000000006ED4213030303030303030' seq:0, type:1](0)
 1771:8542125[0 .. 0]['00000000006ED4223030303030303030' seq:0, type:1 .. '00000000006F6E423030303030303030' seq:0, type:1](0)
 1772:8542122[0 .. 0]['00000000006F6E433030303030303030' seq:0, type:1 .. '00000000006FFE313030303030303030' seq:0, type:1](0)
 1773:5307680[0 .. 0]['00000000006FFE323030303030303030' seq:0, type:1 .. '00000000007061B53030303030303030' seq:0, type:1](0)
 1533:8542145[0 .. 0]['00000000007061B63030303030303030' seq:0, type:1 .. '000000000071096D3030303030303030' seq:0, type:1](0)
 1534:8542120[0 .. 0]['000000000071096E3030303030303030' seq:0, type:1 .. '0000000000719F563030303030303030' seq:0, type:1](0)
 1535:5038256[0 .. 0]['0000000000719F573030303030303030' seq:0, type:1 .. '000000000071F9803030303030303030' seq:0, type:1](0)
 1821:8542141[0 .. 0]['000000000071F9813030303030303030' seq:0, type:1 .. '0000000000728F043030303030303030' seq:0, type:1](0)
 1822:8542116[0 .. 0]['0000000000728F053030303030303030' seq:0, type:1 .. '0000000000731E2B3030303030303030' seq:0, type:1](0)
 1823:8542107[0 .. 0]['0000000000731E2C3030303030303030' seq:0, type:1 .. '000000000073ADB43030303030303030' seq:0, type:1](0)
 1824:462650[0 .. 0]['000000000073ADB53030303030303030' seq:0, type:1 .. '000000000073B5A43030303030303030' seq:0, type:1](0)
 1749:8542123[0 .. 0]['000000000073B5A53030303030303030' seq:0, type:1 .. '000000000074451A3030303030303030' seq:0, type:1](0)
 1861:8542125[0 .. 0]['000000000074451B3030303030303030' seq:0, type:1 .. '000000000074D4333030303030303030' seq:0, type:1](0)
 1862:8542120[0 .. 0]['000000000074D4343030303030303030' seq:0, type:1 .. '00000000007563E13030303030303030' seq:0, type:1](0)
 1863:8542127[0 .. 0]['00000000007563E23030303030303030' seq:0, type:1 .. '000000000075FC523030303030303030' seq:0, type:1](0)
 1864:831748[0 .. 0]['000000000075FC533030303030303030' seq:0, type:1 .. '0000000000760CDD3030303030303030' seq:0, type:1](0)
 1542:8542146[0 .. 0]['0000000000760CDE3030303030303030' seq:0, type:1 .. '000000000076AEE93030303030303030' seq:0, type:1](0)
 1543:8542135[0 .. 0]['000000000076AEEA3030303030303030' seq:0, type:1 .. '00000000007744D13030303030303030' seq:0, type:1](0)
 1849:8542126[0 .. 0]['00000000007744D23030303030303030' seq:0, type:1 .. '000000000077D6623030303030303030' seq:0, type:1](0)
 1850:8542120[0 .. 0]['000000000077D6633030303030303030' seq:0, type:1 .. '00000000007865E43030303030303030' seq:0, type:1](0)
 1851:8542124[0 .. 0]['00000000007865E53030303030303030' seq:0, type:1 .. '000000000078F5383030303030303030' seq:0, type:1](0)
 1852:1263609[0 .. 0]['000000000078F5393030303030303030' seq:0, type:1 .. '0000000000790A733030303030303030' seq:0, type:1](0)
 2019:8542128[0 .. 0]['0000000000790A743030303030303030' seq:0, type:1 .. '0000000000799EC33030303030303030' seq:0, type:1](0)
 2020:8542120[0 .. 0]['0000000000799EC43030303030303030' seq:0, type:1 .. '00000000007A29933030303030303030' seq:0, type:1](0)
 2021:5587169[0 .. 0]['00000000007A29943030303030303030' seq:0, type:1 .. '00000000007A84B13030303030303030' seq:0, type:1](0)
 1722:8542128[0 .. 0]['00000000007A84B53030303030303030' seq:0, type:1 .. '00000000007B17DB3030303030303030' seq:0, type:1](0)
 1723:8542130[0 .. 0]['00000000007B17DC3030303030303030' seq:0, type:1 .. '00000000007BA7243030303030303030' seq:0, type:1](0)
 1724:912971[0 .. 0]['00000000007BA7253030303030303030' seq:0, type:1 .. '00000000007BB6A73030303030303030' seq:0, type:1](0)
 1510:8542128[0 .. 0]['00000000007BB6AA3030303030303030' seq:0, type:1 .. '00000000007C4DA53030303030303030' seq:0, type:1](0)
 1511:8542128[0 .. 0]['00000000007C4DA73030303030303030' seq:0, type:1 .. '00000000007CE31C3030303030303030' seq:0, type:1](0)
 1512:4212993[0 .. 0]['00000000007CE31D3030303030303030' seq:0, type:1 .. '00000000007D2D063030303030303030' seq:0, type:1](0)
 1505:8542141[0 .. 0]['00000000007D2D073030303030303030' seq:0, type:1 .. '00000000007DC2493030303030303030' seq:0, type:1](0)
 1506:3033140[0 .. 0]['00000000007DC24B3030303030303030' seq:0, type:1 .. '00000000007DFFD23030303030303030' seq:0, type:1](0)
 1788:8542122[0 .. 0]['00000000007DFFD33030303030303030' seq:0, type:1 .. '00000000007E92E13030303030303030' seq:0, type:1](0)
 1789:8542131[0 .. 0]['00000000007E92E33030303030303030' seq:0, type:1 .. '00000000007F221B3030303030303030' seq:0, type:1](0)
 1791:8542119[0 .. 0]['00000000007F221C3030303030303030' seq:0, type:1 .. '00000000007FB1083030303030303030' seq:0, type:1](0)
 1792:8542116[0 .. 0]['00000000007FB1093030303030303030' seq:0, type:1 .. '00000000008040D03030303030303030' seq:0, type:1](0)
 1817:8542114[0 .. 0]['00000000008040D13030303030303030' seq:0, type:1 .. '000000000080D08D3030303030303030' seq:0, type:1](0)
 1818:8542112[0 .. 0]['000000000080D08E3030303030303030' seq:0, type:1 .. '0000000000815FBA3030303030303030' seq:0, type:1](0)
 1819:8542126[0 .. 0]['0000000000815FBB3030303030303030' seq:0, type:1 .. '000000000081EF783030303030303030' seq:0, type:1](0)
 1820:561828[0 .. 0]['000000000081EF7B3030303030303030' seq:0, type:1 .. '000000000081F8D73030303030303030' seq:0, type:1](0)
 1769:8542121[0 .. 0]['000000000081F8DA3030303030303030' seq:0, type:1 .. '00000000008288553030303030303030' seq:0, type:1](0)
 1770:3534295[0 .. 0]['00000000008288563030303030303030' seq:0, type:1 .. '000000000082C4E83030303030303030' seq:0, type:1](0)
 1095:8542138[0 .. 0]['000000000082C4E93030303030303030' seq:0, type:1 .. '0000000000836D973030303030303030' seq:0, type:1](0)
 1096:4343723[0 .. 0]['0000000000836D983030303030303030' seq:0, type:1 .. '000000000083C2AF3030303030303030' seq:0, type:1](0)
 1803:8542123[0 .. 0]['000000000083C2B03030303030303030' seq:0, type:1 .. '000000000084568A3030303030303030' seq:0, type:1](0)
 1804:8542124[0 .. 0]['000000000084568B3030303030303030' seq:0, type:1 .. '000000000084E66D3030303030303030' seq:0, type:1](0)
 1805:6913737[0 .. 0]['000000000084E66E3030303030303030' seq:0, type:1 .. '00000000008565383030303030303030' seq:0, type:1](0)
 1352:8542142[0 .. 0]['000000000085653A3030303030303030' seq:0, type:1 .. '00000000008602213030303030303030' seq:0, type:1](0)
 1566:8542126[0 .. 0]['00000000008602223030303030303030' seq:0, type:1 .. '0000000000869C1D3030303030303030' seq:0, type:1](0)
 1567:1340764[0 .. 0]['0000000000869C1E3030303030303030' seq:0, type:1 .. '000000000086B3943030303030303030' seq:0, type:1](0)
 1498:8542131[0 .. 0]['000000000086B3953030303030303030' seq:0, type:1 .. '000000000087492B3030303030303030' seq:0, type:1](0)
 1499:8542136[0 .. 0]['000000000087492C3030303030303030' seq:0, type:1 .. '000000000087DF2E3030303030303030' seq:0, type:1](0)
 1500:3086082[0 .. 0]['000000000087DF2F3030303030303030' seq:0, type:1 .. '00000000008817C43030303030303030' seq:0, type:1](0)
 1239:8542151[0 .. 0]['00000000008817C53030303030303030' seq:0, type:1 .. '000000000088B8053030303030303030' seq:0, type:1](0)
 1733:8542127[0 .. 0]['000000000088B8063030303030303030' seq:0, type:1 .. '0000000000894ACB3030303030303030' seq:0, type:1](0)
 1734:8542124[0 .. 0]['0000000000894ACC3030303030303030' seq:0, type:1 .. '000000000089DA203030303030303030' seq:0, type:1](0)
 1736:8542116[0 .. 0]['000000000089DA213030303030303030' seq:0, type:1 .. '00000000008A69FA3030303030303030' seq:0, type:1](0)
 1737:8542130[0 .. 0]['00000000008A69FB3030303030303030' seq:0, type:1 .. '00000000008AFB403030303030303030' seq:0, type:1](0)
 1738:1669812[0 .. 0]['00000000008AFB413030303030303030' seq:0, type:1 .. '00000000008B1A9F3030303030303030' seq:0, type:1](0)
 2040:8542122[0 .. 0]['00000000008B1AA03030303030303030' seq:0, type:1 .. '00000000008BB0793030303030303030' seq:0, type:1](0)
 2041:8542114[0 .. 0]['00000000008BB07A3030303030303030' seq:0, type:1 .. '00000000008C3B413030303030303030' seq:0, type:1](0)
 2042:6444778[0 .. 0]['00000000008C3B423030303030303030' seq:0, type:1 .. '00000000008CA48C3030303030303030' seq:0, type:1](0)
 1280:4000413[0 .. 0]['00000000008CA48E3030303030303030' seq:0, type:1 .. '00000000008CEF4B3030303030303030' seq:0, type:1](0)
 1797:8542131[0 .. 0]['00000000008CEF4C3030303030303030' seq:0, type:1 .. '00000000008D87F43030303030303030' seq:0, type:1](0)
 1798:8542126[0 .. 0]['00000000008D87F63030303030303030' seq:0, type:1 .. '00000000008E18093030303030303030' seq:0, type:1](0)
 1853:8542123[0 .. 0]['00000000008E180A3030303030303030' seq:0, type:1 .. '00000000008EA7DA3030303030303030' seq:0, type:1](0)
 1854:8542109[0 .. 0]['00000000008EA7DB3030303030303030' seq:0, type:1 .. '00000000008F37653030303030303030' seq:0, type:1](0)
 1855:8542132[0 .. 0]['00000000008F37663030303030303030' seq:0, type:1 .. '00000000008FD12D3030303030303030' seq:0, type:1](0)
 1856:1692232[0 .. 0]['00000000008FD12E3030303030303030' seq:0, type:1 .. '00000000008FF0903030303030303030' seq:0, type:1](0)
 1982:8542120[0 .. 0]['00000000008FF0913030303030303030' seq:0, type:1 .. '00000000009081C43030303030303030' seq:0, type:1](0)
 1983:8542116[0 .. 0]['00000000009081C53030303030303030' seq:0, type:1 .. '0000000000910C633030303030303030' seq:0, type:1](0)
 1985:8542109[0 .. 0]['0000000000910C643030303030303030' seq:0, type:1 .. '00000000009197513030303030303030' seq:0, type:1](0)
 1986:3491533[0 .. 0]['00000000009197523030303030303030' seq:0, type:1 .. '000000000091CFF73030303030303030' seq:0, type:1](0)
 1996:8542119[0 .. 0]['000000000091CFF93030303030303030' seq:0, type:1 .. '0000000000925B333030303030303030' seq:0, type:1](0)
 1997:8542113[0 .. 0]['0000000000925B343030303030303030' seq:0, type:1 .. '000000000092E6543030303030303030' seq:0, type:1](0)
 1998:2496622[0 .. 0]['000000000092E6553030303030303030' seq:0, type:1 .. '00000000009314583030303030303030' seq:0, type:1](0)
 1295:4298568[0 .. 0]['00000000009314593030303030303030' seq:0, type:1 .. '000000000093637D3030303030303030' seq:0, type:1](0)
 1794:8542123[0 .. 0]['00000000009363803030303030303030' seq:0, type:1 .. '000000000093F41C3030303030303030' seq:0, type:1](0)
 1795:8542136[0 .. 0]['000000000093F41F3030303030303030' seq:0, type:1 .. '00000000009483483030303030303030' seq:0, type:1](0)
 1796:7051467[0 .. 0]['00000000009483493030303030303030' seq:0, type:1 .. '00000000009505773030303030303030' seq:0, type:1](0)
 1581:8542130[0 .. 0]['00000000009505793030303030303030' seq:0, type:1 .. '0000000000959B693030303030303030' seq:0, type:1](0)
 1582:7962916[0 .. 0]['0000000000959B6A3030303030303030' seq:0, type:1 .. '00000000009627313030303030303030' seq:0, type:1](0)
 2028:8542122[0 .. 0]['00000000009627323030303030303030' seq:0, type:1 .. '000000000096B36E3030303030303030' seq:0, type:1](0)
 2029:8542122[0 .. 0]['000000000096B36F3030303030303030' seq:0, type:1 .. '0000000000973E263030303030303030' seq:0, type:1](0)
 2030:5834587[0 .. 0]['0000000000973E283030303030303030' seq:0, type:1 .. '0000000000979EC23030303030303030' seq:0, type:1](0)
 1561:8542132[0 .. 0]['0000000000979EC33030303030303030' seq:0, type:1 .. '00000000009835ED3030303030303030' seq:0, type:1](0)
 1562:5512073[0 .. 0]['00000000009835EE3030303030303030' seq:0, type:1 .. '000000000098967F3030303030303030' seq:0, type:1](0)

STATISTICS:
rocksdb.block.cache.miss COUNT : 0
rocksdb.block.cache.hit COUNT : 0
rocksdb.block.cache.add COUNT : 0
rocksdb.block.cache.add.failures COUNT : 0
rocksdb.block.cache.index.miss COUNT : 0
rocksdb.block.cache.index.hit COUNT : 0
rocksdb.block.cache.index.add COUNT : 0
rocksdb.block.cache.index.bytes.insert COUNT : 0
rocksdb.block.cache.index.bytes.evict COUNT : 0
rocksdb.block.cache.filter.miss COUNT : 0
rocksdb.block.cache.filter.hit COUNT : 0
rocksdb.block.cache.filter.add COUNT : 0
rocksdb.block.cache.filter.bytes.insert COUNT : 0
rocksdb.block.cache.filter.bytes.evict COUNT : 0
rocksdb.block.cache.data.miss COUNT : 0
rocksdb.block.cache.data.hit COUNT : 0
rocksdb.block.cache.data.add COUNT : 0
rocksdb.block.cache.data.bytes.insert COUNT : 0
rocksdb.block.cache.bytes.read COUNT : 0
rocksdb.block.cache.bytes.write COUNT : 0
rocksdb.bloom.filter.useful COUNT : 0
rocksdb.bloom.filter.full.positive COUNT : 0
rocksdb.bloom.filter.full.true.positive COUNT : 0
rocksdb.bloom.filter.micros COUNT : 0
rocksdb.persistent.cache.hit COUNT : 0
rocksdb.persistent.cache.miss COUNT : 4447693
rocksdb.sim.block.cache.hit COUNT : 0
rocksdb.sim.block.cache.miss COUNT : 0
rocksdb.memtable.hit COUNT : 0
rocksdb.memtable.miss COUNT : 0
rocksdb.l0.hit COUNT : 0
rocksdb.l1.hit COUNT : 0
rocksdb.l2andup.hit COUNT : 0
rocksdb.compaction.key.drop.new COUNT : 8287560
rocksdb.compaction.key.drop.obsolete COUNT : 0
rocksdb.compaction.key.drop.range_del COUNT : 0
rocksdb.compaction.key.drop.user COUNT : 0
rocksdb.compaction.range_del.drop.obsolete COUNT : 0
rocksdb.compaction.optimized.del.drop.obsolete COUNT : 0
rocksdb.compaction.cancelled COUNT : 0
rocksdb.number.keys.written COUNT : 20000000
rocksdb.number.keys.read COUNT : 0
rocksdb.number.keys.updated COUNT : 0
rocksdb.bytes.written COUNT : 5759711508
rocksdb.bytes.read COUNT : 0
rocksdb.number.db.seek COUNT : 0
rocksdb.number.db.next COUNT : 0
rocksdb.number.db.prev COUNT : 0
rocksdb.number.db.seek.found COUNT : 0
rocksdb.number.db.next.found COUNT : 0
rocksdb.number.db.prev.found COUNT : 0
rocksdb.db.iter.bytes.read COUNT : 0
rocksdb.no.file.closes COUNT : 0
rocksdb.no.file.opens COUNT : 2023
rocksdb.no.file.errors COUNT : 0
rocksdb.l0.slowdown.micros COUNT : 0
rocksdb.memtable.compaction.micros COUNT : 0
rocksdb.l0.num.files.stall.micros COUNT : 0
rocksdb.stall.micros COUNT : 0
rocksdb.db.mutex.wait.micros COUNT : 0
rocksdb.rate.limit.delay.millis COUNT : 0
rocksdb.num.iterators COUNT : 0
rocksdb.number.multiget.get COUNT : 0
rocksdb.number.multiget.keys.read COUNT : 0
rocksdb.number.multiget.bytes.read COUNT : 0
rocksdb.number.deletes.filtered COUNT : 0
rocksdb.number.merge.failures COUNT : 0
rocksdb.bloom.filter.prefix.checked COUNT : 0
rocksdb.bloom.filter.prefix.useful COUNT : 0
rocksdb.number.reseeks.iteration COUNT : 0
rocksdb.getupdatessince.calls COUNT : 0
rocksdb.block.cachecompressed.miss COUNT : 0
rocksdb.block.cachecompressed.hit COUNT : 0
rocksdb.block.cachecompressed.add COUNT : 0
rocksdb.block.cachecompressed.add.failures COUNT : 0
rocksdb.wal.synced COUNT : 0
rocksdb.wal.bytes COUNT : 5759711508
rocksdb.write.self COUNT : 19975959
rocksdb.write.other COUNT : 24041
rocksdb.write.timeout COUNT : 0
rocksdb.write.wal COUNT : 20000000
rocksdb.compact.read.bytes COUNT : 17583992713
rocksdb.compact.write.bytes COUNT : 15274001917
rocksdb.flush.write.bytes COUNT : 5467350637
rocksdb.number.direct.load.table.properties COUNT : 0
rocksdb.number.superversion_acquires COUNT : 0
rocksdb.number.superversion_releases COUNT : 0
rocksdb.number.superversion_cleanups COUNT : 0
rocksdb.number.block.compressed COUNT : 0
rocksdb.number.block.decompressed COUNT : 0
rocksdb.number.block.not_compressed COUNT : 0
rocksdb.merge.operation.time.nanos COUNT : 0
rocksdb.filter.operation.time.nanos COUNT : 0
rocksdb.row.cache.hit COUNT : 0
rocksdb.row.cache.miss COUNT : 0
rocksdb.read.amp.estimate.useful.bytes COUNT : 0
rocksdb.read.amp.total.read.bytes COUNT : 0
rocksdb.number.rate_limiter.drains COUNT : 0
rocksdb.number.iter.skip COUNT : 0
rocksdb.blobdb.num.put COUNT : 0
rocksdb.blobdb.num.write COUNT : 0
rocksdb.blobdb.num.get COUNT : 0
rocksdb.blobdb.num.multiget COUNT : 0
rocksdb.blobdb.num.seek COUNT : 0
rocksdb.blobdb.num.next COUNT : 0
rocksdb.blobdb.num.prev COUNT : 0
rocksdb.blobdb.num.keys.written COUNT : 0
rocksdb.blobdb.num.keys.read COUNT : 0
rocksdb.blobdb.bytes.written COUNT : 0
rocksdb.blobdb.bytes.read COUNT : 0
rocksdb.blobdb.write.inlined COUNT : 0
rocksdb.blobdb.write.inlined.ttl COUNT : 0
rocksdb.blobdb.write.blob COUNT : 0
rocksdb.blobdb.write.blob.ttl COUNT : 0
rocksdb.blobdb.blob.file.bytes.written COUNT : 0
rocksdb.blobdb.blob.file.bytes.read COUNT : 0
rocksdb.blobdb.blob.file.synced COUNT : 0
rocksdb.blobdb.blob.index.expired.count COUNT : 0
rocksdb.blobdb.blob.index.expired.size COUNT : 0
rocksdb.blobdb.blob.index.evicted.count COUNT : 0
rocksdb.blobdb.blob.index.evicted.size COUNT : 0
rocksdb.blobdb.gc.num.files COUNT : 0
rocksdb.blobdb.gc.num.new.files COUNT : 0
rocksdb.blobdb.gc.failures COUNT : 0
rocksdb.blobdb.gc.num.keys.overwritten COUNT : 0
rocksdb.blobdb.gc.num.keys.expired COUNT : 0
rocksdb.blobdb.gc.num.keys.relocated COUNT : 0
rocksdb.blobdb.gc.bytes.overwritten COUNT : 0
rocksdb.blobdb.gc.bytes.expired COUNT : 0
rocksdb.blobdb.gc.bytes.relocated COUNT : 0
rocksdb.blobdb.fifo.num.files.evicted COUNT : 0
rocksdb.blobdb.fifo.num.keys.evicted COUNT : 0
rocksdb.blobdb.fifo.bytes.evicted COUNT : 0
rocksdb.txn.overhead.mutex.prepare COUNT : 0
rocksdb.txn.overhead.mutex.old.commit.map COUNT : 0
rocksdb.txn.overhead.duplicate.key COUNT : 0
rocksdb.txn.overhead.mutex.snapshot COUNT : 0
rocksdb.number.multiget.keys.found COUNT : 0
rocksdb.num.iterator.created COUNT : 0
rocksdb.num.iterator.deleted COUNT : 0
rocksdb.block.cache.compression.dict.miss COUNT : 0
rocksdb.block.cache.compression.dict.hit COUNT : 0
rocksdb.block.cache.compression.dict.add COUNT : 0
rocksdb.block.cache.compression.dict.bytes.insert COUNT : 0
rocksdb.block.cache.compression.dict.bytes.evict COUNT : 0
rocksdb.db.get.micros P50 : 0.000000 P95 : 0.000000 P99 : 0.000000 P100 : 0.000000 COUNT : 0 SUM : 0
rocksdb.db.write.micros P50 : 11.777732 P95 : 18.467525 P99 : 29.557532 P100 : 36995.000000 COUNT : 20000000 SUM : 243094322
rocksdb.compaction.times.micros P50 : 87719.512195 P95 : 158600.000000 P99 : 3778888.888889 P100 : 3797571.000000 COUNT : 335 SUM : 64394249
rocksdb.compaction.times.cpu_micros P50 : 81390.449438 P95 : 138636.363636 P99 : 3456320.000000 P100 : 3456320.000000 COUNT : 335 SUM : 58406542
rocksdb.subcompaction.setup.times.micros P50 : 0.000000 P95 : 0.000000 P99 : 0.000000 P100 : 0.000000 COUNT : 0 SUM : 0
rocksdb.table.sync.micros P50 : 57493.000000 P95 : 57493.000000 P99 : 57493.000000 P100 : 57493.000000 COUNT : 46 SUM : 2469588
rocksdb.compaction.outfile.sync.micros P50 : 3628.805395 P95 : 5588.666667 P99 : 9264.750000 P100 : 50304.000000 COUNT : 1977 SUM : 8321460
rocksdb.wal.file.sync.micros P50 : 0.000000 P95 : 0.000000 P99 : 0.000000 P100 : 0.000000 COUNT : 0 SUM : 0
rocksdb.manifest.file.sync.micros P50 : 129.792531 P95 : 204.720000 P99 : 414.000000 P100 : 1928.000000 COUNT : 383 SUM : 52570
rocksdb.table.open.io.micros P50 : 240.553672 P95 : 377.445864 P99 : 769.348780 P100 : 1110.000000 COUNT : 2023 SUM : 507095
rocksdb.db.multiget.micros P50 : 0.000000 P95 : 0.000000 P99 : 0.000000 P100 : 0.000000 COUNT : 0 SUM : 0
rocksdb.read.block.compaction.micros P50 : 0.000000 P95 : 0.000000 P99 : 0.000000 P100 : 0.000000 COUNT : 0 SUM : 0
rocksdb.read.block.get.micros P50 : 2.324290 P95 : 3.503431 P99 : 10.619010 P100 : 956.000000 COUNT : 4445748 SUM : 13298116
rocksdb.write.raw.block.micros P50 : 0.508998 P95 : 0.967096 P99 : 2.827769 P100 : 2086.000000 COUNT : 5235235 SUM : 13890741
rocksdb.l0.slowdown.count P50 : 0.000000 P95 : 0.000000 P99 : 0.000000 P100 : 0.000000 COUNT : 0 SUM : 0
rocksdb.memtable.compaction.count P50 : 0.000000 P95 : 0.000000 P99 : 0.000000 P100 : 0.000000 COUNT : 0 SUM : 0
rocksdb.num.files.stall.count P50 : 0.000000 P95 : 0.000000 P99 : 0.000000 P100 : 0.000000 COUNT : 0 SUM : 0
rocksdb.hard.rate.limit.delay.count P50 : 0.000000 P95 : 0.000000 P99 : 0.000000 P100 : 0.000000 COUNT : 0 SUM : 0
rocksdb.soft.rate.limit.delay.count P50 : 0.000000 P95 : 0.000000 P99 : 0.000000 P100 : 0.000000 COUNT : 0 SUM : 0
rocksdb.numfiles.in.singlecompaction P50 : 1.000000 P95 : 1.000000 P99 : 3.694545 P100 : 4.000000 COUNT : 336 SUM : 370
rocksdb.db.seek.micros P50 : 0.000000 P95 : 0.000000 P99 : 0.000000 P100 : 0.000000 COUNT : 0 SUM : 0
rocksdb.db.write.stall P50 : 0.000000 P95 : 0.000000 P99 : 0.000000 P100 : 0.000000 COUNT : 0 SUM : 0
rocksdb.sst.read.micros P50 : 0.892289 P95 : 1.916313 P99 : 2.780596 P100 : 850.000000 COUNT : 4451883 SUM : 6814786
rocksdb.num.subcompactions.scheduled P50 : 0.000000 P95 : 0.000000 P99 : 0.000000 P100 : 0.000000 COUNT : 0 SUM : 0
rocksdb.bytes.per.read P50 : 0.000000 P95 : 0.000000 P99 : 0.000000 P100 : 0.000000 COUNT : 0 SUM : 0
rocksdb.bytes.per.write P50 : 315.078322 P95 : 373.648811 P99 : 378.855077 P100 : 564.000000 COUNT : 19975959 SUM : 5759711508
rocksdb.bytes.per.multiget P50 : 0.000000 P95 : 0.000000 P99 : 0.000000 P100 : 0.000000 COUNT : 0 SUM : 0
rocksdb.bytes.compressed P50 : 0.000000 P95 : 0.000000 P99 : 0.000000 P100 : 0.000000 COUNT : 0 SUM : 0
rocksdb.bytes.decompressed P50 : 0.000000 P95 : 0.000000 P99 : 0.000000 P100 : 0.000000 COUNT : 0 SUM : 0
rocksdb.compression.times.nanos P50 : 0.000000 P95 : 0.000000 P99 : 0.000000 P100 : 0.000000 COUNT : 0 SUM : 0
rocksdb.decompression.times.nanos P50 : 0.000000 P95 : 0.000000 P99 : 0.000000 P100 : 0.000000 COUNT : 0 SUM : 0
rocksdb.read.num.merge_operands P50 : 0.000000 P95 : 0.000000 P99 : 0.000000 P100 : 0.000000 COUNT : 0 SUM : 0
rocksdb.blobdb.key.size P50 : 0.000000 P95 : 0.000000 P99 : 0.000000 P100 : 0.000000 COUNT : 0 SUM : 0
rocksdb.blobdb.value.size P50 : 0.000000 P95 : 0.000000 P99 : 0.000000 P100 : 0.000000 COUNT : 0 SUM : 0
rocksdb.blobdb.write.micros P50 : 0.000000 P95 : 0.000000 P99 : 0.000000 P100 : 0.000000 COUNT : 0 SUM : 0
rocksdb.blobdb.get.micros P50 : 0.000000 P95 : 0.000000 P99 : 0.000000 P100 : 0.000000 COUNT : 0 SUM : 0
rocksdb.blobdb.multiget.micros P50 : 0.000000 P95 : 0.000000 P99 : 0.000000 P100 : 0.000000 COUNT : 0 SUM : 0
rocksdb.blobdb.seek.micros P50 : 0.000000 P95 : 0.000000 P99 : 0.000000 P100 : 0.000000 COUNT : 0 SUM : 0
rocksdb.blobdb.next.micros P50 : 0.000000 P95 : 0.000000 P99 : 0.000000 P100 : 0.000000 COUNT : 0 SUM : 0
rocksdb.blobdb.prev.micros P50 : 0.000000 P95 : 0.000000 P99 : 0.000000 P100 : 0.000000 COUNT : 0 SUM : 0
rocksdb.blobdb.blob.file.write.micros P50 : 0.000000 P95 : 0.000000 P99 : 0.000000 P100 : 0.000000 COUNT : 0 SUM : 0
rocksdb.blobdb.blob.file.read.micros P50 : 0.000000 P95 : 0.000000 P99 : 0.000000 P100 : 0.000000 COUNT : 0 SUM : 0
rocksdb.blobdb.blob.file.sync.micros P50 : 0.000000 P95 : 0.000000 P99 : 0.000000 P100 : 0.000000 COUNT : 0 SUM : 0
rocksdb.blobdb.gc.micros P50 : 0.000000 P95 : 0.000000 P99 : 0.000000 P100 : 0.000000 COUNT : 0 SUM : 0
rocksdb.blobdb.compression.micros P50 : 0.000000 P95 : 0.000000 P99 : 0.000000 P100 : 0.000000 COUNT : 0 SUM : 0
rocksdb.blobdb.decompression.micros P50 : 0.000000 P95 : 0.000000 P99 : 0.000000 P100 : 0.000000 COUNT : 0 SUM : 0
rocksdb.db.flush.micros P50 : 424333.333333 P95 : 473685.000000 P99 : 473685.000000 P100 : 473685.000000 COUNT : 46 SUM : 18119872
rocksdb.sst.batch.size P50 : 0.000000 P95 : 0.000000 P99 : 0.000000 P100 : 0.000000 COUNT : 0 SUM : 0

