Initializing RocksDB Options from the specified file
Initializing RocksDB Options from command-line flags
paht=/home/zyh/480G/wp/pcache/pcache_file
Keys:       16 bytes each
Values:     256 bytes each (128 bytes after compression)
Entries:    5000000
Prefix:    0 bytes
Keys per prefix:    0
RawSize:    1297.0 MB (estimated)
FileSize:   686.6 MB (estimated)
Write rate: 0 bytes/second
Read rate: 0 ops/second
Compression: NoCompression
Compression sampling rate: 0
Memtablerep: skip_list
Perf Level: 5
WARNING: Assertions are enabled; benchmarks unnecessarily slow
------------------------------------------------
Initializing RocksDB Options from the specified file
Initializing RocksDB Options from command-line flags
paht=/home/zyh/480G/wp/pcache/pcache_file
DB path: [/home/zyh/480G/wp]
too large size=848651
too large size=1231818
too large size=848946
too large size=1232458
too large size=847985
too large size=1231050
too large size=845209
too large size=1226954
too large size=849643
too large size=1233354
too large size=849512
too large size=1233098
too large size=850139
too large size=1234122
too large size=848387
too large size=1231562
too large size=846988
too large size=1229514
too large size=847865
too large size=1230666
too large size=846540
too large size=1228874
too large size=848597
too large size=1231946
too large size=849135
too large size=1232586
too large size=848199
too large size=1231306
too large size=847920
too large size=1230922
too large size=848741
too large size=1232074
too large size=847649
too large size=1230410
too large size=850227
too large size=1234122
too large size=847516
too large size=1230282
too large size=849164
too large size=1232714
too large size=848993
too large size=1232458
too large size=851470
too large size=1236042
too large size=849220
too large size=1232714
fillrandom   :      14.119 micros/op 141647 ops/sec;   36.7 MB/s
Microseconds per write:
Count: 10000000 Average: 14.1194  StdDev: 7.49
Min: 6  Median: 12.9932  Max: 11173
Percentiles: P50: 12.99 P75: 14.61 P99: 31.87 P99.9: 43.79 P99.99: 76.97
------------------------------------------------------
(       4,       6 ]       28   0.000%   0.000% 
(       6,      10 ]   372335   3.723%   3.724% #
(      10,      15 ]  7730206  77.302%  81.026% ###############
(      15,      22 ]  1431011  14.310%  95.336% ###
(      22,      34 ]   445548   4.455%  99.791% #
(      34,      51 ]    18870   0.189%  99.980% 
(      51,      76 ]      988   0.010%  99.990% 
(      76,     110 ]      491   0.005%  99.995% 
(     110,     170 ]      229   0.002%  99.997% 
(     170,     250 ]      115   0.001%  99.998% 
(     250,     380 ]       71   0.001%  99.999% 
(     380,     580 ]       23   0.000%  99.999% 
(     580,     870 ]       32   0.000%  99.999% 
(     870,    1300 ]       25   0.000% 100.000% 
(    1300,    1900 ]       10   0.000% 100.000% 
(    1900,    2900 ]       12   0.000% 100.000% 
(    2900,    4400 ]        4   0.000% 100.000% 
(    9900,   14000 ]        2   0.000% 100.000% 



** Compaction Stats [default] **
Level    Files   Size     Score Read(GB)  Rn(GB) Rnp1(GB) Write(GB) Wnew(GB) Moved(GB) W-Amp Rd(MB/s) Wr(MB/s) Comp(sec) CompMergeCPU(sec) Comp(cnt) Avg(sec) KeyIn KeyDrop
----------------------------------------------------------------------------------------------------------------------------------------------------------------------------
  L0      3/0   333.59 MB   0.8      0.0     0.0      0.0       2.5      2.5       0.0   1.0      0.0    273.3      9.34              8.52        23    0.406       0      0
  L5     64/0   511.76 MB   1.0      2.2     1.3      0.9       1.8      0.9       0.0   1.4    247.1    201.0      9.03              8.33         3    3.010   8252K  1539K
  L6    124/0   874.16 MB   0.0      2.1     1.3      0.9       1.7      0.9       0.0   1.4    239.5    193.4      9.04              8.39        52    0.174   8010K  1544K
 Sum    191/0    1.68 GB   0.0      4.3     2.6      1.7       6.0      4.2       0.0   2.4    160.4    223.1     27.42             25.24        78    0.351     16M  3083K
 Int      0/0    0.00 KB   0.0      4.3     2.6      1.7       6.0      4.2       0.0   2.4    160.4    223.1     27.42             25.24        78    0.351     16M  3083K

** Compaction Stats [default] **
Priority    Files   Size     Score Read(GB)  Rn(GB) Rnp1(GB) Write(GB) Wnew(GB) Moved(GB) W-Amp Rd(MB/s) Wr(MB/s) Comp(sec) CompMergeCPU(sec) Comp(cnt) Avg(sec) KeyIn KeyDrop
-------------------------------------------------------------------------------------------------------------------------------------------------------------------------------
 Low      0/0    0.00 KB   0.0      4.3     2.6      1.7       3.5      1.7       0.0   0.0    243.3    197.2     18.07             16.72        55    0.329     16M  3083K
High      0/0    0.00 KB   0.0      0.0     0.0      0.0       2.5      2.5       0.0   0.0      0.0    273.3      9.34              8.52        23    0.406       0      0
Uptime(secs): 70.6 total, 70.6 interval
Flush(GB): cumulative 2.494, interval 2.494
AddFile(GB): cumulative 0.000, interval 0.000
AddFile(Total Files): cumulative 0, interval 0
AddFile(L0 Files): cumulative 0, interval 0
AddFile(Keys): cumulative 0, interval 0
Cumulative compaction: 5.97 GB write, 86.64 MB/s write, 4.29 GB read, 62.29 MB/s read, 27.4 seconds
Interval compaction: 5.97 GB write, 86.65 MB/s write, 4.29 GB read, 62.29 MB/s read, 27.4 seconds
Stalls(count): 0 level0_slowdown, 0 level0_slowdown_with_compaction, 0 level0_numfiles, 0 level0_numfiles_with_compaction, 0 stop for pending_compaction_bytes, 0 slowdown for pending_compaction_bytes, 0 memtable_compaction, 0 memtable_slowdown, interval 0 total count

** File Read Latency Histogram By Level [default] **
** Level 0 read latency histogram (micros):
Count: 586510 Average: 1.8129  StdDev: 2.76
Min: 1  Median: 1.3019  Max: 935
Percentiles: P50: 1.30 P75: 1.68 P99: 2.97 P99.9: 13.82 P99.99: 39.18
------------------------------------------------------
[       0,       1 ]   176539  30.100%  30.100% ######
(       1,       2 ]   386557  65.908%  96.008% #############
(       2,       3 ]    18049   3.077%  99.085% #
(       3,       4 ]     1161   0.198%  99.283% 
(       4,       6 ]      588   0.100%  99.383% 
(       6,      10 ]     1565   0.267%  99.650% 
(      10,      15 ]     1918   0.327%  99.977% 
(      15,      22 ]       38   0.006%  99.984% 
(      22,      34 ]       33   0.006%  99.989% 
(      34,      51 ]       11   0.002%  99.991% 
(      51,      76 ]        3   0.001%  99.992% 
(     110,     170 ]        9   0.002%  99.993% 
(     170,     250 ]       30   0.005%  99.998% 
(     250,     380 ]        7   0.001% 100.000% 
(     870,    1300 ]        2   0.000% 100.000% 

** Level 5 read latency histogram (micros):
Count: 345600 Average: 1.7511  StdDev: 1.47
Min: 1  Median: 1.2118  Max: 88
Percentiles: P50: 1.21 P75: 1.64 P99: 3.15 P99.9: 21.07 P99.99: 50.52
------------------------------------------------------
[       0,       1 ]   130129  37.653%  37.653% ########
(       1,       2 ]   201481  58.299%  95.952% ############
(       2,       3 ]    10420   3.015%  98.967% #
(       3,       4 ]      781   0.226%  99.193% 
(       4,       6 ]      343   0.099%  99.292% 
(       6,      10 ]      843   0.244%  99.536% 
(      10,      15 ]     1169   0.338%  99.874% 
(      15,      22 ]      102   0.030%  99.904% 
(      22,      34 ]      142   0.041%  99.945% 
(      34,      51 ]      160   0.046%  99.991% 
(      51,      76 ]       29   0.008% 100.000% 
(      76,     110 ]        1   0.000% 100.000% 

** Level 6 read latency histogram (micros):
Count: 232289 Average: 1.7931  StdDev: 1.54
Min: 1  Median: 1.2417  Max: 69
Percentiles: P50: 1.24 P75: 1.66 P99: 3.81 P99.9: 24.45 P99.99: 50.36
------------------------------------------------------
[       0,       1 ]    82870  35.675%  35.675% #######
(       1,       2 ]   137658  59.262%  94.937% ############
(       2,       3 ]     8968   3.861%  98.798% #
(       3,       4 ]      578   0.249%  99.046% 
(       4,       6 ]      320   0.138%  99.184% 
(       6,      10 ]      737   0.317%  99.501% 
(      10,      15 ]      785   0.338%  99.839% 
(      15,      22 ]      115   0.050%  99.889% 
(      22,      34 ]      126   0.054%  99.943% 
(      34,      51 ]      113   0.049%  99.992% 
(      51,      76 ]       19   0.008% 100.000% 


** DB Stats **
Uptime(secs): 70.6 total, 70.6 interval
Cumulative writes: 10M writes, 10M keys, 9988K commit groups, 1.0 writes per commit group, ingest: 2.68 GB, 38.90 MB/s
Cumulative WAL: 10M writes, 0 syncs, 10000000.00 writes per sync, written: 2.68 GB, 38.90 MB/s
Cumulative stall: 00:00:0.000 H:M:S, 0.0 percent
Interval writes: 10M writes, 10M keys, 9988K commit groups, 1.0 writes per commit group, ingest: 2746.45 MB, 38.90 MB/s
Interval WAL: 10M writes, 0 syncs, 10000000.00 writes per sync, written: 2.68 MB, 38.90 MB/s
Interval stall: 00:00:0.000 H:M:S, 0.0 percent


Level Files Size(MB)
--------------------
  0        3      334
  1        0        0
  2        0        0
  3        0        0
  4        0        0
  5       64      512
  6      124      874


--- level 0 --- version# 79 ---
 528:116499829[9424227 .. 9853052]['00000000000000053030303030303030' seq:9793628, type:1 .. '00000000004C4B373030303030303030' seq:9733199, type:1](0)
 525:116813862[8994413 .. 9424226]['00000000000000023030303030303030' seq:9334226, type:1 .. '00000000004C4B343030303030303030' seq:9405467, type:1](0)
 435:116478675[8565795 .. 8994412]['00000000000000163030303030303030' seq:8799862, type:1 .. '00000000004C4B3B3030303030303030' seq:8691063, type:1](0)
--- level 1 --- version# 79 ---
--- level 2 --- version# 79 ---
--- level 3 --- version# 79 ---
--- level 4 --- version# 79 ---
--- level 5 --- version# 79 ---
 361:8542331[6852128 .. 8565772]['00000000000000003030303030303030' seq:7207963, type:1 .. '000000000001962B3030303030303030' seq:7529631, type:1](0)
 362:8542352[6852064 .. 8565766]['000000000001962C3030303030303030' seq:7184044, type:1 .. '0000000000032A493030303030303030' seq:7938744, type:1](0)
 363:8542216[3426669 .. 8565708]['0000000000032A4B3030303030303030' seq:7538398, type:1 .. '0000000000042DF03030303030303030' seq:7030531, type:1](0)
 364:8542158[3426785 .. 8565356]['0000000000042DF13030303030303030' seq:8298615, type:1 .. '000000000004E5B53030303030303030' seq:6097273, type:1](0)
 365:8542173[3426442 .. 8565750]['000000000004E5B73030303030303030' seq:7702147, type:1 .. '000000000005AB493030303030303030' seq:7884337, type:1](0)
 366:8542255[3426516 .. 8565720]['000000000005AB4A3030303030303030' seq:7876508, type:1 .. '000000000006D5F33030303030303030' seq:3604898, type:1](0)
 367:8542159[3426968 .. 8565725]['000000000006D5F43030303030303030' seq:6525383, type:1 .. '0000000000078DB43030303030303030' seq:8069555, type:1](0)
 369:8542157[3426724 .. 8565671]['00000000000844E43030303030303030' seq:4815414, type:1 .. '000000000008FBA23030303030303030' seq:3437764, type:1](0)
 370:8542164[3426381 .. 8565636]['000000000008FBA63030303030303030' seq:5881561, type:1 .. '000000000009B29C3030303030303030' seq:7816357, type:1](0)
 371:8542150[3426363 .. 8565773]['000000000009B29D3030303030303030' seq:4377393, type:1 .. '00000000000A698B3030303030303030' seq:7034186, type:1](0)
 372:8542155[3426557 .. 8565794]['00000000000A698C3030303030303030' seq:6215256, type:1 .. '00000000000B21283030303030303030' seq:3917280, type:1](0)
 375:8542157[3426348 .. 8565765]['00000000000C8EC23030303030303030' seq:4488249, type:1 .. '00000000000D463A3030303030303030' seq:5995715, type:1](0)
 376:8542151[3426499 .. 8565780]['00000000000D463C3030303030303030' seq:8468194, type:1 .. '00000000000DFD843030303030303030' seq:5853797, type:1](0)
 379:8542159[3426616 .. 8565792]['00000000000F6CC73030303030303030' seq:4441906, type:1 .. '00000000001022C43030303030303030' seq:3897874, type:1](0)
 380:8542147[3426722 .. 8565676]['00000000001022C53030303030303030' seq:8024793, type:1 .. '000000000010DB363030303030303030' seq:7567143, type:1](0)
 382:8542169[3426588 .. 8565716]['00000000001193723030303030303030' seq:7968076, type:1 .. '0000000000124B693030303030303030' seq:3874251, type:1](0)
 383:8542162[3426360 .. 8565695]['0000000000124B6A3030303030303030' seq:8123536, type:1 .. '000000000013023E3030303030303030' seq:5345505, type:1](0)
 384:8542154[3426872 .. 8565769]['000000000013023F3030303030303030' seq:5211528, type:1 .. '000000000013BA6F3030303030303030' seq:6689550, type:1](0)
 387:8542290[3427581 .. 8565759]['000000000015181E3030303030303030' seq:6815188, type:1 .. '000000000016631F3030303030303030' seq:7257301, type:1](0)
 388:8542350[6852045 .. 8565755]['00000000001663213030303030303030' seq:7948563, type:1 .. '000000000017F8413030303030303030' seq:8140128, type:1](0)
 389:8542360[6852105 .. 8565739]['000000000017F8423030303030303030' seq:8482159, type:1 .. '0000000000198E083030303030303030' seq:8370308, type:1](0)
 390:8542352[6852116 .. 8565723]['0000000000198E093030303030303030' seq:8054389, type:1 .. '00000000001B20FD3030303030303030' seq:8127545, type:1](0)
 391:8542367[6852057 .. 8565777]['00000000001B21003030303030303030' seq:7183691, type:1 .. '00000000001CB5A73030303030303030' seq:8210708, type:1](0)
 392:8542344[6852078 .. 8565758]['00000000001CB5A83030303030303030' seq:7528574, type:1 .. '00000000001E4D323030303030303030' seq:6985174, type:1](0)
 393:8542363[6852114 .. 8565715]['00000000001E4D343030303030303030' seq:8309123, type:1 .. '00000000001FE1A23030303030303030' seq:8250320, type:1](0)
 394:8542350[6852068 .. 8565763]['00000000001FE1A43030303030303030' seq:7350124, type:1 .. '00000000002175C53030303030303030' seq:7012360, type:1](0)
 395:8542256[3426352 .. 8565722]['00000000002175C93030303030303030' seq:8146262, type:1 .. '0000000000229C313030303030303030' seq:8016039, type:1](0)
 396:8542152[3426491 .. 8565529]['0000000000229C323030303030303030' seq:5436882, type:1 .. '00000000002353D43030303030303030' seq:7608962, type:1](0)
 398:4430179[3428418 .. 8565768]['0000000000240BBF3030303030303030' seq:5494478, type:1 .. '0000000000246B193030303030303030' seq:7554579, type:1](0)
 399:8542159[3426639 .. 8565687]['0000000000246B1A3030303030303030' seq:5892833, type:1 .. '000000000025235E3030303030303030' seq:7034525, type:1](0)
 402:8542171[3426417 .. 8565776]['00000000002692F33030303030303030' seq:6017634, type:1 .. '0000000000274A853030303030303030' seq:8021899, type:1](0)
 403:8542161[3426368 .. 8565746]['0000000000274A863030303030303030' seq:7266004, type:1 .. '00000000002802123030303030303030' seq:6556853, type:1](0)
 405:8542155[3426625 .. 8565789]['000000000028B9D23030303030303030' seq:8564898, type:1 .. '00000000002971FB3030303030303030' seq:7666346, type:1](0)
 406:8542162[3427192 .. 8565647]['00000000002971FC3030303030303030' seq:6326342, type:1 .. '00000000002A28763030303030303030' seq:5882759, type:1](0)
 407:8542148[3426436 .. 8565602]['00000000002A28773030303030303030' seq:6749934, type:1 .. '00000000002AE0233030303030303030' seq:6043088, type:1](0)
 408:8542163[3426570 .. 8565779]['00000000002AE0243030303030303030' seq:6270154, type:1 .. '00000000002B966B3030303030303030' seq:7511461, type:1](0)
 410:8542167[3426432 .. 8565744]['00000000002C4D743030303030303030' seq:4660805, type:1 .. '00000000002D053F3030303030303030' seq:7468601, type:1](0)
 411:8542166[3426521 .. 8565788]['00000000002D05403030303030303030' seq:7313078, type:1 .. '00000000002DBD6D3030303030303030' seq:6209189, type:1](0)
 412:8542149[3426412 .. 8565752]['00000000002DBD6F3030303030303030' seq:6938872, type:1 .. '00000000002E75103030303030303030' seq:4959635, type:1](0)
 415:8542149[3426402 .. 8565791]['00000000002FE3773030303030303030' seq:5461371, type:1 .. '00000000003099D33030303030303030' seq:4064320, type:1](0)
 416:8542159[3427188 .. 8565785]['00000000003099D53030303030303030' seq:3465322, type:1 .. '000000000031518D3030303030303030' seq:7341496, type:1](0)
 418:8542150[3426409 .. 8565741]['00000000003208833030303030303030' seq:6648842, type:1 .. '000000000032C0473030303030303030' seq:6679394, type:1](0)
 419:8542152[3426643 .. 8565778]['000000000032C0493030303030303030' seq:8001632, type:1 .. '00000000003377063030303030303030' seq:8527264, type:1](0)
 420:8542166[3426583 .. 8565787]['00000000003377073030303030303030' seq:7079376, type:1 .. '0000000000342E863030303030303030' seq:8173858, type:1](0)
 421:8542170[3426462 .. 8565754]['0000000000342E873030303030303030' seq:8234372, type:1 .. '000000000034E6023030303030303030' seq:8282953, type:1](0)
 424:8542160[3426394 .. 8565793]['000000000036551E3030303030303030' seq:7603272, type:1 .. '0000000000370CF53030303030303030' seq:6870023, type:1](0)
 425:8542154[3426580 .. 8565760]['0000000000370CF63030303030303030' seq:5348373, type:1 .. '000000000037C4203030303030303030' seq:6038129, type:1](0)
 428:8542160[3426767 .. 8565661]['000000000039321B3030303030303030' seq:5605984, type:1 .. '000000000039E8AE3030303030303030' seq:7324956, type:1](0)
 432:8542165[3426356 .. 8565541]['00000000003BD0593030303030303030' seq:7598009, type:1 .. '00000000003C86843030303030303030' seq:6272383, type:1](0)
 433:8542162[3426650 .. 8565782]['00000000003C86853030303030303030' seq:6511214, type:1 .. '00000000003D3D043030303030303030' seq:6368048, type:1](0)
 438:8542160[3426663 .. 8565783]['00000000003EAC8B3030303030303030' seq:4472105, type:1 .. '00000000003F63FC3030303030303030' seq:6727902, type:1](0)
 439:8542153[3426429 .. 8565707]['00000000003F63FD3030303030303030' seq:6976428, type:1 .. '0000000000401BF73030303030303030' seq:5401668, type:1](0)
 441:8542165[3426562 .. 8565771]['000000000040D2DC3030303030303030' seq:7728810, type:1 .. '0000000000418AA43030303030303030' seq:7472827, type:1](0)
 442:8542156[3426427 .. 8565638]['0000000000418AA53030303030303030' seq:7669420, type:1 .. '000000000042417F3030303030303030' seq:6999277, type:1](0)
 443:8542148[3426770 .. 8565678]['00000000004241803030303030303030' seq:6950002, type:1 .. '000000000042F9BE3030303030303030' seq:6617764, type:1](0)
 444:8542150[3426678 .. 8565500]['000000000042F9BF3030303030303030' seq:7686153, type:1 .. '000000000043B0EB3030303030303030' seq:6947703, type:1](0)
 447:8542171[3426393 .. 8565784]['000000000045208A3030303030303030' seq:4848846, type:1 .. '000000000045D7A53030303030303030' seq:6757850, type:1](0)
 448:8542172[3426418 .. 8565698]['000000000045D7A83030303030303030' seq:7831419, type:1 .. '0000000000468EB13030303030303030' seq:5871853, type:1](0)
 450:8542161[3426515 .. 8565496]['000000000047454C3030303030303030' seq:4574453, type:1 .. '000000000047FCAB3030303030303030' seq:8036777, type:1](0)
 451:8542149[3426343 .. 8565767]['000000000047FCAC3030303030303030' seq:4534657, type:1 .. '000000000048B4173030303030303030' seq:3765128, type:1](0)
 452:8542155[3426447 .. 8565588]['000000000048B41A3030303030303030' seq:7511799, type:1 .. '0000000000496AD43030303030303030' seq:4085900, type:1](0)
 453:8542144[3426464 .. 8565732]['0000000000496AD63030303030303030' seq:3941220, type:1 .. '00000000004A21B13030303030303030' seq:4362083, type:1](0)
 455:8542266[3426967 .. 8565786]['00000000004AD8763030303030303030' seq:5527561, type:1 .. '00000000004C10183030303030303030' seq:7778036, type:1](0)
 456:2574404[3426358 .. 8565436]['00000000004C10203030303030303030' seq:7589414, type:1 .. '00000000004C4B3F3030303030303030' seq:4517036, type:1](0)
--- level 6 --- version# 79 ---
 309:8542137[0 .. 0]['00000000000000003030303030303030' seq:0, type:1 .. '0000000000009D583030303030303030' seq:0, type:1](0)
 322:8542145[0 .. 0]['0000000000009D5B3030303030303030' seq:0, type:1 .. '0000000000013B7F3030303030303030' seq:0, type:1](0)
 323:8542138[0 .. 0]['0000000000013B803030303030303030' seq:0, type:1 .. '000000000001D9C73030303030303030' seq:0, type:1](0)
 325:8542141[0 .. 0]['000000000001D9C83030303030303030' seq:0, type:1 .. '00000000000277753030303030303030' seq:0, type:1](0)
 327:8542137[0 .. 0]['00000000000277763030303030303030' seq:0, type:1 .. '00000000000315EB3030303030303030' seq:0, type:1](0)
 328:8542126[0 .. 0]['00000000000315EC3030303030303030' seq:0, type:1 .. '000000000003B3373030303030303030' seq:0, type:1](0)
 329:158806[0 .. 0]['000000000003B3383030303030303030' seq:0, type:1 .. '000000000003B6A93030303030303030' seq:0, type:1](0)
 76:8542201[0 .. 0]['000000000003B6AA3030303030303030' seq:0, type:1 .. '000000000004A2793030303030303030' seq:0, type:1](0)
 77:8542198[0 .. 0]['000000000004A27B3030303030303030' seq:0, type:1 .. '0000000000058FCF3030303030303030' seq:0, type:1](0)
 307:8542138[0 .. 0]['0000000000058FD03030303030303030' seq:0, type:1 .. '0000000000062E143030303030303030' seq:0, type:1](0)
 308:4310759[0 .. 0]['0000000000062E153030303030303030' seq:0, type:1 .. '0000000000067E3C3030303030303030' seq:0, type:1](0)
 79:8542202[0 .. 0]['0000000000067E3E3030303030303030' seq:0, type:1 .. '00000000000769D33030303030303030' seq:0, type:1](0)
 487:8542154[0 .. 0]['00000000000769D43030303030303030' seq:0, type:1 .. '00000000000808483030303030303030' seq:0, type:1](0)
 488:4304341[0 .. 0]['00000000000808493030303030303030' seq:0, type:1 .. '000000000008581E3030303030303030' seq:0, type:1](0)
 81:8542204[0 .. 0]['00000000000858223030303030303030' seq:0, type:1 .. '00000000000945073030303030303030' seq:0, type:1](0)
 82:8542210[0 .. 0]['00000000000945083030303030303030' seq:0, type:1 .. '00000000000A32953030303030303030' seq:0, type:1](0)
 83:8542197[0 .. 0]['00000000000A32963030303030303030' seq:0, type:1 .. '00000000000B1E8C3030303030303030' seq:0, type:1](0)
 493:8542118[0 .. 0]['00000000000B1E8F3030303030303030' seq:0, type:1 .. '00000000000BAEF53030303030303030' seq:0, type:1](0)
 499:8542121[0 .. 0]['00000000000BAEF63030303030303030' seq:0, type:1 .. '00000000000C3E0D3030303030303030' seq:0, type:1](0)
 500:8541013[0 .. 0]['00000000000C3E0E3030303030303030' seq:0, type:1 .. '00000000000CF60C3030303030303030' seq:0, type:1](0)
 86:8542197[0 .. 0]['00000000000CF60E3030303030303030' seq:0, type:1 .. '00000000000DE2FD3030303030303030' seq:0, type:1](0)
 489:8542132[0 .. 0]['00000000000DE2FE3030303030303030' seq:0, type:1 .. '00000000000E7DD93030303030303030' seq:0, type:1](0)
 510:8542137[0 .. 0]['00000000000E7DDA3030303030303030' seq:0, type:1 .. '00000000000F0DB13030303030303030' seq:0, type:1](0)
 511:8542135[0 .. 0]['00000000000F0DB23030303030303030' seq:0, type:1 .. '00000000000FBCDF3030303030303030' seq:0, type:1](0)
 512:73801[0 .. 0]['00000000000FBCE03030303030303030' seq:0, type:1 .. '00000000000FBED43030303030303030' seq:0, type:1](0)
 89:8542197[0 .. 0]['00000000000FBED53030303030303030' seq:0, type:1 .. '000000000010ACEB3030303030303030' seq:0, type:1](0)
 473:8542144[0 .. 0]['000000000010ACEC3030303030303030' seq:0, type:1 .. '0000000000114F083030303030303030' seq:0, type:1](0)
 474:4305988[0 .. 0]['0000000000114F093030303030303030' seq:0, type:1 .. '0000000000119A7B3030303030303030' seq:0, type:1](0)
 91:8542205[0 .. 0]['0000000000119A7E3030303030303030' seq:0, type:1 .. '000000000012868E3030303030303030' seq:0, type:1](0)
 92:8542204[0 .. 0]['000000000012868F3030303030303030' seq:0, type:1 .. '000000000013737E3030303030303030' seq:0, type:1](0)
 495:8542142[0 .. 0]['000000000013737F3030303030303030' seq:0, type:1 .. '0000000000141EEE3030303030303030' seq:0, type:1](0)
 496:3902046[0 .. 0]['0000000000141EEF3030303030303030' seq:0, type:1 .. '00000000001460CF3030303030303030' seq:0, type:1](0)
 467:8542112[0 .. 0]['00000000001460D03030303030303030' seq:0, type:1 .. '000000000014F0543030303030303030' seq:0, type:1](0)
 468:4280814[0 .. 0]['000000000014F0553030303030303030' seq:0, type:1 .. '0000000000154D4D3030303030303030' seq:0, type:1](0)
 313:8542135[0 .. 0]['0000000000154D4E3030303030303030' seq:0, type:1 .. '000000000015EE1B3030303030303030' seq:0, type:1](0)
 314:4177524[0 .. 0]['000000000015EE1E3030303030303030' seq:0, type:1 .. '0000000000163B7E3030303030303030' seq:0, type:1](0)
 311:8542132[0 .. 0]['0000000000163B7F3030303030303030' seq:0, type:1 .. '000000000016D7FA3030303030303030' seq:0, type:1](0)
 317:8542131[0 .. 0]['000000000016D7FB3030303030303030' seq:0, type:1 .. '00000000001775503030303030303030' seq:0, type:1](0)
 318:8542147[0 .. 0]['00000000001775543030303030303030' seq:0, type:1 .. '00000000001813043030303030303030' seq:0, type:1](0)
 320:8542126[0 .. 0]['00000000001813053030303030303030' seq:0, type:1 .. '000000000018B1013030303030303030' seq:0, type:1](0)
 330:8542142[0 .. 0]['000000000018B1053030303030303030' seq:0, type:1 .. '0000000000194E2D3030303030303030' seq:0, type:1](0)
 331:8542142[0 .. 0]['0000000000194E2E3030303030303030' seq:0, type:1 .. '000000000019EC093030303030303030' seq:0, type:1](0)
 333:8542134[0 .. 0]['000000000019EC0B3030303030303030' seq:0, type:1 .. '00000000001A89AF3030303030303030' seq:0, type:1](0)
 335:8542143[0 .. 0]['00000000001A89B03030303030303030' seq:0, type:1 .. '00000000001B27B53030303030303030' seq:0, type:1](0)
 336:8542146[0 .. 0]['00000000001B27B63030303030303030' seq:0, type:1 .. '00000000001BC5BA3030303030303030' seq:0, type:1](0)
 338:8542122[0 .. 0]['00000000001BC5BB3030303030303030' seq:0, type:1 .. '00000000001C62F63030303030303030' seq:0, type:1](0)
 340:8542139[0 .. 0]['00000000001C62F83030303030303030' seq:0, type:1 .. '00000000001D00443030303030303030' seq:0, type:1](0)
 341:8542131[0 .. 0]['00000000001D00453030303030303030' seq:0, type:1 .. '00000000001D9D713030303030303030' seq:0, type:1](0)
 343:8542133[0 .. 0]['00000000001D9D723030303030303030' seq:0, type:1 .. '00000000001E3B823030303030303030' seq:0, type:1](0)
 345:8542130[0 .. 0]['00000000001E3B833030303030303030' seq:0, type:1 .. '00000000001ED9C63030303030303030' seq:0, type:1](0)
 346:8542137[0 .. 0]['00000000001ED9C73030303030303030' seq:0, type:1 .. '00000000001F77243030303030303030' seq:0, type:1](0)
 348:8542139[0 .. 0]['00000000001F77253030303030303030' seq:0, type:1 .. '00000000002015113030303030303030' seq:0, type:1](0)
 350:8542131[0 .. 0]['00000000002015123030303030303030' seq:0, type:1 .. '000000000020B2E73030303030303030' seq:0, type:1](0)
 351:8542133[0 .. 0]['000000000020B2E83030303030303030' seq:0, type:1 .. '00000000002150063030303030303030' seq:0, type:1](0)
 353:8542129[0 .. 0]['00000000002150093030303030303030' seq:0, type:1 .. '000000000021EDFA3030303030303030' seq:0, type:1](0)
 354:4718496[0 .. 0]['000000000021EDFB3030303030303030' seq:0, type:1 .. '000000000022471B3030303030303030' seq:0, type:1](0)
 109:8542209[0 .. 0]['000000000022471C3030303030303030' seq:0, type:1 .. '000000000023356C3030303030303030' seq:0, type:1](0)
 475:8542122[0 .. 0]['000000000023356D3030303030303030' seq:0, type:1 .. '000000000023D1303030303030303030' seq:0, type:1](0)
 476:4313435[0 .. 0]['000000000023D1313030303030303030' seq:0, type:1 .. '00000000002422B23030303030303030' seq:0, type:1](0)
 111:8542182[0 .. 0]['00000000002422B33030303030303030' seq:0, type:1 .. '0000000000250F4D3030303030303030' seq:0, type:1](0)
 481:8542125[0 .. 0]['0000000000250F4E3030303030303030' seq:0, type:1 .. '000000000025A6C03030303030303030' seq:0, type:1](0)
 504:8542117[0 .. 0]['000000000025A6C33030303030303030' seq:0, type:1 .. '00000000002636E13030303030303030' seq:0, type:1](0)
 505:8542142[0 .. 0]['00000000002636E33030303030303030' seq:0, type:1 .. '000000000026E88B3030303030303030' seq:0, type:1](0)
 506:39744[0 .. 0]['000000000026E88C3030303030303030' seq:0, type:1 .. '000000000026E99B3030303030303030' seq:0, type:1](0)
 114:8542201[0 .. 0]['000000000026E99D3030303030303030' seq:0, type:1 .. '000000000027D7F43030303030303030' seq:0, type:1](0)
 479:8542144[0 .. 0]['000000000027D7F53030303030303030' seq:0, type:1 .. '000000000028781B3030303030303030' seq:0, type:1](0)
 480:4320455[0 .. 0]['000000000028781C3030303030303030' seq:0, type:1 .. '000000000028C5B53030303030303030' seq:0, type:1](0)
 116:8542211[0 .. 0]['000000000028C5B63030303030303030' seq:0, type:1 .. '000000000029B3EA3030303030303030' seq:0, type:1](0)
 117:8542206[0 .. 0]['000000000029B3EB3030303030303030' seq:0, type:1 .. '00000000002AA07D3030303030303030' seq:0, type:1](0)
 118:8542202[0 .. 0]['00000000002AA07E3030303030303030' seq:0, type:1 .. '00000000002B8F0D3030303030303030' seq:0, type:1](0)
 471:8542129[0 .. 0]['00000000002B8F113030303030303030' seq:0, type:1 .. '00000000002C21423030303030303030' seq:0, type:1](0)
 472:4330657[0 .. 0]['00000000002C21433030303030303030' seq:0, type:1 .. '00000000002C7C263030303030303030' seq:0, type:1](0)
 120:8542198[0 .. 0]['00000000002C7C2C3030303030303030' seq:0, type:1 .. '00000000002D69153030303030303030' seq:0, type:1](0)
 121:8542207[0 .. 0]['00000000002D69183030303030303030' seq:0, type:1 .. '00000000002E555E3030303030303030' seq:0, type:1](0)
 477:8542142[0 .. 0]['00000000002E55623030303030303030' seq:0, type:1 .. '00000000002EF16F3030303030303030' seq:0, type:1](0)
 516:8542129[0 .. 0]['00000000002EF1703030303030303030' seq:0, type:1 .. '00000000002F81233030303030303030' seq:0, type:1](0)
 517:8542148[0 .. 0]['00000000002F81243030303030303030' seq:0, type:1 .. '0000000000302E463030303030303030' seq:0, type:1](0)
 518:119162[0 .. 0]['0000000000302E473030303030303030' seq:0, type:1 .. '00000000003031E43030303030303030' seq:0, type:1](0)
 124:8542205[0 .. 0]['00000000003031E53030303030303030' seq:0, type:1 .. '0000000000311F313030303030303030' seq:0, type:1](0)
 483:8542131[0 .. 0]['0000000000311F323030303030303030' seq:0, type:1 .. '000000000031C28A3030303030303030' seq:0, type:1](0)
 484:4307157[0 .. 0]['000000000031C28B3030303030303030' seq:0, type:1 .. '0000000000320C363030303030303030' seq:0, type:1](0)
 126:8542207[0 .. 0]['0000000000320C383030303030303030' seq:0, type:1 .. '000000000032F9FC3030303030303030' seq:0, type:1](0)
 127:8542204[0 .. 0]['000000000032F9FD3030303030303030' seq:0, type:1 .. '000000000033E4DA3030303030303030' seq:0, type:1](0)
 128:8542203[0 .. 0]['000000000033E4DC3030303030303030' seq:0, type:1 .. '000000000034D24F3030303030303030' seq:0, type:1](0)
 465:8542140[0 .. 0]['000000000034D2503030303030303030' seq:0, type:1 .. '00000000003569E33030303030303030' seq:0, type:1](0)
 522:8542122[0 .. 0]['00000000003569E43030303030303030' seq:0, type:1 .. '000000000035F9963030303030303030' seq:0, type:1](0)
 523:8542146[0 .. 0]['000000000035F9973030303030303030' seq:0, type:1 .. '000000000036AC5E3030303030303030' seq:0, type:1](0)
 526:63556[0 .. 0]['000000000036AC5F3030303030303030' seq:0, type:1 .. '000000000036ADFE3030303030303030' seq:0, type:1](0)
 131:8542209[0 .. 0]['000000000036AE003030303030303030' seq:0, type:1 .. '0000000000379A413030303030303030' seq:0, type:1](0)
 485:8542135[0 .. 0]['0000000000379A423030303030303030' seq:0, type:1 .. '0000000000383A743030303030303030' seq:0, type:1](0)
 501:8542128[0 .. 0]['0000000000383A753030303030303030' seq:0, type:1 .. '000000000038CA603030303030303030' seq:0, type:1](0)
 502:8542148[0 .. 0]['000000000038CA633030303030303030' seq:0, type:1 .. '00000000003973873030303030303030' seq:0, type:1](0)
 503:63834[0 .. 0]['00000000003973883030303030303030' seq:0, type:1 .. '00000000003975483030303030303030' seq:0, type:1](0)
 497:8542166[0 .. 0]['000000000039754A3030303030303030' seq:0, type:1 .. '00000000003A32B13030303030303030' seq:0, type:1](0)
 498:2878587[0 .. 0]['00000000003A32B23030303030303030' seq:0, type:1 .. '00000000003A62AF3030303030303030' seq:0, type:1](0)
 461:8542136[0 .. 0]['00000000003A62B13030303030303030' seq:0, type:1 .. '00000000003AF2BC3030303030303030' seq:0, type:1](0)
 507:8542118[0 .. 0]['00000000003AF2BD3030303030303030' seq:0, type:1 .. '00000000003B81E73030303030303030' seq:0, type:1](0)
 508:8542162[0 .. 0]['00000000003B81E83030303030303030' seq:0, type:1 .. '00000000003C3A0D3030303030303030' seq:0, type:1](0)
 509:40575[0 .. 0]['00000000003C3A0E3030303030303030' seq:0, type:1 .. '00000000003C3B183030303030303030' seq:0, type:1](0)
 139:8542210[0 .. 0]['00000000003C3B193030303030303030' seq:0, type:1 .. '00000000003D28433030303030303030' seq:0, type:1](0)
 491:8542129[0 .. 0]['00000000003D28463030303030303030' seq:0, type:1 .. '00000000003DBFF93030303030303030' seq:0, type:1](0)
 513:8542125[0 .. 0]['00000000003DBFFA3030303030303030' seq:0, type:1 .. '00000000003E4F173030303030303030' seq:0, type:1](0)
 514:8542144[0 .. 0]['00000000003E4F183030303030303030' seq:0, type:1 .. '00000000003F00533030303030303030' seq:0, type:1](0)
 515:69871[0 .. 0]['00000000003F00553030303030303030' seq:0, type:1 .. '00000000003F02423030303030303030' seq:0, type:1](0)
 142:8542204[0 .. 0]['00000000003F02433030303030303030' seq:0, type:1 .. '00000000003FEE2C3030303030303030' seq:0, type:1](0)
 469:8542140[0 .. 0]['00000000003FEE2F3030303030303030' seq:0, type:1 .. '0000000000408F283030303030303030' seq:0, type:1](0)
 470:4312468[0 .. 0]['0000000000408F293030303030303030' seq:0, type:1 .. '000000000040D9CB3030303030303030' seq:0, type:1](0)
 144:8542205[0 .. 0]['000000000040D9CE3030303030303030' seq:0, type:1 .. '000000000041C9DE3030303030303030' seq:0, type:1](0)
 145:8542213[0 .. 0]['000000000041C9DF3030303030303030' seq:0, type:1 .. '000000000042B7593030303030303030' seq:0, type:1](0)
 146:8542209[0 .. 0]['000000000042B75A3030303030303030' seq:0, type:1 .. '000000000043A31E3030303030303030' seq:0, type:1](0)
 459:8542132[0 .. 0]['000000000043A31F3030303030303030' seq:0, type:1 .. '00000000004438163030303030303030' seq:0, type:1](0)
 519:8542123[0 .. 0]['00000000004438173030303030303030' seq:0, type:1 .. '000000000044C74F3030303030303030' seq:0, type:1](0)
 520:8542157[0 .. 0]['000000000044C7503030303030303030' seq:0, type:1 .. '000000000045793B3030303030303030' seq:0, type:1](0)
 521:83997[0 .. 0]['000000000045793C3030303030303030' seq:0, type:1 .. '0000000000457B7A3030303030303030' seq:0, type:1](0)
 149:8542200[0 .. 0]['0000000000457B7D3030303030303030' seq:0, type:1 .. '00000000004668E23030303030303030' seq:0, type:1](0)
 463:8542134[0 .. 0]['00000000004668E53030303030303030' seq:0, type:1 .. '000000000047073F3030303030303030' seq:0, type:1](0)
 464:4351413[0 .. 0]['00000000004707403030303030303030' seq:0, type:1 .. '00000000004757513030303030303030' seq:0, type:1](0)
 151:8542203[0 .. 0]['00000000004757533030303030303030' seq:0, type:1 .. '00000000004845063030303030303030' seq:0, type:1](0)
 152:8542216[0 .. 0]['00000000004845093030303030303030' seq:0, type:1 .. '00000000004932823030303030303030' seq:0, type:1](0)
 153:8542203[0 .. 0]['00000000004932833030303030303030' seq:0, type:1 .. '00000000004A208A3030303030303030' seq:0, type:1](0)
 457:8542132[0 .. 0]['00000000004A208C3030303030303030' seq:0, type:1 .. '00000000004AB09B3030303030303030' seq:0, type:1](0)
 458:4278266[0 .. 0]['00000000004AB09C3030303030303030' seq:0, type:1 .. '00000000004B0D033030303030303030' seq:0, type:1](0)
 315:8542145[0 .. 0]['00000000004B0D043030303030303030' seq:0, type:1 .. '00000000004BB4A93030303030303030' seq:0, type:1](0)
 316:7142717[0 .. 0]['00000000004BB4AB3030303030303030' seq:0, type:1 .. '00000000004C4B3E3030303030303030' seq:0, type:1](0)

STATISTICS:
rocksdb.block.cache.miss COUNT : 0
rocksdb.block.cache.hit COUNT : 0
rocksdb.block.cache.add COUNT : 0
rocksdb.block.cache.add.failures COUNT : 0
rocksdb.block.cache.index.miss COUNT : 0
rocksdb.block.cache.index.hit COUNT : 0
rocksdb.block.cache.index.add COUNT : 0
rocksdb.block.cache.index.bytes.insert COUNT : 0
rocksdb.block.cache.index.bytes.evict COUNT : 0
rocksdb.block.cache.filter.miss COUNT : 0
rocksdb.block.cache.filter.hit COUNT : 0
rocksdb.block.cache.filter.add COUNT : 0
rocksdb.block.cache.filter.bytes.insert COUNT : 0
rocksdb.block.cache.filter.bytes.evict COUNT : 0
rocksdb.block.cache.data.miss COUNT : 0
rocksdb.block.cache.data.hit COUNT : 0
rocksdb.block.cache.data.add COUNT : 0
rocksdb.block.cache.data.bytes.insert COUNT : 0
rocksdb.block.cache.bytes.read COUNT : 0
rocksdb.block.cache.bytes.write COUNT : 0
rocksdb.bloom.filter.useful COUNT : 0
rocksdb.bloom.filter.full.positive COUNT : 0
rocksdb.bloom.filter.full.true.positive COUNT : 0
rocksdb.bloom.filter.micros COUNT : 0
rocksdb.persistent.cache.hit COUNT : 0
rocksdb.persistent.cache.miss COUNT : 1163401
rocksdb.sim.block.cache.hit COUNT : 0
rocksdb.sim.block.cache.miss COUNT : 0
rocksdb.memtable.hit COUNT : 0
rocksdb.memtable.miss COUNT : 0
rocksdb.l0.hit COUNT : 0
rocksdb.l1.hit COUNT : 0
rocksdb.l2andup.hit COUNT : 0
rocksdb.compaction.key.drop.new COUNT : 3083751
rocksdb.compaction.key.drop.obsolete COUNT : 0
rocksdb.compaction.key.drop.range_del COUNT : 0
rocksdb.compaction.key.drop.user COUNT : 0
rocksdb.compaction.range_del.drop.obsolete COUNT : 0
rocksdb.compaction.optimized.del.drop.obsolete COUNT : 0
rocksdb.compaction.cancelled COUNT : 0
rocksdb.number.keys.written COUNT : 10000000
rocksdb.number.keys.read COUNT : 0
rocksdb.number.keys.updated COUNT : 0
rocksdb.bytes.written COUNT : 2879862780
rocksdb.bytes.read COUNT : 0
rocksdb.number.db.seek COUNT : 0
rocksdb.number.db.next COUNT : 0
rocksdb.number.db.prev COUNT : 0
rocksdb.number.db.seek.found COUNT : 0
rocksdb.number.db.next.found COUNT : 0
rocksdb.number.db.prev.found COUNT : 0
rocksdb.db.iter.bytes.read COUNT : 0
rocksdb.no.file.closes COUNT : 0
rocksdb.no.file.opens COUNT : 499
rocksdb.no.file.errors COUNT : 0
rocksdb.l0.slowdown.micros COUNT : 0
rocksdb.memtable.compaction.micros COUNT : 0
rocksdb.l0.num.files.stall.micros COUNT : 0
rocksdb.stall.micros COUNT : 0
rocksdb.db.mutex.wait.micros COUNT : 0
rocksdb.rate.limit.delay.millis COUNT : 0
rocksdb.num.iterators COUNT : 0
rocksdb.number.multiget.get COUNT : 0
rocksdb.number.multiget.keys.read COUNT : 0
rocksdb.number.multiget.bytes.read COUNT : 0
rocksdb.number.deletes.filtered COUNT : 0
rocksdb.number.merge.failures COUNT : 0
rocksdb.bloom.filter.prefix.checked COUNT : 0
rocksdb.bloom.filter.prefix.useful COUNT : 0
rocksdb.number.reseeks.iteration COUNT : 0
rocksdb.getupdatessince.calls COUNT : 0
rocksdb.block.cachecompressed.miss COUNT : 0
rocksdb.block.cachecompressed.hit COUNT : 0
rocksdb.block.cachecompressed.add COUNT : 0
rocksdb.block.cachecompressed.add.failures COUNT : 0
rocksdb.wal.synced COUNT : 0
rocksdb.wal.bytes COUNT : 2879862780
rocksdb.write.self COUNT : 9988565
rocksdb.write.other COUNT : 11435
rocksdb.write.timeout COUNT : 0
rocksdb.write.wal COUNT : 10000000
rocksdb.compact.read.bytes COUNT : 4595568074
rocksdb.compact.write.bytes COUNT : 3736633857
rocksdb.flush.write.bytes COUNT : 2677510446
rocksdb.number.direct.load.table.properties COUNT : 0
rocksdb.number.superversion_acquires COUNT : 0
rocksdb.number.superversion_releases COUNT : 0
rocksdb.number.superversion_cleanups COUNT : 0
rocksdb.number.block.compressed COUNT : 0
rocksdb.number.block.decompressed COUNT : 0
rocksdb.number.block.not_compressed COUNT : 0
rocksdb.merge.operation.time.nanos COUNT : 0
rocksdb.filter.operation.time.nanos COUNT : 0
rocksdb.row.cache.hit COUNT : 0
rocksdb.row.cache.miss COUNT : 0
rocksdb.read.amp.estimate.useful.bytes COUNT : 0
rocksdb.read.amp.total.read.bytes COUNT : 0
rocksdb.number.rate_limiter.drains COUNT : 0
rocksdb.number.iter.skip COUNT : 0
rocksdb.blobdb.num.put COUNT : 0
rocksdb.blobdb.num.write COUNT : 0
rocksdb.blobdb.num.get COUNT : 0
rocksdb.blobdb.num.multiget COUNT : 0
rocksdb.blobdb.num.seek COUNT : 0
rocksdb.blobdb.num.next COUNT : 0
rocksdb.blobdb.num.prev COUNT : 0
rocksdb.blobdb.num.keys.written COUNT : 0
rocksdb.blobdb.num.keys.read COUNT : 0
rocksdb.blobdb.bytes.written COUNT : 0
rocksdb.blobdb.bytes.read COUNT : 0
rocksdb.blobdb.write.inlined COUNT : 0
rocksdb.blobdb.write.inlined.ttl COUNT : 0
rocksdb.blobdb.write.blob COUNT : 0
rocksdb.blobdb.write.blob.ttl COUNT : 0
rocksdb.blobdb.blob.file.bytes.written COUNT : 0
rocksdb.blobdb.blob.file.bytes.read COUNT : 0
rocksdb.blobdb.blob.file.synced COUNT : 0
rocksdb.blobdb.blob.index.expired.count COUNT : 0
rocksdb.blobdb.blob.index.expired.size COUNT : 0
rocksdb.blobdb.blob.index.evicted.count COUNT : 0
rocksdb.blobdb.blob.index.evicted.size COUNT : 0
rocksdb.blobdb.gc.num.files COUNT : 0
rocksdb.blobdb.gc.num.new.files COUNT : 0
rocksdb.blobdb.gc.failures COUNT : 0
rocksdb.blobdb.gc.num.keys.overwritten COUNT : 0
rocksdb.blobdb.gc.num.keys.expired COUNT : 0
rocksdb.blobdb.gc.num.keys.relocated COUNT : 0
rocksdb.blobdb.gc.bytes.overwritten COUNT : 0
rocksdb.blobdb.gc.bytes.expired COUNT : 0
rocksdb.blobdb.gc.bytes.relocated COUNT : 0
rocksdb.blobdb.fifo.num.files.evicted COUNT : 0
rocksdb.blobdb.fifo.num.keys.evicted COUNT : 0
rocksdb.blobdb.fifo.bytes.evicted COUNT : 0
rocksdb.txn.overhead.mutex.prepare COUNT : 0
rocksdb.txn.overhead.mutex.old.commit.map COUNT : 0
rocksdb.txn.overhead.duplicate.key COUNT : 0
rocksdb.txn.overhead.mutex.snapshot COUNT : 0
rocksdb.number.multiget.keys.found COUNT : 0
rocksdb.num.iterator.created COUNT : 0
rocksdb.num.iterator.deleted COUNT : 0
rocksdb.block.cache.compression.dict.miss COUNT : 0
rocksdb.block.cache.compression.dict.hit COUNT : 0
rocksdb.block.cache.compression.dict.add COUNT : 0
rocksdb.block.cache.compression.dict.bytes.insert COUNT : 0
rocksdb.block.cache.compression.dict.bytes.evict COUNT : 0
rocksdb.db.get.micros P50 : 0.000000 P95 : 0.000000 P99 : 0.000000 P100 : 0.000000 COUNT : 0 SUM : 0
rocksdb.db.write.micros P50 : 12.722428 P95 : 21.297197 P99 : 31.314259 P100 : 4259.000000 COUNT : 10000000 SUM : 135153191
rocksdb.compaction.times.micros P50 : 71484.375000 P95 : 3016666.666667 P99 : 3803117.000000 P100 : 3803117.000000 COUNT : 55 SUM : 18072953
rocksdb.compaction.times.cpu_micros P50 : 66562.500000 P95 : 3016666.666667 P99 : 3516210.000000 P100 : 3516210.000000 COUNT : 55 SUM : 16717033
rocksdb.subcompaction.setup.times.micros P50 : 0.000000 P95 : 0.000000 P99 : 0.000000 P100 : 0.000000 COUNT : 0 SUM : 0
rocksdb.table.sync.micros P50 : 54194.000000 P95 : 54194.000000 P99 : 54194.000000 P100 : 54194.000000 COUNT : 23 SUM : 1176784
rocksdb.compaction.outfile.sync.micros P50 : 3664.872521 P95 : 5861.935484 P99 : 6537.548387 P100 : 42894.000000 COUNT : 476 SUM : 1981342
rocksdb.wal.file.sync.micros P50 : 0.000000 P95 : 0.000000 P99 : 0.000000 P100 : 0.000000 COUNT : 0 SUM : 0
rocksdb.manifest.file.sync.micros P50 : 122.272727 P95 : 190.000000 P99 : 638.000000 P100 : 755.000000 COUNT : 80 SUM : 10195
rocksdb.table.open.io.micros P50 : 294.200000 P95 : 580.604167 P99 : 821.787500 P100 : 1013.000000 COUNT : 499 SUM : 143603
rocksdb.db.multiget.micros P50 : 0.000000 P95 : 0.000000 P99 : 0.000000 P100 : 0.000000 COUNT : 0 SUM : 0
rocksdb.read.block.compaction.micros P50 : 0.000000 P95 : 0.000000 P99 : 0.000000 P100 : 0.000000 COUNT : 0 SUM : 0
rocksdb.read.block.get.micros P50 : 2.595040 P95 : 4.541468 P99 : 9.192873 P100 : 938.000000 COUNT : 1162902 SUM : 3957007
rocksdb.write.raw.block.micros P50 : 0.513620 P95 : 0.975877 P99 : 3.218540 P100 : 10193.000000 COUNT : 1618299 SUM : 4752060
rocksdb.l0.slowdown.count P50 : 0.000000 P95 : 0.000000 P99 : 0.000000 P100 : 0.000000 COUNT : 0 SUM : 0
rocksdb.memtable.compaction.count P50 : 0.000000 P95 : 0.000000 P99 : 0.000000 P100 : 0.000000 COUNT : 0 SUM : 0
rocksdb.num.files.stall.count P50 : 0.000000 P95 : 0.000000 P99 : 0.000000 P100 : 0.000000 COUNT : 0 SUM : 0
rocksdb.hard.rate.limit.delay.count P50 : 0.000000 P95 : 0.000000 P99 : 0.000000 P100 : 0.000000 COUNT : 0 SUM : 0
rocksdb.soft.rate.limit.delay.count P50 : 0.000000 P95 : 0.000000 P99 : 0.000000 P100 : 0.000000 COUNT : 0 SUM : 0
rocksdb.numfiles.in.singlecompaction P50 : 1.000000 P95 : 3.450000 P99 : 3.890000 P100 : 4.000000 COUNT : 55 SUM : 70
rocksdb.db.seek.micros P50 : 0.000000 P95 : 0.000000 P99 : 0.000000 P100 : 0.000000 COUNT : 0 SUM : 0
rocksdb.db.write.stall P50 : 0.000000 P95 : 0.000000 P99 : 0.000000 P100 : 0.000000 COUNT : 0 SUM : 0
rocksdb.sst.read.micros P50 : 1.265485 P95 : 1.987522 P99 : 3.033337 P100 : 935.000000 COUNT : 1164399 SUM : 2084984
rocksdb.num.subcompactions.scheduled P50 : 0.000000 P95 : 0.000000 P99 : 0.000000 P100 : 0.000000 COUNT : 0 SUM : 0
rocksdb.bytes.per.read P50 : 0.000000 P95 : 0.000000 P99 : 0.000000 P100 : 0.000000 COUNT : 0 SUM : 0
rocksdb.bytes.per.write P50 : 315.074498 P95 : 373.641546 P99 : 378.847506 P100 : 564.000000 COUNT : 9988565 SUM : 2879862780
rocksdb.bytes.per.multiget P50 : 0.000000 P95 : 0.000000 P99 : 0.000000 P100 : 0.000000 COUNT : 0 SUM : 0
rocksdb.bytes.compressed P50 : 0.000000 P95 : 0.000000 P99 : 0.000000 P100 : 0.000000 COUNT : 0 SUM : 0
rocksdb.bytes.decompressed P50 : 0.000000 P95 : 0.000000 P99 : 0.000000 P100 : 0.000000 COUNT : 0 SUM : 0
rocksdb.compression.times.nanos P50 : 0.000000 P95 : 0.000000 P99 : 0.000000 P100 : 0.000000 COUNT : 0 SUM : 0
rocksdb.decompression.times.nanos P50 : 0.000000 P95 : 0.000000 P99 : 0.000000 P100 : 0.000000 COUNT : 0 SUM : 0
rocksdb.read.num.merge_operands P50 : 0.000000 P95 : 0.000000 P99 : 0.000000 P100 : 0.000000 COUNT : 0 SUM : 0
rocksdb.blobdb.key.size P50 : 0.000000 P95 : 0.000000 P99 : 0.000000 P100 : 0.000000 COUNT : 0 SUM : 0
rocksdb.blobdb.value.size P50 : 0.000000 P95 : 0.000000 P99 : 0.000000 P100 : 0.000000 COUNT : 0 SUM : 0
rocksdb.blobdb.write.micros P50 : 0.000000 P95 : 0.000000 P99 : 0.000000 P100 : 0.000000 COUNT : 0 SUM : 0
rocksdb.blobdb.get.micros P50 : 0.000000 P95 : 0.000000 P99 : 0.000000 P100 : 0.000000 COUNT : 0 SUM : 0
rocksdb.blobdb.multiget.micros P50 : 0.000000 P95 : 0.000000 P99 : 0.000000 P100 : 0.000000 COUNT : 0 SUM : 0
rocksdb.blobdb.seek.micros P50 : 0.000000 P95 : 0.000000 P99 : 0.000000 P100 : 0.000000 COUNT : 0 SUM : 0
rocksdb.blobdb.next.micros P50 : 0.000000 P95 : 0.000000 P99 : 0.000000 P100 : 0.000000 COUNT : 0 SUM : 0
rocksdb.blobdb.prev.micros P50 : 0.000000 P95 : 0.000000 P99 : 0.000000 P100 : 0.000000 COUNT : 0 SUM : 0
rocksdb.blobdb.blob.file.write.micros P50 : 0.000000 P95 : 0.000000 P99 : 0.000000 P100 : 0.000000 COUNT : 0 SUM : 0
rocksdb.blobdb.blob.file.read.micros P50 : 0.000000 P95 : 0.000000 P99 : 0.000000 P100 : 0.000000 COUNT : 0 SUM : 0
rocksdb.blobdb.blob.file.sync.micros P50 : 0.000000 P95 : 0.000000 P99 : 0.000000 P100 : 0.000000 COUNT : 0 SUM : 0
rocksdb.blobdb.gc.micros P50 : 0.000000 P95 : 0.000000 P99 : 0.000000 P100 : 0.000000 COUNT : 0 SUM : 0
rocksdb.blobdb.compression.micros P50 : 0.000000 P95 : 0.000000 P99 : 0.000000 P100 : 0.000000 COUNT : 0 SUM : 0
rocksdb.blobdb.decompression.micros P50 : 0.000000 P95 : 0.000000 P99 : 0.000000 P100 : 0.000000 COUNT : 0 SUM : 0
rocksdb.db.flush.micros P50 : 444418.000000 P95 : 444418.000000 P99 : 444418.000000 P100 : 444418.000000 COUNT : 23 SUM : 9342067
rocksdb.sst.batch.size P50 : 0.000000 P95 : 0.000000 P99 : 0.000000 P100 : 0.000000 COUNT : 0 SUM : 0

