Initializing RocksDB Options from the specified file
Initializing RocksDB Options from command-line flags
Keys:       16 bytes each
Values:     256 bytes each (128 bytes after compression)
Entries:    5000000
Prefix:    0 bytes
Keys per prefix:    0
RawSize:    1297.0 MB (estimated)
FileSize:   686.6 MB (estimated)
Write rate: 0 bytes/second
Read rate: 0 ops/second
Compression: NoCompression
Compression sampling rate: 0
Memtablerep: skip_list
Perf Level: 5
WARNING: Assertions are enabled; benchmarks unnecessarily slow
------------------------------------------------
Initializing RocksDB Options from the specified file
Initializing RocksDB Options from command-line flags
DB path: [/home/zyh/480G/wp]
fillseq      :      12.373 micros/op 161626 ops/sec;   41.9 MB/s
Microseconds per write:
Count: 10000000 Average: 12.3732  StdDev: 7.59
Min: 5  Median: 12.3396  Max: 9906
Percentiles: P50: 12.34 P75: 13.89 P99: 30.09 P99.9: 33.93 P99.99: 49.70
------------------------------------------------------
(       4,       6 ]     1569   0.016%   0.016% 
(       6,      10 ]  1223172  12.232%  12.247% ##
(      10,      15 ]  8068182  80.682%  92.929% ################
(      15,      22 ]   417936   4.179%  97.109% #
(      22,      34 ]   280697   2.807%  99.916% #
(      34,      51 ]     8061   0.081%  99.996% 
(      51,      76 ]      138   0.001%  99.998% 
(      76,     110 ]       27   0.000%  99.998% 
(     110,     170 ]        8   0.000%  99.998% 
(     250,     380 ]       44   0.000%  99.998% 
(     380,     580 ]       12   0.000%  99.998% 
(     580,     870 ]       44   0.000%  99.999% 
(     870,    1300 ]       87   0.001% 100.000% 
(    1300,    1900 ]        7   0.000% 100.000% 
(    1900,    2900 ]        9   0.000% 100.000% 
(    2900,    4400 ]        3   0.000% 100.000% 
(    4400,    6600 ]        2   0.000% 100.000% 
(    6600,    9900 ]        1   0.000% 100.000% 
(    9900,   14000 ]        1   0.000% 100.000% 



** Compaction Stats [default] **
Level    Files   Size     Score Read(GB)  Rn(GB) Rnp1(GB) Write(GB) Wnew(GB) Moved(GB) W-Amp Rd(MB/s) Wr(MB/s) Comp(sec) CompMergeCPU(sec) Comp(cnt) Avg(sec) KeyIn KeyDrop
----------------------------------------------------------------------------------------------------------------------------------------------------------------------------
  L0      3/0   174.76 MB   0.8      0.0     0.0      0.0       1.3      1.3       0.0   1.0      0.0    279.7      4.78              4.35        23    0.208       0      0
  L5     57/0   463.70 MB   0.9      0.5     0.5      0.0       0.5      0.5       0.0   1.0    262.2    260.7      1.79              1.63         2    0.897   1739K   9607
  L6     86/0   695.43 MB   0.0      0.7     0.7      0.0       0.7      0.7       0.0   1.0    271.7    271.5      2.60              2.35         3    0.867   2615K   2194
 Sum    146/0    1.30 GB   0.0      1.1     1.1      0.0       2.5      2.4       0.0   1.9    128.3    273.7      9.18              8.32        28    0.328   4354K    11K
 Int      0/0    0.00 KB   0.0      1.1     1.1      0.0       2.5      2.4       0.0   1.9    128.3    273.7      9.18              8.32        28    0.328   4354K    11K

** Compaction Stats [default] **
Priority    Files   Size     Score Read(GB)  Rn(GB) Rnp1(GB) Write(GB) Wnew(GB) Moved(GB) W-Amp Rd(MB/s) Wr(MB/s) Comp(sec) CompMergeCPU(sec) Comp(cnt) Avg(sec) KeyIn KeyDrop
-------------------------------------------------------------------------------------------------------------------------------------------------------------------------------
 Low      0/0    0.00 KB   0.0      1.1     1.1      0.0       1.1      1.1       0.0   0.0    267.8    267.1      4.40              3.97         5    0.879   4354K    11K
High      0/0    0.00 KB   0.0      0.0     0.0      0.0       1.3      1.3       0.0   0.0      0.0    279.7      4.78              4.35        23    0.208       0      0
Uptime(secs): 61.9 total, 61.9 interval
Flush(GB): cumulative 1.306, interval 1.306
AddFile(GB): cumulative 0.000, interval 0.000
AddFile(Total Files): cumulative 0, interval 0
AddFile(L0 Files): cumulative 0, interval 0
AddFile(Keys): cumulative 0, interval 0
Cumulative compaction: 2.45 GB write, 40.59 MB/s write, 1.15 GB read, 19.03 MB/s read, 9.2 seconds
Interval compaction: 2.45 GB write, 40.59 MB/s write, 1.15 GB read, 19.03 MB/s read, 9.2 seconds
Stalls(count): 0 level0_slowdown, 0 level0_slowdown_with_compaction, 0 level0_numfiles, 0 level0_numfiles_with_compaction, 0 stop for pending_compaction_bytes, 0 slowdown for pending_compaction_bytes, 0 memtable_compaction, 0 memtable_slowdown, interval 0 total count

** File Read Latency Histogram By Level [default] **
** Level 0 read latency histogram (micros):
Count: 307179 Average: 1.4682  StdDev: 1.47
Min: 1  Median: 1.0000  Max: 141
Percentiles: P50: 1.00 P75: 1.35 P99: 2.56 P99.9: 14.24 P99.99: 68.37
------------------------------------------------------
[       0,       1 ]   190247  61.934%  61.934% ############
(       1,       2 ]   113389  36.913%  98.847% #######
(       2,       3 ]      849   0.276%  99.123% 
(       3,       4 ]      114   0.037%  99.160% 
(       4,       6 ]      302   0.098%  99.258% 
(       6,      10 ]      548   0.178%  99.437% 
(      10,      15 ]     1676   0.546%  99.982% 
(      15,      22 ]        7   0.002%  99.985% 
(      22,      34 ]        1   0.000%  99.985% 
(      51,      76 ]       22   0.007%  99.992% 
(      76,     110 ]       15   0.005%  99.997% 
(     110,     170 ]        9   0.003% 100.000% 

** Level 5 read latency histogram (micros):
Count: 1363 Average: 3.3103  StdDev: 4.58
Min: 0  Median: 1.6322  Max: 60
Percentiles: P50: 1.63 P75: 2.51 P99: 21.71 P99.9: 49.46 P99.99: 60.00
------------------------------------------------------
[       0,       1 ]      373  27.366%  27.366% #####
(       1,       2 ]      488  35.803%  63.169% #######
(       2,       3 ]      314  23.037%  86.207% #####
(       3,       4 ]       49   3.595%  89.802% #
(       4,       6 ]       12   0.880%  90.682% 
(       6,      10 ]       20   1.467%  92.150% 
(      10,      15 ]       56   4.109%  96.258% #
(      15,      22 ]       39   2.861%  99.120% #
(      22,      34 ]        7   0.514%  99.633% 
(      34,      51 ]        4   0.293%  99.927% 
(      51,      76 ]        1   0.073% 100.000% 

** Level 6 read latency histogram (micros):
Count: 3356 Average: 2.4154  StdDev: 4.33
Min: 1  Median: 1.0000  Max: 64
Percentiles: P50: 1.00 P75: 1.62 P99: 20.88 P99.9: 55.03 P99.99: 64.00
------------------------------------------------------
[       0,       1 ]     1767  52.652%  52.652% ###########
(       1,       2 ]     1211  36.085%  88.737% #######
(       2,       3 ]      125   3.725%  92.461% #
(       3,       4 ]       42   1.251%  93.713% 
(       4,       6 ]       20   0.596%  94.309% 
(       6,      10 ]       16   0.477%  94.785% 
(      10,      15 ]       91   2.712%  97.497% #
(      15,      22 ]       60   1.788%  99.285% 
(      22,      34 ]       13   0.387%  99.672% 
(      34,      51 ]        7   0.209%  99.881% 
(      51,      76 ]        4   0.119% 100.000% 


** DB Stats **
Uptime(secs): 61.9 total, 61.9 interval
Cumulative writes: 10M writes, 10M keys, 9982K commit groups, 1.0 writes per commit group, ingest: 2.68 GB, 44.39 MB/s
Cumulative WAL: 10M writes, 0 syncs, 10000000.00 writes per sync, written: 2.68 GB, 44.39 MB/s
Cumulative stall: 00:00:0.000 H:M:S, 0.0 percent
Interval writes: 10M writes, 10M keys, 9982K commit groups, 1.0 writes per commit group, ingest: 2746.38 MB, 44.39 MB/s
Interval WAL: 10M writes, 0 syncs, 10000000.00 writes per sync, written: 2.68 MB, 44.39 MB/s
Interval stall: 00:00:0.000 H:M:S, 0.0 percent


Level Files Size(MB)
--------------------
  0        3      175
  1        0        0
  2        0        0
  3        0        0
  4        0        0
  5       57      464
  6       86      695


--- level 0 --- version# 29 ---
 198:61134670[9425880 .. 9854277]['000000000047E7323030303030303030' seq:9425880, type:1 .. '00000000004B31883030303030303030' seq:9854277, type:1](0)
 196:61046792[8997912 .. 9425879]['000000000044A3853030303030303030' seq:8997912, type:1 .. '000000000047ECA43030303030303030' seq:9425879, type:1](0)
 194:61065479[8569942 .. 8997910]['0000000000415F2E3030303030303030' seq:8569942, type:1 .. '000000000044A8903030303030303030' seq:8997910, type:1](0)
--- level 1 --- version# 29 ---
--- level 2 --- version# 29 ---
--- level 3 --- version# 29 ---
--- level 4 --- version# 29 ---
--- level 5 --- version# 29 ---
 127:8542117[5142782 .. 5203132]['0000000000273A153030303030303030' seq:5142782, type:1 .. '000000000027AFC53030303030303030' seq:5203132, type:1](0)
 128:8546009[5203134 .. 5263417]['000000000027AFC63030303030303030' seq:5203134, type:1 .. '00000000002825843030303030303030' seq:5263417, type:1](0)
 129:8542118[5263419 .. 5323674]['00000000002825853030303030303030' seq:5263419, type:1 .. '0000000000289B353030303030303030' seq:5323674, type:1](0)
 130:8546008[5323676 .. 5383960]['0000000000289B363030303030303030' seq:5323676, type:1 .. '00000000002910F43030303030303030' seq:5383960, type:1](0)
 131:8542118[5383962 .. 5444215]['00000000002910F53030303030303030' seq:5383962, type:1 .. '00000000002986A53030303030303030' seq:5444215, type:1](0)
 132:8546010[5444217 .. 5504502]['00000000002986A63030303030303030' seq:5444217, type:1 .. '000000000029FC643030303030303030' seq:5504502, type:1](0)
 133:8542119[5504504 .. 5564759]['000000000029FC653030303030303030' seq:5504504, type:1 .. '00000000002A72153030303030303030' seq:5564759, type:1](0)
 134:8546009[5564761 .. 5625047]['00000000002A72163030303030303030' seq:5564761, type:1 .. '00000000002AE7D43030303030303030' seq:5625047, type:1](0)
 135:8542119[5625049 .. 5685305]['00000000002AE7D53030303030303030' seq:5625049, type:1 .. '00000000002B5D853030303030303030' seq:5685305, type:1](0)
 136:8546010[5685307 .. 5745591]['00000000002B5D863030303030303030' seq:5685307, type:1 .. '00000000002BD3443030303030303030' seq:5745591, type:1](0)
 137:8542118[5745593 .. 5805847]['00000000002BD3453030303030303030' seq:5745593, type:1 .. '00000000002C48F53030303030303030' seq:5805847, type:1](0)
 138:8546010[5805849 .. 5866133]['00000000002C48F63030303030303030' seq:5805849, type:1 .. '00000000002CBEB43030303030303030' seq:5866133, type:1](0)
 139:8542119[5866135 .. 5926391]['00000000002CBEB53030303030303030' seq:5866135, type:1 .. '00000000002D34653030303030303030' seq:5926391, type:1](0)
 140:8546010[5926393 .. 5986677]['00000000002D34663030303030303030' seq:5926393, type:1 .. '00000000002DAA243030303030303030' seq:5986677, type:1](0)
 141:8542118[5986679 .. 6046934]['00000000002DAA253030303030303030' seq:5986679, type:1 .. '00000000002E1FD53030303030303030' seq:6046934, type:1](0)
 142:8546010[6046936 .. 6107220]['00000000002E1FD63030303030303030' seq:6046936, type:1 .. '00000000002E95943030303030303030' seq:6107220, type:1](0)
 143:8542119[6107222 .. 6167477]['00000000002E95953030303030303030' seq:6107222, type:1 .. '00000000002F0B453030303030303030' seq:6167477, type:1](0)
 144:8546012[6167479 .. 6227761]['00000000002F0B463030303030303030' seq:6167479, type:1 .. '00000000002F81043030303030303030' seq:6227761, type:1](0)
 145:8542117[6227763 .. 6288018]['00000000002F81053030303030303030' seq:6227763, type:1 .. '00000000002FF6B53030303030303030' seq:6288018, type:1](0)
 146:8546013[6288020 .. 6348304]['00000000002FF6B63030303030303030' seq:6288020, type:1 .. '0000000000306C743030303030303030' seq:6348304, type:1](0)
 147:8542118[6348306 .. 6408562]['0000000000306C753030303030303030' seq:6348306, type:1 .. '000000000030E2253030303030303030' seq:6408562, type:1](0)
 148:8546012[6408564 .. 6468856]['000000000030E2263030303030303030' seq:6408564, type:1 .. '00000000003157E43030303030303030' seq:6468856, type:1](0)
 149:8542118[6468858 .. 6529122]['00000000003157E53030303030303030' seq:6468858, type:1 .. '000000000031CD953030303030303030' seq:6529122, type:1](0)
 150:8546011[6529124 .. 6589417]['000000000031CD963030303030303030' seq:6529124, type:1 .. '00000000003243543030303030303030' seq:6589417, type:1](0)
 151:8542118[6589419 .. 6649682]['00000000003243553030303030303030' seq:6589419, type:1 .. '000000000032B9053030303030303030' seq:6649682, type:1](0)
 152:8546010[6649684 .. 6709971]['000000000032B9063030303030303030' seq:6649684, type:1 .. '0000000000332EC43030303030303030' seq:6709971, type:1](0)
 153:8542118[6709973 .. 6770232]['0000000000332EC53030303030303030' seq:6709973, type:1 .. '000000000033A4753030303030303030' seq:6770232, type:1](0)
 154:8546011[6770234 .. 6830524]['000000000033A4763030303030303030' seq:6770234, type:1 .. '0000000000341A343030303030303030' seq:6830524, type:1](0)
 164:8542117[0 .. 0]['0000000000341A353030303030303030' seq:0, type:1 .. '0000000000348FE53030303030303030' seq:0, type:1](0)
 165:8546011[0 .. 0]['0000000000348FE63030303030303030' seq:0, type:1 .. '00000000003505A43030303030303030' seq:0, type:1](0)
 166:8542118[0 .. 0]['00000000003505A53030303030303030' seq:0, type:1 .. '0000000000357B553030303030303030' seq:0, type:1](0)
 167:8546010[0 .. 0]['0000000000357B563030303030303030' seq:0, type:1 .. '000000000035F1143030303030303030' seq:0, type:1](0)
 168:8542118[0 .. 0]['000000000035F1153030303030303030' seq:0, type:1 .. '00000000003666C53030303030303030' seq:0, type:1](0)
 169:8546010[0 .. 0]['00000000003666C63030303030303030' seq:0, type:1 .. '000000000036DC843030303030303030' seq:0, type:1](0)
 170:8542119[0 .. 0]['000000000036DC853030303030303030' seq:0, type:1 .. '00000000003752353030303030303030' seq:0, type:1](0)
 171:8546009[0 .. 0]['00000000003752363030303030303030' seq:0, type:1 .. '000000000037C7F43030303030303030' seq:0, type:1](0)
 172:8542119[0 .. 0]['000000000037C7F53030303030303030' seq:0, type:1 .. '0000000000383DA53030303030303030' seq:0, type:1](0)
 173:8546010[0 .. 0]['0000000000383DA63030303030303030' seq:0, type:1 .. '000000000038B3643030303030303030' seq:0, type:1](0)
 174:8542119[0 .. 0]['000000000038B3653030303030303030' seq:0, type:1 .. '00000000003929153030303030303030' seq:0, type:1](0)
 175:8546009[0 .. 0]['00000000003929163030303030303030' seq:0, type:1 .. '0000000000399ED43030303030303030' seq:0, type:1](0)
 176:8542119[0 .. 0]['0000000000399ED53030303030303030' seq:0, type:1 .. '00000000003A14853030303030303030' seq:0, type:1](0)
 177:8546010[0 .. 0]['00000000003A14863030303030303030' seq:0, type:1 .. '00000000003A8A443030303030303030' seq:0, type:1](0)
 178:8542117[0 .. 0]['00000000003A8A453030303030303030' seq:0, type:1 .. '00000000003AFFF53030303030303030' seq:0, type:1](0)
 179:8546011[0 .. 0]['00000000003AFFF63030303030303030' seq:0, type:1 .. '00000000003B75B43030303030303030' seq:0, type:1](0)
 180:8542118[0 .. 0]['00000000003B75B53030303030303030' seq:0, type:1 .. '00000000003BEB653030303030303030' seq:0, type:1](0)
 181:8546011[0 .. 0]['00000000003BEB663030303030303030' seq:0, type:1 .. '00000000003C61243030303030303030' seq:0, type:1](0)
 182:8542117[0 .. 0]['00000000003C61253030303030303030' seq:0, type:1 .. '00000000003CD6D53030303030303030' seq:0, type:1](0)
 183:8546011[0 .. 0]['00000000003CD6D63030303030303030' seq:0, type:1 .. '00000000003D4C943030303030303030' seq:0, type:1](0)
 184:8542118[0 .. 0]['00000000003D4C953030303030303030' seq:0, type:1 .. '00000000003DC2453030303030303030' seq:0, type:1](0)
 185:8546013[0 .. 0]['00000000003DC2463030303030303030' seq:0, type:1 .. '00000000003E38043030303030303030' seq:0, type:1](0)
 186:8542117[0 .. 0]['00000000003E38053030303030303030' seq:0, type:1 .. '00000000003EADB53030303030303030' seq:0, type:1](0)
 187:8546013[0 .. 0]['00000000003EADB63030303030303030' seq:0, type:1 .. '00000000003F23743030303030303030' seq:0, type:1](0)
 188:8542118[0 .. 0]['00000000003F23753030303030303030' seq:0, type:1 .. '00000000003F99253030303030303030' seq:0, type:1](0)
 189:8546012[0 .. 0]['00000000003F99263030303030303030' seq:0, type:1 .. '0000000000400EE43030303030303030' seq:0, type:1](0)
 190:8542118[0 .. 0]['0000000000400EE53030303030303030' seq:0, type:1 .. '00000000004084953030303030303030' seq:0, type:1](0)
 191:8546010[0 .. 0]['00000000004084963030303030303030' seq:0, type:1 .. '000000000040FA543030303030303030' seq:0, type:1](0)
 192:7752869[0 .. 0]['000000000040FA553030303030303030' seq:0, type:1 .. '00000000004165253030303030303030' seq:0, type:1](0)
--- level 6 --- version# 29 ---
 15:8546011[0 .. 0]['00000000000000003030303030303030' seq:0, type:1 .. '00000000000075BE3030303030303030' seq:0, type:1](0)
 16:8542118[0 .. 0]['00000000000075BF3030303030303030' seq:0, type:1 .. '000000000000EB6F3030303030303030' seq:0, type:1](0)
 17:8546011[0 .. 0]['000000000000EB703030303030303030' seq:0, type:1 .. '000000000001612E3030303030303030' seq:0, type:1](0)
 18:8542117[0 .. 0]['000000000001612F3030303030303030' seq:0, type:1 .. '000000000001D6DF3030303030303030' seq:0, type:1](0)
 19:8546011[0 .. 0]['000000000001D6E03030303030303030' seq:0, type:1 .. '0000000000024C9E3030303030303030' seq:0, type:1](0)
 20:8542118[0 .. 0]['0000000000024C9F3030303030303030' seq:0, type:1 .. '000000000002C24F3030303030303030' seq:0, type:1](0)
 21:8546009[0 .. 0]['000000000002C2503030303030303030' seq:0, type:1 .. '000000000003380E3030303030303030' seq:0, type:1](0)
 22:8542117[0 .. 0]['000000000003380F3030303030303030' seq:0, type:1 .. '000000000003ADBF3030303030303030' seq:0, type:1](0)
 23:8546009[0 .. 0]['000000000003ADC03030303030303030' seq:0, type:1 .. '000000000004237E3030303030303030' seq:0, type:1](0)
 24:8542118[0 .. 0]['000000000004237F3030303030303030' seq:0, type:1 .. '000000000004992F3030303030303030' seq:0, type:1](0)
 25:8546008[0 .. 0]['00000000000499303030303030303030' seq:0, type:1 .. '0000000000050EEE3030303030303030' seq:0, type:1](0)
 26:8542118[0 .. 0]['0000000000050EEF3030303030303030' seq:0, type:1 .. '000000000005849F3030303030303030' seq:0, type:1](0)
 27:8546010[0 .. 0]['00000000000584A03030303030303030' seq:0, type:1 .. '000000000005FA5E3030303030303030' seq:0, type:1](0)
 28:8542119[0 .. 0]['000000000005FA5F3030303030303030' seq:0, type:1 .. '000000000006700F3030303030303030' seq:0, type:1](0)
 29:8546009[0 .. 0]['00000000000670103030303030303030' seq:0, type:1 .. '000000000006E5CE3030303030303030' seq:0, type:1](0)
 30:8542119[0 .. 0]['000000000006E5CF3030303030303030' seq:0, type:1 .. '0000000000075B7F3030303030303030' seq:0, type:1](0)
 31:8546010[0 .. 0]['0000000000075B803030303030303030' seq:0, type:1 .. '000000000007D13E3030303030303030' seq:0, type:1](0)
 32:8542118[0 .. 0]['000000000007D13F3030303030303030' seq:0, type:1 .. '00000000000846EF3030303030303030' seq:0, type:1](0)
 33:8546010[0 .. 0]['00000000000846F03030303030303030' seq:0, type:1 .. '000000000008BCAE3030303030303030' seq:0, type:1](0)
 34:8542119[0 .. 0]['000000000008BCAF3030303030303030' seq:0, type:1 .. '000000000009325F3030303030303030' seq:0, type:1](0)
 35:8546010[0 .. 0]['00000000000932603030303030303030' seq:0, type:1 .. '000000000009A81E3030303030303030' seq:0, type:1](0)
 36:8542118[0 .. 0]['000000000009A81F3030303030303030' seq:0, type:1 .. '00000000000A1DCF3030303030303030' seq:0, type:1](0)
 37:8546010[0 .. 0]['00000000000A1DD03030303030303030' seq:0, type:1 .. '00000000000A938E3030303030303030' seq:0, type:1](0)
 38:8542119[0 .. 0]['00000000000A938F3030303030303030' seq:0, type:1 .. '00000000000B093F3030303030303030' seq:0, type:1](0)
 39:8546009[0 .. 0]['00000000000B09403030303030303030' seq:0, type:1 .. '00000000000B7EFE3030303030303030' seq:0, type:1](0)
 40:8542118[0 .. 0]['00000000000B7EFF3030303030303030' seq:0, type:1 .. '00000000000BF4AF3030303030303030' seq:0, type:1](0)
 41:8546011[0 .. 0]['00000000000BF4B03030303030303030' seq:0, type:1 .. '00000000000C6A6E3030303030303030' seq:0, type:1](0)
 42:8542118[0 .. 0]['00000000000C6A6F3030303030303030' seq:0, type:1 .. '00000000000CE01F3030303030303030' seq:0, type:1](0)
 52:8546010[0 .. 0]['00000000000CE0203030303030303030' seq:0, type:1 .. '00000000000D55DE3030303030303030' seq:0, type:1](0)
 53:8542118[0 .. 0]['00000000000D55DF3030303030303030' seq:0, type:1 .. '00000000000DCB8F3030303030303030' seq:0, type:1](0)
 54:8546011[0 .. 0]['00000000000DCB903030303030303030' seq:0, type:1 .. '00000000000E414E3030303030303030' seq:0, type:1](0)
 55:8542117[0 .. 0]['00000000000E414F3030303030303030' seq:0, type:1 .. '00000000000EB6FF3030303030303030' seq:0, type:1](0)
 56:8546012[0 .. 0]['00000000000EB7003030303030303030' seq:0, type:1 .. '00000000000F2CBE3030303030303030' seq:0, type:1](0)
 57:8542118[0 .. 0]['00000000000F2CBF3030303030303030' seq:0, type:1 .. '00000000000FA26F3030303030303030' seq:0, type:1](0)
 58:8546013[0 .. 0]['00000000000FA2703030303030303030' seq:0, type:1 .. '000000000010182E3030303030303030' seq:0, type:1](0)
 59:8542117[0 .. 0]['000000000010182F3030303030303030' seq:0, type:1 .. '0000000000108DDF3030303030303030' seq:0, type:1](0)
 60:8546013[0 .. 0]['0000000000108DE03030303030303030' seq:0, type:1 .. '000000000011039E3030303030303030' seq:0, type:1](0)
 61:8542118[0 .. 0]['000000000011039F3030303030303030' seq:0, type:1 .. '000000000011794F3030303030303030' seq:0, type:1](0)
 62:8546010[0 .. 0]['00000000001179503030303030303030' seq:0, type:1 .. '000000000011EF0E3030303030303030' seq:0, type:1](0)
 63:8542118[0 .. 0]['000000000011EF0F3030303030303030' seq:0, type:1 .. '00000000001264BF3030303030303030' seq:0, type:1](0)
 64:8546010[0 .. 0]['00000000001264C03030303030303030' seq:0, type:1 .. '000000000012DA7E3030303030303030' seq:0, type:1](0)
 65:8542119[0 .. 0]['000000000012DA7F3030303030303030' seq:0, type:1 .. '000000000013502F3030303030303030' seq:0, type:1](0)
 66:8546009[0 .. 0]['00000000001350303030303030303030' seq:0, type:1 .. '000000000013C5EE3030303030303030' seq:0, type:1](0)
 67:8542119[0 .. 0]['000000000013C5EF3030303030303030' seq:0, type:1 .. '0000000000143B9F3030303030303030' seq:0, type:1](0)
 68:8546010[0 .. 0]['0000000000143BA03030303030303030' seq:0, type:1 .. '000000000014B15E3030303030303030' seq:0, type:1](0)
 69:8542119[0 .. 0]['000000000014B15F3030303030303030' seq:0, type:1 .. '000000000015270F3030303030303030' seq:0, type:1](0)
 70:8546009[0 .. 0]['00000000001527103030303030303030' seq:0, type:1 .. '0000000000159CCE3030303030303030' seq:0, type:1](0)
 71:8542119[0 .. 0]['0000000000159CCF3030303030303030' seq:0, type:1 .. '000000000016127F3030303030303030' seq:0, type:1](0)
 72:8546010[0 .. 0]['00000000001612803030303030303030' seq:0, type:1 .. '000000000016883E3030303030303030' seq:0, type:1](0)
 73:8542117[0 .. 0]['000000000016883F3030303030303030' seq:0, type:1 .. '000000000016FDEF3030303030303030' seq:0, type:1](0)
 74:8546011[0 .. 0]['000000000016FDF03030303030303030' seq:0, type:1 .. '00000000001773AE3030303030303030' seq:0, type:1](0)
 75:8542118[0 .. 0]['00000000001773AF3030303030303030' seq:0, type:1 .. '000000000017E95F3030303030303030' seq:0, type:1](0)
 76:8546011[0 .. 0]['000000000017E9603030303030303030' seq:0, type:1 .. '0000000000185F1E3030303030303030' seq:0, type:1](0)
 77:8542117[0 .. 0]['0000000000185F1F3030303030303030' seq:0, type:1 .. '000000000018D4CF3030303030303030' seq:0, type:1](0)
 78:8546011[0 .. 0]['000000000018D4D03030303030303030' seq:0, type:1 .. '0000000000194A8E3030303030303030' seq:0, type:1](0)
 79:8542118[0 .. 0]['0000000000194A8F3030303030303030' seq:0, type:1 .. '000000000019C03F3030303030303030' seq:0, type:1](0)
 89:8546010[0 .. 0]['000000000019C0403030303030303030' seq:0, type:1 .. '00000000001A35FE3030303030303030' seq:0, type:1](0)
 90:8542118[0 .. 0]['00000000001A35FF3030303030303030' seq:0, type:1 .. '00000000001AABAF3030303030303030' seq:0, type:1](0)
 91:8546011[0 .. 0]['00000000001AABB03030303030303030' seq:0, type:1 .. '00000000001B216E3030303030303030' seq:0, type:1](0)
 92:8542118[0 .. 0]['00000000001B216F3030303030303030' seq:0, type:1 .. '00000000001B971F3030303030303030' seq:0, type:1](0)
 93:8546010[0 .. 0]['00000000001B97203030303030303030' seq:0, type:1 .. '00000000001C0CDE3030303030303030' seq:0, type:1](0)
 94:8542118[0 .. 0]['00000000001C0CDF3030303030303030' seq:0, type:1 .. '00000000001C828F3030303030303030' seq:0, type:1](0)
 95:8546010[0 .. 0]['00000000001C82903030303030303030' seq:0, type:1 .. '00000000001CF84E3030303030303030' seq:0, type:1](0)
 96:8542118[0 .. 0]['00000000001CF84F3030303030303030' seq:0, type:1 .. '00000000001D6DFF3030303030303030' seq:0, type:1](0)
 97:8546011[0 .. 0]['00000000001D6E003030303030303030' seq:0, type:1 .. '00000000001DE3BE3030303030303030' seq:0, type:1](0)
 98:8542119[0 .. 0]['00000000001DE3BF3030303030303030' seq:0, type:1 .. '00000000001E596F3030303030303030' seq:0, type:1](0)
 99:8546012[0 .. 0]['00000000001E59703030303030303030' seq:0, type:1 .. '00000000001ECF2E3030303030303030' seq:0, type:1](0)
 100:8542118[0 .. 0]['00000000001ECF2F3030303030303030' seq:0, type:1 .. '00000000001F44DF3030303030303030' seq:0, type:1](0)
 101:8546012[0 .. 0]['00000000001F44E03030303030303030' seq:0, type:1 .. '00000000001FBA9E3030303030303030' seq:0, type:1](0)
 102:8542119[0 .. 0]['00000000001FBA9F3030303030303030' seq:0, type:1 .. '000000000020304F3030303030303030' seq:0, type:1](0)
 103:8546010[0 .. 0]['00000000002030503030303030303030' seq:0, type:1 .. '000000000020A60E3030303030303030' seq:0, type:1](0)
 104:8542118[0 .. 0]['000000000020A60F3030303030303030' seq:0, type:1 .. '0000000000211BBF3030303030303030' seq:0, type:1](0)
 105:8546010[0 .. 0]['0000000000211BC03030303030303030' seq:0, type:1 .. '000000000021917E3030303030303030' seq:0, type:1](0)
 106:8542119[0 .. 0]['000000000021917F3030303030303030' seq:0, type:1 .. '000000000022072F3030303030303030' seq:0, type:1](0)
 107:8546009[0 .. 0]['00000000002207303030303030303030' seq:0, type:1 .. '0000000000227CEE3030303030303030' seq:0, type:1](0)
 108:8542118[0 .. 0]['0000000000227CEF3030303030303030' seq:0, type:1 .. '000000000022F29F3030303030303030' seq:0, type:1](0)
 109:8546011[0 .. 0]['000000000022F2A03030303030303030' seq:0, type:1 .. '000000000023685E3030303030303030' seq:0, type:1](0)
 110:8542118[0 .. 0]['000000000023685F3030303030303030' seq:0, type:1 .. '000000000023DE0F3030303030303030' seq:0, type:1](0)
 111:8546010[0 .. 0]['000000000023DE103030303030303030' seq:0, type:1 .. '00000000002453CE3030303030303030' seq:0, type:1](0)
 112:8542118[0 .. 0]['00000000002453CF3030303030303030' seq:0, type:1 .. '000000000024C97F3030303030303030' seq:0, type:1](0)
 113:8546011[0 .. 0]['000000000024C9803030303030303030' seq:0, type:1 .. '0000000000253F3E3030303030303030' seq:0, type:1](0)
 114:8542117[0 .. 0]['0000000000253F3F3030303030303030' seq:0, type:1 .. '000000000025B4EF3030303030303030' seq:0, type:1](0)
 115:8546011[0 .. 0]['000000000025B4F03030303030303030' seq:0, type:1 .. '0000000000262AAE3030303030303030' seq:0, type:1](0)
 116:8542118[0 .. 0]['0000000000262AAF3030303030303030' seq:0, type:1 .. '000000000026A05F3030303030303030' seq:0, type:1](0)
 117:8546011[0 .. 0]['000000000026A0603030303030303030' seq:0, type:1 .. '000000000027161E3030303030303030' seq:0, type:1](0)
 118:2960512[0 .. 0]['000000000027161F3030303030303030' seq:0, type:1 .. '0000000000273EE73030303030303030' seq:0, type:1](0)

STATISTICS:
rocksdb.block.cache.miss COUNT : 0
rocksdb.block.cache.hit COUNT : 0
rocksdb.block.cache.add COUNT : 0
rocksdb.block.cache.add.failures COUNT : 0
rocksdb.block.cache.index.miss COUNT : 0
rocksdb.block.cache.index.hit COUNT : 0
rocksdb.block.cache.index.add COUNT : 0
rocksdb.block.cache.index.bytes.insert COUNT : 0
rocksdb.block.cache.index.bytes.evict COUNT : 0
rocksdb.block.cache.filter.miss COUNT : 0
rocksdb.block.cache.filter.hit COUNT : 0
rocksdb.block.cache.filter.add COUNT : 0
rocksdb.block.cache.filter.bytes.insert COUNT : 0
rocksdb.block.cache.filter.bytes.evict COUNT : 0
rocksdb.block.cache.data.miss COUNT : 0
rocksdb.block.cache.data.hit COUNT : 0
rocksdb.block.cache.data.add COUNT : 0
rocksdb.block.cache.data.bytes.insert COUNT : 0
rocksdb.block.cache.bytes.read COUNT : 0
rocksdb.block.cache.bytes.write COUNT : 0
rocksdb.bloom.filter.useful COUNT : 0
rocksdb.bloom.filter.full.positive COUNT : 0
rocksdb.bloom.filter.full.true.positive COUNT : 0
rocksdb.bloom.filter.micros COUNT : 0
rocksdb.persistent.cache.hit COUNT : 0
rocksdb.persistent.cache.miss COUNT : 311560
rocksdb.sim.block.cache.hit COUNT : 0
rocksdb.sim.block.cache.miss COUNT : 0
rocksdb.memtable.hit COUNT : 0
rocksdb.memtable.miss COUNT : 0
rocksdb.l0.hit COUNT : 0
rocksdb.l1.hit COUNT : 0
rocksdb.l2andup.hit COUNT : 0
rocksdb.compaction.key.drop.new COUNT : 11801
rocksdb.compaction.key.drop.obsolete COUNT : 0
rocksdb.compaction.key.drop.range_del COUNT : 0
rocksdb.compaction.key.drop.user COUNT : 0
rocksdb.compaction.range_del.drop.obsolete COUNT : 0
rocksdb.compaction.optimized.del.drop.obsolete COUNT : 0
rocksdb.compaction.cancelled COUNT : 0
rocksdb.number.keys.written COUNT : 10000000
rocksdb.number.keys.read COUNT : 0
rocksdb.number.keys.updated COUNT : 0
rocksdb.bytes.written COUNT : 2879789844
rocksdb.bytes.read COUNT : 0
rocksdb.number.db.seek COUNT : 0
rocksdb.number.db.next COUNT : 0
rocksdb.number.db.prev COUNT : 0
rocksdb.number.db.seek.found COUNT : 0
rocksdb.number.db.next.found COUNT : 0
rocksdb.number.db.prev.found COUNT : 0
rocksdb.db.iter.bytes.read COUNT : 0
rocksdb.no.file.closes COUNT : 0
rocksdb.no.file.opens COUNT : 169
rocksdb.no.file.errors COUNT : 0
rocksdb.l0.slowdown.micros COUNT : 0
rocksdb.memtable.compaction.micros COUNT : 0
rocksdb.l0.num.files.stall.micros COUNT : 0
rocksdb.stall.micros COUNT : 0
rocksdb.db.mutex.wait.micros COUNT : 0
rocksdb.rate.limit.delay.millis COUNT : 0
rocksdb.num.iterators COUNT : 0
rocksdb.number.multiget.get COUNT : 0
rocksdb.number.multiget.keys.read COUNT : 0
rocksdb.number.multiget.bytes.read COUNT : 0
rocksdb.number.deletes.filtered COUNT : 0
rocksdb.number.merge.failures COUNT : 0
rocksdb.bloom.filter.prefix.checked COUNT : 0
rocksdb.bloom.filter.prefix.useful COUNT : 0
rocksdb.number.reseeks.iteration COUNT : 0
rocksdb.getupdatessince.calls COUNT : 0
rocksdb.block.cachecompressed.miss COUNT : 0
rocksdb.block.cachecompressed.hit COUNT : 0
rocksdb.block.cachecompressed.add COUNT : 0
rocksdb.block.cachecompressed.add.failures COUNT : 0
rocksdb.wal.synced COUNT : 0
rocksdb.wal.bytes COUNT : 2879789844
rocksdb.write.self COUNT : 9982487
rocksdb.write.other COUNT : 17513
rocksdb.write.timeout COUNT : 0
rocksdb.write.wal COUNT : 10000000
rocksdb.compact.read.bytes COUNT : 1234544168
rocksdb.compact.write.bytes COUNT : 1231260604
rocksdb.flush.write.bytes COUNT : 1401973521
rocksdb.number.direct.load.table.properties COUNT : 0
rocksdb.number.superversion_acquires COUNT : 0
rocksdb.number.superversion_releases COUNT : 0
rocksdb.number.superversion_cleanups COUNT : 0
rocksdb.number.block.compressed COUNT : 0
rocksdb.number.block.decompressed COUNT : 0
rocksdb.number.block.not_compressed COUNT : 0
rocksdb.merge.operation.time.nanos COUNT : 0
rocksdb.filter.operation.time.nanos COUNT : 0
rocksdb.row.cache.hit COUNT : 0
rocksdb.row.cache.miss COUNT : 0
rocksdb.read.amp.estimate.useful.bytes COUNT : 0
rocksdb.read.amp.total.read.bytes COUNT : 0
rocksdb.number.rate_limiter.drains COUNT : 0
rocksdb.number.iter.skip COUNT : 0
rocksdb.blobdb.num.put COUNT : 0
rocksdb.blobdb.num.write COUNT : 0
rocksdb.blobdb.num.get COUNT : 0
rocksdb.blobdb.num.multiget COUNT : 0
rocksdb.blobdb.num.seek COUNT : 0
rocksdb.blobdb.num.next COUNT : 0
rocksdb.blobdb.num.prev COUNT : 0
rocksdb.blobdb.num.keys.written COUNT : 0
rocksdb.blobdb.num.keys.read COUNT : 0
rocksdb.blobdb.bytes.written COUNT : 0
rocksdb.blobdb.bytes.read COUNT : 0
rocksdb.blobdb.write.inlined COUNT : 0
rocksdb.blobdb.write.inlined.ttl COUNT : 0
rocksdb.blobdb.write.blob COUNT : 0
rocksdb.blobdb.write.blob.ttl COUNT : 0
rocksdb.blobdb.blob.file.bytes.written COUNT : 0
rocksdb.blobdb.blob.file.bytes.read COUNT : 0
rocksdb.blobdb.blob.file.synced COUNT : 0
rocksdb.blobdb.blob.index.expired.count COUNT : 0
rocksdb.blobdb.blob.index.expired.size COUNT : 0
rocksdb.blobdb.blob.index.evicted.count COUNT : 0
rocksdb.blobdb.blob.index.evicted.size COUNT : 0
rocksdb.blobdb.gc.num.files COUNT : 0
rocksdb.blobdb.gc.num.new.files COUNT : 0
rocksdb.blobdb.gc.failures COUNT : 0
rocksdb.blobdb.gc.num.keys.overwritten COUNT : 0
rocksdb.blobdb.gc.num.keys.expired COUNT : 0
rocksdb.blobdb.gc.num.keys.relocated COUNT : 0
rocksdb.blobdb.gc.bytes.overwritten COUNT : 0
rocksdb.blobdb.gc.bytes.expired COUNT : 0
rocksdb.blobdb.gc.bytes.relocated COUNT : 0
rocksdb.blobdb.fifo.num.files.evicted COUNT : 0
rocksdb.blobdb.fifo.num.keys.evicted COUNT : 0
rocksdb.blobdb.fifo.bytes.evicted COUNT : 0
rocksdb.txn.overhead.mutex.prepare COUNT : 0
rocksdb.txn.overhead.mutex.old.commit.map COUNT : 0
rocksdb.txn.overhead.duplicate.key COUNT : 0
rocksdb.txn.overhead.mutex.snapshot COUNT : 0
rocksdb.number.multiget.keys.found COUNT : 0
rocksdb.num.iterator.created COUNT : 0
rocksdb.num.iterator.deleted COUNT : 0
rocksdb.block.cache.compression.dict.miss COUNT : 0
rocksdb.block.cache.compression.dict.hit COUNT : 0
rocksdb.block.cache.compression.dict.add COUNT : 0
rocksdb.block.cache.compression.dict.bytes.insert COUNT : 0
rocksdb.block.cache.compression.dict.bytes.evict COUNT : 0
rocksdb.db.get.micros P50 : 0.000000 P95 : 0.000000 P99 : 0.000000 P100 : 0.000000 COUNT : 0 SUM : 0
rocksdb.db.write.micros P50 : 11.446606 P95 : 16.835532 P99 : 27.764070 P100 : 5801.000000 COUNT : 10000000 SUM : 117620952
rocksdb.compaction.times.micros P50 : 899276.000000 P95 : 899276.000000 P99 : 899276.000000 P100 : 899276.000000 COUNT : 5 SUM : 4395981
rocksdb.compaction.times.cpu_micros P50 : 758692.000000 P95 : 816097.000000 P99 : 816097.000000 P100 : 816097.000000 COUNT : 5 SUM : 3973854
rocksdb.subcompaction.setup.times.micros P50 : 0.000000 P95 : 0.000000 P99 : 0.000000 P100 : 0.000000 COUNT : 0 SUM : 0
rocksdb.table.sync.micros P50 : 27340.000000 P95 : 27340.000000 P99 : 27340.000000 P100 : 27340.000000 COUNT : 23 SUM : 613860
rocksdb.compaction.outfile.sync.micros P50 : 3650.000000 P95 : 4353.928571 P99 : 4416.000000 P100 : 4416.000000 COUNT : 146 SUM : 598452
rocksdb.wal.file.sync.micros P50 : 0.000000 P95 : 0.000000 P99 : 0.000000 P100 : 0.000000 COUNT : 0 SUM : 0
rocksdb.manifest.file.sync.micros P50 : 119.230769 P95 : 236.666667 P99 : 655.000000 P100 : 655.000000 COUNT : 30 SUM : 4033
rocksdb.table.open.io.micros P50 : 190.895522 P95 : 805.409091 P99 : 1143.000000 P100 : 1143.000000 COUNT : 169 SUM : 41810
rocksdb.db.multiget.micros P50 : 0.000000 P95 : 0.000000 P99 : 0.000000 P100 : 0.000000 COUNT : 0 SUM : 0
rocksdb.read.block.compaction.micros P50 : 0.000000 P95 : 0.000000 P99 : 0.000000 P100 : 0.000000 COUNT : 0 SUM : 0
rocksdb.read.block.get.micros P50 : 2.238453 P95 : 3.308041 P99 : 10.878990 P100 : 821.000000 COUNT : 311391 SUM : 911563
rocksdb.write.raw.block.micros P50 : 0.512746 P95 : 0.974217 P99 : 4.405698 P100 : 1265.000000 COUNT : 664243 SUM : 1887951
rocksdb.l0.slowdown.count P50 : 0.000000 P95 : 0.000000 P99 : 0.000000 P100 : 0.000000 COUNT : 0 SUM : 0
rocksdb.memtable.compaction.count P50 : 0.000000 P95 : 0.000000 P99 : 0.000000 P100 : 0.000000 COUNT : 0 SUM : 0
rocksdb.num.files.stall.count P50 : 0.000000 P95 : 0.000000 P99 : 0.000000 P100 : 0.000000 COUNT : 0 SUM : 0
rocksdb.hard.rate.limit.delay.count P50 : 0.000000 P95 : 0.000000 P99 : 0.000000 P100 : 0.000000 COUNT : 0 SUM : 0
rocksdb.soft.rate.limit.delay.count P50 : 0.000000 P95 : 0.000000 P99 : 0.000000 P100 : 0.000000 COUNT : 0 SUM : 0
rocksdb.numfiles.in.singlecompaction P50 : 4.000000 P95 : 4.000000 P99 : 4.000000 P100 : 4.000000 COUNT : 5 SUM : 20
rocksdb.db.seek.micros P50 : 0.000000 P95 : 0.000000 P99 : 0.000000 P100 : 0.000000 COUNT : 0 SUM : 0
rocksdb.db.write.stall P50 : 0.000000 P95 : 0.000000 P99 : 0.000000 P100 : 0.000000 COUNT : 0 SUM : 0
rocksdb.sst.read.micros P50 : 0.810601 P95 : 1.902927 P99 : 3.078146 P100 : 141.000000 COUNT : 311898 SUM : 463605
rocksdb.num.subcompactions.scheduled P50 : 0.000000 P95 : 0.000000 P99 : 0.000000 P100 : 0.000000 COUNT : 0 SUM : 0
rocksdb.bytes.per.read P50 : 0.000000 P95 : 0.000000 P99 : 0.000000 P100 : 0.000000 COUNT : 0 SUM : 0
rocksdb.bytes.per.write P50 : 315.114235 P95 : 373.717046 P99 : 378.926185 P100 : 564.000000 COUNT : 9982487 SUM : 2879789844
rocksdb.bytes.per.multiget P50 : 0.000000 P95 : 0.000000 P99 : 0.000000 P100 : 0.000000 COUNT : 0 SUM : 0
rocksdb.bytes.compressed P50 : 0.000000 P95 : 0.000000 P99 : 0.000000 P100 : 0.000000 COUNT : 0 SUM : 0
rocksdb.bytes.decompressed P50 : 0.000000 P95 : 0.000000 P99 : 0.000000 P100 : 0.000000 COUNT : 0 SUM : 0
rocksdb.compression.times.nanos P50 : 0.000000 P95 : 0.000000 P99 : 0.000000 P100 : 0.000000 COUNT : 0 SUM : 0
rocksdb.decompression.times.nanos P50 : 0.000000 P95 : 0.000000 P99 : 0.000000 P100 : 0.000000 COUNT : 0 SUM : 0
rocksdb.read.num.merge_operands P50 : 0.000000 P95 : 0.000000 P99 : 0.000000 P100 : 0.000000 COUNT : 0 SUM : 0
rocksdb.blobdb.key.size P50 : 0.000000 P95 : 0.000000 P99 : 0.000000 P100 : 0.000000 COUNT : 0 SUM : 0
rocksdb.blobdb.value.size P50 : 0.000000 P95 : 0.000000 P99 : 0.000000 P100 : 0.000000 COUNT : 0 SUM : 0
rocksdb.blobdb.write.micros P50 : 0.000000 P95 : 0.000000 P99 : 0.000000 P100 : 0.000000 COUNT : 0 SUM : 0
rocksdb.blobdb.get.micros P50 : 0.000000 P95 : 0.000000 P99 : 0.000000 P100 : 0.000000 COUNT : 0 SUM : 0
rocksdb.blobdb.multiget.micros P50 : 0.000000 P95 : 0.000000 P99 : 0.000000 P100 : 0.000000 COUNT : 0 SUM : 0
rocksdb.blobdb.seek.micros P50 : 0.000000 P95 : 0.000000 P99 : 0.000000 P100 : 0.000000 COUNT : 0 SUM : 0
rocksdb.blobdb.next.micros P50 : 0.000000 P95 : 0.000000 P99 : 0.000000 P100 : 0.000000 COUNT : 0 SUM : 0
rocksdb.blobdb.prev.micros P50 : 0.000000 P95 : 0.000000 P99 : 0.000000 P100 : 0.000000 COUNT : 0 SUM : 0
rocksdb.blobdb.blob.file.write.micros P50 : 0.000000 P95 : 0.000000 P99 : 0.000000 P100 : 0.000000 COUNT : 0 SUM : 0
rocksdb.blobdb.blob.file.read.micros P50 : 0.000000 P95 : 0.000000 P99 : 0.000000 P100 : 0.000000 COUNT : 0 SUM : 0
rocksdb.blobdb.blob.file.sync.micros P50 : 0.000000 P95 : 0.000000 P99 : 0.000000 P100 : 0.000000 COUNT : 0 SUM : 0
rocksdb.blobdb.gc.micros P50 : 0.000000 P95 : 0.000000 P99 : 0.000000 P100 : 0.000000 COUNT : 0 SUM : 0
rocksdb.blobdb.compression.micros P50 : 0.000000 P95 : 0.000000 P99 : 0.000000 P100 : 0.000000 COUNT : 0 SUM : 0
rocksdb.blobdb.decompression.micros P50 : 0.000000 P95 : 0.000000 P99 : 0.000000 P100 : 0.000000 COUNT : 0 SUM : 0
rocksdb.db.flush.micros P50 : 210000.000000 P95 : 236387.000000 P99 : 236387.000000 P100 : 236387.000000 COUNT : 23 SUM : 4779933
rocksdb.sst.batch.size P50 : 0.000000 P95 : 0.000000 P99 : 0.000000 P100 : 0.000000 COUNT : 0 SUM : 0

