Initializing RocksDB Options from the specified file
Initializing RocksDB Options from command-line flags
paht=/home/zyh/480G/wp/pcache/pcache_file
too large size=862122
too large size=865567
too large size=884170
too large size=1258570
too large size=1253450
Keys:       16 bytes each
Values:     256 bytes each (128 bytes after compression)
Entries:    10000000
Prefix:    0 bytes
Keys per prefix:    0
RawSize:    2594.0 MB (estimated)
FileSize:   1373.3 MB (estimated)
Write rate: 0 bytes/second
Read rate: 0 ops/second
Compression: NoCompression
Compression sampling rate: 0
Memtablerep: skip_list
Perf Level: 5
WARNING: Assertions are enabled; benchmarks unnecessarily slow
------------------------------------------------
DB path: [/home/zyh/480G/wp]
readrandom   :      39.928 micros/op 100090 ops/sec;   22.5 MB/s (8648384 of 10000000 found)
 PERF_CONTEXT:
user_key_comparison_count = 261853080, block_cache_hit_count = 0, block_read_count = 8056944, block_read_byte = 31406905558, block_read_time = 34273047419, block_cache_index_hit_count = 0, index_block_read_count = 0, block_cache_filter_hit_count = 0, filter_block_read_count = 0, compression_dict_block_read_count = 0, block_checksum_time = 2602680799, block_decompress_time = 710682386, get_read_bytes = 2213986304, multiget_read_bytes = 0, iter_read_bytes = 0, internal_key_skipped_count = 0, internal_delete_skipped_count = 0, internal_recent_skipped_count = 0, internal_merge_count = 0, write_wal_time = 0, get_snapshot_time = 4716833406, get_from_memtable_time = 0, get_from_memtable_count = 0, get_post_process_time = 2077249419, get_from_output_files_time = 372249146557, seek_on_memtable_time = 0, seek_on_memtable_count = 0, next_on_memtable_count = 0, prev_on_memtable_count = 0, seek_child_seek_time = 0, seek_child_seek_count = 0, seek_min_heap_time = 0, seek_internal_seek_time = 0, find_next_user_entry_time = 0, write_pre_and_post_process_time = 0, write_memtable_time = 0, write_thread_wait_nanos = 0, write_scheduling_flushes_compactions_time = 0, db_mutex_lock_nanos = 437, db_condition_wait_nanos = 0, merge_operator_time_nanos = 0, write_delay_time = 0, read_index_block_nanos = 0, read_filter_block_nanos = 0, new_table_block_iter_nanos = 316034820291, new_table_iterator_nanos = 0, block_seek_nanos = 12687669787, find_table_nanos = 0, bloom_memtable_hit_count = 0, bloom_memtable_miss_count = 0, bloom_sst_hit_count = 8737813, bloom_sst_miss_count = 33672882, key_lock_wait_time = 0, key_lock_wait_count = 0, env_new_sequential_file_nanos = 0, env_new_random_access_file_nanos = 0, env_new_writable_file_nanos = 0, env_reuse_writable_file_nanos = 0, env_new_random_rw_file_nanos = 0, env_new_directory_nanos = 0, env_file_exists_nanos = 0, env_get_children_nanos = 0, env_get_children_file_attributes_nanos = 0, env_delete_file_nanos = 0, env_create_dir_nanos = 0, env_create_dir_if_missing_nanos = 0, env_delete_dir_nanos = 0, env_get_file_size_nanos = 0, env_get_file_modification_time_nanos = 0, env_rename_file_nanos = 0, env_link_file_nanos = 0, env_lock_file_nanos = 0, env_unlock_file_nanos = 0, env_new_logger_nanos = 0, get_cpu_nanos = 268959143688, iter_next_cpu_nanos = 0, iter_prev_cpu_nanos = 0, iter_seek_cpu_nanos = 0, bloom_filter_useful = 27840884@level0, 4483979@level5, 1348019@level6, 0@level7, bloom_filter_full_positive = 1164130@level0, 1693785@level5, 5879898@level6, 0@level7, bloom_filter_full_true_positive = 1089679@level0, 1682358@level5, 5876347@level6, 0@level7, block_cache_hit_count = 0@level0, 0@level5, 0@level6, 0@level7, block_cache_miss_count = 0@level0, 0@level5, 0@level6, 0@level7, 
Microseconds per read:
Count: 40000000 Average: 39.9275  StdDev: 25.33
Min: 3  Median: 38.8302  Max: 8347
Percentiles: P50: 38.83 P75: 53.63 P99: 105.87 P99.9: 243.76 P99.99: 490.43
------------------------------------------------------
(       2,       3 ]      930   0.002%   0.002% 
(       3,       4 ]   263780   0.659%   0.662% 
(       4,       6 ]  4364499  10.911%  11.573% ##
(       6,      10 ]   595861   1.490%  13.063% 
(      10,      15 ]   161061   0.403%  13.465% 
(      15,      22 ]  2451513   6.129%  19.594% #
(      22,      34 ]  8589601  21.474%  41.068% ####
(      34,      51 ] 12574514  31.436%  72.504% ######
(      51,      76 ]  9479171  23.698%  96.202% #####
(      76,     110 ]  1273661   3.184%  99.386% #
(     110,     170 ]   150942   0.377%  99.764% 
(     170,     250 ]    59078   0.148%  99.912% 
(     250,     380 ]    28916   0.072%  99.984% 
(     380,     580 ]     4479   0.011%  99.995% 
(     580,     870 ]      528   0.001%  99.996% 
(     870,    1300 ]     1146   0.003%  99.999% 
(    1300,    1900 ]      107   0.000%  99.999% 
(    1900,    2900 ]      140   0.000% 100.000% 
(    2900,    4400 ]       42   0.000% 100.000% 
(    4400,    6600 ]       27   0.000% 100.000% 
(    6600,    9900 ]        4   0.000% 100.000% 



** Compaction Stats [default] **
Level    Files   Size     Score Read(GB)  Rn(GB) Rnp1(GB) Write(GB) Wnew(GB) Moved(GB) W-Amp Rd(MB/s) Wr(MB/s) Comp(sec) CompMergeCPU(sec) Comp(cnt) Avg(sec) KeyIn KeyDrop
----------------------------------------------------------------------------------------------------------------------------------------------------------------------------
  L0      3/0   306.14 MB   0.8      0.0     0.0      0.0       0.0      0.0       0.0   0.0      0.0      0.0      0.00              0.00         0    0.000       0      0
  L5     66/0   510.62 MB   1.0      0.0     0.0      0.0       0.0      0.0       0.0   0.0      0.0      0.0      0.00              0.00         0    0.000       0      0
  L6    306/0    2.12 GB   0.0      0.0     0.0      0.0       0.0      0.0       0.0   0.0      0.0      0.0      0.00              0.00         0    0.000       0      0
 Sum    375/0    2.92 GB   0.0      0.0     0.0      0.0       0.0      0.0       0.0   0.0      0.0      0.0      0.00              0.00         0    0.000       0      0
 Int      0/0    0.00 KB   0.0      0.0     0.0      0.0       0.0      0.0       0.0   0.0      0.0      0.0      0.00              0.00         0    0.000       0      0

** Compaction Stats [default] **
Priority    Files   Size     Score Read(GB)  Rn(GB) Rnp1(GB) Write(GB) Wnew(GB) Moved(GB) W-Amp Rd(MB/s) Wr(MB/s) Comp(sec) CompMergeCPU(sec) Comp(cnt) Avg(sec) KeyIn KeyDrop
-------------------------------------------------------------------------------------------------------------------------------------------------------------------------------
Uptime(secs): 399.8 total, 399.7 interval
Flush(GB): cumulative 0.000, interval 0.000
AddFile(GB): cumulative 0.000, interval 0.000
AddFile(Total Files): cumulative 0, interval 0
AddFile(L0 Files): cumulative 0, interval 0
AddFile(Keys): cumulative 0, interval 0
Cumulative compaction: 0.00 GB write, 0.00 MB/s write, 0.00 GB read, 0.00 MB/s read, 0.0 seconds
Interval compaction: 0.00 GB write, 0.00 MB/s write, 0.00 GB read, 0.00 MB/s read, 0.0 seconds
Stalls(count): 0 level0_slowdown, 0 level0_slowdown_with_compaction, 0 level0_numfiles, 0 level0_numfiles_with_compaction, 0 stop for pending_compaction_bytes, 0 slowdown for pending_compaction_bytes, 0 memtable_compaction, 0 memtable_slowdown, interval 0 total count

** File Read Latency Histogram By Level [default] **
** Level 0 read latency histogram (micros):
Count: 4625902 Average: 3.8669  StdDev: 4.11
Min: 2  Median: 2.9600  Max: 2824
Percentiles: P50: 2.96 P75: 3.54 P99: 17.40 P99.9: 32.22 P99.99: 48.86
------------------------------------------------------
(       1,       2 ]     4129   0.089%   0.089% 
(       2,       3 ]  2404902  51.988%  52.077% ##########
(       3,       4 ]  1978436  42.769%  94.846% #########
(       4,       6 ]   115686   2.501%  97.346% #
(       6,      10 ]    20604   0.445%  97.792% 
(      10,      15 ]    39803   0.860%  98.652% 
(      15,      22 ]    46953   1.015%  99.667% 
(      22,      34 ]    12632   0.273%  99.940% 
(      34,      51 ]     2625   0.057%  99.997% 
(      51,      76 ]      267   0.006% 100.003% 
(      76,     110 ]       73   0.002% 100.004% 
(     110,     170 ]       56   0.001% 100.006% 
(     170,     250 ]       68   0.001% 100.007% 
(     250,     380 ]       13   0.000% 100.007% 
(     380,     580 ]        2   0.000% 100.008% 
(     580,     870 ]        4   0.000% 100.008% 
(     870,    1300 ]       20   0.000% 100.008% 
(    1300,    1900 ]        3   0.000% 100.008% 
(    1900,    2900 ]        3   0.000% 100.008% 

** Level 5 read latency histogram (micros):
Count: 6207899 Average: 3.8788  StdDev: 3.55
Min: 1  Median: 2.9066  Max: 1873
Percentiles: P50: 2.91 P75: 3.50 P99: 18.41 P99.9: 32.44 P99.99: 47.77
------------------------------------------------------
[       0,       1 ]       17   0.000%   0.000% 
(       1,       2 ]     7644   0.123%   0.123% 
(       2,       3 ]  3415176  55.013%  55.137% ###########
(       3,       4 ]  2457798  39.591%  94.728% ########
(       4,       6 ]   147943   2.383%  97.111% 
(       6,      10 ]    27183   0.438%  97.549% 
(      10,      15 ]    52877   0.852%  98.401% 
(      15,      22 ]    76255   1.228%  99.629% 
(      22,      34 ]    19310   0.311%  99.940% 
(      34,      51 ]     3796   0.061% 100.002% 
(      51,      76 ]      425   0.007% 100.008% 
(      76,     110 ]      149   0.002% 100.011% 
(     110,     170 ]      133   0.002% 100.013% 
(     170,     250 ]      151   0.002% 100.015% 
(     250,     380 ]       40   0.001% 100.016% 
(     380,     580 ]       22   0.000% 100.016% 
(     580,     870 ]        9   0.000% 100.017% 
(     870,    1300 ]        9   0.000% 100.017% 
(    1300,    1900 ]        1   0.000% 100.017% 

** Level 6 read latency histogram (micros):
Count: 21350005 Average: 3.9451  StdDev: 3.92
Min: 1  Median: 2.9139  Max: 1883
Percentiles: P50: 2.91 P75: 3.51 P99: 19.26 P99.9: 32.13 P99.99: 41.86
------------------------------------------------------
[       0,       1 ]       90   0.000%   0.000% 
(       1,       2 ]    26535   0.124%   0.125% 
(       2,       3 ] 11652053  54.576%  54.701% ###########
(       3,       4 ]  8467807  39.662%  94.363% ########
(       4,       6 ]   521789   2.444%  96.807% 
(       6,      10 ]    93679   0.439%  97.246% 
(      10,      15 ]   181392   0.850%  98.095% 
(      15,      22 ]   317148   1.485%  99.581% 
(      22,      34 ]    80776   0.378%  99.959% 
(      34,      51 ]    14283   0.067% 100.026% 
(      51,      76 ]     1796   0.008% 100.034% 
(      76,     110 ]      569   0.003% 100.037% 
(     110,     170 ]      628   0.003% 100.040% 
(     170,     250 ]      599   0.003% 100.043% 
(     250,     380 ]      134   0.001% 100.043% 
(     380,     580 ]       36   0.000% 100.044% 
(     580,     870 ]       31   0.000% 100.044% 
(     870,    1300 ]       74   0.000% 100.044% 
(    1300,    1900 ]        3   0.000% 100.044% 


** DB Stats **
Uptime(secs): 399.8 total, 399.7 interval
Cumulative writes: 0 writes, 0 keys, 0 commit groups, 0.0 writes per commit group, ingest: 0.00 GB, 0.00 MB/s
Cumulative WAL: 0 writes, 0 syncs, 0.00 writes per sync, written: 0.00 GB, 0.00 MB/s
Cumulative stall: 00:00:0.000 H:M:S, 0.0 percent
Interval writes: 0 writes, 0 keys, 0 commit groups, 0.0 writes per commit group, ingest: 0.00 MB, 0.00 MB/s
Interval WAL: 0 writes, 0 syncs, 0.00 writes per sync, written: 0.00 MB, 0.00 MB/s
Interval stall: 00:00:0.000 H:M:S, 0.0 percent


Level Files Size(MB)
--------------------
  0        3      306
  1        0        0
  2        0        0
  3        0        0
  4        0        0
  5       66      511
  6      306     2171


--- level 0 --- version# 2 ---
 2073:83577233[19700929 .. 20000000]['00000000000000003030303030303030' seq:19909376, type:1 .. '00000000009896403030303030303030' seq:19890738, type:1](39864320)
 2011:118959360[19272302 .. 19700928]['00000000000000183030303030303030' seq:19637855, type:1 .. '00000000009896633030303030303030' seq:19696574, type:1](38705152)
 1929:118477815[18845534 .. 19272301]['000000000000001D3030303030303030' seq:19256007, type:1 .. '00000000009896513030303030303030' seq:19247873, type:1](37150720)
--- level 1 --- version# 2 ---
--- level 2 --- version# 2 ---
--- level 3 --- version# 2 ---
--- level 4 --- version# 2 ---
--- level 5 --- version# 2 ---
 1860:8542320[6853078 .. 18845504]['0000000000015CA83030303030303030' seq:13319343, type:1 .. '000000000002D19B3030303030303030' seq:17342013, type:1](318464)
 1863:8542281[6854604 .. 18845051]['00000000000498AD3030303030303030' seq:13587327, type:1 .. '000000000005DE4B3030303030303030' seq:17041243, type:1](315392)
 1864:8542343[15419072 .. 18845532]['000000000005DE513030303030303030' seq:17771003, type:1 .. '00000000000775ED3030303030303030' seq:15860172, type:1](409600)
 1865:8542283[3902966 .. 18845092]['00000000000775F03030303030303030' seq:18597484, type:1 .. '000000000008C9053030303030303030' seq:15683634, type:1](285696)
 1867:8542369[13706867 .. 18845487]['000000000009EEDB3030303030303030' seq:17443266, type:1 .. '00000000000B89F83030303030303030' seq:17294661, type:1](387072)
 1868:8103211[17132891 .. 18845453]['00000000000B89FD3030303030303030' seq:18495236, type:1 .. '00000000000E4C313030303030303030' seq:18356538, type:1](648192)
 1869:8542345[13708140 .. 18845434]['00000000000E4C443030303030303030' seq:17889470, type:1 .. '00000000000FE0883030303030303030' seq:18272968, type:1](344064)
 1870:8542414[13706847 .. 18845425]['00000000000FE0893030303030303030' seq:17246866, type:1 .. '000000000011C0843030303030303030' seq:18229361, type:1](419840)
 1872:8542194[11993742 .. 18845236]['000000000012C8B83030303030303030' seq:14303014, type:1 .. '000000000013B7E23030303030303030' seq:17635081, type:1](229376)
 1873:8542635[17132810 .. 18845528]['000000000013B7E63030303030303030' seq:17234169, type:1 .. '000000000016A30C3030303030303030' seq:17305914, type:1](659456)
 1874:8542265[13706325 .. 18845270]['000000000016A3233030303030303030' seq:18492269, type:1 .. '000000000017D9E53030303030303030' seq:17037064, type:1](283648)
 1875:8542244[13706283 .. 18845474]['000000000017D9E73030303030303030' seq:18229634, type:1 .. '000000000018FC6B3030303030303030' seq:18527325, type:1](256000)
 1877:8542236[10280917 .. 18845508]['00000000001A24463030303030303030' seq:15385261, type:1 .. '00000000001B3BE73030303030303030' seq:17796522, type:1](268288)
 1882:8542419[13706374 .. 18845369]['00000000001FEB2E3030303030303030' seq:13768896, type:1 .. '000000000021CAEA3030303030303030' seq:17246067, type:1](451584)
 1883:8542306[11994117 .. 18845423]['000000000021CAEB3030303030303030' seq:17629158, type:1 .. '0000000000233E023030303030303030' seq:18169529, type:1](371712)
 1886:8542635[17132827 .. 18845521]['000000000025A4483030303030303030' seq:18031694, type:1 .. '00000000002890B83030303030303030' seq:17340109, type:1](718848)
 1887:8542293[6863721 .. 18845522]['00000000002890BD3030303030303030' seq:17711724, type:1 .. '000000000029E4933030303030303030' seq:14822885, type:1](301056)
 1890:8542464[12002089 .. 18845492]['00000000002B60003030303030303030' seq:15221885, type:1 .. '00000000002D70293030303030303030' seq:17949700, type:1](450560)
 1891:8542332[10282939 .. 18845471]['00000000002D702B3030303030303030' seq:16436378, type:1 .. '00000000002EF5853030303030303030' seq:17998521, type:1](358400)
 1893:8542292[6888248 .. 18845437]['00000000002FE26F3030303030303030' seq:17400071, type:1 .. '0000000000312E4C3030303030303030' seq:17639900, type:1](321536)
 1894:8542348[15419399 .. 18845524]['0000000000312E513030303030303030' seq:15755823, type:1 .. '000000000032C3163030303030303030' seq:16557065, type:1](348160)
 1895:8542347[15419395 .. 18845498]['000000000032C3173030303030303030' seq:16401602, type:1 .. '00000000003458733030303030303030' seq:18038774, type:1](379904)
 1896:8542533[7720794 .. 18845533]['000000000034587A3030303030303030' seq:15983019, type:1 .. '000000000036E9A63030303030303030' seq:14218542, type:1](627712)
 1898:8542346[15419058 .. 18845462]['000000000037F1893030303030303030' seq:15500055, type:1 .. '00000000003989F43030303030303030' seq:18156339, type:1](377856)
 1899:1396833[15419398 .. 18845075]['00000000003989F53030303030303030' seq:17678752, type:1 .. '000000000039CB5F3030303030303030' seq:17417993, type:1](40960)
 1901:8542248[6857529 .. 18845445]['00000000003AB2E03030303030303030' seq:12793786, type:1 .. '00000000003BD5A63030303030303030' seq:17948551, type:1](289792)
 1902:8542623[10287342 .. 18845481]['00000000003BD5AA3030303030303030' seq:17529979, type:1 .. '00000000003EA91A3030303030303030' seq:11461424, type:1](630784)
 1910:8542380[10281929 .. 18845301]['0000000000459A2E3030303030303030' seq:18360433, type:1 .. '00000000004754903030303030303030' seq:17394954, type:1](380928)
 1911:8542284[13706505 .. 18845515]['00000000004754A53030303030303030' seq:17951336, type:1 .. '0000000000489B783030303030303030' seq:15769921, type:1](299008)
 1912:2164464[13706902 .. 18845201]['0000000000489B7B3030303030303030' seq:18196283, type:1 .. '000000000048E5BA3030303030303030' seq:17229875, type:1](61440)
 1914:8542440[15419223 .. 18845473]['000000000049D94C3030303030303030' seq:18410007, type:1 .. '00000000004BE5013030303030303030' seq:17609034, type:1](512000)
 1915:8542303[3436053 .. 18845482]['00000000004BE5043030303030303030' seq:17908266, type:1 .. '00000000004D3ACB3030303030303030' seq:18312306, type:1](350208)
 1916:8542388[10283010 .. 18845366]['00000000004D3ACC3030303030303030' seq:17166030, type:1 .. '00000000004EF9303030303030303030' seq:17308514, type:1](372736)
 1917:8542338[13706285 .. 18845493]['00000000004EF9333030303030303030' seq:15940479, type:1 .. '00000000005081593030303030303030' seq:18748779, type:1](373760)
 1918:8542395[10305104 .. 18845461]['000000000050815C3030303030303030' seq:18316566, type:1 .. '00000000005258203030303030303030' seq:16285756, type:1](450560)
 1919:8542297[13708035 .. 18845364]['00000000005258213030303030303030' seq:14851736, type:1 .. '000000000053B40C3030303030303030' seq:18141311, type:1](334848)
 1922:8194664[11993624 .. 18845406]['00000000005629583030303030303030' seq:13721231, type:1 .. '0000000000577C9E3030303030303030' seq:18207030, type:1](326656)
 1924:8542236[11994691 .. 18845472]['0000000000588FD63030303030303030' seq:16346374, type:1 .. '000000000059A4873030303030303030' seq:17609036, type:1](239616)
 1925:8542361[8579967 .. 18845448]['000000000059A4883030303030303030' seq:13974083, type:1 .. '00000000005B3F1A3030303030303030' seq:9273669, type:1](362496)
 1927:8542630[10284914 .. 18845432]['00000000005C05B03030303030303030' seq:13043500, type:1 .. '00000000005ECBA83030303030303030' seq:18161500, type:1](690176)
 1930:8542650[17132918 .. 18845530]['00000000005ECBAE3030303030303030' seq:18682207, type:1 .. '000000000061B6A63030303030303030' seq:18739836, type:1](675840)
 1931:8542381[13706959 .. 18845468]['000000000061B6A83030303030303030' seq:17602059, type:1 .. '00000000006383AF3030303030303030' seq:16456521, type:1](450560)
 1932:8542350[13706845 .. 18845112]['00000000006383B03030303030303030' seq:15704126, type:1 .. '0000000000651B333030303030303030' seq:18836278, type:1](358400)
 1933:3175517[17133044 .. 18845274]['0000000000651B353030303030303030' seq:17337598, type:1 .. '000000000066354B3030303030303030' seq:18379394, type:1](251904)
 1934:8542417[8568512 .. 18845235]['000000000066354F3030303030303030' seq:18507341, type:1 .. '0000000000681C903030303030303030' seq:18370216, type:1](475136)
 1935:8542288[8568491 .. 18845464]['0000000000681C923030303030303030' seq:16397320, type:1 .. '00000000006963CA3030303030303030' seq:17852201, type:1](307200)
 1938:8542267[13706336 .. 18845477]['00000000006B53B33030303030303030' seq:15389016, type:1 .. '00000000006C773F3030303030303030' seq:17248574, type:1](253952)
 1939:8542551[13706514 .. 18845517]['00000000006C77413030303030303030' seq:17804871, type:1 .. '00000000006F03673030303030303030' seq:17681308, type:1](628736)
 1940:8542336[11993464 .. 18845514]['00000000006F03723030303030303030' seq:17427282, type:1 .. '00000000007098D83030303030303030' seq:17041177, type:1](336896)
 1941:8542352[15419532 .. 18845507]['00000000007098DC3030303030303030' seq:16769777, type:1 .. '0000000000722EB33030303030303030' seq:18832781, type:1](370688)
 1942:8542331[15419099 .. 18845501]['0000000000722EB43030303030303030' seq:17149157, type:1 .. '000000000073C65D3030303030303030' seq:17788872, type:1](378880)
 1943:6424782[15419981 .. 18845469]['000000000073C6603030303030303030' seq:18405981, type:1 .. '000000000074F6D33030303030303030' seq:18465777, type:1](273408)
 1946:8542311[13706604 .. 18845480]['000000000077793D3030303030303030' seq:16683257, type:1 .. '000000000078E3673030303030303030' seq:18688994, type:1](347136)
 1947:8542343[10280460 .. 18845518]['000000000078E3733030303030303030' seq:17992967, type:1 .. '00000000007A64693030303030303030' seq:18388936, type:1](363520)
 1948:8542357[6872603 .. 18845499]['00000000007A646B3030303030303030' seq:17853469, type:1 .. '00000000007BF85D3030303030303030' seq:15412313, type:1](376832)
 1950:8542259[11993330 .. 18845494]['00000000007CDA3D3030303030303030' seq:14224750, type:1 .. '00000000007E091F3030303030303030' seq:17797534, type:1](288768)
 1951:8542340[15419122 .. 18845230]['00000000007E09203030303030303030' seq:18458277, type:1 .. '00000000007F9CE33030303030303030' seq:18645166, type:1](337920)
 1953:8542366[3430862 .. 18845382]['0000000000811C183030303030303030' seq:13977139, type:1 .. '000000000082AB693030303030303030' seq:16985344, type:1](381952)
 1958:8542407[13706332 .. 18845502]['000000000087B4873030303030303030' seq:17504280, type:1 .. '0000000000898DB83030303030303030' seq:13944961, type:1](423936)
 1961:8542347[15419101 .. 18845302]['00000000008C0DCF3030303030303030' seq:15420487, type:1 .. '00000000008DC1A83030303030303030' seq:17729890, type:1](360448)
 1962:8542392[8572564 .. 18845531]['00000000008DC1AA3030303030303030' seq:17787573, type:1 .. '00000000008F7B2E3030303030303030' seq:13999232, type:1](400384)
 1963:8542255[13706500 .. 18845500]['00000000008F7B303030303030303030' seq:17390555, type:1 .. '000000000090A1403030303030303030' seq:17335660, type:1](263168)
 1965:3448845[13709606 .. 18845486]['000000000091C44A3030303030303030' seq:17904770, type:1 .. '000000000092C3193030303030303030' seq:18406172, type:1](231424)
 1967:8542462[11993311 .. 18845526]['000000000093F94F3030303030303030' seq:17889700, type:1 .. '00000000009626953030303030303030' seq:18508960, type:1](524288)
 1968:8542250[3429227 .. 18845411]['00000000009626A53030303030303030' seq:17828972, type:1 .. '000000000097473A3030303030303030' seq:17971655, type:1](262144)
 1969:7053595[15419338 .. 18845349]['00000000009747423030303030303030' seq:17330103, type:1 .. '000000000098967B3030303030303030' seq:18117597, type:1](319488)
--- level 6 --- version# 2 ---
 2034:8542131[0 .. 0]['00000000000000003030303030303030' seq:0, type:1 .. '0000000000008B403030303030303030' seq:0, type:1](132096)
 2035:8542120[0 .. 0]['0000000000008B413030303030303030' seq:0, type:1 .. '00000000000116013030303030303030' seq:0, type:1](129024)
 2036:5183373[0 .. 0]['00000000000116023030303030303030' seq:0, type:1 .. '0000000000016F1B3030303030303030' seq:0, type:1](68608)
 1717:8542128[0 .. 0]['0000000000016F1C3030303030303030' seq:0, type:1 .. '00000000000210933030303030303030' seq:0, type:1](87040)
 1718:7920167[0 .. 0]['00000000000210943030303030303030' seq:0, type:1 .. '00000000000296C03030303030303030' seq:0, type:1](94208)
 1988:8542139[0 .. 0]['00000000000296C13030303030303030' seq:0, type:1 .. '0000000000032C0C3030303030303030' seq:0, type:1](106496)
 1989:8542115[0 .. 0]['0000000000032C0D3030303030303030' seq:0, type:1 .. '000000000003B71B3030303030303030' seq:0, type:1](123904)
 1991:8542122[0 .. 0]['000000000003B71C3030303030303030' seq:0, type:1 .. '00000000000442013030303030303030' seq:0, type:1](122880)
 1992:5675288[0 .. 0]['00000000000442023030303030303030' seq:0, type:1 .. '000000000004A1FA3030303030303030' seq:0, type:1](90112)
 1064:53915[0 .. 0]['000000000004A1FD3030303030303030' seq:0, type:1 .. '000000000004A38E3030303030303030' seq:0, type:1](0)
 1533:8542152[0 .. 0]['000000000004A38F3030303030303030' seq:0, type:1 .. '00000000000548093030303030303030' seq:0, type:1](77824)
 1534:8542133[0 .. 0]['000000000005480A3030303030303030' seq:0, type:1 .. '000000000005DD633030303030303030' seq:0, type:1](103424)
 1557:8542135[0 .. 0]['000000000005DD643030303030303030' seq:0, type:1 .. '000000000006736A3030303030303030' seq:0, type:1](119808)
 1558:8542118[0 .. 0]['000000000006736C3030303030303030' seq:0, type:1 .. '00000000000708C03030303030303030' seq:0, type:1](113664)
 1560:8542125[0 .. 0]['00000000000708C13030303030303030' seq:0, type:1 .. '0000000000079FD03030303030303030' seq:0, type:1](93184)
 1561:8542121[0 .. 0]['0000000000079FD43030303030303030' seq:0, type:1 .. '00000000000837403030303030303030' seq:0, type:1](84992)
 1562:6308767[0 .. 0]['00000000000837423030303030303030' seq:0, type:1 .. '000000000008AB273030303030303030' seq:0, type:1](57344)
 2046:8542121[0 .. 0]['000000000008AB283030303030303030' seq:0, type:1 .. '00000000000939713030303030303030' seq:0, type:1](120832)
 2047:8542115[0 .. 0]['00000000000939723030303030303030' seq:0, type:1 .. '000000000009C4483030303030303030' seq:0, type:1](118784)
 2048:6291071[0 .. 0]['000000000009C4493030303030303030' seq:0, type:1 .. '00000000000A32983030303030303030' seq:0, type:1](73728)
 1832:8542129[0 .. 0]['00000000000A32993030303030303030' seq:0, type:1 .. '00000000000ACF463030303030303030' seq:0, type:1](101376)
 1833:8542119[0 .. 0]['00000000000ACF473030303030303030' seq:0, type:1 .. '00000000000B5F233030303030303030' seq:0, type:1](110592)
 1834:8542123[0 .. 0]['00000000000B5F263030303030303030' seq:0, type:1 .. '00000000000BEE753030303030303030' seq:0, type:1](100352)
 1853:8542116[0 .. 0]['00000000000BEE773030303030303030' seq:0, type:1 .. '00000000000C7DBA3030303030303030' seq:0, type:1](112640)
 1854:8542127[0 .. 0]['00000000000C7DBB3030303030303030' seq:0, type:1 .. '00000000000D0D013030303030303030' seq:0, type:1](102400)
 1855:8542119[0 .. 0]['00000000000D0D023030303030303030' seq:0, type:1 .. '00000000000D9C1A3030303030303030' seq:0, type:1](124928)
 1856:1944198[0 .. 0]['00000000000D9C1B3030303030303030' seq:0, type:1 .. '00000000000DBCC63030303030303030' seq:0, type:1](26624)
 1800:8542133[0 .. 0]['00000000000DBCC73030303030303030' seq:0, type:1 .. '00000000000E4C3D3030303030303030' seq:0, type:1](116736)
 1801:8421599[0 .. 0]['00000000000E4C3E3030303030303030' seq:0, type:1 .. '00000000000EDF583030303030303030' seq:0, type:1](86016)
 1338:8542145[0 .. 0]['00000000000EDF593030303030303030' seq:0, type:1 .. '00000000000F7D1F3030303030303030' seq:0, type:1](78848)
 1836:8542127[0 .. 0]['00000000000F7D203030303030303030' seq:0, type:1 .. '0000000000100D063030303030303030' seq:0, type:1](109568)
 1839:8542133[0 .. 0]['0000000000100D073030303030303030' seq:0, type:1 .. '0000000000109CA33030303030303030' seq:0, type:1](110592)
 1840:8542134[0 .. 0]['0000000000109CA43030303030303030' seq:0, type:1 .. '0000000000112F2C3030303030303030' seq:0, type:1](101376)
 1841:1050811[0 .. 0]['0000000000112F303030303030303030' seq:0, type:1 .. '00000000001142933030303030303030' seq:0, type:1](10240)
 2058:8542138[0 .. 0]['00000000001142943030303030303030' seq:0, type:1 .. '000000000011DC7B3030303030303030' seq:0, type:1](94208)
 2059:8542120[0 .. 0]['000000000011DC7C3030303030303030' seq:0, type:1 .. '00000000001267323030303030303030' seq:0, type:1](125952)
 2060:8155666[0 .. 0]['00000000001267333030303030303030' seq:0, type:1 .. '000000000012F2F33030303030303030' seq:0, type:1](94208)
 1042:8542146[0 .. 0]['000000000012F2F53030303030303030' seq:0, type:1 .. '0000000000139BDB3030303030303030' seq:0, type:1](79872)
 1752:8542129[0 .. 0]['0000000000139BDC3030303030303030' seq:0, type:1 .. '0000000000142F183030303030303030' seq:0, type:1](87040)
 1753:8542113[0 .. 0]['0000000000142F1A3030303030303030' seq:0, type:1 .. '000000000014BEE43030303030303030' seq:0, type:1](119808)
 1770:8542131[0 .. 0]['000000000014BEE73030303030303030' seq:0, type:1 .. '0000000000154E6C3030303030303030' seq:0, type:1](102400)
 1771:8542118[0 .. 0]['0000000000154E6D3030303030303030' seq:0, type:1 .. '000000000015DE273030303030303030' seq:0, type:1](100352)
 1772:4581341[0 .. 0]['000000000015DE283030303030303030' seq:0, type:1 .. '0000000000162AD43030303030303030' seq:0, type:1](60416)
 1750:8542122[0 .. 0]['0000000000162AD53030303030303030' seq:0, type:1 .. '000000000016BA0E3030303030303030' seq:0, type:1](112640)
 1751:3382104[0 .. 0]['000000000016BA0F3030303030303030' seq:0, type:1 .. '000000000016F7DB3030303030303030' seq:0, type:1](33792)
 1273:8542141[0 .. 0]['000000000016F7DD3030303030303030' seq:0, type:1 .. '00000000001795773030303030303030' seq:0, type:1](97280)
 1343:8542133[0 .. 0]['00000000001795783030303030303030' seq:0, type:1 .. '000000000018334D3030303030303030' seq:0, type:1](90112)
 1344:8542131[0 .. 0]['000000000018334E3030303030303030' seq:0, type:1 .. '000000000018D0863030303030303030' seq:0, type:1](77824)
 2082:8542124[0 .. 0]['000000000018D0873030303030303030' seq:0, type:1 .. '0000000000195FEF3030303030303030' seq:0, type:1](124928)
 2083:8542121[0 .. 0]['0000000000195FF03030303030303030' seq:0, type:1 .. '000000000019EA933030303030303030' seq:0, type:1](113664)
 2084:8542122[0 .. 0]['000000000019EA943030303030303030' seq:0, type:1 .. '00000000001A81173030303030303030' seq:0, type:1](106496)
 2085:461821[0 .. 0]['00000000001A81183030303030303030' seq:0, type:1 .. '00000000001A89963030303030303030' seq:0, type:1](6144)
 1329:8542126[0 .. 0]['00000000001A89973030303030303030' seq:0, type:1 .. '00000000001B28CB3030303030303030' seq:0, type:1](78848)
 2109:8542122[0 .. 0]['00000000001B28CE3030303030303030' seq:0, type:1 .. '00000000001BB86C3030303030303030' seq:0, type:1](132096)
 2110:8542125[0 .. 0]['00000000001BB86D3030303030303030' seq:0, type:1 .. '00000000001C42D93030303030303030' seq:0, type:1](122880)
 2111:4616789[0 .. 0]['00000000001C42DC3030303030303030' seq:0, type:1 .. '00000000001C8DBD3030303030303030' seq:0, type:1](71680)
 2002:8542122[0 .. 0]['00000000001C8DBE3030303030303030' seq:0, type:1 .. '00000000001D18623030303030303030' seq:0, type:1](125952)
 2102:8542133[0 .. 0]['00000000001D18633030303030303030' seq:0, type:1 .. '00000000001DA3233030303030303030' seq:0, type:1](119808)
 2103:8542119[0 .. 0]['00000000001DA3243030303030303030' seq:0, type:1 .. '00000000001E2D7E3030303030303030' seq:0, type:1](123904)
 2104:8542127[0 .. 0]['00000000001E2D7F3030303030303030' seq:0, type:1 .. '00000000001EB8B73030303030303030' seq:0, type:1](122880)
 2106:8542118[0 .. 0]['00000000001EB8B83030303030303030' seq:0, type:1 .. '00000000001F43733030303030303030' seq:0, type:1](108544)
 2107:8542115[0 .. 0]['00000000001F43743030303030303030' seq:0, type:1 .. '00000000001FCE243030303030303030' seq:0, type:1](122880)
 2108:3246771[0 .. 0]['00000000001FCE253030303030303030' seq:0, type:1 .. '00000000002006073030303030303030' seq:0, type:1](39936)
 1351:7305227[0 .. 0]['00000000002006093030303030303030' seq:0, type:1 .. '0000000000208CC83030303030303030' seq:0, type:1](77824)
 1776:8542122[0 .. 0]['0000000000208CC93030303030303030' seq:0, type:1 .. '0000000000211B9F3030303030303030' seq:0, type:1](101376)
 1777:8542120[0 .. 0]['0000000000211BA03030303030303030' seq:0, type:1 .. '000000000021ABB83030303030303030' seq:0, type:1](121856)
 1778:4233160[0 .. 0]['000000000021ABB93030303030303030' seq:0, type:1 .. '000000000021F55B3030303030303030' seq:0, type:1](41984)
 1551:8542129[0 .. 0]['000000000021F55D3030303030303030' seq:0, type:1 .. '0000000000228FEF3030303030303030' seq:0, type:1](89088)
 1552:8542139[0 .. 0]['0000000000228FF03030303030303030' seq:0, type:1 .. '00000000002325CB3030303030303030' seq:0, type:1](121856)
 2022:8542121[0 .. 0]['00000000002325CC3030303030303030' seq:0, type:1 .. '000000000023B2363030303030303030' seq:0, type:1](131072)
 2023:8542121[0 .. 0]['000000000023B2383030303030303030' seq:0, type:1 .. '0000000000243C863030303030303030' seq:0, type:1](114688)
 2040:8542124[0 .. 0]['0000000000243C873030303030303030' seq:0, type:1 .. '000000000024C8053030303030303030' seq:0, type:1](126976)
 2041:8542119[0 .. 0]['000000000024C8063030303030303030' seq:0, type:1 .. '00000000002552AA3030303030303030' seq:0, type:1](125952)
 2042:6129552[0 .. 0]['00000000002552AB3030303030303030' seq:0, type:1 .. '000000000025B6EF3030303030303030' seq:0, type:1](79872)
 1745:8542124[0 .. 0]['000000000025B6F03030303030303030' seq:0, type:1 .. '000000000026477A3030303030303030' seq:0, type:1](102400)
 1779:8542120[0 .. 0]['000000000026477B3030303030303030' seq:0, type:1 .. '000000000026D7243030303030303030' seq:0, type:1](122880)
 1780:8542120[0 .. 0]['000000000026D7253030303030303030' seq:0, type:1 .. '00000000002766EC3030303030303030' seq:0, type:1](117760)
 1796:8542128[0 .. 0]['00000000002766ED3030303030303030' seq:0, type:1 .. '000000000027F6713030303030303030' seq:0, type:1](120832)
 1797:8542123[0 .. 0]['000000000027F6723030303030303030' seq:0, type:1 .. '000000000028862C3030303030303030' seq:0, type:1](108544)
 1798:7983636[0 .. 0]['000000000028862D3030303030303030' seq:0, type:1 .. '000000000029106C3030303030303030' seq:0, type:1](88064)
 1480:8532451[0 .. 0]['000000000029106E3030303030303030' seq:0, type:1 .. '000000000029AE3A3030303030303030' seq:0, type:1](91136)
 2049:8542117[0 .. 0]['000000000029AE3B3030303030303030' seq:0, type:1 .. '00000000002A42BE3030303030303030' seq:0, type:1](98304)
 2050:8542117[0 .. 0]['00000000002A42C03030303030303030' seq:0, type:1 .. '00000000002ACD743030303030303030' seq:0, type:1](137216)
 2051:7245102[0 .. 0]['00000000002ACD753030303030303030' seq:0, type:1 .. '00000000002B43143030303030303030' seq:0, type:1](113664)
 1975:1773867[0 .. 0]['00000000002B43153030303030303030' seq:0, type:1 .. '00000000002B5FFE3030303030303030' seq:0, type:1](30720)
 1790:8542133[0 .. 0]['00000000002B5FFF3030303030303030' seq:0, type:1 .. '00000000002BF0943030303030303030' seq:0, type:1](102400)
 1791:8542120[0 .. 0]['00000000002BF0963030303030303030' seq:0, type:1 .. '00000000002C7F973030303030303030' seq:0, type:1](94208)
 1792:6679470[0 .. 0]['00000000002C7F983030303030303030' seq:0, type:1 .. '00000000002CF5533030303030303030' seq:0, type:1](71680)
 1588:8542125[0 .. 0]['00000000002CF5543030303030303030' seq:0, type:1 .. '00000000002D8B3D3030303030303030' seq:0, type:1](105472)
 1589:8190569[0 .. 0]['00000000002D8B3E3030303030303030' seq:0, type:1 .. '00000000002E1ACE3030303030303030' seq:0, type:1](88064)
 1519:8542119[0 .. 0]['00000000002E1ACF3030303030303030' seq:0, type:1 .. '00000000002EAFAA3030303030303030' seq:0, type:1](104448)
 1520:3062809[0 .. 0]['00000000002EAFAB3030303030303030' seq:0, type:1 .. '00000000002EE53C3030303030303030' seq:0, type:1](29696)
 1993:8542123[0 .. 0]['00000000002EE53D3030303030303030' seq:0, type:1 .. '00000000002F73FD3030303030303030' seq:0, type:1](115712)
 1994:8542116[0 .. 0]['00000000002F73FE3030303030303030' seq:0, type:1 .. '00000000003004663030303030303030' seq:0, type:1](110592)
 1995:2630164[0 .. 0]['00000000003004683030303030303030' seq:0, type:1 .. '0000000000303C483030303030303030' seq:0, type:1](30720)
 1475:8542128[0 .. 0]['0000000000303C493030303030303030' seq:0, type:1 .. '000000000030D26F3030303030303030' seq:0, type:1](126976)
 1590:8542128[0 .. 0]['000000000030D2703030303030303030' seq:0, type:1 .. '00000000003167FD3030303030303030' seq:0, type:1](103424)
 1591:8542125[0 .. 0]['00000000003167FE3030303030303030' seq:0, type:1 .. '000000000031FED73030303030303030' seq:0, type:1](102400)
 1595:8542129[0 .. 0]['000000000031FED83030303030303030' seq:0, type:1 .. '00000000003294C23030303030303030' seq:0, type:1](80896)
 1596:8542135[0 .. 0]['00000000003294C43030303030303030' seq:0, type:1 .. '0000000000332A453030303030303030' seq:0, type:1](105472)
 1597:7289110[0 .. 0]['0000000000332A463030303030303030' seq:0, type:1 .. '000000000033AA063030303030303030' seq:0, type:1](84992)
 1510:8542128[0 .. 0]['000000000033AA073030303030303030' seq:0, type:1 .. '0000000000343F963030303030303030' seq:0, type:1](95232)
 1511:3020898[0 .. 0]['0000000000343F983030303030303030' seq:0, type:1 .. '00000000003477273030303030303030' seq:0, type:1](23552)
 1735:8542125[0 .. 0]['00000000003477283030303030303030' seq:0, type:1 .. '00000000003507C13030303030303030' seq:0, type:1](105472)
 1736:8542126[0 .. 0]['00000000003507C23030303030303030' seq:0, type:1 .. '000000000035974F3030303030303030' seq:0, type:1](126976)
 1816:8542119[0 .. 0]['00000000003597503030303030303030' seq:0, type:1 .. '000000000036270D3030303030303030' seq:0, type:1](115712)
 1817:8542119[0 .. 0]['000000000036270E3030303030303030' seq:0, type:1 .. '000000000036B6173030303030303030' seq:0, type:1](126976)
 2013:8542129[0 .. 0]['000000000036B6183030303030303030' seq:0, type:1 .. '00000000003744163030303030303030' seq:0, type:1](132096)
 2014:8542117[0 .. 0]['00000000003744183030303030303030' seq:0, type:1 .. '000000000037CF053030303030303030' seq:0, type:1](118784)
 2015:3499954[0 .. 0]['000000000037CF063030303030303030' seq:0, type:1 .. '00000000003809AE3030303030303030' seq:0, type:1](47104)
 1579:8542129[0 .. 0]['00000000003809B03030303030303030' seq:0, type:1 .. '000000000038A0113030303030303030' seq:0, type:1](103424)
 1581:8542130[0 .. 0]['000000000038A0123030303030303030' seq:0, type:1 .. '00000000003935E03030303030303030' seq:0, type:1](90112)
 1582:8542126[0 .. 0]['00000000003935E23030303030303030' seq:0, type:1 .. '000000000039CB693030303030303030' seq:0, type:1](83968)
 1976:8542112[0 .. 0]['000000000039CB6A3030303030303030' seq:0, type:1 .. '00000000003A56303030303030303030' seq:0, type:1](135168)
 1977:8542137[0 .. 0]['00000000003A56313030303030303030' seq:0, type:1 .. '00000000003AEB583030303030303030' seq:0, type:1](112640)
 1978:1023630[0 .. 0]['00000000003AEB593030303030303030' seq:0, type:1 .. '00000000003AFF6E3030303030303030' seq:0, type:1](9216)
 1481:8542142[0 .. 0]['00000000003AFF703030303030303030' seq:0, type:1 .. '00000000003B9EC13030303030303030' seq:0, type:1](91136)
 1755:8542127[0 .. 0]['00000000003B9EC33030303030303030' seq:0, type:1 .. '00000000003C309E3030303030303030' seq:0, type:1](117760)
 1756:8542118[0 .. 0]['00000000003C309F3030303030303030' seq:0, type:1 .. '00000000003CC01F3030303030303030' seq:0, type:1](100352)
 1782:8542133[0 .. 0]['00000000003CC0203030303030303030' seq:0, type:1 .. '00000000003D501A3030303030303030' seq:0, type:1](95232)
 1783:4793310[0 .. 0]['00000000003D501C3030303030303030' seq:0, type:1 .. '00000000003DA0573030303030303030' seq:0, type:1](58368)
 1723:8542124[0 .. 0]['00000000003DA0583030303030303030' seq:0, type:1 .. '00000000003E2F233030303030303030' seq:0, type:1](93184)
 2008:8542120[0 .. 0]['00000000003E2F243030303030303030' seq:0, type:1 .. '00000000003EBF353030303030303030' seq:0, type:1](113664)
 2009:8542128[0 .. 0]['00000000003EBF363030303030303030' seq:0, type:1 .. '00000000003F4A543030303030303030' seq:0, type:1](109568)
 2043:8542131[0 .. 0]['00000000003F4A553030303030303030' seq:0, type:1 .. '00000000003FD5833030303030303030' seq:0, type:1](144384)
 2044:8542118[0 .. 0]['00000000003FD5843030303030303030' seq:0, type:1 .. '000000000040603C3030303030303030' seq:0, type:1](97280)
 2061:8542121[0 .. 0]['000000000040603D3030303030303030' seq:0, type:1 .. '000000000040EB293030303030303030' seq:0, type:1](109568)
 2062:8542118[0 .. 0]['000000000040EB2A3030303030303030' seq:0, type:1 .. '00000000004176953030303030303030' seq:0, type:1](115712)
 2063:8210449[0 .. 0]['00000000004176973030303030303030' seq:0, type:1 .. '000000000041FBDE3030303030303030' seq:0, type:1](102400)
 1997:8542121[0 .. 0]['000000000041FBDF3030303030303030' seq:0, type:1 .. '000000000042872A3030303030303030' seq:0, type:1](125952)
 2028:8542129[0 .. 0]['000000000042872B3030303030303030' seq:0, type:1 .. '00000000004311C43030303030303030' seq:0, type:1](132096)
 2029:8542117[0 .. 0]['00000000004311C53030303030303030' seq:0, type:1 .. '0000000000439C6E3030303030303030' seq:0, type:1](119808)
 2030:5107703[0 .. 0]['0000000000439C6F3030303030303030' seq:0, type:1 .. '000000000043EFA53030303030303030' seq:0, type:1](80896)
 2000:8542119[0 .. 0]['000000000043EFA83030303030303030' seq:0, type:1 .. '00000000004479F03030303030303030' seq:0, type:1](116736)
 2031:8542131[0 .. 0]['00000000004479F13030303030303030' seq:0, type:1 .. '00000000004505113030303030303030' seq:0, type:1](126976)
 2032:8542116[0 .. 0]['00000000004505123030303030303030' seq:0, type:1 .. '0000000000458F5F3030303030303030' seq:0, type:1](130048)
 2033:5274991[0 .. 0]['0000000000458F603030303030303030' seq:0, type:1 .. '000000000045EA503030303030303030' seq:0, type:1](60416)
 1808:8542132[0 .. 0]['000000000045EA513030303030303030' seq:0, type:1 .. '0000000000468D413030303030303030' seq:0, type:1](92160)
 1809:8542111[0 .. 0]['0000000000468D423030303030303030' seq:0, type:1 .. '0000000000471D323030303030303030' seq:0, type:1](103424)
 1810:8542109[0 .. 0]['0000000000471D343030303030303030' seq:0, type:1 .. '000000000047B0123030303030303030' seq:0, type:1](113664)
 1811:383363[0 .. 0]['000000000047B0153030303030303030' seq:0, type:1 .. '000000000047B7263030303030303030' seq:0, type:1](3072)
 1315:7814926[0 .. 0]['000000000047B7273030303030303030' seq:0, type:1 .. '000000000048478E3030303030303030' seq:0, type:1](70656)
 1248:8542138[0 .. 0]['000000000048478F3030303030303030' seq:0, type:1 .. '000000000048E5BC3030303030303030' seq:0, type:1](80896)
 2019:8542110[0 .. 0]['000000000048E5BD3030303030303030' seq:0, type:1 .. '00000000004970623030303030303030' seq:0, type:1](131072)
 2020:8542121[0 .. 0]['00000000004970643030303030303030' seq:0, type:1 .. '000000000049FD693030303030303030' seq:0, type:1](104448)
 2021:4180210[0 .. 0]['000000000049FD6A3030303030303030' seq:0, type:1 .. '00000000004A46893030303030303030' seq:0, type:1](47104)
 1599:8542123[0 .. 0]['00000000004A468B3030303030303030' seq:0, type:1 .. '00000000004ADBA23030303030303030' seq:0, type:1](101376)
 1824:8542131[0 .. 0]['00000000004ADBA53030303030303030' seq:0, type:1 .. '00000000004B6B783030303030303030' seq:0, type:1](113664)
 1825:8542129[0 .. 0]['00000000004B6B7A3030303030303030' seq:0, type:1 .. '00000000004BFC683030303030303030' seq:0, type:1](121856)
 1826:8542135[0 .. 0]['00000000004BFC693030303030303030' seq:0, type:1 .. '00000000004CA6FE3030303030303030' seq:0, type:1](108544)
 1827:1764782[0 .. 0]['00000000004CA6FF3030303030303030' seq:0, type:1 .. '00000000004CC5D03030303030303030' seq:0, type:1](30720)
 1499:8542129[0 .. 0]['00000000004CC5D13030303030303030' seq:0, type:1 .. '00000000004D5B2F3030303030303030' seq:0, type:1](104448)
 1726:8542121[0 .. 0]['00000000004D5B303030303030303030' seq:0, type:1 .. '00000000004DEAF53030303030303030' seq:0, type:1](105472)
 1727:8542135[0 .. 0]['00000000004DEAF63030303030303030' seq:0, type:1 .. '00000000004E7E1E3030303030303030' seq:0, type:1](84992)
 1728:1136980[0 .. 0]['00000000004E7E203030303030303030' seq:0, type:1 .. '00000000004E967C3030303030303030' seq:0, type:1](6144)
 1254:8542142[0 .. 0]['00000000004E967E3030303030303030' seq:0, type:1 .. '00000000004F35833030303030303030' seq:0, type:1](81920)
 1316:8542134[0 .. 0]['00000000004F35843030303030303030' seq:0, type:1 .. '00000000004FD38F3030303030303030' seq:0, type:1](87040)
 1805:8542131[0 .. 0]['00000000004FD3903030303030303030' seq:0, type:1 .. '00000000005063C13030303030303030' seq:0, type:1](116736)
 1806:8542124[0 .. 0]['00000000005063C23030303030303030' seq:0, type:1 .. '000000000050F3B13030303030303030' seq:0, type:1](126976)
 1807:8498223[0 .. 0]['000000000050F3B23030303030303030' seq:0, type:1 .. '00000000005186183030303030303030' seq:0, type:1](98304)
 1513:8542128[0 .. 0]['00000000005186193030303030303030' seq:0, type:1 .. '0000000000521BF23030303030303030' seq:0, type:1](89088)
 1514:3083531[0 .. 0]['0000000000521BF33030303030303030' seq:0, type:1 .. '00000000005253EA3030303030303030' seq:0, type:1](26624)
 1305:8542138[0 .. 0]['00000000005253EF3030303030303030' seq:0, type:1 .. '000000000052F11C3030303030303030' seq:0, type:1](106496)
 1484:8542134[0 .. 0]['000000000052F11D3030303030303030' seq:0, type:1 .. '00000000005386983030303030303030' seq:0, type:1](107520)
 2005:8542125[0 .. 0]['000000000053869A3030303030303030' seq:0, type:1 .. '00000000005414CE3030303030303030' seq:0, type:1](106496)
 2006:8542116[0 .. 0]['00000000005414CF3030303030303030' seq:0, type:1 .. '000000000054A0323030303030303030' seq:0, type:1](121856)
 2078:8542127[0 .. 0]['000000000054A0333030303030303030' seq:0, type:1 .. '0000000000552AD13030303030303030' seq:0, type:1](119808)
 2079:8542119[0 .. 0]['0000000000552AD23030303030303030' seq:0, type:1 .. '000000000055B55C3030303030303030' seq:0, type:1](117760)
 2080:8542120[0 .. 0]['000000000055B55D3030303030303030' seq:0, type:1 .. '00000000005644743030303030303030' seq:0, type:1](118784)
 2081:450747[0 .. 0]['00000000005644753030303030303030' seq:0, type:1 .. '0000000000564D583030303030303030' seq:0, type:1](3072)
 1536:8542131[0 .. 0]['0000000000564D5A3030303030303030' seq:0, type:1 .. '000000000056E6ED3030303030303030' seq:0, type:1](96256)
 1537:8542131[0 .. 0]['000000000056E6EF3030303030303030' seq:0, type:1 .. '0000000000577C9E3030303030303030' seq:0, type:1](101376)
 2037:8542114[0 .. 0]['0000000000577C9F3030303030303030' seq:0, type:1 .. '000000000058076C3030303030303030' seq:0, type:1](131072)
 2038:8542123[0 .. 0]['000000000058076E3030303030303030' seq:0, type:1 .. '00000000005892993030303030303030' seq:0, type:1](135168)
 2039:5590000[0 .. 0]['000000000058929B3030303030303030' seq:0, type:1 .. '000000000058F9853030303030303030' seq:0, type:1](44032)
 1336:6676702[0 .. 0]['000000000058F9863030303030303030' seq:0, type:1 .. '00000000005976243030303030303030' seq:0, type:1](77824)
 1057:8542148[0 .. 0]['00000000005976253030303030303030' seq:0, type:1 .. '00000000005A1DCC3030303030303030' seq:0, type:1](78848)
 1721:8542130[0 .. 0]['00000000005A1DCE3030303030303030' seq:0, type:1 .. '00000000005AAFDD3030303030303030' seq:0, type:1](103424)
 1722:8011930[0 .. 0]['00000000005AAFDE3030303030303030' seq:0, type:1 .. '00000000005B3A9F3030303030303030' seq:0, type:1](94208)
 1970:8542117[0 .. 0]['00000000005B3AA33030303030303030' seq:0, type:1 .. '00000000005BC70B3030303030303030' seq:0, type:1](117760)
 1971:3902924[0 .. 0]['00000000005BC70C3030303030303030' seq:0, type:1 .. '00000000005C06B73030303030303030' seq:0, type:1](53248)
 1773:8542120[0 .. 0]['00000000005C06B93030303030303030' seq:0, type:1 .. '00000000005C989A3030303030303030' seq:0, type:1](113664)
 1774:8542133[0 .. 0]['00000000005C989B3030303030303030' seq:0, type:1 .. '00000000005D283B3030303030303030' seq:0, type:1](95232)
 1775:2507966[0 .. 0]['00000000005D283D3030303030303030' seq:0, type:1 .. '00000000005D52953030303030303030' seq:0, type:1](43008)
 1768:8542126[0 .. 0]['00000000005D52973030303030303030' seq:0, type:1 .. '00000000005DE2643030303030303030' seq:0, type:1](117760)
 1793:8542124[0 .. 0]['00000000005DE2653030303030303030' seq:0, type:1 .. '00000000005E71C03030303030303030' seq:0, type:1](142336)
 1794:8542126[0 .. 0]['00000000005E71C13030303030303030' seq:0, type:1 .. '00000000005F009F3030303030303030' seq:0, type:1](108544)
 1842:8542137[0 .. 0]['00000000005F00A23030303030303030' seq:0, type:1 .. '00000000005F8FCD3030303030303030' seq:0, type:1](100352)
 1843:8542125[0 .. 0]['00000000005F8FCE3030303030303030' seq:0, type:1 .. '0000000000601F8A3030303030303030' seq:0, type:1](103424)
 1844:8542132[0 .. 0]['0000000000601F8B3030303030303030' seq:0, type:1 .. '000000000060AF253030303030303030' seq:0, type:1](115712)
 1846:8542130[0 .. 0]['000000000060AF263030303030303030' seq:0, type:1 .. '0000000000613E623030303030303030' seq:0, type:1](114688)
 1847:8542125[0 .. 0]['0000000000613E633030303030303030' seq:0, type:1 .. '000000000061CDFD3030303030303030' seq:0, type:1](114688)
 1848:3772201[0 .. 0]['000000000061CDFF3030303030303030' seq:0, type:1 .. '0000000000620DA43030303030303030' seq:0, type:1](54272)
 1742:8542126[0 .. 0]['0000000000620DA53030303030303030' seq:0, type:1 .. '0000000000629D903030303030303030' seq:0, type:1](114688)
 1743:2730039[0 .. 0]['0000000000629D913030303030303030' seq:0, type:1 .. '000000000062CB763030303030303030' seq:0, type:1](35840)
 1341:8542147[0 .. 0]['000000000062CB773030303030303030' seq:0, type:1 .. '000000000063691B3030303030303030' seq:0, type:1](101376)
 1342:7155159[0 .. 0]['000000000063691C3030303030303030' seq:0, type:1 .. '000000000063ECEB3030303030303030' seq:0, type:1](65536)
 1787:8542124[0 .. 0]['000000000063ECED3030303030303030' seq:0, type:1 .. '000000000064872A3030303030303030' seq:0, type:1](83968)
 1788:8542113[0 .. 0]['000000000064872B3030303030303030' seq:0, type:1 .. '00000000006516B93030303030303030' seq:0, type:1](108544)
 1812:8542120[0 .. 0]['00000000006516BA3030303030303030' seq:0, type:1 .. '000000000065A62E3030303030303030' seq:0, type:1](107520)
 1813:8542130[0 .. 0]['000000000065A62F3030303030303030' seq:0, type:1 .. '000000000066354C3030303030303030' seq:0, type:1](116736)
 1814:8542125[0 .. 0]['000000000066354D3030303030303030' seq:0, type:1 .. '000000000066C4543030303030303030' seq:0, type:1](117760)
 1815:640136[0 .. 0]['000000000066C4553030303030303030' seq:0, type:1 .. '000000000066CF3A3030303030303030' seq:0, type:1](11264)
 1785:8542134[0 .. 0]['000000000066CF3B3030303030303030' seq:0, type:1 .. '0000000000675EE43030303030303030' seq:0, type:1](112640)
 1786:5607616[0 .. 0]['0000000000675EE53030303030303030' seq:0, type:1 .. '000000000067BD973030303030303030' seq:0, type:1](73728)
 1050:2330893[0 .. 0]['000000000067BD983030303030303030' seq:0, type:1 .. '000000000067EB4F3030303030303030' seq:0, type:1](35840)
 1521:8542162[0 .. 0]['000000000067EB503030303030303030' seq:0, type:1 .. '000000000068A0503030303030303030' seq:0, type:1](82944)
 1522:8542131[0 .. 0]['000000000068A0513030303030303030' seq:0, type:1 .. '00000000006936913030303030303030' seq:0, type:1](99328)
 1972:8542124[0 .. 0]['00000000006936923030303030303030' seq:0, type:1 .. '000000000069C4AA3030303030303030' seq:0, type:1](117760)
 2094:8542119[0 .. 0]['000000000069C4AB3030303030303030' seq:0, type:1 .. '00000000006A4E8E3030303030303030' seq:0, type:1](128000)
 2095:8542115[0 .. 0]['00000000006A4E8F3030303030303030' seq:0, type:1 .. '00000000006AD9A93030303030303030' seq:0, type:1](140288)
 2096:8542128[0 .. 0]['00000000006AD9AA3030303030303030' seq:0, type:1 .. '00000000006B66E43030303030303030' seq:0, type:1](126976)
 2097:1012833[0 .. 0]['00000000006B66E63030303030303030' seq:0, type:1 .. '00000000006B79653030303030303030' seq:0, type:1](7168)
 1322:8542139[0 .. 0]['00000000006B79663030303030303030' seq:0, type:1 .. '00000000006C17BD3030303030303030' seq:0, type:1](86016)
 1323:8542143[0 .. 0]['00000000006C17BE3030303030303030' seq:0, type:1 .. '00000000006CB63B3030303030303030' seq:0, type:1](86016)
 1761:8542126[0 .. 0]['00000000006CB63C3030303030303030' seq:0, type:1 .. '00000000006D45173030303030303030' seq:0, type:1](110592)
 1762:8542123[0 .. 0]['00000000006D45183030303030303030' seq:0, type:1 .. '00000000006DD4B23030303030303030' seq:0, type:1](111616)
 1764:8542123[0 .. 0]['00000000006DD4B33030303030303030' seq:0, type:1 .. '00000000006E64363030303030303030' seq:0, type:1](135168)
 1765:8542131[0 .. 0]['00000000006E64373030303030303030' seq:0, type:1 .. '00000000006EF3E43030303030303030' seq:0, type:1](123904)
 1766:2736508[0 .. 0]['00000000006EF3E53030303030303030' seq:0, type:1 .. '00000000006F22E73030303030303030' seq:0, type:1](29696)
 1542:8542132[0 .. 0]['00000000006F22EA3030303030303030' seq:0, type:1 .. '00000000006FB8EC3030303030303030' seq:0, type:1](93184)
 1543:8542121[0 .. 0]['00000000006FB8ED3030303030303030' seq:0, type:1 .. '0000000000704EAF3030303030303030' seq:0, type:1](79872)
 1544:3826532[0 .. 0]['0000000000704EB03030303030303030' seq:0, type:1 .. '00000000007091CD3030303030303030' seq:0, type:1](43008)
 1496:8542129[0 .. 0]['00000000007091CE3030303030303030' seq:0, type:1 .. '00000000007127693030303030303030' seq:0, type:1](86016)
 1566:8542120[0 .. 0]['000000000071276B3030303030303030' seq:0, type:1 .. '000000000071BD5C3030303030303030' seq:0, type:1](102400)
 1567:8542134[0 .. 0]['000000000071BD5D3030303030303030' seq:0, type:1 .. '00000000007252B13030303030303030' seq:0, type:1](87040)
 1568:6935759[0 .. 0]['00000000007252B23030303030303030' seq:0, type:1 .. '000000000072CC383030303030303030' seq:0, type:1](101376)
 1488:8542132[0 .. 0]['000000000072CC3A3030303030303030' seq:0, type:1 .. '000000000073617C3030303030303030' seq:0, type:1](93184)
 1490:8542136[0 .. 0]['000000000073617E3030303030303030' seq:0, type:1 .. '000000000073F7543030303030303030' seq:0, type:1](86016)
 1491:6045635[0 .. 0]['000000000073F7553030303030303030' seq:0, type:1 .. '00000000007460E33030303030303030' seq:0, type:1](72704)
 1575:8542130[0 .. 0]['00000000007460E43030303030303030' seq:0, type:1 .. '000000000074F6D83030303030303030' seq:0, type:1](96256)
 2090:8542130[0 .. 0]['000000000074F6D93030303030303030' seq:0, type:1 .. '00000000007581613030303030303030' seq:0, type:1](126976)
 2091:8542123[0 .. 0]['00000000007581623030303030303030' seq:0, type:1 .. '0000000000760BB23030303030303030' seq:0, type:1](113664)
 2092:8542111[0 .. 0]['0000000000760BB33030303030303030' seq:0, type:1 .. '00000000007696363030303030303030' seq:0, type:1](124928)
 2093:477048[0 .. 0]['00000000007696373030303030303030' seq:0, type:1 .. '0000000000769DF93030303030303030' seq:0, type:1](6144)
 2053:8542123[0 .. 0]['0000000000769DFA3030303030303030' seq:0, type:1 .. '00000000007729123030303030303030' seq:0, type:1](129024)
 2054:7275355[0 .. 0]['00000000007729153030303030303030' seq:0, type:1 .. '000000000077A4793030303030303030' seq:0, type:1](90112)
 1302:8542132[0 .. 0]['000000000077A47A3030303030303030' seq:0, type:1 .. '00000000007841D43030303030303030' seq:0, type:1](97280)
 1729:8542136[0 .. 0]['00000000007841D63030303030303030' seq:0, type:1 .. '000000000078D5993030303030303030' seq:0, type:1](102400)
 1730:8542105[0 .. 0]['000000000078D59A3030303030303030' seq:0, type:1 .. '00000000007967393030303030303030' seq:0, type:1](91136)
 1731:1223415[0 .. 0]['000000000079673B3030303030303030' seq:0, type:1 .. '000000000079818B3030303030303030' seq:0, type:1](10240)
 1524:8542144[0 .. 0]['000000000079818C3030303030303030' seq:0, type:1 .. '00000000007A1EE73030303030303030' seq:0, type:1](98304)
 1525:8542130[0 .. 0]['00000000007A1EE83030303030303030' seq:0, type:1 .. '00000000007AB4E33030303030303030' seq:0, type:1](96256)
 1527:8542130[0 .. 0]['00000000007AB4E43030303030303030' seq:0, type:1 .. '00000000007B4B863030303030303030' seq:0, type:1](112640)
 1528:8542136[0 .. 0]['00000000007B4B873030303030303030' seq:0, type:1 .. '00000000007BE1103030303030303030' seq:0, type:1](101376)
 2016:8542111[0 .. 0]['00000000007BE1113030303030303030' seq:0, type:1 .. '00000000007C6F153030303030303030' seq:0, type:1](116736)
 2017:8542126[0 .. 0]['00000000007C6F163030303030303030' seq:0, type:1 .. '00000000007D00CF3030303030303030' seq:0, type:1](121856)
 2018:4184700[0 .. 0]['00000000007D00D03030303030303030' seq:0, type:1 .. '00000000007D530F3030303030303030' seq:0, type:1](34816)
 1563:8542130[0 .. 0]['00000000007D53103030303030303030' seq:0, type:1 .. '00000000007DEB1B3030303030303030' seq:0, type:1](92160)
 1564:8542120[0 .. 0]['00000000007DEB1C3030303030303030' seq:0, type:1 .. '00000000007E802E3030303030303030' seq:0, type:1](84992)
 1565:6209693[0 .. 0]['00000000007E80313030303030303030' seq:0, type:1 .. '00000000007EEC973030303030303030' seq:0, type:1](57344)
 1516:8542128[0 .. 0]['00000000007EEC983030303030303030' seq:0, type:1 .. '00000000007F81763030303030303030' seq:0, type:1](102400)
 2086:8542120[0 .. 0]['00000000007F81773030303030303030' seq:0, type:1 .. '0000000000800E313030303030303030' seq:0, type:1](146432)
 2087:8542124[0 .. 0]['0000000000800E323030303030303030' seq:0, type:1 .. '00000000008098B63030303030303030' seq:0, type:1](108544)
 2088:8542122[0 .. 0]['00000000008098B83030303030303030' seq:0, type:1 .. '00000000008125C43030303030303030' seq:0, type:1](128000)
 2089:320329[0 .. 0]['00000000008125C63030303030303030' seq:0, type:1 .. '0000000000812C943030303030303030' seq:0, type:1](2048)
 1758:8542121[0 .. 0]['0000000000812C963030303030303030' seq:0, type:1 .. '000000000081BDCC3030303030303030' seq:0, type:1](112640)
 1759:8542134[0 .. 0]['000000000081BDCD3030303030303030' seq:0, type:1 .. '0000000000825CB03030303030303030' seq:0, type:1](98304)
 1760:4051418[0 .. 0]['0000000000825CB13030303030303030' seq:0, type:1 .. '000000000082A7243030303030303030' seq:0, type:1](37888)
 2025:8542118[0 .. 0]['000000000082A7253030303030303030' seq:0, type:1 .. '000000000083321B3030303030303030' seq:0, type:1](104448)
 2026:8542118[0 .. 0]['000000000083321C3030303030303030' seq:0, type:1 .. '000000000083BCEC3030303030303030' seq:0, type:1](126976)
 2027:2211522[0 .. 0]['000000000083BCED3030303030303030' seq:0, type:1 .. '000000000083E0CA3030303030303030' seq:0, type:1](29696)
 1982:8542128[0 .. 0]['000000000083E0CB3030303030303030' seq:0, type:1 .. '0000000000846B7A3030303030303030' seq:0, type:1](120832)
 1983:8542121[0 .. 0]['0000000000846B7D3030303030303030' seq:0, type:1 .. '000000000084F67C3030303030303030' seq:0, type:1](119808)
 2055:8542126[0 .. 0]['000000000084F67D3030303030303030' seq:0, type:1 .. '00000000008581213030303030303030' seq:0, type:1](119808)
 2056:8542117[0 .. 0]['00000000008581223030303030303030' seq:0, type:1 .. '0000000000860B043030303030303030' seq:0, type:1](123904)
 2098:8542123[0 .. 0]['0000000000860B053030303030303030' seq:0, type:1 .. '00000000008696213030303030303030' seq:0, type:1](140288)
 2099:8542125[0 .. 0]['00000000008696223030303030303030' seq:0, type:1 .. '00000000008720ED3030303030303030' seq:0, type:1](142336)
 2100:8542117[0 .. 0]['00000000008720EE3030303030303030' seq:0, type:1 .. '000000000087AB893030303030303030' seq:0, type:1](126976)
 2101:852055[0 .. 0]['000000000087AB8A3030303030303030' seq:0, type:1 .. '000000000087B9AA3030303030303030' seq:0, type:1](17408)
 1850:8542127[0 .. 0]['000000000087B9AC3030303030303030' seq:0, type:1 .. '00000000008849763030303030303030' seq:0, type:1](105472)
 1851:8542121[0 .. 0]['00000000008849773030303030303030' seq:0, type:1 .. '000000000088D8923030303030303030' seq:0, type:1](104448)
 1852:1187092[0 .. 0]['000000000088D8933030303030303030' seq:0, type:1 .. '000000000088EDEF3030303030303030' seq:0, type:1](9216)
 1352:8542143[0 .. 0]['000000000088EDF33030303030303030' seq:0, type:1 .. '0000000000898B933030303030303030' seq:0, type:1](83968)
 1979:8542122[0 .. 0]['0000000000898B943030303030303030' seq:0, type:1 .. '00000000008A16C23030303030303030' seq:0, type:1](99328)
 1980:8542125[0 .. 0]['00000000008A16C33030303030303030' seq:0, type:1 .. '00000000008AA17B3030303030303030' seq:0, type:1](123904)
 2064:8542116[0 .. 0]['00000000008AA17C3030303030303030' seq:0, type:1 .. '00000000008B2C713030303030303030' seq:0, type:1](122880)
 2065:8542114[0 .. 0]['00000000008B2C723030303030303030' seq:0, type:1 .. '00000000008BB6EE3030303030303030' seq:0, type:1](121856)
 2066:8542114[0 .. 0]['00000000008BB6EF3030303030303030' seq:0, type:1 .. '00000000008C45833030303030303030' seq:0, type:1](97280)
 2067:123641[0 .. 0]['00000000008C45843030303030303030' seq:0, type:1 .. '00000000008C479F3030303030303030' seq:0, type:1](1024)
 1531:8542138[0 .. 0]['00000000008C47A03030303030303030' seq:0, type:1 .. '00000000008CDD363030303030303030' seq:0, type:1](86016)
 1584:8542112[0 .. 0]['00000000008CDD373030303030303030' seq:0, type:1 .. '00000000008D72983030303030303030' seq:0, type:1](76800)
 1828:8542126[0 .. 0]['00000000008D729A3030303030303030' seq:0, type:1 .. '00000000008E030D3030303030303030' seq:0, type:1](108544)
 1829:8542119[0 .. 0]['00000000008E030E3030303030303030' seq:0, type:1 .. '00000000008E92CF3030303030303030' seq:0, type:1](114688)
 1830:8542134[0 .. 0]['00000000008E92D03030303030303030' seq:0, type:1 .. '00000000008F29C63030303030303030' seq:0, type:1](89088)
 1831:1420605[0 .. 0]['00000000008F29C73030303030303030' seq:0, type:1 .. '00000000008F45B03030303030303030' seq:0, type:1](7168)
 1325:8542136[0 .. 0]['00000000008F45B13030303030303030' seq:0, type:1 .. '00000000008FE9B23030303030303030' seq:0, type:1](93184)
 1326:8542145[0 .. 0]['00000000008FE9B33030303030303030' seq:0, type:1 .. '000000000090870D3030303030303030' seq:0, type:1](82944)
 2068:8542126[0 .. 0]['000000000090870F3030303030303030' seq:0, type:1 .. '00000000009114AD3030303030303030' seq:0, type:1](137216)
 2069:8542111[0 .. 0]['00000000009114AE3030303030303030' seq:0, type:1 .. '0000000000919FE63030303030303030' seq:0, type:1](115712)
 2070:8542133[0 .. 0]['0000000000919FE73030303030303030' seq:0, type:1 .. '000000000092313F3030303030303030' seq:0, type:1](81920)
 2071:157420[0 .. 0]['00000000009231423030303030303030' seq:0, type:1 .. '00000000009233CE3030303030303030' seq:0, type:1](0)
 1803:8542120[0 .. 0]['00000000009233CF3030303030303030' seq:0, type:1 .. '000000000092C31A3030303030303030' seq:0, type:1](126976)
 1985:8542121[0 .. 0]['000000000092C31B3030303030303030' seq:0, type:1 .. '0000000000934D963030303030303030' seq:0, type:1](135168)
 1986:8542119[0 .. 0]['0000000000934D973030303030303030' seq:0, type:1 .. '000000000093D8C43030303030303030' seq:0, type:1](126976)
 1987:3192428[0 .. 0]['000000000093D8C53030303030303030' seq:0, type:1 .. '00000000009410873030303030303030' seq:0, type:1](52224)
 1572:8542120[0 .. 0]['00000000009410883030303030303030' seq:0, type:1 .. '000000000094A6A63030303030303030' seq:0, type:1](93184)
 1820:8542121[0 .. 0]['000000000094A6A73030303030303030' seq:0, type:1 .. '000000000095369C3030303030303030' seq:0, type:1](108544)
 1821:8542116[0 .. 0]['000000000095369D3030303030303030' seq:0, type:1 .. '000000000095C6773030303030303030' seq:0, type:1](120832)
 1822:8542153[0 .. 0]['000000000095C6783030303030303030' seq:0, type:1 .. '0000000000966ED73030303030303030' seq:0, type:1](125952)
 1823:587723[0 .. 0]['0000000000966ED83030303030303030' seq:0, type:1 .. '0000000000968B5D3030303030303030' seq:0, type:1](3072)
 1504:8542137[0 .. 0]['0000000000968B5E3030303030303030' seq:0, type:1 .. '000000000097257E3030303030303030' seq:0, type:1](91136)
 1507:8542131[0 .. 0]['000000000097257F3030303030303030' seq:0, type:1 .. '000000000097BC0A3030303030303030' seq:0, type:1](88064)
 1508:3788594[0 .. 0]['000000000097BC0C3030303030303030' seq:0, type:1 .. '000000000097FEF33030303030303030' seq:0, type:1](52224)
 1493:8542132[0 .. 0]['000000000097FEF43030303030303030' seq:0, type:1 .. '00000000009895663030303030303030' seq:0, type:1](101376)
 1494:63279[0 .. 0]['00000000009895673030303030303030' seq:0, type:1 .. '000000000098967F3030303030303030' seq:0, type:1](1024)

STATISTICS:
rocksdb.block.cache.miss COUNT : 0
rocksdb.block.cache.hit COUNT : 0
rocksdb.block.cache.add COUNT : 0
rocksdb.block.cache.add.failures COUNT : 0
rocksdb.block.cache.index.miss COUNT : 0
rocksdb.block.cache.index.hit COUNT : 0
rocksdb.block.cache.index.add COUNT : 0
rocksdb.block.cache.index.bytes.insert COUNT : 0
rocksdb.block.cache.index.bytes.evict COUNT : 0
rocksdb.block.cache.filter.miss COUNT : 0
rocksdb.block.cache.filter.hit COUNT : 0
rocksdb.block.cache.filter.add COUNT : 0
rocksdb.block.cache.filter.bytes.insert COUNT : 0
rocksdb.block.cache.filter.bytes.evict COUNT : 0
rocksdb.block.cache.data.miss COUNT : 0
rocksdb.block.cache.data.hit COUNT : 0
rocksdb.block.cache.data.add COUNT : 0
rocksdb.block.cache.data.bytes.insert COUNT : 0
rocksdb.block.cache.bytes.read COUNT : 0
rocksdb.block.cache.bytes.write COUNT : 0
rocksdb.bloom.filter.useful COUNT : 134672924
rocksdb.bloom.filter.full.positive COUNT : 34952063
rocksdb.bloom.filter.full.true.positive COUNT : 34593501
rocksdb.bloom.filter.micros COUNT : 0
rocksdb.persistent.cache.hit COUNT : 2726833
rocksdb.persistent.cache.miss COUNT : 32228837
rocksdb.sim.block.cache.hit COUNT : 0
rocksdb.sim.block.cache.miss COUNT : 0
rocksdb.memtable.hit COUNT : 0
rocksdb.memtable.miss COUNT : 40000000
rocksdb.l0.hit COUNT : 4360874
rocksdb.l1.hit COUNT : 0
rocksdb.l2andup.hit COUNT : 30232627
rocksdb.compaction.key.drop.new COUNT : 0
rocksdb.compaction.key.drop.obsolete COUNT : 0
rocksdb.compaction.key.drop.range_del COUNT : 0
rocksdb.compaction.key.drop.user COUNT : 0
rocksdb.compaction.range_del.drop.obsolete COUNT : 0
rocksdb.compaction.optimized.del.drop.obsolete COUNT : 0
rocksdb.compaction.cancelled COUNT : 0
rocksdb.number.keys.written COUNT : 0
rocksdb.number.keys.read COUNT : 40000000
rocksdb.number.keys.updated COUNT : 0
rocksdb.bytes.written COUNT : 0
rocksdb.bytes.read COUNT : 8855936256
rocksdb.number.db.seek COUNT : 0
rocksdb.number.db.next COUNT : 0
rocksdb.number.db.prev COUNT : 0
rocksdb.number.db.seek.found COUNT : 0
rocksdb.number.db.next.found COUNT : 0
rocksdb.number.db.prev.found COUNT : 0
rocksdb.db.iter.bytes.read COUNT : 0
rocksdb.no.file.closes COUNT : 0
rocksdb.no.file.opens COUNT : 375
rocksdb.no.file.errors COUNT : 0
rocksdb.l0.slowdown.micros COUNT : 0
rocksdb.memtable.compaction.micros COUNT : 0
rocksdb.l0.num.files.stall.micros COUNT : 0
rocksdb.stall.micros COUNT : 0
rocksdb.db.mutex.wait.micros COUNT : 0
rocksdb.rate.limit.delay.millis COUNT : 0
rocksdb.num.iterators COUNT : 0
rocksdb.number.multiget.get COUNT : 0
rocksdb.number.multiget.keys.read COUNT : 0
rocksdb.number.multiget.bytes.read COUNT : 0
rocksdb.number.deletes.filtered COUNT : 0
rocksdb.number.merge.failures COUNT : 0
rocksdb.bloom.filter.prefix.checked COUNT : 0
rocksdb.bloom.filter.prefix.useful COUNT : 0
rocksdb.number.reseeks.iteration COUNT : 0
rocksdb.getupdatessince.calls COUNT : 0
rocksdb.block.cachecompressed.miss COUNT : 0
rocksdb.block.cachecompressed.hit COUNT : 0
rocksdb.block.cachecompressed.add COUNT : 0
rocksdb.block.cachecompressed.add.failures COUNT : 0
rocksdb.wal.synced COUNT : 0
rocksdb.wal.bytes COUNT : 0
rocksdb.write.self COUNT : 0
rocksdb.write.other COUNT : 0
rocksdb.write.timeout COUNT : 0
rocksdb.write.wal COUNT : 0
rocksdb.compact.read.bytes COUNT : 0
rocksdb.compact.write.bytes COUNT : 0
rocksdb.flush.write.bytes COUNT : 0
rocksdb.number.direct.load.table.properties COUNT : 0
rocksdb.number.superversion_acquires COUNT : 4
rocksdb.number.superversion_releases COUNT : 0
rocksdb.number.superversion_cleanups COUNT : 0
rocksdb.number.block.compressed COUNT : 0
rocksdb.number.block.decompressed COUNT : 0
rocksdb.number.block.not_compressed COUNT : 0
rocksdb.merge.operation.time.nanos COUNT : 0
rocksdb.filter.operation.time.nanos COUNT : 0
rocksdb.row.cache.hit COUNT : 0
rocksdb.row.cache.miss COUNT : 0
rocksdb.read.amp.estimate.useful.bytes COUNT : 0
rocksdb.read.amp.total.read.bytes COUNT : 0
rocksdb.number.rate_limiter.drains COUNT : 0
rocksdb.number.iter.skip COUNT : 0
rocksdb.blobdb.num.put COUNT : 0
rocksdb.blobdb.num.write COUNT : 0
rocksdb.blobdb.num.get COUNT : 0
rocksdb.blobdb.num.multiget COUNT : 0
rocksdb.blobdb.num.seek COUNT : 0
rocksdb.blobdb.num.next COUNT : 0
rocksdb.blobdb.num.prev COUNT : 0
rocksdb.blobdb.num.keys.written COUNT : 0
rocksdb.blobdb.num.keys.read COUNT : 0
rocksdb.blobdb.bytes.written COUNT : 0
rocksdb.blobdb.bytes.read COUNT : 0
rocksdb.blobdb.write.inlined COUNT : 0
rocksdb.blobdb.write.inlined.ttl COUNT : 0
rocksdb.blobdb.write.blob COUNT : 0
rocksdb.blobdb.write.blob.ttl COUNT : 0
rocksdb.blobdb.blob.file.bytes.written COUNT : 0
rocksdb.blobdb.blob.file.bytes.read COUNT : 0
rocksdb.blobdb.blob.file.synced COUNT : 0
rocksdb.blobdb.blob.index.expired.count COUNT : 0
rocksdb.blobdb.blob.index.expired.size COUNT : 0
rocksdb.blobdb.blob.index.evicted.count COUNT : 0
rocksdb.blobdb.blob.index.evicted.size COUNT : 0
rocksdb.blobdb.gc.num.files COUNT : 0
rocksdb.blobdb.gc.num.new.files COUNT : 0
rocksdb.blobdb.gc.failures COUNT : 0
rocksdb.blobdb.gc.num.keys.overwritten COUNT : 0
rocksdb.blobdb.gc.num.keys.expired COUNT : 0
rocksdb.blobdb.gc.num.keys.relocated COUNT : 0
rocksdb.blobdb.gc.bytes.overwritten COUNT : 0
rocksdb.blobdb.gc.bytes.expired COUNT : 0
rocksdb.blobdb.gc.bytes.relocated COUNT : 0
rocksdb.blobdb.fifo.num.files.evicted COUNT : 0
rocksdb.blobdb.fifo.num.keys.evicted COUNT : 0
rocksdb.blobdb.fifo.bytes.evicted COUNT : 0
rocksdb.txn.overhead.mutex.prepare COUNT : 0
rocksdb.txn.overhead.mutex.old.commit.map COUNT : 0
rocksdb.txn.overhead.duplicate.key COUNT : 0
rocksdb.txn.overhead.mutex.snapshot COUNT : 0
rocksdb.number.multiget.keys.found COUNT : 0
rocksdb.num.iterator.created COUNT : 0
rocksdb.num.iterator.deleted COUNT : 0
rocksdb.block.cache.compression.dict.miss COUNT : 0
rocksdb.block.cache.compression.dict.hit COUNT : 0
rocksdb.block.cache.compression.dict.add COUNT : 0
rocksdb.block.cache.compression.dict.bytes.insert COUNT : 0
rocksdb.block.cache.compression.dict.bytes.evict COUNT : 0
rocksdb.db.get.micros P50 : 37.161884 P95 : 73.906266 P99 : 104.525482 P100 : 7500.000000 COUNT : 40000000 SUM : 1523790403
rocksdb.db.write.micros P50 : 0.000000 P95 : 0.000000 P99 : 0.000000 P100 : 0.000000 COUNT : 0 SUM : 0
rocksdb.compaction.times.micros P50 : 0.000000 P95 : 0.000000 P99 : 0.000000 P100 : 0.000000 COUNT : 0 SUM : 0
rocksdb.compaction.times.cpu_micros P50 : 0.000000 P95 : 0.000000 P99 : 0.000000 P100 : 0.000000 COUNT : 0 SUM : 0
rocksdb.subcompaction.setup.times.micros P50 : 0.000000 P95 : 0.000000 P99 : 0.000000 P100 : 0.000000 COUNT : 0 SUM : 0
rocksdb.table.sync.micros P50 : 0.000000 P95 : 0.000000 P99 : 0.000000 P100 : 0.000000 COUNT : 0 SUM : 0
rocksdb.compaction.outfile.sync.micros P50 : 0.000000 P95 : 0.000000 P99 : 0.000000 P100 : 0.000000 COUNT : 0 SUM : 0
rocksdb.wal.file.sync.micros P50 : 0.000000 P95 : 0.000000 P99 : 0.000000 P100 : 0.000000 COUNT : 0 SUM : 0
rocksdb.manifest.file.sync.micros P50 : 528.000000 P95 : 528.000000 P99 : 528.000000 P100 : 528.000000 COUNT : 1 SUM : 528
rocksdb.table.open.io.micros P50 : 3849.300699 P95 : 7425.000000 P99 : 9782.142857 P100 : 11533.000000 COUNT : 375 SUM : 1511448
rocksdb.db.multiget.micros P50 : 0.000000 P95 : 0.000000 P99 : 0.000000 P100 : 0.000000 COUNT : 0 SUM : 0
rocksdb.read.block.compaction.micros P50 : 0.000000 P95 : 0.000000 P99 : 0.000000 P100 : 0.000000 COUNT : 0 SUM : 0
rocksdb.read.block.get.micros P50 : 32.890720 P95 : 69.874253 P99 : 91.711783 P100 : 7461.000000 COUNT : 34955295 SUM : 1249878381
rocksdb.write.raw.block.micros P50 : 0.000000 P95 : 0.000000 P99 : 0.000000 P100 : 0.000000 COUNT : 0 SUM : 0
rocksdb.l0.slowdown.count P50 : 0.000000 P95 : 0.000000 P99 : 0.000000 P100 : 0.000000 COUNT : 0 SUM : 0
rocksdb.memtable.compaction.count P50 : 0.000000 P95 : 0.000000 P99 : 0.000000 P100 : 0.000000 COUNT : 0 SUM : 0
rocksdb.num.files.stall.count P50 : 0.000000 P95 : 0.000000 P99 : 0.000000 P100 : 0.000000 COUNT : 0 SUM : 0
rocksdb.hard.rate.limit.delay.count P50 : 0.000000 P95 : 0.000000 P99 : 0.000000 P100 : 0.000000 COUNT : 0 SUM : 0
rocksdb.soft.rate.limit.delay.count P50 : 0.000000 P95 : 0.000000 P99 : 0.000000 P100 : 0.000000 COUNT : 0 SUM : 0
rocksdb.numfiles.in.singlecompaction P50 : 0.000000 P95 : 0.000000 P99 : 0.000000 P100 : 0.000000 COUNT : 0 SUM : 0
rocksdb.db.seek.micros P50 : 0.000000 P95 : 0.000000 P99 : 0.000000 P100 : 0.000000 COUNT : 0 SUM : 0
rocksdb.db.write.stall P50 : 0.000000 P95 : 0.000000 P99 : 0.000000 P100 : 0.000000 COUNT : 0 SUM : 0
rocksdb.sst.read.micros P50 : 2.919210 P95 : 4.437692 P99 : 19.086132 P100 : 2824.000000 COUNT : 32229587 SUM : 126370365
rocksdb.num.subcompactions.scheduled P50 : 0.000000 P95 : 0.000000 P99 : 0.000000 P100 : 0.000000 COUNT : 0 SUM : 0
rocksdb.bytes.per.read P50 : 256.000000 P95 : 256.000000 P99 : 256.000000 P100 : 256.000000 COUNT : 40000000 SUM : 8855936256
rocksdb.bytes.per.write P50 : 0.000000 P95 : 0.000000 P99 : 0.000000 P100 : 0.000000 COUNT : 0 SUM : 0
rocksdb.bytes.per.multiget P50 : 0.000000 P95 : 0.000000 P99 : 0.000000 P100 : 0.000000 COUNT : 0 SUM : 0
rocksdb.bytes.compressed P50 : 0.000000 P95 : 0.000000 P99 : 0.000000 P100 : 0.000000 COUNT : 0 SUM : 0
rocksdb.bytes.decompressed P50 : 0.000000 P95 : 0.000000 P99 : 0.000000 P100 : 0.000000 COUNT : 0 SUM : 0
rocksdb.compression.times.nanos P50 : 0.000000 P95 : 0.000000 P99 : 0.000000 P100 : 0.000000 COUNT : 0 SUM : 0
rocksdb.decompression.times.nanos P50 : 0.000000 P95 : 0.000000 P99 : 0.000000 P100 : 0.000000 COUNT : 0 SUM : 0
rocksdb.read.num.merge_operands P50 : 0.000000 P95 : 0.000000 P99 : 0.000000 P100 : 0.000000 COUNT : 0 SUM : 0
rocksdb.blobdb.key.size P50 : 0.000000 P95 : 0.000000 P99 : 0.000000 P100 : 0.000000 COUNT : 0 SUM : 0
rocksdb.blobdb.value.size P50 : 0.000000 P95 : 0.000000 P99 : 0.000000 P100 : 0.000000 COUNT : 0 SUM : 0
rocksdb.blobdb.write.micros P50 : 0.000000 P95 : 0.000000 P99 : 0.000000 P100 : 0.000000 COUNT : 0 SUM : 0
rocksdb.blobdb.get.micros P50 : 0.000000 P95 : 0.000000 P99 : 0.000000 P100 : 0.000000 COUNT : 0 SUM : 0
rocksdb.blobdb.multiget.micros P50 : 0.000000 P95 : 0.000000 P99 : 0.000000 P100 : 0.000000 COUNT : 0 SUM : 0
rocksdb.blobdb.seek.micros P50 : 0.000000 P95 : 0.000000 P99 : 0.000000 P100 : 0.000000 COUNT : 0 SUM : 0
rocksdb.blobdb.next.micros P50 : 0.000000 P95 : 0.000000 P99 : 0.000000 P100 : 0.000000 COUNT : 0 SUM : 0
rocksdb.blobdb.prev.micros P50 : 0.000000 P95 : 0.000000 P99 : 0.000000 P100 : 0.000000 COUNT : 0 SUM : 0
rocksdb.blobdb.blob.file.write.micros P50 : 0.000000 P95 : 0.000000 P99 : 0.000000 P100 : 0.000000 COUNT : 0 SUM : 0
rocksdb.blobdb.blob.file.read.micros P50 : 0.000000 P95 : 0.000000 P99 : 0.000000 P100 : 0.000000 COUNT : 0 SUM : 0
rocksdb.blobdb.blob.file.sync.micros P50 : 0.000000 P95 : 0.000000 P99 : 0.000000 P100 : 0.000000 COUNT : 0 SUM : 0
rocksdb.blobdb.gc.micros P50 : 0.000000 P95 : 0.000000 P99 : 0.000000 P100 : 0.000000 COUNT : 0 SUM : 0
rocksdb.blobdb.compression.micros P50 : 0.000000 P95 : 0.000000 P99 : 0.000000 P100 : 0.000000 COUNT : 0 SUM : 0
rocksdb.blobdb.decompression.micros P50 : 0.000000 P95 : 0.000000 P99 : 0.000000 P100 : 0.000000 COUNT : 0 SUM : 0
rocksdb.db.flush.micros P50 : 0.000000 P95 : 0.000000 P99 : 0.000000 P100 : 0.000000 COUNT : 0 SUM : 0
rocksdb.sst.batch.size P50 : 0.000000 P95 : 0.000000 P99 : 0.000000 P100 : 0.000000 COUNT : 0 SUM : 0

