Initializing RocksDB Options from the specified file
Initializing RocksDB Options from command-line flags
paht=/home/zyh/480G/wp/pcache/pcache_file
Keys:       16 bytes each
Values:     256 bytes each (128 bytes after compression)
Entries:    10000000
Prefix:    0 bytes
Keys per prefix:    0
RawSize:    2594.0 MB (estimated)
FileSize:   1373.3 MB (estimated)
Write rate: 0 bytes/second
Read rate: 0 ops/second
Compression: NoCompression
Compression sampling rate: 0
Memtablerep: skip_list
Perf Level: 5
WARNING: Assertions are enabled; benchmarks unnecessarily slow
------------------------------------------------
Initializing RocksDB Options from the specified file
Initializing RocksDB Options from command-line flags
paht=/home/zyh/480G/wp/pcache/pcache_file
DB path: [/home/zyh/480G/wp]
fillseq      :      12.297 micros/op 162639 ops/sec;   42.2 MB/s
Microseconds per write:
Count: 20000000 Average: 12.2970  StdDev: 7.05
Min: 4  Median: 12.2806  Max: 10283
Percentiles: P50: 12.28 P75: 13.85 P99: 29.70 P99.9: 33.90 P99.99: 49.87
------------------------------------------------------
(       3,       4 ]      105   0.001%   0.001% 
(       4,       6 ]     4356   0.022%   0.022% 
(       6,      10 ]  2740548  13.703%  13.725% ###
(      10,      15 ] 15906205  79.531%  93.256% ################
(      15,      22 ]   819083   4.095%  97.351% #
(      22,      34 ]   513984   2.570%  99.921% #
(      34,      51 ]    14697   0.073%  99.995% 
(      51,      76 ]      504   0.003%  99.997% 
(      76,     110 ]      123   0.001%  99.998% 
(     110,     170 ]       32   0.000%  99.998% 
(     170,     250 ]       14   0.000%  99.998% 
(     250,     380 ]       93   0.000%  99.999% 
(     380,     580 ]       23   0.000%  99.999% 
(     580,     870 ]       55   0.000%  99.999% 
(     870,    1300 ]      106   0.001% 100.000% 
(    1300,    1900 ]       35   0.000% 100.000% 
(    1900,    2900 ]       12   0.000% 100.000% 
(    2900,    4400 ]       20   0.000% 100.000% 
(    4400,    6600 ]        3   0.000% 100.000% 
(    6600,    9900 ]        1   0.000% 100.000% 
(    9900,   14000 ]        1   0.000% 100.000% 



** Compaction Stats [default] **
Level    Files   Size     Score Read(GB)  Rn(GB) Rnp1(GB) Write(GB) Wnew(GB) Moved(GB) W-Amp Rd(MB/s) Wr(MB/s) Comp(sec) CompMergeCPU(sec) Comp(cnt) Avg(sec) KeyIn KeyDrop
----------------------------------------------------------------------------------------------------------------------------------------------------------------------------
  L0      2/0   116.16 MB   0.5      0.0     0.0      0.0       2.6      2.6       0.0   1.0      0.0    283.0      9.49              8.57        46    0.206       0      0
  L5     63/0   508.45 MB   1.0      1.9     1.8      0.0       1.8      1.8       0.0   1.0    255.0    253.0      7.46              6.78         8    0.933   7040K    56K
  L6    251/0    1.99 GB   0.0      0.7     0.7      0.0       0.7      0.7       1.3   1.0    261.3    258.9      2.72              2.47         3    0.907   2631K    24K
 Sum    316/0    2.60 GB   0.0      2.6     2.5      0.0       5.2      5.1       1.3   2.0    132.9    268.3     19.68             17.82        57    0.345   9671K    81K
 Int      0/0    0.00 KB   0.0      2.6     2.5      0.0       5.2      5.1       1.3   2.0    132.9    268.3     19.68             17.82        57    0.345   9671K    81K

** Compaction Stats [default] **
Priority    Files   Size     Score Read(GB)  Rn(GB) Rnp1(GB) Write(GB) Wnew(GB) Moved(GB) W-Amp Rd(MB/s) Wr(MB/s) Comp(sec) CompMergeCPU(sec) Comp(cnt) Avg(sec) KeyIn KeyDrop
-------------------------------------------------------------------------------------------------------------------------------------------------------------------------------
 Low      0/0    0.00 KB   0.0      2.6     2.5      0.0       2.5      2.5       0.0   0.0    256.7    254.6     10.19              9.25        11    0.926   9671K    81K
High      0/0    0.00 KB   0.0      0.0     0.0      0.0       2.6      2.6       0.0   0.0      0.0    283.0      9.49              8.57        46    0.206       0      0
Uptime(secs): 123.0 total, 123.0 interval
Flush(GB): cumulative 2.623, interval 2.623
AddFile(GB): cumulative 0.000, interval 0.000
AddFile(Total Files): cumulative 0, interval 0
AddFile(L0 Files): cumulative 0, interval 0
AddFile(Keys): cumulative 0, interval 0
Cumulative compaction: 5.16 GB write, 42.93 MB/s write, 2.55 GB read, 21.26 MB/s read, 19.7 seconds
Interval compaction: 5.16 GB write, 42.93 MB/s write, 2.55 GB read, 21.26 MB/s read, 19.7 seconds
Stalls(count): 0 level0_slowdown, 0 level0_slowdown_with_compaction, 0 level0_numfiles, 0 level0_numfiles_with_compaction, 0 stop for pending_compaction_bytes, 0 slowdown for pending_compaction_bytes, 0 memtable_compaction, 0 memtable_slowdown, interval 0 total count

** File Read Latency Histogram By Level [default] **
** Level 0 read latency histogram (micros):
Count: 679099 Average: 1.4672  StdDev: 1.43
Min: 1  Median: 1.0000  Max: 266
Percentiles: P50: 1.00 P75: 1.37 P99: 2.63 P99.9: 14.04 P99.99: 70.91
------------------------------------------------------
[       0,       1 ]   416787  61.374%  61.374% ############
(       1,       2 ]   253010  37.257%  98.630% #######
(       2,       3 ]     3979   0.586%  99.216% 
(       3,       4 ]      223   0.033%  99.249% 
(       4,       6 ]      427   0.063%  99.312% 
(       6,      10 ]     1599   0.235%  99.547% 
(      10,      15 ]     2963   0.436%  99.984% 
(      15,      22 ]       19   0.003%  99.986% 
(      34,      51 ]        1   0.000%  99.987% 
(      51,      76 ]       29   0.004%  99.991% 
(      76,     110 ]       49   0.007%  99.998% 
(     110,     170 ]       12   0.002% 100.000% 
(     250,     380 ]        1   0.000% 100.000% 

** Level 5 read latency histogram (micros):
Count: 10507 Average: 2.9931  StdDev: 5.38
Min: 0  Median: 1.4724  Max: 69
Percentiles: P50: 1.47 P75: 1.91 P99: 34.90 P99.9: 60.55 P99.99: 69.00
------------------------------------------------------
[       0,       1 ]     2390  22.747%  22.747% #####
(       1,       2 ]     6062  57.695%  80.442% ############
(       2,       3 ]     1383  13.163%  93.604% ###
(       3,       4 ]       70   0.666%  94.270% 
(       4,       6 ]       35   0.333%  94.604% 
(       6,      10 ]       89   0.847%  95.451% 
(      10,      15 ]      185   1.761%  97.211% 
(      15,      22 ]       44   0.419%  97.630% 
(      22,      34 ]      139   1.323%  98.953% 
(      34,      51 ]       93   0.885%  99.838% 
(      51,      76 ]       17   0.162% 100.000% 

** Level 6 read latency histogram (micros):
Count: 3088 Average: 3.3909  StdDev: 6.63
Min: 0  Median: 1.4891  Max: 75
Percentiles: P50: 1.49 P75: 1.93 P99: 43.87 P99.9: 69.57 P99.99: 75.00
------------------------------------------------------
[       0,       1 ]      692  22.409%  22.409% ####
(       1,       2 ]     1742  56.412%  78.821% ###########
(       2,       3 ]      398  12.889%  91.710% ###
(       3,       4 ]       33   1.069%  92.778% 
(       4,       6 ]       20   0.648%  93.426% 
(       6,      10 ]       31   1.004%  94.430% 
(      10,      15 ]       44   1.425%  95.855% 
(      15,      22 ]       34   1.101%  96.956% 
(      22,      34 ]       37   1.198%  98.154% 
(      34,      51 ]       45   1.457%  99.611% 
(      51,      76 ]       12   0.389% 100.000% 


** DB Stats **
Uptime(secs): 123.0 total, 123.0 interval
Cumulative writes: 20M writes, 20M keys, 19M commit groups, 1.0 writes per commit group, ingest: 5.36 GB, 44.66 MB/s
Cumulative WAL: 20M writes, 0 syncs, 20000000.00 writes per sync, written: 5.36 GB, 44.66 MB/s
Cumulative stall: 00:00:0.000 H:M:S, 0.0 percent
Interval writes: 20M writes, 20M keys, 19M commit groups, 1.0 writes per commit group, ingest: 5492.53 MB, 44.66 MB/s
Interval WAL: 20M writes, 0 syncs, 20000000.00 writes per sync, written: 5.36 MB, 44.66 MB/s
Interval stall: 00:00:0.000 H:M:S, 0.0 percent


Level Files Size(MB)
--------------------
  0        2      116
  1        0        0
  2        0        0
  3        0        0
  4        0        0
  5       63      508
  6      251     2039


--- level 0 --- version# 223 ---
 421:60943574[19264960 .. 19693856]['000000000092F9F63030303030303030' seq:19264960, type:1 .. '00000000009641AA3030303030303030' seq:19693855, type:1](0)
 419:60863709[18836627 .. 19264959]['00000000008FB52E3030303030303030' seq:18836627, type:1 .. '000000000092FBC83030303030303030' seq:19264959, type:1](0)
--- level 1 --- version# 223 ---
--- level 2 --- version# 223 ---
--- level 3 --- version# 223 ---
--- level 4 --- version# 223 ---
--- level 5 --- version# 223 ---
 127:8546009[5135503 .. 5195791]['00000000002726323030303030303030' seq:5135503, type:1 .. '0000000000279BF03030303030303030' seq:5195791, type:1](0)
 128:8542119[5195793 .. 5256049]['0000000000279BF13030303030303030' seq:5195793, type:1 .. '00000000002811A13030303030303030' seq:5256049, type:1](0)
 129:8546010[5256051 .. 5316336]['00000000002811A23030303030303030' seq:5256051, type:1 .. '00000000002887603030303030303030' seq:5316336, type:1](0)
 130:8542118[5316338 .. 5376594]['00000000002887613030303030303030' seq:5316338, type:1 .. '000000000028FD113030303030303030' seq:5376594, type:1](0)
 131:8546010[5376596 .. 5436876]['000000000028FD123030303030303030' seq:5376596, type:1 .. '00000000002972D03030303030303030' seq:5436876, type:1](0)
 132:8542118[5436878 .. 5497129]['00000000002972D13030303030303030' seq:5436878, type:1 .. '000000000029E8813030303030303030' seq:5497129, type:1](0)
 133:8546011[5497131 .. 5557411]['000000000029E8823030303030303030' seq:5497131, type:1 .. '00000000002A5E403030303030303030' seq:5557411, type:1](0)
 134:8542117[5557413 .. 5617631]['00000000002A5E413030303030303030' seq:5557413, type:1 .. '00000000002AD3F13030303030303030' seq:5617631, type:1](0)
 135:8546011[5617633 .. 5677921]['00000000002AD3F23030303030303030' seq:5617633, type:1 .. '00000000002B49B03030303030303030' seq:5677921, type:1](0)
 136:8542118[5677923 .. 5738179]['00000000002B49B13030303030303030' seq:5677923, type:1 .. '00000000002BBF613030303030303030' seq:5738179, type:1](0)
 137:8546013[5738181 .. 5798465]['00000000002BBF623030303030303030' seq:5738181, type:1 .. '00000000002C35203030303030303030' seq:5798465, type:1](0)
 138:8542117[5798467 .. 5858725]['00000000002C35213030303030303030' seq:5798467, type:1 .. '00000000002CAAD13030303030303030' seq:5858725, type:1](0)
 139:8546013[5858727 .. 5919012]['00000000002CAAD23030303030303030' seq:5858727, type:1 .. '00000000002D20903030303030303030' seq:5919012, type:1](0)
 140:8542118[5919014 .. 5979272]['00000000002D20913030303030303030' seq:5919014, type:1 .. '00000000002D96413030303030303030' seq:5979272, type:1](0)
 141:8546011[5979274 .. 6039524]['00000000002D96423030303030303030' seq:5979274, type:1 .. '00000000002E0C003030303030303030' seq:6039524, type:1](0)
 142:8542117[6039526 .. 6099754]['00000000002E0C013030303030303030' seq:6039526, type:1 .. '00000000002E81B13030303030303030' seq:6099754, type:1](0)
 143:8546010[6099756 .. 6160013]['00000000002E81B23030303030303030' seq:6099756, type:1 .. '00000000002EF7703030303030303030' seq:6160013, type:1](0)
 144:8542119[6160015 .. 6220249]['00000000002EF7713030303030303030' seq:6160015, type:1 .. '00000000002F6D213030303030303030' seq:6220249, type:1](0)
 145:8546009[6220251 .. 6280536]['00000000002F6D223030303030303030' seq:6220251, type:1 .. '00000000002FE2E03030303030303030' seq:6280536, type:1](0)
 146:8542119[6280538 .. 6340793]['00000000002FE2E13030303030303030' seq:6280538, type:1 .. '00000000003058913030303030303030' seq:6340793, type:1](0)
 147:8546010[6340795 .. 6401079]['00000000003058923030303030303030' seq:6340795, type:1 .. '000000000030CE503030303030303030' seq:6401079, type:1](0)
 148:8542119[6401081 .. 6461340]['000000000030CE513030303030303030' seq:6401081, type:1 .. '00000000003144013030303030303030' seq:6461340, type:1](0)
 149:8546009[6461342 .. 6521628]['00000000003144023030303030303030' seq:6461342, type:1 .. '000000000031B9C03030303030303030' seq:6521628, type:1](0)
 150:8542119[6521630 .. 6581886]['000000000031B9C13030303030303030' seq:6521630, type:1 .. '0000000000322F713030303030303030' seq:6581886, type:1](0)
 151:8546010[6581888 .. 6642173]['0000000000322F723030303030303030' seq:6581888, type:1 .. '000000000032A5303030303030303030' seq:6642173, type:1](0)
 152:8542118[6642175 .. 6702432]['000000000032A5313030303030303030' seq:6642175, type:1 .. '0000000000331AE13030303030303030' seq:6702432, type:1](0)
 153:8546010[6702434 .. 6762718]['0000000000331AE23030303030303030' seq:6702434, type:1 .. '00000000003390A03030303030303030' seq:6762718, type:1](0)
 154:8542119[6762720 .. 6822979]['00000000003390A13030303030303030' seq:6762720, type:1 .. '00000000003406513030303030303030' seq:6822979, type:1](0)
 164:8546010[0 .. 0]['00000000003406523030303030303030' seq:0, type:1 .. '0000000000347C103030303030303030' seq:0, type:1](0)
 165:8542117[0 .. 0]['0000000000347C113030303030303030' seq:0, type:1 .. '000000000034F1C13030303030303030' seq:0, type:1](0)
 166:8546011[0 .. 0]['000000000034F1C23030303030303030' seq:0, type:1 .. '00000000003567803030303030303030' seq:0, type:1](0)
 167:8542118[0 .. 0]['00000000003567813030303030303030' seq:0, type:1 .. '000000000035DD313030303030303030' seq:0, type:1](0)
 168:8546010[0 .. 0]['000000000035DD323030303030303030' seq:0, type:1 .. '00000000003652F03030303030303030' seq:0, type:1](0)
 169:8542118[0 .. 0]['00000000003652F13030303030303030' seq:0, type:1 .. '000000000036C8A13030303030303030' seq:0, type:1](0)
 170:8546011[0 .. 0]['000000000036C8A23030303030303030' seq:0, type:1 .. '0000000000373E603030303030303030' seq:0, type:1](0)
 171:8542118[0 .. 0]['0000000000373E613030303030303030' seq:0, type:1 .. '000000000037B4113030303030303030' seq:0, type:1](0)
 172:8546010[0 .. 0]['000000000037B4123030303030303030' seq:0, type:1 .. '00000000003829D03030303030303030' seq:0, type:1](0)
 173:8542118[0 .. 0]['00000000003829D13030303030303030' seq:0, type:1 .. '0000000000389F813030303030303030' seq:0, type:1](0)
 174:8546011[0 .. 0]['0000000000389F823030303030303030' seq:0, type:1 .. '00000000003915403030303030303030' seq:0, type:1](0)
 175:8542117[0 .. 0]['00000000003915413030303030303030' seq:0, type:1 .. '0000000000398AF13030303030303030' seq:0, type:1](0)
 394:8546013[0 .. 0]['000000000084F4D23030303030303030' seq:0, type:1 .. '0000000000856A903030303030303030' seq:0, type:1](0)
 395:8542118[0 .. 0]['0000000000856A913030303030303030' seq:0, type:1 .. '000000000085E0413030303030303030' seq:0, type:1](0)
 396:8546011[0 .. 0]['000000000085E0423030303030303030' seq:0, type:1 .. '00000000008656003030303030303030' seq:0, type:1](0)
 397:8542117[0 .. 0]['00000000008656013030303030303030' seq:0, type:1 .. '000000000086CBB13030303030303030' seq:0, type:1](0)
 398:8546011[0 .. 0]['000000000086CBB23030303030303030' seq:0, type:1 .. '00000000008741703030303030303030' seq:0, type:1](0)
 399:8542118[0 .. 0]['00000000008741713030303030303030' seq:0, type:1 .. '000000000087B7213030303030303030' seq:0, type:1](0)
 400:8546010[0 .. 0]['000000000087B7223030303030303030' seq:0, type:1 .. '0000000000882CE03030303030303030' seq:0, type:1](0)
 401:8542118[0 .. 0]['0000000000882CE13030303030303030' seq:0, type:1 .. '000000000088A2913030303030303030' seq:0, type:1](0)
 403:8542118[0 .. 0]['00000000008918513030303030303030' seq:0, type:1 .. '0000000000898E013030303030303030' seq:0, type:1](0)
 404:8546010[0 .. 0]['0000000000898E023030303030303030' seq:0, type:1 .. '00000000008A03C03030303030303030' seq:0, type:1](0)
 405:8542118[0 .. 0]['00000000008A03C13030303030303030' seq:0, type:1 .. '00000000008A79713030303030303030' seq:0, type:1](0)
 406:8546010[0 .. 0]['00000000008A79723030303030303030' seq:0, type:1 .. '00000000008AEF303030303030303030' seq:0, type:1](0)
 407:8542118[0 .. 0]['00000000008AEF313030303030303030' seq:0, type:1 .. '00000000008B64E13030303030303030' seq:0, type:1](0)
 408:8546010[0 .. 0]['00000000008B64E23030303030303030' seq:0, type:1 .. '00000000008BDAA03030303030303030' seq:0, type:1](0)
 409:8542119[0 .. 0]['00000000008BDAA13030303030303030' seq:0, type:1 .. '00000000008C50513030303030303030' seq:0, type:1](0)
 410:8546010[0 .. 0]['00000000008C50523030303030303030' seq:0, type:1 .. '00000000008CC6103030303030303030' seq:0, type:1](0)
 411:8542118[0 .. 0]['00000000008CC6113030303030303030' seq:0, type:1 .. '00000000008D3BC13030303030303030' seq:0, type:1](0)
 412:8546010[0 .. 0]['00000000008D3BC23030303030303030' seq:0, type:1 .. '00000000008DB1803030303030303030' seq:0, type:1](0)
 413:8542119[0 .. 0]['00000000008DB1813030303030303030' seq:0, type:1 .. '00000000008E27313030303030303030' seq:0, type:1](0)
 414:8546009[0 .. 0]['00000000008E27323030303030303030' seq:0, type:1 .. '00000000008E9CF03030303030303030' seq:0, type:1](0)
 415:8542119[0 .. 0]['00000000008E9CF13030303030303030' seq:0, type:1 .. '00000000008F12A13030303030303030' seq:0, type:1](0)
 416:8546010[0 .. 0]['00000000008F12A23030303030303030' seq:0, type:1 .. '00000000008F88603030303030303030' seq:0, type:1](0)
 417:3412379[0 .. 0]['00000000008F88613030303030303030' seq:0, type:1 .. '00000000008FB7633030303030303030' seq:0, type:1](0)
--- level 6 --- version# 223 ---
 15:8546011[0 .. 0]['00000000000000003030303030303030' seq:0, type:1 .. '00000000000075BE3030303030303030' seq:0, type:1](0)
 16:8542118[0 .. 0]['00000000000075BF3030303030303030' seq:0, type:1 .. '000000000000EB6F3030303030303030' seq:0, type:1](0)
 17:8546011[0 .. 0]['000000000000EB703030303030303030' seq:0, type:1 .. '000000000001612E3030303030303030' seq:0, type:1](0)
 18:8542117[0 .. 0]['000000000001612F3030303030303030' seq:0, type:1 .. '000000000001D6DF3030303030303030' seq:0, type:1](0)
 19:8546011[0 .. 0]['000000000001D6E03030303030303030' seq:0, type:1 .. '0000000000024C9E3030303030303030' seq:0, type:1](0)
 20:8542118[0 .. 0]['0000000000024C9F3030303030303030' seq:0, type:1 .. '000000000002C24F3030303030303030' seq:0, type:1](0)
 21:8546009[0 .. 0]['000000000002C2503030303030303030' seq:0, type:1 .. '000000000003380E3030303030303030' seq:0, type:1](0)
 22:8542117[0 .. 0]['000000000003380F3030303030303030' seq:0, type:1 .. '000000000003ADBF3030303030303030' seq:0, type:1](0)
 23:8546009[0 .. 0]['000000000003ADC03030303030303030' seq:0, type:1 .. '000000000004237E3030303030303030' seq:0, type:1](0)
 24:8542118[0 .. 0]['000000000004237F3030303030303030' seq:0, type:1 .. '000000000004992F3030303030303030' seq:0, type:1](0)
 25:8546008[0 .. 0]['00000000000499303030303030303030' seq:0, type:1 .. '0000000000050EEE3030303030303030' seq:0, type:1](0)
 26:8542118[0 .. 0]['0000000000050EEF3030303030303030' seq:0, type:1 .. '000000000005849F3030303030303030' seq:0, type:1](0)
 27:8546010[0 .. 0]['00000000000584A03030303030303030' seq:0, type:1 .. '000000000005FA5E3030303030303030' seq:0, type:1](0)
 28:8542119[0 .. 0]['000000000005FA5F3030303030303030' seq:0, type:1 .. '000000000006700F3030303030303030' seq:0, type:1](0)
 29:8546009[0 .. 0]['00000000000670103030303030303030' seq:0, type:1 .. '000000000006E5CE3030303030303030' seq:0, type:1](0)
 30:8542119[0 .. 0]['000000000006E5CF3030303030303030' seq:0, type:1 .. '0000000000075B7F3030303030303030' seq:0, type:1](0)
 31:8546010[0 .. 0]['0000000000075B803030303030303030' seq:0, type:1 .. '000000000007D13E3030303030303030' seq:0, type:1](0)
 32:8542118[0 .. 0]['000000000007D13F3030303030303030' seq:0, type:1 .. '00000000000846EF3030303030303030' seq:0, type:1](0)
 33:8546010[0 .. 0]['00000000000846F03030303030303030' seq:0, type:1 .. '000000000008BCAE3030303030303030' seq:0, type:1](0)
 34:8542119[0 .. 0]['000000000008BCAF3030303030303030' seq:0, type:1 .. '000000000009325F3030303030303030' seq:0, type:1](0)
 35:8546010[0 .. 0]['00000000000932603030303030303030' seq:0, type:1 .. '000000000009A81E3030303030303030' seq:0, type:1](0)
 36:8542118[0 .. 0]['000000000009A81F3030303030303030' seq:0, type:1 .. '00000000000A1DCF3030303030303030' seq:0, type:1](0)
 37:8546010[0 .. 0]['00000000000A1DD03030303030303030' seq:0, type:1 .. '00000000000A938E3030303030303030' seq:0, type:1](0)
 38:8542119[0 .. 0]['00000000000A938F3030303030303030' seq:0, type:1 .. '00000000000B093F3030303030303030' seq:0, type:1](0)
 39:8546009[0 .. 0]['00000000000B09403030303030303030' seq:0, type:1 .. '00000000000B7EFE3030303030303030' seq:0, type:1](0)
 40:8542118[0 .. 0]['00000000000B7EFF3030303030303030' seq:0, type:1 .. '00000000000BF4AF3030303030303030' seq:0, type:1](0)
 41:8546011[0 .. 0]['00000000000BF4B03030303030303030' seq:0, type:1 .. '00000000000C6A6E3030303030303030' seq:0, type:1](0)
 42:8542118[0 .. 0]['00000000000C6A6F3030303030303030' seq:0, type:1 .. '00000000000CE01F3030303030303030' seq:0, type:1](0)
 52:8546010[0 .. 0]['00000000000CE0203030303030303030' seq:0, type:1 .. '00000000000D55DE3030303030303030' seq:0, type:1](0)
 53:8542118[0 .. 0]['00000000000D55DF3030303030303030' seq:0, type:1 .. '00000000000DCB8F3030303030303030' seq:0, type:1](0)
 54:8546011[0 .. 0]['00000000000DCB903030303030303030' seq:0, type:1 .. '00000000000E414E3030303030303030' seq:0, type:1](0)
 55:8542117[0 .. 0]['00000000000E414F3030303030303030' seq:0, type:1 .. '00000000000EB6FF3030303030303030' seq:0, type:1](0)
 56:8546012[0 .. 0]['00000000000EB7003030303030303030' seq:0, type:1 .. '00000000000F2CBE3030303030303030' seq:0, type:1](0)
 57:8542118[0 .. 0]['00000000000F2CBF3030303030303030' seq:0, type:1 .. '00000000000FA26F3030303030303030' seq:0, type:1](0)
 58:8546013[0 .. 0]['00000000000FA2703030303030303030' seq:0, type:1 .. '000000000010182E3030303030303030' seq:0, type:1](0)
 59:8542117[0 .. 0]['000000000010182F3030303030303030' seq:0, type:1 .. '0000000000108DDF3030303030303030' seq:0, type:1](0)
 60:8546013[0 .. 0]['0000000000108DE03030303030303030' seq:0, type:1 .. '000000000011039E3030303030303030' seq:0, type:1](0)
 61:8542118[0 .. 0]['000000000011039F3030303030303030' seq:0, type:1 .. '000000000011794F3030303030303030' seq:0, type:1](0)
 62:8546010[0 .. 0]['00000000001179503030303030303030' seq:0, type:1 .. '000000000011EF0E3030303030303030' seq:0, type:1](0)
 63:8542118[0 .. 0]['000000000011EF0F3030303030303030' seq:0, type:1 .. '00000000001264BF3030303030303030' seq:0, type:1](0)
 64:8546010[0 .. 0]['00000000001264C03030303030303030' seq:0, type:1 .. '000000000012DA7E3030303030303030' seq:0, type:1](0)
 65:8542119[0 .. 0]['000000000012DA7F3030303030303030' seq:0, type:1 .. '000000000013502F3030303030303030' seq:0, type:1](0)
 66:8546009[0 .. 0]['00000000001350303030303030303030' seq:0, type:1 .. '000000000013C5EE3030303030303030' seq:0, type:1](0)
 67:8542119[0 .. 0]['000000000013C5EF3030303030303030' seq:0, type:1 .. '0000000000143B9F3030303030303030' seq:0, type:1](0)
 68:8546010[0 .. 0]['0000000000143BA03030303030303030' seq:0, type:1 .. '000000000014B15E3030303030303030' seq:0, type:1](0)
 69:8542119[0 .. 0]['000000000014B15F3030303030303030' seq:0, type:1 .. '000000000015270F3030303030303030' seq:0, type:1](0)
 70:8546009[0 .. 0]['00000000001527103030303030303030' seq:0, type:1 .. '0000000000159CCE3030303030303030' seq:0, type:1](0)
 71:8542119[0 .. 0]['0000000000159CCF3030303030303030' seq:0, type:1 .. '000000000016127F3030303030303030' seq:0, type:1](0)
 72:8546010[0 .. 0]['00000000001612803030303030303030' seq:0, type:1 .. '000000000016883E3030303030303030' seq:0, type:1](0)
 73:8542117[0 .. 0]['000000000016883F3030303030303030' seq:0, type:1 .. '000000000016FDEF3030303030303030' seq:0, type:1](0)
 74:8546011[0 .. 0]['000000000016FDF03030303030303030' seq:0, type:1 .. '00000000001773AE3030303030303030' seq:0, type:1](0)
 75:8542118[0 .. 0]['00000000001773AF3030303030303030' seq:0, type:1 .. '000000000017E95F3030303030303030' seq:0, type:1](0)
 76:8546011[0 .. 0]['000000000017E9603030303030303030' seq:0, type:1 .. '0000000000185F1E3030303030303030' seq:0, type:1](0)
 77:8542117[0 .. 0]['0000000000185F1F3030303030303030' seq:0, type:1 .. '000000000018D4CF3030303030303030' seq:0, type:1](0)
 78:8546011[0 .. 0]['000000000018D4D03030303030303030' seq:0, type:1 .. '0000000000194A8E3030303030303030' seq:0, type:1](0)
 79:8542118[0 .. 0]['0000000000194A8F3030303030303030' seq:0, type:1 .. '000000000019C03F3030303030303030' seq:0, type:1](0)
 89:8546010[0 .. 0]['000000000019C0403030303030303030' seq:0, type:1 .. '00000000001A35FE3030303030303030' seq:0, type:1](0)
 90:8542118[0 .. 0]['00000000001A35FF3030303030303030' seq:0, type:1 .. '00000000001AABAF3030303030303030' seq:0, type:1](0)
 91:8546011[0 .. 0]['00000000001AABB03030303030303030' seq:0, type:1 .. '00000000001B216E3030303030303030' seq:0, type:1](0)
 92:8542118[0 .. 0]['00000000001B216F3030303030303030' seq:0, type:1 .. '00000000001B971F3030303030303030' seq:0, type:1](0)
 93:8546010[0 .. 0]['00000000001B97203030303030303030' seq:0, type:1 .. '00000000001C0CDE3030303030303030' seq:0, type:1](0)
 94:8542118[0 .. 0]['00000000001C0CDF3030303030303030' seq:0, type:1 .. '00000000001C828F3030303030303030' seq:0, type:1](0)
 95:8546010[0 .. 0]['00000000001C82903030303030303030' seq:0, type:1 .. '00000000001CF84E3030303030303030' seq:0, type:1](0)
 96:8542118[0 .. 0]['00000000001CF84F3030303030303030' seq:0, type:1 .. '00000000001D6DFF3030303030303030' seq:0, type:1](0)
 97:8546011[0 .. 0]['00000000001D6E003030303030303030' seq:0, type:1 .. '00000000001DE3BE3030303030303030' seq:0, type:1](0)
 98:8542119[0 .. 0]['00000000001DE3BF3030303030303030' seq:0, type:1 .. '00000000001E596F3030303030303030' seq:0, type:1](0)
 99:8546012[0 .. 0]['00000000001E59703030303030303030' seq:0, type:1 .. '00000000001ECF2E3030303030303030' seq:0, type:1](0)
 100:8542118[0 .. 0]['00000000001ECF2F3030303030303030' seq:0, type:1 .. '00000000001F44DF3030303030303030' seq:0, type:1](0)
 101:8546012[0 .. 0]['00000000001F44E03030303030303030' seq:0, type:1 .. '00000000001FBA9E3030303030303030' seq:0, type:1](0)
 102:8542119[0 .. 0]['00000000001FBA9F3030303030303030' seq:0, type:1 .. '000000000020304F3030303030303030' seq:0, type:1](0)
 103:8546010[0 .. 0]['00000000002030503030303030303030' seq:0, type:1 .. '000000000020A60E3030303030303030' seq:0, type:1](0)
 104:8542118[0 .. 0]['000000000020A60F3030303030303030' seq:0, type:1 .. '0000000000211BBF3030303030303030' seq:0, type:1](0)
 105:8546010[0 .. 0]['0000000000211BC03030303030303030' seq:0, type:1 .. '000000000021917E3030303030303030' seq:0, type:1](0)
 106:8542119[0 .. 0]['000000000021917F3030303030303030' seq:0, type:1 .. '000000000022072F3030303030303030' seq:0, type:1](0)
 107:8546009[0 .. 0]['00000000002207303030303030303030' seq:0, type:1 .. '0000000000227CEE3030303030303030' seq:0, type:1](0)
 108:8542118[0 .. 0]['0000000000227CEF3030303030303030' seq:0, type:1 .. '000000000022F29F3030303030303030' seq:0, type:1](0)
 109:8546011[0 .. 0]['000000000022F2A03030303030303030' seq:0, type:1 .. '000000000023685E3030303030303030' seq:0, type:1](0)
 110:8542118[0 .. 0]['000000000023685F3030303030303030' seq:0, type:1 .. '000000000023DE0F3030303030303030' seq:0, type:1](0)
 111:8546010[0 .. 0]['000000000023DE103030303030303030' seq:0, type:1 .. '00000000002453CE3030303030303030' seq:0, type:1](0)
 112:8542118[0 .. 0]['00000000002453CF3030303030303030' seq:0, type:1 .. '000000000024C97F3030303030303030' seq:0, type:1](0)
 113:8546011[0 .. 0]['000000000024C9803030303030303030' seq:0, type:1 .. '0000000000253F3E3030303030303030' seq:0, type:1](0)
 114:8542117[0 .. 0]['0000000000253F3F3030303030303030' seq:0, type:1 .. '000000000025B4EF3030303030303030' seq:0, type:1](0)
 115:8546011[0 .. 0]['000000000025B4F03030303030303030' seq:0, type:1 .. '0000000000262AAE3030303030303030' seq:0, type:1](0)
 116:8542118[0 .. 0]['0000000000262AAF3030303030303030' seq:0, type:1 .. '000000000026A05F3030303030303030' seq:0, type:1](0)
 117:8546011[0 .. 0]['000000000026A0603030303030303030' seq:0, type:1 .. '000000000027161E3030303030303030' seq:0, type:1](0)
 118:2340128[0 .. 0]['000000000027161F3030303030303030' seq:0, type:1 .. '000000000027365B3030303030303030' seq:0, type:1](0)
 176:8546011[0 .. 0]['0000000000398AF23030303030303030' seq:0, type:1 .. '00000000003A00B03030303030303030' seq:0, type:1](0)
 177:8542118[0 .. 0]['00000000003A00B13030303030303030' seq:0, type:1 .. '00000000003A76613030303030303030' seq:0, type:1](0)
 178:8546012[0 .. 0]['00000000003A76623030303030303030' seq:0, type:1 .. '00000000003AEC203030303030303030' seq:0, type:1](0)
 179:8542118[0 .. 0]['00000000003AEC213030303030303030' seq:0, type:1 .. '00000000003B61D13030303030303030' seq:0, type:1](0)
 180:8546012[0 .. 0]['00000000003B61D23030303030303030' seq:0, type:1 .. '00000000003BD7903030303030303030' seq:0, type:1](0)
 181:8542119[0 .. 0]['00000000003BD7913030303030303030' seq:0, type:1 .. '00000000003C4D413030303030303030' seq:0, type:1](0)
 182:8546010[0 .. 0]['00000000003C4D423030303030303030' seq:0, type:1 .. '00000000003CC3003030303030303030' seq:0, type:1](0)
 183:8542118[0 .. 0]['00000000003CC3013030303030303030' seq:0, type:1 .. '00000000003D38B13030303030303030' seq:0, type:1](0)
 184:8546010[0 .. 0]['00000000003D38B23030303030303030' seq:0, type:1 .. '00000000003DAE703030303030303030' seq:0, type:1](0)
 185:8542119[0 .. 0]['00000000003DAE713030303030303030' seq:0, type:1 .. '00000000003E24213030303030303030' seq:0, type:1](0)
 186:8546009[0 .. 0]['00000000003E24223030303030303030' seq:0, type:1 .. '00000000003E99E03030303030303030' seq:0, type:1](0)
 187:8542119[0 .. 0]['00000000003E99E13030303030303030' seq:0, type:1 .. '00000000003F0F913030303030303030' seq:0, type:1](0)
 188:8546010[0 .. 0]['00000000003F0F923030303030303030' seq:0, type:1 .. '00000000003F85503030303030303030' seq:0, type:1](0)
 189:8542118[0 .. 0]['00000000003F85513030303030303030' seq:0, type:1 .. '00000000003FFB013030303030303030' seq:0, type:1](0)
 190:8546010[0 .. 0]['00000000003FFB023030303030303030' seq:0, type:1 .. '00000000004070C03030303030303030' seq:0, type:1](0)
 191:8542118[0 .. 0]['00000000004070C13030303030303030' seq:0, type:1 .. '000000000040E6713030303030303030' seq:0, type:1](0)
 201:8546011[0 .. 0]['000000000040E6723030303030303030' seq:0, type:1 .. '0000000000415C303030303030303030' seq:0, type:1](0)
 202:8542117[0 .. 0]['0000000000415C313030303030303030' seq:0, type:1 .. '000000000041D1E13030303030303030' seq:0, type:1](0)
 203:8546011[0 .. 0]['000000000041D1E23030303030303030' seq:0, type:1 .. '00000000004247A03030303030303030' seq:0, type:1](0)
 204:8542118[0 .. 0]['00000000004247A13030303030303030' seq:0, type:1 .. '000000000042BD513030303030303030' seq:0, type:1](0)
 205:8546011[0 .. 0]['000000000042BD523030303030303030' seq:0, type:1 .. '00000000004333103030303030303030' seq:0, type:1](0)
 206:8542117[0 .. 0]['00000000004333113030303030303030' seq:0, type:1 .. '000000000043A8C13030303030303030' seq:0, type:1](0)
 207:8546011[0 .. 0]['000000000043A8C23030303030303030' seq:0, type:1 .. '0000000000441E803030303030303030' seq:0, type:1](0)
 208:8542118[0 .. 0]['0000000000441E813030303030303030' seq:0, type:1 .. '00000000004494313030303030303030' seq:0, type:1](0)
 209:8546010[0 .. 0]['00000000004494323030303030303030' seq:0, type:1 .. '00000000004509F03030303030303030' seq:0, type:1](0)
 210:8542118[0 .. 0]['00000000004509F13030303030303030' seq:0, type:1 .. '0000000000457FA13030303030303030' seq:0, type:1](0)
 211:8546010[0 .. 0]['0000000000457FA23030303030303030' seq:0, type:1 .. '000000000045F5603030303030303030' seq:0, type:1](0)
 212:8542119[0 .. 0]['000000000045F5613030303030303030' seq:0, type:1 .. '0000000000466B113030303030303030' seq:0, type:1](0)
 213:8546009[0 .. 0]['0000000000466B123030303030303030' seq:0, type:1 .. '000000000046E0D03030303030303030' seq:0, type:1](0)
 214:8542119[0 .. 0]['000000000046E0D13030303030303030' seq:0, type:1 .. '00000000004756813030303030303030' seq:0, type:1](0)
 215:8546010[0 .. 0]['00000000004756823030303030303030' seq:0, type:1 .. '000000000047CC403030303030303030' seq:0, type:1](0)
 216:8542118[0 .. 0]['000000000047CC413030303030303030' seq:0, type:1 .. '00000000004841F13030303030303030' seq:0, type:1](0)
 217:8546010[0 .. 0]['00000000004841F23030303030303030' seq:0, type:1 .. '000000000048B7B03030303030303030' seq:0, type:1](0)
 218:8542119[0 .. 0]['000000000048B7B13030303030303030' seq:0, type:1 .. '0000000000492D613030303030303030' seq:0, type:1](0)
 219:8546012[0 .. 0]['0000000000492D623030303030303030' seq:0, type:1 .. '000000000049A3203030303030303030' seq:0, type:1](0)
 220:8542118[0 .. 0]['000000000049A3213030303030303030' seq:0, type:1 .. '00000000004A18D13030303030303030' seq:0, type:1](0)
 221:8546012[0 .. 0]['00000000004A18D23030303030303030' seq:0, type:1 .. '00000000004A8E903030303030303030' seq:0, type:1](0)
 222:8542119[0 .. 0]['00000000004A8E913030303030303030' seq:0, type:1 .. '00000000004B04413030303030303030' seq:0, type:1](0)
 223:8546010[0 .. 0]['00000000004B04423030303030303030' seq:0, type:1 .. '00000000004B7A003030303030303030' seq:0, type:1](0)
 224:8542117[0 .. 0]['00000000004B7A013030303030303030' seq:0, type:1 .. '00000000004BEFB13030303030303030' seq:0, type:1](0)
 225:8546011[0 .. 0]['00000000004BEFB23030303030303030' seq:0, type:1 .. '00000000004C65703030303030303030' seq:0, type:1](0)
 226:8542118[0 .. 0]['00000000004C65713030303030303030' seq:0, type:1 .. '00000000004CDB213030303030303030' seq:0, type:1](0)
 227:8546010[0 .. 0]['00000000004CDB223030303030303030' seq:0, type:1 .. '00000000004D50E03030303030303030' seq:0, type:1](0)
 228:8542118[0 .. 0]['00000000004D50E13030303030303030' seq:0, type:1 .. '00000000004DC6913030303030303030' seq:0, type:1](0)
 229:8546011[0 .. 0]['00000000004DC6923030303030303030' seq:0, type:1 .. '00000000004E3C503030303030303030' seq:0, type:1](0)
 239:8542118[0 .. 0]['00000000004E3C513030303030303030' seq:0, type:1 .. '00000000004EB2013030303030303030' seq:0, type:1](0)
 240:8546010[0 .. 0]['00000000004EB2023030303030303030' seq:0, type:1 .. '00000000004F27C03030303030303030' seq:0, type:1](0)
 241:8542118[0 .. 0]['00000000004F27C13030303030303030' seq:0, type:1 .. '00000000004F9D713030303030303030' seq:0, type:1](0)
 242:8546011[0 .. 0]['00000000004F9D723030303030303030' seq:0, type:1 .. '00000000005013303030303030303030' seq:0, type:1](0)
 243:8542117[0 .. 0]['00000000005013313030303030303030' seq:0, type:1 .. '00000000005088E13030303030303030' seq:0, type:1](0)
 244:8546010[0 .. 0]['00000000005088E23030303030303030' seq:0, type:1 .. '000000000050FEA03030303030303030' seq:0, type:1](0)
 245:8542119[0 .. 0]['000000000050FEA13030303030303030' seq:0, type:1 .. '00000000005174513030303030303030' seq:0, type:1](0)
 246:8546010[0 .. 0]['00000000005174523030303030303030' seq:0, type:1 .. '000000000051EA103030303030303030' seq:0, type:1](0)
 247:8542118[0 .. 0]['000000000051EA113030303030303030' seq:0, type:1 .. '0000000000525FC13030303030303030' seq:0, type:1](0)
 248:8546010[0 .. 0]['0000000000525FC23030303030303030' seq:0, type:1 .. '000000000052D5803030303030303030' seq:0, type:1](0)
 249:8542119[0 .. 0]['000000000052D5813030303030303030' seq:0, type:1 .. '0000000000534B313030303030303030' seq:0, type:1](0)
 250:8546009[0 .. 0]['0000000000534B323030303030303030' seq:0, type:1 .. '000000000053C0F03030303030303030' seq:0, type:1](0)
 251:8542119[0 .. 0]['000000000053C0F13030303030303030' seq:0, type:1 .. '00000000005436A13030303030303030' seq:0, type:1](0)
 252:8546010[0 .. 0]['00000000005436A23030303030303030' seq:0, type:1 .. '000000000054AC603030303030303030' seq:0, type:1](0)
 253:8542119[0 .. 0]['000000000054AC613030303030303030' seq:0, type:1 .. '00000000005522113030303030303030' seq:0, type:1](0)
 254:8546009[0 .. 0]['00000000005522123030303030303030' seq:0, type:1 .. '00000000005597D03030303030303030' seq:0, type:1](0)
 255:8542119[0 .. 0]['00000000005597D13030303030303030' seq:0, type:1 .. '0000000000560D813030303030303030' seq:0, type:1](0)
 256:8546010[0 .. 0]['0000000000560D823030303030303030' seq:0, type:1 .. '00000000005683403030303030303030' seq:0, type:1](0)
 257:8542117[0 .. 0]['00000000005683413030303030303030' seq:0, type:1 .. '000000000056F8F13030303030303030' seq:0, type:1](0)
 258:8546009[0 .. 0]['000000000056F8F23030303030303030' seq:0, type:1 .. '0000000000576EB03030303030303030' seq:0, type:1](0)
 259:8542118[0 .. 0]['0000000000576EB13030303030303030' seq:0, type:1 .. '000000000057E4613030303030303030' seq:0, type:1](0)
 260:8546011[0 .. 0]['000000000057E4623030303030303030' seq:0, type:1 .. '0000000000585A203030303030303030' seq:0, type:1](0)
 261:8542117[0 .. 0]['0000000000585A213030303030303030' seq:0, type:1 .. '000000000058CFD13030303030303030' seq:0, type:1](0)
 262:8546011[0 .. 0]['000000000058CFD23030303030303030' seq:0, type:1 .. '00000000005945903030303030303030' seq:0, type:1](0)
 263:8542118[0 .. 0]['00000000005945913030303030303030' seq:0, type:1 .. '000000000059BB413030303030303030' seq:0, type:1](0)
 264:8546009[0 .. 0]['000000000059BB423030303030303030' seq:0, type:1 .. '00000000005A31003030303030303030' seq:0, type:1](0)
 265:8542117[0 .. 0]['00000000005A31013030303030303030' seq:0, type:1 .. '00000000005AA6B13030303030303030' seq:0, type:1](0)
 266:8546009[0 .. 0]['00000000005AA6B23030303030303030' seq:0, type:1 .. '00000000005B1C703030303030303030' seq:0, type:1](0)
 276:8542118[0 .. 0]['00000000005B1C713030303030303030' seq:0, type:1 .. '00000000005B92213030303030303030' seq:0, type:1](0)
 277:8546008[0 .. 0]['00000000005B92223030303030303030' seq:0, type:1 .. '00000000005C07E03030303030303030' seq:0, type:1](0)
 278:8542118[0 .. 0]['00000000005C07E13030303030303030' seq:0, type:1 .. '00000000005C7D913030303030303030' seq:0, type:1](0)
 279:8546010[0 .. 0]['00000000005C7D923030303030303030' seq:0, type:1 .. '00000000005CF3503030303030303030' seq:0, type:1](0)
 280:8542119[0 .. 0]['00000000005CF3513030303030303030' seq:0, type:1 .. '00000000005D69013030303030303030' seq:0, type:1](0)
 281:8546009[0 .. 0]['00000000005D69023030303030303030' seq:0, type:1 .. '00000000005DDEC03030303030303030' seq:0, type:1](0)
 282:8542119[0 .. 0]['00000000005DDEC13030303030303030' seq:0, type:1 .. '00000000005E54713030303030303030' seq:0, type:1](0)
 283:8546010[0 .. 0]['00000000005E54723030303030303030' seq:0, type:1 .. '00000000005ECA303030303030303030' seq:0, type:1](0)
 284:8542118[0 .. 0]['00000000005ECA313030303030303030' seq:0, type:1 .. '00000000005F3FE13030303030303030' seq:0, type:1](0)
 285:8546010[0 .. 0]['00000000005F3FE23030303030303030' seq:0, type:1 .. '00000000005FB5A03030303030303030' seq:0, type:1](0)
 286:8542119[0 .. 0]['00000000005FB5A13030303030303030' seq:0, type:1 .. '0000000000602B513030303030303030' seq:0, type:1](0)
 287:8546010[0 .. 0]['0000000000602B523030303030303030' seq:0, type:1 .. '000000000060A1103030303030303030' seq:0, type:1](0)
 288:8542118[0 .. 0]['000000000060A1113030303030303030' seq:0, type:1 .. '00000000006116C13030303030303030' seq:0, type:1](0)
 289:8546010[0 .. 0]['00000000006116C23030303030303030' seq:0, type:1 .. '0000000000618C803030303030303030' seq:0, type:1](0)
 290:8542119[0 .. 0]['0000000000618C813030303030303030' seq:0, type:1 .. '00000000006202313030303030303030' seq:0, type:1](0)
 291:8546009[0 .. 0]['00000000006202323030303030303030' seq:0, type:1 .. '00000000006277F03030303030303030' seq:0, type:1](0)
 292:8542118[0 .. 0]['00000000006277F13030303030303030' seq:0, type:1 .. '000000000062EDA13030303030303030' seq:0, type:1](0)
 293:8546011[0 .. 0]['000000000062EDA23030303030303030' seq:0, type:1 .. '00000000006363603030303030303030' seq:0, type:1](0)
 294:8542118[0 .. 0]['00000000006363613030303030303030' seq:0, type:1 .. '000000000063D9113030303030303030' seq:0, type:1](0)
 295:8546010[0 .. 0]['000000000063D9123030303030303030' seq:0, type:1 .. '0000000000644ED03030303030303030' seq:0, type:1](0)
 296:8542118[0 .. 0]['0000000000644ED13030303030303030' seq:0, type:1 .. '000000000064C4813030303030303030' seq:0, type:1](0)
 297:8546011[0 .. 0]['000000000064C4823030303030303030' seq:0, type:1 .. '0000000000653A403030303030303030' seq:0, type:1](0)
 298:8542117[0 .. 0]['0000000000653A413030303030303030' seq:0, type:1 .. '000000000065AFF13030303030303030' seq:0, type:1](0)
 299:8546011[0 .. 0]['000000000065AFF23030303030303030' seq:0, type:1 .. '00000000006625B03030303030303030' seq:0, type:1](0)
 300:8542118[0 .. 0]['00000000006625B13030303030303030' seq:0, type:1 .. '0000000000669B613030303030303030' seq:0, type:1](0)
 301:8546013[0 .. 0]['0000000000669B623030303030303030' seq:0, type:1 .. '00000000006711203030303030303030' seq:0, type:1](0)
 302:8542117[0 .. 0]['00000000006711213030303030303030' seq:0, type:1 .. '00000000006786D13030303030303030' seq:0, type:1](0)
 303:8546012[0 .. 0]['00000000006786D23030303030303030' seq:0, type:1 .. '000000000067FC903030303030303030' seq:0, type:1](0)
 304:8542119[0 .. 0]['000000000067FC913030303030303030' seq:0, type:1 .. '00000000006872413030303030303030' seq:0, type:1](0)
 314:8546010[0 .. 0]['00000000006872423030303030303030' seq:0, type:1 .. '000000000068E8003030303030303030' seq:0, type:1](0)
 315:8542118[0 .. 0]['000000000068E8013030303030303030' seq:0, type:1 .. '0000000000695DB13030303030303030' seq:0, type:1](0)
 316:8546010[0 .. 0]['0000000000695DB23030303030303030' seq:0, type:1 .. '000000000069D3703030303030303030' seq:0, type:1](0)
 317:8542119[0 .. 0]['000000000069D3713030303030303030' seq:0, type:1 .. '00000000006A49213030303030303030' seq:0, type:1](0)
 318:8546009[0 .. 0]['00000000006A49223030303030303030' seq:0, type:1 .. '00000000006ABEE03030303030303030' seq:0, type:1](0)
 319:8542119[0 .. 0]['00000000006ABEE13030303030303030' seq:0, type:1 .. '00000000006B34913030303030303030' seq:0, type:1](0)
 320:8546010[0 .. 0]['00000000006B34923030303030303030' seq:0, type:1 .. '00000000006BAA503030303030303030' seq:0, type:1](0)
 321:8542119[0 .. 0]['00000000006BAA513030303030303030' seq:0, type:1 .. '00000000006C20013030303030303030' seq:0, type:1](0)
 322:8546009[0 .. 0]['00000000006C20023030303030303030' seq:0, type:1 .. '00000000006C95C03030303030303030' seq:0, type:1](0)
 323:8542119[0 .. 0]['00000000006C95C13030303030303030' seq:0, type:1 .. '00000000006D0B713030303030303030' seq:0, type:1](0)
 324:8546010[0 .. 0]['00000000006D0B723030303030303030' seq:0, type:1 .. '00000000006D81303030303030303030' seq:0, type:1](0)
 325:8542117[0 .. 0]['00000000006D81313030303030303030' seq:0, type:1 .. '00000000006DF6E13030303030303030' seq:0, type:1](0)
 326:8546011[0 .. 0]['00000000006DF6E23030303030303030' seq:0, type:1 .. '00000000006E6CA03030303030303030' seq:0, type:1](0)
 327:8542118[0 .. 0]['00000000006E6CA13030303030303030' seq:0, type:1 .. '00000000006EE2513030303030303030' seq:0, type:1](0)
 328:8546011[0 .. 0]['00000000006EE2523030303030303030' seq:0, type:1 .. '00000000006F58103030303030303030' seq:0, type:1](0)
 329:8542117[0 .. 0]['00000000006F58113030303030303030' seq:0, type:1 .. '00000000006FCDC13030303030303030' seq:0, type:1](0)
 330:8546011[0 .. 0]['00000000006FCDC23030303030303030' seq:0, type:1 .. '00000000007043803030303030303030' seq:0, type:1](0)
 331:8542118[0 .. 0]['00000000007043813030303030303030' seq:0, type:1 .. '000000000070B9313030303030303030' seq:0, type:1](0)
 332:8546010[0 .. 0]['000000000070B9323030303030303030' seq:0, type:1 .. '0000000000712EF03030303030303030' seq:0, type:1](0)
 333:8542118[0 .. 0]['0000000000712EF13030303030303030' seq:0, type:1 .. '000000000071A4A13030303030303030' seq:0, type:1](0)
 334:8546011[0 .. 0]['000000000071A4A23030303030303030' seq:0, type:1 .. '0000000000721A603030303030303030' seq:0, type:1](0)
 335:8542118[0 .. 0]['0000000000721A613030303030303030' seq:0, type:1 .. '00000000007290113030303030303030' seq:0, type:1](0)
 336:8546010[0 .. 0]['00000000007290123030303030303030' seq:0, type:1 .. '00000000007305D03030303030303030' seq:0, type:1](0)
 337:8542118[0 .. 0]['00000000007305D13030303030303030' seq:0, type:1 .. '0000000000737B813030303030303030' seq:0, type:1](0)
 338:8546010[0 .. 0]['0000000000737B823030303030303030' seq:0, type:1 .. '000000000073F1403030303030303030' seq:0, type:1](0)
 339:8542118[0 .. 0]['000000000073F1413030303030303030' seq:0, type:1 .. '00000000007466F13030303030303030' seq:0, type:1](0)
 340:8546010[0 .. 0]['00000000007466F23030303030303030' seq:0, type:1 .. '000000000074DCB03030303030303030' seq:0, type:1](0)
 341:8542119[0 .. 0]['000000000074DCB13030303030303030' seq:0, type:1 .. '00000000007552613030303030303030' seq:0, type:1](0)
 351:8546012[0 .. 0]['00000000007552623030303030303030' seq:0, type:1 .. '000000000075C8203030303030303030' seq:0, type:1](0)
 352:8542118[0 .. 0]['000000000075C8213030303030303030' seq:0, type:1 .. '0000000000763DD13030303030303030' seq:0, type:1](0)
 353:8546012[0 .. 0]['0000000000763DD23030303030303030' seq:0, type:1 .. '000000000076B3903030303030303030' seq:0, type:1](0)
 354:8542119[0 .. 0]['000000000076B3913030303030303030' seq:0, type:1 .. '00000000007729413030303030303030' seq:0, type:1](0)
 355:8546010[0 .. 0]['00000000007729423030303030303030' seq:0, type:1 .. '0000000000779F003030303030303030' seq:0, type:1](0)
 356:8542118[0 .. 0]['0000000000779F013030303030303030' seq:0, type:1 .. '00000000007814B13030303030303030' seq:0, type:1](0)
 357:8546010[0 .. 0]['00000000007814B23030303030303030' seq:0, type:1 .. '0000000000788A703030303030303030' seq:0, type:1](0)
 358:8542119[0 .. 0]['0000000000788A713030303030303030' seq:0, type:1 .. '00000000007900213030303030303030' seq:0, type:1](0)
 359:8546009[0 .. 0]['00000000007900223030303030303030' seq:0, type:1 .. '00000000007975E03030303030303030' seq:0, type:1](0)
 360:8542118[0 .. 0]['00000000007975E13030303030303030' seq:0, type:1 .. '000000000079EB913030303030303030' seq:0, type:1](0)
 361:8546011[0 .. 0]['000000000079EB923030303030303030' seq:0, type:1 .. '00000000007A61503030303030303030' seq:0, type:1](0)
 362:8542118[0 .. 0]['00000000007A61513030303030303030' seq:0, type:1 .. '00000000007AD7013030303030303030' seq:0, type:1](0)
 363:8546010[0 .. 0]['00000000007AD7023030303030303030' seq:0, type:1 .. '00000000007B4CC03030303030303030' seq:0, type:1](0)
 364:8542118[0 .. 0]['00000000007B4CC13030303030303030' seq:0, type:1 .. '00000000007BC2713030303030303030' seq:0, type:1](0)
 365:8546011[0 .. 0]['00000000007BC2723030303030303030' seq:0, type:1 .. '00000000007C38303030303030303030' seq:0, type:1](0)
 366:8542117[0 .. 0]['00000000007C38313030303030303030' seq:0, type:1 .. '00000000007CADE13030303030303030' seq:0, type:1](0)
 367:8546011[0 .. 0]['00000000007CADE23030303030303030' seq:0, type:1 .. '00000000007D23A03030303030303030' seq:0, type:1](0)
 368:8542118[0 .. 0]['00000000007D23A13030303030303030' seq:0, type:1 .. '00000000007D99513030303030303030' seq:0, type:1](0)
 369:8546011[0 .. 0]['00000000007D99523030303030303030' seq:0, type:1 .. '00000000007E0F103030303030303030' seq:0, type:1](0)
 370:8542117[0 .. 0]['00000000007E0F113030303030303030' seq:0, type:1 .. '00000000007E84C13030303030303030' seq:0, type:1](0)
 371:8546010[0 .. 0]['00000000007E84C23030303030303030' seq:0, type:1 .. '00000000007EFA803030303030303030' seq:0, type:1](0)
 372:8542119[0 .. 0]['00000000007EFA813030303030303030' seq:0, type:1 .. '00000000007F70313030303030303030' seq:0, type:1](0)
 373:8546009[0 .. 0]['00000000007F70323030303030303030' seq:0, type:1 .. '00000000007FE5F03030303030303030' seq:0, type:1](0)
 374:8542119[0 .. 0]['00000000007FE5F13030303030303030' seq:0, type:1 .. '0000000000805BA13030303030303030' seq:0, type:1](0)
 375:8546010[0 .. 0]['0000000000805BA23030303030303030' seq:0, type:1 .. '000000000080D1603030303030303030' seq:0, type:1](0)
 376:8542119[0 .. 0]['000000000080D1613030303030303030' seq:0, type:1 .. '00000000008147113030303030303030' seq:0, type:1](0)
 377:8546009[0 .. 0]['00000000008147123030303030303030' seq:0, type:1 .. '000000000081BCD03030303030303030' seq:0, type:1](0)
 378:8542119[0 .. 0]['000000000081BCD13030303030303030' seq:0, type:1 .. '00000000008232813030303030303030' seq:0, type:1](0)
 388:8546010[0 .. 0]['00000000008232823030303030303030' seq:0, type:1 .. '000000000082A8403030303030303030' seq:0, type:1](0)
 389:8542118[0 .. 0]['000000000082A8413030303030303030' seq:0, type:1 .. '0000000000831DF13030303030303030' seq:0, type:1](0)
 390:8546010[0 .. 0]['0000000000831DF23030303030303030' seq:0, type:1 .. '00000000008393B03030303030303030' seq:0, type:1](0)
 391:8542119[0 .. 0]['00000000008393B13030303030303030' seq:0, type:1 .. '00000000008409613030303030303030' seq:0, type:1](0)
 392:8546012[0 .. 0]['00000000008409623030303030303030' seq:0, type:1 .. '0000000000847F203030303030303030' seq:0, type:1](0)
 393:8542117[0 .. 0]['0000000000847F213030303030303030' seq:0, type:1 .. '000000000084F4D13030303030303030' seq:0, type:1](0)
 402:8546011[0 .. 0]['000000000088A2923030303030303030' seq:0, type:1 .. '00000000008918503030303030303030' seq:0, type:1](0)

STATISTICS:
rocksdb.block.cache.miss COUNT : 0
rocksdb.block.cache.hit COUNT : 0
rocksdb.block.cache.add COUNT : 0
rocksdb.block.cache.add.failures COUNT : 0
rocksdb.block.cache.index.miss COUNT : 0
rocksdb.block.cache.index.hit COUNT : 0
rocksdb.block.cache.index.add COUNT : 0
rocksdb.block.cache.index.bytes.insert COUNT : 0
rocksdb.block.cache.index.bytes.evict COUNT : 0
rocksdb.block.cache.filter.miss COUNT : 0
rocksdb.block.cache.filter.hit COUNT : 0
rocksdb.block.cache.filter.add COUNT : 0
rocksdb.block.cache.filter.bytes.insert COUNT : 0
rocksdb.block.cache.filter.bytes.evict COUNT : 0
rocksdb.block.cache.data.miss COUNT : 0
rocksdb.block.cache.data.hit COUNT : 0
rocksdb.block.cache.data.add COUNT : 0
rocksdb.block.cache.data.bytes.insert COUNT : 0
rocksdb.block.cache.bytes.read COUNT : 0
rocksdb.block.cache.bytes.write COUNT : 0
rocksdb.bloom.filter.useful COUNT : 0
rocksdb.bloom.filter.full.positive COUNT : 0
rocksdb.bloom.filter.full.true.positive COUNT : 0
rocksdb.bloom.filter.micros COUNT : 0
rocksdb.persistent.cache.hit COUNT : 0
rocksdb.persistent.cache.miss COUNT : 691956
rocksdb.sim.block.cache.hit COUNT : 0
rocksdb.sim.block.cache.miss COUNT : 0
rocksdb.memtable.hit COUNT : 0
rocksdb.memtable.miss COUNT : 0
rocksdb.l0.hit COUNT : 0
rocksdb.l1.hit COUNT : 0
rocksdb.l2andup.hit COUNT : 0
rocksdb.compaction.key.drop.new COUNT : 81140
rocksdb.compaction.key.drop.obsolete COUNT : 0
rocksdb.compaction.key.drop.range_del COUNT : 0
rocksdb.compaction.key.drop.user COUNT : 0
rocksdb.compaction.range_del.drop.obsolete COUNT : 0
rocksdb.compaction.optimized.del.drop.obsolete COUNT : 0
rocksdb.compaction.cancelled COUNT : 0
rocksdb.number.keys.written COUNT : 20000000
rocksdb.number.keys.read COUNT : 0
rocksdb.number.keys.updated COUNT : 0
rocksdb.bytes.written COUNT : 5759337552
rocksdb.bytes.read COUNT : 0
rocksdb.number.db.seek COUNT : 0
rocksdb.number.db.next COUNT : 0
rocksdb.number.db.prev COUNT : 0
rocksdb.number.db.seek.found COUNT : 0
rocksdb.number.db.next.found COUNT : 0
rocksdb.number.db.prev.found COUNT : 0
rocksdb.db.iter.bytes.read COUNT : 0
rocksdb.no.file.closes COUNT : 0
rocksdb.no.file.opens COUNT : 369
rocksdb.no.file.errors COUNT : 0
rocksdb.l0.slowdown.micros COUNT : 0
rocksdb.memtable.compaction.micros COUNT : 0
rocksdb.l0.num.files.stall.micros COUNT : 0
rocksdb.stall.micros COUNT : 0
rocksdb.db.mutex.wait.micros COUNT : 0
rocksdb.rate.limit.delay.millis COUNT : 0
rocksdb.num.iterators COUNT : 0
rocksdb.number.multiget.get COUNT : 0
rocksdb.number.multiget.keys.read COUNT : 0
rocksdb.number.multiget.bytes.read COUNT : 0
rocksdb.number.deletes.filtered COUNT : 0
rocksdb.number.merge.failures COUNT : 0
rocksdb.bloom.filter.prefix.checked COUNT : 0
rocksdb.bloom.filter.prefix.useful COUNT : 0
rocksdb.number.reseeks.iteration COUNT : 0
rocksdb.getupdatessince.calls COUNT : 0
rocksdb.block.cachecompressed.miss COUNT : 0
rocksdb.block.cachecompressed.hit COUNT : 0
rocksdb.block.cachecompressed.add COUNT : 0
rocksdb.block.cachecompressed.add.failures COUNT : 0
rocksdb.wal.synced COUNT : 0
rocksdb.wal.bytes COUNT : 5759337552
rocksdb.write.self COUNT : 19944796
rocksdb.write.other COUNT : 55204
rocksdb.write.timeout COUNT : 0
rocksdb.write.wal COUNT : 20000000
rocksdb.compact.read.bytes COUNT : 2741627634
rocksdb.compact.write.bytes COUNT : 2719041864
rocksdb.flush.write.bytes COUNT : 2816208401
rocksdb.number.direct.load.table.properties COUNT : 0
rocksdb.number.superversion_acquires COUNT : 0
rocksdb.number.superversion_releases COUNT : 0
rocksdb.number.superversion_cleanups COUNT : 0
rocksdb.number.block.compressed COUNT : 0
rocksdb.number.block.decompressed COUNT : 0
rocksdb.number.block.not_compressed COUNT : 0
rocksdb.merge.operation.time.nanos COUNT : 0
rocksdb.filter.operation.time.nanos COUNT : 0
rocksdb.row.cache.hit COUNT : 0
rocksdb.row.cache.miss COUNT : 0
rocksdb.read.amp.estimate.useful.bytes COUNT : 0
rocksdb.read.amp.total.read.bytes COUNT : 0
rocksdb.number.rate_limiter.drains COUNT : 0
rocksdb.number.iter.skip COUNT : 0
rocksdb.blobdb.num.put COUNT : 0
rocksdb.blobdb.num.write COUNT : 0
rocksdb.blobdb.num.get COUNT : 0
rocksdb.blobdb.num.multiget COUNT : 0
rocksdb.blobdb.num.seek COUNT : 0
rocksdb.blobdb.num.next COUNT : 0
rocksdb.blobdb.num.prev COUNT : 0
rocksdb.blobdb.num.keys.written COUNT : 0
rocksdb.blobdb.num.keys.read COUNT : 0
rocksdb.blobdb.bytes.written COUNT : 0
rocksdb.blobdb.bytes.read COUNT : 0
rocksdb.blobdb.write.inlined COUNT : 0
rocksdb.blobdb.write.inlined.ttl COUNT : 0
rocksdb.blobdb.write.blob COUNT : 0
rocksdb.blobdb.write.blob.ttl COUNT : 0
rocksdb.blobdb.blob.file.bytes.written COUNT : 0
rocksdb.blobdb.blob.file.bytes.read COUNT : 0
rocksdb.blobdb.blob.file.synced COUNT : 0
rocksdb.blobdb.blob.index.expired.count COUNT : 0
rocksdb.blobdb.blob.index.expired.size COUNT : 0
rocksdb.blobdb.blob.index.evicted.count COUNT : 0
rocksdb.blobdb.blob.index.evicted.size COUNT : 0
rocksdb.blobdb.gc.num.files COUNT : 0
rocksdb.blobdb.gc.num.new.files COUNT : 0
rocksdb.blobdb.gc.failures COUNT : 0
rocksdb.blobdb.gc.num.keys.overwritten COUNT : 0
rocksdb.blobdb.gc.num.keys.expired COUNT : 0
rocksdb.blobdb.gc.num.keys.relocated COUNT : 0
rocksdb.blobdb.gc.bytes.overwritten COUNT : 0
rocksdb.blobdb.gc.bytes.expired COUNT : 0
rocksdb.blobdb.gc.bytes.relocated COUNT : 0
rocksdb.blobdb.fifo.num.files.evicted COUNT : 0
rocksdb.blobdb.fifo.num.keys.evicted COUNT : 0
rocksdb.blobdb.fifo.bytes.evicted COUNT : 0
rocksdb.txn.overhead.mutex.prepare COUNT : 0
rocksdb.txn.overhead.mutex.old.commit.map COUNT : 0
rocksdb.txn.overhead.duplicate.key COUNT : 0
rocksdb.txn.overhead.mutex.snapshot COUNT : 0
rocksdb.number.multiget.keys.found COUNT : 0
rocksdb.num.iterator.created COUNT : 0
rocksdb.num.iterator.deleted COUNT : 0
rocksdb.block.cache.compression.dict.miss COUNT : 0
rocksdb.block.cache.compression.dict.hit COUNT : 0
rocksdb.block.cache.compression.dict.add COUNT : 0
rocksdb.block.cache.compression.dict.bytes.insert COUNT : 0
rocksdb.block.cache.compression.dict.bytes.evict COUNT : 0
rocksdb.db.get.micros P50 : 0.000000 P95 : 0.000000 P99 : 0.000000 P100 : 0.000000 COUNT : 0 SUM : 0
rocksdb.db.write.micros P50 : 11.570020 P95 : 16.625502 P99 : 27.697632 P100 : 4614.000000 COUNT : 20000000 SUM : 236094948
rocksdb.compaction.times.micros P50 : 972662.000000 P95 : 972662.000000 P99 : 972662.000000 P100 : 972662.000000 COUNT : 11 SUM : 10186529
rocksdb.compaction.times.cpu_micros P50 : 797857.142857 P95 : 886079.000000 P99 : 886079.000000 P100 : 886079.000000 COUNT : 11 SUM : 9249222
rocksdb.subcompaction.setup.times.micros P50 : 0.000000 P95 : 0.000000 P99 : 0.000000 P100 : 0.000000 COUNT : 0 SUM : 0
rocksdb.table.sync.micros P50 : 27500.000000 P95 : 31222.000000 P99 : 31222.000000 P100 : 31222.000000 COUNT : 46 SUM : 1263126
rocksdb.compaction.outfile.sync.micros P50 : 3698.801370 P95 : 5064.000000 P99 : 5064.000000 P100 : 5064.000000 COUNT : 323 SUM : 1346328
rocksdb.wal.file.sync.micros P50 : 0.000000 P95 : 0.000000 P99 : 0.000000 P100 : 0.000000 COUNT : 0 SUM : 0
rocksdb.manifest.file.sync.micros P50 : 119.557522 P95 : 203.142857 P99 : 299.400000 P100 : 1472.000000 COUNT : 224 SUM : 27873
rocksdb.table.open.io.micros P50 : 275.909091 P95 : 1190.175676 P99 : 1698.250000 P100 : 2126.000000 COUNT : 369 SUM : 137835
rocksdb.db.multiget.micros P50 : 0.000000 P95 : 0.000000 P99 : 0.000000 P100 : 0.000000 COUNT : 0 SUM : 0
rocksdb.read.block.compaction.micros P50 : 0.000000 P95 : 0.000000 P99 : 0.000000 P100 : 0.000000 COUNT : 0 SUM : 0
rocksdb.read.block.get.micros P50 : 2.218225 P95 : 3.763612 P99 : 10.266087 P100 : 1061.000000 COUNT : 691587 SUM : 2079006
rocksdb.write.raw.block.micros P50 : 0.512873 P95 : 0.974458 P99 : 4.663681 P100 : 1465.000000 COUNT : 1396358 SUM : 4047732
rocksdb.l0.slowdown.count P50 : 0.000000 P95 : 0.000000 P99 : 0.000000 P100 : 0.000000 COUNT : 0 SUM : 0
rocksdb.memtable.compaction.count P50 : 0.000000 P95 : 0.000000 P99 : 0.000000 P100 : 0.000000 COUNT : 0 SUM : 0
rocksdb.num.files.stall.count P50 : 0.000000 P95 : 0.000000 P99 : 0.000000 P100 : 0.000000 COUNT : 0 SUM : 0
rocksdb.hard.rate.limit.delay.count P50 : 0.000000 P95 : 0.000000 P99 : 0.000000 P100 : 0.000000 COUNT : 0 SUM : 0
rocksdb.soft.rate.limit.delay.count P50 : 0.000000 P95 : 0.000000 P99 : 0.000000 P100 : 0.000000 COUNT : 0 SUM : 0
rocksdb.numfiles.in.singlecompaction P50 : 1.000000 P95 : 3.200000 P99 : 3.840000 P100 : 4.000000 COUNT : 176 SUM : 209
rocksdb.db.seek.micros P50 : 0.000000 P95 : 0.000000 P99 : 0.000000 P100 : 0.000000 COUNT : 0 SUM : 0
rocksdb.db.write.stall P50 : 0.000000 P95 : 0.000000 P99 : 0.000000 P100 : 0.000000 COUNT : 0 SUM : 0
rocksdb.sst.read.micros P50 : 0.824893 P95 : 1.913257 P99 : 2.882649 P100 : 266.000000 COUNT : 692694 SUM : 1038288
rocksdb.num.subcompactions.scheduled P50 : 0.000000 P95 : 0.000000 P99 : 0.000000 P100 : 0.000000 COUNT : 0 SUM : 0
rocksdb.bytes.per.read P50 : 0.000000 P95 : 0.000000 P99 : 0.000000 P100 : 0.000000 COUNT : 0 SUM : 0
rocksdb.bytes.per.write P50 : 315.180409 P95 : 373.842777 P99 : 379.057210 P100 : 564.000000 COUNT : 19944796 SUM : 5759337552
rocksdb.bytes.per.multiget P50 : 0.000000 P95 : 0.000000 P99 : 0.000000 P100 : 0.000000 COUNT : 0 SUM : 0
rocksdb.bytes.compressed P50 : 0.000000 P95 : 0.000000 P99 : 0.000000 P100 : 0.000000 COUNT : 0 SUM : 0
rocksdb.bytes.decompressed P50 : 0.000000 P95 : 0.000000 P99 : 0.000000 P100 : 0.000000 COUNT : 0 SUM : 0
rocksdb.compression.times.nanos P50 : 0.000000 P95 : 0.000000 P99 : 0.000000 P100 : 0.000000 COUNT : 0 SUM : 0
rocksdb.decompression.times.nanos P50 : 0.000000 P95 : 0.000000 P99 : 0.000000 P100 : 0.000000 COUNT : 0 SUM : 0
rocksdb.read.num.merge_operands P50 : 0.000000 P95 : 0.000000 P99 : 0.000000 P100 : 0.000000 COUNT : 0 SUM : 0
rocksdb.blobdb.key.size P50 : 0.000000 P95 : 0.000000 P99 : 0.000000 P100 : 0.000000 COUNT : 0 SUM : 0
rocksdb.blobdb.value.size P50 : 0.000000 P95 : 0.000000 P99 : 0.000000 P100 : 0.000000 COUNT : 0 SUM : 0
rocksdb.blobdb.write.micros P50 : 0.000000 P95 : 0.000000 P99 : 0.000000 P100 : 0.000000 COUNT : 0 SUM : 0
rocksdb.blobdb.get.micros P50 : 0.000000 P95 : 0.000000 P99 : 0.000000 P100 : 0.000000 COUNT : 0 SUM : 0
rocksdb.blobdb.multiget.micros P50 : 0.000000 P95 : 0.000000 P99 : 0.000000 P100 : 0.000000 COUNT : 0 SUM : 0
rocksdb.blobdb.seek.micros P50 : 0.000000 P95 : 0.000000 P99 : 0.000000 P100 : 0.000000 COUNT : 0 SUM : 0
rocksdb.blobdb.next.micros P50 : 0.000000 P95 : 0.000000 P99 : 0.000000 P100 : 0.000000 COUNT : 0 SUM : 0
rocksdb.blobdb.prev.micros P50 : 0.000000 P95 : 0.000000 P99 : 0.000000 P100 : 0.000000 COUNT : 0 SUM : 0
rocksdb.blobdb.blob.file.write.micros P50 : 0.000000 P95 : 0.000000 P99 : 0.000000 P100 : 0.000000 COUNT : 0 SUM : 0
rocksdb.blobdb.blob.file.read.micros P50 : 0.000000 P95 : 0.000000 P99 : 0.000000 P100 : 0.000000 COUNT : 0 SUM : 0
rocksdb.blobdb.blob.file.sync.micros P50 : 0.000000 P95 : 0.000000 P99 : 0.000000 P100 : 0.000000 COUNT : 0 SUM : 0
rocksdb.blobdb.gc.micros P50 : 0.000000 P95 : 0.000000 P99 : 0.000000 P100 : 0.000000 COUNT : 0 SUM : 0
rocksdb.blobdb.compression.micros P50 : 0.000000 P95 : 0.000000 P99 : 0.000000 P100 : 0.000000 COUNT : 0 SUM : 0
rocksdb.blobdb.decompression.micros P50 : 0.000000 P95 : 0.000000 P99 : 0.000000 P100 : 0.000000 COUNT : 0 SUM : 0
rocksdb.db.flush.micros P50 : 206190.476190 P95 : 245619.047619 P99 : 247786.000000 P100 : 247786.000000 COUNT : 46 SUM : 9490185
rocksdb.sst.batch.size P50 : 0.000000 P95 : 0.000000 P99 : 0.000000 P100 : 0.000000 COUNT : 0 SUM : 0

