Initializing RocksDB Options from the specified file
Initializing RocksDB Options from command-line flags
paht=/home/zyh/480G/wp/pcache/pcache_file
Keys:       16 bytes each
Values:     256 bytes each (128 bytes after compression)
Entries:    5000000
Prefix:    0 bytes
Keys per prefix:    0
RawSize:    1297.0 MB (estimated)
FileSize:   686.6 MB (estimated)
Write rate: 0 bytes/second
Read rate: 0 ops/second
Compression: NoCompression
Compression sampling rate: 0
Memtablerep: skip_list
Perf Level: 5
WARNING: Assertions are enabled; benchmarks unnecessarily slow
------------------------------------------------
Initializing RocksDB Options from the specified file
Initializing RocksDB Options from command-line flags
paht=/home/zyh/480G/wp/pcache/pcache_file
DB path: [/home/zyh/480G/wp]
fillseq      :      12.667 micros/op 157881 ops/sec;   41.0 MB/s
Microseconds per write:
Count: 10000000 Average: 12.6671  StdDev: 8.68
Min: 4  Median: 12.4978  Max: 9979
Percentiles: P50: 12.50 P75: 13.99 P99: 30.32 P99.9: 39.95 P99.99: 79.93
------------------------------------------------------
(       3,       4 ]        1   0.000%   0.000% 
(       4,       6 ]     2668   0.027%   0.027% 
(       6,      10 ]   803831   8.038%   8.065% ##
(      10,      15 ]  8394330  83.943%  92.008% #################
(      15,      22 ]   504770   5.048%  97.056% #
(      22,      34 ]   280269   2.803%  99.859% #
(      34,      51 ]    11802   0.118%  99.977% 
(      51,      76 ]     1264   0.013%  99.989% 
(      76,     110 ]      562   0.006%  99.995% 
(     110,     170 ]      188   0.002%  99.997% 
(     170,     250 ]       71   0.001%  99.998% 
(     250,     380 ]       63   0.001%  99.998% 
(     380,     580 ]       11   0.000%  99.998% 
(     580,     870 ]       37   0.000%  99.999% 
(     870,    1300 ]       75   0.001%  99.999% 
(    1300,    1900 ]       38   0.000% 100.000% 
(    1900,    2900 ]        8   0.000% 100.000% 
(    2900,    4400 ]        6   0.000% 100.000% 
(    4400,    6600 ]        4   0.000% 100.000% 
(    6600,    9900 ]        1   0.000% 100.000% 
(    9900,   14000 ]        1   0.000% 100.000% 



** Compaction Stats [default] **
Level    Files   Size     Score Read(GB)  Rn(GB) Rnp1(GB) Write(GB) Wnew(GB) Moved(GB) W-Amp Rd(MB/s) Wr(MB/s) Comp(sec) CompMergeCPU(sec) Comp(cnt) Avg(sec) KeyIn KeyDrop
----------------------------------------------------------------------------------------------------------------------------------------------------------------------------
  L0      3/0   174.18 MB   0.8      0.0     0.0      0.0       1.3      1.3       0.0   1.0      0.0    296.6      4.52              4.08        23    0.196       0      0
  L5     57/0   463.78 MB   0.9      0.5     0.5      0.0       0.5      0.5       0.0   1.0    269.0    265.9      1.76              1.58         2    0.880   1751K    20K
  L6     86/0   695.67 MB   0.0      0.7     0.7      0.0       0.7      0.7       0.0   1.0    265.0    264.4      2.67              2.42         3    0.891   2618K   5741
 Sum    146/0    1.30 GB   0.0      1.2     1.1      0.0       2.5      2.4       0.0   1.9    132.0    281.0      8.95              8.08        28    0.320   4369K    25K
 Int      0/0    0.00 KB   0.0      1.2     1.1      0.0       2.5      2.4       0.0   1.9    132.0    281.0      8.95              8.08        28    0.320   4369K    25K

** Compaction Stats [default] **
Priority    Files   Size     Score Read(GB)  Rn(GB) Rnp1(GB) Write(GB) Wnew(GB) Moved(GB) W-Amp Rd(MB/s) Wr(MB/s) Comp(sec) CompMergeCPU(sec) Comp(cnt) Avg(sec) KeyIn KeyDrop
-------------------------------------------------------------------------------------------------------------------------------------------------------------------------------
 Low      0/0    0.00 KB   0.0      1.2     1.1      0.0       1.1      1.1       0.0   0.0    266.6    265.0      4.43              4.00         5    0.886   4369K    25K
High      0/0    0.00 KB   0.0      0.0     0.0      0.0       1.3      1.3       0.0   0.0      0.0    296.6      4.52              4.08        23    0.196       0      0
Uptime(secs): 63.3 total, 63.3 interval
Flush(GB): cumulative 1.309, interval 1.309
AddFile(GB): cumulative 0.000, interval 0.000
AddFile(Total Files): cumulative 0, interval 0
AddFile(L0 Files): cumulative 0, interval 0
AddFile(Keys): cumulative 0, interval 0
Cumulative compaction: 2.46 GB write, 39.71 MB/s write, 1.15 GB read, 18.65 MB/s read, 9.0 seconds
Interval compaction: 2.46 GB write, 39.71 MB/s write, 1.15 GB read, 18.65 MB/s read, 9.0 seconds
Stalls(count): 0 level0_slowdown, 0 level0_slowdown_with_compaction, 0 level0_numfiles, 0 level0_numfiles_with_compaction, 0 stop for pending_compaction_bytes, 0 slowdown for pending_compaction_bytes, 0 memtable_compaction, 0 memtable_slowdown, interval 0 total count

** File Read Latency Histogram By Level [default] **
** Level 0 read latency histogram (micros):
Count: 308272 Average: 1.4448  StdDev: 4.18
Min: 0  Median: 0.7733  Max: 1963
Percentiles: P50: 0.77 P75: 1.30 P99: 2.47 P99.9: 14.16 P99.99: 81.91
------------------------------------------------------
[       0,       1 ]   199316  64.656%  64.656% #############
(       1,       2 ]   105373  34.182%  98.838% #######
(       2,       3 ]     1066   0.346%  99.184% 
(       3,       4 ]      175   0.057%  99.240% 
(       4,       6 ]      256   0.083%  99.323% 
(       6,      10 ]      532   0.173%  99.496% 
(      10,      15 ]     1496   0.485%  99.981% 
(      15,      22 ]        9   0.003%  99.984% 
(      22,      34 ]        1   0.000%  99.984% 
(      34,      51 ]        3   0.001%  99.985% 
(      51,      76 ]       10   0.003%  99.989% 
(      76,     110 ]       24   0.008%  99.996% 
(     110,     170 ]        9   0.003%  99.999% 
(     870,    1300 ]        1   0.000% 100.000% 
(    1900,    2900 ]        1   0.000% 100.000% 

** Level 5 read latency histogram (micros):
Count: 1426 Average: 3.7202  StdDev: 7.18
Min: 0  Median: 1.3825  Max: 59
Percentiles: P50: 1.38 P75: 1.99 P99: 45.19 P99.9: 59.00 P99.99: 59.00
------------------------------------------------------
[       0,       1 ]      490  34.362%  34.362% #######
(       1,       2 ]      583  40.884%  75.245% ########
(       2,       3 ]      201  14.095%  89.341% ###
(       3,       4 ]       22   1.543%  90.884% 
(       4,       6 ]        5   0.351%  91.234% 
(       6,      10 ]       17   1.192%  92.426% 
(      10,      15 ]       33   2.314%  94.741% 
(      15,      22 ]       12   0.842%  95.582% 
(      22,      34 ]       29   2.034%  97.616% 
(      34,      51 ]       30   2.104%  99.719% 
(      51,      76 ]        4   0.281% 100.000% 

** Level 6 read latency histogram (micros):
Count: 3270 Average: 3.3807  StdDev: 6.16
Min: 0  Median: 1.5948  Max: 71
Percentiles: P50: 1.59 P75: 2.31 P99: 40.34 P99.9: 64.32 P99.99: 71.00
------------------------------------------------------
[       0,       1 ]      785  24.006%  24.006% #####
(       1,       2 ]     1429  43.700%  67.706% #########
(       2,       3 ]      763  23.333%  91.040% #####
(       3,       4 ]       62   1.896%  92.936% 
(       4,       6 ]       25   0.765%  93.700% 
(       6,      10 ]       29   0.887%  94.587% 
(      10,      15 ]       48   1.468%  96.055% 
(      15,      22 ]       31   0.948%  97.003% 
(      22,      34 ]       50   1.529%  98.532% 
(      34,      51 ]       41   1.254%  99.786% 
(      51,      76 ]        7   0.214% 100.000% 


** DB Stats **
Uptime(secs): 63.3 total, 63.3 interval
Cumulative writes: 10M writes, 10M keys, 9968K commit groups, 1.0 writes per commit group, ingest: 2.68 GB, 43.36 MB/s
Cumulative WAL: 10M writes, 0 syncs, 10000000.00 writes per sync, written: 2.68 GB, 43.36 MB/s
Cumulative stall: 00:00:0.000 H:M:S, 0.0 percent
Interval writes: 10M writes, 10M keys, 9968K commit groups, 1.0 writes per commit group, ingest: 2746.23 MB, 43.36 MB/s
Interval WAL: 10M writes, 0 syncs, 10000000.00 writes per sync, written: 2.68 MB, 43.36 MB/s
Interval stall: 00:00:0.000 H:M:S, 0.0 percent


Level Files Size(MB)
--------------------
  0        3      174
  1        0        0
  2        0        0
  3        0        0
  4        0        0
  5       57      464
  6       86      696


--- level 0 --- version# 29 ---
 198:60836078[9425253 .. 9853062]['000000000047E7853030303030303030' seq:9425253, type:1 .. '00000000004B2DBD3030303030303030' seq:9853062, type:1](0)
 196:60823375[8997445 .. 9425252]['000000000044A3D23030303030303030' seq:8997445, type:1 .. '000000000047E9DE3030303030303030' seq:9425252, type:1](0)
 194:60976722[8569309 .. 8997444]['0000000000415E493030303030303030' seq:8569309, type:1 .. '000000000044A6713030303030303030' seq:8997444, type:1](0)
--- level 1 --- version# 29 ---
--- level 2 --- version# 29 ---
--- level 3 --- version# 29 ---
--- level 4 --- version# 29 ---
--- level 5 --- version# 29 ---
 127:8546012[5142991 .. 5203528]['00000000002737543030303030303030' seq:5142991, type:1 .. '000000000027AD123030303030303030' seq:5203528, type:1](0)
 128:8542118[5203530 .. 5263784]['000000000027AD133030303030303030' seq:5203530, type:1 .. '00000000002822C33030303030303030' seq:5263784, type:1](0)
 129:8546012[5263786 .. 5324071]['00000000002822C43030303030303030' seq:5263786, type:1 .. '00000000002898823030303030303030' seq:5324071, type:1](0)
 130:8542119[5324073 .. 5384330]['00000000002898833030303030303030' seq:5324073, type:1 .. '0000000000290E333030303030303030' seq:5384330, type:1](0)
 131:8546011[5384332 .. 5444616]['0000000000290E343030303030303030' seq:5384332, type:1 .. '00000000002983F23030303030303030' seq:5444616, type:1](0)
 132:8542118[5444618 .. 5504874]['00000000002983F33030303030303030' seq:5444618, type:1 .. '000000000029F9A33030303030303030' seq:5504874, type:1](0)
 133:8546011[5504876 .. 5565161]['000000000029F9A43030303030303030' seq:5504876, type:1 .. '00000000002A6F623030303030303030' seq:5565161, type:1](0)
 134:8542118[5565163 .. 5625435]['00000000002A6F633030303030303030' seq:5565163, type:1 .. '00000000002AE5133030303030303030' seq:5625435, type:1](0)
 135:8546010[5625437 .. 5685747]['00000000002AE5143030303030303030' seq:5625437, type:1 .. '00000000002B5AD23030303030303030' seq:5685747, type:1](0)
 136:8542118[5685749 .. 5746026]['00000000002B5AD33030303030303030' seq:5685749, type:1 .. '00000000002BD0833030303030303030' seq:5746026, type:1](0)
 137:8546011[5746028 .. 5806328]['00000000002BD0843030303030303030' seq:5746028, type:1 .. '00000000002C46423030303030303030' seq:5806328, type:1](0)
 138:8542117[5806330 .. 5866611]['00000000002C46433030303030303030' seq:5806330, type:1 .. '00000000002CBBF33030303030303030' seq:5866611, type:1](0)
 139:8546011[5866613 .. 5926913]['00000000002CBBF43030303030303030' seq:5866613, type:1 .. '00000000002D31B23030303030303030' seq:5926913, type:1](0)
 140:8542118[5926915 .. 5987171]['00000000002D31B33030303030303030' seq:5926915, type:1 .. '00000000002DA7633030303030303030' seq:5987171, type:1](0)
 141:8546011[5987173 .. 6047418]['00000000002DA7643030303030303030' seq:5987173, type:1 .. '00000000002E1D223030303030303030' seq:6047418, type:1](0)
 142:8542117[6047420 .. 6107663]['00000000002E1D233030303030303030' seq:6047420, type:1 .. '00000000002E92D33030303030303030' seq:6107663, type:1](0)
 143:8546011[6107665 .. 6167953]['00000000002E92D43030303030303030' seq:6107665, type:1 .. '00000000002F08923030303030303030' seq:6167953, type:1](0)
 144:8542118[6167955 .. 6228213]['00000000002F08933030303030303030' seq:6167955, type:1 .. '00000000002F7E433030303030303030' seq:6228213, type:1](0)
 145:8546010[6228215 .. 6288500]['00000000002F7E443030303030303030' seq:6228215, type:1 .. '00000000002FF4023030303030303030' seq:6288500, type:1](0)
 146:8542118[6288502 .. 6348759]['00000000002FF4033030303030303030' seq:6288502, type:1 .. '00000000003069B33030303030303030' seq:6348759, type:1](0)
 147:8546010[6348761 .. 6409047]['00000000003069B43030303030303030' seq:6348761, type:1 .. '000000000030DF723030303030303030' seq:6409047, type:1](0)
 148:8542119[6409049 .. 6469304]['000000000030DF733030303030303030' seq:6409049, type:1 .. '00000000003155233030303030303030' seq:6469304, type:1](0)
 149:8546009[6469306 .. 6529575]['00000000003155243030303030303030' seq:6469306, type:1 .. '000000000031CAE23030303030303030' seq:6529575, type:1](0)
 150:8542119[6529577 .. 6589825]['000000000031CAE33030303030303030' seq:6529577, type:1 .. '00000000003240933030303030303030' seq:6589825, type:1](0)
 151:8546010[6589827 .. 6650096]['00000000003240943030303030303030' seq:6589827, type:1 .. '000000000032B6523030303030303030' seq:6650096, type:1](0)
 152:8542119[6650098 .. 6710345]['000000000032B6533030303030303030' seq:6650098, type:1 .. '0000000000332C033030303030303030' seq:6710345, type:1](0)
 153:8546009[6710347 .. 6770621]['0000000000332C043030303030303030' seq:6710347, type:1 .. '000000000033A1C23030303030303030' seq:6770621, type:1](0)
 154:8542119[6770623 .. 6830871]['000000000033A1C33030303030303030' seq:6770623, type:1 .. '00000000003417733030303030303030' seq:6830871, type:1](0)
 164:8546010[0 .. 0]['00000000003417743030303030303030' seq:0, type:1 .. '0000000000348D323030303030303030' seq:0, type:1](0)
 165:8542118[0 .. 0]['0000000000348D333030303030303030' seq:0, type:1 .. '00000000003502E33030303030303030' seq:0, type:1](0)
 166:8546010[0 .. 0]['00000000003502E43030303030303030' seq:0, type:1 .. '00000000003578A23030303030303030' seq:0, type:1](0)
 167:8542118[0 .. 0]['00000000003578A33030303030303030' seq:0, type:1 .. '000000000035EE533030303030303030' seq:0, type:1](0)
 168:8546013[0 .. 0]['000000000035EE543030303030303030' seq:0, type:1 .. '00000000003664123030303030303030' seq:0, type:1](0)
 169:8542117[0 .. 0]['00000000003664133030303030303030' seq:0, type:1 .. '000000000036D9C33030303030303030' seq:0, type:1](0)
 170:8546013[0 .. 0]['000000000036D9C43030303030303030' seq:0, type:1 .. '0000000000374F823030303030303030' seq:0, type:1](0)
 171:8542118[0 .. 0]['0000000000374F833030303030303030' seq:0, type:1 .. '000000000037C5333030303030303030' seq:0, type:1](0)
 172:8546012[0 .. 0]['000000000037C5343030303030303030' seq:0, type:1 .. '0000000000383AF23030303030303030' seq:0, type:1](0)
 173:8542118[0 .. 0]['0000000000383AF33030303030303030' seq:0, type:1 .. '000000000038B0A33030303030303030' seq:0, type:1](0)
 174:8546011[0 .. 0]['000000000038B0A43030303030303030' seq:0, type:1 .. '00000000003926623030303030303030' seq:0, type:1](0)
 175:8542118[0 .. 0]['00000000003926633030303030303030' seq:0, type:1 .. '0000000000399C133030303030303030' seq:0, type:1](0)
 176:8546010[0 .. 0]['0000000000399C143030303030303030' seq:0, type:1 .. '00000000003A11D23030303030303030' seq:0, type:1](0)
 177:8542118[0 .. 0]['00000000003A11D33030303030303030' seq:0, type:1 .. '00000000003A87833030303030303030' seq:0, type:1](0)
 178:8546010[0 .. 0]['00000000003A87843030303030303030' seq:0, type:1 .. '00000000003AFD423030303030303030' seq:0, type:1](0)
 179:8542118[0 .. 0]['00000000003AFD433030303030303030' seq:0, type:1 .. '00000000003B72F33030303030303030' seq:0, type:1](0)
 180:8546010[0 .. 0]['00000000003B72F43030303030303030' seq:0, type:1 .. '00000000003BE8B23030303030303030' seq:0, type:1](0)
 181:8542119[0 .. 0]['00000000003BE8B33030303030303030' seq:0, type:1 .. '00000000003C5E633030303030303030' seq:0, type:1](0)
 182:8546010[0 .. 0]['00000000003C5E643030303030303030' seq:0, type:1 .. '00000000003CD4223030303030303030' seq:0, type:1](0)
 183:8542118[0 .. 0]['00000000003CD4233030303030303030' seq:0, type:1 .. '00000000003D49D33030303030303030' seq:0, type:1](0)
 184:8546010[0 .. 0]['00000000003D49D43030303030303030' seq:0, type:1 .. '00000000003DBF923030303030303030' seq:0, type:1](0)
 185:8542119[0 .. 0]['00000000003DBF933030303030303030' seq:0, type:1 .. '00000000003E35433030303030303030' seq:0, type:1](0)
 186:8546010[0 .. 0]['00000000003E35443030303030303030' seq:0, type:1 .. '00000000003EAB023030303030303030' seq:0, type:1](0)
 187:8542118[0 .. 0]['00000000003EAB033030303030303030' seq:0, type:1 .. '00000000003F20B33030303030303030' seq:0, type:1](0)
 188:8546010[0 .. 0]['00000000003F20B43030303030303030' seq:0, type:1 .. '00000000003F96723030303030303030' seq:0, type:1](0)
 189:8542119[0 .. 0]['00000000003F96733030303030303030' seq:0, type:1 .. '0000000000400C233030303030303030' seq:0, type:1](0)
 190:8546009[0 .. 0]['0000000000400C243030303030303030' seq:0, type:1 .. '00000000004081E23030303030303030' seq:0, type:1](0)
 191:8542118[0 .. 0]['00000000004081E33030303030303030' seq:0, type:1 .. '000000000040F7933030303030303030' seq:0, type:1](0)
 192:7838137[0 .. 0]['000000000040F7943030303030303030' seq:0, type:1 .. '00000000004163913030303030303030' seq:0, type:1](0)
--- level 6 --- version# 29 ---
 15:8546011[0 .. 0]['00000000000000003030303030303030' seq:0, type:1 .. '00000000000075BE3030303030303030' seq:0, type:1](0)
 16:8542118[0 .. 0]['00000000000075BF3030303030303030' seq:0, type:1 .. '000000000000EB6F3030303030303030' seq:0, type:1](0)
 17:8546011[0 .. 0]['000000000000EB703030303030303030' seq:0, type:1 .. '000000000001612E3030303030303030' seq:0, type:1](0)
 18:8542117[0 .. 0]['000000000001612F3030303030303030' seq:0, type:1 .. '000000000001D6DF3030303030303030' seq:0, type:1](0)
 19:8546011[0 .. 0]['000000000001D6E03030303030303030' seq:0, type:1 .. '0000000000024C9E3030303030303030' seq:0, type:1](0)
 20:8542118[0 .. 0]['0000000000024C9F3030303030303030' seq:0, type:1 .. '000000000002C24F3030303030303030' seq:0, type:1](0)
 21:8546009[0 .. 0]['000000000002C2503030303030303030' seq:0, type:1 .. '000000000003380E3030303030303030' seq:0, type:1](0)
 22:8542117[0 .. 0]['000000000003380F3030303030303030' seq:0, type:1 .. '000000000003ADBF3030303030303030' seq:0, type:1](0)
 23:8546009[0 .. 0]['000000000003ADC03030303030303030' seq:0, type:1 .. '000000000004237E3030303030303030' seq:0, type:1](0)
 24:8542118[0 .. 0]['000000000004237F3030303030303030' seq:0, type:1 .. '000000000004992F3030303030303030' seq:0, type:1](0)
 25:8546008[0 .. 0]['00000000000499303030303030303030' seq:0, type:1 .. '0000000000050EEE3030303030303030' seq:0, type:1](0)
 26:8542118[0 .. 0]['0000000000050EEF3030303030303030' seq:0, type:1 .. '000000000005849F3030303030303030' seq:0, type:1](0)
 27:8546010[0 .. 0]['00000000000584A03030303030303030' seq:0, type:1 .. '000000000005FA5E3030303030303030' seq:0, type:1](0)
 28:8542119[0 .. 0]['000000000005FA5F3030303030303030' seq:0, type:1 .. '000000000006700F3030303030303030' seq:0, type:1](0)
 29:8546009[0 .. 0]['00000000000670103030303030303030' seq:0, type:1 .. '000000000006E5CE3030303030303030' seq:0, type:1](0)
 30:8542119[0 .. 0]['000000000006E5CF3030303030303030' seq:0, type:1 .. '0000000000075B7F3030303030303030' seq:0, type:1](0)
 31:8546010[0 .. 0]['0000000000075B803030303030303030' seq:0, type:1 .. '000000000007D13E3030303030303030' seq:0, type:1](0)
 32:8542118[0 .. 0]['000000000007D13F3030303030303030' seq:0, type:1 .. '00000000000846EF3030303030303030' seq:0, type:1](0)
 33:8546010[0 .. 0]['00000000000846F03030303030303030' seq:0, type:1 .. '000000000008BCAE3030303030303030' seq:0, type:1](0)
 34:8542119[0 .. 0]['000000000008BCAF3030303030303030' seq:0, type:1 .. '000000000009325F3030303030303030' seq:0, type:1](0)
 35:8546010[0 .. 0]['00000000000932603030303030303030' seq:0, type:1 .. '000000000009A81E3030303030303030' seq:0, type:1](0)
 36:8542118[0 .. 0]['000000000009A81F3030303030303030' seq:0, type:1 .. '00000000000A1DCF3030303030303030' seq:0, type:1](0)
 37:8546010[0 .. 0]['00000000000A1DD03030303030303030' seq:0, type:1 .. '00000000000A938E3030303030303030' seq:0, type:1](0)
 38:8542119[0 .. 0]['00000000000A938F3030303030303030' seq:0, type:1 .. '00000000000B093F3030303030303030' seq:0, type:1](0)
 39:8546009[0 .. 0]['00000000000B09403030303030303030' seq:0, type:1 .. '00000000000B7EFE3030303030303030' seq:0, type:1](0)
 40:8542118[0 .. 0]['00000000000B7EFF3030303030303030' seq:0, type:1 .. '00000000000BF4AF3030303030303030' seq:0, type:1](0)
 41:8546011[0 .. 0]['00000000000BF4B03030303030303030' seq:0, type:1 .. '00000000000C6A6E3030303030303030' seq:0, type:1](0)
 42:8542118[0 .. 0]['00000000000C6A6F3030303030303030' seq:0, type:1 .. '00000000000CE01F3030303030303030' seq:0, type:1](0)
 52:8546010[0 .. 0]['00000000000CE0203030303030303030' seq:0, type:1 .. '00000000000D55DE3030303030303030' seq:0, type:1](0)
 53:8542118[0 .. 0]['00000000000D55DF3030303030303030' seq:0, type:1 .. '00000000000DCB8F3030303030303030' seq:0, type:1](0)
 54:8546011[0 .. 0]['00000000000DCB903030303030303030' seq:0, type:1 .. '00000000000E414E3030303030303030' seq:0, type:1](0)
 55:8542117[0 .. 0]['00000000000E414F3030303030303030' seq:0, type:1 .. '00000000000EB6FF3030303030303030' seq:0, type:1](0)
 56:8546012[0 .. 0]['00000000000EB7003030303030303030' seq:0, type:1 .. '00000000000F2CBE3030303030303030' seq:0, type:1](0)
 57:8542118[0 .. 0]['00000000000F2CBF3030303030303030' seq:0, type:1 .. '00000000000FA26F3030303030303030' seq:0, type:1](0)
 58:8546013[0 .. 0]['00000000000FA2703030303030303030' seq:0, type:1 .. '000000000010182E3030303030303030' seq:0, type:1](0)
 59:8542117[0 .. 0]['000000000010182F3030303030303030' seq:0, type:1 .. '0000000000108DDF3030303030303030' seq:0, type:1](0)
 60:8546013[0 .. 0]['0000000000108DE03030303030303030' seq:0, type:1 .. '000000000011039E3030303030303030' seq:0, type:1](0)
 61:8542118[0 .. 0]['000000000011039F3030303030303030' seq:0, type:1 .. '000000000011794F3030303030303030' seq:0, type:1](0)
 62:8546010[0 .. 0]['00000000001179503030303030303030' seq:0, type:1 .. '000000000011EF0E3030303030303030' seq:0, type:1](0)
 63:8542118[0 .. 0]['000000000011EF0F3030303030303030' seq:0, type:1 .. '00000000001264BF3030303030303030' seq:0, type:1](0)
 64:8546010[0 .. 0]['00000000001264C03030303030303030' seq:0, type:1 .. '000000000012DA7E3030303030303030' seq:0, type:1](0)
 65:8542119[0 .. 0]['000000000012DA7F3030303030303030' seq:0, type:1 .. '000000000013502F3030303030303030' seq:0, type:1](0)
 66:8546009[0 .. 0]['00000000001350303030303030303030' seq:0, type:1 .. '000000000013C5EE3030303030303030' seq:0, type:1](0)
 67:8542119[0 .. 0]['000000000013C5EF3030303030303030' seq:0, type:1 .. '0000000000143B9F3030303030303030' seq:0, type:1](0)
 68:8546010[0 .. 0]['0000000000143BA03030303030303030' seq:0, type:1 .. '000000000014B15E3030303030303030' seq:0, type:1](0)
 69:8542119[0 .. 0]['000000000014B15F3030303030303030' seq:0, type:1 .. '000000000015270F3030303030303030' seq:0, type:1](0)
 70:8546009[0 .. 0]['00000000001527103030303030303030' seq:0, type:1 .. '0000000000159CCE3030303030303030' seq:0, type:1](0)
 71:8542119[0 .. 0]['0000000000159CCF3030303030303030' seq:0, type:1 .. '000000000016127F3030303030303030' seq:0, type:1](0)
 72:8546010[0 .. 0]['00000000001612803030303030303030' seq:0, type:1 .. '000000000016883E3030303030303030' seq:0, type:1](0)
 73:8542117[0 .. 0]['000000000016883F3030303030303030' seq:0, type:1 .. '000000000016FDEF3030303030303030' seq:0, type:1](0)
 74:8546011[0 .. 0]['000000000016FDF03030303030303030' seq:0, type:1 .. '00000000001773AE3030303030303030' seq:0, type:1](0)
 75:8542118[0 .. 0]['00000000001773AF3030303030303030' seq:0, type:1 .. '000000000017E95F3030303030303030' seq:0, type:1](0)
 76:8546011[0 .. 0]['000000000017E9603030303030303030' seq:0, type:1 .. '0000000000185F1E3030303030303030' seq:0, type:1](0)
 77:8542117[0 .. 0]['0000000000185F1F3030303030303030' seq:0, type:1 .. '000000000018D4CF3030303030303030' seq:0, type:1](0)
 78:8546011[0 .. 0]['000000000018D4D03030303030303030' seq:0, type:1 .. '0000000000194A8E3030303030303030' seq:0, type:1](0)
 79:8542118[0 .. 0]['0000000000194A8F3030303030303030' seq:0, type:1 .. '000000000019C03F3030303030303030' seq:0, type:1](0)
 89:8546010[0 .. 0]['000000000019C0403030303030303030' seq:0, type:1 .. '00000000001A35FE3030303030303030' seq:0, type:1](0)
 90:8542118[0 .. 0]['00000000001A35FF3030303030303030' seq:0, type:1 .. '00000000001AABAF3030303030303030' seq:0, type:1](0)
 91:8546011[0 .. 0]['00000000001AABB03030303030303030' seq:0, type:1 .. '00000000001B216E3030303030303030' seq:0, type:1](0)
 92:8542118[0 .. 0]['00000000001B216F3030303030303030' seq:0, type:1 .. '00000000001B971F3030303030303030' seq:0, type:1](0)
 93:8546010[0 .. 0]['00000000001B97203030303030303030' seq:0, type:1 .. '00000000001C0CDE3030303030303030' seq:0, type:1](0)
 94:8542118[0 .. 0]['00000000001C0CDF3030303030303030' seq:0, type:1 .. '00000000001C828F3030303030303030' seq:0, type:1](0)
 95:8546010[0 .. 0]['00000000001C82903030303030303030' seq:0, type:1 .. '00000000001CF84E3030303030303030' seq:0, type:1](0)
 96:8542118[0 .. 0]['00000000001CF84F3030303030303030' seq:0, type:1 .. '00000000001D6DFF3030303030303030' seq:0, type:1](0)
 97:8546011[0 .. 0]['00000000001D6E003030303030303030' seq:0, type:1 .. '00000000001DE3BE3030303030303030' seq:0, type:1](0)
 98:8542119[0 .. 0]['00000000001DE3BF3030303030303030' seq:0, type:1 .. '00000000001E596F3030303030303030' seq:0, type:1](0)
 99:8546012[0 .. 0]['00000000001E59703030303030303030' seq:0, type:1 .. '00000000001ECF2E3030303030303030' seq:0, type:1](0)
 100:8542118[0 .. 0]['00000000001ECF2F3030303030303030' seq:0, type:1 .. '00000000001F44DF3030303030303030' seq:0, type:1](0)
 101:8546012[0 .. 0]['00000000001F44E03030303030303030' seq:0, type:1 .. '00000000001FBA9E3030303030303030' seq:0, type:1](0)
 102:8542119[0 .. 0]['00000000001FBA9F3030303030303030' seq:0, type:1 .. '000000000020304F3030303030303030' seq:0, type:1](0)
 103:8546010[0 .. 0]['00000000002030503030303030303030' seq:0, type:1 .. '000000000020A60E3030303030303030' seq:0, type:1](0)
 104:8542118[0 .. 0]['000000000020A60F3030303030303030' seq:0, type:1 .. '0000000000211BBF3030303030303030' seq:0, type:1](0)
 105:8546010[0 .. 0]['0000000000211BC03030303030303030' seq:0, type:1 .. '000000000021917E3030303030303030' seq:0, type:1](0)
 106:8542119[0 .. 0]['000000000021917F3030303030303030' seq:0, type:1 .. '000000000022072F3030303030303030' seq:0, type:1](0)
 107:8546009[0 .. 0]['00000000002207303030303030303030' seq:0, type:1 .. '0000000000227CEE3030303030303030' seq:0, type:1](0)
 108:8542118[0 .. 0]['0000000000227CEF3030303030303030' seq:0, type:1 .. '000000000022F29F3030303030303030' seq:0, type:1](0)
 109:8546011[0 .. 0]['000000000022F2A03030303030303030' seq:0, type:1 .. '000000000023685E3030303030303030' seq:0, type:1](0)
 110:8542118[0 .. 0]['000000000023685F3030303030303030' seq:0, type:1 .. '000000000023DE0F3030303030303030' seq:0, type:1](0)
 111:8546010[0 .. 0]['000000000023DE103030303030303030' seq:0, type:1 .. '00000000002453CE3030303030303030' seq:0, type:1](0)
 112:8542118[0 .. 0]['00000000002453CF3030303030303030' seq:0, type:1 .. '000000000024C97F3030303030303030' seq:0, type:1](0)
 113:8546011[0 .. 0]['000000000024C9803030303030303030' seq:0, type:1 .. '0000000000253F3E3030303030303030' seq:0, type:1](0)
 114:8542117[0 .. 0]['0000000000253F3F3030303030303030' seq:0, type:1 .. '000000000025B4EF3030303030303030' seq:0, type:1](0)
 115:8546011[0 .. 0]['000000000025B4F03030303030303030' seq:0, type:1 .. '0000000000262AAE3030303030303030' seq:0, type:1](0)
 116:8542118[0 .. 0]['0000000000262AAF3030303030303030' seq:0, type:1 .. '000000000026A05F3030303030303030' seq:0, type:1](0)
 117:8546011[0 .. 0]['000000000026A0603030303030303030' seq:0, type:1 .. '000000000027161E3030303030303030' seq:0, type:1](0)
 118:3219616[0 .. 0]['000000000027161F3030303030303030' seq:0, type:1 .. '00000000002742793030303030303030' seq:0, type:1](0)

STATISTICS:
rocksdb.block.cache.miss COUNT : 0
rocksdb.block.cache.hit COUNT : 0
rocksdb.block.cache.add COUNT : 0
rocksdb.block.cache.add.failures COUNT : 0
rocksdb.block.cache.index.miss COUNT : 0
rocksdb.block.cache.index.hit COUNT : 0
rocksdb.block.cache.index.add COUNT : 0
rocksdb.block.cache.index.bytes.insert COUNT : 0
rocksdb.block.cache.index.bytes.evict COUNT : 0
rocksdb.block.cache.filter.miss COUNT : 0
rocksdb.block.cache.filter.hit COUNT : 0
rocksdb.block.cache.filter.add COUNT : 0
rocksdb.block.cache.filter.bytes.insert COUNT : 0
rocksdb.block.cache.filter.bytes.evict COUNT : 0
rocksdb.block.cache.data.miss COUNT : 0
rocksdb.block.cache.data.hit COUNT : 0
rocksdb.block.cache.data.add COUNT : 0
rocksdb.block.cache.data.bytes.insert COUNT : 0
rocksdb.block.cache.bytes.read COUNT : 0
rocksdb.block.cache.bytes.write COUNT : 0
rocksdb.bloom.filter.useful COUNT : 0
rocksdb.bloom.filter.full.positive COUNT : 0
rocksdb.bloom.filter.full.true.positive COUNT : 0
rocksdb.bloom.filter.micros COUNT : 0
rocksdb.persistent.cache.hit COUNT : 0
rocksdb.persistent.cache.miss COUNT : 312630
rocksdb.sim.block.cache.hit COUNT : 0
rocksdb.sim.block.cache.miss COUNT : 0
rocksdb.memtable.hit COUNT : 0
rocksdb.memtable.miss COUNT : 0
rocksdb.l0.hit COUNT : 0
rocksdb.l1.hit COUNT : 0
rocksdb.l2andup.hit COUNT : 0
rocksdb.compaction.key.drop.new COUNT : 25873
rocksdb.compaction.key.drop.obsolete COUNT : 0
rocksdb.compaction.key.drop.range_del COUNT : 0
rocksdb.compaction.key.drop.user COUNT : 0
rocksdb.compaction.range_del.drop.obsolete COUNT : 0
rocksdb.compaction.optimized.del.drop.obsolete COUNT : 0
rocksdb.compaction.cancelled COUNT : 0
rocksdb.number.keys.written COUNT : 10000000
rocksdb.number.keys.read COUNT : 0
rocksdb.number.keys.updated COUNT : 0
rocksdb.bytes.written COUNT : 2879627736
rocksdb.bytes.read COUNT : 0
rocksdb.number.db.seek COUNT : 0
rocksdb.number.db.next COUNT : 0
rocksdb.number.db.prev COUNT : 0
rocksdb.number.db.seek.found COUNT : 0
rocksdb.number.db.next.found COUNT : 0
rocksdb.number.db.prev.found COUNT : 0
rocksdb.db.iter.bytes.read COUNT : 0
rocksdb.no.file.closes COUNT : 0
rocksdb.no.file.opens COUNT : 169
rocksdb.no.file.errors COUNT : 0
rocksdb.l0.slowdown.micros COUNT : 0
rocksdb.memtable.compaction.micros COUNT : 0
rocksdb.l0.num.files.stall.micros COUNT : 0
rocksdb.stall.micros COUNT : 0
rocksdb.db.mutex.wait.micros COUNT : 0
rocksdb.rate.limit.delay.millis COUNT : 0
rocksdb.num.iterators COUNT : 0
rocksdb.number.multiget.get COUNT : 0
rocksdb.number.multiget.keys.read COUNT : 0
rocksdb.number.multiget.bytes.read COUNT : 0
rocksdb.number.deletes.filtered COUNT : 0
rocksdb.number.merge.failures COUNT : 0
rocksdb.bloom.filter.prefix.checked COUNT : 0
rocksdb.bloom.filter.prefix.useful COUNT : 0
rocksdb.number.reseeks.iteration COUNT : 0
rocksdb.getupdatessince.calls COUNT : 0
rocksdb.block.cachecompressed.miss COUNT : 0
rocksdb.block.cachecompressed.hit COUNT : 0
rocksdb.block.cachecompressed.add COUNT : 0
rocksdb.block.cachecompressed.add.failures COUNT : 0
rocksdb.wal.synced COUNT : 0
rocksdb.wal.bytes COUNT : 2879627736
rocksdb.write.self COUNT : 9968978
rocksdb.write.other COUNT : 31022
rocksdb.write.timeout COUNT : 0
rocksdb.write.wal COUNT : 10000000
rocksdb.compact.read.bytes COUNT : 1238709381
rocksdb.compact.write.bytes COUNT : 1231507928
rocksdb.flush.write.bytes COUNT : 1405696199
rocksdb.number.direct.load.table.properties COUNT : 0
rocksdb.number.superversion_acquires COUNT : 0
rocksdb.number.superversion_releases COUNT : 0
rocksdb.number.superversion_cleanups COUNT : 0
rocksdb.number.block.compressed COUNT : 0
rocksdb.number.block.decompressed COUNT : 0
rocksdb.number.block.not_compressed COUNT : 0
rocksdb.merge.operation.time.nanos COUNT : 0
rocksdb.filter.operation.time.nanos COUNT : 0
rocksdb.row.cache.hit COUNT : 0
rocksdb.row.cache.miss COUNT : 0
rocksdb.read.amp.estimate.useful.bytes COUNT : 0
rocksdb.read.amp.total.read.bytes COUNT : 0
rocksdb.number.rate_limiter.drains COUNT : 0
rocksdb.number.iter.skip COUNT : 0
rocksdb.blobdb.num.put COUNT : 0
rocksdb.blobdb.num.write COUNT : 0
rocksdb.blobdb.num.get COUNT : 0
rocksdb.blobdb.num.multiget COUNT : 0
rocksdb.blobdb.num.seek COUNT : 0
rocksdb.blobdb.num.next COUNT : 0
rocksdb.blobdb.num.prev COUNT : 0
rocksdb.blobdb.num.keys.written COUNT : 0
rocksdb.blobdb.num.keys.read COUNT : 0
rocksdb.blobdb.bytes.written COUNT : 0
rocksdb.blobdb.bytes.read COUNT : 0
rocksdb.blobdb.write.inlined COUNT : 0
rocksdb.blobdb.write.inlined.ttl COUNT : 0
rocksdb.blobdb.write.blob COUNT : 0
rocksdb.blobdb.write.blob.ttl COUNT : 0
rocksdb.blobdb.blob.file.bytes.written COUNT : 0
rocksdb.blobdb.blob.file.bytes.read COUNT : 0
rocksdb.blobdb.blob.file.synced COUNT : 0
rocksdb.blobdb.blob.index.expired.count COUNT : 0
rocksdb.blobdb.blob.index.expired.size COUNT : 0
rocksdb.blobdb.blob.index.evicted.count COUNT : 0
rocksdb.blobdb.blob.index.evicted.size COUNT : 0
rocksdb.blobdb.gc.num.files COUNT : 0
rocksdb.blobdb.gc.num.new.files COUNT : 0
rocksdb.blobdb.gc.failures COUNT : 0
rocksdb.blobdb.gc.num.keys.overwritten COUNT : 0
rocksdb.blobdb.gc.num.keys.expired COUNT : 0
rocksdb.blobdb.gc.num.keys.relocated COUNT : 0
rocksdb.blobdb.gc.bytes.overwritten COUNT : 0
rocksdb.blobdb.gc.bytes.expired COUNT : 0
rocksdb.blobdb.gc.bytes.relocated COUNT : 0
rocksdb.blobdb.fifo.num.files.evicted COUNT : 0
rocksdb.blobdb.fifo.num.keys.evicted COUNT : 0
rocksdb.blobdb.fifo.bytes.evicted COUNT : 0
rocksdb.txn.overhead.mutex.prepare COUNT : 0
rocksdb.txn.overhead.mutex.old.commit.map COUNT : 0
rocksdb.txn.overhead.duplicate.key COUNT : 0
rocksdb.txn.overhead.mutex.snapshot COUNT : 0
rocksdb.number.multiget.keys.found COUNT : 0
rocksdb.num.iterator.created COUNT : 0
rocksdb.num.iterator.deleted COUNT : 0
rocksdb.block.cache.compression.dict.miss COUNT : 0
rocksdb.block.cache.compression.dict.hit COUNT : 0
rocksdb.block.cache.compression.dict.add COUNT : 0
rocksdb.block.cache.compression.dict.bytes.insert COUNT : 0
rocksdb.block.cache.compression.dict.bytes.evict COUNT : 0
rocksdb.db.get.micros P50 : 0.000000 P95 : 0.000000 P99 : 0.000000 P100 : 0.000000 COUNT : 0 SUM : 0
rocksdb.db.write.micros P50 : 12.064698 P95 : 17.705927 P99 : 28.756382 P100 : 5723.000000 COUNT : 10000000 SUM : 121741651
rocksdb.compaction.times.micros P50 : 910160.000000 P95 : 910160.000000 P99 : 910160.000000 P100 : 910160.000000 COUNT : 5 SUM : 4432047
rocksdb.compaction.times.cpu_micros P50 : 778774.000000 P95 : 824017.000000 P99 : 824017.000000 P100 : 824017.000000 COUNT : 5 SUM : 4003978
rocksdb.subcompaction.setup.times.micros P50 : 0.000000 P95 : 0.000000 P99 : 0.000000 P100 : 0.000000 COUNT : 0 SUM : 0
rocksdb.table.sync.micros P50 : 27500.000000 P95 : 27722.000000 P99 : 27722.000000 P100 : 27722.000000 COUNT : 23 SUM : 621250
rocksdb.compaction.outfile.sync.micros P50 : 3650.000000 P95 : 4353.928571 P99 : 4473.000000 P100 : 4473.000000 COUNT : 146 SUM : 603024
rocksdb.wal.file.sync.micros P50 : 0.000000 P95 : 0.000000 P99 : 0.000000 P100 : 0.000000 COUNT : 0 SUM : 0
rocksdb.manifest.file.sync.micros P50 : 110.000000 P95 : 230.000000 P99 : 1028.000000 P100 : 1028.000000 COUNT : 30 SUM : 4318
rocksdb.table.open.io.micros P50 : 269.051724 P95 : 1199.289474 P99 : 1394.000000 P100 : 1394.000000 COUNT : 169 SUM : 64161
rocksdb.db.multiget.micros P50 : 0.000000 P95 : 0.000000 P99 : 0.000000 P100 : 0.000000 COUNT : 0 SUM : 0
rocksdb.read.block.compaction.micros P50 : 0.000000 P95 : 0.000000 P99 : 0.000000 P100 : 0.000000 COUNT : 0 SUM : 0
rocksdb.read.block.get.micros P50 : 2.103380 P95 : 3.283101 P99 : 10.558231 P100 : 1967.000000 COUNT : 312461 SUM : 912456
rocksdb.write.raw.block.micros P50 : 0.511655 P95 : 0.972145 P99 : 4.787901 P100 : 1826.000000 COUNT : 665246 SUM : 1869743
rocksdb.l0.slowdown.count P50 : 0.000000 P95 : 0.000000 P99 : 0.000000 P100 : 0.000000 COUNT : 0 SUM : 0
rocksdb.memtable.compaction.count P50 : 0.000000 P95 : 0.000000 P99 : 0.000000 P100 : 0.000000 COUNT : 0 SUM : 0
rocksdb.num.files.stall.count P50 : 0.000000 P95 : 0.000000 P99 : 0.000000 P100 : 0.000000 COUNT : 0 SUM : 0
rocksdb.hard.rate.limit.delay.count P50 : 0.000000 P95 : 0.000000 P99 : 0.000000 P100 : 0.000000 COUNT : 0 SUM : 0
rocksdb.soft.rate.limit.delay.count P50 : 0.000000 P95 : 0.000000 P99 : 0.000000 P100 : 0.000000 COUNT : 0 SUM : 0
rocksdb.numfiles.in.singlecompaction P50 : 4.000000 P95 : 4.000000 P99 : 4.000000 P100 : 4.000000 COUNT : 5 SUM : 20
rocksdb.db.seek.micros P50 : 0.000000 P95 : 0.000000 P99 : 0.000000 P100 : 0.000000 COUNT : 0 SUM : 0
rocksdb.db.write.stall P50 : 0.000000 P95 : 0.000000 P99 : 0.000000 P100 : 0.000000 COUNT : 0 SUM : 0
rocksdb.sst.read.micros P50 : 0.780115 P95 : 1.900765 P99 : 2.917399 P100 : 1963.000000 COUNT : 312968 SUM : 461751
rocksdb.num.subcompactions.scheduled P50 : 0.000000 P95 : 0.000000 P99 : 0.000000 P100 : 0.000000 COUNT : 0 SUM : 0
rocksdb.bytes.per.read P50 : 0.000000 P95 : 0.000000 P99 : 0.000000 P100 : 0.000000 COUNT : 0 SUM : 0
rocksdb.bytes.per.write P50 : 315.202902 P95 : 373.885514 P99 : 379.101746 P100 : 564.000000 COUNT : 9968978 SUM : 2879627736
rocksdb.bytes.per.multiget P50 : 0.000000 P95 : 0.000000 P99 : 0.000000 P100 : 0.000000 COUNT : 0 SUM : 0
rocksdb.bytes.compressed P50 : 0.000000 P95 : 0.000000 P99 : 0.000000 P100 : 0.000000 COUNT : 0 SUM : 0
rocksdb.bytes.decompressed P50 : 0.000000 P95 : 0.000000 P99 : 0.000000 P100 : 0.000000 COUNT : 0 SUM : 0
rocksdb.compression.times.nanos P50 : 0.000000 P95 : 0.000000 P99 : 0.000000 P100 : 0.000000 COUNT : 0 SUM : 0
rocksdb.decompression.times.nanos P50 : 0.000000 P95 : 0.000000 P99 : 0.000000 P100 : 0.000000 COUNT : 0 SUM : 0
rocksdb.read.num.merge_operands P50 : 0.000000 P95 : 0.000000 P99 : 0.000000 P100 : 0.000000 COUNT : 0 SUM : 0
rocksdb.blobdb.key.size P50 : 0.000000 P95 : 0.000000 P99 : 0.000000 P100 : 0.000000 COUNT : 0 SUM : 0
rocksdb.blobdb.value.size P50 : 0.000000 P95 : 0.000000 P99 : 0.000000 P100 : 0.000000 COUNT : 0 SUM : 0
rocksdb.blobdb.write.micros P50 : 0.000000 P95 : 0.000000 P99 : 0.000000 P100 : 0.000000 COUNT : 0 SUM : 0
rocksdb.blobdb.get.micros P50 : 0.000000 P95 : 0.000000 P99 : 0.000000 P100 : 0.000000 COUNT : 0 SUM : 0
rocksdb.blobdb.multiget.micros P50 : 0.000000 P95 : 0.000000 P99 : 0.000000 P100 : 0.000000 COUNT : 0 SUM : 0
rocksdb.blobdb.seek.micros P50 : 0.000000 P95 : 0.000000 P99 : 0.000000 P100 : 0.000000 COUNT : 0 SUM : 0
rocksdb.blobdb.next.micros P50 : 0.000000 P95 : 0.000000 P99 : 0.000000 P100 : 0.000000 COUNT : 0 SUM : 0
rocksdb.blobdb.prev.micros P50 : 0.000000 P95 : 0.000000 P99 : 0.000000 P100 : 0.000000 COUNT : 0 SUM : 0
rocksdb.blobdb.blob.file.write.micros P50 : 0.000000 P95 : 0.000000 P99 : 0.000000 P100 : 0.000000 COUNT : 0 SUM : 0
rocksdb.blobdb.blob.file.read.micros P50 : 0.000000 P95 : 0.000000 P99 : 0.000000 P100 : 0.000000 COUNT : 0 SUM : 0
rocksdb.blobdb.blob.file.sync.micros P50 : 0.000000 P95 : 0.000000 P99 : 0.000000 P100 : 0.000000 COUNT : 0 SUM : 0
rocksdb.blobdb.gc.micros P50 : 0.000000 P95 : 0.000000 P99 : 0.000000 P100 : 0.000000 COUNT : 0 SUM : 0
rocksdb.blobdb.compression.micros P50 : 0.000000 P95 : 0.000000 P99 : 0.000000 P100 : 0.000000 COUNT : 0 SUM : 0
rocksdb.blobdb.decompression.micros P50 : 0.000000 P95 : 0.000000 P99 : 0.000000 P100 : 0.000000 COUNT : 0 SUM : 0
rocksdb.db.flush.micros P50 : 197500.000000 P95 : 249250.000000 P99 : 256042.000000 P100 : 256042.000000 COUNT : 23 SUM : 4519237
rocksdb.sst.batch.size P50 : 0.000000 P95 : 0.000000 P99 : 0.000000 P100 : 0.000000 COUNT : 0 SUM : 0

