Initializing RocksDB Options from the specified file
Initializing RocksDB Options from command-line flags
paht=/home/zyh/480G/wp/pcache/pcache_file
Keys:       16 bytes each
Values:     256 bytes each (128 bytes after compression)
Entries:    5000000
Prefix:    0 bytes
Keys per prefix:    0
RawSize:    1297.0 MB (estimated)
FileSize:   686.6 MB (estimated)
Write rate: 0 bytes/second
Read rate: 0 ops/second
Compression: NoCompression
Compression sampling rate: 0
Memtablerep: skip_list
Perf Level: 5
WARNING: Assertions are enabled; benchmarks unnecessarily slow
------------------------------------------------
Initializing RocksDB Options from the specified file
Initializing RocksDB Options from command-line flags
paht=/home/zyh/480G/wp/pcache/pcache_file
DB path: [/home/zyh/480G/wp]
too large size=848667
too large size=1231946
too large size=848594
too large size=1231818
too large size=848894
too large size=1232330
too large size=849360
too large size=1232970
too large size=848708
too large size=1231946
too large size=849064
too large size=1232586
too large size=848632
too large size=1231946
too large size=847748
too large size=1230538
too large size=848594
too large size=1231818
too large size=849683
too large size=1233482
too large size=848100
too large size=1231178
too large size=850227
too large size=1234250
too large size=847759
too large size=1230666
too large size=847316
too large size=1230026
too large size=850013
too large size=1233866
too large size=848521
too large size=1231690
too large size=847607
too large size=1230282
too large size=849321
too large size=1232842
too large size=845610
too large size=1227594
too large size=848437
too large size=1231562
too large size=848455
too large size=1231690
too large size=848983
too large size=1232458
too large size=848282
too large size=1231434
fillrandom   :      12.673 micros/op 157799 ops/sec;   40.9 MB/s
Microseconds per write:
Count: 10000000 Average: 12.6733  StdDev: 16.22
Min: 6  Median: 12.2520  Max: 22198
Percentiles: P50: 12.25 P75: 13.93 P99: 30.68 P99.9: 36.83 P99.99: 50.63
------------------------------------------------------
(       4,       6 ]       78   0.001%   0.001% 
(       6,      10 ]  1644942  16.449%  16.450% ###
(      10,      15 ]  7448827  74.488%  90.938% ###############
(      15,      22 ]   575742   5.757%  96.696% #
(      22,      34 ]   318564   3.186%  99.882% #
(      34,      51 ]    11090   0.111%  99.992% 
(      51,      76 ]      343   0.003%  99.996% 
(      76,     110 ]      124   0.001%  99.997% 
(     110,     170 ]       34   0.000%  99.997% 
(     170,     250 ]       35   0.000%  99.998% 
(     250,     380 ]       46   0.000%  99.998% 
(     380,     580 ]       18   0.000%  99.998% 
(     580,     870 ]       37   0.000%  99.999% 
(     870,    1300 ]       60   0.001%  99.999% 
(    1300,    1900 ]       33   0.000% 100.000% 
(    1900,    2900 ]       13   0.000% 100.000% 
(    2900,    4400 ]        5   0.000% 100.000% 
(    4400,    6600 ]        2   0.000% 100.000% 
(    6600,    9900 ]        2   0.000% 100.000% 
(    9900,   14000 ]        1   0.000% 100.000% 
(   14000,   22000 ]        2   0.000% 100.000% 
(   22000,   33000 ]        2   0.000% 100.000% 



** Compaction Stats [default] **
Level    Files   Size     Score Read(GB)  Rn(GB) Rnp1(GB) Write(GB) Wnew(GB) Moved(GB) W-Amp Rd(MB/s) Wr(MB/s) Comp(sec) CompMergeCPU(sec) Comp(cnt) Avg(sec) KeyIn KeyDrop
----------------------------------------------------------------------------------------------------------------------------------------------------------------------------
  L0      3/0   333.08 MB   0.8      0.0     0.0      0.0       2.5      2.5       0.0   1.0      0.0    290.9      8.78              7.94        23    0.382       0      0
  L5     64/0   506.76 MB   1.0      2.2     1.3      0.9       1.8      0.9       0.0   1.4    262.5    213.6      8.50              7.77         3    2.832   8249K  1538K
  L6    127/0   877.15 MB   0.0      2.2     1.3      0.9       1.7      0.9       0.0   1.4    269.7    218.3      8.18              7.50        53    0.154   8160K  1554K
 Sum    194/0    1.68 GB   0.0      4.3     2.6      1.8       6.0      4.2       0.0   2.4    174.3    241.7     25.46             23.21        79    0.322     16M  3093K
 Int      0/0    0.00 KB   0.0      4.3     2.6      1.8       6.0      4.2       0.0   2.4    174.3    241.7     25.46             23.21        79    0.322     16M  3093K

** Compaction Stats [default] **
Priority    Files   Size     Score Read(GB)  Rn(GB) Rnp1(GB) Write(GB) Wnew(GB) Moved(GB) W-Amp Rd(MB/s) Wr(MB/s) Comp(sec) CompMergeCPU(sec) Comp(cnt) Avg(sec) KeyIn KeyDrop
-------------------------------------------------------------------------------------------------------------------------------------------------------------------------------
 Low      0/0    0.00 KB   0.0      4.3     2.6      1.8       3.5      1.8       0.0   0.0    266.0    215.9     16.68             15.27        56    0.298     16M  3093K
High      0/0    0.00 KB   0.0      0.0     0.0      0.0       2.5      2.5       0.0   0.0      0.0    290.9      8.78              7.94        23    0.382       0      0
Uptime(secs): 63.4 total, 63.4 interval
Flush(GB): cumulative 2.494, interval 2.494
AddFile(GB): cumulative 0.000, interval 0.000
AddFile(Total Files): cumulative 0, interval 0
AddFile(L0 Files): cumulative 0, interval 0
AddFile(Keys): cumulative 0, interval 0
Cumulative compaction: 6.01 GB write, 97.11 MB/s write, 4.33 GB read, 70.02 MB/s read, 25.5 seconds
Interval compaction: 6.01 GB write, 97.11 MB/s write, 4.33 GB read, 70.02 MB/s read, 25.5 seconds
Stalls(count): 0 level0_slowdown, 0 level0_slowdown_with_compaction, 0 level0_numfiles, 0 level0_numfiles_with_compaction, 0 stop for pending_compaction_bytes, 0 slowdown for pending_compaction_bytes, 0 memtable_compaction, 0 memtable_slowdown, interval 0 total count

** File Read Latency Histogram By Level [default] **
** Level 0 read latency histogram (micros):
Count: 586640 Average: 1.6203  StdDev: 2.24
Min: 1  Median: 1.0409  Max: 324
Percentiles: P50: 1.04 P75: 1.53 P99: 2.80 P99.9: 14.27 P99.99: 19.80
------------------------------------------------------
[       0,       1 ]   281164  47.928%  47.928% ##########
(       1,       2 ]   297129  50.649%  98.577% ##########
(       2,       3 ]     3109   0.530%  99.107% 
(       3,       4 ]      410   0.070%  99.177% 
(       4,       6 ]      353   0.060%  99.237% 
(       6,      10 ]      956   0.163%  99.400% 
(      10,      15 ]     3437   0.586%  99.986% 
(      15,      22 ]       34   0.006%  99.992% 
(      22,      34 ]        1   0.000%  99.992% 
(     110,     170 ]       12   0.002%  99.994% 
(     170,     250 ]       18   0.003%  99.997% 
(     250,     380 ]       17   0.003% 100.000% 

** Level 5 read latency histogram (micros):
Count: 346804 Average: 1.5718  StdDev: 5.48
Min: 0  Median: 0.9136  Max: 2822
Percentiles: P50: 0.91 P75: 1.46 P99: 2.64 P99.9: 18.40 P99.99: 49.65
------------------------------------------------------
[       0,       1 ]   189804  54.729%  54.729% ###########
(       1,       2 ]   153019  44.123%  98.852% #########
(       2,       3 ]      799   0.230%  99.082% 
(       3,       4 ]      113   0.033%  99.115% 
(       4,       6 ]      242   0.070%  99.185% 
(       6,      10 ]      455   0.131%  99.316% 
(      10,      15 ]     1981   0.571%  99.887% 
(      15,      22 ]       91   0.026%  99.913% 
(      22,      34 ]      153   0.044%  99.958% 
(      34,      51 ]      122   0.035%  99.993% 
(      51,      76 ]       22   0.006%  99.999% 
(     870,    1300 ]        2   0.001% 100.000% 
(    1900,    2900 ]        1   0.000% 100.000% 

** Level 6 read latency histogram (micros):
Count: 241507 Average: 1.5638  StdDev: 2.36
Min: 0  Median: 0.9007  Max: 908
Percentiles: P50: 0.90 P75: 1.46 P99: 3.42 P99.9: 17.43 P99.99: 50.50
------------------------------------------------------
[       0,       1 ]   134061  55.510%  55.510% ###########
(       1,       2 ]   103108  42.694%  98.204% #########
(       2,       3 ]     1826   0.756%  98.960% 
(       3,       4 ]      233   0.096%  99.056% 
(       4,       6 ]      232   0.096%  99.152% 
(       6,      10 ]      432   0.179%  99.331% 
(      10,      15 ]     1361   0.564%  99.895% 
(      15,      22 ]       36   0.015%  99.910% 
(      22,      34 ]       90   0.037%  99.947% 
(      34,      51 ]      107   0.044%  99.991% 
(      51,      76 ]       20   0.008% 100.000% 
(     870,    1300 ]        1   0.000% 100.000% 


** DB Stats **
Uptime(secs): 63.4 total, 63.4 interval
Cumulative writes: 10M writes, 10M keys, 9988K commit groups, 1.0 writes per commit group, ingest: 2.68 GB, 43.34 MB/s
Cumulative WAL: 10M writes, 0 syncs, 10000000.00 writes per sync, written: 2.68 GB, 43.34 MB/s
Cumulative stall: 00:00:0.000 H:M:S, 0.0 percent
Interval writes: 10M writes, 10M keys, 9988K commit groups, 1.0 writes per commit group, ingest: 2746.45 MB, 43.34 MB/s
Interval WAL: 10M writes, 0 syncs, 10000000.00 writes per sync, written: 2.68 MB, 43.34 MB/s
Interval stall: 00:00:0.000 H:M:S, 0.0 percent


Level Files Size(MB)
--------------------
  0        3      333
  1        0        0
  2        0        0
  3        0        0
  4        0        0
  5       64      507
  6      127      877


--- level 0 --- version# 80 ---
 532:116378396[9424535 .. 9852872]['00000000000000053030303030303030' seq:9792400, type:1 .. '00000000004C4B373030303030303030' seq:9734393, type:1](0)
 508:116472570[8996057 .. 9424534]['00000000000000023030303030303030' seq:9333607, type:1 .. '00000000004C4B343030303030303030' seq:9404842, type:1](0)
 429:116407189[8567709 .. 8996055]['00000000000000163030303030303030' seq:8800093, type:1 .. '00000000004C4B3B3030303030303030' seq:8691493, type:1](0)
--- level 1 --- version# 80 ---
--- level 2 --- version# 80 ---
--- level 3 --- version# 80 ---
--- level 4 --- version# 80 ---
--- level 5 --- version# 80 ---
 365:8542343[6855922 .. 8567699]['00000000000000003030303030303030' seq:7207498, type:1 .. '000000000001968F3030303030303030' seq:7017151, type:1](0)
 366:8542345[6855910 .. 8567623]['000000000001969A3030303030303030' seq:8172007, type:1 .. '0000000000032B063030303030303030' seq:8293117, type:1](0)
 367:8542352[3428689 .. 8567693]['0000000000032B083030303030303030' seq:8215760, type:1 .. '000000000004B0A93030303030303030' seq:6923597, type:1](0)
 369:8542267[3427576 .. 8567690]['00000000000568983030303030303030' seq:4882443, type:1 .. '000000000006A0D23030303030303030' seq:7701908, type:1](0)
 371:8542255[3427557 .. 8567666]['000000000007588C3030303030303030' seq:6239376, type:1 .. '00000000000892683030303030303030' seq:5958382, type:1](0)
 372:8542163[3427022 .. 8567701]['00000000000892693030303030303030' seq:6284736, type:1 .. '00000000000950253030303030303030' seq:7228293, type:1](0)
 373:8542270[3427541 .. 8567621]['00000000000950283030303030303030' seq:8520017, type:1 .. '00000000000A83B33030303030303030' seq:6582196, type:1](0)
 374:8542165[3427048 .. 8567511]['00000000000A83B43030303030303030' seq:6004223, type:1 .. '00000000000B3B613030303030303030' seq:7145516, type:1](0)
 377:8542162[3427184 .. 8567652]['00000000000CA86A3030303030303030' seq:4605388, type:1 .. '00000000000D5FFA3030303030303030' seq:5626481, type:1](0)
 378:8542155[3427178 .. 8567671]['00000000000D5FFB3030303030303030' seq:5229792, type:1 .. '00000000000E17713030303030303030' seq:6044312, type:1](0)
 381:8542159[3427364 .. 8567601]['00000000000F86BD3030303030303030' seq:5867836, type:1 .. '0000000000103CEF3030303030303030' seq:6425654, type:1](0)
 382:8542159[3427436 .. 8567700]['0000000000103CF03030303030303030' seq:7010730, type:1 .. '000000000010F5493030303030303030' seq:5844199, type:1](0)
 383:8542169[3428596 .. 8567440]['000000000010F54B3030303030303030' seq:5892514, type:1 .. '000000000011AD333030303030303030' seq:5484762, type:1](0)
 385:4469838[3427919 .. 8566983]['00000000001265263030303030303030' seq:6566303, type:1 .. '000000000012C4DA3030303030303030' seq:7911498, type:1](0)
 386:8542161[3427468 .. 8567624]['000000000012C4DB3030303030303030' seq:3892717, type:1 .. '0000000000137CCD3030303030303030' seq:3596120, type:1](0)
 388:8542161[3427172 .. 8567691]['000000000014343B3030303030303030' seq:5945735, type:1 .. '000000000014EBB23030303030303030' seq:5562668, type:1](0)
 389:8542253[3428161 .. 8567665]['000000000014EBB43030303030303030' seq:7865381, type:1 .. '00000000001604413030303030303030' seq:7032951, type:1](0)
 390:8542371[6856000 .. 8567653]['00000000001604463030303030303030' seq:7395859, type:1 .. '0000000000179C133030303030303030' seq:7062561, type:1](0)
 391:8542202[3427232 .. 8567674]['0000000000179C153030303030303030' seq:8443958, type:1 .. '00000000001893C03030303030303030' seq:5343700, type:1](0)
 392:8542164[3427024 .. 8567670]['00000000001893C13030303030303030' seq:7705651, type:1 .. '0000000000194A743030303030303030' seq:5322308, type:1](0)
 393:8542151[3427137 .. 8567664]['0000000000194A753030303030303030' seq:7958632, type:1 .. '00000000001A023F3030303030303030' seq:5665097, type:1](0)
 395:8542163[3427510 .. 8567688]['00000000001AB8A33030303030303030' seq:8540413, type:1 .. '00000000001B6E613030303030303030' seq:4806969, type:1](0)
 396:8542160[3427405 .. 8567704]['00000000001B6E683030303030303030' seq:6861454, type:1 .. '00000000001C25D33030303030303030' seq:6849433, type:1](0)
 397:8542159[3427169 .. 8567694]['00000000001C25D43030303030303030' seq:4340133, type:1 .. '00000000001CDCCB3030303030303030' seq:4050081, type:1](0)
 400:8542156[3427432 .. 8567590]['00000000001E4A6C3030303030303030' seq:8561584, type:1 .. '00000000001F01B53030303030303030' seq:7921046, type:1](0)
 401:8542163[3427574 .. 8567627]['00000000001F01B83030303030303030' seq:6592631, type:1 .. '00000000001FB8243030303030303030' seq:7528294, type:1](0)
 402:8542156[3427039 .. 8567703]['00000000001FB8253030303030303030' seq:7242149, type:1 .. '0000000000206F7C3030303030303030' seq:5550281, type:1](0)
 405:8542142[3427162 .. 8567707]['000000000021DB9A3030303030303030' seq:5914469, type:1 .. '00000000002292B43030303030303030' seq:5089495, type:1](0)
 406:8542159[3427073 .. 8567646]['00000000002292B73030303030303030' seq:3459725, type:1 .. '0000000000234A883030303030303030' seq:6510092, type:1](0)
 409:8542278[3427191 .. 8567622]['000000000024BA353030303030303030' seq:8535826, type:1 .. '000000000025F5823030303030303030' seq:7559920, type:1](0)
 410:5124632[3439879 .. 8567354]['000000000025F5873030303030303030' seq:7023302, type:1 .. '000000000026E5EE3030303030303030' seq:6353684, type:1](0)
 412:8542306[3427148 .. 8567635]['0000000000279CE43030303030303030' seq:5991374, type:1 .. '000000000028F7D83030303030303030' seq:7653128, type:1](0)
 413:8542252[3427105 .. 8567686]['000000000028F7D93030303030303030' seq:8451269, type:1 .. '00000000002A117B3030303030303030' seq:7861877, type:1](0)
 414:8542157[3427090 .. 8567447]['00000000002A117E3030303030303030' seq:7773038, type:1 .. '00000000002AC8F33030303030303030' seq:3616677, type:1](0)
 416:8542165[3427205 .. 8567580]['00000000002B7F343030303030303030' seq:6655085, type:1 .. '00000000002C35DF3030303030303030' seq:7737023, type:1](0)
 417:8542162[3427079 .. 8567533]['00000000002C35E03030303030303030' seq:8358307, type:1 .. '00000000002CEDEC3030303030303030' seq:4484095, type:1](0)
 418:8542150[3427040 .. 8567685]['00000000002CEDED3030303030303030' seq:6190064, type:1 .. '00000000002DA6133030303030303030' seq:7076543, type:1](0)
 419:8542150[3427659 .. 8567684]['00000000002DA6143030303030303030' seq:6048617, type:1 .. '00000000002E5D833030303030303030' seq:7787184, type:1](0)
 422:8542157[3427791 .. 8567644]['00000000002FCC6A3030303030303030' seq:7563901, type:1 .. '00000000003082743030303030303030' seq:7524358, type:1](0)
 423:8542167[3427038 .. 8567284]['00000000003082753030303030303030' seq:4838712, type:1 .. '0000000000313A283030303030303030' seq:5947877, type:1](0)
 425:8542162[3427517 .. 8567534]['000000000031F11F3030303030303030' seq:5401992, type:1 .. '000000000032A8A43030303030303030' seq:6997179, type:1](0)
 426:8542152[3427302 .. 8567669]['000000000032A8A53030303030303030' seq:6898624, type:1 .. '0000000000335F963030303030303030' seq:6974600, type:1](0)
 427:8542160[3427297 .. 8567661]['0000000000335F983030303030303030' seq:7497772, type:1 .. '00000000003416FD3030303030303030' seq:7472886, type:1](0)
 431:8542157[3426999 .. 8567662]['000000000034CE9C3030303030303030' seq:7594303, type:1 .. '00000000003586463030303030303030' seq:3692730, type:1](0)
 432:8542148[3427419 .. 8567692]['00000000003586473030303030303030' seq:5610460, type:1 .. '0000000000363DA23030303030303030' seq:6690917, type:1](0)
 433:8542337[3998246 .. 8567689]['0000000000363DA33030303030303030' seq:6830502, type:1 .. '000000000037D36D3030303030303030' seq:8264661, type:1](0)
 434:8542375[6855921 .. 8567708]['000000000037D36E3030303030303030' seq:7620048, type:1 .. '000000000039684A3030303030303030' seq:8362469, type:1](0)
 435:8040729[3427015 .. 8567587]['000000000039684E3030303030303030' seq:7361803, type:1 .. '00000000003A5EB53030303030303030' seq:5292345, type:1](0)
 437:8542160[3427055 .. 8567679]['00000000003B16A63030303030303030' seq:6460124, type:1 .. '00000000003BCC6C3030303030303030' seq:6467017, type:1](0)
 438:8542145[3427395 .. 8567608]['00000000003BCC6D3030303030303030' seq:8123507, type:1 .. '00000000003C827A3030303030303030' seq:5604942, type:1](0)
 439:8542154[3427014 .. 8567698]['00000000003C827B3030303030303030' seq:7314027, type:1 .. '00000000003D39013030303030303030' seq:7656288, type:1](0)
 442:8542148[3427581 .. 8567577]['00000000003EA8463030303030303030' seq:8077286, type:1 .. '00000000003F5FC63030303030303030' seq:6664002, type:1](0)
 443:8542159[3427072 .. 8567643]['00000000003F5FC73030303030303030' seq:5807521, type:1 .. '00000000004017D13030303030303030' seq:5982615, type:1](0)
 446:8542156[3427109 .. 8567571]['00000000004186463030303030303030' seq:7573472, type:1 .. '0000000000423D5C3030303030303030' seq:5369667, type:1](0)
 447:8542156[3427185 .. 8567553]['0000000000423D5E3030303030303030' seq:5243756, type:1 .. '000000000042F5473030303030303030' seq:7836112, type:1](0)
 448:8542154[3427120 .. 8567618]['000000000042F5483030303030303030' seq:6712893, type:1 .. '000000000043AC983030303030303030' seq:8516202, type:1](0)
 450:8542141[3427127 .. 8567655]['000000000044643C3030303030303030' seq:3573966, type:1 .. '0000000000451C193030303030303030' seq:8021346, type:1](0)
 451:8542161[3427620 .. 8567697]['0000000000451C1A3030303030303030' seq:6787868, type:1 .. '000000000045D3593030303030303030' seq:5854921, type:1](0)
 452:8542166[3427774 .. 8567570]['000000000045D35A3030303030303030' seq:7909571, type:1 .. '0000000000468A393030303030303030' seq:5827682, type:1](0)
 454:8542162[3427287 .. 8567582]['00000000004740D23030303030303030' seq:7850079, type:1 .. '000000000047F8133030303030303030' seq:6408976, type:1](0)
 455:8542154[3427139 .. 8567561]['000000000047F8143030303030303030' seq:6954048, type:1 .. '000000000048AF793030303030303030' seq:5612437, type:1](0)
 456:8542168[3427092 .. 8567505]['000000000048AF7B3030303030303030' seq:8405790, type:1 .. '00000000004966153030303030303030' seq:8453966, type:1](0)
 459:8542286[3427058 .. 8567619]['00000000004AD3AB3030303030303030' seq:7892971, type:1 .. '00000000004C11573030303030303030' seq:7055354, type:1](0)
 460:1208438[6855946 .. 8567606]['00000000004C115A3030303030303030' seq:8354596, type:1 .. '00000000004C4B3E3030303030303030' seq:7525372, type:1](0)
--- level 6 --- version# 80 ---
 307:8542139[0 .. 0]['00000000000000003030303030303030' seq:0, type:1 .. '0000000000009D533030303030303030' seq:0, type:1](0)
 325:8542135[0 .. 0]['0000000000009D543030303030303030' seq:0, type:1 .. '0000000000013B713030303030303030' seq:0, type:1](0)
 326:8542136[0 .. 0]['0000000000013B723030303030303030' seq:0, type:1 .. '000000000001D9A83030303030303030' seq:0, type:1](0)
 328:8542141[0 .. 0]['000000000001D9A93030303030303030' seq:0, type:1 .. '00000000000277493030303030303030' seq:0, type:1](0)
 330:8542141[0 .. 0]['000000000002774A3030303030303030' seq:0, type:1 .. '00000000000315AD3030303030303030' seq:0, type:1](0)
 331:8542135[0 .. 0]['00000000000315B03030303030303030' seq:0, type:1 .. '000000000003B2F93030303030303030' seq:0, type:1](0)
 333:8542129[0 .. 0]['000000000003B2FB3030303030303030' seq:0, type:1 .. '00000000000450583030303030303030' seq:0, type:1](0)
 334:4442357[0 .. 0]['000000000004505A3030303030303030' seq:0, type:1 .. '000000000004A26A3030303030303030' seq:0, type:1](0)
 489:8542123[0 .. 0]['000000000004A26B3030303030303030' seq:0, type:1 .. '00000000000538663030303030303030' seq:0, type:1](0)
 490:4275640[0 .. 0]['00000000000538673030303030303030' seq:0, type:1 .. '0000000000058F9B3030303030303030' seq:0, type:1](0)
 311:8542137[0 .. 0]['0000000000058F9E3030303030303030' seq:0, type:1 .. '0000000000062DAF3030303030303030' seq:0, type:1](0)
 312:4308817[0 .. 0]['0000000000062DB13030303030303030' seq:0, type:1 .. '0000000000067E163030303030303030' seq:0, type:1](0)
 491:8542126[0 .. 0]['0000000000067E173030303030303030' seq:0, type:1 .. '0000000000071B3E3030303030303030' seq:0, type:1](0)
 492:4269164[0 .. 0]['0000000000071B3F3030303030303030' seq:0, type:1 .. '00000000000769A13030303030303030' seq:0, type:1](0)
 313:8542146[0 .. 0]['00000000000769A43030303030303030' seq:0, type:1 .. '00000000000808443030303030303030' seq:0, type:1](0)
 314:4301798[0 .. 0]['00000000000808453030303030303030' seq:0, type:1 .. '00000000000857DC3030303030303030' seq:0, type:1](0)
 81:8542200[0 .. 0]['00000000000857DD3030303030303030' seq:0, type:1 .. '00000000000944C43030303030303030' seq:0, type:1](0)
 309:8542135[0 .. 0]['00000000000944C73030303030303030' seq:0, type:1 .. '000000000009E1D53030303030303030' seq:0, type:1](0)
 310:4347916[0 .. 0]['000000000009E1D63030303030303030' seq:0, type:1 .. '00000000000A32423030303030303030' seq:0, type:1](0)
 83:8542189[0 .. 0]['00000000000A32433030303030303030' seq:0, type:1 .. '00000000000B1E3E3030303030303030' seq:0, type:1](0)
 461:8542134[0 .. 0]['00000000000B1E423030303030303030' seq:0, type:1 .. '00000000000BB8E03030303030303030' seq:0, type:1](0)
 503:8542125[0 .. 0]['00000000000BB8E13030303030303030' seq:0, type:1 .. '00000000000C48393030303030303030' seq:0, type:1](0)
 504:8525698[0 .. 0]['00000000000C483A3030303030303030' seq:0, type:1 .. '00000000000CF5973030303030303030' seq:0, type:1](0)
 86:8542216[0 .. 0]['00000000000CF5983030303030303030' seq:0, type:1 .. '00000000000DE27C3030303030303030' seq:0, type:1](0)
 497:8542139[0 .. 0]['00000000000DE27F3030303030303030' seq:0, type:1 .. '00000000000E88233030303030303030' seq:0, type:1](0)
 505:8542126[0 .. 0]['00000000000E88243030303030303030' seq:0, type:1 .. '00000000000F17D13030303030303030' seq:0, type:1](0)
 506:8542141[0 .. 0]['00000000000F17D23030303030303030' seq:0, type:1 .. '00000000000FBC833030303030303030' seq:0, type:1](0)
 509:67206[0 .. 0]['00000000000FBC843030303030303030' seq:0, type:1 .. '00000000000FBE4D3030303030303030' seq:0, type:1](0)
 89:8542209[0 .. 0]['00000000000FBE4E3030303030303030' seq:0, type:1 .. '000000000010AC513030303030303030' seq:0, type:1](0)
 90:8542214[0 .. 0]['000000000010AC523030303030303030' seq:0, type:1 .. '00000000001199DD3030303030303030' seq:0, type:1](0)
 479:8542128[0 .. 0]['00000000001199E03030303030303030' seq:0, type:1 .. '00000000001230B93030303030303030' seq:0, type:1](0)
 480:4292718[0 .. 0]['00000000001230BA3030303030303030' seq:0, type:1 .. '00000000001285E33030303030303030' seq:0, type:1](0)
 92:8542208[0 .. 0]['00000000001285E43030303030303030' seq:0, type:1 .. '00000000001372CF3030303030303030' seq:0, type:1](0)
 477:8542137[0 .. 0]['00000000001372D03030303030303030' seq:0, type:1 .. '00000000001406043030303030303030' seq:0, type:1](0)
 478:4330992[0 .. 0]['00000000001406063030303030303030' seq:0, type:1 .. '00000000001460203030303030303030' seq:0, type:1](0)
 94:8542203[0 .. 0]['00000000001460233030303030303030' seq:0, type:1 .. '0000000000154C9A3030303030303030' seq:0, type:1](0)
 317:8542136[0 .. 0]['0000000000154C9B3030303030303030' seq:0, type:1 .. '000000000015EC383030303030303030' seq:0, type:1](0)
 318:4239298[0 .. 0]['000000000015EC393030303030303030' seq:0, type:1 .. '0000000000163AC73030303030303030' seq:0, type:1](0)
 315:8542135[0 .. 0]['0000000000163AC83030303030303030' seq:0, type:1 .. '000000000016D7183030303030303030' seq:0, type:1](0)
 322:8542134[0 .. 0]['000000000016D7193030303030303030' seq:0, type:1 .. '000000000017746D3030303030303030' seq:0, type:1](0)
 323:8542131[0 .. 0]['000000000017746E3030303030303030' seq:0, type:1 .. '000000000018122D3030303030303030' seq:0, type:1](0)
 324:87367[0 .. 0]['000000000018122F3030303030303030' seq:0, type:1 .. '00000000001814AD3030303030303030' seq:0, type:1](0)
 98:8542215[0 .. 0]['00000000001814AE3030303030303030' seq:0, type:1 .. '000000000019028B3030303030303030' seq:0, type:1](0)
 99:8542205[0 .. 0]['000000000019028C3030303030303030' seq:0, type:1 .. '000000000019EDAE3030303030303030' seq:0, type:1](0)
 485:8542136[0 .. 0]['000000000019EDAF3030303030303030' seq:0, type:1 .. '00000000001A84D33030303030303030' seq:0, type:1](0)
 486:4347925[0 .. 0]['00000000001A84D43030303030303030' seq:0, type:1 .. '00000000001ADB7E3030303030303030' seq:0, type:1](0)
 101:8542218[0 .. 0]['00000000001ADB7F3030303030303030' seq:0, type:1 .. '00000000001BCAEB3030303030303030' seq:0, type:1](0)
 102:8542207[0 .. 0]['00000000001BCAED3030303030303030' seq:0, type:1 .. '00000000001CB66F3030303030303030' seq:0, type:1](0)
 469:8542123[0 .. 0]['00000000001CB6713030303030303030' seq:0, type:1 .. '00000000001D54AB3030303030303030' seq:0, type:1](0)
 519:8542129[0 .. 0]['00000000001D54AC3030303030303030' seq:0, type:1 .. '00000000001DE3FD3030303030303030' seq:0, type:1](0)
 520:8542143[0 .. 0]['00000000001DE3FF3030303030303030' seq:0, type:1 .. '00000000001E8F433030303030303030' seq:0, type:1](0)
 521:33878[0 .. 0]['00000000001E8F443030303030303030' seq:0, type:1 .. '00000000001E90323030303030303030' seq:0, type:1](0)
 105:8542196[0 .. 0]['00000000001E90333030303030303030' seq:0, type:1 .. '00000000001F7DD93030303030303030' seq:0, type:1](0)
 106:8542194[0 .. 0]['00000000001F7DDC3030303030303030' seq:0, type:1 .. '0000000000206C313030303030303030' seq:0, type:1](0)
 493:8542125[0 .. 0]['0000000000206C323030303030303030' seq:0, type:1 .. '000000000020FBA73030303030303030' seq:0, type:1](0)
 516:8542133[0 .. 0]['000000000020FBA83030303030303030' seq:0, type:1 .. '0000000000218B213030303030303030' seq:0, type:1](0)
 517:8542151[0 .. 0]['0000000000218B223030303030303030' seq:0, type:1 .. '000000000022435D3030303030303030' seq:0, type:1](0)
 518:90464[0 .. 0]['000000000022435E3030303030303030' seq:0, type:1 .. '00000000002245E73030303030303030' seq:0, type:1](0)
 109:8542188[0 .. 0]['00000000002245E83030303030303030' seq:0, type:1 .. '000000000023343D3030303030303030' seq:0, type:1](0)
 463:8542132[0 .. 0]['000000000023343E3030303030303030' seq:0, type:1 .. '000000000023CCB83030303030303030' seq:0, type:1](0)
 525:8542131[0 .. 0]['000000000023CCB93030303030303030' seq:0, type:1 .. '0000000000245C4F3030303030303030' seq:0, type:1](0)
 526:8542159[0 .. 0]['0000000000245C503030303030303030' seq:0, type:1 .. '0000000000250A763030303030303030' seq:0, type:1](0)
 527:67887[0 .. 0]['0000000000250A783030303030303030' seq:0, type:1 .. '0000000000250BB83030303030303030' seq:0, type:1](0)
 348:8542135[0 .. 0]['0000000000250BB93030303030303030' seq:0, type:1 .. '000000000025A8D93030303030303030' seq:0, type:1](0)
 350:8542146[0 .. 0]['000000000025A8DA3030303030303030' seq:0, type:1 .. '00000000002647583030303030303030' seq:0, type:1](0)
 351:8542142[0 .. 0]['00000000002647593030303030303030' seq:0, type:1 .. '000000000026E5EE3030303030303030' seq:0, type:1](0)
 501:8542128[0 .. 0]['000000000026E5EF3030303030303030' seq:0, type:1 .. '000000000027761A3030303030303030' seq:0, type:1](0)
 502:4365285[0 .. 0]['000000000027761B3030303030303030' seq:0, type:1 .. '000000000027D48E3030303030303030' seq:0, type:1](0)
 336:8542125[0 .. 0]['000000000027D48F3030303030303030' seq:0, type:1 .. '00000000002872203030303030303030' seq:0, type:1](0)
 338:8542143[0 .. 0]['00000000002872213030303030303030' seq:0, type:1 .. '00000000002910DC3030303030303030' seq:0, type:1](0)
 339:8542140[0 .. 0]['00000000002910DD3030303030303030' seq:0, type:1 .. '000000000029B01A3030303030303030' seq:0, type:1](0)
 340:91018[0 .. 0]['000000000029B01B3030303030303030' seq:0, type:1 .. '000000000029B2923030303030303030' seq:0, type:1](0)
 117:8542210[0 .. 0]['000000000029B2953030303030303030' seq:0, type:1 .. '00000000002A9F113030303030303030' seq:0, type:1](0)
 467:8542149[0 .. 0]['00000000002A9F143030303030303030' seq:0, type:1 .. '00000000002B3F663030303030303030' seq:0, type:1](0)
 468:4311918[0 .. 0]['00000000002B3F673030303030303030' seq:0, type:1 .. '00000000002B8D9C3030303030303030' seq:0, type:1](0)
 119:8542202[0 .. 0]['00000000002B8D9D3030303030303030' seq:0, type:1 .. '00000000002C7AB53030303030303030' seq:0, type:1](0)
 120:8542208[0 .. 0]['00000000002C7AB63030303030303030' seq:0, type:1 .. '00000000002D67A63030303030303030' seq:0, type:1](0)
 121:8542215[0 .. 0]['00000000002D67A73030303030303030' seq:0, type:1 .. '00000000002E53ED3030303030303030' seq:0, type:1](0)
 495:8542128[0 .. 0]['00000000002E53EE3030303030303030' seq:0, type:1 .. '00000000002EE72E3030303030303030' seq:0, type:1](0)
 522:8542126[0 .. 0]['00000000002EE72F3030303030303030' seq:0, type:1 .. '00000000002F76D33030303030303030' seq:0, type:1](0)
 523:8542163[0 .. 0]['00000000002F76D43030303030303030' seq:0, type:1 .. '0000000000302CB23030303030303030' seq:0, type:1](0)
 524:119440[0 .. 0]['0000000000302CB43030303030303030' seq:0, type:1 .. '00000000003030103030303030303030' seq:0, type:1](0)
 124:8542192[0 .. 0]['00000000003030123030303030303030' seq:0, type:1 .. '0000000000311D813030303030303030' seq:0, type:1](0)
 465:8542125[0 .. 0]['0000000000311D823030303030303030' seq:0, type:1 .. '000000000031B8343030303030303030' seq:0, type:1](0)
 466:4313978[0 .. 0]['000000000031B8353030303030303030' seq:0, type:1 .. '0000000000320A873030303030303030' seq:0, type:1](0)
 126:8542200[0 .. 0]['0000000000320A883030303030303030' seq:0, type:1 .. '000000000032F8533030303030303030' seq:0, type:1](0)
 127:8542196[0 .. 0]['000000000032F8553030303030303030' seq:0, type:1 .. '000000000033E31C3030303030303030' seq:0, type:1](0)
 483:8542125[0 .. 0]['000000000033E31D3030303030303030' seq:0, type:1 .. '00000000003487663030303030303030' seq:0, type:1](0)
 484:4312870[0 .. 0]['00000000003487673030303030303030' seq:0, type:1 .. '000000000034D08C3030303030303030' seq:0, type:1](0)
 129:8542212[0 .. 0]['000000000034D0923030303030303030' seq:0, type:1 .. '000000000035BD573030303030303030' seq:0, type:1](0)
 356:8542168[0 .. 0]['000000000035BD5F3030303030303030' seq:0, type:1 .. '00000000003686D03030303030303030' seq:0, type:1](0)
 357:8542139[0 .. 0]['00000000003686D13030303030303030' seq:0, type:1 .. '00000000003724DF3030303030303030' seq:0, type:1](0)
 358:4330370[0 .. 0]['00000000003724E13030303030303030' seq:0, type:1 .. '00000000003773FD3030303030303030' seq:0, type:1](0)
 354:8542138[0 .. 0]['00000000003773FE3030303030303030' seq:0, type:1 .. '00000000003812213030303030303030' seq:0, type:1](0)
 355:4265794[0 .. 0]['00000000003812223030303030303030' seq:0, type:1 .. '00000000003861003030303030303030' seq:0, type:1](0)
 342:8542137[0 .. 0]['00000000003861013030303030303030' seq:0, type:1 .. '000000000038FEFB3030303030303030' seq:0, type:1](0)
 344:8542137[0 .. 0]['000000000038FEFD3030303030303030' seq:0, type:1 .. '0000000000399C8F3030303030303030' seq:0, type:1](0)
 345:8542185[0 .. 0]['0000000000399C923030303030303030' seq:0, type:1 .. '00000000003A5EB53030303030303030' seq:0, type:1](0)
 499:8542124[0 .. 0]['00000000003A5EB73030303030303030' seq:0, type:1 .. '00000000003AEEB53030303030303030' seq:0, type:1](0)
 500:4352822[0 .. 0]['00000000003AEEB63030303030303030' seq:0, type:1 .. '00000000003B4D973030303030303030' seq:0, type:1](0)
 138:8542207[0 .. 0]['00000000003B4D9B3030303030303030' seq:0, type:1 .. '00000000003C393A3030303030303030' seq:0, type:1](0)
 139:8542216[0 .. 0]['00000000003C393C3030303030303030' seq:0, type:1 .. '00000000003D266F3030303030303030' seq:0, type:1](0)
 473:8542137[0 .. 0]['00000000003D26703030303030303030' seq:0, type:1 .. '00000000003DBD3A3030303030303030' seq:0, type:1](0)
 513:8542124[0 .. 0]['00000000003DBD3B3030303030303030' seq:0, type:1 .. '00000000003E4C5C3030303030303030' seq:0, type:1](0)
 514:8542148[0 .. 0]['00000000003E4C5E3030303030303030' seq:0, type:1 .. '00000000003EFE873030303030303030' seq:0, type:1](0)
 515:60184[0 .. 0]['00000000003EFE883030303030303030' seq:0, type:1 .. '00000000003F00383030303030303030' seq:0, type:1](0)
 142:8542200[0 .. 0]['00000000003F003A3030303030303030' seq:0, type:1 .. '00000000003FEC023030303030303030' seq:0, type:1](0)
 475:8542129[0 .. 0]['00000000003FEC063030303030303030' seq:0, type:1 .. '0000000000408C603030303030303030' seq:0, type:1](0)
 528:8542134[0 .. 0]['0000000000408C613030303030303030' seq:0, type:1 .. '0000000000411B743030303030303030' seq:0, type:1](0)
 529:8542141[0 .. 0]['0000000000411B753030303030303030' seq:0, type:1 .. '000000000041C4B73030303030303030' seq:0, type:1](0)
 530:110905[0 .. 0]['000000000041C4B83030303030303030' seq:0, type:1 .. '000000000041C7CD3030303030303030' seq:0, type:1](0)
 145:8542215[0 .. 0]['000000000041C7CE3030303030303030' seq:0, type:1 .. '000000000042B5533030303030303030' seq:0, type:1](0)
 146:8542209[0 .. 0]['000000000042B5543030303030303030' seq:0, type:1 .. '000000000043A1133030303030303030' seq:0, type:1](0)
 471:8542128[0 .. 0]['000000000043A1143030303030303030' seq:0, type:1 .. '00000000004434F33030303030303030' seq:0, type:1](0)
 472:4310211[0 .. 0]['00000000004434F43030303030303030' seq:0, type:1 .. '0000000000448C973030303030303030' seq:0, type:1](0)
 148:8542178[0 .. 0]['0000000000448C9B3030303030303030' seq:0, type:1 .. '00000000004579503030303030303030' seq:0, type:1](0)
 149:8542200[0 .. 0]['00000000004579513030303030303030' seq:0, type:1 .. '00000000004666C63030303030303030' seq:0, type:1](0)
 481:8542133[0 .. 0]['00000000004666CD3030303030303030' seq:0, type:1 .. '00000000004704183030303030303030' seq:0, type:1](0)
 482:4353088[0 .. 0]['00000000004704193030303030303030' seq:0, type:1 .. '000000000047550B3030303030303030' seq:0, type:1](0)
 151:8542206[0 .. 0]['000000000047550C3030303030303030' seq:0, type:1 .. '00000000004842B53030303030303030' seq:0, type:1](0)
 152:8542205[0 .. 0]['00000000004842B73030303030303030' seq:0, type:1 .. '00000000004930433030303030303030' seq:0, type:1](0)
 487:8542147[0 .. 0]['00000000004930443030303030303030' seq:0, type:1 .. '000000000049D5D73030303030303030' seq:0, type:1](0)
 510:8542127[0 .. 0]['000000000049D5D83030303030303030' seq:0, type:1 .. '00000000004A659F3030303030303030' seq:0, type:1](0)
 511:8542143[0 .. 0]['00000000004A65A03030303030303030' seq:0, type:1 .. '00000000004B09FC3030303030303030' seq:0, type:1](0)
 512:28391[0 .. 0]['00000000004B09FE3030303030303030' seq:0, type:1 .. '00000000004B0AB03030303030303030' seq:0, type:1](0)
 320:8542147[0 .. 0]['00000000004B0AB23030303030303030' seq:0, type:1 .. '00000000004BAFAA3030303030303030' seq:0, type:1](0)
 321:8355648[0 .. 0]['00000000004BAFAC3030303030303030' seq:0, type:1 .. '00000000004C4B3F3030303030303030' seq:0, type:1](0)

STATISTICS:
rocksdb.block.cache.miss COUNT : 0
rocksdb.block.cache.hit COUNT : 0
rocksdb.block.cache.add COUNT : 0
rocksdb.block.cache.add.failures COUNT : 0
rocksdb.block.cache.index.miss COUNT : 0
rocksdb.block.cache.index.hit COUNT : 0
rocksdb.block.cache.index.add COUNT : 0
rocksdb.block.cache.index.bytes.insert COUNT : 0
rocksdb.block.cache.index.bytes.evict COUNT : 0
rocksdb.block.cache.filter.miss COUNT : 0
rocksdb.block.cache.filter.hit COUNT : 0
rocksdb.block.cache.filter.add COUNT : 0
rocksdb.block.cache.filter.bytes.insert COUNT : 0
rocksdb.block.cache.filter.bytes.evict COUNT : 0
rocksdb.block.cache.data.miss COUNT : 0
rocksdb.block.cache.data.hit COUNT : 0
rocksdb.block.cache.data.add COUNT : 0
rocksdb.block.cache.data.bytes.insert COUNT : 0
rocksdb.block.cache.bytes.read COUNT : 0
rocksdb.block.cache.bytes.write COUNT : 0
rocksdb.bloom.filter.useful COUNT : 0
rocksdb.bloom.filter.full.positive COUNT : 0
rocksdb.bloom.filter.full.true.positive COUNT : 0
rocksdb.bloom.filter.micros COUNT : 0
rocksdb.persistent.cache.hit COUNT : 0
rocksdb.persistent.cache.miss COUNT : 1173945
rocksdb.sim.block.cache.hit COUNT : 0
rocksdb.sim.block.cache.miss COUNT : 0
rocksdb.memtable.hit COUNT : 0
rocksdb.memtable.miss COUNT : 0
rocksdb.l0.hit COUNT : 0
rocksdb.l1.hit COUNT : 0
rocksdb.l2andup.hit COUNT : 0
rocksdb.compaction.key.drop.new COUNT : 3093001
rocksdb.compaction.key.drop.obsolete COUNT : 0
rocksdb.compaction.key.drop.range_del COUNT : 0
rocksdb.compaction.key.drop.user COUNT : 0
rocksdb.compaction.range_del.drop.obsolete COUNT : 0
rocksdb.compaction.optimized.del.drop.obsolete COUNT : 0
rocksdb.compaction.cancelled COUNT : 0
rocksdb.number.keys.written COUNT : 10000000
rocksdb.number.keys.read COUNT : 0
rocksdb.number.keys.updated COUNT : 0
rocksdb.bytes.written COUNT : 2879862432
rocksdb.bytes.read COUNT : 0
rocksdb.number.db.seek COUNT : 0
rocksdb.number.db.next COUNT : 0
rocksdb.number.db.prev COUNT : 0
rocksdb.number.db.seek.found COUNT : 0
rocksdb.number.db.next.found COUNT : 0
rocksdb.number.db.prev.found COUNT : 0
rocksdb.db.iter.bytes.read COUNT : 0
rocksdb.no.file.closes COUNT : 0
rocksdb.no.file.opens COUNT : 503
rocksdb.no.file.errors COUNT : 0
rocksdb.l0.slowdown.micros COUNT : 0
rocksdb.memtable.compaction.micros COUNT : 0
rocksdb.l0.num.files.stall.micros COUNT : 0
rocksdb.stall.micros COUNT : 0
rocksdb.db.mutex.wait.micros COUNT : 0
rocksdb.rate.limit.delay.millis COUNT : 0
rocksdb.num.iterators COUNT : 0
rocksdb.number.multiget.get COUNT : 0
rocksdb.number.multiget.keys.read COUNT : 0
rocksdb.number.multiget.bytes.read COUNT : 0
rocksdb.number.deletes.filtered COUNT : 0
rocksdb.number.merge.failures COUNT : 0
rocksdb.bloom.filter.prefix.checked COUNT : 0
rocksdb.bloom.filter.prefix.useful COUNT : 0
rocksdb.number.reseeks.iteration COUNT : 0
rocksdb.getupdatessince.calls COUNT : 0
rocksdb.block.cachecompressed.miss COUNT : 0
rocksdb.block.cachecompressed.hit COUNT : 0
rocksdb.block.cachecompressed.add COUNT : 0
rocksdb.block.cachecompressed.add.failures COUNT : 0
rocksdb.wal.synced COUNT : 0
rocksdb.wal.bytes COUNT : 2879862432
rocksdb.write.self COUNT : 9988536
rocksdb.write.other COUNT : 11464
rocksdb.write.timeout COUNT : 0
rocksdb.write.wal COUNT : 10000000
rocksdb.compact.read.bytes COUNT : 4637296206
rocksdb.compact.write.bytes COUNT : 3775786401
rocksdb.flush.write.bytes COUNT : 2677488792
rocksdb.number.direct.load.table.properties COUNT : 0
rocksdb.number.superversion_acquires COUNT : 0
rocksdb.number.superversion_releases COUNT : 0
rocksdb.number.superversion_cleanups COUNT : 0
rocksdb.number.block.compressed COUNT : 0
rocksdb.number.block.decompressed COUNT : 0
rocksdb.number.block.not_compressed COUNT : 0
rocksdb.merge.operation.time.nanos COUNT : 0
rocksdb.filter.operation.time.nanos COUNT : 0
rocksdb.row.cache.hit COUNT : 0
rocksdb.row.cache.miss COUNT : 0
rocksdb.read.amp.estimate.useful.bytes COUNT : 0
rocksdb.read.amp.total.read.bytes COUNT : 0
rocksdb.number.rate_limiter.drains COUNT : 0
rocksdb.number.iter.skip COUNT : 0
rocksdb.blobdb.num.put COUNT : 0
rocksdb.blobdb.num.write COUNT : 0
rocksdb.blobdb.num.get COUNT : 0
rocksdb.blobdb.num.multiget COUNT : 0
rocksdb.blobdb.num.seek COUNT : 0
rocksdb.blobdb.num.next COUNT : 0
rocksdb.blobdb.num.prev COUNT : 0
rocksdb.blobdb.num.keys.written COUNT : 0
rocksdb.blobdb.num.keys.read COUNT : 0
rocksdb.blobdb.bytes.written COUNT : 0
rocksdb.blobdb.bytes.read COUNT : 0
rocksdb.blobdb.write.inlined COUNT : 0
rocksdb.blobdb.write.inlined.ttl COUNT : 0
rocksdb.blobdb.write.blob COUNT : 0
rocksdb.blobdb.write.blob.ttl COUNT : 0
rocksdb.blobdb.blob.file.bytes.written COUNT : 0
rocksdb.blobdb.blob.file.bytes.read COUNT : 0
rocksdb.blobdb.blob.file.synced COUNT : 0
rocksdb.blobdb.blob.index.expired.count COUNT : 0
rocksdb.blobdb.blob.index.expired.size COUNT : 0
rocksdb.blobdb.blob.index.evicted.count COUNT : 0
rocksdb.blobdb.blob.index.evicted.size COUNT : 0
rocksdb.blobdb.gc.num.files COUNT : 0
rocksdb.blobdb.gc.num.new.files COUNT : 0
rocksdb.blobdb.gc.failures COUNT : 0
rocksdb.blobdb.gc.num.keys.overwritten COUNT : 0
rocksdb.blobdb.gc.num.keys.expired COUNT : 0
rocksdb.blobdb.gc.num.keys.relocated COUNT : 0
rocksdb.blobdb.gc.bytes.overwritten COUNT : 0
rocksdb.blobdb.gc.bytes.expired COUNT : 0
rocksdb.blobdb.gc.bytes.relocated COUNT : 0
rocksdb.blobdb.fifo.num.files.evicted COUNT : 0
rocksdb.blobdb.fifo.num.keys.evicted COUNT : 0
rocksdb.blobdb.fifo.bytes.evicted COUNT : 0
rocksdb.txn.overhead.mutex.prepare COUNT : 0
rocksdb.txn.overhead.mutex.old.commit.map COUNT : 0
rocksdb.txn.overhead.duplicate.key COUNT : 0
rocksdb.txn.overhead.mutex.snapshot COUNT : 0
rocksdb.number.multiget.keys.found COUNT : 0
rocksdb.num.iterator.created COUNT : 0
rocksdb.num.iterator.deleted COUNT : 0
rocksdb.block.cache.compression.dict.miss COUNT : 0
rocksdb.block.cache.compression.dict.hit COUNT : 0
rocksdb.block.cache.compression.dict.add COUNT : 0
rocksdb.block.cache.compression.dict.bytes.insert COUNT : 0
rocksdb.block.cache.compression.dict.bytes.evict COUNT : 0
rocksdb.db.get.micros P50 : 0.000000 P95 : 0.000000 P99 : 0.000000 P100 : 0.000000 COUNT : 0 SUM : 0
rocksdb.db.write.micros P50 : 11.728447 P95 : 18.472006 P99 : 29.493979 P100 : 22197.000000 COUNT : 10000000 SUM : 121038050
rocksdb.compaction.times.micros P50 : 66071.428571 P95 : 2993333.333333 P99 : 3576619.000000 P100 : 3576619.000000 COUNT : 56 SUM : 16679082
rocksdb.compaction.times.cpu_micros P50 : 64880.952381 P95 : 2100000.000000 P99 : 3267602.000000 P100 : 3267602.000000 COUNT : 56 SUM : 15271115
rocksdb.subcompaction.setup.times.micros P50 : 0.000000 P95 : 0.000000 P99 : 0.000000 P100 : 0.000000 COUNT : 0 SUM : 0
rocksdb.table.sync.micros P50 : 55041.000000 P95 : 55041.000000 P99 : 55041.000000 P100 : 55041.000000 COUNT : 23 SUM : 1169562
rocksdb.compaction.outfile.sync.micros P50 : 3607.031250 P95 : 5322.580645 P99 : 8580.000000 P100 : 37369.000000 COUNT : 480 SUM : 1976919
rocksdb.wal.file.sync.micros P50 : 0.000000 P95 : 0.000000 P99 : 0.000000 P100 : 0.000000 COUNT : 0 SUM : 0
rocksdb.manifest.file.sync.micros P50 : 124.680851 P95 : 195.333333 P99 : 951.700000 P100 : 1022.000000 COUNT : 81 SUM : 10891
rocksdb.table.open.io.micros P50 : 286.547170 P95 : 573.783784 P99 : 830.059091 P100 : 7666.000000 COUNT : 503 SUM : 149259
rocksdb.db.multiget.micros P50 : 0.000000 P95 : 0.000000 P99 : 0.000000 P100 : 0.000000 COUNT : 0 SUM : 0
rocksdb.read.block.compaction.micros P50 : 0.000000 P95 : 0.000000 P99 : 0.000000 P100 : 0.000000 COUNT : 0 SUM : 0
rocksdb.read.block.get.micros P50 : 2.381945 P95 : 3.464304 P99 : 10.938437 P100 : 4716.000000 COUNT : 1173442 SUM : 3603207
rocksdb.write.raw.block.micros P50 : 0.508755 P95 : 0.966634 P99 : 3.953538 P100 : 1475.000000 COUNT : 1628180 SUM : 4433463
rocksdb.l0.slowdown.count P50 : 0.000000 P95 : 0.000000 P99 : 0.000000 P100 : 0.000000 COUNT : 0 SUM : 0
rocksdb.memtable.compaction.count P50 : 0.000000 P95 : 0.000000 P99 : 0.000000 P100 : 0.000000 COUNT : 0 SUM : 0
rocksdb.num.files.stall.count P50 : 0.000000 P95 : 0.000000 P99 : 0.000000 P100 : 0.000000 COUNT : 0 SUM : 0
rocksdb.hard.rate.limit.delay.count P50 : 0.000000 P95 : 0.000000 P99 : 0.000000 P100 : 0.000000 COUNT : 0 SUM : 0
rocksdb.soft.rate.limit.delay.count P50 : 0.000000 P95 : 0.000000 P99 : 0.000000 P100 : 0.000000 COUNT : 0 SUM : 0
rocksdb.numfiles.in.singlecompaction P50 : 1.000000 P95 : 3.440000 P99 : 3.888000 P100 : 4.000000 COUNT : 56 SUM : 71
rocksdb.db.seek.micros P50 : 0.000000 P95 : 0.000000 P99 : 0.000000 P100 : 0.000000 COUNT : 0 SUM : 0
rocksdb.db.write.stall P50 : 0.000000 P95 : 0.000000 P99 : 0.000000 P100 : 0.000000 COUNT : 0 SUM : 0
rocksdb.sst.read.micros P50 : 0.970987 P95 : 1.923938 P99 : 2.857428 P100 : 2822.000000 COUNT : 1174951 SUM : 1873332
rocksdb.num.subcompactions.scheduled P50 : 0.000000 P95 : 0.000000 P99 : 0.000000 P100 : 0.000000 COUNT : 0 SUM : 0
rocksdb.bytes.per.read P50 : 0.000000 P95 : 0.000000 P99 : 0.000000 P100 : 0.000000 COUNT : 0 SUM : 0
rocksdb.bytes.per.write P50 : 315.074687 P95 : 373.641906 P99 : 378.847881 P100 : 564.000000 COUNT : 9988536 SUM : 2879862432
rocksdb.bytes.per.multiget P50 : 0.000000 P95 : 0.000000 P99 : 0.000000 P100 : 0.000000 COUNT : 0 SUM : 0
rocksdb.bytes.compressed P50 : 0.000000 P95 : 0.000000 P99 : 0.000000 P100 : 0.000000 COUNT : 0 SUM : 0
rocksdb.bytes.decompressed P50 : 0.000000 P95 : 0.000000 P99 : 0.000000 P100 : 0.000000 COUNT : 0 SUM : 0
rocksdb.compression.times.nanos P50 : 0.000000 P95 : 0.000000 P99 : 0.000000 P100 : 0.000000 COUNT : 0 SUM : 0
rocksdb.decompression.times.nanos P50 : 0.000000 P95 : 0.000000 P99 : 0.000000 P100 : 0.000000 COUNT : 0 SUM : 0
rocksdb.read.num.merge_operands P50 : 0.000000 P95 : 0.000000 P99 : 0.000000 P100 : 0.000000 COUNT : 0 SUM : 0
rocksdb.blobdb.key.size P50 : 0.000000 P95 : 0.000000 P99 : 0.000000 P100 : 0.000000 COUNT : 0 SUM : 0
rocksdb.blobdb.value.size P50 : 0.000000 P95 : 0.000000 P99 : 0.000000 P100 : 0.000000 COUNT : 0 SUM : 0
rocksdb.blobdb.write.micros P50 : 0.000000 P95 : 0.000000 P99 : 0.000000 P100 : 0.000000 COUNT : 0 SUM : 0
rocksdb.blobdb.get.micros P50 : 0.000000 P95 : 0.000000 P99 : 0.000000 P100 : 0.000000 COUNT : 0 SUM : 0
rocksdb.blobdb.multiget.micros P50 : 0.000000 P95 : 0.000000 P99 : 0.000000 P100 : 0.000000 COUNT : 0 SUM : 0
rocksdb.blobdb.seek.micros P50 : 0.000000 P95 : 0.000000 P99 : 0.000000 P100 : 0.000000 COUNT : 0 SUM : 0
rocksdb.blobdb.next.micros P50 : 0.000000 P95 : 0.000000 P99 : 0.000000 P100 : 0.000000 COUNT : 0 SUM : 0
rocksdb.blobdb.prev.micros P50 : 0.000000 P95 : 0.000000 P99 : 0.000000 P100 : 0.000000 COUNT : 0 SUM : 0
rocksdb.blobdb.blob.file.write.micros P50 : 0.000000 P95 : 0.000000 P99 : 0.000000 P100 : 0.000000 COUNT : 0 SUM : 0
rocksdb.blobdb.blob.file.read.micros P50 : 0.000000 P95 : 0.000000 P99 : 0.000000 P100 : 0.000000 COUNT : 0 SUM : 0
rocksdb.blobdb.blob.file.sync.micros P50 : 0.000000 P95 : 0.000000 P99 : 0.000000 P100 : 0.000000 COUNT : 0 SUM : 0
rocksdb.blobdb.gc.micros P50 : 0.000000 P95 : 0.000000 P99 : 0.000000 P100 : 0.000000 COUNT : 0 SUM : 0
rocksdb.blobdb.compression.micros P50 : 0.000000 P95 : 0.000000 P99 : 0.000000 P100 : 0.000000 COUNT : 0 SUM : 0
rocksdb.blobdb.decompression.micros P50 : 0.000000 P95 : 0.000000 P99 : 0.000000 P100 : 0.000000 COUNT : 0 SUM : 0
rocksdb.db.flush.micros P50 : 401923.076923 P95 : 433191.000000 P99 : 433191.000000 P100 : 433191.000000 COUNT : 23 SUM : 8778902
rocksdb.sst.batch.size P50 : 0.000000 P95 : 0.000000 P99 : 0.000000 P100 : 0.000000 COUNT : 0 SUM : 0

