Initializing RocksDB Options from the specified file
Initializing RocksDB Options from command-line flags
paht=/home/zyh/480G/wp/pcache/pcache_file
Keys:       16 bytes each
Values:     256 bytes each (128 bytes after compression)
Entries:    10000000
Prefix:    0 bytes
Keys per prefix:    0
RawSize:    2594.0 MB (estimated)
FileSize:   1373.3 MB (estimated)
Write rate: 0 bytes/second
Read rate: 0 ops/second
Compression: NoCompression
Compression sampling rate: 0
Memtablerep: skip_list
Perf Level: 5
WARNING: Assertions are enabled; benchmarks unnecessarily slow
------------------------------------------------
Initializing RocksDB Options from the specified file
Initializing RocksDB Options from command-line flags
paht=/home/zyh/480G/wp/pcache/pcache_file
DB path: [/home/zyh/480G/wp]
too large size=862957
too large size=1254730
too large size=861959
too large size=1253194
too large size=862451
too large size=1254090
too large size=864275
too large size=1256650
too large size=866103
too large size=1259210
too large size=865165
too large size=1257930
too large size=865821
too large size=1258826
too large size=865992
too large size=1259082
too large size=865707
too large size=1258570
too large size=864726
too large size=1257290
too large size=863000
too large size=1254730
too large size=864051
too large size=1256266
too large size=865247
too large size=1257930
too large size=864901
too large size=1257546
too large size=864877
too large size=1257290
too large size=863995
too large size=1256138
too large size=868019
too large size=1262154
too large size=867203
too large size=1260746
too large size=865484
too large size=1258314
too large size=865633
too large size=1258570
too large size=867647
too large size=1261642
too large size=865210
too large size=1258058
too large size=864809
too large size=1257290
too large size=866451
too large size=1259850
too large size=862321
too large size=1253706
too large size=864249
too large size=1256522
too large size=863463
too large size=1255498
too large size=864349
too large size=1256778
too large size=866256
too large size=1259466
too large size=867215
too large size=1260746
too large size=867347
too large size=1261130
too large size=865703
too large size=1258698
too large size=865081
too large size=1257802
too large size=865850
too large size=1258954
too large size=864623
too large size=1257162
too large size=862558
too large size=1254090
too large size=864990
too large size=1257674
too large size=865759
too large size=1258826
too large size=866291
too large size=1259722
too large size=865133
too large size=1258058
too large size=864038
too large size=1256394
too large size=867523
too large size=1261258
too large size=863180
too large size=1255114
too large size=864707
too large size=1257162
too large size=865275
too large size=1258058
too large size=863743
too large size=1255754
fillrandom   :      12.653 micros/op 158044 ops/sec;   41.0 MB/s
Microseconds per write:
Count: 20000000 Average: 12.6525  StdDev: 19.89
Min: 6  Median: 12.2012  Max: 34908
Percentiles: P50: 12.20 P75: 13.93 P99: 30.69 P99.9: 38.61 P99.99: 67.32
------------------------------------------------------
(       4,       6 ]      151   0.001%   0.001% 
(       6,      10 ]  3615354  18.077%  18.078% ####
(      10,      15 ] 14502139  72.511%  90.588% ###############
(      15,      22 ]  1226520   6.133%  96.721% #
(      22,      34 ]   629462   3.147%  99.868% #
(      34,      51 ]    23488   0.117%  99.986% 
(      51,      76 ]     1357   0.007%  99.992% 
(      76,     110 ]      307   0.002%  99.994% 
(     110,     170 ]      505   0.003%  99.996% 
(     170,     250 ]      127   0.001%  99.997% 
(     250,     380 ]      105   0.001%  99.998% 
(     380,     580 ]       22   0.000%  99.998% 
(     580,     870 ]       78   0.000%  99.998% 
(     870,    1300 ]      241   0.001%  99.999% 
(    1300,    1900 ]       91   0.000% 100.000% 
(    1900,    2900 ]       19   0.000% 100.000% 
(    2900,    4400 ]       12   0.000% 100.000% 
(    4400,    6600 ]        6   0.000% 100.000% 
(    6600,    9900 ]        3   0.000% 100.000% 
(    9900,   14000 ]        5   0.000% 100.000% 
(   14000,   22000 ]        4   0.000% 100.000% 
(   33000,   50000 ]        4   0.000% 100.000% 



** Compaction Stats [default] **
Level    Files   Size     Score Read(GB)  Rn(GB) Rnp1(GB) Write(GB) Wnew(GB) Moved(GB) W-Amp Rd(MB/s) Wr(MB/s) Comp(sec) CompMergeCPU(sec) Comp(cnt) Avg(sec) KeyIn KeyDrop
----------------------------------------------------------------------------------------------------------------------------------------------------------------------------
  L0      2/0   226.60 MB   0.5      0.0     0.0      0.0       5.1      5.1       0.0   1.0      0.0    286.4     18.21             16.50        46    0.396       0      0
  L5     80/1   621.54 MB   1.2      7.9     4.0      3.9       7.0      3.1       0.0   1.8    257.0    229.1     31.34             28.53         9    3.482     29M  3236K
  L6    300/3    2.09 GB   0.0      8.5     3.4      5.1       7.2      2.1       0.0   2.1    265.5    224.5     32.95             30.04       321    0.103     32M  4989K
 Sum    382/4    2.92 GB   0.0     16.4     7.4      9.0      19.3     10.3       0.0   3.8    203.7    239.9     82.50             75.07       376    0.219     62M  8226K
 Int      0/0    0.00 KB   0.0     16.4     7.4      9.0      19.3     10.3       0.0   3.8    203.7    239.9     82.50             75.07       376    0.219     62M  8226K

** Compaction Stats [default] **
Priority    Files   Size     Score Read(GB)  Rn(GB) Rnp1(GB) Write(GB) Wnew(GB) Moved(GB) W-Amp Rd(MB/s) Wr(MB/s) Comp(sec) CompMergeCPU(sec) Comp(cnt) Avg(sec) KeyIn KeyDrop
-------------------------------------------------------------------------------------------------------------------------------------------------------------------------------
 Low      0/0    0.00 KB   0.0     16.4     7.4      9.0      14.2      5.2       0.0   0.0    261.4    226.7     64.29             58.57       330    0.195     62M  8226K
High      0/0    0.00 KB   0.0      0.0     0.0      0.0       5.1      5.1       0.0   0.0      0.0    286.4     18.21             16.50        46    0.396       0      0
Uptime(secs): 126.5 total, 126.5 interval
Flush(GB): cumulative 5.093, interval 5.093
AddFile(GB): cumulative 0.000, interval 0.000
AddFile(Total Files): cumulative 0, interval 0
AddFile(L0 Files): cumulative 0, interval 0
AddFile(Keys): cumulative 0, interval 0
Cumulative compaction: 19.33 GB write, 156.39 MB/s write, 16.41 GB read, 132.77 MB/s read, 82.5 seconds
Interval compaction: 19.33 GB write, 156.40 MB/s write, 16.41 GB read, 132.77 MB/s read, 82.5 seconds
Stalls(count): 0 level0_slowdown, 0 level0_slowdown_with_compaction, 0 level0_numfiles, 0 level0_numfiles_with_compaction, 0 stop for pending_compaction_bytes, 0 slowdown for pending_compaction_bytes, 0 memtable_compaction, 0 memtable_slowdown, interval 0 total count

** File Read Latency Histogram By Level [default] **
** Level 0 read latency histogram (micros):
Count: 1317805 Average: 1.5926  StdDev: 2.90
Min: 1  Median: 1.0000  Max: 936
Percentiles: P50: 1.00 P75: 1.51 P99: 2.82 P99.9: 14.26 P99.99: 20.82
------------------------------------------------------
[       0,       1 ]   669643  50.815%  50.815% ##########
(       1,       2 ]   627655  47.629%  98.444% ##########
(       2,       3 ]     8965   0.680%  99.124% 
(       3,       4 ]      898   0.068%  99.192% 
(       4,       6 ]     1079   0.082%  99.274% 
(       6,      10 ]     1905   0.145%  99.419% 
(      10,      15 ]     7450   0.565%  99.984% 
(      15,      22 ]       94   0.007%  99.991% 
(      22,      34 ]       15   0.001%  99.992% 
(      34,      51 ]        2   0.000%  99.992% 
(     110,     170 ]       13   0.001%  99.993% 
(     170,     250 ]       55   0.004%  99.998% 
(     250,     380 ]       24   0.002%  99.999% 
(     380,     580 ]        1   0.000% 100.000% 
(     580,     870 ]        1   0.000% 100.000% 
(     870,    1300 ]        5   0.000% 100.000% 

** Level 5 read latency histogram (micros):
Count: 1737554 Average: 1.5090  StdDev: 1.76
Min: 0  Median: 0.8468  Max: 947
Percentiles: P50: 0.85 P75: 1.40 P99: 2.90 P99.9: 14.85 P99.99: 44.48
------------------------------------------------------
[       0,       1 ]  1025990  59.048%  59.048% ############
(       1,       2 ]   685783  39.468%  98.516% ########
(       2,       3 ]     9288   0.535%  99.051% 
(       3,       4 ]     1240   0.071%  99.122% 
(       4,       6 ]     1763   0.101%  99.224% 
(       6,      10 ]     2768   0.159%  99.383% 
(      10,      15 ]     9266   0.533%  99.916% 
(      15,      22 ]      533   0.031%  99.947% 
(      22,      34 ]      518   0.030%  99.977% 
(      34,      51 ]      375   0.022%  99.998% 
(      51,      76 ]       26   0.001% 100.000% 
(      76,     110 ]        1   0.000% 100.000% 
(     580,     870 ]        1   0.000% 100.000% 
(     870,    1300 ]        2   0.000% 100.000% 

** Level 6 read latency histogram (micros):
Count: 1395595 Average: 1.5372  StdDev: 1.74
Min: 0  Median: 0.8919  Max: 898
Percentiles: P50: 0.89 P75: 1.45 P99: 3.59 P99.9: 14.55 P99.99: 37.21
------------------------------------------------------
[       0,       1 ]   782377  56.060%  56.060% ###########
(       1,       2 ]   586519  42.026%  98.087% ########
(       2,       3 ]    11676   0.837%  98.924% 
(       3,       4 ]     1799   0.129%  99.052% 
(       4,       6 ]     2240   0.161%  99.213% 
(       6,      10 ]     3367   0.241%  99.454% 
(      10,      15 ]     6843   0.490%  99.945% 
(      15,      22 ]      414   0.030%  99.974% 
(      22,      34 ]      194   0.014%  99.988% 
(      34,      51 ]      140   0.010%  99.998% 
(      51,      76 ]       20   0.001% 100.000% 
(     110,     170 ]        2   0.000% 100.000% 
(     170,     250 ]        1   0.000% 100.000% 
(     580,     870 ]        2   0.000% 100.000% 
(     870,    1300 ]        1   0.000% 100.000% 


** DB Stats **
Uptime(secs): 126.5 total, 126.5 interval
Cumulative writes: 20M writes, 20M keys, 19M commit groups, 1.0 writes per commit group, ingest: 5.36 GB, 43.41 MB/s
Cumulative WAL: 20M writes, 0 syncs, 20000000.00 writes per sync, written: 5.36 GB, 43.41 MB/s
Cumulative stall: 00:00:0.000 H:M:S, 0.0 percent
Interval writes: 20M writes, 20M keys, 19M commit groups, 1.0 writes per commit group, ingest: 5492.91 MB, 43.41 MB/s
Interval WAL: 20M writes, 0 syncs, 20000000.00 writes per sync, written: 5.36 MB, 43.41 MB/s
Interval stall: 00:00:0.000 H:M:S, 0.0 percent


Level Files Size(MB)
--------------------
  0        2      227
  1        0        0
  2        0        0
  3        0        0
  4        0        0
  5       80      622
  6      300     2142


--- level 0 --- version# 377 ---
 2013:118693396[19271777 .. 19699422]['00000000000000183030303030303030' seq:19628278, type:1 .. '00000000009896573030303030303030' seq:19279037, type:1](0)
 1934:118912390[18843452 .. 19271776]['000000000000001D3030303030303030' seq:19246680, type:1 .. '00000000009896513030303030303030' seq:19238546, type:1](0)
--- level 1 --- version# 377 ---
--- level 2 --- version# 377 ---
--- level 3 --- version# 377 ---
--- level 4 --- version# 377 ---
--- level 5 --- version# 377 ---
 1870:8542483[13704895 .. 18843448]['00000000000121343030303030303030' seq:13805607, type:1 .. '0000000000035E9E3030303030303030' seq:17584019, type:1](0)
 1871:8542444[6849887 .. 18843402]['0000000000035EA13030303030303030' seq:17983945, type:1 .. '0000000000055C313030303030303030' seq:17106676, type:1](0)
 1872:8542307[10279763 .. 18843218]['0000000000055C363030303030303030' seq:16698493, type:1 .. '000000000006C2283030303030303030' seq:17344954, type:1](0)
 1873:8542414[6850389 .. 18843236]['000000000006C2353030303030303030' seq:18698973, type:1 .. '000000000008989F3030303030303030' seq:13728574, type:1](0)
 1875:8542340[10281606 .. 18843292]['00000000000985BC3030303030303030' seq:15854904, type:1 .. '00000000000B01C93030303030303030' seq:17767344, type:1](0)
 1876:8542341[15416394 .. 18843450]['00000000000B01CA3030303030303030' seq:17421210, type:1 .. '00000000000C99113030303030303030' seq:17169771, type:1](0)
 1877:8542351[15416419 .. 18843387]['00000000000C99153030303030303030' seq:16233585, type:1 .. '00000000000E2C3F3030303030303030' seq:15837609, type:1](0)
 1878:1983349[15417076 .. 18842974]['00000000000E2C413030303030303030' seq:16654624, type:1 .. '00000000000E8B6C3030303030303030' seq:18522344, type:1](0)
 1880:8542382[11994439 .. 18843319]['00000000000FA16B3030303030303030' seq:14795027, type:1 .. '00000000001155933030303030303030' seq:17406004, type:1](0)
 1881:8542325[12007198 .. 18843443]['00000000001155993030303030303030' seq:17991074, type:1 .. '000000000012D7973030303030303030' seq:17960708, type:1](0)
 1882:8542434[13704485 .. 18843300]['000000000012D79B3030303030303030' seq:18577082, type:1 .. '000000000014DF623030303030303030' seq:14280925, type:1](0)
 1883:8542300[8586148 .. 18843401]['000000000014DF643030303030303030' seq:13976298, type:1 .. '00000000001637293030303030303030' seq:18210369, type:1](0)
 1884:8542273[11988407 .. 18843213]['000000000016372B3030303030303030' seq:18745987, type:1 .. '0000000000176FC03030303030303030' seq:15453930, type:1](0)
 1885:8542299[11988436 .. 18843377]['0000000000176FC23030303030303030' seq:16111874, type:1 .. '000000000018C9B13030303030303030' seq:16336939, type:1](0)
 1886:8542234[8566931 .. 18843442]['000000000018C9B23030303030303030' seq:18698127, type:1 .. '000000000019DAB13030303030303030' seq:18018323, type:1](0)
 1887:8542255[13704362 .. 18843430]['000000000019DAB43030303030303030' seq:15774990, type:1 .. '00000000001AFEFE3030303030303030' seq:17076595, type:1](0)
 1888:8542311[13705187 .. 18843437]['00000000001AFF003030303030303030' seq:13707690, type:1 .. '00000000001C6A093030303030303030' seq:18144636, type:1](0)
 1891:8542368[13704454 .. 18843441]['00000000001E39403030303030303030' seq:17884979, type:1 .. '00000000001FE4673030303030303030' seq:17444315, type:1](0)
 1892:8542477[6849844 .. 18843446]['00000000001FE47F3030303030303030' seq:18477742, type:1 .. '000000000022081C3030303030303030' seq:15247470, type:1](0)
 1893:8542222[10278514 .. 18843257]['000000000022081E3030303030303030' seq:18582847, type:1 .. '0000000000230F363030303030303030' seq:18367366, type:1](0)
 1894:8542289[6852490 .. 18843436]['0000000000230F373030303030303030' seq:17576529, type:1 .. '00000000002475AF3030303030303030' seq:16695624, type:1](0)
 1895:8542423[10290036 .. 18843419]['00000000002475B13030303030303030' seq:18161168, type:1 .. '00000000002656C83030303030303030' seq:18457085, type:1](0)
 1896:8542286[10279204 .. 18843305]['00000000002656DA3030303030303030' seq:17744305, type:1 .. '0000000000279FD73030303030303030' seq:12779055, type:1](0)
 1897:8542344[10278802 .. 18843431]['0000000000279FD83030303030303030' seq:18501214, type:1 .. '00000000002945E73030303030303030' seq:16711691, type:1](0)
 1898:8542257[13704568 .. 18843316]['00000000002945EB3030303030303030' seq:18378411, type:1 .. '00000000002A77313030303030303030' seq:18466120, type:1](0)
 1899:5914810[11988224 .. 18843409]['00000000002A77343030303030303030' seq:18053538, type:1 .. '00000000002BA86C3030303030303030' seq:17905189, type:1](0)
 1900:8542278[11988144 .. 18843438]['00000000002BA8733030303030303030' seq:13596803, type:1 .. '00000000002CEF8D3030303030303030' seq:17226638, type:1](0)
 1901:8542415[15416444 .. 18843361]['00000000002CEF8E3030303030303030' seq:18825259, type:1 .. '00000000002ED60F3030303030303030' seq:18737678, type:1](0)
 1902:8542502[13707136 .. 18843445]['00000000002ED6113030303030303030' seq:17301059, type:1 .. '00000000003117DD3030303030303030' seq:15761588, type:1](0)
 1903:8542255[13704289 .. 18843283]['00000000003117E13030303030303030' seq:14814612, type:1 .. '0000000000323D8E3030303030303030' seq:16519371, type:1](0)
 1904:8542260[13704431 .. 18843159]['0000000000323D8F3030303030303030' seq:16120753, type:1 .. '00000000003362E13030303030303030' seq:18627778, type:1](0)
 1906:8542359[15416694 .. 18843393]['00000000003461433030303030303030' seq:15426361, type:1 .. '000000000035F5763030303030303030' seq:17560617, type:1](0)
 1909:8542317[11991454 .. 18843426]['00000000003810BB3030303030303030' seq:18725012, type:1 .. '00000000003988A83030303030303030' seq:17372360, type:1](0)
 1910:6494792[13704324 .. 18843275]['00000000003988AB3030303030303030' seq:15434097, type:1 .. '00000000003A67303030303030303030' seq:18635624, type:1](0)
 1911:8542428[13704833 .. 18843374]['00000000003A673B3030303030303030' seq:15806375, type:1 .. '00000000003C51023030303030303030' seq:18740552, type:1](0)
 1912:8542457[11990730 .. 18843333]['00000000003C51043030303030303030' seq:17421229, type:1 .. '00000000003E5C283030303030303030' seq:16924841, type:1](0)
 1913:8542350[15416529 .. 18843444]['00000000003E5C2F3030303030303030' seq:17160972, type:1 .. '00000000003FF3933030303030303030' seq:17086580, type:1](0)
 1914:8542325[8566073 .. 18843398]['00000000003FF3953030303030303030' seq:17835751, type:1 .. '00000000004168153030303030303030' seq:18219616, type:1](0)
 1918:8542337[11988700 .. 18843270]['00000000004482F03030303030303030' seq:12014598, type:1 .. '0000000000460F603030303030303030' seq:17992746, type:1](0)
 1919:8542350[15416464 .. 18843392]['0000000000460F613030303030303030' seq:17665818, type:1 .. '000000000047A68C3030303030303030' seq:18058135, type:1](0)
 1920:6308927[15416470 .. 18843400]['000000000047A68F3030303030303030' seq:18083812, type:1 .. '000000000048D1BD3030303030303030' seq:18748851, type:1](0)
 1921:8542569[15416946 .. 18843212]['000000000048D1C73030303030303030' seq:18617990, type:1 .. '00000000004B7D483030303030303030' seq:17970373, type:1](0)
 1922:8542392[13704394 .. 18843422]['00000000004B7D4B3030303030303030' seq:17505459, type:1 .. '00000000004D3B283030303030303030' seq:18831437, type:1](0)
 1923:8542358[8563669 .. 18843389]['00000000004D3B2E3030303030303030' seq:15960055, type:1 .. '00000000004ED4813030303030303030' seq:14696546, type:1](0)
 1924:8542357[11989855 .. 18843360]['00000000004ED4833030303030303030' seq:12739491, type:1 .. '00000000005075973030303030303030' seq:18612681, type:1](0)
 1925:8542610[15425307 .. 18843414]['00000000005075993030303030303030' seq:18324697, type:1 .. '000000000053544C3030303030303030' seq:17180557, type:1](0)
 1926:8542324[11991267 .. 18843314]['000000000053544E3030303030303030' seq:18840758, type:1 .. '000000000054B18C3030303030303030' seq:16426300, type:1](0)
 1928:7485666[3428817 .. 18843367]['0000000000559EE83030303030303030' seq:18628466, type:1 .. '000000000056DB893030303030303030' seq:18451147, type:1](0)
 1929:8542653[17130787 .. 18843397]['000000000056DBA13030303030303030' seq:17654705, type:1 .. '000000000059C5273030303030303030' seq:18384264, type:1](0)
 1930:8542258[8563990 .. 18843347]['000000000059C5323030303030303030' seq:17491617, type:1 .. '00000000005AE6163030303030303030' seq:17909291, type:1](0)
 1936:8542358[15416514 .. 18843433]['00000000005E320C3030303030303030' seq:15671596, type:1 .. '00000000005FC3873030303030303030' seq:17595469, type:1](0)
 1939:8542294[10279448 .. 18843369]['000000000061CE133030303030303030' seq:15981370, type:1 .. '0000000000632AC43030303030303030' seq:14049663, type:1](0)
 1940:8542291[13704498 .. 18843382]['0000000000632AC53030303030303030' seq:14828808, type:1 .. '00000000006484153030303030303030' seq:18483769, type:1](0)
 1941:2732462[17130821 .. 18843418]['00000000006484183030303030303030' seq:17582362, type:1 .. '000000000065779B3030303030303030' seq:17721387, type:1](0)
 1942:8542343[11988621 .. 18843355]['00000000006577A73030303030303030' seq:18476527, type:1 .. '000000000067008B3030303030303030' seq:16357129, type:1](0)
 1943:8542412[10312698 .. 18843385]['000000000067008C3030303030303030' seq:17661336, type:1 .. '000000000068D9A63030303030303030' seq:17401463, type:1](0)
 1944:8542352[13704427 .. 18843341]['000000000068D9AB3030303030303030' seq:18786972, type:1 .. '00000000006A73503030303030303030' seq:14787740, type:1](0)
 1945:8542325[13704527 .. 18843415]['00000000006A73513030303030303030' seq:17751709, type:1 .. '00000000006BF7BA3030303030303030' seq:17066548, type:1](0)
 1948:8542341[15416540 .. 18843425]['00000000006E01733030303030303030' seq:18250215, type:1 .. '00000000006F97023030303030303030' seq:18456292, type:1](0)
 1950:8542268[6848736 .. 18843404]['000000000070BC8A3030303030303030' seq:17753340, type:1 .. '000000000071F9493030303030303030' seq:18788171, type:1](0)
 1951:8542309[11988101 .. 18843435]['000000000071F94F3030303030303030' seq:18772177, type:1 .. '0000000000736E683030303030303030' seq:17031487, type:1](0)
 1952:4224736[12011580 .. 18843198]['0000000000736E693030303030303030' seq:14661509, type:1 .. '000000000074352B3030303030303030' seq:17917322, type:1](0)
 1954:8542346[8566563 .. 18843320]['0000000000758B113030303030303030' seq:10687778, type:1 .. '000000000077235A3030303030303030' seq:17402906, type:1](0)
 1956:8542371[10281940 .. 18843302]['00000000007846FA3030303030303030' seq:16995054, type:1 .. '000000000079F6A23030303030303030' seq:15513061, type:1](0)
 1957:8542330[10278347 .. 18843428]['000000000079F6A53030303030303030' seq:11403415, type:1 .. '00000000007B6E253030303030303030' seq:15862384, type:1](0)
 1958:8542315[13705217 .. 18843217]['00000000007B6E263030303030303030' seq:17013692, type:1 .. '00000000007CEEBD3030303030303030' seq:15243496, type:1](0)
 1959:8542246[13704361 .. 18843345]['00000000007CEEC53030303030303030' seq:18834673, type:1 .. '00000000007E14053030303030303030' seq:15696379, type:1](0)
 1960:8542189[3425748 .. 18843071]['00000000007E14093030303030303030' seq:17027819, type:1 .. '00000000007EF7503030303030303030' seq:15545204, type:1](0)
 1962:8542209[11988289 .. 18843366]['00000000007FE32B3030303030303030' seq:15704641, type:1 .. '000000000080F11F3030303030303030' seq:18828357, type:1](0)
 1963:7412136[13704565 .. 18843380]['000000000080F1203030303030303030' seq:16674899, type:1 .. '000000000082B9643030303030303030' seq:18297279, type:1](0)
 1964:8542341[6852313 .. 18843306]['000000000082B9683030303030303030' seq:18423725, type:1 .. '000000000084440B3030303030303030' seq:14303855, type:1](0)
 1968:8542355[15416421 .. 18843429]['000000000087B2913030303030303030' seq:16990398, type:1 .. '00000000008947C03030303030303030' seq:17678400, type:1](0)
 1969:8542266[11988071 .. 18843348]['00000000008947C23030303030303030' seq:16033891, type:1 .. '00000000008A7E593030303030303030' seq:16132821, type:1](0)
 1970:8542205[11988163 .. 18843315]['00000000008A7E5E3030303030303030' seq:14059521, type:1 .. '00000000008B6CD23030303030303030' seq:12001906, type:1](0)
 1971:8542343[11991067 .. 18843357]['00000000008B6CD33030303030303030' seq:16961388, type:1 .. '00000000008CEAC43030303030303030' seq:17536296, type:1](0)
 1972:8542280[11988020 .. 18843344]['00000000008CEAC53030303030303030' seq:16980428, type:1 .. '00000000008E365A3030303030303030' seq:17158935, type:1](0)
 1973:8542487[13704580 .. 18843405]['00000000008E36623030303030303030' seq:18118968, type:1 .. '0000000000907B9A3030303030303030' seq:18041555, type:1](0)
 1975:8542512[8627261 .. 18843447]['0000000000915C7D3030303030303030' seq:15518367, type:1 .. '000000000093B67B3030303030303030' seq:16738616, type:1](0)
 1977:8542349[10278981 .. 18843054]['00000000009510053030303030303030' seq:17347537, type:1 .. '000000000096922A3030303030303030' seq:13720083, type:1](0)
 1979:2667435[17130789 .. 18843140]['000000000097AE233030303030303030' seq:18318662, type:1 .. '000000000098967B3030303030303030' seq:18126349, type:1](0)
--- level 6 --- version# 377 ---
 1988:8542127[0 .. 0]['00000000000000003030303030303030' seq:0, type:1 .. '0000000000008B3E3030303030303030' seq:0, type:1](0)
 1989:8542122[0 .. 0]['0000000000008B3F3030303030303030' seq:0, type:1 .. '00000000000116013030303030303030' seq:0, type:1](0)
 1990:2167485[0 .. 0]['00000000000116023030303030303030' seq:0, type:1 .. '0000000000013C673030303030303030' seq:0, type:1](0)
 1741:8542131[0 .. 0]['0000000000013C683030303030303030' seq:0, type:1 .. '000000000001D3C83030303030303030' seq:0, type:1](0)
 1742:8542129[0 .. 0]['000000000001D3C93030303030303030' seq:0, type:1 .. '00000000000263933030303030303030' seq:0, type:1](0)
 1803:8542118[0 .. 0]['00000000000263943030303030303030' seq:0, type:1 .. '000000000002F3233030303030303030' seq:0, type:1](0)
 1804:8542122[0 .. 0]['000000000002F3243030303030303030' seq:0, type:1 .. '00000000000382B33030303030303030' seq:0, type:1](0)
 1805:5221480[0 .. 0]['00000000000382B43030303030303030' seq:0, type:1 .. '000000000003DAE63030303030303030' seq:0, type:1](0)
 1754:8542115[0 .. 0]['000000000003DAE73030303030303030' seq:0, type:1 .. '0000000000046A873030303030303030' seq:0, type:1](0)
 1755:3041814[0 .. 0]['0000000000046A883030303030303030' seq:0, type:1 .. '000000000004A2853030303030303030' seq:0, type:1](0)
 1063:53360[0 .. 0]['000000000004A28B3030303030303030' seq:0, type:1 .. '000000000004A3F93030303030303030' seq:0, type:1](0)
 1519:8542140[0 .. 0]['000000000004A3FA3030303030303030' seq:0, type:1 .. '0000000000053E383030303030303030' seq:0, type:1](0)
 1520:8542129[0 .. 0]['0000000000053E393030303030303030' seq:0, type:1 .. '000000000005D5013030303030303030' seq:0, type:1](0)
 1523:3163807[0 .. 0]['000000000005D5023030303030303030' seq:0, type:1 .. '000000000006195D3030303030303030' seq:0, type:1](0)
 1821:8542127[0 .. 0]['000000000006195E3030303030303030' seq:0, type:1 .. '000000000006B0B63030303030303030' seq:0, type:1](0)
 1822:8542129[0 .. 0]['000000000006B0B73030303030303030' seq:0, type:1 .. '00000000000740B93030303030303030' seq:0, type:1](0)
 1823:7376943[0 .. 0]['00000000000740BA3030303030303030' seq:0, type:1 .. '000000000007BD3D3030303030303030' seq:0, type:1](0)
 1774:8542144[0 .. 0]['000000000007BD3E3030303030303030' seq:0, type:1 .. '00000000000860E93030303030303030' seq:0, type:1](0)
 2023:8542115[0 .. 0]['00000000000860EA3030303030303030' seq:0, type:1 .. '000000000008F1DD3030303030303030' seq:0, type:1](0)
 2024:8542114[0 .. 0]['000000000008F1DE3030303030303030' seq:0, type:1 .. '0000000000097CB93030303030303030' seq:0, type:1](0)
 2025:6966451[0 .. 0]['0000000000097CBA3030303030303030' seq:0, type:1 .. '000000000009FAEE3030303030303030' seq:0, type:1](0)
 1525:8542117[0 .. 0]['000000000009FAEF3030303030303030' seq:0, type:1 .. '00000000000A90C53030303030303030' seq:0, type:1](0)
 1551:8542131[0 .. 0]['00000000000A90C63030303030303030' seq:0, type:1 .. '00000000000B263A3030303030303030' seq:0, type:1](0)
 1552:8542130[0 .. 0]['00000000000B263B3030303030303030' seq:0, type:1 .. '00000000000BBC003030303030303030' seq:0, type:1](0)
 1553:6926473[0 .. 0]['00000000000BBC023030303030303030' seq:0, type:1 .. '00000000000C35393030303030303030' seq:0, type:1](0)
 1530:8542122[0 .. 0]['00000000000C353A3030303030303030' seq:0, type:1 .. '00000000000CCB2B3030303030303030' seq:0, type:1](0)
 1531:8542123[0 .. 0]['00000000000CCB2C3030303030303030' seq:0, type:1 .. '00000000000D5FF53030303030303030' seq:0, type:1](0)
 1584:8542130[0 .. 0]['00000000000D5FF63030303030303030' seq:0, type:1 .. '00000000000DF5C73030303030303030' seq:0, type:1](0)
 1585:8542121[0 .. 0]['00000000000DF5C83030303030303030' seq:0, type:1 .. '00000000000E8B6E3030303030303030' seq:0, type:1](0)
 1985:8542132[0 .. 0]['00000000000E8B6F3030303030303030' seq:0, type:1 .. '00000000000F16363030303030303030' seq:0, type:1](0)
 1986:8542122[0 .. 0]['00000000000F16373030303030303030' seq:0, type:1 .. '00000000000FA0A53030303030303030' seq:0, type:1](0)
 1987:1212894[0 .. 0]['00000000000FA0A63030303030303030' seq:0, type:1 .. '00000000000FB8363030303030303030' seq:0, type:1](0)
 1776:8542127[0 .. 0]['00000000000FB8373030303030303030' seq:0, type:1 .. '00000000001048063030303030303030' seq:0, type:1](0)
 1777:8542134[0 .. 0]['00000000001048073030303030303030' seq:0, type:1 .. '000000000010DCE33030303030303030' seq:0, type:1](0)
 1778:3347255[0 .. 0]['000000000010DCE43030303030303030' seq:0, type:1 .. '0000000000111AAC3030303030303030' seq:0, type:1](0)
 1340:8542138[0 .. 0]['0000000000111AAD3030303030303030' seq:0, type:1 .. '000000000011B8513030303030303030' seq:0, type:1](0)
 1341:7100772[0 .. 0]['000000000011B8523030303030303030' seq:0, type:1 .. '0000000000123B943030303030303030' seq:0, type:1](0)
 1779:8542124[0 .. 0]['0000000000123B963030303030303030' seq:0, type:1 .. '000000000012CBD03030303030303030' seq:0, type:1](0)
 1780:8542127[0 .. 0]['000000000012CBD13030303030303030' seq:0, type:1 .. '0000000000135B523030303030303030' seq:0, type:1](0)
 1781:4664991[0 .. 0]['0000000000135B533030303030303030' seq:0, type:1 .. '000000000013A9F63030303030303030' seq:0, type:1](0)
 1771:8542119[0 .. 0]['000000000013A9F73030303030303030' seq:0, type:1 .. '00000000001439A63030303030303030' seq:0, type:1](0)
 1772:2782433[0 .. 0]['00000000001439A73030303030303030' seq:0, type:1 .. '0000000000146B2D3030303030303030' seq:0, type:1](0)
 1330:8542147[0 .. 0]['0000000000146B2E3030303030303030' seq:0, type:1 .. '00000000001509533030303030303030' seq:0, type:1](0)
 1331:8542140[0 .. 0]['00000000001509543030303030303030' seq:0, type:1 .. '000000000015A7513030303030303030' seq:0, type:1](0)
 1732:8542132[0 .. 0]['000000000015A7543030303030303030' seq:0, type:1 .. '0000000000163CCE3030303030303030' seq:0, type:1](0)
 1733:8542126[0 .. 0]['0000000000163CCF3030303030303030' seq:0, type:1 .. '000000000016D21B3030303030303030' seq:0, type:1](0)
 1734:1951229[0 .. 0]['000000000016D21C3030303030303030' seq:0, type:1 .. '000000000016F8C43030303030303030' seq:0, type:1](0)
 1101:8542143[0 .. 0]['000000000016F8C53030303030303030' seq:0, type:1 .. '000000000017A0E03030303030303030' seq:0, type:1](0)
 1596:8542145[0 .. 0]['000000000017A0E13030303030303030' seq:0, type:1 .. '0000000000183AA53030303030303030' seq:0, type:1](0)
 1597:8542117[0 .. 0]['0000000000183AA63030303030303030' seq:0, type:1 .. '000000000018CFFA3030303030303030' seq:0, type:1](0)
 1598:8186387[0 .. 0]['000000000018CFFB3030303030303030' seq:0, type:1 .. '00000000001970423030303030303030' seq:0, type:1](0)
 1283:8542131[0 .. 0]['00000000001970443030303030303030' seq:0, type:1 .. '00000000001A0E533030303030303030' seq:0, type:1](0)
 1342:8542122[0 .. 0]['00000000001A0E573030303030303030' seq:0, type:1 .. '00000000001AACE33030303030303030' seq:0, type:1](0)
 1343:8542128[0 .. 0]['00000000001AACE43030303030303030' seq:0, type:1 .. '00000000001B49E43030303030303030' seq:0, type:1](0)
 1489:8542126[0 .. 0]['00000000001B49E53030303030303030' seq:0, type:1 .. '00000000001BE1B73030303030303030' seq:0, type:1](0)
 2026:8542116[0 .. 0]['00000000001BE1B83030303030303030' seq:0, type:1 .. '00000000001C76003030303030303030' seq:0, type:1](0)
 2027:8542131[0 .. 0]['00000000001C76013030303030303030' seq:0, type:1 .. '00000000001D00A03030303030303030' seq:0, type:1](0)
 2028:3709547[0 .. 0]['00000000001D00A13030303030303030' seq:0, type:1 .. '00000000001D3CC23030303030303030' seq:0, type:1](0)
 1994:8542121[0 .. 0]['00000000001D3CC33030303030303030' seq:0, type:1 .. '00000000001DC7813030303030303030' seq:0, type:1](0)
 1995:8542126[0 .. 0]['00000000001DC7823030303030303030' seq:0, type:1 .. '00000000001E54383030303030303030' seq:0, type:1](0)
 1996:3576895[0 .. 0]['00000000001E54393030303030303030' seq:0, type:1 .. '00000000001E93143030303030303030' seq:0, type:1](0)
 1540:8542122[0 .. 0]['00000000001E93153030303030303030' seq:0, type:1 .. '00000000001F28993030303030303030' seq:0, type:1](0)
 1541:4933415[0 .. 0]['00000000001F289B3030303030303030' seq:0, type:1 .. '00000000001F826F3030303030303030' seq:0, type:1](0)
 1827:8542124[0 .. 0]['00000000001F82703030303030303030' seq:0, type:1 .. '00000000002011C33030303030303030' seq:0, type:1](0)
 1828:8542126[0 .. 0]['00000000002011C43030303030303030' seq:0, type:1 .. '000000000020A12E3030303030303030' seq:0, type:1](0)
 1829:8068101[0 .. 0]['000000000020A12F3030303030303030' seq:0, type:1 .. '000000000021279B3030303030303030' seq:0, type:1](0)
 1819:8542121[0 .. 0]['000000000021279D3030303030303030' seq:0, type:1 .. '000000000021B83A3030303030303030' seq:0, type:1](0)
 1820:7242032[0 .. 0]['000000000021B83C3030303030303030' seq:0, type:1 .. '00000000002247E43030303030303030' seq:0, type:1](0)
 1275:8542137[0 .. 0]['00000000002247E53030303030303030' seq:0, type:1 .. '000000000022EAC53030303030303030' seq:0, type:1](0)
 1581:8542141[0 .. 0]['000000000022EAC83030303030303030' seq:0, type:1 .. '0000000000238CEB3030303030303030' seq:0, type:1](0)
 1582:8542143[0 .. 0]['0000000000238CEC3030303030303030' seq:0, type:1 .. '000000000024223C3030303030303030' seq:0, type:1](0)
 1583:7354255[0 .. 0]['000000000024223D3030303030303030' seq:0, type:1 .. '000000000024A9193030303030303030' seq:0, type:1](0)
 1800:8542129[0 .. 0]['000000000024A91A3030303030303030' seq:0, type:1 .. '0000000000253F963030303030303030' seq:0, type:1](0)
 1801:8542112[0 .. 0]['0000000000253F973030303030303030' seq:0, type:1 .. '000000000025CF393030303030303030' seq:0, type:1](0)
 1802:5058141[0 .. 0]['000000000025CF3A3030303030303030' seq:0, type:1 .. '00000000002626F13030303030303030' seq:0, type:1](0)
 1507:8542143[0 .. 0]['00000000002626F23030303030303030' seq:0, type:1 .. '000000000026BDCA3030303030303030' seq:0, type:1](0)
 1508:8542128[0 .. 0]['000000000026BDCB3030303030303030' seq:0, type:1 .. '00000000002754913030303030303030' seq:0, type:1](0)
 1509:3072467[0 .. 0]['00000000002754923030303030303030' seq:0, type:1 .. '00000000002796A33030303030303030' seq:0, type:1](0)
 1756:8542140[0 .. 0]['00000000002796A53030303030303030' seq:0, type:1 .. '00000000002833833030303030303030' seq:0, type:1](0)
 1757:8542126[0 .. 0]['00000000002833843030303030303030' seq:0, type:1 .. '000000000028C3783030303030303030' seq:0, type:1](0)
 1758:2873787[0 .. 0]['000000000028C3793030303030303030' seq:0, type:1 .. '000000000028F8403030303030303030' seq:0, type:1](0)
 1364:8542135[0 .. 0]['000000000028F8413030303030303030' seq:0, type:1 .. '00000000002996C43030303030303030' seq:0, type:1](0)
 1365:8542133[0 .. 0]['00000000002996C53030303030303030' seq:0, type:1 .. '00000000002A34A93030303030303030' seq:0, type:1](0)
 1747:8542130[0 .. 0]['00000000002A34AA3030303030303030' seq:0, type:1 .. '00000000002AC8B73030303030303030' seq:0, type:1](0)
 1748:8542128[0 .. 0]['00000000002AC8B93030303030303030' seq:0, type:1 .. '00000000002B5B4C3030303030303030' seq:0, type:1](0)
 1749:3006495[0 .. 0]['00000000002B5B4D3030303030303030' seq:0, type:1 .. '00000000002B96A83030303030303030' seq:0, type:1](0)
 1109:8542146[0 .. 0]['00000000002B96A93030303030303030' seq:0, type:1 .. '00000000002C3F6A3030303030303030' seq:0, type:1](0)
 1830:8542121[0 .. 0]['00000000002C3F6B3030303030303030' seq:0, type:1 .. '00000000002CD4BD3030303030303030' seq:0, type:1](0)
 1831:8542133[0 .. 0]['00000000002CD4BE3030303030303030' seq:0, type:1 .. '00000000002D64A53030303030303030' seq:0, type:1](0)
 1832:8502468[0 .. 0]['00000000002D64A63030303030303030' seq:0, type:1 .. '00000000002DF6DF3030303030303030' seq:0, type:1](0)
 1560:8542126[0 .. 0]['00000000002DF6E03030303030303030' seq:0, type:1 .. '00000000002E8BB43030303030303030' seq:0, type:1](0)
 1561:8542131[0 .. 0]['00000000002E8BB53030303030303030' seq:0, type:1 .. '00000000002F21563030303030303030' seq:0, type:1](0)
 1851:8542126[0 .. 0]['00000000002F21573030303030303030' seq:0, type:1 .. '00000000002FB1353030303030303030' seq:0, type:1](0)
 1852:8542130[0 .. 0]['00000000002FB1363030303030303030' seq:0, type:1 .. '000000000030405B3030303030303030' seq:0, type:1](0)
 1853:8542124[0 .. 0]['000000000030405C3030303030303030' seq:0, type:1 .. '000000000030D02D3030303030303030' seq:0, type:1](0)
 1854:826582[0 .. 0]['000000000030D02F3030303030303030' seq:0, type:1 .. '000000000030DF623030303030303030' seq:0, type:1](0)
 1322:8542141[0 .. 0]['000000000030DF643030303030303030' seq:0, type:1 .. '0000000000317D303030303030303030' seq:0, type:1](0)
 1323:6741566[0 .. 0]['0000000000317D323030303030303030' seq:0, type:1 .. '000000000031FAAB3030303030303030' seq:0, type:1](0)
 1254:8542147[0 .. 0]['000000000031FAAC3030303030303030' seq:0, type:1 .. '00000000003298B13030303030303030' seq:0, type:1](0)
 1315:8542129[0 .. 0]['00000000003298B23030303030303030' seq:0, type:1 .. '00000000003336433030303030303030' seq:0, type:1](0)
 2063:8542116[0 .. 0]['00000000003336443030303030303030' seq:0, type:1 .. '000000000033C6283030303030303030' seq:0, type:1](0)
 2064:8542127[0 .. 0]['000000000033C6293030303030303030' seq:0, type:1 .. '00000000003450D03030303030303030' seq:0, type:1](0)
 2065:8542121[0 .. 0]['00000000003450D23030303030303030' seq:0, type:1 .. '000000000034E5233030303030303030' seq:0, type:1](0)
 2066:370348[0 .. 0]['000000000034E5243030303030303030' seq:0, type:1 .. '000000000034EB9B3030303030303030' seq:0, type:1](0)
 1555:8542125[0 .. 0]['000000000034EB9C3030303030303030' seq:0, type:1 .. '000000000035811A3030303030303030' seq:0, type:1](0)
 1556:6435966[0 .. 0]['000000000035811B3030303030303030' seq:0, type:1 .. '000000000035F1F73030303030303030' seq:0, type:1](0)
 2009:8542122[0 .. 0]['000000000035F1F83030303030303030' seq:0, type:1 .. '0000000000367C7F3030303030303030' seq:0, type:1](0)
 2010:8542114[0 .. 0]['0000000000367C803030303030303030' seq:0, type:1 .. '000000000037070E3030303030303030' seq:0, type:1](0)
 2020:8542116[0 .. 0]['000000000037070F3030303030303030' seq:0, type:1 .. '00000000003791BD3030303030303030' seq:0, type:1](0)
 2021:8542124[0 .. 0]['00000000003791BE3030303030303030' seq:0, type:1 .. '0000000000381ECA3030303030303030' seq:0, type:1](0)
 2022:5962547[0 .. 0]['0000000000381ECD3030303030303030' seq:0, type:1 .. '00000000003888A13030303030303030' seq:0, type:1](0)
 1603:8542119[0 .. 0]['00000000003888A23030303030303030' seq:0, type:1 .. '0000000000391EDA3030303030303030' seq:0, type:1](0)
 1604:8542138[0 .. 0]['0000000000391EDB3030303030303030' seq:0, type:1 .. '000000000039B8B53030303030303030' seq:0, type:1](0)
 1605:894373[0 .. 0]['000000000039B8B63030303030303030' seq:0, type:1 .. '000000000039C9443030303030303030' seq:0, type:1](0)
 1351:8542137[0 .. 0]['000000000039C9473030303030303030' seq:0, type:1 .. '00000000003A67363030303030303030' seq:0, type:1](0)
 1352:8542145[0 .. 0]['00000000003A67373030303030303030' seq:0, type:1 .. '00000000003B05573030303030303030' seq:0, type:1](0)
 1863:8542123[0 .. 0]['00000000003B05583030303030303030' seq:0, type:1 .. '00000000003B94553030303030303030' seq:0, type:1](0)
 1864:8542120[0 .. 0]['00000000003B94563030303030303030' seq:0, type:1 .. '00000000003C23DA3030303030303030' seq:0, type:1](0)
 1865:8542122[0 .. 0]['00000000003C23DB3030303030303030' seq:0, type:1 .. '00000000003CB3403030303030303030' seq:0, type:1](0)
 1866:1890860[0 .. 0]['00000000003CB3423030303030303030' seq:0, type:1 .. '00000000003CD3293030303030303030' seq:0, type:1](0)
 1816:8542112[0 .. 0]['00000000003CD32A3030303030303030' seq:0, type:1 .. '00000000003D62E23030303030303030' seq:0, type:1](0)
 1817:6872838[0 .. 0]['00000000003D62E33030303030303030' seq:0, type:1 .. '00000000003DDBE73030303030303030' seq:0, type:1](0)
 1590:8542137[0 .. 0]['00000000003DDBE83030303030303030' seq:0, type:1 .. '00000000003E73B13030303030303030' seq:0, type:1](0)
 1591:8542131[0 .. 0]['00000000003E73B23030303030303030' seq:0, type:1 .. '00000000003F09DD3030303030303030' seq:0, type:1](0)
 1592:7763078[0 .. 0]['00000000003F09DE3030303030303030' seq:0, type:1 .. '00000000003F925B3030303030303030' seq:0, type:1](0)
 1505:8542119[0 .. 0]['00000000003F925D3030303030303030' seq:0, type:1 .. '00000000004028363030303030303030' seq:0, type:1](0)
 1533:8542140[0 .. 0]['00000000004028373030303030303030' seq:0, type:1 .. '000000000040BE293030303030303030' seq:0, type:1](0)
 1534:8542117[0 .. 0]['000000000040BE2A3030303030303030' seq:0, type:1 .. '00000000004158F73030303030303030' seq:0, type:1](0)
 2041:8542125[0 .. 0]['00000000004158F83030303030303030' seq:0, type:1 .. '000000000041E5733030303030303030' seq:0, type:1](0)
 2042:8542126[0 .. 0]['000000000041E5743030303030303030' seq:0, type:1 .. '00000000004270AA3030303030303030' seq:0, type:1](0)
 2059:8542123[0 .. 0]['00000000004270AB3030303030303030' seq:0, type:1 .. '000000000042FB463030303030303030' seq:0, type:1](0)
 2060:8542134[0 .. 0]['000000000042FB473030303030303030' seq:0, type:1 .. '00000000004386003030303030303030' seq:0, type:1](0)
 2061:8542121[0 .. 0]['00000000004386013030303030303030' seq:0, type:1 .. '00000000004410D73030303030303030' seq:0, type:1](0)
 2062:318946[0 .. 0]['00000000004410D83030303030303030' seq:0, type:1 .. '00000000004415F43030303030303030' seq:0, type:1](0)
 1998:8542134[0 .. 0]['00000000004415F53030303030303030' seq:0, type:1 .. '000000000044A5023030303030303030' seq:0, type:1](0)
 1999:2612055[0 .. 0]['000000000044A5043030303030303030' seq:0, type:1 .. '000000000044D3033030303030303030' seq:0, type:1](0)
 1484:8542132[0 .. 0]['000000000044D3043030303030303030' seq:0, type:1 .. '00000000004568673030303030303030' seq:0, type:1](0)
 1536:8542129[0 .. 0]['00000000004568683030303030303030' seq:0, type:1 .. '000000000045FD4C3030303030303030' seq:0, type:1](0)
 1537:8542129[0 .. 0]['000000000045FD4D3030303030303030' seq:0, type:1 .. '000000000046931C3030303030303030' seq:0, type:1](0)
 1587:8542124[0 .. 0]['000000000046931D3030303030303030' seq:0, type:1 .. '00000000004728C03030303030303030' seq:0, type:1](0)
 1588:8542130[0 .. 0]['00000000004728C13030303030303030' seq:0, type:1 .. '000000000047BE393030303030303030' seq:0, type:1](0)
 1589:7130780[0 .. 0]['000000000047BE3A3030303030303030' seq:0, type:1 .. '0000000000483BA33030303030303030' seq:0, type:1](0)
 1564:8542138[0 .. 0]['0000000000483BA43030303030303030' seq:0, type:1 .. '000000000048D1C33030303030303030' seq:0, type:1](0)
 1744:8542120[0 .. 0]['000000000048D1C43030303030303030' seq:0, type:1 .. '00000000004964583030303030303030' seq:0, type:1](0)
 1745:8542131[0 .. 0]['00000000004964593030303030303030' seq:0, type:1 .. '000000000049F3953030303030303030' seq:0, type:1](0)
 1797:8542118[0 .. 0]['000000000049F3963030303030303030' seq:0, type:1 .. '00000000004A82CE3030303030303030' seq:0, type:1](0)
 1798:8542124[0 .. 0]['00000000004A82CF3030303030303030' seq:0, type:1 .. '00000000004B11EE3030303030303030' seq:0, type:1](0)
 1824:8542127[0 .. 0]['00000000004B11F03030303030303030' seq:0, type:1 .. '00000000004BA21E3030303030303030' seq:0, type:1](0)
 1825:8542125[0 .. 0]['00000000004BA21F3030303030303030' seq:0, type:1 .. '00000000004C32983030303030303030' seq:0, type:1](0)
 1826:7651413[0 .. 0]['00000000004C32993030303030303030' seq:0, type:1 .. '00000000004CB8F83030303030303030' seq:0, type:1](0)
 1312:8542137[0 .. 0]['00000000004CB8F93030303030303030' seq:0, type:1 .. '00000000004D56153030303030303030' seq:0, type:1](0)
 1729:8542129[0 .. 0]['00000000004D56173030303030303030' seq:0, type:1 .. '00000000004DE5ED3030303030303030' seq:0, type:1](0)
 1730:8542121[0 .. 0]['00000000004DE5EE3030303030303030' seq:0, type:1 .. '00000000004E7BB43030303030303030' seq:0, type:1](0)
 1731:1251982[0 .. 0]['00000000004E7BB63030303030303030' seq:0, type:1 .. '00000000004E99CF3030303030303030' seq:0, type:1](0)
 1032:8542145[0 .. 0]['00000000004E99D13030303030303030' seq:0, type:1 .. '00000000004F455A3030303030303030' seq:0, type:1](0)
 1762:8542126[0 .. 0]['00000000004F455B3030303030303030' seq:0, type:1 .. '00000000004FDB9F3030303030303030' seq:0, type:1](0)
 1763:8542131[0 .. 0]['00000000004FDBA03030303030303030' seq:0, type:1 .. '0000000000506B513030303030303030' seq:0, type:1](0)
 1782:8542120[0 .. 0]['0000000000506B523030303030303030' seq:0, type:1 .. '000000000050FB363030303030303030' seq:0, type:1](0)
 1783:8542128[0 .. 0]['000000000050FB373030303030303030' seq:0, type:1 .. '0000000000518AE83030303030303030' seq:0, type:1](0)
 1859:8542127[0 .. 0]['0000000000518AE93030303030303030' seq:0, type:1 .. '0000000000521ADA3030303030303030' seq:0, type:1](0)
 1860:8542122[0 .. 0]['0000000000521ADB3030303030303030' seq:0, type:1 .. '000000000052AA5A3030303030303030' seq:0, type:1](0)
 1861:8542116[0 .. 0]['000000000052AA5B3030303030303030' seq:0, type:1 .. '00000000005339FC3030303030303030' seq:0, type:1](0)
 1862:1657345[0 .. 0]['00000000005339FE3030303030303030' seq:0, type:1 .. '00000000005356933030303030303030' seq:0, type:1](0)
 1480:8542140[0 .. 0]['00000000005356953030303030303030' seq:0, type:1 .. '000000000053EC193030303030303030' seq:0, type:1](0)
 1481:8542137[0 .. 0]['000000000053EC1B3030303030303030' seq:0, type:1 .. '00000000005486033030303030303030' seq:0, type:1](0)
 1482:591356[0 .. 0]['00000000005486053030303030303030' seq:0, type:1 .. '00000000005491B93030303030303030' seq:0, type:1](0)
 1980:8542113[0 .. 0]['00000000005491BA3030303030303030' seq:0, type:1 .. '00000000005521F03030303030303030' seq:0, type:1](0)
 1981:7974544[0 .. 0]['00000000005521F13030303030303030' seq:0, type:1 .. '000000000055A8E43030303030303030' seq:0, type:1](0)
 1271:8542140[0 .. 0]['000000000055A8E73030303030303030' seq:0, type:1 .. '00000000005649F03030303030303030' seq:0, type:1](0)
 1809:8542118[0 .. 0]['00000000005649F13030303030303030' seq:0, type:1 .. '000000000056DB9A3030303030303030' seq:0, type:1](0)
 1810:8542117[0 .. 0]['000000000056DB9B3030303030303030' seq:0, type:1 .. '0000000000576B2F3030303030303030' seq:0, type:1](0)
 1811:6154205[0 .. 0]['0000000000576B303030303030303030' seq:0, type:1 .. '000000000057D34E3030303030303030' seq:0, type:1](0)
 1807:8542122[0 .. 0]['000000000057D34F3030303030303030' seq:0, type:1 .. '000000000058627A3030303030303030' seq:0, type:1](0)
 1847:8542108[0 .. 0]['000000000058627B3030303030303030' seq:0, type:1 .. '000000000058F2023030303030303030' seq:0, type:1](0)
 1848:8542128[0 .. 0]['000000000058F2033030303030303030' seq:0, type:1 .. '000000000059818A3030303030303030' seq:0, type:1](0)
 1849:8542123[0 .. 0]['000000000059818B3030303030303030' seq:0, type:1 .. '00000000005A11AF3030303030303030' seq:0, type:1](0)
 1850:632434[0 .. 0]['00000000005A11B13030303030303030' seq:0, type:1 .. '00000000005A1D5C3030303030303030' seq:0, type:1](0)
 1347:7308317[0 .. 0]['00000000005A1D5D3030303030303030' seq:0, type:1 .. '00000000005AA78C3030303030303030' seq:0, type:1](0)
 2000:8542138[0 .. 0]['00000000005AA78D3030303030303030' seq:0, type:1 .. '00000000005B46D83030303030303030' seq:0, type:1](0)
 2001:8542107[0 .. 0]['00000000005B46D93030303030303030' seq:0, type:1 .. '00000000005BD1AE3030303030303030' seq:0, type:1](0)
 2014:8542116[0 .. 0]['00000000005BD1AF3030303030303030' seq:0, type:1 .. '00000000005C5C1E3030303030303030' seq:0, type:1](0)
 2015:8542128[0 .. 0]['00000000005C5C203030303030303030' seq:0, type:1 .. '00000000005CE6A53030303030303030' seq:0, type:1](0)
 2017:8542120[0 .. 0]['00000000005CE6A63030303030303030' seq:0, type:1 .. '00000000005D71D63030303030303030' seq:0, type:1](0)
 2018:8542119[0 .. 0]['00000000005D71D73030303030303030' seq:0, type:1 .. '00000000005DFCD73030303030303030' seq:0, type:1](0)
 2019:5235616[0 .. 0]['00000000005DFCD83030303030303030' seq:0, type:1 .. '00000000005E54913030303030303030' seq:0, type:1](0)
 1511:8542123[0 .. 0]['00000000005E54923030303030303030' seq:0, type:1 .. '00000000005EE90C3030303030303030' seq:0, type:1](0)
 1513:8542126[0 .. 0]['00000000005EE90D3030303030303030' seq:0, type:1 .. '00000000005F7ED73030303030303030' seq:0, type:1](0)
 2003:8542125[0 .. 0]['00000000005F7ED83030303030303030' seq:0, type:1 .. '0000000000600E873030303030303030' seq:0, type:1](0)
 2004:8542123[0 .. 0]['0000000000600E883030303030303030' seq:0, type:1 .. '00000000006099853030303030303030' seq:0, type:1](0)
 2053:8542121[0 .. 0]['00000000006099863030303030303030' seq:0, type:1 .. '00000000006123FF3030303030303030' seq:0, type:1](0)
 2054:8542116[0 .. 0]['00000000006124013030303030303030' seq:0, type:1 .. '000000000061AE9F3030303030303030' seq:0, type:1](0)
 2055:7787729[0 .. 0]['000000000061AEA03030303030303030' seq:0, type:1 .. '000000000062348F3030303030303030' seq:0, type:1](0)
 1528:8542128[0 .. 0]['00000000006234903030303030303030' seq:0, type:1 .. '000000000062CA443030303030303030' seq:0, type:1](0)
 1529:3361375[0 .. 0]['000000000062CA453030303030303030' seq:0, type:1 .. '0000000000630DD53030303030303030' seq:0, type:1](0)
 1336:8542142[0 .. 0]['0000000000630DD63030303030303030' seq:0, type:1 .. '000000000063ABF03030303030303030' seq:0, type:1](0)
 1837:8542144[0 .. 0]['000000000063ABF13030303030303030' seq:0, type:1 .. '00000000006446723030303030303030' seq:0, type:1](0)
 1838:8542120[0 .. 0]['00000000006446733030303030303030' seq:0, type:1 .. '000000000064D69B3030303030303030' seq:0, type:1](0)
 1839:8542115[0 .. 0]['000000000064D69D3030303030303030' seq:0, type:1 .. '000000000065664C3030303030303030' seq:0, type:1](0)
 1840:1033466[0 .. 0]['000000000065664D3030303030303030' seq:0, type:1 .. '00000000006577A13030303030303030' seq:0, type:1](0)
 1813:8542112[0 .. 0]['00000000006577A33030303030303030' seq:0, type:1 .. '000000000066064E3030303030303030' seq:0, type:1](0)
 1814:6699359[0 .. 0]['000000000066064F3030303030303030' seq:0, type:1 .. '00000000006680183030303030303030' seq:0, type:1](0)
 1578:8542142[0 .. 0]['000000000066801B3030303030303030' seq:0, type:1 .. '0000000000671F713030303030303030' seq:0, type:1](0)
 1579:8542121[0 .. 0]['0000000000671F723030303030303030' seq:0, type:1 .. '000000000067B4CE3030303030303030' seq:0, type:1](0)
 1580:7141021[0 .. 0]['000000000067B4CF3030303030303030' seq:0, type:1 .. '00000000006831E83030303030303030' seq:0, type:1](0)
 1841:8542138[0 .. 0]['00000000006831E93030303030303030' seq:0, type:1 .. '000000000068C3413030303030303030' seq:0, type:1](0)
 1842:8542130[0 .. 0]['000000000068C3423030303030303030' seq:0, type:1 .. '00000000006952FF3030303030303030' seq:0, type:1](0)
 1843:8542132[0 .. 0]['00000000006953003030303030303030' seq:0, type:1 .. '000000000069E94E3030303030303030' seq:0, type:1](0)
 1846:731882[0 .. 0]['000000000069E94F3030303030303030' seq:0, type:1 .. '000000000069F6AC3030303030303030' seq:0, type:1](0)
 1292:8542133[0 .. 0]['000000000069F6AD3030303030303030' seq:0, type:1 .. '00000000006A94933030303030303030' seq:0, type:1](0)
 1548:8542134[0 .. 0]['00000000006A94943030303030303030' seq:0, type:1 .. '00000000006B2BA13030303030303030' seq:0, type:1](0)
 1549:8542116[0 .. 0]['00000000006B2BA23030303030303030' seq:0, type:1 .. '00000000006BC1653030303030303030' seq:0, type:1](0)
 1982:8542122[0 .. 0]['00000000006BC1663030303030303030' seq:0, type:1 .. '00000000006C50043030303030303030' seq:0, type:1](0)
 1983:8542121[0 .. 0]['00000000006C50053030303030303030' seq:0, type:1 .. '00000000006CDB0E3030303030303030' seq:0, type:1](0)
 2006:8542109[0 .. 0]['00000000006CDB0F3030303030303030' seq:0, type:1 .. '00000000006D65433030303030303030' seq:0, type:1](0)
 2007:8542129[0 .. 0]['00000000006D65443030303030303030' seq:0, type:1 .. '00000000006DF0433030303030303030' seq:0, type:1](0)
 2008:3207988[0 .. 0]['00000000006DF0453030303030303030' seq:0, type:1 .. '00000000006E273A3030303030303030' seq:0, type:1](0)
 1612:8542127[0 .. 0]['00000000006E273C3030303030303030' seq:0, type:1 .. '00000000006EBC6F3030303030303030' seq:0, type:1](0)
 1613:8542129[0 .. 0]['00000000006EBC703030303030303030' seq:0, type:1 .. '00000000006F522E3030303030303030' seq:0, type:1](0)
 2038:8542124[0 .. 0]['00000000006F522F3030303030303030' seq:0, type:1 .. '00000000006FE2423030303030303030' seq:0, type:1](0)
 2039:8542123[0 .. 0]['00000000006FE2433030303030303030' seq:0, type:1 .. '0000000000706CAF3030303030303030' seq:0, type:1](0)
 2040:6346416[0 .. 0]['0000000000706CB03030303030303030' seq:0, type:1 .. '000000000070D72E3030303030303030' seq:0, type:1](0)
 1260:8542131[0 .. 0]['000000000070D7303030303030303030' seq:0, type:1 .. '00000000007175053030303030303030' seq:0, type:1](0)
 1261:1902489[0 .. 0]['00000000007175063030303030303030' seq:0, type:1 .. '000000000071999F3030303030303030' seq:0, type:1](0)
 1750:8542128[0 .. 0]['00000000007199A03030303030303030' seq:0, type:1 .. '000000000072327D3030303030303030' seq:0, type:1](0)
 1751:8542119[0 .. 0]['000000000072327E3030303030303030' seq:0, type:1 .. '000000000072C1E13030303030303030' seq:0, type:1](0)
 1752:2977789[0 .. 0]['000000000072C1E23030303030303030' seq:0, type:1 .. '000000000072FC403030303030303030' seq:0, type:1](0)
 1566:8542156[0 .. 0]['000000000072FC413030303030303030' seq:0, type:1 .. '0000000000739F9C3030303030303030' seq:0, type:1](0)
 1567:8542125[0 .. 0]['0000000000739F9D3030303030303030' seq:0, type:1 .. '000000000074352C3030303030303030' seq:0, type:1](0)
 2032:8542106[0 .. 0]['000000000074352E3030303030303030' seq:0, type:1 .. '000000000074BFA33030303030303030' seq:0, type:1](0)
 2033:8542124[0 .. 0]['000000000074BFA43030303030303030' seq:0, type:1 .. '0000000000754A743030303030303030' seq:0, type:1](0)
 2034:6244046[0 .. 0]['0000000000754A753030303030303030' seq:0, type:1 .. '000000000075BB643030303030303030' seq:0, type:1](0)
 1833:8542130[0 .. 0]['000000000075BB663030303030303030' seq:0, type:1 .. '0000000000765A4C3030303030303030' seq:0, type:1](0)
 1834:8542121[0 .. 0]['0000000000765A4D3030303030303030' seq:0, type:1 .. '000000000076E9AA3030303030303030' seq:0, type:1](0)
 2056:8542118[0 .. 0]['000000000076E9AB3030303030303030' seq:0, type:1 .. '00000000007778C33030303030303030' seq:0, type:1](0)
 2057:8542129[0 .. 0]['00000000007778C43030303030303030' seq:0, type:1 .. '00000000007802F73030303030303030' seq:0, type:1](0)
 2058:7743738[0 .. 0]['00000000007802F83030303030303030' seq:0, type:1 .. '00000000007888743030303030303030' seq:0, type:1](0)
 1794:8542138[0 .. 0]['00000000007888753030303030303030' seq:0, type:1 .. '00000000007919DA3030303030303030' seq:0, type:1](0)
 1795:8542122[0 .. 0]['00000000007919DB3030303030303030' seq:0, type:1 .. '000000000079A9513030303030303030' seq:0, type:1](0)
 1796:4806067[0 .. 0]['000000000079A9533030303030303030' seq:0, type:1 .. '00000000007A0D6D3030303030303030' seq:0, type:1](0)
 1545:8542133[0 .. 0]['00000000007A0D6F3030303030303030' seq:0, type:1 .. '00000000007AA4E93030303030303030' seq:0, type:1](0)
 1546:8542138[0 .. 0]['00000000007AA4EA3030303030303030' seq:0, type:1 .. '00000000007B3BB83030303030303030' seq:0, type:1](0)
 1599:8542130[0 .. 0]['00000000007B3BBA3030303030303030' seq:0, type:1 .. '00000000007BD1493030303030303030' seq:0, type:1](0)
 1600:8542129[0 .. 0]['00000000007BD14A3030303030303030' seq:0, type:1 .. '00000000007C67C23030303030303030' seq:0, type:1](0)
 1601:8368926[0 .. 0]['00000000007C67C33030303030303030' seq:0, type:1 .. '00000000007CFE613030303030303030' seq:0, type:1](0)
 1355:8542139[0 .. 0]['00000000007CFE623030303030303030' seq:0, type:1 .. '00000000007D9C133030303030303030' seq:0, type:1](0)
 1356:8346217[0 .. 0]['00000000007D9C143030303030303030' seq:0, type:1 .. '00000000007E392E3030303030303030' seq:0, type:1](0)
 1015:8542150[0 .. 0]['00000000007E39313030303030303030' seq:0, type:1 .. '00000000007EEDBF3030303030303030' seq:0, type:1](0)
 1991:8542111[0 .. 0]['00000000007EEDC13030303030303030' seq:0, type:1 .. '00000000007F79923030303030303030' seq:0, type:1](0)
 1992:8542119[0 .. 0]['00000000007F79933030303030303030' seq:0, type:1 .. '0000000000800B613030303030303030' seq:0, type:1](0)
 1993:2552235[0 .. 0]['0000000000800B633030303030303030' seq:0, type:1 .. '0000000000803DC43030303030303030' seq:0, type:1](0)
 1327:8542139[0 .. 0]['0000000000803DC53030303030303030' seq:0, type:1 .. '000000000080DC083030303030303030' seq:0, type:1](0)
 1855:8542133[0 .. 0]['000000000080DC093030303030303030' seq:0, type:1 .. '00000000008178953030303030303030' seq:0, type:1](0)
 1856:8542127[0 .. 0]['00000000008178963030303030303030' seq:0, type:1 .. '000000000082088B3030303030303030' seq:0, type:1](0)
 1857:8542129[0 .. 0]['000000000082088D3030303030303030' seq:0, type:1 .. '00000000008297CF3030303030303030' seq:0, type:1](0)
 1858:1994373[0 .. 0]['00000000008297D33030303030303030' seq:0, type:1 .. '000000000082B9663030303030303030' seq:0, type:1](0)
 1766:8542120[0 .. 0]['000000000082B9673030303030303030' seq:0, type:1 .. '00000000008348C43030303030303030' seq:0, type:1](0)
 1767:2851395[0 .. 0]['00000000008348C53030303030303030' seq:0, type:1 .. '00000000008379223030303030303030' seq:0, type:1](0)
 1307:8542132[0 .. 0]['00000000008379233030303030303030' seq:0, type:1 .. '00000000008416843030303030303030' seq:0, type:1](0)
 2050:8542128[0 .. 0]['00000000008416853030303030303030' seq:0, type:1 .. '000000000084AACE3030303030303030' seq:0, type:1](0)
 2051:8542116[0 .. 0]['000000000084AACF3030303030303030' seq:0, type:1 .. '00000000008535FC3030303030303030' seq:0, type:1](0)
 2067:8542117[0 .. 0]['00000000008535FE3030303030303030' seq:0, type:1 .. '000000000085C02D3030303030303030' seq:0, type:1](0)
 2068:8542117[0 .. 0]['000000000085C02E3030303030303030' seq:0, type:1 .. '0000000000864A933030303030303030' seq:0, type:1](0)
 2069:8542113[0 .. 0]['0000000000864A953030303030303030' seq:0, type:1 .. '000000000086D5543030303030303030' seq:0, type:1](0)
 2070:495273[0 .. 0]['000000000086D5553030303030303030' seq:0, type:1 .. '000000000086DD5C3030303030303030' seq:0, type:1](0)
 2036:8542123[0 .. 0]['000000000086DD5D3030303030303030' seq:0, type:1 .. '00000000008767F83030303030303030' seq:0, type:1](0)
 2037:6830632[0 .. 0]['00000000008767F93030303030303030' seq:0, type:1 .. '000000000087DA2E3030303030303030' seq:0, type:1](0)
 1573:8542124[0 .. 0]['000000000087DA2F3030303030303030' seq:0, type:1 .. '0000000000886FEB3030303030303030' seq:0, type:1](0)
 1574:7693606[0 .. 0]['0000000000886FEC3030303030303030' seq:0, type:1 .. '000000000088F6523030303030303030' seq:0, type:1](0)
 1570:8542126[0 .. 0]['000000000088F6533030303030303030' seq:0, type:1 .. '0000000000898BAC3030303030303030' seq:0, type:1](0)
 1571:7178145[0 .. 0]['0000000000898BAD3030303030303030' seq:0, type:1 .. '00000000008A0C763030303030303030' seq:0, type:1](0)
 1065:8542149[0 .. 0]['00000000008A0C773030303030303030' seq:0, type:1 .. '00000000008AB5953030303030303030' seq:0, type:1](0)
 1106:8542146[0 .. 0]['00000000008AB5963030303030303030' seq:0, type:1 .. '00000000008B5E503030303030303030' seq:0, type:1](0)
 1608:8542107[0 .. 0]['00000000008B5E523030303030303030' seq:0, type:1 .. '00000000008BF91B3030303030303030' seq:0, type:1](0)
 1609:8542126[0 .. 0]['00000000008BF91C3030303030303030' seq:0, type:1 .. '00000000008C8E0A3030303030303030' seq:0, type:1](0)
 1610:8542138[0 .. 0]['00000000008C8E0C3030303030303030' seq:0, type:1 .. '00000000008D23CC3030303030303030' seq:0, type:1](0)
 1611:307314[0 .. 0]['00000000008D23CD3030303030303030' seq:0, type:1 .. '00000000008D29263030303030303030' seq:0, type:1](0)
 1493:8542135[0 .. 0]['00000000008D29293030303030303030' seq:0, type:1 .. '00000000008DC40E3030303030303030' seq:0, type:1](0)
 1494:1351011[0 .. 0]['00000000008DC40F3030303030303030' seq:0, type:1 .. '00000000008DDEF93030303030303030' seq:0, type:1](0)
 1788:8542140[0 .. 0]['00000000008DDEFA3030303030303030' seq:0, type:1 .. '00000000008E77273030303030303030' seq:0, type:1](0)
 1789:8542108[0 .. 0]['00000000008E772A3030303030303030' seq:0, type:1 .. '00000000008F06523030303030303030' seq:0, type:1](0)
 1790:5379132[0 .. 0]['00000000008F06533030303030303030' seq:0, type:1 .. '00000000008F60F63030303030303030' seq:0, type:1](0)
 1760:8542108[0 .. 0]['00000000008F60F73030303030303030' seq:0, type:1 .. '00000000008FF0013030303030303030' seq:0, type:1](0)
 1761:2865802[0 .. 0]['00000000008FF0023030303030303030' seq:0, type:1 .. '00000000009021BB3030303030303030' seq:0, type:1](0)
 2047:8542119[0 .. 0]['00000000009021BC3030303030303030' seq:0, type:1 .. '000000000090B6D53030303030303030' seq:0, type:1](0)
 2048:8542130[0 .. 0]['000000000090B6D63030303030303030' seq:0, type:1 .. '00000000009141B13030303030303030' seq:0, type:1](0)
 2049:1657070[0 .. 0]['00000000009141B23030303030303030' seq:0, type:1 .. '0000000000915C7B3030303030303030' seq:0, type:1](0)
 1735:8542125[0 .. 0]['0000000000915C7C3030303030303030' seq:0, type:1 .. '000000000091F35E3030303030303030' seq:0, type:1](0)
 1736:8542122[0 .. 0]['000000000091F35F3030303030303030' seq:0, type:1 .. '00000000009282963030303030303030' seq:0, type:1](0)
 1785:8542125[0 .. 0]['00000000009282973030303030303030' seq:0, type:1 .. '000000000093122A3030303030303030' seq:0, type:1](0)
 1786:8542122[0 .. 0]['000000000093122B3030303030303030' seq:0, type:1 .. '000000000093A2163030303030303030' seq:0, type:1](0)
 2029:8542122[0 .. 0]['000000000093A2173030303030303030' seq:0, type:1 .. '0000000000942F373030303030303030' seq:0, type:1](0)
 2030:8542126[0 .. 0]['0000000000942F383030303030303030' seq:0, type:1 .. '000000000094B9F63030303030303030' seq:0, type:1](0)
 2031:6106010[0 .. 0]['000000000094B9F73030303030303030' seq:0, type:1 .. '00000000009521043030303030303030' seq:0, type:1](0)
 1791:8542134[0 .. 0]['00000000009521053030303030303030' seq:0, type:1 .. '000000000095BD333030303030303030' seq:0, type:1](0)
 1792:8542120[0 .. 0]['000000000095BD343030303030303030' seq:0, type:1 .. '0000000000964E1A3030303030303030' seq:0, type:1](0)
 2044:8542135[0 .. 0]['0000000000964E1B3030303030303030' seq:0, type:1 .. '000000000096E5053030303030303030' seq:0, type:1](0)
 2045:8542124[0 .. 0]['000000000096E5063030303030303030' seq:0, type:1 .. '000000000097704B3030303030303030' seq:0, type:1](0)
 2046:7573681[0 .. 0]['000000000097704C3030303030303030' seq:0, type:1 .. '000000000097EDC23030303030303030' seq:0, type:1](0)
 1739:8542122[0 .. 0]['000000000097EDC33030303030303030' seq:0, type:1 .. '0000000000987E1C3030303030303030' seq:0, type:1](0)
 1740:1456879[0 .. 0]['0000000000987E1E3030303030303030' seq:0, type:1 .. '000000000098967F3030303030303030' seq:0, type:1](0)

STATISTICS:
rocksdb.block.cache.miss COUNT : 0
rocksdb.block.cache.hit COUNT : 0
rocksdb.block.cache.add COUNT : 0
rocksdb.block.cache.add.failures COUNT : 0
rocksdb.block.cache.index.miss COUNT : 0
rocksdb.block.cache.index.hit COUNT : 0
rocksdb.block.cache.index.add COUNT : 0
rocksdb.block.cache.index.bytes.insert COUNT : 0
rocksdb.block.cache.index.bytes.evict COUNT : 0
rocksdb.block.cache.filter.miss COUNT : 0
rocksdb.block.cache.filter.hit COUNT : 0
rocksdb.block.cache.filter.add COUNT : 0
rocksdb.block.cache.filter.bytes.insert COUNT : 0
rocksdb.block.cache.filter.bytes.evict COUNT : 0
rocksdb.block.cache.data.miss COUNT : 0
rocksdb.block.cache.data.hit COUNT : 0
rocksdb.block.cache.data.add COUNT : 0
rocksdb.block.cache.data.bytes.insert COUNT : 0
rocksdb.block.cache.bytes.read COUNT : 0
rocksdb.block.cache.bytes.write COUNT : 0
rocksdb.bloom.filter.useful COUNT : 0
rocksdb.bloom.filter.full.positive COUNT : 0
rocksdb.bloom.filter.full.true.positive COUNT : 0
rocksdb.bloom.filter.micros COUNT : 0
rocksdb.persistent.cache.hit COUNT : 0
rocksdb.persistent.cache.miss COUNT : 4447037
rocksdb.sim.block.cache.hit COUNT : 0
rocksdb.sim.block.cache.miss COUNT : 0
rocksdb.memtable.hit COUNT : 0
rocksdb.memtable.miss COUNT : 0
rocksdb.l0.hit COUNT : 0
rocksdb.l1.hit COUNT : 0
rocksdb.l2andup.hit COUNT : 0
rocksdb.compaction.key.drop.new COUNT : 8226279
rocksdb.compaction.key.drop.obsolete COUNT : 0
rocksdb.compaction.key.drop.range_del COUNT : 0
rocksdb.compaction.key.drop.user COUNT : 0
rocksdb.compaction.range_del.drop.obsolete COUNT : 0
rocksdb.compaction.optimized.del.drop.obsolete COUNT : 0
rocksdb.compaction.cancelled COUNT : 0
rocksdb.number.keys.written COUNT : 20000000
rocksdb.number.keys.read COUNT : 0
rocksdb.number.keys.updated COUNT : 0
rocksdb.bytes.written COUNT : 5759737032
rocksdb.bytes.read COUNT : 0
rocksdb.number.db.seek COUNT : 0
rocksdb.number.db.next COUNT : 0
rocksdb.number.db.prev COUNT : 0
rocksdb.number.db.seek.found COUNT : 0
rocksdb.number.db.next.found COUNT : 0
rocksdb.number.db.prev.found COUNT : 0
rocksdb.db.iter.bytes.read COUNT : 0
rocksdb.no.file.closes COUNT : 0
rocksdb.no.file.opens COUNT : 2018
rocksdb.no.file.errors COUNT : 0
rocksdb.l0.slowdown.micros COUNT : 0
rocksdb.memtable.compaction.micros COUNT : 0
rocksdb.l0.num.files.stall.micros COUNT : 0
rocksdb.stall.micros COUNT : 0
rocksdb.db.mutex.wait.micros COUNT : 0
rocksdb.rate.limit.delay.millis COUNT : 0
rocksdb.num.iterators COUNT : 0
rocksdb.number.multiget.get COUNT : 0
rocksdb.number.multiget.keys.read COUNT : 0
rocksdb.number.multiget.bytes.read COUNT : 0
rocksdb.number.deletes.filtered COUNT : 0
rocksdb.number.merge.failures COUNT : 0
rocksdb.bloom.filter.prefix.checked COUNT : 0
rocksdb.bloom.filter.prefix.useful COUNT : 0
rocksdb.number.reseeks.iteration COUNT : 0
rocksdb.getupdatessince.calls COUNT : 0
rocksdb.block.cachecompressed.miss COUNT : 0
rocksdb.block.cachecompressed.hit COUNT : 0
rocksdb.block.cachecompressed.add COUNT : 0
rocksdb.block.cachecompressed.add.failures COUNT : 0
rocksdb.wal.synced COUNT : 0
rocksdb.wal.bytes COUNT : 5759737032
rocksdb.write.self COUNT : 19978086
rocksdb.write.other COUNT : 21914
rocksdb.write.timeout COUNT : 0
rocksdb.write.wal COUNT : 20000000
rocksdb.compact.read.bytes COUNT : 17581764591
rocksdb.compact.write.bytes COUNT : 15289464532
rocksdb.flush.write.bytes COUNT : 5468482089
rocksdb.number.direct.load.table.properties COUNT : 0
rocksdb.number.superversion_acquires COUNT : 0
rocksdb.number.superversion_releases COUNT : 0
rocksdb.number.superversion_cleanups COUNT : 0
rocksdb.number.block.compressed COUNT : 0
rocksdb.number.block.decompressed COUNT : 0
rocksdb.number.block.not_compressed COUNT : 0
rocksdb.merge.operation.time.nanos COUNT : 0
rocksdb.filter.operation.time.nanos COUNT : 0
rocksdb.row.cache.hit COUNT : 0
rocksdb.row.cache.miss COUNT : 0
rocksdb.read.amp.estimate.useful.bytes COUNT : 0
rocksdb.read.amp.total.read.bytes COUNT : 0
rocksdb.number.rate_limiter.drains COUNT : 0
rocksdb.number.iter.skip COUNT : 0
rocksdb.blobdb.num.put COUNT : 0
rocksdb.blobdb.num.write COUNT : 0
rocksdb.blobdb.num.get COUNT : 0
rocksdb.blobdb.num.multiget COUNT : 0
rocksdb.blobdb.num.seek COUNT : 0
rocksdb.blobdb.num.next COUNT : 0
rocksdb.blobdb.num.prev COUNT : 0
rocksdb.blobdb.num.keys.written COUNT : 0
rocksdb.blobdb.num.keys.read COUNT : 0
rocksdb.blobdb.bytes.written COUNT : 0
rocksdb.blobdb.bytes.read COUNT : 0
rocksdb.blobdb.write.inlined COUNT : 0
rocksdb.blobdb.write.inlined.ttl COUNT : 0
rocksdb.blobdb.write.blob COUNT : 0
rocksdb.blobdb.write.blob.ttl COUNT : 0
rocksdb.blobdb.blob.file.bytes.written COUNT : 0
rocksdb.blobdb.blob.file.bytes.read COUNT : 0
rocksdb.blobdb.blob.file.synced COUNT : 0
rocksdb.blobdb.blob.index.expired.count COUNT : 0
rocksdb.blobdb.blob.index.expired.size COUNT : 0
rocksdb.blobdb.blob.index.evicted.count COUNT : 0
rocksdb.blobdb.blob.index.evicted.size COUNT : 0
rocksdb.blobdb.gc.num.files COUNT : 0
rocksdb.blobdb.gc.num.new.files COUNT : 0
rocksdb.blobdb.gc.failures COUNT : 0
rocksdb.blobdb.gc.num.keys.overwritten COUNT : 0
rocksdb.blobdb.gc.num.keys.expired COUNT : 0
rocksdb.blobdb.gc.num.keys.relocated COUNT : 0
rocksdb.blobdb.gc.bytes.overwritten COUNT : 0
rocksdb.blobdb.gc.bytes.expired COUNT : 0
rocksdb.blobdb.gc.bytes.relocated COUNT : 0
rocksdb.blobdb.fifo.num.files.evicted COUNT : 0
rocksdb.blobdb.fifo.num.keys.evicted COUNT : 0
rocksdb.blobdb.fifo.bytes.evicted COUNT : 0
rocksdb.txn.overhead.mutex.prepare COUNT : 0
rocksdb.txn.overhead.mutex.old.commit.map COUNT : 0
rocksdb.txn.overhead.duplicate.key COUNT : 0
rocksdb.txn.overhead.mutex.snapshot COUNT : 0
rocksdb.number.multiget.keys.found COUNT : 0
rocksdb.num.iterator.created COUNT : 0
rocksdb.num.iterator.deleted COUNT : 0
rocksdb.block.cache.compression.dict.miss COUNT : 0
rocksdb.block.cache.compression.dict.hit COUNT : 0
rocksdb.block.cache.compression.dict.add COUNT : 0
rocksdb.block.cache.compression.dict.bytes.insert COUNT : 0
rocksdb.block.cache.compression.dict.bytes.evict COUNT : 0
rocksdb.db.get.micros P50 : 0.000000 P95 : 0.000000 P99 : 0.000000 P100 : 0.000000 COUNT : 0 SUM : 0
rocksdb.db.write.micros P50 : 11.652862 P95 : 18.678281 P99 : 29.528961 P100 : 34906.000000 COUNT : 20000000 SUM : 241889883
rocksdb.compaction.times.micros P50 : 89288.990826 P95 : 156800.000000 P99 : 3786666.666667 P100 : 3857763.000000 COUNT : 330 SUM : 64285973
rocksdb.compaction.times.cpu_micros P50 : 80658.682635 P95 : 146428.571429 P99 : 3521760.000000 P100 : 3521760.000000 COUNT : 330 SUM : 58573263
rocksdb.subcompaction.setup.times.micros P50 : 0.000000 P95 : 0.000000 P99 : 0.000000 P100 : 0.000000 COUNT : 0 SUM : 0
rocksdb.table.sync.micros P50 : 56668.000000 P95 : 56668.000000 P99 : 56668.000000 P100 : 56668.000000 COUNT : 46 SUM : 2426541
rocksdb.compaction.outfile.sync.micros P50 : 3596.526508 P95 : 4625.365854 P99 : 10282.666667 P100 : 49170.000000 COUNT : 1972 SUM : 8061069
rocksdb.wal.file.sync.micros P50 : 0.000000 P95 : 0.000000 P99 : 0.000000 P100 : 0.000000 COUNT : 0 SUM : 0
rocksdb.manifest.file.sync.micros P50 : 132.066116 P95 : 217.172414 P99 : 354.650000 P100 : 10327.000000 COUNT : 378 SUM : 68030
rocksdb.table.open.io.micros P50 : 242.508671 P95 : 416.666667 P99 : 752.840000 P100 : 1031.000000 COUNT : 2018 SUM : 511375
rocksdb.db.multiget.micros P50 : 0.000000 P95 : 0.000000 P99 : 0.000000 P100 : 0.000000 COUNT : 0 SUM : 0
rocksdb.read.block.compaction.micros P50 : 0.000000 P95 : 0.000000 P99 : 0.000000 P100 : 0.000000 COUNT : 0 SUM : 0
rocksdb.read.block.get.micros P50 : 2.334322 P95 : 3.600516 P99 : 10.691583 P100 : 1816.000000 COUNT : 4445078 SUM : 13403500
rocksdb.write.raw.block.micros P50 : 0.508980 P95 : 0.967063 P99 : 2.960685 P100 : 10390.000000 COUNT : 5239240 SUM : 14079405
rocksdb.l0.slowdown.count P50 : 0.000000 P95 : 0.000000 P99 : 0.000000 P100 : 0.000000 COUNT : 0 SUM : 0
rocksdb.memtable.compaction.count P50 : 0.000000 P95 : 0.000000 P99 : 0.000000 P100 : 0.000000 COUNT : 0 SUM : 0
rocksdb.num.files.stall.count P50 : 0.000000 P95 : 0.000000 P99 : 0.000000 P100 : 0.000000 COUNT : 0 SUM : 0
rocksdb.hard.rate.limit.delay.count P50 : 0.000000 P95 : 0.000000 P99 : 0.000000 P100 : 0.000000 COUNT : 0 SUM : 0
rocksdb.soft.rate.limit.delay.count P50 : 0.000000 P95 : 0.000000 P99 : 0.000000 P100 : 0.000000 COUNT : 0 SUM : 0
rocksdb.numfiles.in.singlecompaction P50 : 1.000000 P95 : 1.075000 P99 : 3.699091 P100 : 4.000000 COUNT : 331 SUM : 370
rocksdb.db.seek.micros P50 : 0.000000 P95 : 0.000000 P99 : 0.000000 P100 : 0.000000 COUNT : 0 SUM : 0
rocksdb.db.write.stall P50 : 0.000000 P95 : 0.000000 P99 : 0.000000 P100 : 0.000000 COUNT : 0 SUM : 0
rocksdb.sst.read.micros P50 : 0.898107 P95 : 1.921283 P99 : 2.951429 P100 : 947.000000 COUNT : 4451177 SUM : 6866391
rocksdb.num.subcompactions.scheduled P50 : 0.000000 P95 : 0.000000 P99 : 0.000000 P100 : 0.000000 COUNT : 0 SUM : 0
rocksdb.bytes.per.read P50 : 0.000000 P95 : 0.000000 P99 : 0.000000 P100 : 0.000000 COUNT : 0 SUM : 0
rocksdb.bytes.per.write P50 : 315.071377 P95 : 373.635616 P99 : 378.841326 P100 : 564.000000 COUNT : 19978086 SUM : 5759737032
rocksdb.bytes.per.multiget P50 : 0.000000 P95 : 0.000000 P99 : 0.000000 P100 : 0.000000 COUNT : 0 SUM : 0
rocksdb.bytes.compressed P50 : 0.000000 P95 : 0.000000 P99 : 0.000000 P100 : 0.000000 COUNT : 0 SUM : 0
rocksdb.bytes.decompressed P50 : 0.000000 P95 : 0.000000 P99 : 0.000000 P100 : 0.000000 COUNT : 0 SUM : 0
rocksdb.compression.times.nanos P50 : 0.000000 P95 : 0.000000 P99 : 0.000000 P100 : 0.000000 COUNT : 0 SUM : 0
rocksdb.decompression.times.nanos P50 : 0.000000 P95 : 0.000000 P99 : 0.000000 P100 : 0.000000 COUNT : 0 SUM : 0
rocksdb.read.num.merge_operands P50 : 0.000000 P95 : 0.000000 P99 : 0.000000 P100 : 0.000000 COUNT : 0 SUM : 0
rocksdb.blobdb.key.size P50 : 0.000000 P95 : 0.000000 P99 : 0.000000 P100 : 0.000000 COUNT : 0 SUM : 0
rocksdb.blobdb.value.size P50 : 0.000000 P95 : 0.000000 P99 : 0.000000 P100 : 0.000000 COUNT : 0 SUM : 0
rocksdb.blobdb.write.micros P50 : 0.000000 P95 : 0.000000 P99 : 0.000000 P100 : 0.000000 COUNT : 0 SUM : 0
rocksdb.blobdb.get.micros P50 : 0.000000 P95 : 0.000000 P99 : 0.000000 P100 : 0.000000 COUNT : 0 SUM : 0
rocksdb.blobdb.multiget.micros P50 : 0.000000 P95 : 0.000000 P99 : 0.000000 P100 : 0.000000 COUNT : 0 SUM : 0
rocksdb.blobdb.seek.micros P50 : 0.000000 P95 : 0.000000 P99 : 0.000000 P100 : 0.000000 COUNT : 0 SUM : 0
rocksdb.blobdb.next.micros P50 : 0.000000 P95 : 0.000000 P99 : 0.000000 P100 : 0.000000 COUNT : 0 SUM : 0
rocksdb.blobdb.prev.micros P50 : 0.000000 P95 : 0.000000 P99 : 0.000000 P100 : 0.000000 COUNT : 0 SUM : 0
rocksdb.blobdb.blob.file.write.micros P50 : 0.000000 P95 : 0.000000 P99 : 0.000000 P100 : 0.000000 COUNT : 0 SUM : 0
rocksdb.blobdb.blob.file.read.micros P50 : 0.000000 P95 : 0.000000 P99 : 0.000000 P100 : 0.000000 COUNT : 0 SUM : 0
rocksdb.blobdb.blob.file.sync.micros P50 : 0.000000 P95 : 0.000000 P99 : 0.000000 P100 : 0.000000 COUNT : 0 SUM : 0
rocksdb.blobdb.gc.micros P50 : 0.000000 P95 : 0.000000 P99 : 0.000000 P100 : 0.000000 COUNT : 0 SUM : 0
rocksdb.blobdb.compression.micros P50 : 0.000000 P95 : 0.000000 P99 : 0.000000 P100 : 0.000000 COUNT : 0 SUM : 0
rocksdb.blobdb.decompression.micros P50 : 0.000000 P95 : 0.000000 P99 : 0.000000 P100 : 0.000000 COUNT : 0 SUM : 0
rocksdb.db.flush.micros P50 : 437575.757576 P95 : 450486.000000 P99 : 450486.000000 P100 : 450486.000000 COUNT : 46 SUM : 18209411
rocksdb.sst.batch.size P50 : 0.000000 P95 : 0.000000 P99 : 0.000000 P100 : 0.000000 COUNT : 0 SUM : 0

