Initializing RocksDB Options from the specified file
Initializing RocksDB Options from command-line flags
Keys:       16 bytes each
Values:     256 bytes each (128 bytes after compression)
Entries:    2000000
Prefix:    0 bytes
Keys per prefix:    0
RawSize:    518.8 MB (estimated)
FileSize:   274.7 MB (estimated)
Write rate: 0 bytes/second
Read rate: 0 ops/second
Compression: NoCompression
Compression sampling rate: 0
Memtablerep: skip_list
Perf Level: 5
WARNING: Assertions are enabled; benchmarks unnecessarily slow
------------------------------------------------
DB path: [/home/zyh/480G/wp]
readseq      :       3.326 micros/op 1201922 ops/sec;  311.8 MB/s PERF_CONTEXT:
user_key_comparison_count = 4000001, block_cache_hit_count = 0, block_read_count = 51937, block_read_byte = 202388287, block_read_time = 608079728, block_cache_index_hit_count = 0, index_block_read_count = 0, block_cache_filter_hit_count = 0, filter_block_read_count = 0, compression_dict_block_read_count = 0, block_checksum_time = 19765918, block_decompress_time = 10704329, get_read_bytes = 0, multiget_read_bytes = 0, iter_read_bytes = 544000272, internal_key_skipped_count = 2000000, internal_delete_skipped_count = 0, internal_recent_skipped_count = 0, internal_merge_count = 0, write_wal_time = 0, get_snapshot_time = 0, get_from_memtable_time = 0, get_from_memtable_count = 0, get_post_process_time = 0, get_from_output_files_time = 0, seek_on_memtable_time = 0, seek_on_memtable_count = 0, next_on_memtable_count = 0, prev_on_memtable_count = 0, seek_child_seek_time = 0, seek_child_seek_count = 0, seek_min_heap_time = 0, seek_internal_seek_time = 181661, find_next_user_entry_time = 201746325, write_pre_and_post_process_time = 0, write_memtable_time = 0, write_thread_wait_nanos = 0, write_scheduling_flushes_compactions_time = 0, db_mutex_lock_nanos = 301, db_condition_wait_nanos = 0, merge_operator_time_nanos = 0, write_delay_time = 0, read_index_block_nanos = 0, read_filter_block_nanos = 0, new_table_block_iter_nanos = 1574555644, new_table_iterator_nanos = 224488, block_seek_nanos = 0, find_table_nanos = 0, bloom_memtable_hit_count = 0, bloom_memtable_miss_count = 0, bloom_sst_hit_count = 0, bloom_sst_miss_count = 0, key_lock_wait_time = 0, key_lock_wait_count = 0, env_new_sequential_file_nanos = 0, env_new_random_access_file_nanos = 0, env_new_writable_file_nanos = 0, env_reuse_writable_file_nanos = 0, env_new_random_rw_file_nanos = 0, env_new_directory_nanos = 0, env_file_exists_nanos = 0, env_get_children_nanos = 0, env_get_children_file_attributes_nanos = 0, env_delete_file_nanos = 0, env_create_dir_nanos = 0, env_create_dir_if_missing_nanos = 0, env_delete_dir_nanos = 0, env_get_file_size_nanos = 0, env_get_file_modification_time_nanos = 0, env_rename_file_nanos = 0, env_link_file_nanos = 0, env_lock_file_nanos = 0, env_unlock_file_nanos = 0, env_new_logger_nanos = 0, get_cpu_nanos = 0, iter_next_cpu_nanos = 4138511596, iter_prev_cpu_nanos = 0, iter_seek_cpu_nanos = 128338, bloom_filter_useful = bloom_filter_full_positive = bloom_filter_full_true_positive = block_cache_hit_count = block_cache_miss_count = 
Microseconds per read:
Count: 8000000 Average: 3.3263  StdDev: 4.72
Min: 1  Median: 1.8973  Max: 956
Percentiles: P50: 1.90 P75: 2.65 P99: 26.67 P99.9: 50.15 P99.99: 105.68
------------------------------------------------------
[       0,       1 ]   453399   5.667%   5.667% #
(       1,       2 ]  3952333  49.404%  55.072% ##########
(       2,       3 ]  2464094  30.801%  85.873% ######
(       3,       4 ]   497969   6.225%  92.097% #
(       4,       6 ]   126164   1.577%  93.674% 
(       6,      10 ]   207453   2.593%  96.268% #
(      10,      15 ]   142625   1.783%  98.050% 
(      15,      22 ]    44693   0.559%  98.609% 
(      22,      34 ]    80371   1.005%  99.614% 
(      34,      51 ]    24101   0.301%  99.915% 
(      51,      76 ]     3103   0.039%  99.954% 
(      76,     110 ]     3316   0.041%  99.995% 
(     110,     170 ]      337   0.004%  99.999% 
(     170,     250 ]       10   0.000% 100.000% 
(     250,     380 ]        7   0.000% 100.000% 
(     380,     580 ]        2   0.000% 100.000% 
(     580,     870 ]       11   0.000% 100.000% 
(     870,    1300 ]       12   0.000% 100.000% 



** Compaction Stats [default] **
Level    Files   Size     Score Read(GB)  Rn(GB) Rnp1(GB) Write(GB) Wnew(GB) Moved(GB) W-Amp Rd(MB/s) Wr(MB/s) Comp(sec) CompMergeCPU(sec) Comp(cnt) Avg(sec) KeyIn KeyDrop
----------------------------------------------------------------------------------------------------------------------------------------------------------------------------
  L5     63/0   510.75 MB   1.0      0.0     0.0      0.0       0.0      0.0       0.0   0.0      0.0      0.0      0.00              0.00         0    0.000       0      0
  L6    104/0   841.53 MB   0.0      0.0     0.0      0.0       0.0      0.0       0.0   0.0      0.0      0.0      0.00              0.00         0    0.000       0      0
 Sum    167/0    1.32 GB   0.0      0.0     0.0      0.0       0.0      0.0       0.0   0.0      0.0      0.0      0.00              0.00         0    0.000       0      0
 Int      0/0    0.00 KB   0.0      0.0     0.0      0.0       0.0      0.0       0.0   0.0      0.0      0.0      0.00              0.00         0    0.000       0      0

** Compaction Stats [default] **
Priority    Files   Size     Score Read(GB)  Rn(GB) Rnp1(GB) Write(GB) Wnew(GB) Moved(GB) W-Amp Rd(MB/s) Wr(MB/s) Comp(sec) CompMergeCPU(sec) Comp(cnt) Avg(sec) KeyIn KeyDrop
-------------------------------------------------------------------------------------------------------------------------------------------------------------------------------
Uptime(secs): 6.8 total, 6.7 interval
Flush(GB): cumulative 0.000, interval 0.000
AddFile(GB): cumulative 0.000, interval 0.000
AddFile(Total Files): cumulative 0, interval 0
AddFile(L0 Files): cumulative 0, interval 0
AddFile(Keys): cumulative 0, interval 0
Cumulative compaction: 0.00 GB write, 0.00 MB/s write, 0.00 GB read, 0.00 MB/s read, 0.0 seconds
Interval compaction: 0.00 GB write, 0.00 MB/s write, 0.00 GB read, 0.00 MB/s read, 0.0 seconds
Stalls(count): 0 level0_slowdown, 0 level0_slowdown_with_compaction, 0 level0_numfiles, 0 level0_numfiles_with_compaction, 0 stop for pending_compaction_bytes, 0 slowdown for pending_compaction_bytes, 0 memtable_compaction, 0 memtable_slowdown, interval 0 total count

** File Read Latency Histogram By Level [default] **
** Level 5 read latency histogram (micros):
Count: 317 Average: 99.0032  StdDev: 134.98
Min: 1  Median: 42.9722  Max: 614
Percentiles: P50: 42.97 P75: 140.45 P99: 614.00 P99.9: 614.00 P99.99: 614.00
------------------------------------------------------
[       0,       1 ]       20   6.309%   6.309% #
(       1,       2 ]       64  20.189%  26.498% ####
(       2,       3 ]       24   7.571%  34.069% ##
(       3,       4 ]       12   3.785%  37.855% #
(       4,       6 ]        5   1.577%  39.432% 
(      10,      15 ]        5   1.577%  41.009% 
(      15,      22 ]       10   3.155%  44.164% #
(      22,      34 ]        9   2.839%  47.003% #
(      34,      51 ]       18   5.678%  52.681% #
(      51,      76 ]       31   9.779%  62.461% ##
(      76,     110 ]       23   7.256%  69.716% #
(     110,     170 ]       33  10.410%  80.126% ##
(     170,     250 ]       21   6.625%  86.751% #
(     250,     380 ]       23   7.256%  94.006% #
(     380,     580 ]       15   4.732%  98.738% #
(     580,     870 ]        5   1.577% 100.315% 

** Level 6 read latency histogram (micros):
Count: 211695 Average: 11.4237  StdDev: 13.52
Min: 1  Median: 5.3687  Max: 929
Percentiles: P50: 5.37 P75: 18.05 P99: 57.74 P99.9: 71.65 P99.99: 73.04
------------------------------------------------------
[       0,       1 ]       73   0.034%   0.034% 
(       1,       2 ]    11671   5.513%   5.548% #
(       2,       3 ]    66357  31.346%  36.893% ######
(       3,       4 ]    19455   9.190%  46.083% ##
(       4,       6 ]    12116   5.723%  51.807% #
(       6,      10 ]     4166   1.968%  53.775% 
(      10,      15 ]    16826   7.948%  61.723% ##
(      15,      22 ]    64568  30.500%  92.223% ######
(      22,      34 ]    11890   5.617%  97.840% #
(      34,      51 ]     1533   0.724%  98.564% 
(      51,      76 ]     3424   1.617% 100.181% 
(      76,     110 ]      112   0.053% 100.234% 
(     110,     170 ]       42   0.020% 100.254% 
(     170,     250 ]       39   0.018% 100.273% 
(     250,     380 ]       36   0.017% 100.290% 
(     380,     580 ]       27   0.013% 100.302% 
(     580,     870 ]        8   0.004% 100.306% 
(     870,    1300 ]        2   0.001% 100.307% 


** DB Stats **
Uptime(secs): 6.8 total, 6.7 interval
Cumulative writes: 0 writes, 0 keys, 0 commit groups, 0.0 writes per commit group, ingest: 0.00 GB, 0.00 MB/s
Cumulative WAL: 0 writes, 0 syncs, 0.00 writes per sync, written: 0.00 GB, 0.00 MB/s
Cumulative stall: 00:00:0.000 H:M:S, 0.0 percent
Interval writes: 0 writes, 0 keys, 0 commit groups, 0.0 writes per commit group, ingest: 0.00 MB, 0.00 MB/s
Interval WAL: 0 writes, 0 syncs, 0.00 writes per sync, written: 0.00 MB, 0.00 MB/s
Interval stall: 00:00:0.000 H:M:S, 0.0 percent


Level Files Size(MB)
--------------------
  0        0        0
  1        0        0
  2        0        0
  3        0        0
  4        0        0
  5       63      511
  6      104      842


--- level 0 --- version# 2 ---
--- level 1 --- version# 2 ---
--- level 2 --- version# 2 ---
--- level 3 --- version# 2 ---
--- level 4 --- version# 2 ---
--- level 5 --- version# 2 ---
 127:8546010[5138481 .. 5198823]['000000000027317C3030303030303030' seq:5138481, type:1 .. '000000000027A73A3030303030303030' seq:5198823, type:1](0)
 128:8542118[5198825 .. 5259085]['000000000027A73B3030303030303030' seq:5198825, type:1 .. '0000000000281CEB3030303030303030' seq:5259085, type:1](0)
 129:8546010[5259087 .. 5319024]['0000000000281CEC3030303030303030' seq:5259087, type:1 .. '00000000002892AA3030303030303030' seq:5319024, type:1](0)
 130:8542119[5319026 .. 5379282]['00000000002892AB3030303030303030' seq:5319026, type:1 .. '000000000029085B3030303030303030' seq:5379282, type:1](0)
 131:8546010[5379284 .. 5439572]['000000000029085C3030303030303030' seq:5379284, type:1 .. '0000000000297E1A3030303030303030' seq:5439572, type:1](0)
 132:8542117[5439574 .. 5499835]['0000000000297E1B3030303030303030' seq:5439574, type:1 .. '000000000029F3CB3030303030303030' seq:5499835, type:1](0)
 133:8546011[5499837 .. 5560118]['000000000029F3CC3030303030303030' seq:5499837, type:1 .. '00000000002A698A3030303030303030' seq:5560118, type:1](0)
 134:8542118[5560120 .. 5620014]['00000000002A698B3030303030303030' seq:5560120, type:1 .. '00000000002ADF3B3030303030303030' seq:5620014, type:1](0)
 135:8546010[5620016 .. 5680297]['00000000002ADF3C3030303030303030' seq:5620016, type:1 .. '00000000002B54FA3030303030303030' seq:5680297, type:1](0)
 136:8542118[5680299 .. 5740555]['00000000002B54FB3030303030303030' seq:5680299, type:1 .. '00000000002BCAAB3030303030303030' seq:5740555, type:1](0)
 137:8546011[5740557 .. 5800840]['00000000002BCAAC3030303030303030' seq:5740557, type:1 .. '00000000002C406A3030303030303030' seq:5800840, type:1](0)
 138:8542118[5800842 .. 5861099]['00000000002C406B3030303030303030' seq:5800842, type:1 .. '00000000002CB61B3030303030303030' seq:5861099, type:1](0)
 139:8546012[5861101 .. 5921385]['00000000002CB61C3030303030303030' seq:5861101, type:1 .. '00000000002D2BDA3030303030303030' seq:5921385, type:1](0)
 140:8542118[5921387 .. 5981644]['00000000002D2BDB3030303030303030' seq:5921387, type:1 .. '00000000002DA18B3030303030303030' seq:5981644, type:1](0)
 141:8546013[5981646 .. 6041994]['00000000002DA18C3030303030303030' seq:5981646, type:1 .. '00000000002E174A3030303030303030' seq:6041994, type:1](0)
 142:8542117[6041996 .. 6102253]['00000000002E174B3030303030303030' seq:6041996, type:1 .. '00000000002E8CFB3030303030303030' seq:6102253, type:1](0)
 143:8546013[6102255 .. 6162540]['00000000002E8CFC3030303030303030' seq:6102255, type:1 .. '00000000002F02BA3030303030303030' seq:6162540, type:1](0)
 144:8542118[6162542 .. 6222795]['00000000002F02BB3030303030303030' seq:6162542, type:1 .. '00000000002F786B3030303030303030' seq:6222795, type:1](0)
 145:8546010[6222797 .. 6283073]['00000000002F786C3030303030303030' seq:6222797, type:1 .. '00000000002FEE2A3030303030303030' seq:6283073, type:1](0)
 146:8542118[6283075 .. 6343323]['00000000002FEE2B3030303030303030' seq:6283075, type:1 .. '00000000003063DB3030303030303030' seq:6343323, type:1](0)
 147:8546010[6343325 .. 6403608]['00000000003063DC3030303030303030' seq:6343325, type:1 .. '000000000030D99A3030303030303030' seq:6403608, type:1](0)
 148:8542119[6403610 .. 6463868]['000000000030D99B3030303030303030' seq:6403610, type:1 .. '0000000000314F4B3030303030303030' seq:6463868, type:1](0)
 149:8546010[6463870 .. 6524154]['0000000000314F4C3030303030303030' seq:6463870, type:1 .. '000000000031C50A3030303030303030' seq:6524154, type:1](0)
 150:8542118[6524156 .. 6584413]['000000000031C50B3030303030303030' seq:6524156, type:1 .. '0000000000323ABB3030303030303030' seq:6584413, type:1](0)
 151:8546010[6584415 .. 6644700]['0000000000323ABC3030303030303030' seq:6584415, type:1 .. '000000000032B07A3030303030303030' seq:6644700, type:1](0)
 152:8542119[6644702 .. 6704957]['000000000032B07B3030303030303030' seq:6644702, type:1 .. '000000000033262B3030303030303030' seq:6704957, type:1](0)
 153:8546009[6704959 .. 6765241]['000000000033262C3030303030303030' seq:6704959, type:1 .. '0000000000339BEA3030303030303030' seq:6765241, type:1](0)
 154:8542119[6765243 .. 6825499]['0000000000339BEB3030303030303030' seq:6765243, type:1 .. '000000000034119B3030303030303030' seq:6825499, type:1](0)
 164:8546010[0 .. 0]['000000000034119C3030303030303030' seq:0, type:1 .. '000000000034875A3030303030303030' seq:0, type:1](0)
 165:8542118[0 .. 0]['000000000034875B3030303030303030' seq:0, type:1 .. '000000000034FD0B3030303030303030' seq:0, type:1](0)
 166:8546008[0 .. 0]['000000000034FD0C3030303030303030' seq:0, type:1 .. '00000000003572CA3030303030303030' seq:0, type:1](0)
 167:8542118[0 .. 0]['00000000003572CB3030303030303030' seq:0, type:1 .. '000000000035E87B3030303030303030' seq:0, type:1](0)
 168:8546009[0 .. 0]['000000000035E87C3030303030303030' seq:0, type:1 .. '0000000000365E3A3030303030303030' seq:0, type:1](0)
 169:8542117[0 .. 0]['0000000000365E3B3030303030303030' seq:0, type:1 .. '000000000036D3EB3030303030303030' seq:0, type:1](0)
 170:8546009[0 .. 0]['000000000036D3EC3030303030303030' seq:0, type:1 .. '00000000003749AA3030303030303030' seq:0, type:1](0)
 171:8542118[0 .. 0]['00000000003749AB3030303030303030' seq:0, type:1 .. '000000000037BF5B3030303030303030' seq:0, type:1](0)
 172:8546009[0 .. 0]['000000000037BF5C3030303030303030' seq:0, type:1 .. '000000000038351A3030303030303030' seq:0, type:1](0)
 173:8542117[0 .. 0]['000000000038351B3030303030303030' seq:0, type:1 .. '000000000038AACB3030303030303030' seq:0, type:1](0)
 174:8546009[0 .. 0]['000000000038AACC3030303030303030' seq:0, type:1 .. '000000000039208A3030303030303030' seq:0, type:1](0)
 175:8542118[0 .. 0]['000000000039208B3030303030303030' seq:0, type:1 .. '000000000039963B3030303030303030' seq:0, type:1](0)
 206:8542118[0 .. 0]['000000000041677B3030303030303030' seq:0, type:1 .. '000000000041DD2B3030303030303030' seq:0, type:1](0)
 207:8546010[0 .. 0]['000000000041DD2C3030303030303030' seq:0, type:1 .. '00000000004252EA3030303030303030' seq:0, type:1](0)
 208:8542118[0 .. 0]['00000000004252EB3030303030303030' seq:0, type:1 .. '000000000042C89B3030303030303030' seq:0, type:1](0)
 209:8546011[0 .. 0]['000000000042C89C3030303030303030' seq:0, type:1 .. '0000000000433E5A3030303030303030' seq:0, type:1](0)
 210:8542118[0 .. 0]['0000000000433E5B3030303030303030' seq:0, type:1 .. '000000000043B40B3030303030303030' seq:0, type:1](0)
 211:8546010[0 .. 0]['000000000043B40C3030303030303030' seq:0, type:1 .. '00000000004429CA3030303030303030' seq:0, type:1](0)
 212:8542118[0 .. 0]['00000000004429CB3030303030303030' seq:0, type:1 .. '0000000000449F7B3030303030303030' seq:0, type:1](0)
 213:8546011[0 .. 0]['0000000000449F7C3030303030303030' seq:0, type:1 .. '000000000045153A3030303030303030' seq:0, type:1](0)
 215:8546011[0 .. 0]['0000000000458AEC3030303030303030' seq:0, type:1 .. '00000000004600AA3030303030303030' seq:0, type:1](0)
 216:8542118[0 .. 0]['00000000004600AB3030303030303030' seq:0, type:1 .. '000000000046765B3030303030303030' seq:0, type:1](0)
 217:8546010[0 .. 0]['000000000046765C3030303030303030' seq:0, type:1 .. '000000000046EC1A3030303030303030' seq:0, type:1](0)
 218:8542118[0 .. 0]['000000000046EC1B3030303030303030' seq:0, type:1 .. '00000000004761CB3030303030303030' seq:0, type:1](0)
 219:8546010[0 .. 0]['00000000004761CC3030303030303030' seq:0, type:1 .. '000000000047D78A3030303030303030' seq:0, type:1](0)
 220:8542119[0 .. 0]['000000000047D78B3030303030303030' seq:0, type:1 .. '0000000000484D3B3030303030303030' seq:0, type:1](0)
 221:8546009[0 .. 0]['0000000000484D3C3030303030303030' seq:0, type:1 .. '000000000048C2FA3030303030303030' seq:0, type:1](0)
 222:8542119[0 .. 0]['000000000048C2FB3030303030303030' seq:0, type:1 .. '00000000004938AB3030303030303030' seq:0, type:1](0)
 223:8546010[0 .. 0]['00000000004938AC3030303030303030' seq:0, type:1 .. '000000000049AE6A3030303030303030' seq:0, type:1](0)
 224:8542119[0 .. 0]['000000000049AE6B3030303030303030' seq:0, type:1 .. '00000000004A241B3030303030303030' seq:0, type:1](0)
 225:8546011[0 .. 0]['00000000004A241C3030303030303030' seq:0, type:1 .. '00000000004A99DA3030303030303030' seq:0, type:1](0)
 226:8542119[0 .. 0]['00000000004A99DB3030303030303030' seq:0, type:1 .. '00000000004B0F8B3030303030303030' seq:0, type:1](0)
 227:8546012[0 .. 0]['00000000004B0F8C3030303030303030' seq:0, type:1 .. '00000000004B854A3030303030303030' seq:0, type:1](0)
 228:8542117[0 .. 0]['00000000004B854B3030303030303030' seq:0, type:1 .. '00000000004BFAFB3030303030303030' seq:0, type:1](0)
 229:5825885[0 .. 0]['00000000004BFAFC3030303030303030' seq:0, type:1 .. '00000000004C4B3F3030303030303030' seq:0, type:1](0)
--- level 6 --- version# 2 ---
 15:8546011[0 .. 0]['00000000000000003030303030303030' seq:0, type:1 .. '00000000000075BE3030303030303030' seq:0, type:1](0)
 16:8542118[0 .. 0]['00000000000075BF3030303030303030' seq:0, type:1 .. '000000000000EB6F3030303030303030' seq:0, type:1](0)
 17:8546011[0 .. 0]['000000000000EB703030303030303030' seq:0, type:1 .. '000000000001612E3030303030303030' seq:0, type:1](0)
 18:8542117[0 .. 0]['000000000001612F3030303030303030' seq:0, type:1 .. '000000000001D6DF3030303030303030' seq:0, type:1](0)
 19:8546011[0 .. 0]['000000000001D6E03030303030303030' seq:0, type:1 .. '0000000000024C9E3030303030303030' seq:0, type:1](0)
 20:8542118[0 .. 0]['0000000000024C9F3030303030303030' seq:0, type:1 .. '000000000002C24F3030303030303030' seq:0, type:1](0)
 21:8546009[0 .. 0]['000000000002C2503030303030303030' seq:0, type:1 .. '000000000003380E3030303030303030' seq:0, type:1](0)
 22:8542117[0 .. 0]['000000000003380F3030303030303030' seq:0, type:1 .. '000000000003ADBF3030303030303030' seq:0, type:1](0)
 23:8546009[0 .. 0]['000000000003ADC03030303030303030' seq:0, type:1 .. '000000000004237E3030303030303030' seq:0, type:1](0)
 24:8542118[0 .. 0]['000000000004237F3030303030303030' seq:0, type:1 .. '000000000004992F3030303030303030' seq:0, type:1](0)
 25:8546008[0 .. 0]['00000000000499303030303030303030' seq:0, type:1 .. '0000000000050EEE3030303030303030' seq:0, type:1](0)
 26:8542118[0 .. 0]['0000000000050EEF3030303030303030' seq:0, type:1 .. '000000000005849F3030303030303030' seq:0, type:1](0)
 27:8546010[0 .. 0]['00000000000584A03030303030303030' seq:0, type:1 .. '000000000005FA5E3030303030303030' seq:0, type:1](0)
 28:8542119[0 .. 0]['000000000005FA5F3030303030303030' seq:0, type:1 .. '000000000006700F3030303030303030' seq:0, type:1](0)
 29:8546009[0 .. 0]['00000000000670103030303030303030' seq:0, type:1 .. '000000000006E5CE3030303030303030' seq:0, type:1](0)
 30:8542119[0 .. 0]['000000000006E5CF3030303030303030' seq:0, type:1 .. '0000000000075B7F3030303030303030' seq:0, type:1](0)
 31:8546010[0 .. 0]['0000000000075B803030303030303030' seq:0, type:1 .. '000000000007D13E3030303030303030' seq:0, type:1](0)
 32:8542118[0 .. 0]['000000000007D13F3030303030303030' seq:0, type:1 .. '00000000000846EF3030303030303030' seq:0, type:1](0)
 33:8546010[0 .. 0]['00000000000846F03030303030303030' seq:0, type:1 .. '000000000008BCAE3030303030303030' seq:0, type:1](0)
 34:8542119[0 .. 0]['000000000008BCAF3030303030303030' seq:0, type:1 .. '000000000009325F3030303030303030' seq:0, type:1](0)
 35:8546010[0 .. 0]['00000000000932603030303030303030' seq:0, type:1 .. '000000000009A81E3030303030303030' seq:0, type:1](0)
 36:8542118[0 .. 0]['000000000009A81F3030303030303030' seq:0, type:1 .. '00000000000A1DCF3030303030303030' seq:0, type:1](0)
 37:8546010[0 .. 0]['00000000000A1DD03030303030303030' seq:0, type:1 .. '00000000000A938E3030303030303030' seq:0, type:1](0)
 38:8542119[0 .. 0]['00000000000A938F3030303030303030' seq:0, type:1 .. '00000000000B093F3030303030303030' seq:0, type:1](0)
 39:8546009[0 .. 0]['00000000000B09403030303030303030' seq:0, type:1 .. '00000000000B7EFE3030303030303030' seq:0, type:1](0)
 40:8542118[0 .. 0]['00000000000B7EFF3030303030303030' seq:0, type:1 .. '00000000000BF4AF3030303030303030' seq:0, type:1](0)
 41:8546011[0 .. 0]['00000000000BF4B03030303030303030' seq:0, type:1 .. '00000000000C6A6E3030303030303030' seq:0, type:1](0)
 42:8542118[0 .. 0]['00000000000C6A6F3030303030303030' seq:0, type:1 .. '00000000000CE01F3030303030303030' seq:0, type:1](0)
 52:8546010[0 .. 0]['00000000000CE0203030303030303030' seq:0, type:1 .. '00000000000D55DE3030303030303030' seq:0, type:1](0)
 53:8542118[0 .. 0]['00000000000D55DF3030303030303030' seq:0, type:1 .. '00000000000DCB8F3030303030303030' seq:0, type:1](0)
 54:8546011[0 .. 0]['00000000000DCB903030303030303030' seq:0, type:1 .. '00000000000E414E3030303030303030' seq:0, type:1](0)
 55:8542117[0 .. 0]['00000000000E414F3030303030303030' seq:0, type:1 .. '00000000000EB6FF3030303030303030' seq:0, type:1](0)
 56:8546012[0 .. 0]['00000000000EB7003030303030303030' seq:0, type:1 .. '00000000000F2CBE3030303030303030' seq:0, type:1](0)
 57:8542118[0 .. 0]['00000000000F2CBF3030303030303030' seq:0, type:1 .. '00000000000FA26F3030303030303030' seq:0, type:1](0)
 58:8546013[0 .. 0]['00000000000FA2703030303030303030' seq:0, type:1 .. '000000000010182E3030303030303030' seq:0, type:1](0)
 59:8542117[0 .. 0]['000000000010182F3030303030303030' seq:0, type:1 .. '0000000000108DDF3030303030303030' seq:0, type:1](0)
 60:8546013[0 .. 0]['0000000000108DE03030303030303030' seq:0, type:1 .. '000000000011039E3030303030303030' seq:0, type:1](0)
 61:8542118[0 .. 0]['000000000011039F3030303030303030' seq:0, type:1 .. '000000000011794F3030303030303030' seq:0, type:1](0)
 62:8546010[0 .. 0]['00000000001179503030303030303030' seq:0, type:1 .. '000000000011EF0E3030303030303030' seq:0, type:1](0)
 63:8542118[0 .. 0]['000000000011EF0F3030303030303030' seq:0, type:1 .. '00000000001264BF3030303030303030' seq:0, type:1](0)
 64:8546010[0 .. 0]['00000000001264C03030303030303030' seq:0, type:1 .. '000000000012DA7E3030303030303030' seq:0, type:1](0)
 65:8542119[0 .. 0]['000000000012DA7F3030303030303030' seq:0, type:1 .. '000000000013502F3030303030303030' seq:0, type:1](0)
 66:8546009[0 .. 0]['00000000001350303030303030303030' seq:0, type:1 .. '000000000013C5EE3030303030303030' seq:0, type:1](0)
 67:8542119[0 .. 0]['000000000013C5EF3030303030303030' seq:0, type:1 .. '0000000000143B9F3030303030303030' seq:0, type:1](0)
 68:8546010[0 .. 0]['0000000000143BA03030303030303030' seq:0, type:1 .. '000000000014B15E3030303030303030' seq:0, type:1](0)
 69:8542119[0 .. 0]['000000000014B15F3030303030303030' seq:0, type:1 .. '000000000015270F3030303030303030' seq:0, type:1](0)
 70:8546009[0 .. 0]['00000000001527103030303030303030' seq:0, type:1 .. '0000000000159CCE3030303030303030' seq:0, type:1](0)
 71:8542119[0 .. 0]['0000000000159CCF3030303030303030' seq:0, type:1 .. '000000000016127F3030303030303030' seq:0, type:1](0)
 72:8546010[0 .. 0]['00000000001612803030303030303030' seq:0, type:1 .. '000000000016883E3030303030303030' seq:0, type:1](0)
 73:8542117[0 .. 0]['000000000016883F3030303030303030' seq:0, type:1 .. '000000000016FDEF3030303030303030' seq:0, type:1](0)
 74:8546011[0 .. 0]['000000000016FDF03030303030303030' seq:0, type:1 .. '00000000001773AE3030303030303030' seq:0, type:1](0)
 75:8542118[0 .. 0]['00000000001773AF3030303030303030' seq:0, type:1 .. '000000000017E95F3030303030303030' seq:0, type:1](0)
 76:8546011[0 .. 0]['000000000017E9603030303030303030' seq:0, type:1 .. '0000000000185F1E3030303030303030' seq:0, type:1](0)
 77:8542117[0 .. 0]['0000000000185F1F3030303030303030' seq:0, type:1 .. '000000000018D4CF3030303030303030' seq:0, type:1](0)
 78:8546011[0 .. 0]['000000000018D4D03030303030303030' seq:0, type:1 .. '0000000000194A8E3030303030303030' seq:0, type:1](0)
 79:8542118[0 .. 0]['0000000000194A8F3030303030303030' seq:0, type:1 .. '000000000019C03F3030303030303030' seq:0, type:1](0)
 89:8546010[0 .. 0]['000000000019C0403030303030303030' seq:0, type:1 .. '00000000001A35FE3030303030303030' seq:0, type:1](0)
 90:8542118[0 .. 0]['00000000001A35FF3030303030303030' seq:0, type:1 .. '00000000001AABAF3030303030303030' seq:0, type:1](0)
 91:8546011[0 .. 0]['00000000001AABB03030303030303030' seq:0, type:1 .. '00000000001B216E3030303030303030' seq:0, type:1](0)
 92:8542118[0 .. 0]['00000000001B216F3030303030303030' seq:0, type:1 .. '00000000001B971F3030303030303030' seq:0, type:1](0)
 93:8546010[0 .. 0]['00000000001B97203030303030303030' seq:0, type:1 .. '00000000001C0CDE3030303030303030' seq:0, type:1](0)
 94:8542118[0 .. 0]['00000000001C0CDF3030303030303030' seq:0, type:1 .. '00000000001C828F3030303030303030' seq:0, type:1](0)
 95:8546010[0 .. 0]['00000000001C82903030303030303030' seq:0, type:1 .. '00000000001CF84E3030303030303030' seq:0, type:1](0)
 96:8542118[0 .. 0]['00000000001CF84F3030303030303030' seq:0, type:1 .. '00000000001D6DFF3030303030303030' seq:0, type:1](0)
 97:8546011[0 .. 0]['00000000001D6E003030303030303030' seq:0, type:1 .. '00000000001DE3BE3030303030303030' seq:0, type:1](0)
 98:8542119[0 .. 0]['00000000001DE3BF3030303030303030' seq:0, type:1 .. '00000000001E596F3030303030303030' seq:0, type:1](0)
 99:8546012[0 .. 0]['00000000001E59703030303030303030' seq:0, type:1 .. '00000000001ECF2E3030303030303030' seq:0, type:1](0)
 100:8542118[0 .. 0]['00000000001ECF2F3030303030303030' seq:0, type:1 .. '00000000001F44DF3030303030303030' seq:0, type:1](0)
 101:8546012[0 .. 0]['00000000001F44E03030303030303030' seq:0, type:1 .. '00000000001FBA9E3030303030303030' seq:0, type:1](0)
 102:8542119[0 .. 0]['00000000001FBA9F3030303030303030' seq:0, type:1 .. '000000000020304F3030303030303030' seq:0, type:1](0)
 103:8546010[0 .. 0]['00000000002030503030303030303030' seq:0, type:1 .. '000000000020A60E3030303030303030' seq:0, type:1](0)
 104:8542118[0 .. 0]['000000000020A60F3030303030303030' seq:0, type:1 .. '0000000000211BBF3030303030303030' seq:0, type:1](0)
 105:8546010[0 .. 0]['0000000000211BC03030303030303030' seq:0, type:1 .. '000000000021917E3030303030303030' seq:0, type:1](0)
 106:8542119[0 .. 0]['000000000021917F3030303030303030' seq:0, type:1 .. '000000000022072F3030303030303030' seq:0, type:1](0)
 107:8546009[0 .. 0]['00000000002207303030303030303030' seq:0, type:1 .. '0000000000227CEE3030303030303030' seq:0, type:1](0)
 108:8542118[0 .. 0]['0000000000227CEF3030303030303030' seq:0, type:1 .. '000000000022F29F3030303030303030' seq:0, type:1](0)
 109:8546011[0 .. 0]['000000000022F2A03030303030303030' seq:0, type:1 .. '000000000023685E3030303030303030' seq:0, type:1](0)
 110:8542118[0 .. 0]['000000000023685F3030303030303030' seq:0, type:1 .. '000000000023DE0F3030303030303030' seq:0, type:1](0)
 111:8546010[0 .. 0]['000000000023DE103030303030303030' seq:0, type:1 .. '00000000002453CE3030303030303030' seq:0, type:1](0)
 112:8542118[0 .. 0]['00000000002453CF3030303030303030' seq:0, type:1 .. '000000000024C97F3030303030303030' seq:0, type:1](0)
 113:8546011[0 .. 0]['000000000024C9803030303030303030' seq:0, type:1 .. '0000000000253F3E3030303030303030' seq:0, type:1](0)
 114:8542117[0 .. 0]['0000000000253F3F3030303030303030' seq:0, type:1 .. '000000000025B4EF3030303030303030' seq:0, type:1](0)
 115:8546011[0 .. 0]['000000000025B4F03030303030303030' seq:0, type:1 .. '0000000000262AAE3030303030303030' seq:0, type:1](0)
 116:8542118[0 .. 0]['0000000000262AAF3030303030303030' seq:0, type:1 .. '000000000026A05F3030303030303030' seq:0, type:1](0)
 117:8546011[0 .. 0]['000000000026A0603030303030303030' seq:0, type:1 .. '000000000027161E3030303030303030' seq:0, type:1](0)
 118:2364777[0 .. 0]['000000000027161F3030303030303030' seq:0, type:1 .. '00000000002736B23030303030303030' seq:0, type:1](0)
 176:8546008[0 .. 0]['000000000039963C3030303030303030' seq:0, type:1 .. '00000000003A0BFA3030303030303030' seq:0, type:1](0)
 177:8542118[0 .. 0]['00000000003A0BFB3030303030303030' seq:0, type:1 .. '00000000003A81AB3030303030303030' seq:0, type:1](0)
 178:8546010[0 .. 0]['00000000003A81AC3030303030303030' seq:0, type:1 .. '00000000003AF76A3030303030303030' seq:0, type:1](0)
 179:8542119[0 .. 0]['00000000003AF76B3030303030303030' seq:0, type:1 .. '00000000003B6D1B3030303030303030' seq:0, type:1](0)
 180:8546011[0 .. 0]['00000000003B6D1C3030303030303030' seq:0, type:1 .. '00000000003BE2DA3030303030303030' seq:0, type:1](0)
 181:8542119[0 .. 0]['00000000003BE2DB3030303030303030' seq:0, type:1 .. '00000000003C588B3030303030303030' seq:0, type:1](0)
 182:8546012[0 .. 0]['00000000003C588C3030303030303030' seq:0, type:1 .. '00000000003CCE4A3030303030303030' seq:0, type:1](0)
 183:8542118[0 .. 0]['00000000003CCE4B3030303030303030' seq:0, type:1 .. '00000000003D43FB3030303030303030' seq:0, type:1](0)
 184:8546012[0 .. 0]['00000000003D43FC3030303030303030' seq:0, type:1 .. '00000000003DB9BA3030303030303030' seq:0, type:1](0)
 185:8542119[0 .. 0]['00000000003DB9BB3030303030303030' seq:0, type:1 .. '00000000003E2F6B3030303030303030' seq:0, type:1](0)
 186:8546010[0 .. 0]['00000000003E2F6C3030303030303030' seq:0, type:1 .. '00000000003EA52A3030303030303030' seq:0, type:1](0)
 187:8542118[0 .. 0]['00000000003EA52B3030303030303030' seq:0, type:1 .. '00000000003F1ADB3030303030303030' seq:0, type:1](0)
 188:8546010[0 .. 0]['00000000003F1ADC3030303030303030' seq:0, type:1 .. '00000000003F909A3030303030303030' seq:0, type:1](0)
 189:8542119[0 .. 0]['00000000003F909B3030303030303030' seq:0, type:1 .. '000000000040064B3030303030303030' seq:0, type:1](0)
 190:8546010[0 .. 0]['000000000040064C3030303030303030' seq:0, type:1 .. '0000000000407C0A3030303030303030' seq:0, type:1](0)
 191:8542117[0 .. 0]['0000000000407C0B3030303030303030' seq:0, type:1 .. '000000000040F1BB3030303030303030' seq:0, type:1](0)
 205:8546011[0 .. 0]['000000000040F1BC3030303030303030' seq:0, type:1 .. '000000000041677A3030303030303030' seq:0, type:1](0)
 214:8542117[0 .. 0]['000000000045153B3030303030303030' seq:0, type:1 .. '0000000000458AEB3030303030303030' seq:0, type:1](0)

STATISTICS:
rocksdb.block.cache.miss COUNT : 0
rocksdb.block.cache.hit COUNT : 0
rocksdb.block.cache.add COUNT : 0
rocksdb.block.cache.add.failures COUNT : 0
rocksdb.block.cache.index.miss COUNT : 0
rocksdb.block.cache.index.hit COUNT : 0
rocksdb.block.cache.index.add COUNT : 0
rocksdb.block.cache.index.bytes.insert COUNT : 0
rocksdb.block.cache.index.bytes.evict COUNT : 0
rocksdb.block.cache.filter.miss COUNT : 0
rocksdb.block.cache.filter.hit COUNT : 0
rocksdb.block.cache.filter.add COUNT : 0
rocksdb.block.cache.filter.bytes.insert COUNT : 0
rocksdb.block.cache.filter.bytes.evict COUNT : 0
rocksdb.block.cache.data.miss COUNT : 0
rocksdb.block.cache.data.hit COUNT : 0
rocksdb.block.cache.data.add COUNT : 0
rocksdb.block.cache.data.bytes.insert COUNT : 0
rocksdb.block.cache.bytes.read COUNT : 0
rocksdb.block.cache.bytes.write COUNT : 0
rocksdb.bloom.filter.useful COUNT : 0
rocksdb.bloom.filter.full.positive COUNT : 0
rocksdb.bloom.filter.full.true.positive COUNT : 0
rocksdb.bloom.filter.micros COUNT : 0
rocksdb.persistent.cache.hit COUNT : 359210
rocksdb.persistent.cache.miss COUNT : 212971
rocksdb.sim.block.cache.hit COUNT : 0
rocksdb.sim.block.cache.miss COUNT : 0
rocksdb.memtable.hit COUNT : 0
rocksdb.memtable.miss COUNT : 0
rocksdb.l0.hit COUNT : 0
rocksdb.l1.hit COUNT : 0
rocksdb.l2andup.hit COUNT : 0
rocksdb.compaction.key.drop.new COUNT : 0
rocksdb.compaction.key.drop.obsolete COUNT : 0
rocksdb.compaction.key.drop.range_del COUNT : 0
rocksdb.compaction.key.drop.user COUNT : 0
rocksdb.compaction.range_del.drop.obsolete COUNT : 0
rocksdb.compaction.optimized.del.drop.obsolete COUNT : 0
rocksdb.compaction.cancelled COUNT : 0
rocksdb.number.keys.written COUNT : 0
rocksdb.number.keys.read COUNT : 0
rocksdb.number.keys.updated COUNT : 0
rocksdb.bytes.written COUNT : 0
rocksdb.bytes.read COUNT : 0
rocksdb.number.db.seek COUNT : 4
rocksdb.number.db.next COUNT : 8000000
rocksdb.number.db.prev COUNT : 0
rocksdb.number.db.seek.found COUNT : 4
rocksdb.number.db.next.found COUNT : 8000000
rocksdb.number.db.prev.found COUNT : 0
rocksdb.db.iter.bytes.read COUNT : 2176001088
rocksdb.no.file.closes COUNT : 0
rocksdb.no.file.opens COUNT : 167
rocksdb.no.file.errors COUNT : 0
rocksdb.l0.slowdown.micros COUNT : 0
rocksdb.memtable.compaction.micros COUNT : 0
rocksdb.l0.num.files.stall.micros COUNT : 0
rocksdb.stall.micros COUNT : 0
rocksdb.db.mutex.wait.micros COUNT : 0
rocksdb.rate.limit.delay.millis COUNT : 0
rocksdb.num.iterators COUNT : 0
rocksdb.number.multiget.get COUNT : 0
rocksdb.number.multiget.keys.read COUNT : 0
rocksdb.number.multiget.bytes.read COUNT : 0
rocksdb.number.deletes.filtered COUNT : 0
rocksdb.number.merge.failures COUNT : 0
rocksdb.bloom.filter.prefix.checked COUNT : 0
rocksdb.bloom.filter.prefix.useful COUNT : 0
rocksdb.number.reseeks.iteration COUNT : 0
rocksdb.getupdatessince.calls COUNT : 0
rocksdb.block.cachecompressed.miss COUNT : 0
rocksdb.block.cachecompressed.hit COUNT : 0
rocksdb.block.cachecompressed.add COUNT : 0
rocksdb.block.cachecompressed.add.failures COUNT : 0
rocksdb.wal.synced COUNT : 0
rocksdb.wal.bytes COUNT : 0
rocksdb.write.self COUNT : 0
rocksdb.write.other COUNT : 0
rocksdb.write.timeout COUNT : 0
rocksdb.write.wal COUNT : 0
rocksdb.compact.read.bytes COUNT : 0
rocksdb.compact.write.bytes COUNT : 0
rocksdb.flush.write.bytes COUNT : 0
rocksdb.number.direct.load.table.properties COUNT : 0
rocksdb.number.superversion_acquires COUNT : 4
rocksdb.number.superversion_releases COUNT : 0
rocksdb.number.superversion_cleanups COUNT : 0
rocksdb.number.block.compressed COUNT : 0
rocksdb.number.block.decompressed COUNT : 0
rocksdb.number.block.not_compressed COUNT : 0
rocksdb.merge.operation.time.nanos COUNT : 0
rocksdb.filter.operation.time.nanos COUNT : 0
rocksdb.row.cache.hit COUNT : 0
rocksdb.row.cache.miss COUNT : 0
rocksdb.read.amp.estimate.useful.bytes COUNT : 0
rocksdb.read.amp.total.read.bytes COUNT : 0
rocksdb.number.rate_limiter.drains COUNT : 0
rocksdb.number.iter.skip COUNT : 0
rocksdb.blobdb.num.put COUNT : 0
rocksdb.blobdb.num.write COUNT : 0
rocksdb.blobdb.num.get COUNT : 0
rocksdb.blobdb.num.multiget COUNT : 0
rocksdb.blobdb.num.seek COUNT : 0
rocksdb.blobdb.num.next COUNT : 0
rocksdb.blobdb.num.prev COUNT : 0
rocksdb.blobdb.num.keys.written COUNT : 0
rocksdb.blobdb.num.keys.read COUNT : 0
rocksdb.blobdb.bytes.written COUNT : 0
rocksdb.blobdb.bytes.read COUNT : 0
rocksdb.blobdb.write.inlined COUNT : 0
rocksdb.blobdb.write.inlined.ttl COUNT : 0
rocksdb.blobdb.write.blob COUNT : 0
rocksdb.blobdb.write.blob.ttl COUNT : 0
rocksdb.blobdb.blob.file.bytes.written COUNT : 0
rocksdb.blobdb.blob.file.bytes.read COUNT : 0
rocksdb.blobdb.blob.file.synced COUNT : 0
rocksdb.blobdb.blob.index.expired.count COUNT : 0
rocksdb.blobdb.blob.index.expired.size COUNT : 0
rocksdb.blobdb.blob.index.evicted.count COUNT : 0
rocksdb.blobdb.blob.index.evicted.size COUNT : 0
rocksdb.blobdb.gc.num.files COUNT : 0
rocksdb.blobdb.gc.num.new.files COUNT : 0
rocksdb.blobdb.gc.failures COUNT : 0
rocksdb.blobdb.gc.num.keys.overwritten COUNT : 0
rocksdb.blobdb.gc.num.keys.expired COUNT : 0
rocksdb.blobdb.gc.num.keys.relocated COUNT : 0
rocksdb.blobdb.gc.bytes.overwritten COUNT : 0
rocksdb.blobdb.gc.bytes.expired COUNT : 0
rocksdb.blobdb.gc.bytes.relocated COUNT : 0
rocksdb.blobdb.fifo.num.files.evicted COUNT : 0
rocksdb.blobdb.fifo.num.keys.evicted COUNT : 0
rocksdb.blobdb.fifo.bytes.evicted COUNT : 0
rocksdb.txn.overhead.mutex.prepare COUNT : 0
rocksdb.txn.overhead.mutex.old.commit.map COUNT : 0
rocksdb.txn.overhead.duplicate.key COUNT : 0
rocksdb.txn.overhead.mutex.snapshot COUNT : 0
rocksdb.number.multiget.keys.found COUNT : 0
rocksdb.num.iterator.created COUNT : 4
rocksdb.num.iterator.deleted COUNT : 4
rocksdb.block.cache.compression.dict.miss COUNT : 0
rocksdb.block.cache.compression.dict.hit COUNT : 0
rocksdb.block.cache.compression.dict.add COUNT : 0
rocksdb.block.cache.compression.dict.bytes.insert COUNT : 0
rocksdb.block.cache.compression.dict.bytes.evict COUNT : 0
rocksdb.db.get.micros P50 : 0.000000 P95 : 0.000000 P99 : 0.000000 P100 : 0.000000 COUNT : 0 SUM : 0
rocksdb.db.write.micros P50 : 0.000000 P95 : 0.000000 P99 : 0.000000 P100 : 0.000000 COUNT : 0 SUM : 0
rocksdb.compaction.times.micros P50 : 0.000000 P95 : 0.000000 P99 : 0.000000 P100 : 0.000000 COUNT : 0 SUM : 0
rocksdb.compaction.times.cpu_micros P50 : 0.000000 P95 : 0.000000 P99 : 0.000000 P100 : 0.000000 COUNT : 0 SUM : 0
rocksdb.subcompaction.setup.times.micros P50 : 0.000000 P95 : 0.000000 P99 : 0.000000 P100 : 0.000000 COUNT : 0 SUM : 0
rocksdb.table.sync.micros P50 : 0.000000 P95 : 0.000000 P99 : 0.000000 P100 : 0.000000 COUNT : 0 SUM : 0
rocksdb.compaction.outfile.sync.micros P50 : 0.000000 P95 : 0.000000 P99 : 0.000000 P100 : 0.000000 COUNT : 0 SUM : 0
rocksdb.wal.file.sync.micros P50 : 0.000000 P95 : 0.000000 P99 : 0.000000 P100 : 0.000000 COUNT : 0 SUM : 0
rocksdb.manifest.file.sync.micros P50 : 197.000000 P95 : 197.000000 P99 : 197.000000 P100 : 197.000000 COUNT : 1 SUM : 197
rocksdb.table.open.io.micros P50 : 1148.703704 P95 : 2408.823529 P99 : 2801.764706 P100 : 2844.000000 COUNT : 167 SUM : 202566
rocksdb.db.multiget.micros P50 : 0.000000 P95 : 0.000000 P99 : 0.000000 P100 : 0.000000 COUNT : 0 SUM : 0
rocksdb.read.block.compaction.micros P50 : 0.000000 P95 : 0.000000 P99 : 0.000000 P100 : 0.000000 COUNT : 0 SUM : 0
rocksdb.read.block.get.micros P50 : 5.848612 P95 : 31.930438 P99 : 50.448245 P100 : 1270.000000 COUNT : 572014 SUM : 6218673
rocksdb.write.raw.block.micros P50 : 0.000000 P95 : 0.000000 P99 : 0.000000 P100 : 0.000000 COUNT : 0 SUM : 0
rocksdb.l0.slowdown.count P50 : 0.000000 P95 : 0.000000 P99 : 0.000000 P100 : 0.000000 COUNT : 0 SUM : 0
rocksdb.memtable.compaction.count P50 : 0.000000 P95 : 0.000000 P99 : 0.000000 P100 : 0.000000 COUNT : 0 SUM : 0
rocksdb.num.files.stall.count P50 : 0.000000 P95 : 0.000000 P99 : 0.000000 P100 : 0.000000 COUNT : 0 SUM : 0
rocksdb.hard.rate.limit.delay.count P50 : 0.000000 P95 : 0.000000 P99 : 0.000000 P100 : 0.000000 COUNT : 0 SUM : 0
rocksdb.soft.rate.limit.delay.count P50 : 0.000000 P95 : 0.000000 P99 : 0.000000 P100 : 0.000000 COUNT : 0 SUM : 0
rocksdb.numfiles.in.singlecompaction P50 : 0.000000 P95 : 0.000000 P99 : 0.000000 P100 : 0.000000 COUNT : 0 SUM : 0
rocksdb.db.seek.micros P50 : 0.000000 P95 : 0.000000 P99 : 0.000000 P100 : 0.000000 COUNT : 0 SUM : 0
rocksdb.db.write.stall P50 : 0.000000 P95 : 0.000000 P99 : 0.000000 P100 : 0.000000 COUNT : 0 SUM : 0
rocksdb.sst.read.micros P50 : 5.438015 P95 : 28.761766 P99 : 63.506805 P100 : 929.000000 COUNT : 213305 SUM : 2469904
rocksdb.num.subcompactions.scheduled P50 : 0.000000 P95 : 0.000000 P99 : 0.000000 P100 : 0.000000 COUNT : 0 SUM : 0
rocksdb.bytes.per.read P50 : 0.000000 P95 : 0.000000 P99 : 0.000000 P100 : 0.000000 COUNT : 0 SUM : 0
rocksdb.bytes.per.write P50 : 0.000000 P95 : 0.000000 P99 : 0.000000 P100 : 0.000000 COUNT : 0 SUM : 0
rocksdb.bytes.per.multiget P50 : 0.000000 P95 : 0.000000 P99 : 0.000000 P100 : 0.000000 COUNT : 0 SUM : 0
rocksdb.bytes.compressed P50 : 0.000000 P95 : 0.000000 P99 : 0.000000 P100 : 0.000000 COUNT : 0 SUM : 0
rocksdb.bytes.decompressed P50 : 0.000000 P95 : 0.000000 P99 : 0.000000 P100 : 0.000000 COUNT : 0 SUM : 0
rocksdb.compression.times.nanos P50 : 0.000000 P95 : 0.000000 P99 : 0.000000 P100 : 0.000000 COUNT : 0 SUM : 0
rocksdb.decompression.times.nanos P50 : 0.000000 P95 : 0.000000 P99 : 0.000000 P100 : 0.000000 COUNT : 0 SUM : 0
rocksdb.read.num.merge_operands P50 : 0.000000 P95 : 0.000000 P99 : 0.000000 P100 : 0.000000 COUNT : 0 SUM : 0
rocksdb.blobdb.key.size P50 : 0.000000 P95 : 0.000000 P99 : 0.000000 P100 : 0.000000 COUNT : 0 SUM : 0
rocksdb.blobdb.value.size P50 : 0.000000 P95 : 0.000000 P99 : 0.000000 P100 : 0.000000 COUNT : 0 SUM : 0
rocksdb.blobdb.write.micros P50 : 0.000000 P95 : 0.000000 P99 : 0.000000 P100 : 0.000000 COUNT : 0 SUM : 0
rocksdb.blobdb.get.micros P50 : 0.000000 P95 : 0.000000 P99 : 0.000000 P100 : 0.000000 COUNT : 0 SUM : 0
rocksdb.blobdb.multiget.micros P50 : 0.000000 P95 : 0.000000 P99 : 0.000000 P100 : 0.000000 COUNT : 0 SUM : 0
rocksdb.blobdb.seek.micros P50 : 0.000000 P95 : 0.000000 P99 : 0.000000 P100 : 0.000000 COUNT : 0 SUM : 0
rocksdb.blobdb.next.micros P50 : 0.000000 P95 : 0.000000 P99 : 0.000000 P100 : 0.000000 COUNT : 0 SUM : 0
rocksdb.blobdb.prev.micros P50 : 0.000000 P95 : 0.000000 P99 : 0.000000 P100 : 0.000000 COUNT : 0 SUM : 0
rocksdb.blobdb.blob.file.write.micros P50 : 0.000000 P95 : 0.000000 P99 : 0.000000 P100 : 0.000000 COUNT : 0 SUM : 0
rocksdb.blobdb.blob.file.read.micros P50 : 0.000000 P95 : 0.000000 P99 : 0.000000 P100 : 0.000000 COUNT : 0 SUM : 0
rocksdb.blobdb.blob.file.sync.micros P50 : 0.000000 P95 : 0.000000 P99 : 0.000000 P100 : 0.000000 COUNT : 0 SUM : 0
rocksdb.blobdb.gc.micros P50 : 0.000000 P95 : 0.000000 P99 : 0.000000 P100 : 0.000000 COUNT : 0 SUM : 0
rocksdb.blobdb.compression.micros P50 : 0.000000 P95 : 0.000000 P99 : 0.000000 P100 : 0.000000 COUNT : 0 SUM : 0
rocksdb.blobdb.decompression.micros P50 : 0.000000 P95 : 0.000000 P99 : 0.000000 P100 : 0.000000 COUNT : 0 SUM : 0
rocksdb.db.flush.micros P50 : 0.000000 P95 : 0.000000 P99 : 0.000000 P100 : 0.000000 COUNT : 0 SUM : 0
rocksdb.sst.batch.size P50 : 0.000000 P95 : 0.000000 P99 : 0.000000 P100 : 0.000000 COUNT : 0 SUM : 0

