Initializing RocksDB Options from the specified file
Initializing RocksDB Options from command-line flags
Keys:       16 bytes each
Values:     256 bytes each (128 bytes after compression)
Entries:    10000000
Prefix:    0 bytes
Keys per prefix:    0
RawSize:    2594.0 MB (estimated)
FileSize:   1373.3 MB (estimated)
Write rate: 0 bytes/second
Read rate: 0 ops/second
Compression: NoCompression
Compression sampling rate: 0
Memtablerep: skip_list
Perf Level: 5
WARNING: Assertions are enabled; benchmarks unnecessarily slow
------------------------------------------------
Initializing RocksDB Options from the specified file
Initializing RocksDB Options from command-line flags
DB path: [/home/zyh/480G/wp]
fillseq      :      12.507 micros/op 159877 ops/sec;   41.5 MB/s
Microseconds per write:
Count: 20000000 Average: 12.5072  StdDev: 8.75
Min: 4  Median: 12.4316  Max: 12217
Percentiles: P50: 12.43 P75: 13.93 P99: 30.35 P99.9: 33.97 P99.99: 50.20
------------------------------------------------------
(       3,       4 ]       55   0.000%   0.000% 
(       4,       6 ]    10043   0.050%   0.050% 
(       6,      10 ]  1892365   9.462%   9.512% ##
(      10,      15 ] 16650511  83.253%  92.765% #################
(      15,      22 ]   831480   4.157%  96.922% #
(      22,      34 ]   597013   2.985%  99.907% #
(      34,      51 ]    17349   0.087%  99.994% 
(      51,      76 ]      546   0.003%  99.997% 
(      76,     110 ]      113   0.001%  99.997% 
(     110,     170 ]       46   0.000%  99.998% 
(     170,     250 ]       16   0.000%  99.998% 
(     250,     380 ]       87   0.000%  99.998% 
(     380,     580 ]       21   0.000%  99.998% 
(     580,     870 ]       78   0.000%  99.999% 
(     870,    1300 ]      161   0.001%  99.999% 
(    1300,    1900 ]       52   0.000% 100.000% 
(    1900,    2900 ]       34   0.000% 100.000% 
(    2900,    4400 ]       20   0.000% 100.000% 
(    4400,    6600 ]        6   0.000% 100.000% 
(    6600,    9900 ]        2   0.000% 100.000% 
(    9900,   14000 ]        2   0.000% 100.000% 



** Compaction Stats [default] **
Level    Files   Size     Score Read(GB)  Rn(GB) Rnp1(GB) Write(GB) Wnew(GB) Moved(GB) W-Amp Rd(MB/s) Wr(MB/s) Comp(sec) CompMergeCPU(sec) Comp(cnt) Avg(sec) KeyIn KeyDrop
----------------------------------------------------------------------------------------------------------------------------------------------------------------------------
  L0      2/0   119.36 MB   0.5      0.0     0.0      0.0       2.6      2.6       0.0   1.0      0.0    286.2      9.44              8.54        46    0.205       0      0
  L5     63/0   509.10 MB   1.0      1.9     1.8      0.0       1.9      1.8       0.0   1.0    265.9    261.3      7.26              6.58         8    0.908   7141K   123K
  L6    251/0    1.99 GB   0.0      0.7     0.7      0.0       0.7      0.7       1.3   1.0    257.9    257.5      2.74              2.48         3    0.912   2610K   4452
 Sum    316/0    2.60 GB   0.0      2.6     2.5      0.1       5.2      5.1       1.3   2.0    135.6    272.9     19.44             17.60        57    0.341   9751K   128K
 Int      0/0    0.00 KB   0.0      2.6     2.5      0.1       5.2      5.1       1.3   2.0    135.6    272.9     19.44             17.60        57    0.341   9751K   128K

** Compaction Stats [default] **
Priority    Files   Size     Score Read(GB)  Rn(GB) Rnp1(GB) Write(GB) Wnew(GB) Moved(GB) W-Amp Rd(MB/s) Wr(MB/s) Comp(sec) CompMergeCPU(sec) Comp(cnt) Avg(sec) KeyIn KeyDrop
-------------------------------------------------------------------------------------------------------------------------------------------------------------------------------
 Low      0/0    0.00 KB   0.0      2.6     2.5      0.1       2.5      2.5       0.0   0.0    263.7    260.2     10.00              9.06        11    0.909   9751K   128K
High      0/0    0.00 KB   0.0      0.0     0.0      0.0       2.6      2.6       0.0   0.0      0.0    286.2      9.44              8.54        46    0.205       0      0
Uptime(secs): 125.1 total, 125.1 interval
Flush(GB): cumulative 2.639, interval 2.639
AddFile(GB): cumulative 0.000, interval 0.000
AddFile(Total Files): cumulative 0, interval 0
AddFile(L0 Files): cumulative 0, interval 0
AddFile(Keys): cumulative 0, interval 0
Cumulative compaction: 5.18 GB write, 42.40 MB/s write, 2.57 GB read, 21.08 MB/s read, 19.4 seconds
Interval compaction: 5.18 GB write, 42.40 MB/s write, 2.57 GB read, 21.08 MB/s read, 19.4 seconds
Stalls(count): 0 level0_slowdown, 0 level0_slowdown_with_compaction, 0 level0_numfiles, 0 level0_numfiles_with_compaction, 0 stop for pending_compaction_bytes, 0 slowdown for pending_compaction_bytes, 0 memtable_compaction, 0 memtable_slowdown, interval 0 total count

** File Read Latency Histogram By Level [default] **
** Level 0 read latency histogram (micros):
Count: 682537 Average: 1.4691  StdDev: 3.05
Min: 0  Median: 0.8074  Max: 1831
Percentiles: P50: 0.81 P75: 1.36 P99: 2.64 P99.9: 14.18 P99.99: 63.70
------------------------------------------------------
[       0,       1 ]   422689  61.929%  61.929% ############
(       1,       2 ]   250831  36.750%  98.679% #######
(       2,       3 ]     3435   0.503%  99.182% 
(       3,       4 ]      261   0.038%  99.220% 
(       4,       6 ]      539   0.079%  99.299% 
(       6,      10 ]     1271   0.186%  99.486% 
(      10,      15 ]     3383   0.496%  99.981% 
(      15,      22 ]       32   0.005%  99.986% 
(      22,      34 ]        1   0.000%  99.986% 
(      34,      51 ]       11   0.002%  99.988% 
(      51,      76 ]       31   0.005%  99.992% 
(      76,     110 ]       35   0.005%  99.997% 
(     110,     170 ]       15   0.002% 100.000% 
(     870,    1300 ]        2   0.000% 100.000% 
(    1300,    1900 ]        1   0.000% 100.000% 

** Level 5 read latency histogram (micros):
Count: 12749 Average: 2.6341  StdDev: 3.43
Min: 0  Median: 1.5047  Max: 63
Percentiles: P50: 1.50 P75: 2.08 P99: 19.36 P99.9: 44.80 P99.99: 63.00
------------------------------------------------------
[       0,       1 ]     3319  26.033%  26.033% #####
(       1,       2 ]     6054  47.486%  73.519% #########
(       2,       3 ]     2431  19.068%  92.588% ####
(       3,       4 ]      176   1.381%  93.968% 
(       4,       6 ]      131   1.028%  94.996% 
(       6,      10 ]      195   1.530%  96.525% 
(      10,      15 ]      217   1.702%  98.227% 
(      15,      22 ]      158   1.239%  99.467% 
(      22,      34 ]       40   0.314%  99.780% 
(      34,      51 ]       24   0.188%  99.969% 
(      51,      76 ]        4   0.031% 100.000% 

** Level 6 read latency histogram (micros):
Count: 3135 Average: 2.9978  StdDev: 4.17
Min: 0  Median: 1.5773  Max: 54
Percentiles: P50: 1.58 P75: 1.98 P99: 21.58 P99.9: 47.37 P99.99: 54.00
------------------------------------------------------
[       0,       1 ]      443  14.131%  14.131% ###
(       1,       2 ]     1948  62.137%  76.268% ############
(       2,       3 ]      500  15.949%  92.217% ###
(       3,       4 ]       24   0.766%  92.982% 
(       4,       6 ]       20   0.638%  93.620% 
(       6,      10 ]       14   0.447%  94.067% 
(      10,      15 ]      102   3.254%  97.321% #
(      15,      22 ]       56   1.786%  99.107% 
(      22,      34 ]       17   0.542%  99.649% 
(      34,      51 ]       10   0.319%  99.968% 
(      51,      76 ]        1   0.032% 100.000% 


** DB Stats **
Uptime(secs): 125.1 total, 125.1 interval
Cumulative writes: 20M writes, 20M keys, 19M commit groups, 1.0 writes per commit group, ingest: 5.36 GB, 43.91 MB/s
Cumulative WAL: 20M writes, 0 syncs, 20000000.00 writes per sync, written: 5.36 GB, 43.91 MB/s
Cumulative stall: 00:00:0.000 H:M:S, 0.0 percent
Interval writes: 20M writes, 20M keys, 19M commit groups, 1.0 writes per commit group, ingest: 5492.75 MB, 43.91 MB/s
Interval WAL: 20M writes, 0 syncs, 20000000.00 writes per sync, written: 5.36 MB, 43.91 MB/s
Interval stall: 00:00:0.000 H:M:S, 0.0 percent


Level Files Size(MB)
--------------------
  0        2      119
  1        0        0
  2        0        0
  3        0        0
  4        0        0
  5       63      509
  6      251     2039


--- level 0 --- version# 223 ---
 423:62667568[19265700 .. 19694709]['000000000092EF6F3030303030303030' seq:19265700, type:1 .. '0000000000964EE33030303030303030' seq:19694709, type:1](0)
 421:62492057[18838170 .. 19265698]['00000000008FAC283030303030303030' seq:18838170, type:1 .. '00000000009309323030303030303030' seq:19265697, type:1](0)
--- level 1 --- version# 223 ---
--- level 2 --- version# 223 ---
--- level 3 --- version# 223 ---
--- level 4 --- version# 223 ---
--- level 5 --- version# 223 ---
 127:8542118[5135379 .. 5195718]['0000000000272BDF3030303030303030' seq:5135379, type:1 .. '000000000027A18F3030303030303030' seq:5195718, type:1](0)
 128:8546011[5195720 .. 5256005]['000000000027A1903030303030303030' seq:5195720, type:1 .. '000000000028174E3030303030303030' seq:5256005, type:1](0)
 129:8542117[5256007 .. 5316259]['000000000028174F3030303030303030' seq:5256007, type:1 .. '0000000000288CFF3030303030303030' seq:5316259, type:1](0)
 130:8546012[5316261 .. 5376540]['0000000000288D003030303030303030' seq:5316261, type:1 .. '00000000002902BE3030303030303030' seq:5376540, type:1](0)
 131:8542118[5376542 .. 5436797]['00000000002902BF3030303030303030' seq:5376542, type:1 .. '000000000029786F3030303030303030' seq:5436797, type:1](0)
 132:8546012[5436799 .. 5497085]['00000000002978703030303030303030' seq:5436799, type:1 .. '000000000029EE2E3030303030303030' seq:5497085, type:1](0)
 133:8542118[5497087 .. 5557340]['000000000029EE2F3030303030303030' seq:5497087, type:1 .. '00000000002A63DF3030303030303030' seq:5557340, type:1](0)
 134:8546012[5557342 .. 5617625]['00000000002A63E03030303030303030' seq:5557342, type:1 .. '00000000002AD99E3030303030303030' seq:5617625, type:1](0)
 135:8542119[5617627 .. 5677881]['00000000002AD99F3030303030303030' seq:5617627, type:1 .. '00000000002B4F4F3030303030303030' seq:5677881, type:1](0)
 136:8546010[5677883 .. 5738164]['00000000002B4F503030303030303030' seq:5677883, type:1 .. '00000000002BC50E3030303030303030' seq:5738164, type:1](0)
 137:8542118[5738166 .. 5798425]['00000000002BC50F3030303030303030' seq:5738166, type:1 .. '00000000002C3ABF3030303030303030' seq:5798425, type:1](0)
 138:8546010[5798427 .. 5858710]['00000000002C3AC03030303030303030' seq:5798427, type:1 .. '00000000002CB07E3030303030303030' seq:5858710, type:1](0)
 139:8542119[5858712 .. 5918967]['00000000002CB07F3030303030303030' seq:5858712, type:1 .. '00000000002D262F3030303030303030' seq:5918967, type:1](0)
 140:8546009[5918969 .. 5979250]['00000000002D26303030303030303030' seq:5918969, type:1 .. '00000000002D9BEE3030303030303030' seq:5979250, type:1](0)
 141:8542119[5979252 .. 6039447]['00000000002D9BEF3030303030303030' seq:5979252, type:1 .. '00000000002E119F3030303030303030' seq:6039447, type:1](0)
 142:8546010[6039449 .. 6099747]['00000000002E11A03030303030303030' seq:6039449, type:1 .. '00000000002E875E3030303030303030' seq:6099747, type:1](0)
 143:8542118[6099749 .. 6160005]['00000000002E875F3030303030303030' seq:6099749, type:1 .. '00000000002EFD0F3030303030303030' seq:6160005, type:1](0)
 144:8546010[6160007 .. 6220289]['00000000002EFD103030303030303030' seq:6160007, type:1 .. '00000000002F72CE3030303030303030' seq:6220289, type:1](0)
 145:8542118[6220291 .. 6280546]['00000000002F72CF3030303030303030' seq:6220291, type:1 .. '00000000002FE87F3030303030303030' seq:6280546, type:1](0)
 146:8546011[6280548 .. 6340832]['00000000002FE8803030303030303030' seq:6280548, type:1 .. '0000000000305E3E3030303030303030' seq:6340832, type:1](0)
 147:8542117[6340834 .. 6401088]['0000000000305E3F3030303030303030' seq:6340834, type:1 .. '000000000030D3EF3030303030303030' seq:6401088, type:1](0)
 148:8546011[6401090 .. 6461374]['000000000030D3F03030303030303030' seq:6401090, type:1 .. '00000000003149AE3030303030303030' seq:6461374, type:1](0)
 149:8542118[6461376 .. 6521632]['00000000003149AF3030303030303030' seq:6461376, type:1 .. '000000000031BF5F3030303030303030' seq:6521632, type:1](0)
 150:8546011[6521634 .. 6581917]['000000000031BF603030303030303030' seq:6521634, type:1 .. '000000000032351E3030303030303030' seq:6581917, type:1](0)
 151:8542117[6581919 .. 6642175]['000000000032351F3030303030303030' seq:6581919, type:1 .. '000000000032AACF3030303030303030' seq:6642175, type:1](0)
 152:8546011[6642177 .. 6702461]['000000000032AAD03030303030303030' seq:6642177, type:1 .. '000000000033208E3030303030303030' seq:6702461, type:1](0)
 153:8542118[6702463 .. 6762719]['000000000033208F3030303030303030' seq:6702463, type:1 .. '000000000033963F3030303030303030' seq:6762719, type:1](0)
 154:8546010[6762721 .. 6823004]['00000000003396403030303030303030' seq:6762721, type:1 .. '0000000000340BFE3030303030303030' seq:6823004, type:1](0)
 164:8542118[0 .. 0]['0000000000340BFF3030303030303030' seq:0, type:1 .. '00000000003481AF3030303030303030' seq:0, type:1](0)
 165:8546010[0 .. 0]['00000000003481B03030303030303030' seq:0, type:1 .. '000000000034F76E3030303030303030' seq:0, type:1](0)
 166:8542119[0 .. 0]['000000000034F76F3030303030303030' seq:0, type:1 .. '0000000000356D1F3030303030303030' seq:0, type:1](0)
 167:8546009[0 .. 0]['0000000000356D203030303030303030' seq:0, type:1 .. '000000000035E2DE3030303030303030' seq:0, type:1](0)
 168:8542119[0 .. 0]['000000000035E2DF3030303030303030' seq:0, type:1 .. '000000000036588F3030303030303030' seq:0, type:1](0)
 169:8546010[0 .. 0]['00000000003658903030303030303030' seq:0, type:1 .. '000000000036CE4E3030303030303030' seq:0, type:1](0)
 170:8542118[0 .. 0]['000000000036CE4F3030303030303030' seq:0, type:1 .. '00000000003743FF3030303030303030' seq:0, type:1](0)
 171:8546011[0 .. 0]['00000000003744003030303030303030' seq:0, type:1 .. '000000000037B9BE3030303030303030' seq:0, type:1](0)
 172:8542119[0 .. 0]['000000000037B9BF3030303030303030' seq:0, type:1 .. '0000000000382F6F3030303030303030' seq:0, type:1](0)
 173:8546012[0 .. 0]['0000000000382F703030303030303030' seq:0, type:1 .. '000000000038A52E3030303030303030' seq:0, type:1](0)
 174:8542118[0 .. 0]['000000000038A52F3030303030303030' seq:0, type:1 .. '0000000000391ADF3030303030303030' seq:0, type:1](0)
 175:8546012[0 .. 0]['0000000000391AE03030303030303030' seq:0, type:1 .. '000000000039909E3030303030303030' seq:0, type:1](0)
 396:8542119[0 .. 0]['000000000084FA7F3030303030303030' seq:0, type:1 .. '000000000085702F3030303030303030' seq:0, type:1](0)
 397:8546009[0 .. 0]['00000000008570303030303030303030' seq:0, type:1 .. '000000000085E5EE3030303030303030' seq:0, type:1](0)
 398:8542119[0 .. 0]['000000000085E5EF3030303030303030' seq:0, type:1 .. '0000000000865B9F3030303030303030' seq:0, type:1](0)
 399:8546010[0 .. 0]['0000000000865BA03030303030303030' seq:0, type:1 .. '000000000086D15E3030303030303030' seq:0, type:1](0)
 400:8542119[0 .. 0]['000000000086D15F3030303030303030' seq:0, type:1 .. '000000000087470F3030303030303030' seq:0, type:1](0)
 401:8546009[0 .. 0]['00000000008747103030303030303030' seq:0, type:1 .. '000000000087BCCE3030303030303030' seq:0, type:1](0)
 402:8542119[0 .. 0]['000000000087BCCF3030303030303030' seq:0, type:1 .. '000000000088327F3030303030303030' seq:0, type:1](0)
 403:8546010[0 .. 0]['00000000008832803030303030303030' seq:0, type:1 .. '000000000088A83E3030303030303030' seq:0, type:1](0)
 405:8546010[0 .. 0]['0000000000891DF03030303030303030' seq:0, type:1 .. '00000000008993AE3030303030303030' seq:0, type:1](0)
 406:8542119[0 .. 0]['00000000008993AF3030303030303030' seq:0, type:1 .. '00000000008A095F3030303030303030' seq:0, type:1](0)
 407:8546010[0 .. 0]['00000000008A09603030303030303030' seq:0, type:1 .. '00000000008A7F1E3030303030303030' seq:0, type:1](0)
 408:8542117[0 .. 0]['00000000008A7F1F3030303030303030' seq:0, type:1 .. '00000000008AF4CF3030303030303030' seq:0, type:1](0)
 409:8546011[0 .. 0]['00000000008AF4D03030303030303030' seq:0, type:1 .. '00000000008B6A8E3030303030303030' seq:0, type:1](0)
 410:8542118[0 .. 0]['00000000008B6A8F3030303030303030' seq:0, type:1 .. '00000000008BE03F3030303030303030' seq:0, type:1](0)
 411:8546010[0 .. 0]['00000000008BE0403030303030303030' seq:0, type:1 .. '00000000008C55FE3030303030303030' seq:0, type:1](0)
 412:8542118[0 .. 0]['00000000008C55FF3030303030303030' seq:0, type:1 .. '00000000008CCBAF3030303030303030' seq:0, type:1](0)
 413:8546011[0 .. 0]['00000000008CCBB03030303030303030' seq:0, type:1 .. '00000000008D416E3030303030303030' seq:0, type:1](0)
 414:8542118[0 .. 0]['00000000008D416F3030303030303030' seq:0, type:1 .. '00000000008DB71F3030303030303030' seq:0, type:1](0)
 415:8546010[0 .. 0]['00000000008DB7203030303030303030' seq:0, type:1 .. '00000000008E2CDE3030303030303030' seq:0, type:1](0)
 416:8542118[0 .. 0]['00000000008E2CDF3030303030303030' seq:0, type:1 .. '00000000008EA28F3030303030303030' seq:0, type:1](0)
 417:8546011[0 .. 0]['00000000008EA2903030303030303030' seq:0, type:1 .. '00000000008F184E3030303030303030' seq:0, type:1](0)
 418:8542117[0 .. 0]['00000000008F184F3030303030303030' seq:0, type:1 .. '00000000008F8DFF3030303030303030' seq:0, type:1](0)
 419:4096496[0 .. 0]['00000000008F8E003030303030303030' seq:0, type:1 .. '00000000008FC66F3030303030303030' seq:0, type:1](0)
--- level 6 --- version# 223 ---
 15:8546011[0 .. 0]['00000000000000003030303030303030' seq:0, type:1 .. '00000000000075BE3030303030303030' seq:0, type:1](0)
 16:8542118[0 .. 0]['00000000000075BF3030303030303030' seq:0, type:1 .. '000000000000EB6F3030303030303030' seq:0, type:1](0)
 17:8546011[0 .. 0]['000000000000EB703030303030303030' seq:0, type:1 .. '000000000001612E3030303030303030' seq:0, type:1](0)
 18:8542117[0 .. 0]['000000000001612F3030303030303030' seq:0, type:1 .. '000000000001D6DF3030303030303030' seq:0, type:1](0)
 19:8546011[0 .. 0]['000000000001D6E03030303030303030' seq:0, type:1 .. '0000000000024C9E3030303030303030' seq:0, type:1](0)
 20:8542118[0 .. 0]['0000000000024C9F3030303030303030' seq:0, type:1 .. '000000000002C24F3030303030303030' seq:0, type:1](0)
 21:8546009[0 .. 0]['000000000002C2503030303030303030' seq:0, type:1 .. '000000000003380E3030303030303030' seq:0, type:1](0)
 22:8542117[0 .. 0]['000000000003380F3030303030303030' seq:0, type:1 .. '000000000003ADBF3030303030303030' seq:0, type:1](0)
 23:8546009[0 .. 0]['000000000003ADC03030303030303030' seq:0, type:1 .. '000000000004237E3030303030303030' seq:0, type:1](0)
 24:8542118[0 .. 0]['000000000004237F3030303030303030' seq:0, type:1 .. '000000000004992F3030303030303030' seq:0, type:1](0)
 25:8546008[0 .. 0]['00000000000499303030303030303030' seq:0, type:1 .. '0000000000050EEE3030303030303030' seq:0, type:1](0)
 26:8542118[0 .. 0]['0000000000050EEF3030303030303030' seq:0, type:1 .. '000000000005849F3030303030303030' seq:0, type:1](0)
 27:8546010[0 .. 0]['00000000000584A03030303030303030' seq:0, type:1 .. '000000000005FA5E3030303030303030' seq:0, type:1](0)
 28:8542119[0 .. 0]['000000000005FA5F3030303030303030' seq:0, type:1 .. '000000000006700F3030303030303030' seq:0, type:1](0)
 29:8546009[0 .. 0]['00000000000670103030303030303030' seq:0, type:1 .. '000000000006E5CE3030303030303030' seq:0, type:1](0)
 30:8542119[0 .. 0]['000000000006E5CF3030303030303030' seq:0, type:1 .. '0000000000075B7F3030303030303030' seq:0, type:1](0)
 31:8546010[0 .. 0]['0000000000075B803030303030303030' seq:0, type:1 .. '000000000007D13E3030303030303030' seq:0, type:1](0)
 32:8542118[0 .. 0]['000000000007D13F3030303030303030' seq:0, type:1 .. '00000000000846EF3030303030303030' seq:0, type:1](0)
 33:8546010[0 .. 0]['00000000000846F03030303030303030' seq:0, type:1 .. '000000000008BCAE3030303030303030' seq:0, type:1](0)
 34:8542119[0 .. 0]['000000000008BCAF3030303030303030' seq:0, type:1 .. '000000000009325F3030303030303030' seq:0, type:1](0)
 35:8546010[0 .. 0]['00000000000932603030303030303030' seq:0, type:1 .. '000000000009A81E3030303030303030' seq:0, type:1](0)
 36:8542118[0 .. 0]['000000000009A81F3030303030303030' seq:0, type:1 .. '00000000000A1DCF3030303030303030' seq:0, type:1](0)
 37:8546010[0 .. 0]['00000000000A1DD03030303030303030' seq:0, type:1 .. '00000000000A938E3030303030303030' seq:0, type:1](0)
 38:8542119[0 .. 0]['00000000000A938F3030303030303030' seq:0, type:1 .. '00000000000B093F3030303030303030' seq:0, type:1](0)
 39:8546009[0 .. 0]['00000000000B09403030303030303030' seq:0, type:1 .. '00000000000B7EFE3030303030303030' seq:0, type:1](0)
 40:8542118[0 .. 0]['00000000000B7EFF3030303030303030' seq:0, type:1 .. '00000000000BF4AF3030303030303030' seq:0, type:1](0)
 41:8546011[0 .. 0]['00000000000BF4B03030303030303030' seq:0, type:1 .. '00000000000C6A6E3030303030303030' seq:0, type:1](0)
 42:8542118[0 .. 0]['00000000000C6A6F3030303030303030' seq:0, type:1 .. '00000000000CE01F3030303030303030' seq:0, type:1](0)
 52:8546010[0 .. 0]['00000000000CE0203030303030303030' seq:0, type:1 .. '00000000000D55DE3030303030303030' seq:0, type:1](0)
 53:8542118[0 .. 0]['00000000000D55DF3030303030303030' seq:0, type:1 .. '00000000000DCB8F3030303030303030' seq:0, type:1](0)
 54:8546011[0 .. 0]['00000000000DCB903030303030303030' seq:0, type:1 .. '00000000000E414E3030303030303030' seq:0, type:1](0)
 55:8542117[0 .. 0]['00000000000E414F3030303030303030' seq:0, type:1 .. '00000000000EB6FF3030303030303030' seq:0, type:1](0)
 56:8546012[0 .. 0]['00000000000EB7003030303030303030' seq:0, type:1 .. '00000000000F2CBE3030303030303030' seq:0, type:1](0)
 57:8542118[0 .. 0]['00000000000F2CBF3030303030303030' seq:0, type:1 .. '00000000000FA26F3030303030303030' seq:0, type:1](0)
 58:8546013[0 .. 0]['00000000000FA2703030303030303030' seq:0, type:1 .. '000000000010182E3030303030303030' seq:0, type:1](0)
 59:8542117[0 .. 0]['000000000010182F3030303030303030' seq:0, type:1 .. '0000000000108DDF3030303030303030' seq:0, type:1](0)
 60:8546013[0 .. 0]['0000000000108DE03030303030303030' seq:0, type:1 .. '000000000011039E3030303030303030' seq:0, type:1](0)
 61:8542118[0 .. 0]['000000000011039F3030303030303030' seq:0, type:1 .. '000000000011794F3030303030303030' seq:0, type:1](0)
 62:8546010[0 .. 0]['00000000001179503030303030303030' seq:0, type:1 .. '000000000011EF0E3030303030303030' seq:0, type:1](0)
 63:8542118[0 .. 0]['000000000011EF0F3030303030303030' seq:0, type:1 .. '00000000001264BF3030303030303030' seq:0, type:1](0)
 64:8546010[0 .. 0]['00000000001264C03030303030303030' seq:0, type:1 .. '000000000012DA7E3030303030303030' seq:0, type:1](0)
 65:8542119[0 .. 0]['000000000012DA7F3030303030303030' seq:0, type:1 .. '000000000013502F3030303030303030' seq:0, type:1](0)
 66:8546009[0 .. 0]['00000000001350303030303030303030' seq:0, type:1 .. '000000000013C5EE3030303030303030' seq:0, type:1](0)
 67:8542119[0 .. 0]['000000000013C5EF3030303030303030' seq:0, type:1 .. '0000000000143B9F3030303030303030' seq:0, type:1](0)
 68:8546010[0 .. 0]['0000000000143BA03030303030303030' seq:0, type:1 .. '000000000014B15E3030303030303030' seq:0, type:1](0)
 69:8542119[0 .. 0]['000000000014B15F3030303030303030' seq:0, type:1 .. '000000000015270F3030303030303030' seq:0, type:1](0)
 70:8546009[0 .. 0]['00000000001527103030303030303030' seq:0, type:1 .. '0000000000159CCE3030303030303030' seq:0, type:1](0)
 71:8542119[0 .. 0]['0000000000159CCF3030303030303030' seq:0, type:1 .. '000000000016127F3030303030303030' seq:0, type:1](0)
 72:8546010[0 .. 0]['00000000001612803030303030303030' seq:0, type:1 .. '000000000016883E3030303030303030' seq:0, type:1](0)
 73:8542117[0 .. 0]['000000000016883F3030303030303030' seq:0, type:1 .. '000000000016FDEF3030303030303030' seq:0, type:1](0)
 74:8546011[0 .. 0]['000000000016FDF03030303030303030' seq:0, type:1 .. '00000000001773AE3030303030303030' seq:0, type:1](0)
 75:8542118[0 .. 0]['00000000001773AF3030303030303030' seq:0, type:1 .. '000000000017E95F3030303030303030' seq:0, type:1](0)
 76:8546011[0 .. 0]['000000000017E9603030303030303030' seq:0, type:1 .. '0000000000185F1E3030303030303030' seq:0, type:1](0)
 77:8542117[0 .. 0]['0000000000185F1F3030303030303030' seq:0, type:1 .. '000000000018D4CF3030303030303030' seq:0, type:1](0)
 78:8546011[0 .. 0]['000000000018D4D03030303030303030' seq:0, type:1 .. '0000000000194A8E3030303030303030' seq:0, type:1](0)
 79:8542118[0 .. 0]['0000000000194A8F3030303030303030' seq:0, type:1 .. '000000000019C03F3030303030303030' seq:0, type:1](0)
 89:8546010[0 .. 0]['000000000019C0403030303030303030' seq:0, type:1 .. '00000000001A35FE3030303030303030' seq:0, type:1](0)
 90:8542118[0 .. 0]['00000000001A35FF3030303030303030' seq:0, type:1 .. '00000000001AABAF3030303030303030' seq:0, type:1](0)
 91:8546011[0 .. 0]['00000000001AABB03030303030303030' seq:0, type:1 .. '00000000001B216E3030303030303030' seq:0, type:1](0)
 92:8542118[0 .. 0]['00000000001B216F3030303030303030' seq:0, type:1 .. '00000000001B971F3030303030303030' seq:0, type:1](0)
 93:8546010[0 .. 0]['00000000001B97203030303030303030' seq:0, type:1 .. '00000000001C0CDE3030303030303030' seq:0, type:1](0)
 94:8542118[0 .. 0]['00000000001C0CDF3030303030303030' seq:0, type:1 .. '00000000001C828F3030303030303030' seq:0, type:1](0)
 95:8546010[0 .. 0]['00000000001C82903030303030303030' seq:0, type:1 .. '00000000001CF84E3030303030303030' seq:0, type:1](0)
 96:8542118[0 .. 0]['00000000001CF84F3030303030303030' seq:0, type:1 .. '00000000001D6DFF3030303030303030' seq:0, type:1](0)
 97:8546011[0 .. 0]['00000000001D6E003030303030303030' seq:0, type:1 .. '00000000001DE3BE3030303030303030' seq:0, type:1](0)
 98:8542119[0 .. 0]['00000000001DE3BF3030303030303030' seq:0, type:1 .. '00000000001E596F3030303030303030' seq:0, type:1](0)
 99:8546012[0 .. 0]['00000000001E59703030303030303030' seq:0, type:1 .. '00000000001ECF2E3030303030303030' seq:0, type:1](0)
 100:8542118[0 .. 0]['00000000001ECF2F3030303030303030' seq:0, type:1 .. '00000000001F44DF3030303030303030' seq:0, type:1](0)
 101:8546012[0 .. 0]['00000000001F44E03030303030303030' seq:0, type:1 .. '00000000001FBA9E3030303030303030' seq:0, type:1](0)
 102:8542119[0 .. 0]['00000000001FBA9F3030303030303030' seq:0, type:1 .. '000000000020304F3030303030303030' seq:0, type:1](0)
 103:8546010[0 .. 0]['00000000002030503030303030303030' seq:0, type:1 .. '000000000020A60E3030303030303030' seq:0, type:1](0)
 104:8542118[0 .. 0]['000000000020A60F3030303030303030' seq:0, type:1 .. '0000000000211BBF3030303030303030' seq:0, type:1](0)
 105:8546010[0 .. 0]['0000000000211BC03030303030303030' seq:0, type:1 .. '000000000021917E3030303030303030' seq:0, type:1](0)
 106:8542119[0 .. 0]['000000000021917F3030303030303030' seq:0, type:1 .. '000000000022072F3030303030303030' seq:0, type:1](0)
 107:8546009[0 .. 0]['00000000002207303030303030303030' seq:0, type:1 .. '0000000000227CEE3030303030303030' seq:0, type:1](0)
 108:8542118[0 .. 0]['0000000000227CEF3030303030303030' seq:0, type:1 .. '000000000022F29F3030303030303030' seq:0, type:1](0)
 109:8546011[0 .. 0]['000000000022F2A03030303030303030' seq:0, type:1 .. '000000000023685E3030303030303030' seq:0, type:1](0)
 110:8542118[0 .. 0]['000000000023685F3030303030303030' seq:0, type:1 .. '000000000023DE0F3030303030303030' seq:0, type:1](0)
 111:8546010[0 .. 0]['000000000023DE103030303030303030' seq:0, type:1 .. '00000000002453CE3030303030303030' seq:0, type:1](0)
 112:8542118[0 .. 0]['00000000002453CF3030303030303030' seq:0, type:1 .. '000000000024C97F3030303030303030' seq:0, type:1](0)
 113:8546011[0 .. 0]['000000000024C9803030303030303030' seq:0, type:1 .. '0000000000253F3E3030303030303030' seq:0, type:1](0)
 114:8542117[0 .. 0]['0000000000253F3F3030303030303030' seq:0, type:1 .. '000000000025B4EF3030303030303030' seq:0, type:1](0)
 115:8546011[0 .. 0]['000000000025B4F03030303030303030' seq:0, type:1 .. '0000000000262AAE3030303030303030' seq:0, type:1](0)
 116:8542118[0 .. 0]['0000000000262AAF3030303030303030' seq:0, type:1 .. '000000000026A05F3030303030303030' seq:0, type:1](0)
 117:8546011[0 .. 0]['000000000026A0603030303030303030' seq:0, type:1 .. '000000000027161E3030303030303030' seq:0, type:1](0)
 118:1893076[0 .. 0]['000000000027161F3030303030303030' seq:0, type:1 .. '00000000002730323030303030303030' seq:0, type:1](0)
 176:8542119[0 .. 0]['000000000039909F3030303030303030' seq:0, type:1 .. '00000000003A064F3030303030303030' seq:0, type:1](0)
 177:8546010[0 .. 0]['00000000003A06503030303030303030' seq:0, type:1 .. '00000000003A7C0E3030303030303030' seq:0, type:1](0)
 178:8542117[0 .. 0]['00000000003A7C0F3030303030303030' seq:0, type:1 .. '00000000003AF1BF3030303030303030' seq:0, type:1](0)
 179:8546011[0 .. 0]['00000000003AF1C03030303030303030' seq:0, type:1 .. '00000000003B677E3030303030303030' seq:0, type:1](0)
 180:8542118[0 .. 0]['00000000003B677F3030303030303030' seq:0, type:1 .. '00000000003BDD2F3030303030303030' seq:0, type:1](0)
 181:8546010[0 .. 0]['00000000003BDD303030303030303030' seq:0, type:1 .. '00000000003C52EE3030303030303030' seq:0, type:1](0)
 182:8542118[0 .. 0]['00000000003C52EF3030303030303030' seq:0, type:1 .. '00000000003CC89F3030303030303030' seq:0, type:1](0)
 183:8546011[0 .. 0]['00000000003CC8A03030303030303030' seq:0, type:1 .. '00000000003D3E5E3030303030303030' seq:0, type:1](0)
 184:8542118[0 .. 0]['00000000003D3E5F3030303030303030' seq:0, type:1 .. '00000000003DB40F3030303030303030' seq:0, type:1](0)
 185:8546010[0 .. 0]['00000000003DB4103030303030303030' seq:0, type:1 .. '00000000003E29CE3030303030303030' seq:0, type:1](0)
 186:8542118[0 .. 0]['00000000003E29CF3030303030303030' seq:0, type:1 .. '00000000003E9F7F3030303030303030' seq:0, type:1](0)
 187:8546011[0 .. 0]['00000000003E9F803030303030303030' seq:0, type:1 .. '00000000003F153E3030303030303030' seq:0, type:1](0)
 188:8542117[0 .. 0]['00000000003F153F3030303030303030' seq:0, type:1 .. '00000000003F8AEF3030303030303030' seq:0, type:1](0)
 189:8546011[0 .. 0]['00000000003F8AF03030303030303030' seq:0, type:1 .. '00000000004000AE3030303030303030' seq:0, type:1](0)
 190:8542118[0 .. 0]['00000000004000AF3030303030303030' seq:0, type:1 .. '000000000040765F3030303030303030' seq:0, type:1](0)
 191:8546010[0 .. 0]['00000000004076603030303030303030' seq:0, type:1 .. '000000000040EC1E3030303030303030' seq:0, type:1](0)
 201:8542118[0 .. 0]['000000000040EC1F3030303030303030' seq:0, type:1 .. '00000000004161CF3030303030303030' seq:0, type:1](0)
 202:8546010[0 .. 0]['00000000004161D03030303030303030' seq:0, type:1 .. '000000000041D78E3030303030303030' seq:0, type:1](0)
 203:8542119[0 .. 0]['000000000041D78F3030303030303030' seq:0, type:1 .. '0000000000424D3F3030303030303030' seq:0, type:1](0)
 204:8546009[0 .. 0]['0000000000424D403030303030303030' seq:0, type:1 .. '000000000042C2FE3030303030303030' seq:0, type:1](0)
 205:8542119[0 .. 0]['000000000042C2FF3030303030303030' seq:0, type:1 .. '00000000004338AF3030303030303030' seq:0, type:1](0)
 206:8546010[0 .. 0]['00000000004338B03030303030303030' seq:0, type:1 .. '000000000043AE6E3030303030303030' seq:0, type:1](0)
 207:8542119[0 .. 0]['000000000043AE6F3030303030303030' seq:0, type:1 .. '000000000044241F3030303030303030' seq:0, type:1](0)
 208:8546009[0 .. 0]['00000000004424203030303030303030' seq:0, type:1 .. '00000000004499DE3030303030303030' seq:0, type:1](0)
 209:8542119[0 .. 0]['00000000004499DF3030303030303030' seq:0, type:1 .. '0000000000450F8F3030303030303030' seq:0, type:1](0)
 210:8546010[0 .. 0]['0000000000450F903030303030303030' seq:0, type:1 .. '000000000045854E3030303030303030' seq:0, type:1](0)
 211:8542117[0 .. 0]['000000000045854F3030303030303030' seq:0, type:1 .. '000000000045FAFF3030303030303030' seq:0, type:1](0)
 212:8546012[0 .. 0]['000000000045FB003030303030303030' seq:0, type:1 .. '00000000004670BE3030303030303030' seq:0, type:1](0)
 213:8542118[0 .. 0]['00000000004670BF3030303030303030' seq:0, type:1 .. '000000000046E66F3030303030303030' seq:0, type:1](0)
 214:8546013[0 .. 0]['000000000046E6703030303030303030' seq:0, type:1 .. '0000000000475C2E3030303030303030' seq:0, type:1](0)
 215:8542117[0 .. 0]['0000000000475C2F3030303030303030' seq:0, type:1 .. '000000000047D1DF3030303030303030' seq:0, type:1](0)
 216:8546013[0 .. 0]['000000000047D1E03030303030303030' seq:0, type:1 .. '000000000048479E3030303030303030' seq:0, type:1](0)
 217:8542118[0 .. 0]['000000000048479F3030303030303030' seq:0, type:1 .. '000000000048BD4F3030303030303030' seq:0, type:1](0)
 218:8546011[0 .. 0]['000000000048BD503030303030303030' seq:0, type:1 .. '000000000049330E3030303030303030' seq:0, type:1](0)
 219:8542117[0 .. 0]['000000000049330F3030303030303030' seq:0, type:1 .. '000000000049A8BF3030303030303030' seq:0, type:1](0)
 220:8546011[0 .. 0]['000000000049A8C03030303030303030' seq:0, type:1 .. '00000000004A1E7E3030303030303030' seq:0, type:1](0)
 221:8542118[0 .. 0]['00000000004A1E7F3030303030303030' seq:0, type:1 .. '00000000004A942F3030303030303030' seq:0, type:1](0)
 222:8546010[0 .. 0]['00000000004A94303030303030303030' seq:0, type:1 .. '00000000004B09EE3030303030303030' seq:0, type:1](0)
 223:8542118[0 .. 0]['00000000004B09EF3030303030303030' seq:0, type:1 .. '00000000004B7F9F3030303030303030' seq:0, type:1](0)
 224:8546010[0 .. 0]['00000000004B7FA03030303030303030' seq:0, type:1 .. '00000000004BF55E3030303030303030' seq:0, type:1](0)
 225:8542119[0 .. 0]['00000000004BF55F3030303030303030' seq:0, type:1 .. '00000000004C6B0F3030303030303030' seq:0, type:1](0)
 226:8546009[0 .. 0]['00000000004C6B103030303030303030' seq:0, type:1 .. '00000000004CE0CE3030303030303030' seq:0, type:1](0)
 227:8542119[0 .. 0]['00000000004CE0CF3030303030303030' seq:0, type:1 .. '00000000004D567F3030303030303030' seq:0, type:1](0)
 228:8546010[0 .. 0]['00000000004D56803030303030303030' seq:0, type:1 .. '00000000004DCC3E3030303030303030' seq:0, type:1](0)
 229:8542118[0 .. 0]['00000000004DCC3F3030303030303030' seq:0, type:1 .. '00000000004E41EF3030303030303030' seq:0, type:1](0)
 239:8546010[0 .. 0]['00000000004E41F03030303030303030' seq:0, type:1 .. '00000000004EB7AE3030303030303030' seq:0, type:1](0)
 240:8542119[0 .. 0]['00000000004EB7AF3030303030303030' seq:0, type:1 .. '00000000004F2D5F3030303030303030' seq:0, type:1](0)
 241:8546010[0 .. 0]['00000000004F2D603030303030303030' seq:0, type:1 .. '00000000004FA31E3030303030303030' seq:0, type:1](0)
 242:8542118[0 .. 0]['00000000004FA31F3030303030303030' seq:0, type:1 .. '00000000005018CF3030303030303030' seq:0, type:1](0)
 243:8546010[0 .. 0]['00000000005018D03030303030303030' seq:0, type:1 .. '0000000000508E8E3030303030303030' seq:0, type:1](0)
 244:8542119[0 .. 0]['0000000000508E8F3030303030303030' seq:0, type:1 .. '000000000051043F3030303030303030' seq:0, type:1](0)
 245:8546009[0 .. 0]['00000000005104403030303030303030' seq:0, type:1 .. '00000000005179FE3030303030303030' seq:0, type:1](0)
 246:8542118[0 .. 0]['00000000005179FF3030303030303030' seq:0, type:1 .. '000000000051EFAF3030303030303030' seq:0, type:1](0)
 247:8546011[0 .. 0]['000000000051EFB03030303030303030' seq:0, type:1 .. '000000000052656E3030303030303030' seq:0, type:1](0)
 248:8542118[0 .. 0]['000000000052656F3030303030303030' seq:0, type:1 .. '000000000052DB1F3030303030303030' seq:0, type:1](0)
 249:8546010[0 .. 0]['000000000052DB203030303030303030' seq:0, type:1 .. '00000000005350DE3030303030303030' seq:0, type:1](0)
 250:8542118[0 .. 0]['00000000005350DF3030303030303030' seq:0, type:1 .. '000000000053C68F3030303030303030' seq:0, type:1](0)
 251:8546011[0 .. 0]['000000000053C6903030303030303030' seq:0, type:1 .. '0000000000543C4E3030303030303030' seq:0, type:1](0)
 252:8542117[0 .. 0]['0000000000543C4F3030303030303030' seq:0, type:1 .. '000000000054B1FF3030303030303030' seq:0, type:1](0)
 253:8546012[0 .. 0]['000000000054B2003030303030303030' seq:0, type:1 .. '00000000005527BE3030303030303030' seq:0, type:1](0)
 254:8542118[0 .. 0]['00000000005527BF3030303030303030' seq:0, type:1 .. '0000000000559D6F3030303030303030' seq:0, type:1](0)
 255:8546013[0 .. 0]['0000000000559D703030303030303030' seq:0, type:1 .. '000000000056132E3030303030303030' seq:0, type:1](0)
 256:8542117[0 .. 0]['000000000056132F3030303030303030' seq:0, type:1 .. '00000000005688DF3030303030303030' seq:0, type:1](0)
 257:8546012[0 .. 0]['00000000005688E03030303030303030' seq:0, type:1 .. '000000000056FE9E3030303030303030' seq:0, type:1](0)
 258:8542119[0 .. 0]['000000000056FE9F3030303030303030' seq:0, type:1 .. '000000000057744F3030303030303030' seq:0, type:1](0)
 259:8546010[0 .. 0]['00000000005774503030303030303030' seq:0, type:1 .. '000000000057EA0E3030303030303030' seq:0, type:1](0)
 260:8542118[0 .. 0]['000000000057EA0F3030303030303030' seq:0, type:1 .. '0000000000585FBF3030303030303030' seq:0, type:1](0)
 261:8546010[0 .. 0]['0000000000585FC03030303030303030' seq:0, type:1 .. '000000000058D57E3030303030303030' seq:0, type:1](0)
 262:8542119[0 .. 0]['000000000058D57F3030303030303030' seq:0, type:1 .. '0000000000594B2F3030303030303030' seq:0, type:1](0)
 263:8546009[0 .. 0]['0000000000594B303030303030303030' seq:0, type:1 .. '000000000059C0EE3030303030303030' seq:0, type:1](0)
 264:8542119[0 .. 0]['000000000059C0EF3030303030303030' seq:0, type:1 .. '00000000005A369F3030303030303030' seq:0, type:1](0)
 265:8546010[0 .. 0]['00000000005A36A03030303030303030' seq:0, type:1 .. '00000000005AAC5E3030303030303030' seq:0, type:1](0)
 266:8542119[0 .. 0]['00000000005AAC5F3030303030303030' seq:0, type:1 .. '00000000005B220F3030303030303030' seq:0, type:1](0)
 276:8546009[0 .. 0]['00000000005B22103030303030303030' seq:0, type:1 .. '00000000005B97CE3030303030303030' seq:0, type:1](0)
 277:8542119[0 .. 0]['00000000005B97CF3030303030303030' seq:0, type:1 .. '00000000005C0D7F3030303030303030' seq:0, type:1](0)
 278:8546010[0 .. 0]['00000000005C0D803030303030303030' seq:0, type:1 .. '00000000005C833E3030303030303030' seq:0, type:1](0)
 279:8542117[0 .. 0]['00000000005C833F3030303030303030' seq:0, type:1 .. '00000000005CF8EF3030303030303030' seq:0, type:1](0)
 280:8546011[0 .. 0]['00000000005CF8F03030303030303030' seq:0, type:1 .. '00000000005D6EAE3030303030303030' seq:0, type:1](0)
 281:8542118[0 .. 0]['00000000005D6EAF3030303030303030' seq:0, type:1 .. '00000000005DE45F3030303030303030' seq:0, type:1](0)
 282:8546011[0 .. 0]['00000000005DE4603030303030303030' seq:0, type:1 .. '00000000005E5A1E3030303030303030' seq:0, type:1](0)
 283:8542117[0 .. 0]['00000000005E5A1F3030303030303030' seq:0, type:1 .. '00000000005ECFCF3030303030303030' seq:0, type:1](0)
 284:8546011[0 .. 0]['00000000005ECFD03030303030303030' seq:0, type:1 .. '00000000005F458E3030303030303030' seq:0, type:1](0)
 285:8542118[0 .. 0]['00000000005F458F3030303030303030' seq:0, type:1 .. '00000000005FBB3F3030303030303030' seq:0, type:1](0)
 286:8546010[0 .. 0]['00000000005FBB403030303030303030' seq:0, type:1 .. '00000000006030FE3030303030303030' seq:0, type:1](0)
 287:8542118[0 .. 0]['00000000006030FF3030303030303030' seq:0, type:1 .. '000000000060A6AF3030303030303030' seq:0, type:1](0)
 288:8546011[0 .. 0]['000000000060A6B03030303030303030' seq:0, type:1 .. '0000000000611C6E3030303030303030' seq:0, type:1](0)
 289:8542118[0 .. 0]['0000000000611C6F3030303030303030' seq:0, type:1 .. '000000000061921F3030303030303030' seq:0, type:1](0)
 290:8546010[0 .. 0]['00000000006192203030303030303030' seq:0, type:1 .. '00000000006207DE3030303030303030' seq:0, type:1](0)
 291:8542118[0 .. 0]['00000000006207DF3030303030303030' seq:0, type:1 .. '0000000000627D8F3030303030303030' seq:0, type:1](0)
 292:8546010[0 .. 0]['0000000000627D903030303030303030' seq:0, type:1 .. '000000000062F34E3030303030303030' seq:0, type:1](0)
 293:8542118[0 .. 0]['000000000062F34F3030303030303030' seq:0, type:1 .. '00000000006368FF3030303030303030' seq:0, type:1](0)
 294:8546011[0 .. 0]['00000000006369003030303030303030' seq:0, type:1 .. '000000000063DEBE3030303030303030' seq:0, type:1](0)
 295:8542119[0 .. 0]['000000000063DEBF3030303030303030' seq:0, type:1 .. '000000000064546F3030303030303030' seq:0, type:1](0)
 296:8546012[0 .. 0]['00000000006454703030303030303030' seq:0, type:1 .. '000000000064CA2E3030303030303030' seq:0, type:1](0)
 297:8542118[0 .. 0]['000000000064CA2F3030303030303030' seq:0, type:1 .. '0000000000653FDF3030303030303030' seq:0, type:1](0)
 298:8546012[0 .. 0]['0000000000653FE03030303030303030' seq:0, type:1 .. '000000000065B59E3030303030303030' seq:0, type:1](0)
 299:8542119[0 .. 0]['000000000065B59F3030303030303030' seq:0, type:1 .. '0000000000662B4F3030303030303030' seq:0, type:1](0)
 300:8546010[0 .. 0]['0000000000662B503030303030303030' seq:0, type:1 .. '000000000066A10E3030303030303030' seq:0, type:1](0)
 301:8542118[0 .. 0]['000000000066A10F3030303030303030' seq:0, type:1 .. '00000000006716BF3030303030303030' seq:0, type:1](0)
 302:8546010[0 .. 0]['00000000006716C03030303030303030' seq:0, type:1 .. '0000000000678C7E3030303030303030' seq:0, type:1](0)
 303:8542119[0 .. 0]['0000000000678C7F3030303030303030' seq:0, type:1 .. '000000000068022F3030303030303030' seq:0, type:1](0)
 314:8546009[0 .. 0]['00000000006802303030303030303030' seq:0, type:1 .. '00000000006877EE3030303030303030' seq:0, type:1](0)
 315:8542118[0 .. 0]['00000000006877EF3030303030303030' seq:0, type:1 .. '000000000068ED9F3030303030303030' seq:0, type:1](0)
 316:8546009[0 .. 0]['000000000068EDA03030303030303030' seq:0, type:1 .. '000000000069635E3030303030303030' seq:0, type:1](0)
 317:8542118[0 .. 0]['000000000069635F3030303030303030' seq:0, type:1 .. '000000000069D90F3030303030303030' seq:0, type:1](0)
 318:8546008[0 .. 0]['000000000069D9103030303030303030' seq:0, type:1 .. '00000000006A4ECE3030303030303030' seq:0, type:1](0)
 319:8542118[0 .. 0]['00000000006A4ECF3030303030303030' seq:0, type:1 .. '00000000006AC47F3030303030303030' seq:0, type:1](0)
 320:8546009[0 .. 0]['00000000006AC4803030303030303030' seq:0, type:1 .. '00000000006B3A3E3030303030303030' seq:0, type:1](0)
 321:8542117[0 .. 0]['00000000006B3A3F3030303030303030' seq:0, type:1 .. '00000000006BAFEF3030303030303030' seq:0, type:1](0)
 322:8546009[0 .. 0]['00000000006BAFF03030303030303030' seq:0, type:1 .. '00000000006C25AE3030303030303030' seq:0, type:1](0)
 323:8542118[0 .. 0]['00000000006C25AF3030303030303030' seq:0, type:1 .. '00000000006C9B5F3030303030303030' seq:0, type:1](0)
 324:8546009[0 .. 0]['00000000006C9B603030303030303030' seq:0, type:1 .. '00000000006D111E3030303030303030' seq:0, type:1](0)
 325:8542117[0 .. 0]['00000000006D111F3030303030303030' seq:0, type:1 .. '00000000006D86CF3030303030303030' seq:0, type:1](0)
 326:8546010[0 .. 0]['00000000006D86D03030303030303030' seq:0, type:1 .. '00000000006DFC8E3030303030303030' seq:0, type:1](0)
 327:8542119[0 .. 0]['00000000006DFC8F3030303030303030' seq:0, type:1 .. '00000000006E723F3030303030303030' seq:0, type:1](0)
 328:8546009[0 .. 0]['00000000006E72403030303030303030' seq:0, type:1 .. '00000000006EE7FE3030303030303030' seq:0, type:1](0)
 329:8542119[0 .. 0]['00000000006EE7FF3030303030303030' seq:0, type:1 .. '00000000006F5DAF3030303030303030' seq:0, type:1](0)
 330:8546010[0 .. 0]['00000000006F5DB03030303030303030' seq:0, type:1 .. '00000000006FD36E3030303030303030' seq:0, type:1](0)
 331:8542119[0 .. 0]['00000000006FD36F3030303030303030' seq:0, type:1 .. '000000000070491F3030303030303030' seq:0, type:1](0)
 332:8546009[0 .. 0]['00000000007049203030303030303030' seq:0, type:1 .. '000000000070BEDE3030303030303030' seq:0, type:1](0)
 333:8542119[0 .. 0]['000000000070BEDF3030303030303030' seq:0, type:1 .. '000000000071348F3030303030303030' seq:0, type:1](0)
 334:8546010[0 .. 0]['00000000007134903030303030303030' seq:0, type:1 .. '000000000071AA4E3030303030303030' seq:0, type:1](0)
 335:8542118[0 .. 0]['000000000071AA4F3030303030303030' seq:0, type:1 .. '0000000000721FFF3030303030303030' seq:0, type:1](0)
 336:8546011[0 .. 0]['00000000007220003030303030303030' seq:0, type:1 .. '00000000007295BE3030303030303030' seq:0, type:1](0)
 337:8542119[0 .. 0]['00000000007295BF3030303030303030' seq:0, type:1 .. '0000000000730B6F3030303030303030' seq:0, type:1](0)
 338:8546012[0 .. 0]['0000000000730B703030303030303030' seq:0, type:1 .. '000000000073812E3030303030303030' seq:0, type:1](0)
 339:8542117[0 .. 0]['000000000073812F3030303030303030' seq:0, type:1 .. '000000000073F6DF3030303030303030' seq:0, type:1](0)
 340:8546013[0 .. 0]['000000000073F6E03030303030303030' seq:0, type:1 .. '0000000000746C9E3030303030303030' seq:0, type:1](0)
 341:8542118[0 .. 0]['0000000000746C9F3030303030303030' seq:0, type:1 .. '000000000074E24F3030303030303030' seq:0, type:1](0)
 342:8546011[0 .. 0]['000000000074E2503030303030303030' seq:0, type:1 .. '000000000075580E3030303030303030' seq:0, type:1](0)
 352:8542117[0 .. 0]['000000000075580F3030303030303030' seq:0, type:1 .. '000000000075CDBF3030303030303030' seq:0, type:1](0)
 353:8546011[0 .. 0]['000000000075CDC03030303030303030' seq:0, type:1 .. '000000000076437E3030303030303030' seq:0, type:1](0)
 354:8542118[0 .. 0]['000000000076437F3030303030303030' seq:0, type:1 .. '000000000076B92F3030303030303030' seq:0, type:1](0)
 355:8546010[0 .. 0]['000000000076B9303030303030303030' seq:0, type:1 .. '0000000000772EEE3030303030303030' seq:0, type:1](0)
 356:8542118[0 .. 0]['0000000000772EEF3030303030303030' seq:0, type:1 .. '000000000077A49F3030303030303030' seq:0, type:1](0)
 357:8546011[0 .. 0]['000000000077A4A03030303030303030' seq:0, type:1 .. '0000000000781A5E3030303030303030' seq:0, type:1](0)
 358:8542118[0 .. 0]['0000000000781A5F3030303030303030' seq:0, type:1 .. '000000000078900F3030303030303030' seq:0, type:1](0)
 359:8546010[0 .. 0]['00000000007890103030303030303030' seq:0, type:1 .. '00000000007905CE3030303030303030' seq:0, type:1](0)
 360:8542118[0 .. 0]['00000000007905CF3030303030303030' seq:0, type:1 .. '0000000000797B7F3030303030303030' seq:0, type:1](0)
 361:8546010[0 .. 0]['0000000000797B803030303030303030' seq:0, type:1 .. '000000000079F13E3030303030303030' seq:0, type:1](0)
 362:8542118[0 .. 0]['000000000079F13F3030303030303030' seq:0, type:1 .. '00000000007A66EF3030303030303030' seq:0, type:1](0)
 363:8546010[0 .. 0]['00000000007A66F03030303030303030' seq:0, type:1 .. '00000000007ADCAE3030303030303030' seq:0, type:1](0)
 364:8542119[0 .. 0]['00000000007ADCAF3030303030303030' seq:0, type:1 .. '00000000007B525F3030303030303030' seq:0, type:1](0)
 365:8546010[0 .. 0]['00000000007B52603030303030303030' seq:0, type:1 .. '00000000007BC81E3030303030303030' seq:0, type:1](0)
 366:8542118[0 .. 0]['00000000007BC81F3030303030303030' seq:0, type:1 .. '00000000007C3DCF3030303030303030' seq:0, type:1](0)
 367:8546010[0 .. 0]['00000000007C3DD03030303030303030' seq:0, type:1 .. '00000000007CB38E3030303030303030' seq:0, type:1](0)
 368:8542119[0 .. 0]['00000000007CB38F3030303030303030' seq:0, type:1 .. '00000000007D293F3030303030303030' seq:0, type:1](0)
 369:8546009[0 .. 0]['00000000007D29403030303030303030' seq:0, type:1 .. '00000000007D9EFE3030303030303030' seq:0, type:1](0)
 370:8542119[0 .. 0]['00000000007D9EFF3030303030303030' seq:0, type:1 .. '00000000007E14AF3030303030303030' seq:0, type:1](0)
 371:8546010[0 .. 0]['00000000007E14B03030303030303030' seq:0, type:1 .. '00000000007E8A6E3030303030303030' seq:0, type:1](0)
 372:8542119[0 .. 0]['00000000007E8A6F3030303030303030' seq:0, type:1 .. '00000000007F001F3030303030303030' seq:0, type:1](0)
 373:8546009[0 .. 0]['00000000007F00203030303030303030' seq:0, type:1 .. '00000000007F75DE3030303030303030' seq:0, type:1](0)
 374:8542118[0 .. 0]['00000000007F75DF3030303030303030' seq:0, type:1 .. '00000000007FEB8F3030303030303030' seq:0, type:1](0)
 375:8546011[0 .. 0]['00000000007FEB903030303030303030' seq:0, type:1 .. '000000000080614E3030303030303030' seq:0, type:1](0)
 376:8542117[0 .. 0]['000000000080614F3030303030303030' seq:0, type:1 .. '000000000080D6FF3030303030303030' seq:0, type:1](0)
 377:8546012[0 .. 0]['000000000080D7003030303030303030' seq:0, type:1 .. '0000000000814CBE3030303030303030' seq:0, type:1](0)
 378:8542118[0 .. 0]['0000000000814CBF3030303030303030' seq:0, type:1 .. '000000000081C26F3030303030303030' seq:0, type:1](0)
 379:8546013[0 .. 0]['000000000081C2703030303030303030' seq:0, type:1 .. '000000000082382E3030303030303030' seq:0, type:1](0)
 390:8542117[0 .. 0]['000000000082382F3030303030303030' seq:0, type:1 .. '000000000082ADDF3030303030303030' seq:0, type:1](0)
 391:8546013[0 .. 0]['000000000082ADE03030303030303030' seq:0, type:1 .. '000000000083239E3030303030303030' seq:0, type:1](0)
 392:8542118[0 .. 0]['000000000083239F3030303030303030' seq:0, type:1 .. '000000000083994F3030303030303030' seq:0, type:1](0)
 393:8546011[0 .. 0]['00000000008399503030303030303030' seq:0, type:1 .. '0000000000840F0E3030303030303030' seq:0, type:1](0)
 394:8542117[0 .. 0]['0000000000840F0F3030303030303030' seq:0, type:1 .. '00000000008484BF3030303030303030' seq:0, type:1](0)
 395:8546010[0 .. 0]['00000000008484C03030303030303030' seq:0, type:1 .. '000000000084FA7E3030303030303030' seq:0, type:1](0)
 404:8542118[0 .. 0]['000000000088A83F3030303030303030' seq:0, type:1 .. '0000000000891DEF3030303030303030' seq:0, type:1](0)

STATISTICS:
rocksdb.block.cache.miss COUNT : 0
rocksdb.block.cache.hit COUNT : 0
rocksdb.block.cache.add COUNT : 0
rocksdb.block.cache.add.failures COUNT : 0
rocksdb.block.cache.index.miss COUNT : 0
rocksdb.block.cache.index.hit COUNT : 0
rocksdb.block.cache.index.add COUNT : 0
rocksdb.block.cache.index.bytes.insert COUNT : 0
rocksdb.block.cache.index.bytes.evict COUNT : 0
rocksdb.block.cache.filter.miss COUNT : 0
rocksdb.block.cache.filter.hit COUNT : 0
rocksdb.block.cache.filter.add COUNT : 0
rocksdb.block.cache.filter.bytes.insert COUNT : 0
rocksdb.block.cache.filter.bytes.evict COUNT : 0
rocksdb.block.cache.data.miss COUNT : 0
rocksdb.block.cache.data.hit COUNT : 0
rocksdb.block.cache.data.add COUNT : 0
rocksdb.block.cache.data.bytes.insert COUNT : 0
rocksdb.block.cache.bytes.read COUNT : 0
rocksdb.block.cache.bytes.write COUNT : 0
rocksdb.bloom.filter.useful COUNT : 0
rocksdb.bloom.filter.full.positive COUNT : 0
rocksdb.bloom.filter.full.true.positive COUNT : 0
rocksdb.bloom.filter.micros COUNT : 0
rocksdb.persistent.cache.hit COUNT : 0
rocksdb.persistent.cache.miss COUNT : 697679
rocksdb.sim.block.cache.hit COUNT : 0
rocksdb.sim.block.cache.miss COUNT : 0
rocksdb.memtable.hit COUNT : 0
rocksdb.memtable.miss COUNT : 0
rocksdb.l0.hit COUNT : 0
rocksdb.l1.hit COUNT : 0
rocksdb.l2andup.hit COUNT : 0
rocksdb.compaction.key.drop.new COUNT : 128410
rocksdb.compaction.key.drop.obsolete COUNT : 0
rocksdb.compaction.key.drop.range_del COUNT : 0
rocksdb.compaction.key.drop.user COUNT : 0
rocksdb.compaction.range_del.drop.obsolete COUNT : 0
rocksdb.compaction.optimized.del.drop.obsolete COUNT : 0
rocksdb.compaction.cancelled COUNT : 0
rocksdb.number.keys.written COUNT : 20000000
rocksdb.number.keys.read COUNT : 0
rocksdb.number.keys.updated COUNT : 0
rocksdb.bytes.written COUNT : 5759570004
rocksdb.bytes.read COUNT : 0
rocksdb.number.db.seek COUNT : 0
rocksdb.number.db.next COUNT : 0
rocksdb.number.db.prev COUNT : 0
rocksdb.number.db.seek.found COUNT : 0
rocksdb.number.db.next.found COUNT : 0
rocksdb.number.db.prev.found COUNT : 0
rocksdb.db.iter.bytes.read COUNT : 0
rocksdb.no.file.closes COUNT : 0
rocksdb.no.file.opens COUNT : 371
rocksdb.no.file.errors COUNT : 0
rocksdb.l0.slowdown.micros COUNT : 0
rocksdb.memtable.compaction.micros COUNT : 0
rocksdb.l0.num.files.stall.micros COUNT : 0
rocksdb.stall.micros COUNT : 0
rocksdb.db.mutex.wait.micros COUNT : 0
rocksdb.rate.limit.delay.millis COUNT : 0
rocksdb.num.iterators COUNT : 0
rocksdb.number.multiget.get COUNT : 0
rocksdb.number.multiget.keys.read COUNT : 0
rocksdb.number.multiget.bytes.read COUNT : 0
rocksdb.number.deletes.filtered COUNT : 0
rocksdb.number.merge.failures COUNT : 0
rocksdb.bloom.filter.prefix.checked COUNT : 0
rocksdb.bloom.filter.prefix.useful COUNT : 0
rocksdb.number.reseeks.iteration COUNT : 0
rocksdb.getupdatessince.calls COUNT : 0
rocksdb.block.cachecompressed.miss COUNT : 0
rocksdb.block.cachecompressed.hit COUNT : 0
rocksdb.block.cachecompressed.add COUNT : 0
rocksdb.block.cachecompressed.add.failures COUNT : 0
rocksdb.wal.synced COUNT : 0
rocksdb.wal.bytes COUNT : 5759570004
rocksdb.write.self COUNT : 19964167
rocksdb.write.other COUNT : 35833
rocksdb.write.timeout COUNT : 0
rocksdb.write.wal COUNT : 20000000
rocksdb.compact.read.bytes COUNT : 2764065235
rocksdb.compact.write.bytes COUNT : 2728316586
rocksdb.flush.write.bytes COUNT : 2833198026
rocksdb.number.direct.load.table.properties COUNT : 0
rocksdb.number.superversion_acquires COUNT : 0
rocksdb.number.superversion_releases COUNT : 0
rocksdb.number.superversion_cleanups COUNT : 0
rocksdb.number.block.compressed COUNT : 0
rocksdb.number.block.decompressed COUNT : 0
rocksdb.number.block.not_compressed COUNT : 0
rocksdb.merge.operation.time.nanos COUNT : 0
rocksdb.filter.operation.time.nanos COUNT : 0
rocksdb.row.cache.hit COUNT : 0
rocksdb.row.cache.miss COUNT : 0
rocksdb.read.amp.estimate.useful.bytes COUNT : 0
rocksdb.read.amp.total.read.bytes COUNT : 0
rocksdb.number.rate_limiter.drains COUNT : 0
rocksdb.number.iter.skip COUNT : 0
rocksdb.blobdb.num.put COUNT : 0
rocksdb.blobdb.num.write COUNT : 0
rocksdb.blobdb.num.get COUNT : 0
rocksdb.blobdb.num.multiget COUNT : 0
rocksdb.blobdb.num.seek COUNT : 0
rocksdb.blobdb.num.next COUNT : 0
rocksdb.blobdb.num.prev COUNT : 0
rocksdb.blobdb.num.keys.written COUNT : 0
rocksdb.blobdb.num.keys.read COUNT : 0
rocksdb.blobdb.bytes.written COUNT : 0
rocksdb.blobdb.bytes.read COUNT : 0
rocksdb.blobdb.write.inlined COUNT : 0
rocksdb.blobdb.write.inlined.ttl COUNT : 0
rocksdb.blobdb.write.blob COUNT : 0
rocksdb.blobdb.write.blob.ttl COUNT : 0
rocksdb.blobdb.blob.file.bytes.written COUNT : 0
rocksdb.blobdb.blob.file.bytes.read COUNT : 0
rocksdb.blobdb.blob.file.synced COUNT : 0
rocksdb.blobdb.blob.index.expired.count COUNT : 0
rocksdb.blobdb.blob.index.expired.size COUNT : 0
rocksdb.blobdb.blob.index.evicted.count COUNT : 0
rocksdb.blobdb.blob.index.evicted.size COUNT : 0
rocksdb.blobdb.gc.num.files COUNT : 0
rocksdb.blobdb.gc.num.new.files COUNT : 0
rocksdb.blobdb.gc.failures COUNT : 0
rocksdb.blobdb.gc.num.keys.overwritten COUNT : 0
rocksdb.blobdb.gc.num.keys.expired COUNT : 0
rocksdb.blobdb.gc.num.keys.relocated COUNT : 0
rocksdb.blobdb.gc.bytes.overwritten COUNT : 0
rocksdb.blobdb.gc.bytes.expired COUNT : 0
rocksdb.blobdb.gc.bytes.relocated COUNT : 0
rocksdb.blobdb.fifo.num.files.evicted COUNT : 0
rocksdb.blobdb.fifo.num.keys.evicted COUNT : 0
rocksdb.blobdb.fifo.bytes.evicted COUNT : 0
rocksdb.txn.overhead.mutex.prepare COUNT : 0
rocksdb.txn.overhead.mutex.old.commit.map COUNT : 0
rocksdb.txn.overhead.duplicate.key COUNT : 0
rocksdb.txn.overhead.mutex.snapshot COUNT : 0
rocksdb.number.multiget.keys.found COUNT : 0
rocksdb.num.iterator.created COUNT : 0
rocksdb.num.iterator.deleted COUNT : 0
rocksdb.block.cache.compression.dict.miss COUNT : 0
rocksdb.block.cache.compression.dict.hit COUNT : 0
rocksdb.block.cache.compression.dict.add COUNT : 0
rocksdb.block.cache.compression.dict.bytes.insert COUNT : 0
rocksdb.block.cache.compression.dict.bytes.evict COUNT : 0
rocksdb.db.get.micros P50 : 0.000000 P95 : 0.000000 P99 : 0.000000 P100 : 0.000000 COUNT : 0 SUM : 0
rocksdb.db.write.micros P50 : 11.816809 P95 : 17.075112 P99 : 28.515311 P100 : 6610.000000 COUNT : 20000000 SUM : 238848447
rocksdb.compaction.times.micros P50 : 960472.000000 P95 : 960472.000000 P99 : 960472.000000 P100 : 960472.000000 COUNT : 11 SUM : 9998297
rocksdb.compaction.times.cpu_micros P50 : 743493.000000 P95 : 873527.000000 P99 : 873527.000000 P100 : 873527.000000 COUNT : 11 SUM : 9059404
rocksdb.subcompaction.setup.times.micros P50 : 0.000000 P95 : 0.000000 P99 : 0.000000 P100 : 0.000000 COUNT : 0 SUM : 0
rocksdb.table.sync.micros P50 : 27500.000000 P95 : 28109.000000 P99 : 28109.000000 P100 : 28109.000000 COUNT : 46 SUM : 1247307
rocksdb.compaction.outfile.sync.micros P50 : 3664.851485 P95 : 4388.861386 P99 : 4822.000000 P100 : 4822.000000 COUNT : 325 SUM : 1335441
rocksdb.wal.file.sync.micros P50 : 0.000000 P95 : 0.000000 P99 : 0.000000 P100 : 0.000000 COUNT : 0 SUM : 0
rocksdb.manifest.file.sync.micros P50 : 104.041237 P95 : 202.000000 P99 : 326.266667 P100 : 1036.000000 COUNT : 224 SUM : 26338
rocksdb.table.open.io.micros P50 : 191.250000 P95 : 688.025000 P99 : 1034.116667 P100 : 1062.000000 COUNT : 371 SUM : 85954
rocksdb.db.multiget.micros P50 : 0.000000 P95 : 0.000000 P99 : 0.000000 P100 : 0.000000 COUNT : 0 SUM : 0
rocksdb.read.block.compaction.micros P50 : 0.000000 P95 : 0.000000 P99 : 0.000000 P100 : 0.000000 COUNT : 0 SUM : 0
rocksdb.read.block.get.micros P50 : 2.243622 P95 : 3.693547 P99 : 10.775817 P100 : 1834.000000 COUNT : 697308 SUM : 2067895
rocksdb.write.raw.block.micros P50 : 0.512903 P95 : 0.974515 P99 : 4.790414 P100 : 1154.000000 COUNT : 1402985 SUM : 3992926
rocksdb.l0.slowdown.count P50 : 0.000000 P95 : 0.000000 P99 : 0.000000 P100 : 0.000000 COUNT : 0 SUM : 0
rocksdb.memtable.compaction.count P50 : 0.000000 P95 : 0.000000 P99 : 0.000000 P100 : 0.000000 COUNT : 0 SUM : 0
rocksdb.num.files.stall.count P50 : 0.000000 P95 : 0.000000 P99 : 0.000000 P100 : 0.000000 COUNT : 0 SUM : 0
rocksdb.hard.rate.limit.delay.count P50 : 0.000000 P95 : 0.000000 P99 : 0.000000 P100 : 0.000000 COUNT : 0 SUM : 0
rocksdb.soft.rate.limit.delay.count P50 : 0.000000 P95 : 0.000000 P99 : 0.000000 P100 : 0.000000 COUNT : 0 SUM : 0
rocksdb.numfiles.in.singlecompaction P50 : 1.000000 P95 : 3.200000 P99 : 3.840000 P100 : 4.000000 COUNT : 176 SUM : 209
rocksdb.db.seek.micros P50 : 0.000000 P95 : 0.000000 P99 : 0.000000 P100 : 0.000000 COUNT : 0 SUM : 0
rocksdb.db.write.stall P50 : 0.000000 P95 : 0.000000 P99 : 0.000000 P100 : 0.000000 COUNT : 0 SUM : 0
rocksdb.sst.read.micros P50 : 0.818876 P95 : 1.915837 P99 : 2.966508 P100 : 1831.000000 COUNT : 698421 SUM : 1045661
rocksdb.num.subcompactions.scheduled P50 : 0.000000 P95 : 0.000000 P99 : 0.000000 P100 : 0.000000 COUNT : 0 SUM : 0
rocksdb.bytes.per.read P50 : 0.000000 P95 : 0.000000 P99 : 0.000000 P100 : 0.000000 COUNT : 0 SUM : 0
rocksdb.bytes.per.write P50 : 315.116876 P95 : 373.722064 P99 : 378.931415 P100 : 564.000000 COUNT : 19964167 SUM : 5759570004
rocksdb.bytes.per.multiget P50 : 0.000000 P95 : 0.000000 P99 : 0.000000 P100 : 0.000000 COUNT : 0 SUM : 0
rocksdb.bytes.compressed P50 : 0.000000 P95 : 0.000000 P99 : 0.000000 P100 : 0.000000 COUNT : 0 SUM : 0
rocksdb.bytes.decompressed P50 : 0.000000 P95 : 0.000000 P99 : 0.000000 P100 : 0.000000 COUNT : 0 SUM : 0
rocksdb.compression.times.nanos P50 : 0.000000 P95 : 0.000000 P99 : 0.000000 P100 : 0.000000 COUNT : 0 SUM : 0
rocksdb.decompression.times.nanos P50 : 0.000000 P95 : 0.000000 P99 : 0.000000 P100 : 0.000000 COUNT : 0 SUM : 0
rocksdb.read.num.merge_operands P50 : 0.000000 P95 : 0.000000 P99 : 0.000000 P100 : 0.000000 COUNT : 0 SUM : 0
rocksdb.blobdb.key.size P50 : 0.000000 P95 : 0.000000 P99 : 0.000000 P100 : 0.000000 COUNT : 0 SUM : 0
rocksdb.blobdb.value.size P50 : 0.000000 P95 : 0.000000 P99 : 0.000000 P100 : 0.000000 COUNT : 0 SUM : 0
rocksdb.blobdb.write.micros P50 : 0.000000 P95 : 0.000000 P99 : 0.000000 P100 : 0.000000 COUNT : 0 SUM : 0
rocksdb.blobdb.get.micros P50 : 0.000000 P95 : 0.000000 P99 : 0.000000 P100 : 0.000000 COUNT : 0 SUM : 0
rocksdb.blobdb.multiget.micros P50 : 0.000000 P95 : 0.000000 P99 : 0.000000 P100 : 0.000000 COUNT : 0 SUM : 0
rocksdb.blobdb.seek.micros P50 : 0.000000 P95 : 0.000000 P99 : 0.000000 P100 : 0.000000 COUNT : 0 SUM : 0
rocksdb.blobdb.next.micros P50 : 0.000000 P95 : 0.000000 P99 : 0.000000 P100 : 0.000000 COUNT : 0 SUM : 0
rocksdb.blobdb.prev.micros P50 : 0.000000 P95 : 0.000000 P99 : 0.000000 P100 : 0.000000 COUNT : 0 SUM : 0
rocksdb.blobdb.blob.file.write.micros P50 : 0.000000 P95 : 0.000000 P99 : 0.000000 P100 : 0.000000 COUNT : 0 SUM : 0
rocksdb.blobdb.blob.file.read.micros P50 : 0.000000 P95 : 0.000000 P99 : 0.000000 P100 : 0.000000 COUNT : 0 SUM : 0
rocksdb.blobdb.blob.file.sync.micros P50 : 0.000000 P95 : 0.000000 P99 : 0.000000 P100 : 0.000000 COUNT : 0 SUM : 0
rocksdb.blobdb.gc.micros P50 : 0.000000 P95 : 0.000000 P99 : 0.000000 P100 : 0.000000 COUNT : 0 SUM : 0
rocksdb.blobdb.compression.micros P50 : 0.000000 P95 : 0.000000 P99 : 0.000000 P100 : 0.000000 COUNT : 0 SUM : 0
rocksdb.blobdb.decompression.micros P50 : 0.000000 P95 : 0.000000 P99 : 0.000000 P100 : 0.000000 COUNT : 0 SUM : 0
rocksdb.db.flush.micros P50 : 208181.818182 P95 : 245818.181818 P99 : 249163.636364 P100 : 249986.000000 COUNT : 46 SUM : 9439772
rocksdb.sst.batch.size P50 : 0.000000 P95 : 0.000000 P99 : 0.000000 P100 : 0.000000 COUNT : 0 SUM : 0

