Initializing RocksDB Options from the specified file
Initializing RocksDB Options from command-line flags
Keys:       16 bytes each
Values:     256 bytes each (128 bytes after compression)
Entries:    10000000
Prefix:    0 bytes
Keys per prefix:    0
RawSize:    2594.0 MB (estimated)
FileSize:   1373.3 MB (estimated)
Write rate: 0 bytes/second
Read rate: 0 ops/second
Compression: NoCompression
Compression sampling rate: 0
Memtablerep: skip_list
Perf Level: 5
WARNING: Assertions are enabled; benchmarks unnecessarily slow
------------------------------------------------
DB path: [/home/zyh/480G/wp]
readrandom   :      30.601 micros/op 129675 ops/sec;   29.1 MB/s (8648384 of 10000000 found)
 PERF_CONTEXT:
user_key_comparison_count = 261975901, block_cache_hit_count = 0, block_read_count = 196513, block_read_byte = 765806482, block_read_time = 3422849062, block_cache_index_hit_count = 0, index_block_read_count = 0, block_cache_filter_hit_count = 0, filter_block_read_count = 0, compression_dict_block_read_count = 0, block_checksum_time = 91092299, block_decompress_time = 845142053, get_read_bytes = 2213986304, multiget_read_bytes = 0, iter_read_bytes = 0, internal_key_skipped_count = 0, internal_delete_skipped_count = 0, internal_recent_skipped_count = 0, internal_merge_count = 0, write_wal_time = 0, get_snapshot_time = 6617490306, get_from_memtable_time = 0, get_from_memtable_count = 0, get_post_process_time = 2279533759, get_from_output_files_time = 278818239720, seek_on_memtable_time = 0, seek_on_memtable_count = 0, next_on_memtable_count = 0, prev_on_memtable_count = 0, seek_child_seek_time = 0, seek_child_seek_count = 0, seek_min_heap_time = 0, seek_internal_seek_time = 0, find_next_user_entry_time = 0, write_pre_and_post_process_time = 0, write_memtable_time = 0, write_thread_wait_nanos = 0, write_scheduling_flushes_compactions_time = 0, db_mutex_lock_nanos = 230, db_condition_wait_nanos = 0, merge_operator_time_nanos = 0, write_delay_time = 0, read_index_block_nanos = 0, read_filter_block_nanos = 0, new_table_block_iter_nanos = 219061990465, new_table_iterator_nanos = 0, block_seek_nanos = 13114139029, find_table_nanos = 0, bloom_memtable_hit_count = 0, bloom_memtable_miss_count = 0, bloom_sst_hit_count = 8750876, bloom_sst_miss_count = 33698939, key_lock_wait_time = 0, key_lock_wait_count = 0, env_new_sequential_file_nanos = 0, env_new_random_access_file_nanos = 0, env_new_writable_file_nanos = 0, env_reuse_writable_file_nanos = 0, env_new_random_rw_file_nanos = 0, env_new_directory_nanos = 0, env_file_exists_nanos = 0, env_get_children_nanos = 0, env_get_children_file_attributes_nanos = 0, env_delete_file_nanos = 0, env_create_dir_nanos = 0, env_create_dir_if_missing_nanos = 0, env_delete_dir_nanos = 0, env_get_file_size_nanos = 0, env_get_file_modification_time_nanos = 0, env_rename_file_nanos = 0, env_link_file_nanos = 0, env_lock_file_nanos = 0, env_unlock_file_nanos = 0, env_new_logger_nanos = 0, get_cpu_nanos = 212080471386, iter_next_cpu_nanos = 0, iter_prev_cpu_nanos = 0, iter_seek_cpu_nanos = 0, bloom_filter_useful = 27815514@level0, 4535326@level5, 1348099@level6, 0@level7, bloom_filter_full_positive = 1182204@level0, 1687405@level5, 5881267@level6, 0@level7, bloom_filter_full_true_positive = 1094621@level0, 1675963@level5, 5877800@level6, 0@level7, block_cache_hit_count = 0@level0, 0@level5, 0@level6, 0@level7, block_cache_miss_count = 0@level0, 0@level5, 0@level6, 0@level7, 
Microseconds per read:
Count: 40000000 Average: 30.6005  StdDev: 14.88
Min: 3  Median: 28.8508  Max: 5649
Percentiles: P50: 28.85 P75: 33.65 P99: 81.01 P99.9: 109.07 P99.99: 166.76
------------------------------------------------------
(       2,       3 ]      654   0.002%   0.002% 
(       3,       4 ]   189354   0.473%   0.475% 
(       4,       6 ]  4143773  10.359%  10.834% ##
(       6,      10 ]   874088   2.185%  13.020% 
(      10,      15 ]   179123   0.448%  13.467% 
(      15,      22 ]   324660   0.812%  14.279% 
(      22,      34 ] 25027878  62.570%  76.849% #############
(      34,      51 ]  7855332  19.638%  96.487% ####
(      51,      76 ]   940821   2.352%  98.839% 
(      76,     110 ]   436300   1.091%  99.930% 
(     110,     170 ]    25386   0.063%  99.993% 
(     170,     250 ]     1242   0.003%  99.997% 
(     250,     380 ]      228   0.001%  99.997% 
(     380,     580 ]      154   0.000%  99.997% 
(     580,     870 ]      156   0.000%  99.998% 
(     870,    1300 ]      556   0.001%  99.999% 
(    1300,    1900 ]      171   0.000% 100.000% 
(    1900,    2900 ]       95   0.000% 100.000% 
(    2900,    4400 ]       21   0.000% 100.000% 
(    4400,    6600 ]        8   0.000% 100.000% 



** Compaction Stats [default] **
Level    Files   Size     Score Read(GB)  Rn(GB) Rnp1(GB) Write(GB) Wnew(GB) Moved(GB) W-Amp Rd(MB/s) Wr(MB/s) Comp(sec) CompMergeCPU(sec) Comp(cnt) Avg(sec) KeyIn KeyDrop
----------------------------------------------------------------------------------------------------------------------------------------------------------------------------
  L0      3/0   307.57 MB   0.8      0.0     0.0      0.0       0.0      0.0       0.0   0.0      0.0      0.0      0.00              0.00         0    0.000       0      0
  L5     65/0   509.26 MB   1.0      0.0     0.0      0.0       0.0      0.0       0.0   0.0      0.0      0.0      0.00              0.00         0    0.000       0      0
  L6    311/0    2.12 GB   0.0      0.0     0.0      0.0       0.0      0.0       0.0   0.0      0.0      0.0      0.00              0.00         0    0.000       0      0
 Sum    379/0    2.92 GB   0.0      0.0     0.0      0.0       0.0      0.0       0.0   0.0      0.0      0.0      0.00              0.00         0    0.000       0      0
 Int      0/0    0.00 KB   0.0      0.0     0.0      0.0       0.0      0.0       0.0   0.0      0.0      0.0      0.00              0.00         0    0.000       0      0

** Compaction Stats [default] **
Priority    Files   Size     Score Read(GB)  Rn(GB) Rnp1(GB) Write(GB) Wnew(GB) Moved(GB) W-Amp Rd(MB/s) Wr(MB/s) Comp(sec) CompMergeCPU(sec) Comp(cnt) Avg(sec) KeyIn KeyDrop
-------------------------------------------------------------------------------------------------------------------------------------------------------------------------------
Uptime(secs): 308.6 total, 308.5 interval
Flush(GB): cumulative 0.000, interval 0.000
AddFile(GB): cumulative 0.000, interval 0.000
AddFile(Total Files): cumulative 0, interval 0
AddFile(L0 Files): cumulative 0, interval 0
AddFile(Keys): cumulative 0, interval 0
Cumulative compaction: 0.00 GB write, 0.00 MB/s write, 0.00 GB read, 0.00 MB/s read, 0.0 seconds
Interval compaction: 0.00 GB write, 0.00 MB/s write, 0.00 GB read, 0.00 MB/s read, 0.0 seconds
Stalls(count): 0 level0_slowdown, 0 level0_slowdown_with_compaction, 0 level0_numfiles, 0 level0_numfiles_with_compaction, 0 stop for pending_compaction_bytes, 0 slowdown for pending_compaction_bytes, 0 memtable_compaction, 0 memtable_slowdown, interval 0 total count

** File Read Latency Histogram By Level [default] **
** Level 0 read latency histogram (micros):
Count: 81226 Average: 17.0568  StdDev: 24.41
Min: 2  Median: 17.7334  Max: 3518
Percentiles: P50: 17.73 P75: 23.27 P99: 47.92 P99.9: 71.23 P99.99: 105.92
------------------------------------------------------
(       1,       2 ]        6   0.007%   0.007% 
(       2,       3 ]     2621   3.227%   3.234% #
(       3,       4 ]    19357  23.831%  27.065% #####
(       4,       6 ]     6484   7.983%  35.048% ##
(       6,      10 ]      206   0.254%  35.302% 
(      10,      15 ]      234   0.288%  35.590% 
(      15,      22 ]    29975  36.903%  72.493% #######
(      22,      34 ]    19186  23.621%  96.113% #####
(      34,      51 ]     2863   3.525%  99.638% #
(      51,      76 ]      263   0.324%  99.962% 
(      76,     110 ]       26   0.032%  99.994% 
(     170,     250 ]        1   0.001%  99.995% 
(     250,     380 ]        1   0.001%  99.996% 
(    1300,    1900 ]        2   0.002%  99.999% 
(    1900,    2900 ]        3   0.004% 100.002% 
(    2900,    4400 ]        2   0.002% 100.005% 

** Level 5 read latency histogram (micros):
Count: 134878 Average: 16.9952  StdDev: 14.50
Min: 1  Median: 17.6543  Max: 1786
Percentiles: P50: 17.65 P75: 23.02 P99: 48.31 P99.9: 81.08 P99.99: 368.02
------------------------------------------------------
[       0,       1 ]       35   0.026%   0.026% 
(       1,       2 ]       53   0.039%   0.065% 
(       2,       3 ]     4257   3.156%   3.221% #
(       3,       4 ]    32093  23.794%  27.016% #####
(       4,       6 ]    11222   8.320%  35.336% ##
(       6,      10 ]      350   0.259%  35.595% 
(      10,      15 ]      424   0.314%  35.909% 
(      15,      22 ]    50121  37.160%  73.070% #######
(      22,      34 ]    30755  22.802%  95.872% #####
(      34,      51 ]     5013   3.717%  99.589% #
(      51,      76 ]      411   0.305%  99.893% 
(      76,     110 ]       61   0.045%  99.938% 
(     110,     170 ]       24   0.018%  99.956% 
(     170,     250 ]       21   0.016%  99.972% 
(     250,     380 ]       27   0.020%  99.992% 
(     380,     580 ]       15   0.011% 100.003% 
(     580,     870 ]        2   0.001% 100.004% 
(     870,    1300 ]        3   0.002% 100.007% 
(    1300,    1900 ]        1   0.001% 100.007% 

** Level 6 read latency histogram (micros):
Count: 574959 Average: 17.1221  StdDev: 13.87
Min: 1  Median: 17.6951  Max: 1889
Percentiles: P50: 17.70 P75: 23.23 P99: 48.52 P99.9: 85.12 P99.99: 333.08
------------------------------------------------------
[       0,       1 ]      210   0.037%   0.037% 
(       1,       2 ]      317   0.055%   0.092% 
(       2,       3 ]    15048   2.617%   2.709% #
(       3,       4 ]   130908  22.768%  25.477% #####
(       4,       6 ]    55606   9.671%  35.148% ##
(       6,      10 ]     1938   0.337%  35.485% 
(      10,      15 ]     1953   0.340%  35.825% 
(      15,      22 ]   211677  36.816%  72.641% #######
(      22,      34 ]   132255  23.003%  95.644% #####
(      34,      51 ]    22591   3.929%  99.573% #
(      51,      76 ]     1811   0.315%  99.888% 
(      76,     110 ]      261   0.045%  99.933% 
(     110,     170 ]      118   0.021%  99.954% 
(     170,     250 ]      112   0.019%  99.973% 
(     250,     380 ]      151   0.026%  99.999% 
(     380,     580 ]       56   0.010% 100.009% 
(     580,     870 ]       13   0.002% 100.011% 
(     870,    1300 ]        5   0.001% 100.012% 
(    1300,    1900 ]        2   0.000% 100.013% 


** DB Stats **
Uptime(secs): 308.6 total, 308.5 interval
Cumulative writes: 0 writes, 0 keys, 0 commit groups, 0.0 writes per commit group, ingest: 0.00 GB, 0.00 MB/s
Cumulative WAL: 0 writes, 0 syncs, 0.00 writes per sync, written: 0.00 GB, 0.00 MB/s
Cumulative stall: 00:00:0.000 H:M:S, 0.0 percent
Interval writes: 0 writes, 0 keys, 0 commit groups, 0.0 writes per commit group, ingest: 0.00 MB, 0.00 MB/s
Interval WAL: 0 writes, 0 syncs, 0.00 writes per sync, written: 0.00 MB, 0.00 MB/s
Interval stall: 00:00:0.000 H:M:S, 0.0 percent


Level Files Size(MB)
--------------------
  0        3      308
  1        0        0
  2        0        0
  3        0        0
  4        0        0
  5       65      509
  6      311     2172


--- level 0 --- version# 2 ---
 2081:84677560[19696921 .. 20000000]['00000000000000003030303030303030' seq:19909982, type:1 .. '00000000009896633030303030303030' seq:19696926, type:1](40141824)
 2024:118898386[19268510 .. 19696920]['00000000000000183030303030303030' seq:19637501, type:1 .. '00000000009896573030303030303030' seq:19288292, type:1](38981632)
 1939:118932071[18840103 .. 19268509]['000000000000001D3030303030303030' seq:19255919, type:1 .. '00000000009896513030303030303030' seq:19247785, type:1](37423104)
--- level 1 --- version# 2 ---
--- level 2 --- version# 2 ---
--- level 3 --- version# 2 ---
--- level 4 --- version# 2 ---
--- level 5 --- version# 2 ---
 1872:8542488[13700739 .. 18840025]['00000000000121363030303030303030' seq:17246936, type:1 .. '0000000000035D7F3030303030303030' seq:17991706, type:1](542720)
 1873:8542439[6858195 .. 18840069]['0000000000035D9D3030303030303030' seq:18546311, type:1 .. '0000000000055C133030303030303030' seq:17475748, type:1](483328)
 1874:8542306[10277402 .. 18840008]['0000000000055C153030303030303030' seq:18794126, type:1 .. '000000000006C1463030303030303030' seq:17953127, type:1](307200)
 1875:8542401[6855911 .. 18839952]['000000000006C1483030303030303030' seq:18573185, type:1 .. '00000000000898933030303030303030' seq:16879782, type:1](428032)
 1876:8542336[6852893 .. 18839987]['00000000000898953030303030303030' seq:17012689, type:1 .. '00000000000A22A63030303030303030' seq:18807501, type:1](378880)
 1878:8542264[8570122 .. 18840098]['00000000000B38F03030303030303030' seq:16760430, type:1 .. '00000000000C71FB3030303030303030' seq:17233847, type:1](283648)
 1879:8542251[13700883 .. 18840052]['00000000000C72013030303030303030' seq:17038327, type:1 .. '00000000000D94E83030303030303030' seq:15727747, type:1](258048)
 1881:8542565[13700855 .. 18839783]['00000000000EA8A53030303030303030' seq:13849111, type:1 .. '00000000001132293030303030303030' seq:18112627, type:1](558080)
 1883:8542322[10281052 .. 18840027]['0000000000127CCC3030303030303030' seq:14741268, type:1 .. '000000000013DDF83030303030303030' seq:15773636, type:1](306176)
 1886:8542340[15413173 .. 18839998]['000000000015E9393030303030303030' seq:16149099, type:1 .. '0000000000177F3B3030303030303030' seq:17070362, type:1](351232)
 1889:8542360[15413436 .. 18839844]['0000000000198BF43030303030303030' seq:16494374, type:1 .. '00000000001B23623030303030303030' seq:17657852, type:1](406528)
 1890:8542247[10277201 .. 18840059]['00000000001B23643030303030303030' seq:15459683, type:1 .. '00000000001C47493030303030303030' seq:18338632, type:1](270336)
 1892:8542280[3442025 .. 18839852]['00000000001D37A53030303030303030' seq:14878962, type:1 .. '00000000001E78EC3030303030303030' seq:17437734, type:1](302080)
 1893:8542350[15413240 .. 18840076]['00000000001E78ED3030303030303030' seq:15620865, type:1 .. '00000000002012213030303030303030' seq:17565762, type:1](370688)
 1894:8542308[11992579 .. 18839938]['00000000002012253030303030303030' seq:18792745, type:1 .. '00000000002179F03030303030303030' seq:15033526, type:1](339968)
 1895:8542586[11990588 .. 18840080]['00000000002179F23030303030303030' seq:16988782, type:1 .. '00000000002418543030303030303030' seq:15872226, type:1](595968)
 1896:8542243[6859009 .. 18840101]['00000000002418553030303030303030' seq:15159007, type:1 .. '0000000000253CD43030303030303030' seq:15856145, type:1](301056)
 1897:8542369[15413251 .. 18840087]['0000000000253CD73030303030303030' seq:15795330, type:1 .. '000000000026D42D3030303030303030' seq:15961878, type:1](380928)
 1898:8542281[6854681 .. 18840023]['000000000026D4323030303030303030' seq:18283316, type:1 .. '00000000002821CD3030303030303030' seq:18566083, type:1](303104)
 1899:8542326[11988655 .. 18840094]['00000000002821D23030303030303030' seq:18694954, type:1 .. '000000000029A4DA3030303030303030' seq:17453635, type:1](364544)
 1902:8542510[11994671 .. 18840074]['00000000002BE7993030303030303030' seq:18042943, type:1 .. '00000000002E36883030303030303030' seq:15947752, type:1](517120)
 1903:8542348[15413476 .. 18839898]['00000000002E368F3030303030303030' seq:17610689, type:1 .. '00000000002FCF823030303030303030' seq:18026144, type:1](384000)
 1905:8542306[13700759 .. 18839977]['000000000030B6B33030303030303030' seq:17114591, type:1 .. '00000000003210BE3030303030303030' seq:15552847, type:1](338944)
 1909:8542472[6852862 .. 18840078]['00000000003593183030303030303030' seq:18526723, type:1 .. '000000000037B3203030303030303030' seq:16610335, type:1](500736)
 1911:4004257[10296850 .. 18840061]['00000000003910343030303030303030' seq:17114281, type:1 .. '00000000003A2C443030303030303030' seq:17358731, type:1](256000)
 1917:8542249[6861952 .. 18840015]['00000000003F3E3B3030303030303030' seq:16380508, type:1 .. '0000000000405C0B3030303030303030' seq:18000762, type:1](283648)
 1918:8542284[10276319 .. 18839963]['0000000000405C0F3030303030303030' seq:16753166, type:1 .. '000000000041B70F3030303030303030' seq:11982249, type:1](324608)
 1920:8542508[11989412 .. 18840038]['000000000042C91F3030303030303030' seq:16211706, type:1 .. '000000000045202C3030303030303030' seq:18812559, type:1](500736)
 1921:8542323[13700734 .. 18840073]['000000000045202F3030303030303030' seq:17744930, type:1 .. '00000000004690E63030303030303030' seq:17997785, type:1](332800)
 1922:8542442[13701273 .. 18840062]['00000000004690E83030303030303030' seq:18738966, type:1 .. '00000000004884B33030303030303030' seq:17604687, type:1](477184)
 1923:2343198[13721934 .. 18840099]['00000000004884B53030303030303030' seq:17134708, type:1 .. '00000000004944203030303030303030' seq:17782886, type:1](192512)
 1925:8542368[15413422 .. 18840082]['00000000004A683E3030303030303030' seq:18812998, type:1 .. '00000000004BFD933030303030303030' seq:17502333, type:1](402432)
 1927:8542343[8565033 .. 18839925]['00000000004D23D13030303030303030' seq:17967463, type:1 .. '00000000004EBFEB3030303030303030' seq:13711551, type:1](398336)
 1928:8542368[8575198 .. 18839767]['00000000004EBFEC3030303030303030' seq:13303296, type:1 .. '00000000005063333030303030303030' seq:14487099, type:1](389120)
 1930:8542300[11988453 .. 18840054]['000000000051542E3030303030303030' seq:18744091, type:1 .. '000000000052A9F53030303030303030' seq:14522394, type:1](305152)
 1931:8542367[11988266 .. 18840051]['000000000052A9F73030303030303030' seq:15354835, type:1 .. '000000000054580C3030303030303030' seq:18568580, type:1](388096)
 1932:8542290[10276391 .. 18840045]['000000000054580E3030303030303030' seq:18821563, type:1 .. '000000000055B9EE3030303030303030' seq:16270743, type:1](348160)
 1933:8542270[13701458 .. 18839971]['000000000055B9F23030303030303030' seq:17528359, type:1 .. '000000000056FA523030303030303030' seq:13792090, type:1](283648)
 1941:8542411[8569861 .. 18840032]['00000000005CD51B3030303030303030' seq:14737914, type:1 .. '00000000005EC6F53030303030303030' seq:15697477, type:1](483328)
 1942:8542349[15413184 .. 18840102]['00000000005EC6F73030303030303030' seq:17665954, type:1 .. '0000000000605B973030303030303030' seq:17167229, type:1](363520)
 1943:8542338[15413200 .. 18840064]['0000000000605B983030303030303030' seq:17702986, type:1 .. '000000000061F04B3030303030303030' seq:16180105, type:1](395264)
 1944:8542335[13701054 .. 18839957]['000000000061F04D3030303030303030' seq:17648136, type:1 .. '0000000000636DDC3030303030303030' seq:18269310, type:1](357376)
 1945:8542372[10276466 .. 18840079]['0000000000636DDD3030303030303030' seq:18513790, type:1 .. '00000000006513813030303030303030' seq:16103329, type:1](416768)
 1948:8542347[12031955 .. 18840085]['0000000000669B123030303030303030' seq:16129893, type:1 .. '00000000006830D83030303030303030' seq:18534787, type:1](355328)
 1951:8542387[8565030 .. 18840020]['00000000006A3D313030303030303030' seq:17361900, type:1 .. '00000000006C08363030303030303030' seq:13581085, type:1](442368)
 1952:8542320[8573555 .. 18840097]['00000000006C08393030303030303030' seq:10433182, type:1 .. '00000000006D83A33030303030303030' seq:18443935, type:1](340992)
 1953:8542394[8569000 .. 18840048]['00000000006D83A63030303030303030' seq:17320638, type:1 .. '00000000006F53483030303030303030' seq:18580564, type:1](399360)
 1954:8542354[15413247 .. 18840100]['00000000006F534F3030303030303030' seq:16644573, type:1 .. '000000000070E2C93030303030303030' seq:17964000, type:1](371712)
 1955:8542362[15413228 .. 18840046]['000000000070E2CF3030303030303030' seq:16565724, type:1 .. '0000000000727A0A3030303030303030' seq:18616611, type:1](393216)
 1958:8542339[8574464 .. 18840010]['000000000074CAF73030303030303030' seq:17721065, type:1 .. '00000000007659B43030303030303030' seq:18395333, type:1](367616)
 1961:8542541[11988571 .. 18840037]['0000000000782E7A3030303030303030' seq:15999193, type:1 .. '00000000007AB3ED3030303030303030' seq:17214969, type:1](576512)
 1962:8542636[17126509 .. 18840092]['00000000007AB3FA3030303030303030' seq:17233657, type:1 .. '00000000007DA4133030303030303030' seq:18497672, type:1](665600)
 1963:8542485[13701150 .. 18839837]['00000000007DA4163030303030303030' seq:18417863, type:1 .. '00000000007FB7123030303030303030' seq:15444693, type:1](512000)
 1964:8542303[13700822 .. 18840053]['00000000007FB7163030303030303030' seq:15830498, type:1 .. '000000000081041F3030303030303030' seq:18801004, type:1](301056)
 1965:8542332[13701175 .. 18840095]['00000000008104233030303030303030' seq:17683298, type:1 .. '000000000082859B3030303030303030' seq:13930413, type:1](340992)
 1966:5149296[13701673 .. 18840022]['000000000082859C3030303030303030' seq:14732694, type:1 .. '0000000000833D763030303030303030' seq:18443073, type:1](171008)
 1967:8542612[17126474 .. 18840066]['0000000000833D793030303030303030' seq:17624586, type:1 .. '00000000008620983030303030303030' seq:17296715, type:1](640000)
 1968:8542473[11988664 .. 18840070]['00000000008620993030303030303030' seq:17157078, type:1 .. '00000000008849C33030303030303030' seq:16524067, type:1](476160)
 1970:8542326[11988292 .. 18840090]['000000000089360C3030303030303030' seq:12958266, type:1 .. '00000000008AA7223030303030303030' seq:17758915, type:1](324608)
 1971:8542425[10278007 .. 18840041]['00000000008AA72A3030303030303030' seq:16146632, type:1 .. '00000000008CA44A3030303030303030' seq:18274125, type:1](441344)
 1972:8542278[13700875 .. 18840049]['00000000008CA44F3030303030303030' seq:18150080, type:1 .. '00000000008DEB813030303030303030' seq:18765159, type:1](296960)
 1973:8542493[11988403 .. 18840004]['00000000008DEB823030303030303030' seq:18363397, type:1 .. '0000000000901F993030303030303030' seq:15761884, type:1](496640)
 1977:8542333[15413546 .. 18840096]['0000000000936F843030303030303030' seq:17777335, type:1 .. '00000000009506073030303030303030' seq:17567056, type:1](379904)
 1979:8542452[10277135 .. 18840034]['00000000009625B23030303030303030' seq:14700317, type:1 .. '0000000000981B4A3030303030303030' seq:18012711, type:1](503808)
 1980:1413398[17126834 .. 18840093]['0000000000981B4E3030303030303030' seq:18488618, type:1 .. '000000000098967B3030303030303030' seq:18117324, type:1](102400)
--- level 6 --- version# 2 ---
 1983:8542127[0 .. 0]['00000000000000003030303030303030' seq:0, type:1 .. '0000000000008B413030303030303030' seq:0, type:1](119808)
 1984:8542120[0 .. 0]['0000000000008B423030303030303030' seq:0, type:1 .. '000000000001160C3030303030303030' seq:0, type:1](116736)
 1985:2166654[0 .. 0]['000000000001160D3030303030303030' seq:0, type:1 .. '0000000000013C6B3030303030303030' seq:0, type:1](16384)
 1734:8542139[0 .. 0]['0000000000013C6D3030303030303030' seq:0, type:1 .. '000000000001D3D63030303030303030' seq:0, type:1](84992)
 1735:8542121[0 .. 0]['000000000001D3D73030303030303030' seq:0, type:1 .. '00000000000263A73030303030303030' seq:0, type:1](120832)
 1789:8542132[0 .. 0]['00000000000263A83030303030303030' seq:0, type:1 .. '000000000002F32F3030303030303030' seq:0, type:1](133120)
 1790:8542132[0 .. 0]['000000000002F3313030303030303030' seq:0, type:1 .. '00000000000382C33030303030303030' seq:0, type:1](119808)
 1791:5215453[0 .. 0]['00000000000382C43030303030303030' seq:0, type:1 .. '000000000003DADD3030303030303030' seq:0, type:1](70656)
 1744:8542121[0 .. 0]['000000000003DADF3030303030303030' seq:0, type:1 .. '0000000000046A7F3030303030303030' seq:0, type:1](123904)
 1745:3044432[0 .. 0]['0000000000046A803030303030303030' seq:0, type:1 .. '000000000004A1FF3030303030303030' seq:0, type:1](34816)
 1038:51373[0 .. 0]['000000000004A2013030303030303030' seq:0, type:1 .. '000000000004A3853030303030303030' seq:0, type:1](0)
 1516:8542132[0 .. 0]['000000000004A3863030303030303030' seq:0, type:1 .. '0000000000053E213030303030303030' seq:0, type:1](99328)
 1517:8542130[0 .. 0]['0000000000053E223030303030303030' seq:0, type:1 .. '000000000005D4E13030303030303030' seq:0, type:1](103424)
 1518:3171994[0 .. 0]['000000000005D4E33030303030303030' seq:0, type:1 .. '000000000006196C3030303030303030' seq:0, type:1](28672)
 1822:8542127[0 .. 0]['000000000006196E3030303030303030' seq:0, type:1 .. '000000000006B0D43030303030303030' seq:0, type:1](83968)
 1823:8542113[0 .. 0]['000000000006B0D53030303030303030' seq:0, type:1 .. '00000000000740DA3030303030303030' seq:0, type:1](101376)
 1824:7365315[0 .. 0]['00000000000740DB3030303030303030' seq:0, type:1 .. '000000000007BD263030303030303030' seq:0, type:1](100352)
 1750:8542134[0 .. 0]['000000000007BD273030303030303030' seq:0, type:1 .. '00000000000860F63030303030303030' seq:0, type:1](86016)
 1751:3716862[0 .. 0]['00000000000860F73030303030303030' seq:0, type:1 .. '000000000008A5473030303030303030' seq:0, type:1](38912)
 1245:8542139[0 .. 0]['000000000008A5493030303030303030' seq:0, type:1 .. '00000000000947A93030303030303030' seq:0, type:1](89088)
 1246:110351[0 .. 0]['00000000000947AA3030303030303030' seq:0, type:1 .. '0000000000094AA93030303030303030' seq:0, type:1](0)
 1752:8542127[0 .. 0]['0000000000094AAA3030303030303030' seq:0, type:1 .. '000000000009DFC03030303030303030' seq:0, type:1](123904)
 2044:8542121[0 .. 0]['000000000009DFC13030303030303030' seq:0, type:1 .. '00000000000A6D0C3030303030303030' seq:0, type:1](121856)
 2045:8542114[0 .. 0]['00000000000A6D0E3030303030303030' seq:0, type:1 .. '00000000000AF76C3030303030303030' seq:0, type:1](109568)
 2046:6012411[0 .. 0]['00000000000AF76D3030303030303030' seq:0, type:1 .. '00000000000B5C143030303030303030' seq:0, type:1](70656)
 1511:8542137[0 .. 0]['00000000000B5C153030303030303030' seq:0, type:1 .. '00000000000BFB193030303030303030' seq:0, type:1](108544)
 1512:3847310[0 .. 0]['00000000000BFB1A3030303030303030' seq:0, type:1 .. '00000000000C421B3030303030303030' seq:0, type:1](33792)
 1341:8542140[0 .. 0]['00000000000C421C3030303030303030' seq:0, type:1 .. '00000000000CE0743030303030303030' seq:0, type:1](75776)
 1342:7666697[0 .. 0]['00000000000CE0753030303030303030' seq:0, type:1 .. '00000000000D6D2A3030303030303030' seq:0, type:1](67584)
 2015:8542109[0 .. 0]['00000000000D6D2B3030303030303030' seq:0, type:1 .. '00000000000DFC923030303030303030' seq:0, type:1](131072)
 2016:8542126[0 .. 0]['00000000000DFC943030303030303030' seq:0, type:1 .. '00000000000E87693030303030303030' seq:0, type:1](126976)
 2017:2047857[0 .. 0]['00000000000E876A3030303030303030' seq:0, type:1 .. '00000000000EA8A43030303030303030' seq:0, type:1](36864)
 1780:8542126[0 .. 0]['00000000000EA8A53030303030303030' seq:0, type:1 .. '00000000000F3DAA3030303030303030' seq:0, type:1](78848)
 1781:8542124[0 .. 0]['00000000000F3DAC3030303030303030' seq:0, type:1 .. '00000000000FCD4C3030303030303030' seq:0, type:1](110592)
 1782:3102191[0 .. 0]['00000000000FCD4E3030303030303030' seq:0, type:1 .. '00000000001001833030303030303030' seq:0, type:1](35840)
 1783:8542124[0 .. 0]['00000000001001843030303030303030' seq:0, type:1 .. '00000000001091443030303030303030' seq:0, type:1](110592)
 1784:8542125[0 .. 0]['00000000001091453030303030303030' seq:0, type:1 .. '00000000001121223030303030303030' seq:0, type:1](103424)
 2071:8542125[0 .. 0]['00000000001121233030303030303030' seq:0, type:1 .. '000000000011AC813030303030303030' seq:0, type:1](129024)
 2072:8542124[0 .. 0]['000000000011AC823030303030303030' seq:0, type:1 .. '00000000001237243030303030303030' seq:0, type:1](134144)
 2073:6823813[0 .. 0]['00000000001237253030303030303030' seq:0, type:1 .. '000000000012AC203030303030303030' seq:0, type:1](95232)
 1336:3784112[0 .. 0]['000000000012AC213030303030303030' seq:0, type:1 .. '000000000012F1DD3030303030303030' seq:0, type:1](31744)
 1558:8542132[0 .. 0]['000000000012F1DF3030303030303030' seq:0, type:1 .. '00000000001388F93030303030303030' seq:0, type:1](80896)
 2095:8542118[0 .. 0]['00000000001388FA3030303030303030' seq:0, type:1 .. '00000000001419E03030303030303030' seq:0, type:1](103424)
 2096:8542119[0 .. 0]['00000000001419E13030303030303030' seq:0, type:1 .. '000000000014A4FC3030303030303030' seq:0, type:1](122880)
 2097:8542124[0 .. 0]['000000000014A4FD3030303030303030' seq:0, type:1 .. '0000000000152FF53030303030303030' seq:0, type:1](135168)
 2098:451023[0 .. 0]['0000000000152FF63030303030303030' seq:0, type:1 .. '000000000015374E3030303030303030' seq:0, type:1](5120)
 2019:8542117[0 .. 0]['000000000015374F3030303030303030' seq:0, type:1 .. '000000000015C2263030303030303030' seq:0, type:1](109568)
 2020:4771151[0 .. 0]['000000000015C2273030303030303030' seq:0, type:1 .. '000000000016129A3030303030303030' seq:0, type:1](66560)
 1534:8542132[0 .. 0]['000000000016129B3030303030303030' seq:0, type:1 .. '000000000016A8143030303030303030' seq:0, type:1](79872)
 1535:3625926[0 .. 0]['000000000016A8153030303030303030' seq:0, type:1 .. '000000000016E73E3030303030303030' seq:0, type:1](34816)
 1514:8542132[0 .. 0]['000000000016E73F3030303030303030' seq:0, type:1 .. '0000000000177CFD3030303030303030' seq:0, type:1](100352)
 2053:8542128[0 .. 0]['0000000000177CFE3030303030303030' seq:0, type:1 .. '00000000001807F23030303030303030' seq:0, type:1](96256)
 2054:8542121[0 .. 0]['00000000001807F33030303030303030' seq:0, type:1 .. '00000000001892D73030303030303030' seq:0, type:1](149504)
 2055:6521879[0 .. 0]['00000000001892D83030303030303030' seq:0, type:1 .. '000000000018FC7A3030303030303030' seq:0, type:1](102400)
 1999:8542119[0 .. 0]['000000000018FC7B3030303030303030' seq:0, type:1 .. '00000000001986D53030303030303030' seq:0, type:1](128000)
 2000:3074447[0 .. 0]['00000000001986D63030303030303030' seq:0, type:1 .. '000000000019BCA13030303030303030' seq:0, type:1](33792)
 1545:8542127[0 .. 0]['000000000019BCA23030303030303030' seq:0, type:1 .. '00000000001A52AC3030303030303030' seq:0, type:1](105472)
 1546:5636801[0 .. 0]['00000000001A52AD3030303030303030' seq:0, type:1 .. '00000000001AB5A33030303030303030' seq:0, type:1](65536)
 1508:8542132[0 .. 0]['00000000001AB5A43030303030303030' seq:0, type:1 .. '00000000001B4AFB3030303030303030' seq:0, type:1](112640)
 1509:3057226[0 .. 0]['00000000001B4AFC3030303030303030' seq:0, type:1 .. '00000000001B828A3030303030303030' seq:0, type:1](21504)
 1320:8542135[0 .. 0]['00000000001B828C3030303030303030' seq:0, type:1 .. '00000000001C26823030303030303030' seq:0, type:1](83968)
 2013:8542118[0 .. 0]['00000000001C26833030303030303030' seq:0, type:1 .. '00000000001CB4D23030303030303030' seq:0, type:1](109568)
 2014:8070365[0 .. 0]['00000000001CB4D33030303030303030' seq:0, type:1 .. '00000000001D37A33030303030303030' seq:0, type:1](122880)
 1561:8542152[0 .. 0]['00000000001D37A43030303030303030' seq:0, type:1 .. '00000000001DDDAA3030303030303030' seq:0, type:1](83968)
 1562:8542123[0 .. 0]['00000000001DDDAD3030303030303030' seq:0, type:1 .. '00000000001E73743030303030303030' seq:0, type:1](103424)
 1604:8542135[0 .. 0]['00000000001E73753030303030303030' seq:0, type:1 .. '00000000001F094C3030303030303030' seq:0, type:1](107520)
 1605:8542121[0 .. 0]['00000000001F094D3030303030303030' seq:0, type:1 .. '00000000001F9E4C3030303030303030' seq:0, type:1](95232)
 1606:8542126[0 .. 0]['00000000001F9E4D3030303030303030' seq:0, type:1 .. '00000000002033AC3030303030303030' seq:0, type:1](96256)
 1607:1842405[0 .. 0]['00000000002033AE3030303030303030' seq:0, type:1 .. '00000000002053FD3030303030303030' seq:0, type:1](19456)
 1583:8542135[0 .. 0]['00000000002053FE3030303030303030' seq:0, type:1 .. '000000000020E8AD3030303030303030' seq:0, type:1](109568)
 1584:7094788[0 .. 0]['000000000020E8AE3030303030303030' seq:0, type:1 .. '00000000002169BA3030303030303030' seq:0, type:1](71680)
 1825:8542127[0 .. 0]['00000000002169BB3030303030303030' seq:0, type:1 .. '000000000021FCDC3030303030303030' seq:0, type:1](107520)
 1826:8542121[0 .. 0]['000000000021FCDE3030303030303030' seq:0, type:1 .. '0000000000228C8E3030303030303030' seq:0, type:1](108544)
 1854:8542133[0 .. 0]['0000000000228C8F3030303030303030' seq:0, type:1 .. '0000000000231C853030303030303030' seq:0, type:1](114688)
 1855:8542118[0 .. 0]['0000000000231C863030303030303030' seq:0, type:1 .. '000000000023AC0E3030303030303030' seq:0, type:1](105472)
 1856:8542130[0 .. 0]['000000000023AC0F3030303030303030' seq:0, type:1 .. '00000000002441973030303030303030' seq:0, type:1](84992)
 1857:806224[0 .. 0]['00000000002441993030303030303030' seq:0, type:1 .. '00000000002450B13030303030303030' seq:0, type:1](8192)
 1312:8542133[0 .. 0]['00000000002450B43030303030303030' seq:0, type:1 .. '000000000024EF743030303030303030' seq:0, type:1](104448)
 1579:8542134[0 .. 0]['000000000024EF753030303030303030' seq:0, type:1 .. '0000000000258A003030303030303030' seq:0, type:1](102400)
 1580:8542137[0 .. 0]['0000000000258A013030303030303030' seq:0, type:1 .. '00000000002620063030303030303030' seq:0, type:1](96256)
 1600:8542116[0 .. 0]['00000000002620073030303030303030' seq:0, type:1 .. '000000000026B6183030303030303030' seq:0, type:1](109568)
 1601:8542129[0 .. 0]['000000000026B6193030303030303030' seq:0, type:1 .. '0000000000274C183030303030303030' seq:0, type:1](70656)
 1602:8542131[0 .. 0]['0000000000274C1B3030303030303030' seq:0, type:1 .. '000000000027E32E3030303030303030' seq:0, type:1](112640)
 1603:184884[0 .. 0]['000000000027E3313030303030303030' seq:0, type:1 .. '000000000027E8283030303030303030' seq:0, type:1](0)
 1764:8542141[0 .. 0]['000000000027E8293030303030303030' seq:0, type:1 .. '0000000000288A793030303030303030' seq:0, type:1](104448)
 1765:8542118[0 .. 0]['0000000000288A7A3030303030303030' seq:0, type:1 .. '0000000000291F903030303030303030' seq:0, type:1](105472)
 1768:3575475[0 .. 0]['0000000000291F923030303030303030' seq:0, type:1 .. '00000000002966D13030303030303030' seq:0, type:1](27648)
 2065:8542122[0 .. 0]['00000000002966D23030303030303030' seq:0, type:1 .. '000000000029FC493030303030303030' seq:0, type:1](128000)
 2066:8542122[0 .. 0]['000000000029FC4A3030303030303030' seq:0, type:1 .. '00000000002A87763030303030303030' seq:0, type:1](96256)
 2068:8542110[0 .. 0]['00000000002A87773030303030303030' seq:0, type:1 .. '00000000002B123A3030303030303030' seq:0, type:1](128000)
 2069:8542124[0 .. 0]['00000000002B123B3030303030303030' seq:0, type:1 .. '00000000002B9CC53030303030303030' seq:0, type:1](113664)
 2070:5253164[0 .. 0]['00000000002B9CC63030303030303030' seq:0, type:1 .. '00000000002BF2373030303030303030' seq:0, type:1](83968)
 1762:8542118[0 .. 0]['00000000002BF2393030303030303030' seq:0, type:1 .. '00000000002C81483030303030303030' seq:0, type:1](100352)
 1786:8542113[0 .. 0]['00000000002C81493030303030303030' seq:0, type:1 .. '00000000002D11263030303030303030' seq:0, type:1](122880)
 1787:8542123[0 .. 0]['00000000002D11273030303030303030' seq:0, type:1 .. '00000000002DA0D83030303030303030' seq:0, type:1](87040)
 1788:5202159[0 .. 0]['00000000002DA0D93030303030303030' seq:0, type:1 .. '00000000002DFECC3030303030303030' seq:0, type:1](60416)
 1577:8542130[0 .. 0]['00000000002DFECE3030303030303030' seq:0, type:1 .. '00000000002E93BB3030303030303030' seq:0, type:1](95232)
 1578:8169572[0 .. 0]['00000000002E93BD3030303030303030' seq:0, type:1 .. '00000000002F22C13030303030303030' seq:0, type:1](105472)
 1505:8542124[0 .. 0]['00000000002F22C23030303030303030' seq:0, type:1 .. '00000000002FB8703030303030303030' seq:0, type:1](94208)
 2050:8542129[0 .. 0]['00000000002FB8713030303030303030' seq:0, type:1 .. '00000000003044723030303030303030' seq:0, type:1](123904)
 2051:8542128[0 .. 0]['00000000003044733030303030303030' seq:0, type:1 .. '000000000030D2DD3030303030303030' seq:0, type:1](129024)
 2052:6656813[0 .. 0]['000000000030D2DE3030303030303030' seq:0, type:1 .. '0000000000314DE33030303030303030' seq:0, type:1](67584)
 1564:8542135[0 .. 0]['0000000000314DE43030303030303030' seq:0, type:1 .. '000000000031E4C23030303030303030' seq:0, type:1](105472)
 2103:8542133[0 .. 0]['000000000031E4C33030303030303030' seq:0, type:1 .. '00000000003272CE3030303030303030' seq:0, type:1](107520)
 2104:8542127[0 .. 0]['00000000003272CF3030303030303030' seq:0, type:1 .. '000000000032FD613030303030303030' seq:0, type:1](137216)
 2105:8542110[0 .. 0]['000000000032FD623030303030303030' seq:0, type:1 .. '00000000003388443030303030303030' seq:0, type:1](145408)
 2106:1421764[0 .. 0]['00000000003388453030303030303030' seq:0, type:1 .. '0000000000339F3D3030303030303030' seq:0, type:1](24576)
 1990:8542125[0 .. 0]['0000000000339F3E3030303030303030' seq:0, type:1 .. '00000000003429E93030303030303030' seq:0, type:1](142336)
 2091:8542123[0 .. 0]['00000000003429EA3030303030303030' seq:0, type:1 .. '000000000034B4523030303030303030' seq:0, type:1](116736)
 2092:8542114[0 .. 0]['000000000034B4533030303030303030' seq:0, type:1 .. '0000000000353F443030303030303030' seq:0, type:1](136192)
 2093:8542122[0 .. 0]['0000000000353F453030303030303030' seq:0, type:1 .. '000000000035CBBE3030303030303030' seq:0, type:1](108544)
 2094:147731[0 .. 0]['000000000035CBBF3030303030303030' seq:0, type:1 .. '000000000035CE2D3030303030303030' seq:0, type:1](4096)
 1817:8542124[0 .. 0]['000000000035CE2E3030303030303030' seq:0, type:1 .. '0000000000365DD43030303030303030' seq:0, type:1](113664)
 1818:6692813[0 .. 0]['0000000000365DD63030303030303030' seq:0, type:1 .. '000000000036CDCA3030303030303030' seq:0, type:1](91136)
 1759:8542129[0 .. 0]['000000000036CDCB3030303030303030' seq:0, type:1 .. '0000000000375D243030303030303030' seq:0, type:1](102400)
 1760:3097451[0 .. 0]['0000000000375D253030303030303030' seq:0, type:1 .. '000000000037A6AC3030303030303030' seq:0, type:1](31744)
 1117:18748[0 .. 0]['000000000037A6AD3030303030303030' seq:0, type:1 .. '000000000037A72D3030303030303030' seq:0, type:1](1024)
 2038:8542124[0 .. 0]['000000000037A7313030303030303030' seq:0, type:1 .. '00000000003834583030303030303030' seq:0, type:1](111616)
 2039:8542111[0 .. 0]['00000000003834593030303030303030' seq:0, type:1 .. '000000000038BF923030303030303030' seq:0, type:1](120832)
 2040:5217157[0 .. 0]['000000000038BF953030303030303030' seq:0, type:1 .. '00000000003915C33030303030303030' seq:0, type:1](88064)
 1732:8542122[0 .. 0]['00000000003915CA3030303030303030' seq:0, type:1 .. '000000000039A5A43030303030303030' seq:0, type:1](108544)
 1733:7866203[0 .. 0]['000000000039A5A53030303030303030' seq:0, type:1 .. '00000000003A2C453030303030303030' seq:0, type:1](99328)
 2059:8542113[0 .. 0]['00000000003A2C463030303030303030' seq:0, type:1 .. '00000000003AB7993030303030303030' seq:0, type:1](139264)
 2060:8542120[0 .. 0]['00000000003AB79B3030303030303030' seq:0, type:1 .. '00000000003B427B3030303030303030' seq:0, type:1](129024)
 2061:6428261[0 .. 0]['00000000003B427C3030303030303030' seq:0, type:1 .. '00000000003BAA693030303030303030' seq:0, type:1](74752)
 2008:8542121[0 .. 0]['00000000003BAA6A3030303030303030' seq:0, type:1 .. '00000000003C34DC3030303030303030' seq:0, type:1](117760)
 2029:8542113[0 .. 0]['00000000003C34DD3030303030303030' seq:0, type:1 .. '00000000003CBF6F3030303030303030' seq:0, type:1](122880)
 2030:8542114[0 .. 0]['00000000003CBF703030303030303030' seq:0, type:1 .. '00000000003D4A913030303030303030' seq:0, type:1](115712)
 2031:5265076[0 .. 0]['00000000003D4A923030303030303030' seq:0, type:1 .. '00000000003D9FCD3030303030303030' seq:0, type:1](68608)
 1993:8542116[0 .. 0]['00000000003D9FCE3030303030303030' seq:0, type:1 .. '00000000003E2A393030303030303030' seq:0, type:1](128000)
 2032:8542125[0 .. 0]['00000000003E2A3A3030303030303030' seq:0, type:1 .. '00000000003EB5493030303030303030' seq:0, type:1](139264)
 2033:8542133[0 .. 0]['00000000003EB54A3030303030303030' seq:0, type:1 .. '00000000003F41073030303030303030' seq:0, type:1](120832)
 2034:4926314[0 .. 0]['00000000003F41083030303030303030' seq:0, type:1 .. '00000000003FA2013030303030303030' seq:0, type:1](41984)
 1573:8542126[0 .. 0]['00000000003FA2023030303030303030' seq:0, type:1 .. '0000000000403FE43030303030303030' seq:0, type:1](98304)
 1574:8542119[0 .. 0]['0000000000403FE53030303030303030' seq:0, type:1 .. '000000000040D6123030303030303030' seq:0, type:1](87040)
 1575:8085646[0 .. 0]['000000000040D6133030303030303030' seq:0, type:1 .. '00000000004166FB3030303030303030' seq:0, type:1](110592)
 1274:3962749[0 .. 0]['00000000004166FC3030303030303030' seq:0, type:1 .. '000000000041B19E3030303030303030' seq:0, type:1](30720)
 1986:8542123[0 .. 0]['000000000041B19F3030303030303030' seq:0, type:1 .. '0000000000423DC83030303030303030' seq:0, type:1](117760)
 1987:8542125[0 .. 0]['0000000000423DC93030303030303030' seq:0, type:1 .. '000000000042C8F23030303030303030' seq:0, type:1](150528)
 1988:2627060[0 .. 0]['000000000042C8F33030303030303030' seq:0, type:1 .. '000000000042F6BA3030303030303030' seq:0, type:1](23552)
 1813:8542129[0 .. 0]['000000000042F6BC3030303030303030' seq:0, type:1 .. '0000000000438CDB3030303030303030' seq:0, type:1](97280)
 1814:8542117[0 .. 0]['0000000000438CDC3030303030303030' seq:0, type:1 .. '0000000000441CB03030303030303030' seq:0, type:1](88064)
 1840:8542120[0 .. 0]['0000000000441CB13030303030303030' seq:0, type:1 .. '000000000044AC493030303030303030' seq:0, type:1](110592)
 1841:8542122[0 .. 0]['000000000044AC4A3030303030303030' seq:0, type:1 .. '0000000000453BD73030303030303030' seq:0, type:1](111616)
 1842:8542132[0 .. 0]['0000000000453BD83030303030303030' seq:0, type:1 .. '000000000045CF383030303030303030' seq:0, type:1](102400)
 1845:481984[0 .. 0]['000000000045CF3A3030303030303030' seq:0, type:1 .. '000000000045D7F33030303030303030' seq:0, type:1](4096)
 1314:8542135[0 .. 0]['000000000045D7F43030303030303030' seq:0, type:1 .. '00000000004675693030303030303030' seq:0, type:1](84992)
 1315:8542127[0 .. 0]['000000000046756A3030303030303030' seq:0, type:1 .. '00000000004713153030303030303030' seq:0, type:1](80896)
 1828:8542130[0 .. 0]['00000000004713173030303030303030' seq:0, type:1 .. '000000000047A5313030303030303030' seq:0, type:1](122880)
 1829:8542134[0 .. 0]['000000000047A5323030303030303030' seq:0, type:1 .. '00000000004834BD3030303030303030' seq:0, type:1](122880)
 1830:7527157[0 .. 0]['00000000004834BE3030303030303030' seq:0, type:1 .. '000000000048B33D3030303030303030' seq:0, type:1](79872)
 1756:8542128[0 .. 0]['000000000048B33F3030303030303030' seq:0, type:1 .. '00000000004944203030303030303030' seq:0, type:1](131072)
 2035:8542118[0 .. 0]['00000000004944233030303030303030' seq:0, type:1 .. '000000000049CE703030303030303030' seq:0, type:1](141312)
 2036:8542111[0 .. 0]['000000000049CE713030303030303030' seq:0, type:1 .. '00000000004A58DF3030303030303030' seq:0, type:1](133120)
 2037:5091316[0 .. 0]['00000000004A58E13030303030303030' seq:0, type:1 .. '00000000004AB01D3030303030303030' seq:0, type:1](60416)
 1616:8542128[0 .. 0]['00000000004AB01E3030303030303030' seq:0, type:1 .. '00000000004B45D03030303030303030' seq:0, type:1](100352)
 1619:8542131[0 .. 0]['00000000004B45D13030303030303030' seq:0, type:1 .. '00000000004BDCAA3030303030303030' seq:0, type:1](114688)
 1620:1426926[0 .. 0]['00000000004BDCAB3030303030303030' seq:0, type:1 .. '00000000004BF5F73030303030303030' seq:0, type:1](15360)
 2041:8542117[0 .. 0]['00000000004BF5F83030303030303030' seq:0, type:1 .. '00000000004C81543030303030303030' seq:0, type:1](132096)
 2042:8542123[0 .. 0]['00000000004C81553030303030303030' seq:0, type:1 .. '00000000004D0BD43030303030303030' seq:0, type:1](132096)
 2043:5523969[0 .. 0]['00000000004D0BD53030303030303030' seq:0, type:1 .. '00000000004D67BB3030303030303030' seq:0, type:1](78848)
 1776:7953214[0 .. 0]['00000000004D67BC3030303030303030' seq:0, type:1 .. '00000000004DED8E3030303030303030' seq:0, type:1](103424)
 1482:8284460[0 .. 0]['00000000004DED8F3030303030303030' seq:0, type:1 .. '00000000004E80853030303030303030' seq:0, type:1](92160)
 1016:8542148[0 .. 0]['00000000004E80893030303030303030' seq:0, type:1 .. '00000000004F35683030303030303030' seq:0, type:1](92160)
 1795:8542135[0 .. 0]['00000000004F35693030303030303030' seq:0, type:1 .. '00000000004FC8043030303030303030' seq:0, type:1](98304)
 1796:8542130[0 .. 0]['00000000004FC8053030303030303030' seq:0, type:1 .. '00000000005057CC3030303030303030' seq:0, type:1](120832)
 1981:8542122[0 .. 0]['00000000005057CD3030303030303030' seq:0, type:1 .. '000000000050E5573030303030303030' seq:0, type:1](129024)
 1982:8519402[0 .. 0]['000000000050E5583030303030303030' seq:0, type:1 .. '00000000005172123030303030303030' seq:0, type:1](109568)
 1548:8542137[0 .. 0]['00000000005172133030303030303030' seq:0, type:1 .. '00000000005208023030303030303030' seq:0, type:1](105472)
 1549:6039050[0 .. 0]['00000000005208033030303030303030' seq:0, type:1 .. '00000000005276253030303030303030' seq:0, type:1](66560)
 1046:8542144[0 .. 0]['00000000005276273030303030303030' seq:0, type:1 .. '0000000000531DF63030303030303030' seq:0, type:1](67584)
 1810:8542128[0 .. 0]['0000000000531DF83030303030303030' seq:0, type:1 .. '000000000053B1ED3030303030303030' seq:0, type:1](103424)
 1811:8542119[0 .. 0]['000000000053B1EE3030303030303030' seq:0, type:1 .. '00000000005441C03030303030303030' seq:0, type:1](117760)
 1812:6073391[0 .. 0]['00000000005441C13030303030303030' seq:0, type:1 .. '000000000054A8463030303030303030' seq:0, type:1](98304)
 1283:3658992[0 .. 0]['000000000054A8473030303030303030' seq:0, type:1 .. '000000000054F6733030303030303030' seq:0, type:1](31744)
 1498:8542138[0 .. 0]['000000000054F6753030303030303030' seq:0, type:1 .. '0000000000558D993030303030303030' seq:0, type:1](99328)
 1499:8542127[0 .. 0]['0000000000558D9A3030303030303030' seq:0, type:1 .. '00000000005623023030303030303030' seq:0, type:1](77824)
 1500:2557583[0 .. 0]['00000000005623033030303030303030' seq:0, type:1 .. '00000000005652073030303030303030' seq:0, type:1](26624)
 1254:8542138[0 .. 0]['00000000005652083030303030303030' seq:0, type:1 .. '000000000056F0233030303030303030' seq:0, type:1](92160)
 2010:8542129[0 .. 0]['000000000056F0243030303030303030' seq:0, type:1 .. '0000000000577C373030303030303030' seq:0, type:1](124928)
 2011:8542124[0 .. 0]['0000000000577C383030303030303030' seq:0, type:1 .. '00000000005807103030303030303030' seq:0, type:1](119808)
 2021:8542126[0 .. 0]['00000000005807113030303030303030' seq:0, type:1 .. '00000000005891F73030303030303030' seq:0, type:1](123904)
 2022:8542116[0 .. 0]['00000000005891F83030303030303030' seq:0, type:1 .. '0000000000591C6A3030303030303030' seq:0, type:1](115712)
 2077:8542121[0 .. 0]['0000000000591C6B3030303030303030' seq:0, type:1 .. '000000000059A7423030303030303030' seq:0, type:1](133120)
 2078:8542125[0 .. 0]['000000000059A7443030303030303030' seq:0, type:1 .. '00000000005A317F3030303030303030' seq:0, type:1](121856)
 2086:8542115[0 .. 0]['00000000005A31803030303030303030' seq:0, type:1 .. '00000000005ABCFE3030303030303030' seq:0, type:1](114688)
 2087:8542122[0 .. 0]['00000000005ABD003030303030303030' seq:0, type:1 .. '00000000005B481C3030303030303030' seq:0, type:1](138240)
 2099:8542124[0 .. 0]['00000000005B481D3030303030303030' seq:0, type:1 .. '00000000005BD2F43030303030303030' seq:0, type:1](128000)
 2100:8542130[0 .. 0]['00000000005BD2F53030303030303030' seq:0, type:1 .. '00000000005C5D673030303030303030' seq:0, type:1](126976)
 2101:8542125[0 .. 0]['00000000005C5D683030303030303030' seq:0, type:1 .. '00000000005CEA893030303030303030' seq:0, type:1](120832)
 2102:230244[0 .. 0]['00000000005CEA8A3030303030303030' seq:0, type:1 .. '00000000005CEEDF3030303030303030' seq:0, type:1](1024)
 1792:8542122[0 .. 0]['00000000005CEEE13030303030303030' seq:0, type:1 .. '00000000005D7F0C3030303030303030' seq:0, type:1](121856)
 1793:8542114[0 .. 0]['00000000005D7F0D3030303030303030' seq:0, type:1 .. '00000000005E0EAB3030303030303030' seq:0, type:1](120832)
 1794:5216328[0 .. 0]['00000000005E0EAC3030303030303030' seq:0, type:1 .. '00000000005E6B453030303030303030' seq:0, type:1](64512)
 1000:93687[0 .. 0]['00000000005E6B473030303030303030' seq:0, type:1 .. '00000000005E6D603030303030303030' seq:0, type:1](2048)
 1527:8542133[0 .. 0]['00000000005E6D613030303030303030' seq:0, type:1 .. '00000000005F095E3030303030303030' seq:0, type:1](108544)
 1528:8542131[0 .. 0]['00000000005F095F3030303030303030' seq:0, type:1 .. '00000000005F9ECA3030303030303030' seq:0, type:1](87040)
 1608:8542121[0 .. 0]['00000000005F9ECB3030303030303030' seq:0, type:1 .. '00000000006034613030303030303030' seq:0, type:1](94208)
 1609:8542122[0 .. 0]['00000000006034633030303030303030' seq:0, type:1 .. '000000000060CA4D3030303030303030' seq:0, type:1](99328)
 1610:8542114[0 .. 0]['000000000060CA4E3030303030303030' seq:0, type:1 .. '0000000000615F453030303030303030' seq:0, type:1](100352)
 1612:8542136[0 .. 0]['0000000000615F483030303030303030' seq:0, type:1 .. '000000000061F5293030303030303030' seq:0, type:1](112640)
 1613:8542123[0 .. 0]['000000000061F52A3030303030303030' seq:0, type:1 .. '0000000000628B353030303030303030' seq:0, type:1](86016)
 1614:5205808[0 .. 0]['0000000000628B363030303030303030' seq:0, type:1 .. '000000000062E6223030303030303030' seq:0, type:1](59392)
 1834:8542146[0 .. 0]['000000000062E6243030303030303030' seq:0, type:1 .. '0000000000637F6B3030303030303030' seq:0, type:1](108544)
 1835:8542124[0 .. 0]['0000000000637F6C3030303030303030' seq:0, type:1 .. '0000000000640EAF3030303030303030' seq:0, type:1](115712)
 1836:8239856[0 .. 0]['0000000000640EB03030303030303030' seq:0, type:1 .. '00000000006499A53030303030303030' seq:0, type:1](115712)
 2004:8542146[0 .. 0]['00000000006499A63030303030303030' seq:0, type:1 .. '00000000006542543030303030303030' seq:0, type:1](101376)
 2005:8542124[0 .. 0]['00000000006542553030303030303030' seq:0, type:1 .. '000000000065CCAE3030303030303030' seq:0, type:1](140288)
 2089:8542116[0 .. 0]['000000000065CCAF3030303030303030' seq:0, type:1 .. '000000000066573E3030303030303030' seq:0, type:1](135168)
 2090:4168843[0 .. 0]['000000000066573F3030303030303030' seq:0, type:1 .. '0000000000669B003030303030303030' seq:0, type:1](55296)
 1586:8542130[0 .. 0]['0000000000669B013030303030303030' seq:0, type:1 .. '000000000067306A3030303030303030' seq:0, type:1](92160)
 1587:8542141[0 .. 0]['000000000067306B3030303030303030' seq:0, type:1 .. '000000000067C5DF3030303030303030' seq:0, type:1](95232)
 1588:536030[0 .. 0]['000000000067C5E03030303030303030' seq:0, type:1 .. '000000000067CF3D3030303030303030' seq:0, type:1](4096)
 2062:8542127[0 .. 0]['000000000067CF3E3030303030303030' seq:0, type:1 .. '000000000068619F3030303030303030' seq:0, type:1](109568)
 2063:8542121[0 .. 0]['00000000006861A03030303030303030' seq:0, type:1 .. '000000000068EC903030303030303030' seq:0, type:1](132096)
 2111:8542122[0 .. 0]['000000000068EC913030303030303030' seq:0, type:1 .. '00000000006977413030303030303030' seq:0, type:1](134144)
 2112:8542113[0 .. 0]['00000000006977433030303030303030' seq:0, type:1 .. '00000000006A01F53030303030303030' seq:0, type:1](113664)
 2113:8542127[0 .. 0]['00000000006A01F63030303030303030' seq:0, type:1 .. '00000000006A92CB3030303030303030' seq:0, type:1](112640)
 2114:1379580[0 .. 0]['00000000006A92CC3030303030303030' seq:0, type:1 .. '00000000006AAC5A3030303030303030' seq:0, type:1](13312)
 1737:8542122[0 .. 0]['00000000006AAC5B3030303030303030' seq:0, type:1 .. '00000000006B3DA33030303030303030' seq:0, type:1](114688)
 1738:8542130[0 .. 0]['00000000006B3DA43030303030303030' seq:0, type:1 .. '00000000006BCD2A3030303030303030' seq:0, type:1](115712)
 1739:608345[0 .. 0]['00000000006BCD2B3030303030303030' seq:0, type:1 .. '00000000006BD7773030303030303030' seq:0, type:1](10240)
 1593:8542148[0 .. 0]['00000000006BD7793030303030303030' seq:0, type:1 .. '00000000006C807E3030303030303030' seq:0, type:1](83968)
 1594:8542145[0 .. 0]['00000000006C807F3030303030303030' seq:0, type:1 .. '00000000006D162F3030303030303030' seq:0, type:1](100352)
 1595:8172475[0 .. 0]['00000000006D16303030303030303030' seq:0, type:1 .. '00000000006DA5DB3030303030303030' seq:0, type:1](82944)
 1769:8542126[0 .. 0]['00000000006DA5DC3030303030303030' seq:0, type:1 .. '00000000006E3AAD3030303030303030' seq:0, type:1](102400)
 1770:8542131[0 .. 0]['00000000006E3AAE3030303030303030' seq:0, type:1 .. '00000000006ED10F3030303030303030' seq:0, type:1](97280)
 1771:3437031[0 .. 0]['00000000006ED1103030303030303030' seq:0, type:1 .. '00000000006F0CF43030303030303030' seq:0, type:1](34816)
 1502:8542130[0 .. 0]['00000000006F0CF63030303030303030' seq:0, type:1 .. '00000000006FA2F43030303030303030' seq:0, type:1](95232)
 1553:8542126[0 .. 0]['00000000006FA2F53030303030303030' seq:0, type:1 .. '00000000007039013030303030303030' seq:0, type:1](110592)
 1554:8542131[0 .. 0]['00000000007039023030303030303030' seq:0, type:1 .. '000000000070CE7E3030303030303030' seq:0, type:1](86016)
 1555:7001849[0 .. 0]['000000000070CE803030303030303030' seq:0, type:1 .. '00000000007148D83030303030303030' seq:0, type:1](83968)
 1496:8542144[0 .. 0]['00000000007148D93030303030303030' seq:0, type:1 .. '000000000071DED63030303030303030' seq:0, type:1](106496)
 1550:8542125[0 .. 0]['000000000071DED83030303030303030' seq:0, type:1 .. '00000000007274993030303030303030' seq:0, type:1](108544)
 2107:8542125[0 .. 0]['000000000072749A3030303030303030' seq:0, type:1 .. '000000000072FFA13030303030303030' seq:0, type:1](136192)
 2108:8542122[0 .. 0]['000000000072FFA23030303030303030' seq:0, type:1 .. '0000000000738A243030303030303030' seq:0, type:1](139264)
 2109:8542109[0 .. 0]['0000000000738A253030303030303030' seq:0, type:1 .. '00000000007414BD3030303030303030' seq:0, type:1](128000)
 2110:689978[0 .. 0]['00000000007414BF3030303030303030' seq:0, type:1 .. '0000000000741FD13030303030303030' seq:0, type:1](16384)
 2027:8542109[0 .. 0]['0000000000741FD23030303030303030' seq:0, type:1 .. '000000000074AA7F3030303030303030' seq:0, type:1](138240)
 2028:1999955[0 .. 0]['000000000074AA803030303030303030' seq:0, type:1 .. '000000000074CAF43030303030303030' seq:0, type:1](31744)
 1493:8542136[0 .. 0]['000000000074CAF53030303030303030' seq:0, type:1 .. '00000000007561033030303030303030' seq:0, type:1](90112)
 1541:8542117[0 .. 0]['00000000007561043030303030303030' seq:0, type:1 .. '000000000075F6343030303030303030' seq:0, type:1](101376)
 2074:8542126[0 .. 0]['000000000075F6353030303030303030' seq:0, type:1 .. '00000000007689B63030303030303030' seq:0, type:1](101376)
 2075:8542122[0 .. 0]['00000000007689B73030303030303030' seq:0, type:1 .. '00000000007714F23030303030303030' seq:0, type:1](107520)
 2076:7734363[0 .. 0]['00000000007714F33030303030303030' seq:0, type:1 .. '00000000007792AF3030303030303030' seq:0, type:1](118784)
 2002:8542120[0 .. 0]['00000000007792B03030303030303030' seq:0, type:1 .. '0000000000781D073030303030303030' seq:0, type:1](145408)
 2003:2575214[0 .. 0]['0000000000781D083030303030303030' seq:0, type:1 .. '0000000000784BEB3030303030303030' seq:0, type:1](16384)
 1798:8542137[0 .. 0]['0000000000784BED3030303030303030' seq:0, type:1 .. '000000000078DE303030303030303030' seq:0, type:1](119808)
 1799:8542134[0 .. 0]['000000000078DE323030303030303030' seq:0, type:1 .. '0000000000796D593030303030303030' seq:0, type:1](103424)
 1837:8542128[0 .. 0]['0000000000796D5A3030303030303030' seq:0, type:1 .. '000000000079FD123030303030303030' seq:0, type:1](106496)
 1838:8542122[0 .. 0]['000000000079FD133030303030303030' seq:0, type:1 .. '00000000007A8C7A3030303030303030' seq:0, type:1](100352)
 1839:6479960[0 .. 0]['00000000007A8C7C3030303030303030' seq:0, type:1 .. '00000000007AFA183030303030303030' seq:0, type:1](89088)
 1740:8542116[0 .. 0]['00000000007AFA193030303030303030' seq:0, type:1 .. '00000000007B89B43030303030303030' seq:0, type:1](106496)
 1804:8542121[0 .. 0]['00000000007B89B53030303030303030' seq:0, type:1 .. '00000000007C19BB3030303030303030' seq:0, type:1](108544)
 1805:8542134[0 .. 0]['00000000007C19BE3030303030303030' seq:0, type:1 .. '00000000007CA9893030303030303030' seq:0, type:1](116736)
 1806:6021210[0 .. 0]['00000000007CA98A3030303030303030' seq:0, type:1 .. '00000000007D0EA13030303030303030' seq:0, type:1](77824)
 1802:8542123[0 .. 0]['00000000007D0EA23030303030303030' seq:0, type:1 .. '00000000007D9DBA3030303030303030' seq:0, type:1](100352)
 1846:8542122[0 .. 0]['00000000007D9DBB3030303030303030' seq:0, type:1 .. '00000000007E2C753030303030303030' seq:0, type:1](119808)
 1847:8542123[0 .. 0]['00000000007E2C763030303030303030' seq:0, type:1 .. '00000000007EBBB13030303030303030' seq:0, type:1](129024)
 1848:8542130[0 .. 0]['00000000007EBBB23030303030303030' seq:0, type:1 .. '00000000007F4E203030303030303030' seq:0, type:1](110592)
 1849:759473[0 .. 0]['00000000007F4E213030303030303030' seq:0, type:1 .. '00000000007F5BDD3030303030303030' seq:0, type:1](5120)
 1343:8542130[0 .. 0]['00000000007F5BDE3030303030303030' seq:0, type:1 .. '00000000007FF9533030303030303030' seq:0, type:1](74752)
 1344:8542139[0 .. 0]['00000000007FF9543030303030303030' seq:0, type:1 .. '00000000008097593030303030303030' seq:0, type:1](75776)
 1772:8542122[0 .. 0]['000000000080975A3030303030303030' seq:0, type:1 .. '0000000000812A6F3030303030303030' seq:0, type:1](101376)
 1773:8542124[0 .. 0]['0000000000812A703030303030303030' seq:0, type:1 .. '000000000081BCEB3030303030303030' seq:0, type:1](115712)
 1774:3818123[0 .. 0]['000000000081BCEC3030303030303030' seq:0, type:1 .. '00000000008203943030303030303030' seq:0, type:1](39936)
 1306:8542142[0 .. 0]['00000000008203953030303030303030' seq:0, type:1 .. '000000000082A10C3030303030303030' seq:0, type:1](78848)
 1858:8542141[0 .. 0]['000000000082A10D3030303030303030' seq:0, type:1 .. '0000000000833D763030303030303030' seq:0, type:1](87040)
 1859:8542125[0 .. 0]['0000000000833D773030303030303030' seq:0, type:1 .. '000000000083CCE33030303030303030' seq:0, type:1](106496)
 1860:8542131[0 .. 0]['000000000083CCE43030303030303030' seq:0, type:1 .. '0000000000845CA63030303030303030' seq:0, type:1](104448)
 1862:8542118[0 .. 0]['0000000000845CA73030303030303030' seq:0, type:1 .. '000000000084EC5D3030303030303030' seq:0, type:1](100352)
 1863:8542130[0 .. 0]['000000000084EC5E3030303030303030' seq:0, type:1 .. '0000000000857BC83030303030303030' seq:0, type:1](107520)
 1865:8542122[0 .. 0]['0000000000857BC93030303030303030' seq:0, type:1 .. '0000000000860A593030303030303030' seq:0, type:1](108544)
 1866:8542124[0 .. 0]['0000000000860A5A3030303030303030' seq:0, type:1 .. '0000000000869A853030303030303030' seq:0, type:1](118784)
 1867:8542121[0 .. 0]['0000000000869A863030303030303030' seq:0, type:1 .. '0000000000872A093030303030303030' seq:0, type:1](103424)
 1868:918733[0 .. 0]['0000000000872A0A3030303030303030' seq:0, type:1 .. '00000000008739563030303030303030' seq:0, type:1](9216)
 1820:8542117[0 .. 0]['00000000008739573030303030303030' seq:0, type:1 .. '000000000087C8FE3030303030303030' seq:0, type:1](101376)
 2118:8542132[0 .. 0]['000000000087C8FF3030303030303030' seq:0, type:1 .. '00000000008865403030303030303030' seq:0, type:1](89088)
 2119:8542116[0 .. 0]['00000000008865413030303030303030' seq:0, type:1 .. '000000000088EFE23030303030303030' seq:0, type:1](125952)
 2120:8542132[0 .. 0]['000000000088EFE43030303030303030' seq:0, type:1 .. '00000000008986063030303030303030' seq:0, type:1](110592)
 2121:1482529[0 .. 0]['00000000008986073030303030303030' seq:0, type:1 .. '000000000089A0143030303030303030' seq:0, type:1](12288)
 1590:8542141[0 .. 0]['000000000089A0153030303030303030' seq:0, type:1 .. '00000000008A36263030303030303030' seq:0, type:1](98304)
 1591:8542132[0 .. 0]['00000000008A36273030303030303030' seq:0, type:1 .. '00000000008ACC1D3030303030303030' seq:0, type:1](99328)
 1807:8542112[0 .. 0]['00000000008ACC1E3030303030303030' seq:0, type:1 .. '00000000008B5B9F3030303030303030' seq:0, type:1](95232)
 1808:8542134[0 .. 0]['00000000008B5BA13030303030303030' seq:0, type:1 .. '00000000008BEB4C3030303030303030' seq:0, type:1](111616)
 1809:6254513[0 .. 0]['00000000008BEB4D3030303030303030' seq:0, type:1 .. '00000000008C59F93030303030303030' seq:0, type:1](76800)
 1262:8542130[0 .. 0]['00000000008C59FC3030303030303030' seq:0, type:1 .. '00000000008CF9A03030303030303030' seq:0, type:1](79872)
 1337:8542137[0 .. 0]['00000000008CF9A13030303030303030' seq:0, type:1 .. '00000000008D97AB3030303030303030' seq:0, type:1](99328)
 1850:8542137[0 .. 0]['00000000008D97AE3030303030303030' seq:0, type:1 .. '00000000008E29B83030303030303030' seq:0, type:1](94208)
 1851:8542126[0 .. 0]['00000000008E29B93030303030303030' seq:0, type:1 .. '00000000008EB96B3030303030303030' seq:0, type:1](104448)
 1852:8542113[0 .. 0]['00000000008EB96D3030303030303030' seq:0, type:1 .. '00000000008F490C3030303030303030' seq:0, type:1](119808)
 1853:801612[0 .. 0]['00000000008F490D3030303030303030' seq:0, type:1 .. '00000000008F56733030303030303030' seq:0, type:1](5120)
 1747:8542122[0 .. 0]['00000000008F56743030303030303030' seq:0, type:1 .. '00000000008FEA053030303030303030' seq:0, type:1](105472)
 2115:8542137[0 .. 0]['00000000008FEA063030303030303030' seq:0, type:1 .. '0000000000907E393030303030303030' seq:0, type:1](101376)
 2116:8542123[0 .. 0]['0000000000907E3A3030303030303030' seq:0, type:1 .. '00000000009108E73030303030303030' seq:0, type:1](146432)
 2117:5678388[0 .. 0]['00000000009108E83030303030303030' seq:0, type:1 .. '000000000091652A3030303030303030' seq:0, type:1](78848)
 2047:8542115[0 .. 0]['000000000091652B3030303030303030' seq:0, type:1 .. '000000000091F07D3030303030303030' seq:0, type:1](108544)
 2048:8542114[0 .. 0]['000000000091F07E3030303030303030' seq:0, type:1 .. '0000000000927B153030303030303030' seq:0, type:1](133120)
 2049:6202114[0 .. 0]['0000000000927B163030303030303030' seq:0, type:1 .. '000000000092DFC93030303030303030' seq:0, type:1](84992)
 1996:8542116[0 .. 0]['000000000092DFCA3030303030303030' seq:0, type:1 .. '0000000000936A7D3030303030303030' seq:0, type:1](102400)
 1997:2621198[0 .. 0]['0000000000936A7E3030303030303030' seq:0, type:1 .. '00000000009398233030303030303030' seq:0, type:1](31744)
 1487:8542128[0 .. 0]['00000000009398243030303030303030' seq:0, type:1 .. '0000000000942DF13030303030303030' seq:0, type:1](114688)
 1536:8542128[0 .. 0]['0000000000942DF23030303030303030' seq:0, type:1 .. '000000000094C3A93030303030303030' seq:0, type:1](93184)
 2056:8542125[0 .. 0]['000000000094C3AA3030303030303030' seq:0, type:1 .. '000000000095533B3030303030303030' seq:0, type:1](94208)
 2057:8542125[0 .. 0]['000000000095533C3030303030303030' seq:0, type:1 .. '000000000095DE3B3030303030303030' seq:0, type:1](137216)
 2058:6242330[0 .. 0]['000000000095DE3C3030303030303030' seq:0, type:1 .. '00000000009647C53030303030303030' seq:0, type:1](91136)
 1831:8542145[0 .. 0]['00000000009647C63030303030303030' seq:0, type:1 .. '000000000096E64D3030303030303030' seq:0, type:1](110592)
 1832:8542119[0 .. 0]['000000000096E64E3030303030303030' seq:0, type:1 .. '00000000009776623030303030303030' seq:0, type:1](118784)
 1833:7739263[0 .. 0]['00000000009776643030303030303030' seq:0, type:1 .. '000000000097F8F53030303030303030' seq:0, type:1](107520)
 1778:8542128[0 .. 0]['000000000097F8F63030303030303030' seq:0, type:1 .. '00000000009889493030303030303030' seq:0, type:1](97280)
 1779:796853[0 .. 0]['000000000098894B3030303030303030' seq:0, type:1 .. '000000000098967F3030303030303030' seq:0, type:1](11264)

STATISTICS:
rocksdb.block.cache.miss COUNT : 0
rocksdb.block.cache.hit COUNT : 0
rocksdb.block.cache.add COUNT : 0
rocksdb.block.cache.add.failures COUNT : 0
rocksdb.block.cache.index.miss COUNT : 0
rocksdb.block.cache.index.hit COUNT : 0
rocksdb.block.cache.index.add COUNT : 0
rocksdb.block.cache.index.bytes.insert COUNT : 0
rocksdb.block.cache.index.bytes.evict COUNT : 0
rocksdb.block.cache.filter.miss COUNT : 0
rocksdb.block.cache.filter.hit COUNT : 0
rocksdb.block.cache.filter.add COUNT : 0
rocksdb.block.cache.filter.bytes.insert COUNT : 0
rocksdb.block.cache.filter.bytes.evict COUNT : 0
rocksdb.block.cache.data.miss COUNT : 0
rocksdb.block.cache.data.hit COUNT : 0
rocksdb.block.cache.data.add COUNT : 0
rocksdb.block.cache.data.bytes.insert COUNT : 0
rocksdb.block.cache.bytes.read COUNT : 0
rocksdb.block.cache.bytes.write COUNT : 0
rocksdb.bloom.filter.useful COUNT : 134779452
rocksdb.bloom.filter.full.positive COUNT : 35003536
rocksdb.bloom.filter.full.true.positive COUNT : 34593501
rocksdb.bloom.filter.micros COUNT : 0
rocksdb.persistent.cache.hit COUNT : 34216404
rocksdb.persistent.cache.miss COUNT : 790872
rocksdb.sim.block.cache.hit COUNT : 0
rocksdb.sim.block.cache.miss COUNT : 0
rocksdb.memtable.hit COUNT : 0
rocksdb.memtable.miss COUNT : 40000000
rocksdb.l0.hit COUNT : 4380411
rocksdb.l1.hit COUNT : 0
rocksdb.l2andup.hit COUNT : 30213090
rocksdb.compaction.key.drop.new COUNT : 0
rocksdb.compaction.key.drop.obsolete COUNT : 0
rocksdb.compaction.key.drop.range_del COUNT : 0
rocksdb.compaction.key.drop.user COUNT : 0
rocksdb.compaction.range_del.drop.obsolete COUNT : 0
rocksdb.compaction.optimized.del.drop.obsolete COUNT : 0
rocksdb.compaction.cancelled COUNT : 0
rocksdb.number.keys.written COUNT : 0
rocksdb.number.keys.read COUNT : 40000000
rocksdb.number.keys.updated COUNT : 0
rocksdb.bytes.written COUNT : 0
rocksdb.bytes.read COUNT : 8855936256
rocksdb.number.db.seek COUNT : 0
rocksdb.number.db.next COUNT : 0
rocksdb.number.db.prev COUNT : 0
rocksdb.number.db.seek.found COUNT : 0
rocksdb.number.db.next.found COUNT : 0
rocksdb.number.db.prev.found COUNT : 0
rocksdb.db.iter.bytes.read COUNT : 0
rocksdb.no.file.closes COUNT : 0
rocksdb.no.file.opens COUNT : 379
rocksdb.no.file.errors COUNT : 0
rocksdb.l0.slowdown.micros COUNT : 0
rocksdb.memtable.compaction.micros COUNT : 0
rocksdb.l0.num.files.stall.micros COUNT : 0
rocksdb.stall.micros COUNT : 0
rocksdb.db.mutex.wait.micros COUNT : 0
rocksdb.rate.limit.delay.millis COUNT : 0
rocksdb.num.iterators COUNT : 0
rocksdb.number.multiget.get COUNT : 0
rocksdb.number.multiget.keys.read COUNT : 0
rocksdb.number.multiget.bytes.read COUNT : 0
rocksdb.number.deletes.filtered COUNT : 0
rocksdb.number.merge.failures COUNT : 0
rocksdb.bloom.filter.prefix.checked COUNT : 0
rocksdb.bloom.filter.prefix.useful COUNT : 0
rocksdb.number.reseeks.iteration COUNT : 0
rocksdb.getupdatessince.calls COUNT : 0
rocksdb.block.cachecompressed.miss COUNT : 0
rocksdb.block.cachecompressed.hit COUNT : 0
rocksdb.block.cachecompressed.add COUNT : 0
rocksdb.block.cachecompressed.add.failures COUNT : 0
rocksdb.wal.synced COUNT : 0
rocksdb.wal.bytes COUNT : 0
rocksdb.write.self COUNT : 0
rocksdb.write.other COUNT : 0
rocksdb.write.timeout COUNT : 0
rocksdb.write.wal COUNT : 0
rocksdb.compact.read.bytes COUNT : 0
rocksdb.compact.write.bytes COUNT : 0
rocksdb.flush.write.bytes COUNT : 0
rocksdb.number.direct.load.table.properties COUNT : 0
rocksdb.number.superversion_acquires COUNT : 4
rocksdb.number.superversion_releases COUNT : 0
rocksdb.number.superversion_cleanups COUNT : 0
rocksdb.number.block.compressed COUNT : 0
rocksdb.number.block.decompressed COUNT : 0
rocksdb.number.block.not_compressed COUNT : 0
rocksdb.merge.operation.time.nanos COUNT : 0
rocksdb.filter.operation.time.nanos COUNT : 0
rocksdb.row.cache.hit COUNT : 0
rocksdb.row.cache.miss COUNT : 0
rocksdb.read.amp.estimate.useful.bytes COUNT : 0
rocksdb.read.amp.total.read.bytes COUNT : 0
rocksdb.number.rate_limiter.drains COUNT : 0
rocksdb.number.iter.skip COUNT : 0
rocksdb.blobdb.num.put COUNT : 0
rocksdb.blobdb.num.write COUNT : 0
rocksdb.blobdb.num.get COUNT : 0
rocksdb.blobdb.num.multiget COUNT : 0
rocksdb.blobdb.num.seek COUNT : 0
rocksdb.blobdb.num.next COUNT : 0
rocksdb.blobdb.num.prev COUNT : 0
rocksdb.blobdb.num.keys.written COUNT : 0
rocksdb.blobdb.num.keys.read COUNT : 0
rocksdb.blobdb.bytes.written COUNT : 0
rocksdb.blobdb.bytes.read COUNT : 0
rocksdb.blobdb.write.inlined COUNT : 0
rocksdb.blobdb.write.inlined.ttl COUNT : 0
rocksdb.blobdb.write.blob COUNT : 0
rocksdb.blobdb.write.blob.ttl COUNT : 0
rocksdb.blobdb.blob.file.bytes.written COUNT : 0
rocksdb.blobdb.blob.file.bytes.read COUNT : 0
rocksdb.blobdb.blob.file.synced COUNT : 0
rocksdb.blobdb.blob.index.expired.count COUNT : 0
rocksdb.blobdb.blob.index.expired.size COUNT : 0
rocksdb.blobdb.blob.index.evicted.count COUNT : 0
rocksdb.blobdb.blob.index.evicted.size COUNT : 0
rocksdb.blobdb.gc.num.files COUNT : 0
rocksdb.blobdb.gc.num.new.files COUNT : 0
rocksdb.blobdb.gc.failures COUNT : 0
rocksdb.blobdb.gc.num.keys.overwritten COUNT : 0
rocksdb.blobdb.gc.num.keys.expired COUNT : 0
rocksdb.blobdb.gc.num.keys.relocated COUNT : 0
rocksdb.blobdb.gc.bytes.overwritten COUNT : 0
rocksdb.blobdb.gc.bytes.expired COUNT : 0
rocksdb.blobdb.gc.bytes.relocated COUNT : 0
rocksdb.blobdb.fifo.num.files.evicted COUNT : 0
rocksdb.blobdb.fifo.num.keys.evicted COUNT : 0
rocksdb.blobdb.fifo.bytes.evicted COUNT : 0
rocksdb.txn.overhead.mutex.prepare COUNT : 0
rocksdb.txn.overhead.mutex.old.commit.map COUNT : 0
rocksdb.txn.overhead.duplicate.key COUNT : 0
rocksdb.txn.overhead.mutex.snapshot COUNT : 0
rocksdb.number.multiget.keys.found COUNT : 0
rocksdb.num.iterator.created COUNT : 0
rocksdb.num.iterator.deleted COUNT : 0
rocksdb.block.cache.compression.dict.miss COUNT : 0
rocksdb.block.cache.compression.dict.hit COUNT : 0
rocksdb.block.cache.compression.dict.add COUNT : 0
rocksdb.block.cache.compression.dict.bytes.insert COUNT : 0
rocksdb.block.cache.compression.dict.bytes.evict COUNT : 0
rocksdb.db.get.micros P50 : 28.312270 P95 : 48.667667 P99 : 75.729260 P100 : 5646.000000 COUNT : 40000000 SUM : 1151363184
rocksdb.db.write.micros P50 : 0.000000 P95 : 0.000000 P99 : 0.000000 P100 : 0.000000 COUNT : 0 SUM : 0
rocksdb.compaction.times.micros P50 : 0.000000 P95 : 0.000000 P99 : 0.000000 P100 : 0.000000 COUNT : 0 SUM : 0
rocksdb.compaction.times.cpu_micros P50 : 0.000000 P95 : 0.000000 P99 : 0.000000 P100 : 0.000000 COUNT : 0 SUM : 0
rocksdb.subcompaction.setup.times.micros P50 : 0.000000 P95 : 0.000000 P99 : 0.000000 P100 : 0.000000 COUNT : 0 SUM : 0
rocksdb.table.sync.micros P50 : 0.000000 P95 : 0.000000 P99 : 0.000000 P100 : 0.000000 COUNT : 0 SUM : 0
rocksdb.compaction.outfile.sync.micros P50 : 0.000000 P95 : 0.000000 P99 : 0.000000 P100 : 0.000000 COUNT : 0 SUM : 0
rocksdb.wal.file.sync.micros P50 : 0.000000 P95 : 0.000000 P99 : 0.000000 P100 : 0.000000 COUNT : 0 SUM : 0
rocksdb.manifest.file.sync.micros P50 : 401.000000 P95 : 401.000000 P99 : 401.000000 P100 : 401.000000 COUNT : 1 SUM : 401
rocksdb.table.open.io.micros P50 : 1000.939850 P95 : 2013.888889 P99 : 2856.111111 P100 : 11693.000000 COUNT : 379 SUM : 417768
rocksdb.db.multiget.micros P50 : 0.000000 P95 : 0.000000 P99 : 0.000000 P100 : 0.000000 COUNT : 0 SUM : 0
rocksdb.read.block.compaction.micros P50 : 0.000000 P95 : 0.000000 P99 : 0.000000 P100 : 0.000000 COUNT : 0 SUM : 0
rocksdb.read.block.get.micros P50 : 21.504803 P95 : 33.965604 P99 : 63.050759 P100 : 7168.000000 COUNT : 35006897 SUM : 854785624
rocksdb.write.raw.block.micros P50 : 0.000000 P95 : 0.000000 P99 : 0.000000 P100 : 0.000000 COUNT : 0 SUM : 0
rocksdb.l0.slowdown.count P50 : 0.000000 P95 : 0.000000 P99 : 0.000000 P100 : 0.000000 COUNT : 0 SUM : 0
rocksdb.memtable.compaction.count P50 : 0.000000 P95 : 0.000000 P99 : 0.000000 P100 : 0.000000 COUNT : 0 SUM : 0
rocksdb.num.files.stall.count P50 : 0.000000 P95 : 0.000000 P99 : 0.000000 P100 : 0.000000 COUNT : 0 SUM : 0
rocksdb.hard.rate.limit.delay.count P50 : 0.000000 P95 : 0.000000 P99 : 0.000000 P100 : 0.000000 COUNT : 0 SUM : 0
rocksdb.soft.rate.limit.delay.count P50 : 0.000000 P95 : 0.000000 P99 : 0.000000 P100 : 0.000000 COUNT : 0 SUM : 0
rocksdb.numfiles.in.singlecompaction P50 : 0.000000 P95 : 0.000000 P99 : 0.000000 P100 : 0.000000 COUNT : 0 SUM : 0
rocksdb.db.seek.micros P50 : 0.000000 P95 : 0.000000 P99 : 0.000000 P100 : 0.000000 COUNT : 0 SUM : 0
rocksdb.db.write.stall P50 : 0.000000 P95 : 0.000000 P99 : 0.000000 P100 : 0.000000 COUNT : 0 SUM : 0
rocksdb.sst.read.micros P50 : 17.698187 P95 : 33.625967 P99 : 48.479993 P100 : 3518.000000 COUNT : 791630 SUM : 13533840
rocksdb.num.subcompactions.scheduled P50 : 0.000000 P95 : 0.000000 P99 : 0.000000 P100 : 0.000000 COUNT : 0 SUM : 0
rocksdb.bytes.per.read P50 : 256.000000 P95 : 256.000000 P99 : 256.000000 P100 : 256.000000 COUNT : 40000000 SUM : 8855936256
rocksdb.bytes.per.write P50 : 0.000000 P95 : 0.000000 P99 : 0.000000 P100 : 0.000000 COUNT : 0 SUM : 0
rocksdb.bytes.per.multiget P50 : 0.000000 P95 : 0.000000 P99 : 0.000000 P100 : 0.000000 COUNT : 0 SUM : 0
rocksdb.bytes.compressed P50 : 0.000000 P95 : 0.000000 P99 : 0.000000 P100 : 0.000000 COUNT : 0 SUM : 0
rocksdb.bytes.decompressed P50 : 0.000000 P95 : 0.000000 P99 : 0.000000 P100 : 0.000000 COUNT : 0 SUM : 0
rocksdb.compression.times.nanos P50 : 0.000000 P95 : 0.000000 P99 : 0.000000 P100 : 0.000000 COUNT : 0 SUM : 0
rocksdb.decompression.times.nanos P50 : 0.000000 P95 : 0.000000 P99 : 0.000000 P100 : 0.000000 COUNT : 0 SUM : 0
rocksdb.read.num.merge_operands P50 : 0.000000 P95 : 0.000000 P99 : 0.000000 P100 : 0.000000 COUNT : 0 SUM : 0
rocksdb.blobdb.key.size P50 : 0.000000 P95 : 0.000000 P99 : 0.000000 P100 : 0.000000 COUNT : 0 SUM : 0
rocksdb.blobdb.value.size P50 : 0.000000 P95 : 0.000000 P99 : 0.000000 P100 : 0.000000 COUNT : 0 SUM : 0
rocksdb.blobdb.write.micros P50 : 0.000000 P95 : 0.000000 P99 : 0.000000 P100 : 0.000000 COUNT : 0 SUM : 0
rocksdb.blobdb.get.micros P50 : 0.000000 P95 : 0.000000 P99 : 0.000000 P100 : 0.000000 COUNT : 0 SUM : 0
rocksdb.blobdb.multiget.micros P50 : 0.000000 P95 : 0.000000 P99 : 0.000000 P100 : 0.000000 COUNT : 0 SUM : 0
rocksdb.blobdb.seek.micros P50 : 0.000000 P95 : 0.000000 P99 : 0.000000 P100 : 0.000000 COUNT : 0 SUM : 0
rocksdb.blobdb.next.micros P50 : 0.000000 P95 : 0.000000 P99 : 0.000000 P100 : 0.000000 COUNT : 0 SUM : 0
rocksdb.blobdb.prev.micros P50 : 0.000000 P95 : 0.000000 P99 : 0.000000 P100 : 0.000000 COUNT : 0 SUM : 0
rocksdb.blobdb.blob.file.write.micros P50 : 0.000000 P95 : 0.000000 P99 : 0.000000 P100 : 0.000000 COUNT : 0 SUM : 0
rocksdb.blobdb.blob.file.read.micros P50 : 0.000000 P95 : 0.000000 P99 : 0.000000 P100 : 0.000000 COUNT : 0 SUM : 0
rocksdb.blobdb.blob.file.sync.micros P50 : 0.000000 P95 : 0.000000 P99 : 0.000000 P100 : 0.000000 COUNT : 0 SUM : 0
rocksdb.blobdb.gc.micros P50 : 0.000000 P95 : 0.000000 P99 : 0.000000 P100 : 0.000000 COUNT : 0 SUM : 0
rocksdb.blobdb.compression.micros P50 : 0.000000 P95 : 0.000000 P99 : 0.000000 P100 : 0.000000 COUNT : 0 SUM : 0
rocksdb.blobdb.decompression.micros P50 : 0.000000 P95 : 0.000000 P99 : 0.000000 P100 : 0.000000 COUNT : 0 SUM : 0
rocksdb.db.flush.micros P50 : 0.000000 P95 : 0.000000 P99 : 0.000000 P100 : 0.000000 COUNT : 0 SUM : 0
rocksdb.sst.batch.size P50 : 0.000000 P95 : 0.000000 P99 : 0.000000 P100 : 0.000000 COUNT : 0 SUM : 0

