Initializing RocksDB Options from the specified file
Initializing RocksDB Options from command-line flags
paht=/home/zyh/480G/wp/pcache/pcache_file
Keys:       16 bytes each
Values:     256 bytes each (128 bytes after compression)
Entries:    5000000
Prefix:    0 bytes
Keys per prefix:    0
RawSize:    1297.0 MB (estimated)
FileSize:   686.6 MB (estimated)
Write rate: 0 bytes/second
Read rate: 0 ops/second
Compression: NoCompression
Compression sampling rate: 0
Memtablerep: skip_list
Perf Level: 5
WARNING: Assertions are enabled; benchmarks unnecessarily slow
------------------------------------------------
Initializing RocksDB Options from the specified file
Initializing RocksDB Options from command-line flags
paht=/home/zyh/480G/wp/pcache/pcache_file
DB path: [/home/zyh/480G/wp]
too large size=853863
too large size=1239370
too large size=849007
too large size=1232458
too large size=847716
too large size=1230538
too large size=849300
too large size=1232970
too large size=847927
too large size=1230794
too large size=847411
too large size=1230154
too large size=848021
too large size=1231050
too large size=849003
too large size=1232330
too large size=849318
too large size=1232842
too large size=847356
too large size=1230026
too large size=846616
too large size=1229002
too large size=849222
too large size=1232714
too large size=848149
too large size=1231178
too large size=848766
too large size=1232202
too large size=847442
too large size=1230154
too large size=845696
too large size=1227722
too large size=847878
too large size=1230794
too large size=848918
too large size=1232330
too large size=847841
too large size=1230794
too large size=848494
too large size=1231818
too large size=848523
too large size=1231690
too large size=848746
too large size=1232074
too large size=848912
too large size=1232202
fillrandom   :      13.500 micros/op 148152 ops/sec;   38.4 MB/s
Microseconds per write:
Count: 10000000 Average: 13.4996  StdDev: 9.83
Min: 5  Median: 12.6668  Max: 10105
Percentiles: P50: 12.67 P75: 14.34 P99: 31.29 P99.9: 44.34 P99.99: 180.37
------------------------------------------------------
(       4,       6 ]       50   0.001%   0.001% 
(       6,      10 ]  1024137  10.241%  10.242% ##
(      10,      15 ]  7454317  74.543%  84.785% ###############
(      15,      22 ]  1142715  11.427%  96.212% ##
(      22,      34 ]   359913   3.599%  99.811% #
(      34,      51 ]    14584   0.146%  99.957% 
(      51,      76 ]     1366   0.014%  99.971% 
(      76,     110 ]      967   0.010%  99.980% 
(     110,     170 ]      885   0.009%  99.989% 
(     170,     250 ]      509   0.005%  99.994% 
(     250,     380 ]      329   0.003%  99.998% 
(     380,     580 ]      102   0.001%  99.999% 
(     580,     870 ]       36   0.000%  99.999% 
(     870,    1300 ]       47   0.000% 100.000% 
(    1300,    1900 ]       14   0.000% 100.000% 
(    1900,    2900 ]       11   0.000% 100.000% 
(    2900,    4400 ]       11   0.000% 100.000% 
(    4400,    6600 ]        1   0.000% 100.000% 
(    6600,    9900 ]        4   0.000% 100.000% 
(    9900,   14000 ]        2   0.000% 100.000% 



** Compaction Stats [default] **
Level    Files   Size     Score Read(GB)  Rn(GB) Rnp1(GB) Write(GB) Wnew(GB) Moved(GB) W-Amp Rd(MB/s) Wr(MB/s) Comp(sec) CompMergeCPU(sec) Comp(cnt) Avg(sec) KeyIn KeyDrop
----------------------------------------------------------------------------------------------------------------------------------------------------------------------------
  L0      3/0   333.12 MB   0.8      0.0     0.0      0.0       2.5      2.5       0.0   1.0      0.0    275.6      9.26              8.43        23    0.403       0      0
  L5     63/0   505.40 MB   1.0      2.2     1.3      0.9       1.8      0.9       0.0   1.4    249.8    203.2      8.93              8.27         3    2.977   8252K  1538K
  L6    129/0   877.42 MB   0.0      2.2     1.3      0.9       1.7      0.9       0.0   1.4    261.5    211.7      8.46              7.81        52    0.163   8181K  1557K
 Sum    195/0    1.68 GB   0.0      4.3     2.6      1.8       6.0      4.2       0.0   2.4    166.7    231.1     26.66             24.52        78    0.342     16M  3095K
 Int      0/0    0.00 KB   0.0      4.3     2.6      1.8       6.0      4.2       0.0   2.4    166.7    231.1     26.66             24.52        78    0.342     16M  3095K

** Compaction Stats [default] **
Priority    Files   Size     Score Read(GB)  Rn(GB) Rnp1(GB) Write(GB) Wnew(GB) Moved(GB) W-Amp Rd(MB/s) Wr(MB/s) Comp(sec) CompMergeCPU(sec) Comp(cnt) Avg(sec) KeyIn KeyDrop
-------------------------------------------------------------------------------------------------------------------------------------------------------------------------------
 Low      0/0    0.00 KB   0.0      4.3     2.6      1.8       3.5      1.8       0.0   0.0    255.5    207.4     17.39             16.09        55    0.316     16M  3095K
High      0/0    0.00 KB   0.0      0.0     0.0      0.0       2.5      2.5       0.0   0.0      0.0    275.6      9.26              8.43        23    0.403       0      0
Uptime(secs): 67.5 total, 67.5 interval
Flush(GB): cumulative 2.493, interval 2.493
AddFile(GB): cumulative 0.000, interval 0.000
AddFile(Total Files): cumulative 0, interval 0
AddFile(L0 Files): cumulative 0, interval 0
AddFile(Keys): cumulative 0, interval 0
Cumulative compaction: 6.02 GB write, 91.25 MB/s write, 4.34 GB read, 65.83 MB/s read, 26.7 seconds
Interval compaction: 6.02 GB write, 91.26 MB/s write, 4.34 GB read, 65.83 MB/s read, 26.7 seconds
Stalls(count): 0 level0_slowdown, 0 level0_slowdown_with_compaction, 0 level0_numfiles, 0 level0_numfiles_with_compaction, 0 stop for pending_compaction_bytes, 0 slowdown for pending_compaction_bytes, 0 memtable_compaction, 0 memtable_slowdown, interval 0 total count

** File Read Latency Histogram By Level [default] **
** Level 0 read latency histogram (micros):
Count: 586545 Average: 1.7058  StdDev: 2.70
Min: 1  Median: 1.1640  Max: 894
Percentiles: P50: 1.16 P75: 1.60 P99: 2.96 P99.9: 14.34 P99.99: 47.46
------------------------------------------------------
[       0,       1 ]   238446  40.653%  40.653% ########
(       1,       2 ]   334361  57.005%  97.658% ###########
(       2,       3 ]     8206   1.399%  99.057% 
(       3,       4 ]      560   0.095%  99.152% 
(       4,       6 ]      563   0.096%  99.248% 
(       6,      10 ]     1264   0.215%  99.464% 
(      10,      15 ]     2949   0.503%  99.967% 
(      15,      22 ]       59   0.010%  99.977% 
(      22,      34 ]       53   0.009%  99.986% 
(      34,      51 ]       32   0.005%  99.991% 
(      51,      76 ]        3   0.001%  99.992% 
(      76,     110 ]        2   0.000%  99.992% 
(     110,     170 ]        7   0.001%  99.993% 
(     170,     250 ]       28   0.005%  99.998% 
(     250,     380 ]       10   0.002% 100.000% 
(     580,     870 ]        1   0.000% 100.000% 
(     870,    1300 ]        1   0.000% 100.000% 

** Level 5 read latency histogram (micros):
Count: 347328 Average: 1.7931  StdDev: 1.57
Min: 1  Median: 1.2443  Max: 74
Percentiles: P50: 1.24 P75: 1.65 P99: 4.45 P99.9: 24.57 P99.99: 50.70
------------------------------------------------------
[       0,       1 ]   121587  35.006%  35.006% #######
(       1,       2 ]   213179  61.377%  96.383% ############
(       2,       3 ]     8467   2.438%  98.821% 
(       3,       4 ]      519   0.149%  98.970% 
(       4,       6 ]      454   0.131%  99.101% 
(       6,      10 ]     1102   0.317%  99.418% 
(      10,      15 ]     1408   0.405%  99.824% 
(      15,      22 ]      221   0.064%  99.887% 
(      22,      34 ]      204   0.059%  99.946% 
(      34,      51 ]      155   0.045%  99.991% 
(      51,      76 ]       32   0.009% 100.000% 

** Level 6 read latency histogram (micros):
Count: 242781 Average: 1.7288  StdDev: 1.65
Min: 0  Median: 1.1195  Max: 62
Percentiles: P50: 1.12 P75: 1.60 P99: 6.80 P99.9: 26.65 P99.99: 48.71
------------------------------------------------------
[       0,       1 ]   106267  43.771%  43.771% #########
(       1,       2 ]   126598  52.145%  95.916% ##########
(       2,       3 ]     6498   2.676%  98.592% #
(       3,       4 ]      418   0.172%  98.764% 
(       4,       6 ]      421   0.173%  98.938% 
(       6,      10 ]      759   0.313%  99.250% 
(      10,      15 ]     1307   0.538%  99.789% 
(      15,      22 ]      202   0.083%  99.872% 
(      22,      34 ]      176   0.072%  99.944% 
(      34,      51 ]      128   0.053%  99.997% 
(      51,      76 ]        7   0.003% 100.000% 


** DB Stats **
Uptime(secs): 67.5 total, 67.5 interval
Cumulative writes: 10M writes, 10M keys, 9990K commit groups, 1.0 writes per commit group, ingest: 2.68 GB, 40.69 MB/s
Cumulative WAL: 10M writes, 0 syncs, 10000000.00 writes per sync, written: 2.68 GB, 40.69 MB/s
Cumulative stall: 00:00:0.000 H:M:S, 0.0 percent
Interval writes: 10M writes, 10M keys, 9990K commit groups, 1.0 writes per commit group, ingest: 2746.47 MB, 40.69 MB/s
Interval WAL: 10M writes, 0 syncs, 10000000.00 writes per sync, written: 2.68 MB, 40.69 MB/s
Interval stall: 00:00:0.000 H:M:S, 0.0 percent


Level Files Size(MB)
--------------------
  0        3      333
  1        0        0
  2        0        0
  3        0        0
  4        0        0
  5       63      505
  6      129      877


--- level 0 --- version# 79 ---
 534:116457804[9423054 .. 9851682]['00000000000000053030303030303030' seq:9793540, type:1 .. '00000000004C4B373030303030303030' seq:9733252, type:1](0)
 525:116437722[8994689 .. 9423053]['00000000000000023030303030303030' seq:9334726, type:1 .. '00000000004C4B343030303030303030' seq:9405975, type:1](0)
 433:116408156[8566341 .. 8994688]['00000000000000163030303030303030' seq:8800321, type:1 .. '00000000004C4B3B3030303030303030' seq:8691590, type:1](0)
--- level 1 --- version# 79 ---
--- level 2 --- version# 79 ---
--- level 3 --- version# 79 ---
--- level 4 --- version# 79 ---
--- level 5 --- version# 79 ---
 365:8542361[6853281 .. 8566323]['00000000000000003030303030303030' seq:7207831, type:1 .. '00000000000196433030303030303030' seq:8012196, type:1](0)
 366:8542356[6853322 .. 8566317]['00000000000196473030303030303030' seq:8183289, type:1 .. '0000000000032A7B3030303030303030' seq:7501947, type:1](0)
 367:8542229[3428600 .. 8566202]['0000000000032A803030303030303030' seq:6999895, type:1 .. '0000000000042E1B3030303030303030' seq:3648732, type:1](0)
 368:8542159[3428805 .. 8566316]['0000000000042E1D3030303030303030' seq:6384105, type:1 .. '000000000004E5E83030303030303030' seq:8122104, type:1](0)
 369:8542173[3429040 .. 8566253]['000000000004E5E93030303030303030' seq:7137149, type:1 .. '000000000005AB993030303030303030' seq:8080922, type:1](0)
 370:8542264[3428622 .. 8566326]['000000000005AB9A3030303030303030' seq:7554453, type:1 .. '000000000006D6383030303030303030' seq:4565176, type:1](0)
 371:8542170[3428497 .. 8566315]['000000000006D6393030303030303030' seq:6942658, type:1 .. '0000000000078DFC3030303030303030' seq:4572157, type:1](0)
 373:8542169[3428441 .. 8566246]['000000000008453C3030303030303030' seq:6809546, type:1 .. '000000000008FC0C3030303030303030' seq:6748204, type:1](0)
 374:8542156[3428667 .. 8566302]['000000000008FC0E3030303030303030' seq:7734210, type:1 .. '000000000009B3013030303030303030' seq:7018229, type:1](0)
 375:8542157[3428870 .. 8566279]['000000000009B3023030303030303030' seq:4858520, type:1 .. '00000000000A69E23030303030303030' seq:6638101, type:1](0)
 376:8542157[3428346 .. 8566284]['00000000000A69E33030303030303030' seq:7150050, type:1 .. '00000000000B21903030303030303030' seq:8209913, type:1](0)
 379:8542158[3428498 .. 8566271]['00000000000C8F513030303030303030' seq:4789390, type:1 .. '00000000000D46CE3030303030303030' seq:3928645, type:1](0)
 380:8542164[3428701 .. 8566331]['00000000000D46CF3030303030303030' seq:7975234, type:1 .. '00000000000DFE1E3030303030303030' seq:4015205, type:1](0)
 383:8542157[3429062 .. 8566324]['00000000000F6D733030303030303030' seq:7364608, type:1 .. '00000000001023953030303030303030' seq:6929963, type:1](0)
 384:8542160[3428467 .. 8566161]['00000000001023963030303030303030' seq:8199334, type:1 .. '000000000010DBE93030303030303030' seq:7568979, type:1](0)
 387:8542164[3428535 .. 8566309]['0000000000124C323030303030303030' seq:6316107, type:1 .. '000000000013031E3030303030303030' seq:8104123, type:1](0)
 388:8542154[3428357 .. 8566275]['000000000013031F3030303030303030' seq:7552917, type:1 .. '000000000013BB373030303030303030' seq:5734328, type:1](0)
 391:8542285[3428463 .. 8566322]['00000000001516253030303030303030' seq:8438142, type:1 .. '0000000000165E433030303030303030' seq:6995299, type:1](0)
 392:8542328[6853295 .. 8566330]['0000000000165E453030303030303030' seq:7846196, type:1 .. '000000000017F3623030303030303030' seq:7443954, type:1](0)
 393:8542366[6853367 .. 8566286]['000000000017F3633030303030303030' seq:7432306, type:1 .. '000000000019891A3030303030303030' seq:7874314, type:1](0)
 394:8542193[3428566 .. 8566229]['000000000019891E3030303030303030' seq:6875722, type:1 .. '00000000001A75F63030303030303030' seq:6039646, type:1](0)
 395:8542230[3428766 .. 8566313]['00000000001A75F73030303030303030' seq:7615647, type:1 .. '00000000001B925B3030303030303030' seq:6935017, type:1](0)
 396:8542272[3428762 .. 8566283]['00000000001B925D3030303030303030' seq:8414289, type:1 .. '00000000001CE71D3030303030303030' seq:3964867, type:1](0)
 399:8542162[3428417 .. 8566221]['00000000001E555C3030303030303030' seq:6122385, type:1 .. '00000000001F0C723030303030303030' seq:7950782, type:1](0)
 400:8542161[3428779 .. 8566280]['00000000001F0C743030303030303030' seq:4700582, type:1 .. '00000000001FC3383030303030303030' seq:7760757, type:1](0)
 401:8542154[3428999 .. 8566132]['00000000001FC3393030303030303030' seq:4954699, type:1 .. '0000000000207A5F3030303030303030' seq:5216501, type:1](0)
 404:8542158[3428772 .. 8566224]['000000000021E6543030303030303030' seq:3555639, type:1 .. '0000000000229DA03030303030303030' seq:6504851, type:1](0)
 405:8542165[3428755 .. 8566035]['0000000000229DA13030303030303030' seq:8112757, type:1 .. '00000000002355683030303030303030' seq:5221622, type:1](0)
 408:8542151[3428827 .. 8566305]['000000000024C58D3030303030303030' seq:8427379, type:1 .. '0000000000257DA63030303030303030' seq:4118282, type:1](0)
 409:8542159[3428573 .. 8566205]['0000000000257DA73030303030303030' seq:7275306, type:1 .. '00000000002635CC3030303030303030' seq:5498268, type:1](0)
 410:8542155[3428730 .. 8566332]['00000000002635CD3030303030303030' seq:7540489, type:1 .. '000000000026ECDB3030303030303030' seq:4255033, type:1](0)
 414:8542285[3428593 .. 8566295]['0000000000288BEE3030303030303030' seq:4432857, type:1 .. '000000000029C5ED3030303030303030' seq:6848840, type:1](0)
 416:8542315[3429510 .. 8566335]['00000000002A7C6A3030303030303030' seq:7248728, type:1 .. '00000000002BEC223030303030303030' seq:7158676, type:1](0)
 417:8542234[3428396 .. 8566181]['00000000002BEC263030303030303030' seq:7914900, type:1 .. '00000000002CEFF33030303030303030' seq:4667306, type:1](0)
 418:8542343[3434236 .. 8566321]['00000000002CEFF43030303030303030' seq:7461667, type:1 .. '00000000002E76F93030303030303030' seq:7833228, type:1](0)
 419:8542208[3429333 .. 8566336]['00000000002E76FB3030303030303030' seq:8344169, type:1 .. '00000000002F63BE3030303030303030' seq:3695168, type:1](0)
 420:8542236[3428765 .. 8566325]['00000000002F63C03030303030303030' seq:6060327, type:1 .. '00000000003080983030303030303030' seq:8070575, type:1](0)
 421:8542304[3429154 .. 8566339]['000000000030809B3030303030303030' seq:7357204, type:1 .. '000000000031D5243030303030303030' seq:7087948, type:1](0)
 422:8542160[3428427 .. 8566027]['000000000031D5263030303030303030' seq:3718286, type:1 .. '0000000000328CB13030303030303030' seq:8254592, type:1](0)
 423:8542144[3428391 .. 8566247]['0000000000328CB23030303030303030' seq:4571929, type:1 .. '00000000003343FC3030303030303030' seq:8464622, type:1](0)
 424:8542164[3428567 .. 8566298]['00000000003343FD3030303030303030' seq:8439475, type:1 .. '000000000033FB813030303030303030' seq:4182689, type:1](0)
 426:8542147[3428374 .. 8566333]['000000000034B2E43030303030303030' seq:4653022, type:1 .. '0000000000356A693030303030303030' seq:5621355, type:1](0)
 427:8542163[3428420 .. 8566254]['0000000000356A6A3030303030303030' seq:4870062, type:1 .. '00000000003622533030303030303030' seq:8446608, type:1](0)
 428:8542155[3428387 .. 8566255]['00000000003622543030303030303030' seq:8326419, type:1 .. '000000000036D98A3030303030303030' seq:5359006, type:1](0)
 431:8542175[3429140 .. 8566195]['00000000003848513030303030303030' seq:6832294, type:1 .. '000000000038FF573030303030303030' seq:5784069, type:1](0)
 434:8542155[3428771 .. 8566167]['000000000038FF593030303030303030' seq:6768757, type:1 .. '000000000039B5F43030303030303030' seq:5526881, type:1](0)
 435:8542147[3428493 .. 8566217]['000000000039B5F53030303030303030' seq:6920169, type:1 .. '00000000003A6BD43030303030303030' seq:7932183, type:1](0)
 440:8542156[3428554 .. 8566211]['00000000003CB5F23030303030303030' seq:6817069, type:1 .. '00000000003D6CCD3030303030303030' seq:4340766, type:1](0)
 441:8542144[3428415 .. 8566257]['00000000003D6CCE3030303030303030' seq:6424008, type:1 .. '00000000003E23CB3030303030303030' seq:4217546, type:1](0)
 443:8542161[3428548 .. 8566263]['00000000003EDC523030303030303030' seq:4278902, type:1 .. '00000000003F94113030303030303030' seq:4993900, type:1](0)
 444:8542156[3429311 .. 8566213]['00000000003F94133030303030303030' seq:7169910, type:1 .. '0000000000404B353030303030303030' seq:6903136, type:1](0)
 445:8542162[3428386 .. 8566127]['0000000000404B363030303030303030' seq:4976457, type:1 .. '00000000004102863030303030303030' seq:4498368, type:1](0)
 447:8542163[3428359 .. 8566052]['000000000041BA723030303030303030' seq:8524886, type:1 .. '00000000004270F53030303030303030' seq:6567625, type:1](0)
 448:8542164[3428445 .. 8566111]['00000000004270F83030303030303030' seq:7045757, type:1 .. '00000000004329533030303030303030' seq:8151220, type:1](0)
 449:8542156[3428451 .. 8566328]['00000000004329543030303030303030' seq:8291810, type:1 .. '000000000043E1553030303030303030' seq:6911861, type:1](0)
 450:8542160[3428550 .. 8566319]['000000000043E1563030303030303030' seq:8380206, type:1 .. '000000000044984A3030303030303030' seq:6249730, type:1](0)
 453:8542143[3428414 .. 8566337]['00000000004607B23030303030303030' seq:4891769, type:1 .. '000000000046BE8B3030303030303030' seq:4431247, type:1](0)
 454:8542154[3428936 .. 8566240]['000000000046BE8D3030303030303030' seq:8359949, type:1 .. '00000000004775883030303030303030' seq:5703585, type:1](0)
 457:8542157[3428436 .. 8566278]['000000000048E4403030303030303030' seq:3570311, type:1 .. '0000000000499A653030303030303030' seq:7709035, type:1](0)
 458:8542160[3428404 .. 8566160]['0000000000499A673030303030303030' seq:6918610, type:1 .. '00000000004A51A03030303030303030' seq:6665905, type:1](0)
 459:8542156[3428544 .. 8566146]['00000000004A51A13030303030303030' seq:6547040, type:1 .. '00000000004B088A3030303030303030' seq:8020252, type:1](0)
 460:8542285[3429421 .. 8566340]['00000000004B088B3030303030303030' seq:3767242, type:1 .. '00000000004C44463030303030303030' seq:3980645, type:1](0)
 461:329973[3445223 .. 8565908]['00000000004C44473030303030303030' seq:4589341, type:1 .. '00000000004C4B3F3030303030303030' seq:4517426, type:1](0)
--- level 6 --- version# 79 ---
 309:8542135[0 .. 0]['00000000000000003030303030303030' seq:0, type:1 .. '0000000000009D563030303030303030' seq:0, type:1](0)
 324:8542131[0 .. 0]['0000000000009D573030303030303030' seq:0, type:1 .. '0000000000013B7C3030303030303030' seq:0, type:1](0)
 325:8542132[0 .. 0]['0000000000013B7D3030303030303030' seq:0, type:1 .. '000000000001D9C23030303030303030' seq:0, type:1](0)
 327:8542149[0 .. 0]['000000000001D9C33030303030303030' seq:0, type:1 .. '000000000002776E3030303030303030' seq:0, type:1](0)
 332:8542141[0 .. 0]['000000000002776F3030303030303030' seq:0, type:1 .. '00000000000315D93030303030303030' seq:0, type:1](0)
 333:8542136[0 .. 0]['00000000000315DB3030303030303030' seq:0, type:1 .. '000000000003B3233030303030303030' seq:0, type:1](0)
 334:151657[0 .. 0]['000000000003B3243030303030303030' seq:0, type:1 .. '000000000003B64F3030303030303030' seq:0, type:1](0)
 76:8542203[0 .. 0]['000000000003B6513030303030303030' seq:0, type:1 .. '000000000004A2263030303030303030' seq:0, type:1](0)
 77:8542200[0 .. 0]['000000000004A2283030303030303030' seq:0, type:1 .. '0000000000058F3D3030303030303030' seq:0, type:1](0)
 311:8542145[0 .. 0]['0000000000058F403030303030303030' seq:0, type:1 .. '0000000000062DD03030303030303030' seq:0, type:1](0)
 312:4307710[0 .. 0]['0000000000062DD13030303030303030' seq:0, type:1 .. '0000000000067DB13030303030303030' seq:0, type:1](0)
 79:8542201[0 .. 0]['0000000000067DB43030303030303030' seq:0, type:1 .. '00000000000769363030303030303030' seq:0, type:1](0)
 498:8542135[0 .. 0]['00000000000769373030303030303030' seq:0, type:1 .. '00000000000807F53030303030303030' seq:0, type:1](0)
 499:4304899[0 .. 0]['00000000000807F73030303030303030' seq:0, type:1 .. '000000000008575D3030303030303030' seq:0, type:1](0)
 81:8542202[0 .. 0]['000000000008575F3030303030303030' seq:0, type:1 .. '00000000000944283030303030303030' seq:0, type:1](0)
 82:8542206[0 .. 0]['00000000000944293030303030303030' seq:0, type:1 .. '00000000000A31A93030303030303030' seq:0, type:1](0)
 83:8542201[0 .. 0]['00000000000A31AA3030303030303030' seq:0, type:1 .. '00000000000B1D863030303030303030' seq:0, type:1](0)
 496:8542113[0 .. 0]['00000000000B1D8A3030303030303030' seq:0, type:1 .. '00000000000BAE853030303030303030' seq:0, type:1](0)
 502:8542126[0 .. 0]['00000000000BAE863030303030303030' seq:0, type:1 .. '00000000000C3D9B3030303030303030' seq:0, type:1](0)
 503:8537619[0 .. 0]['00000000000C3D9C3030303030303030' seq:0, type:1 .. '00000000000CF4C43030303030303030' seq:0, type:1](0)
 86:8542210[0 .. 0]['00000000000CF4C63030303030303030' seq:0, type:1 .. '00000000000DE1A83030303030303030' seq:0, type:1](0)
 486:8542137[0 .. 0]['00000000000DE1AB3030303030303030' seq:0, type:1 .. '00000000000E7D3C3030303030303030' seq:0, type:1](0)
 504:8542123[0 .. 0]['00000000000E7D3E3030303030303030' seq:0, type:1 .. '00000000000F0D0C3030303030303030' seq:0, type:1](0)
 505:8542142[0 .. 0]['00000000000F0D0D3030303030303030' seq:0, type:1 .. '00000000000FBB723030303030303030' seq:0, type:1](0)
 506:74078[0 .. 0]['00000000000FBB733030303030303030' seq:0, type:1 .. '00000000000FBD5D3030303030303030' seq:0, type:1](0)
 89:8542211[0 .. 0]['00000000000FBD5E3030303030303030' seq:0, type:1 .. '000000000010AB443030303030303030' seq:0, type:1](0)
 484:8542154[0 .. 0]['000000000010AB463030303030303030' seq:0, type:1 .. '0000000000114E573030303030303030' seq:0, type:1](0)
 522:8542119[0 .. 0]['0000000000114E583030303030303030' seq:0, type:1 .. '000000000011DDFB3030303030303030' seq:0, type:1](0)
 523:8542155[0 .. 0]['000000000011DDFC3030303030303030' seq:0, type:1 .. '00000000001283CD3030303030303030' seq:0, type:1](0)
 526:39190[0 .. 0]['00000000001283CE3030303030303030' seq:0, type:1 .. '00000000001284C63030303030303030' seq:0, type:1](0)
 92:8542206[0 .. 0]['00000000001284C73030303030303030' seq:0, type:1 .. '00000000001371763030303030303030' seq:0, type:1](0)
 500:8542140[0 .. 0]['00000000001371773030303030303030' seq:0, type:1 .. '0000000000141E173030303030303030' seq:0, type:1](0)
 501:3833961[0 .. 0]['0000000000141E183030303030303030' seq:0, type:1 .. '0000000000145EC13030303030303030' seq:0, type:1](0)
 494:8542118[0 .. 0]['0000000000145EC23030303030303030' seq:0, type:1 .. '000000000014EE513030303030303030' seq:0, type:1](0)
 495:4281362[0 .. 0]['000000000014EE523030303030303030' seq:0, type:1 .. '0000000000154B2C3030303030303030' seq:0, type:1](0)
 315:8542135[0 .. 0]['0000000000154B2D3030303030303030' seq:0, type:1 .. '000000000015ECE43030303030303030' seq:0, type:1](0)
 316:4119109[0 .. 0]['000000000015ECE53030303030303030' seq:0, type:1 .. '000000000016393B3030303030303030' seq:0, type:1](0)
 307:8542136[0 .. 0]['000000000016393D3030303030303030' seq:0, type:1 .. '000000000016D5943030303030303030' seq:0, type:1](0)
 319:8542138[0 .. 0]['000000000016D5953030303030303030' seq:0, type:1 .. '00000000001772E43030303030303030' seq:0, type:1](0)
 320:8542133[0 .. 0]['00000000001772E53030303030303030' seq:0, type:1 .. '000000000018108D3030303030303030' seq:0, type:1](0)
 322:8542140[0 .. 0]['000000000018108E3030303030303030' seq:0, type:1 .. '000000000018AEAA3030303030303030' seq:0, type:1](0)
 335:8542140[0 .. 0]['000000000018AEAC3030303030303030' seq:0, type:1 .. '0000000000194BDA3030303030303030' seq:0, type:1](0)
 336:8542144[0 .. 0]['0000000000194BDC3030303030303030' seq:0, type:1 .. '000000000019E9B33030303030303030' seq:0, type:1](0)
 337:126459[0 .. 0]['000000000019E9B43030303030303030' seq:0, type:1 .. '000000000019EBF33030303030303030' seq:0, type:1](0)
 100:8542193[0 .. 0]['000000000019EBF83030303030303030' seq:0, type:1 .. '00000000001AD9AA3030303030303030' seq:0, type:1](0)
 313:8542143[0 .. 0]['00000000001AD9AC3030303030303030' seq:0, type:1 .. '00000000001B775F3030303030303030' seq:0, type:1](0)
 329:8542145[0 .. 0]['00000000001B77613030303030303030' seq:0, type:1 .. '00000000001C154A3030303030303030' seq:0, type:1](0)
 330:8542135[0 .. 0]['00000000001C154B3030303030303030' seq:0, type:1 .. '00000000001CB2DA3030303030303030' seq:0, type:1](0)
 331:65544[0 .. 0]['00000000001CB2DC3030303030303030' seq:0, type:1 .. '00000000001CB49D3030303030303030' seq:0, type:1](0)
 464:8542136[0 .. 0]['00000000001CB49F3030303030303030' seq:0, type:1 .. '00000000001D57A83030303030303030' seq:0, type:1](0)
 513:8542113[0 .. 0]['00000000001D57A93030303030303030' seq:0, type:1 .. '00000000001DE6E83030303030303030' seq:0, type:1](0)
 514:8542141[0 .. 0]['00000000001DE6E93030303030303030' seq:0, type:1 .. '00000000001E8CC73030303030303030' seq:0, type:1](0)
 515:45784[0 .. 0]['00000000001E8CCA3030303030303030' seq:0, type:1 .. '00000000001E8E223030303030303030' seq:0, type:1](0)
 105:8542200[0 .. 0]['00000000001E8E243030303030303030' seq:0, type:1 .. '00000000001F7BB83030303030303030' seq:0, type:1](0)
 106:8542210[0 .. 0]['00000000001F7BB93030303030303030' seq:0, type:1 .. '0000000000206A0F3030303030303030' seq:0, type:1](0)
 468:8542122[0 .. 0]['0000000000206A123030303030303030' seq:0, type:1 .. '000000000020FEC13030303030303030' seq:0, type:1](0)
 519:8542129[0 .. 0]['000000000020FEC23030303030303030' seq:0, type:1 .. '0000000000218E1B3030303030303030' seq:0, type:1](0)
 520:8542160[0 .. 0]['0000000000218E1C3030303030303030' seq:0, type:1 .. '00000000002241133030303030303030' seq:0, type:1](0)
 521:87092[0 .. 0]['00000000002241143030303030303030' seq:0, type:1 .. '000000000022439E3030303030303030' seq:0, type:1](0)
 109:8542195[0 .. 0]['00000000002243A03030303030303030' seq:0, type:1 .. '00000000002331C93030303030303030' seq:0, type:1](0)
 488:8542138[0 .. 0]['00000000002331CA3030303030303030' seq:0, type:1 .. '000000000023CFAD3030303030303030' seq:0, type:1](0)
 527:8542125[0 .. 0]['000000000023CFAF3030303030303030' seq:0, type:1 .. '0000000000245F393030303030303030' seq:0, type:1](0)
 528:8542141[0 .. 0]['0000000000245F3A3030303030303030' seq:0, type:1 .. '00000000002509533030303030303030' seq:0, type:1](0)
 529:80950[0 .. 0]['00000000002509583030303030303030' seq:0, type:1 .. '0000000000250B823030303030303030' seq:0, type:1](0)
 112:8542206[0 .. 0]['0000000000250B833030303030303030' seq:0, type:1 .. '000000000025F77D3030303030303030' seq:0, type:1](0)
 113:8542201[0 .. 0]['000000000025F77F3030303030303030' seq:0, type:1 .. '000000000026E5843030303030303030' seq:0, type:1](0)
 476:8542126[0 .. 0]['000000000026E5853030303030303030' seq:0, type:1 .. '00000000002778B63030303030303030' seq:0, type:1](0)
 477:5410527[0 .. 0]['00000000002778B73030303030303030' seq:0, type:1 .. '000000000027D4013030303030303030' seq:0, type:1](0)
 470:8542128[0 .. 0]['000000000027D4033030303030303030' seq:0, type:1 .. '00000000002863B73030303030303030' seq:0, type:1](0)
 471:4303235[0 .. 0]['00000000002863B83030303030303030' seq:0, type:1 .. '000000000028C12A3030303030303030' seq:0, type:1](0)
 357:8542130[0 .. 0]['000000000028C12B3030303030303030' seq:0, type:1 .. '000000000029600D3030303030303030' seq:0, type:1](0)
 358:4315424[0 .. 0]['000000000029600E3030303030303030' seq:0, type:1 .. '000000000029AFBE3030303030303030' seq:0, type:1](0)
 474:8542127[0 .. 0]['000000000029AFC13030303030303030' seq:0, type:1 .. '00000000002A47BD3030303030303030' seq:0, type:1](0)
 475:4301529[0 .. 0]['00000000002A47BE3030303030303030' seq:0, type:1 .. '00000000002A9C043030303030303030' seq:0, type:1](0)
 348:8542136[0 .. 0]['00000000002A9C053030303030303030' seq:0, type:1 .. '00000000002B39093030303030303030' seq:0, type:1](0)
 349:4355896[0 .. 0]['00000000002B390A3030303030303030' seq:0, type:1 .. '00000000002B89E33030303030303030' seq:0, type:1](0)
 345:8542137[0 .. 0]['00000000002B89E43030303030303030' seq:0, type:1 .. '00000000002C27DC3030303030303030' seq:0, type:1](0)
 346:4320462[0 .. 0]['00000000002C27DD3030303030303030' seq:0, type:1 .. '00000000002C77CF3030303030303030' seq:0, type:1](0)
 338:8542171[0 .. 0]['00000000002C77D13030303030303030' seq:0, type:1 .. '00000000002D41803030303030303030' seq:0, type:1](0)
 339:8542142[0 .. 0]['00000000002D41813030303030303030' seq:0, type:1 .. '00000000002DDF423030303030303030' seq:0, type:1](0)
 341:8542136[0 .. 0]['00000000002DDF433030303030303030' seq:0, type:1 .. '00000000002E7C763030303030303030' seq:0, type:1](0)
 342:8542167[0 .. 0]['00000000002E7C773030303030303030' seq:0, type:1 .. '00000000002F3C913030303030303030' seq:0, type:1](0)
 343:48555[0 .. 0]['00000000002F3C933030303030303030' seq:0, type:1 .. '00000000002F3DE03030303030303030' seq:0, type:1](0)
 350:8542169[0 .. 0]['00000000002F3DE13030303030303030' seq:0, type:1 .. '00000000003009CE3030303030303030' seq:0, type:1](0)
 351:8542124[0 .. 0]['00000000003009CF3030303030303030' seq:0, type:1 .. '000000000030A75B3030303030303030' seq:0, type:1](0)
 353:8542129[0 .. 0]['000000000030A75C3030303030303030' seq:0, type:1 .. '00000000003145933030303030303030' seq:0, type:1](0)
 354:8542157[0 .. 0]['00000000003145953030303030303030' seq:0, type:1 .. '00000000003205623030303030303030' seq:0, type:1](0)
 355:71814[0 .. 0]['00000000003205643030303030303030' seq:0, type:1 .. '000000000032074B3030303030303030' seq:0, type:1](0)
 126:8542197[0 .. 0]['000000000032074C3030303030303030' seq:0, type:1 .. '000000000032F4FD3030303030303030' seq:0, type:1](0)
 127:8542212[0 .. 0]['000000000032F4FE3030303030303030' seq:0, type:1 .. '000000000033DFBE3030303030303030' seq:0, type:1](0)
 490:8542126[0 .. 0]['000000000033DFBF3030303030303030' seq:0, type:1 .. '0000000000347A333030303030303030' seq:0, type:1](0)
 491:4324381[0 .. 0]['0000000000347A343030303030303030' seq:0, type:1 .. '000000000034CCEE3030303030303030' seq:0, type:1](0)
 129:8542210[0 .. 0]['000000000034CCEF3030303030303030' seq:0, type:1 .. '000000000035B9D83030303030303030' seq:0, type:1](0)
 130:8542208[0 .. 0]['000000000035B9D93030303030303030' seq:0, type:1 .. '000000000036A87C3030303030303030' seq:0, type:1](0)
 462:8542142[0 .. 0]['000000000036A87D3030303030303030' seq:0, type:1 .. '0000000000374B693030303030303030' seq:0, type:1](0)
 507:8542115[0 .. 0]['0000000000374B6A3030303030303030' seq:0, type:1 .. '000000000037DAB63030303030303030' seq:0, type:1](0)
 508:8542156[0 .. 0]['000000000037DAB73030303030303030' seq:0, type:1 .. '00000000003881423030303030303030' seq:0, type:1](0)
 509:31614[0 .. 0]['00000000003881453030303030303030' seq:0, type:1 .. '00000000003882193030303030303030' seq:0, type:1](0)
 135:8542212[0 .. 0]['000000000038821A3030303030303030' seq:0, type:1 .. '0000000000396FB33030303030303030' seq:0, type:1](0)
 136:8542208[0 .. 0]['0000000000396FB43030303030303030' seq:0, type:1 .. '00000000003A5CE93030303030303030' seq:0, type:1](0)
 478:8542130[0 .. 0]['00000000003A5CEC3030303030303030' seq:0, type:1 .. '00000000003AF2ED3030303030303030' seq:0, type:1](0)
 479:5173581[0 .. 0]['00000000003AF2EE3030303030303030' seq:0, type:1 .. '00000000003B49AD3030303030303030' seq:0, type:1](0)
 480:8542119[0 .. 0]['00000000003B49AE3030303030303030' seq:0, type:1 .. '00000000003BD8C03030303030303030' seq:0, type:1](0)
 516:8542125[0 .. 0]['00000000003BD8C13030303030303030' seq:0, type:1 .. '00000000003C68333030303030303030' seq:0, type:1](0)
 517:8542164[0 .. 0]['00000000003C68343030303030303030' seq:0, type:1 .. '00000000003D21C83030303030303030' seq:0, type:1](0)
 518:19026[0 .. 0]['00000000003D21C93030303030303030' seq:0, type:1 .. '00000000003D224C3030303030303030' seq:0, type:1](0)
 140:8542217[0 .. 0]['00000000003D224D3030303030303030' seq:0, type:1 .. '00000000003E0E613030303030303030' seq:0, type:1](0)
 482:8542138[0 .. 0]['00000000003E0E623030303030303030' seq:0, type:1 .. '00000000003EA6873030303030303030' seq:0, type:1](0)
 483:4325346[0 .. 0]['00000000003EA6883030303030303030' seq:0, type:1 .. '00000000003EFC1B3030303030303030' seq:0, type:1](0)
 142:8542207[0 .. 0]['00000000003EFC1C3030303030303030' seq:0, type:1 .. '00000000003FE8113030303030303030' seq:0, type:1](0)
 143:8542202[0 .. 0]['00000000003FE8123030303030303030' seq:0, type:1 .. '000000000040D3713030303030303030' seq:0, type:1](0)
 472:8542142[0 .. 0]['000000000040D3783030303030303030' seq:0, type:1 .. '00000000004176383030303030303030' seq:0, type:1](0)
 473:4356732[0 .. 0]['00000000004176393030303030303030' seq:0, type:1 .. '000000000041C3643030303030303030' seq:0, type:1](0)
 145:8542206[0 .. 0]['000000000041C3653030303030303030' seq:0, type:1 .. '000000000042B0F23030303030303030' seq:0, type:1](0)
 146:8542199[0 .. 0]['000000000042B0F33030303030303030' seq:0, type:1 .. '0000000000439CC23030303030303030' seq:0, type:1](0)
 147:8542201[0 .. 0]['0000000000439CC53030303030303030' seq:0, type:1 .. '00000000004488253030303030303030' seq:0, type:1](0)
 466:8542135[0 .. 0]['00000000004488273030303030303030' seq:0, type:1 .. '0000000000451EB23030303030303030' seq:0, type:1](0)
 510:8542124[0 .. 0]['0000000000451EB33030303030303030' seq:0, type:1 .. '000000000045AE583030303030303030' seq:0, type:1](0)
 511:8542152[0 .. 0]['000000000045AE593030303030303030' seq:0, type:1 .. '00000000004661E63030303030303030' seq:0, type:1](0)
 512:8908[0 .. 0]['00000000004661E73030303030303030' seq:0, type:1 .. '00000000004662223030303030303030' seq:0, type:1](0)
 150:8542213[0 .. 0]['00000000004662233030303030303030' seq:0, type:1 .. '00000000004750663030303030303030' seq:0, type:1](0)
 492:8542138[0 .. 0]['00000000004750683030303030303030' seq:0, type:1 .. '000000000047EE623030303030303030' seq:0, type:1](0)
 530:8542120[0 .. 0]['000000000047EE633030303030303030' seq:0, type:1 .. '0000000000487DE93030303030303030' seq:0, type:1](0)
 531:8542151[0 .. 0]['0000000000487DEB3030303030303030' seq:0, type:1 .. '00000000004929373030303030303030' seq:0, type:1](0)
 532:71814[0 .. 0]['00000000004929383030303030303030' seq:0, type:1 .. '0000000000492B3B3030303030303030' seq:0, type:1](0)
 153:8542205[0 .. 0]['0000000000492B3E3030303030303030' seq:0, type:1 .. '00000000004A19373030303030303030' seq:0, type:1](0)
 154:8542197[0 .. 0]['00000000004A19383030303030303030' seq:0, type:1 .. '00000000004B05A33030303030303030' seq:0, type:1](0)
 317:8542146[0 .. 0]['00000000004B05A83030303030303030' seq:0, type:1 .. '00000000004BAF673030303030303030' seq:0, type:1](0)
 318:7418287[0 .. 0]['00000000004BAF693030303030303030' seq:0, type:1 .. '00000000004C4B3E3030303030303030' seq:0, type:1](0)

STATISTICS:
rocksdb.block.cache.miss COUNT : 0
rocksdb.block.cache.hit COUNT : 0
rocksdb.block.cache.add COUNT : 0
rocksdb.block.cache.add.failures COUNT : 0
rocksdb.block.cache.index.miss COUNT : 0
rocksdb.block.cache.index.hit COUNT : 0
rocksdb.block.cache.index.add COUNT : 0
rocksdb.block.cache.index.bytes.insert COUNT : 0
rocksdb.block.cache.index.bytes.evict COUNT : 0
rocksdb.block.cache.filter.miss COUNT : 0
rocksdb.block.cache.filter.hit COUNT : 0
rocksdb.block.cache.filter.add COUNT : 0
rocksdb.block.cache.filter.bytes.insert COUNT : 0
rocksdb.block.cache.filter.bytes.evict COUNT : 0
rocksdb.block.cache.data.miss COUNT : 0
rocksdb.block.cache.data.hit COUNT : 0
rocksdb.block.cache.data.add COUNT : 0
rocksdb.block.cache.data.bytes.insert COUNT : 0
rocksdb.block.cache.bytes.read COUNT : 0
rocksdb.block.cache.bytes.write COUNT : 0
rocksdb.bloom.filter.useful COUNT : 0
rocksdb.bloom.filter.full.positive COUNT : 0
rocksdb.bloom.filter.full.true.positive COUNT : 0
rocksdb.bloom.filter.micros COUNT : 0
rocksdb.persistent.cache.hit COUNT : 0
rocksdb.persistent.cache.miss COUNT : 1175644
rocksdb.sim.block.cache.hit COUNT : 0
rocksdb.sim.block.cache.miss COUNT : 0
rocksdb.memtable.hit COUNT : 0
rocksdb.memtable.miss COUNT : 0
rocksdb.l0.hit COUNT : 0
rocksdb.l1.hit COUNT : 0
rocksdb.l2andup.hit COUNT : 0
rocksdb.compaction.key.drop.new COUNT : 3095724
rocksdb.compaction.key.drop.obsolete COUNT : 0
rocksdb.compaction.key.drop.range_del COUNT : 0
rocksdb.compaction.key.drop.user COUNT : 0
rocksdb.compaction.range_del.drop.obsolete COUNT : 0
rocksdb.compaction.optimized.del.drop.obsolete COUNT : 0
rocksdb.compaction.cancelled COUNT : 0
rocksdb.number.keys.written COUNT : 10000000
rocksdb.number.keys.read COUNT : 0
rocksdb.number.keys.updated COUNT : 0
rocksdb.bytes.written COUNT : 2879880216
rocksdb.bytes.read COUNT : 0
rocksdb.number.db.seek COUNT : 0
rocksdb.number.db.next COUNT : 0
rocksdb.number.db.prev COUNT : 0
rocksdb.number.db.seek.found COUNT : 0
rocksdb.number.db.next.found COUNT : 0
rocksdb.number.db.prev.found COUNT : 0
rocksdb.db.iter.bytes.read COUNT : 0
rocksdb.no.file.closes COUNT : 0
rocksdb.no.file.opens COUNT : 505
rocksdb.no.file.errors COUNT : 0
rocksdb.l0.slowdown.micros COUNT : 0
rocksdb.memtable.compaction.micros COUNT : 0
rocksdb.l0.num.files.stall.micros COUNT : 0
rocksdb.stall.micros COUNT : 0
rocksdb.db.mutex.wait.micros COUNT : 0
rocksdb.rate.limit.delay.millis COUNT : 0
rocksdb.num.iterators COUNT : 0
rocksdb.number.multiget.get COUNT : 0
rocksdb.number.multiget.keys.read COUNT : 0
rocksdb.number.multiget.bytes.read COUNT : 0
rocksdb.number.deletes.filtered COUNT : 0
rocksdb.number.merge.failures COUNT : 0
rocksdb.bloom.filter.prefix.checked COUNT : 0
rocksdb.bloom.filter.prefix.useful COUNT : 0
rocksdb.number.reseeks.iteration COUNT : 0
rocksdb.getupdatessince.calls COUNT : 0
rocksdb.block.cachecompressed.miss COUNT : 0
rocksdb.block.cachecompressed.hit COUNT : 0
rocksdb.block.cachecompressed.add COUNT : 0
rocksdb.block.cachecompressed.add.failures COUNT : 0
rocksdb.wal.synced COUNT : 0
rocksdb.wal.bytes COUNT : 2879880216
rocksdb.write.self COUNT : 9990018
rocksdb.write.other COUNT : 9982
rocksdb.write.timeout COUNT : 0
rocksdb.write.wal COUNT : 10000000
rocksdb.compact.read.bytes COUNT : 4644008732
rocksdb.compact.write.bytes COUNT : 3781740921
rocksdb.flush.write.bytes COUNT : 2677159616
rocksdb.number.direct.load.table.properties COUNT : 0
rocksdb.number.superversion_acquires COUNT : 0
rocksdb.number.superversion_releases COUNT : 0
rocksdb.number.superversion_cleanups COUNT : 0
rocksdb.number.block.compressed COUNT : 0
rocksdb.number.block.decompressed COUNT : 0
rocksdb.number.block.not_compressed COUNT : 0
rocksdb.merge.operation.time.nanos COUNT : 0
rocksdb.filter.operation.time.nanos COUNT : 0
rocksdb.row.cache.hit COUNT : 0
rocksdb.row.cache.miss COUNT : 0
rocksdb.read.amp.estimate.useful.bytes COUNT : 0
rocksdb.read.amp.total.read.bytes COUNT : 0
rocksdb.number.rate_limiter.drains COUNT : 0
rocksdb.number.iter.skip COUNT : 0
rocksdb.blobdb.num.put COUNT : 0
rocksdb.blobdb.num.write COUNT : 0
rocksdb.blobdb.num.get COUNT : 0
rocksdb.blobdb.num.multiget COUNT : 0
rocksdb.blobdb.num.seek COUNT : 0
rocksdb.blobdb.num.next COUNT : 0
rocksdb.blobdb.num.prev COUNT : 0
rocksdb.blobdb.num.keys.written COUNT : 0
rocksdb.blobdb.num.keys.read COUNT : 0
rocksdb.blobdb.bytes.written COUNT : 0
rocksdb.blobdb.bytes.read COUNT : 0
rocksdb.blobdb.write.inlined COUNT : 0
rocksdb.blobdb.write.inlined.ttl COUNT : 0
rocksdb.blobdb.write.blob COUNT : 0
rocksdb.blobdb.write.blob.ttl COUNT : 0
rocksdb.blobdb.blob.file.bytes.written COUNT : 0
rocksdb.blobdb.blob.file.bytes.read COUNT : 0
rocksdb.blobdb.blob.file.synced COUNT : 0
rocksdb.blobdb.blob.index.expired.count COUNT : 0
rocksdb.blobdb.blob.index.expired.size COUNT : 0
rocksdb.blobdb.blob.index.evicted.count COUNT : 0
rocksdb.blobdb.blob.index.evicted.size COUNT : 0
rocksdb.blobdb.gc.num.files COUNT : 0
rocksdb.blobdb.gc.num.new.files COUNT : 0
rocksdb.blobdb.gc.failures COUNT : 0
rocksdb.blobdb.gc.num.keys.overwritten COUNT : 0
rocksdb.blobdb.gc.num.keys.expired COUNT : 0
rocksdb.blobdb.gc.num.keys.relocated COUNT : 0
rocksdb.blobdb.gc.bytes.overwritten COUNT : 0
rocksdb.blobdb.gc.bytes.expired COUNT : 0
rocksdb.blobdb.gc.bytes.relocated COUNT : 0
rocksdb.blobdb.fifo.num.files.evicted COUNT : 0
rocksdb.blobdb.fifo.num.keys.evicted COUNT : 0
rocksdb.blobdb.fifo.bytes.evicted COUNT : 0
rocksdb.txn.overhead.mutex.prepare COUNT : 0
rocksdb.txn.overhead.mutex.old.commit.map COUNT : 0
rocksdb.txn.overhead.duplicate.key COUNT : 0
rocksdb.txn.overhead.mutex.snapshot COUNT : 0
rocksdb.number.multiget.keys.found COUNT : 0
rocksdb.num.iterator.created COUNT : 0
rocksdb.num.iterator.deleted COUNT : 0
rocksdb.block.cache.compression.dict.miss COUNT : 0
rocksdb.block.cache.compression.dict.hit COUNT : 0
rocksdb.block.cache.compression.dict.add COUNT : 0
rocksdb.block.cache.compression.dict.bytes.insert COUNT : 0
rocksdb.block.cache.compression.dict.bytes.evict COUNT : 0
rocksdb.db.get.micros P50 : 0.000000 P95 : 0.000000 P99 : 0.000000 P100 : 0.000000 COUNT : 0 SUM : 0
rocksdb.db.write.micros P50 : 12.317084 P95 : 20.516982 P99 : 30.535372 P100 : 10104.000000 COUNT : 10000000 SUM : 129295760
rocksdb.compaction.times.micros P50 : 72177.419355 P95 : 3016666.666667 P99 : 3813132.000000 P100 : 3813132.000000 COUNT : 55 SUM : 17391510
rocksdb.compaction.times.cpu_micros P50 : 66768.292683 P95 : 2150000.000000 P99 : 3542200.000000 P100 : 3542200.000000 COUNT : 55 SUM : 16086328
rocksdb.subcompaction.setup.times.micros P50 : 0.000000 P95 : 0.000000 P99 : 0.000000 P100 : 0.000000 COUNT : 0 SUM : 0
rocksdb.table.sync.micros P50 : 54695.000000 P95 : 54695.000000 P99 : 54695.000000 P100 : 54695.000000 COUNT : 23 SUM : 1175209
rocksdb.compaction.outfile.sync.micros P50 : 3607.692308 P95 : 5149.375000 P99 : 6474.875000 P100 : 21724.000000 COUNT : 482 SUM : 1914038
rocksdb.wal.file.sync.micros P50 : 0.000000 P95 : 0.000000 P99 : 0.000000 P100 : 0.000000 COUNT : 0 SUM : 0
rocksdb.manifest.file.sync.micros P50 : 126.744186 P95 : 220.000000 P99 : 888.000000 P100 : 888.000000 COUNT : 80 SUM : 10833
rocksdb.table.open.io.micros P50 : 312.267267 P95 : 635.583333 P99 : 830.850000 P100 : 2399.000000 COUNT : 505 SUM : 159924
rocksdb.db.multiget.micros P50 : 0.000000 P95 : 0.000000 P99 : 0.000000 P100 : 0.000000 COUNT : 0 SUM : 0
rocksdb.read.block.compaction.micros P50 : 0.000000 P95 : 0.000000 P99 : 0.000000 P100 : 0.000000 COUNT : 0 SUM : 0
rocksdb.read.block.get.micros P50 : 2.478409 P95 : 3.936962 P99 : 10.514623 P100 : 1177.000000 COUNT : 1175139 SUM : 3809923
rocksdb.write.raw.block.micros P50 : 0.512937 P95 : 0.974580 P99 : 3.780255 P100 : 1465.000000 COUNT : 1629606 SUM : 4664606
rocksdb.l0.slowdown.count P50 : 0.000000 P95 : 0.000000 P99 : 0.000000 P100 : 0.000000 COUNT : 0 SUM : 0
rocksdb.memtable.compaction.count P50 : 0.000000 P95 : 0.000000 P99 : 0.000000 P100 : 0.000000 COUNT : 0 SUM : 0
rocksdb.num.files.stall.count P50 : 0.000000 P95 : 0.000000 P99 : 0.000000 P100 : 0.000000 COUNT : 0 SUM : 0
rocksdb.hard.rate.limit.delay.count P50 : 0.000000 P95 : 0.000000 P99 : 0.000000 P100 : 0.000000 COUNT : 0 SUM : 0
rocksdb.soft.rate.limit.delay.count P50 : 0.000000 P95 : 0.000000 P99 : 0.000000 P100 : 0.000000 COUNT : 0 SUM : 0
rocksdb.numfiles.in.singlecompaction P50 : 1.000000 P95 : 3.450000 P99 : 3.890000 P100 : 4.000000 COUNT : 55 SUM : 72
rocksdb.db.seek.micros P50 : 0.000000 P95 : 0.000000 P99 : 0.000000 P100 : 0.000000 COUNT : 0 SUM : 0
rocksdb.db.write.stall P50 : 0.000000 P95 : 0.000000 P99 : 0.000000 P100 : 0.000000 COUNT : 0 SUM : 0
rocksdb.sst.read.micros P50 : 1.181012 P95 : 1.966451 P99 : 3.854015 P100 : 894.000000 COUNT : 1176654 SUM : 2043031
rocksdb.num.subcompactions.scheduled P50 : 0.000000 P95 : 0.000000 P99 : 0.000000 P100 : 0.000000 COUNT : 0 SUM : 0
rocksdb.bytes.per.read P50 : 0.000000 P95 : 0.000000 P99 : 0.000000 P100 : 0.000000 COUNT : 0 SUM : 0
rocksdb.bytes.per.write P50 : 315.065013 P95 : 373.623524 P99 : 378.828725 P100 : 564.000000 COUNT : 9990018 SUM : 2879880216
rocksdb.bytes.per.multiget P50 : 0.000000 P95 : 0.000000 P99 : 0.000000 P100 : 0.000000 COUNT : 0 SUM : 0
rocksdb.bytes.compressed P50 : 0.000000 P95 : 0.000000 P99 : 0.000000 P100 : 0.000000 COUNT : 0 SUM : 0
rocksdb.bytes.decompressed P50 : 0.000000 P95 : 0.000000 P99 : 0.000000 P100 : 0.000000 COUNT : 0 SUM : 0
rocksdb.compression.times.nanos P50 : 0.000000 P95 : 0.000000 P99 : 0.000000 P100 : 0.000000 COUNT : 0 SUM : 0
rocksdb.decompression.times.nanos P50 : 0.000000 P95 : 0.000000 P99 : 0.000000 P100 : 0.000000 COUNT : 0 SUM : 0
rocksdb.read.num.merge_operands P50 : 0.000000 P95 : 0.000000 P99 : 0.000000 P100 : 0.000000 COUNT : 0 SUM : 0
rocksdb.blobdb.key.size P50 : 0.000000 P95 : 0.000000 P99 : 0.000000 P100 : 0.000000 COUNT : 0 SUM : 0
rocksdb.blobdb.value.size P50 : 0.000000 P95 : 0.000000 P99 : 0.000000 P100 : 0.000000 COUNT : 0 SUM : 0
rocksdb.blobdb.write.micros P50 : 0.000000 P95 : 0.000000 P99 : 0.000000 P100 : 0.000000 COUNT : 0 SUM : 0
rocksdb.blobdb.get.micros P50 : 0.000000 P95 : 0.000000 P99 : 0.000000 P100 : 0.000000 COUNT : 0 SUM : 0
rocksdb.blobdb.multiget.micros P50 : 0.000000 P95 : 0.000000 P99 : 0.000000 P100 : 0.000000 COUNT : 0 SUM : 0
rocksdb.blobdb.seek.micros P50 : 0.000000 P95 : 0.000000 P99 : 0.000000 P100 : 0.000000 COUNT : 0 SUM : 0
rocksdb.blobdb.next.micros P50 : 0.000000 P95 : 0.000000 P99 : 0.000000 P100 : 0.000000 COUNT : 0 SUM : 0
rocksdb.blobdb.prev.micros P50 : 0.000000 P95 : 0.000000 P99 : 0.000000 P100 : 0.000000 COUNT : 0 SUM : 0
rocksdb.blobdb.blob.file.write.micros P50 : 0.000000 P95 : 0.000000 P99 : 0.000000 P100 : 0.000000 COUNT : 0 SUM : 0
rocksdb.blobdb.blob.file.read.micros P50 : 0.000000 P95 : 0.000000 P99 : 0.000000 P100 : 0.000000 COUNT : 0 SUM : 0
rocksdb.blobdb.blob.file.sync.micros P50 : 0.000000 P95 : 0.000000 P99 : 0.000000 P100 : 0.000000 COUNT : 0 SUM : 0
rocksdb.blobdb.gc.micros P50 : 0.000000 P95 : 0.000000 P99 : 0.000000 P100 : 0.000000 COUNT : 0 SUM : 0
rocksdb.blobdb.compression.micros P50 : 0.000000 P95 : 0.000000 P99 : 0.000000 P100 : 0.000000 COUNT : 0 SUM : 0
rocksdb.blobdb.decompression.micros P50 : 0.000000 P95 : 0.000000 P99 : 0.000000 P100 : 0.000000 COUNT : 0 SUM : 0
rocksdb.db.flush.micros P50 : 462325.000000 P95 : 462325.000000 P99 : 462325.000000 P100 : 462325.000000 COUNT : 23 SUM : 9264818
rocksdb.sst.batch.size P50 : 0.000000 P95 : 0.000000 P99 : 0.000000 P100 : 0.000000 COUNT : 0 SUM : 0

