Initializing RocksDB Options from the specified file
Initializing RocksDB Options from command-line flags
Keys:       16 bytes each
Values:     256 bytes each (128 bytes after compression)
Entries:    10000000
Prefix:    0 bytes
Keys per prefix:    0
RawSize:    2594.0 MB (estimated)
FileSize:   1373.3 MB (estimated)
Write rate: 0 bytes/second
Read rate: 0 ops/second
Compression: NoCompression
Compression sampling rate: 0
Memtablerep: skip_list
Perf Level: 5
WARNING: Assertions are enabled; benchmarks unnecessarily slow
------------------------------------------------
DB path: [/home/zyh/480G/wp]
readrandom   :      32.545 micros/op 122675 ops/sec;   31.8 MB/s (10000000 of 10000000 found)
 PERF_CONTEXT:
user_key_comparison_count = 317707618, block_cache_hit_count = 0, block_read_count = 177602, block_read_byte = 692031687, block_read_time = 3081805987, block_cache_index_hit_count = 0, index_block_read_count = 0, block_cache_filter_hit_count = 0, filter_block_read_count = 0, compression_dict_block_read_count = 0, block_checksum_time = 68801968, block_decompress_time = 883533294, get_read_bytes = 2560000000, multiget_read_bytes = 0, iter_read_bytes = 0, internal_key_skipped_count = 0, internal_delete_skipped_count = 0, internal_recent_skipped_count = 0, internal_merge_count = 0, write_wal_time = 0, get_snapshot_time = 6325484961, get_from_memtable_time = 0, get_from_memtable_count = 0, get_post_process_time = 2446430021, get_from_output_files_time = 294407120630, seek_on_memtable_time = 0, seek_on_memtable_count = 0, next_on_memtable_count = 0, prev_on_memtable_count = 0, seek_child_seek_time = 0, seek_child_seek_count = 0, seek_min_heap_time = 0, seek_internal_seek_time = 0, find_next_user_entry_time = 0, write_pre_and_post_process_time = 0, write_memtable_time = 0, write_thread_wait_nanos = 0, write_scheduling_flushes_compactions_time = 0, db_mutex_lock_nanos = 318, db_condition_wait_nanos = 0, merge_operator_time_nanos = 0, write_delay_time = 0, read_index_block_nanos = 0, read_filter_block_nanos = 0, new_table_block_iter_nanos = 245228211458, new_table_iterator_nanos = 0, block_seek_nanos = 13711483226, find_table_nanos = 0, bloom_memtable_hit_count = 0, bloom_memtable_miss_count = 0, bloom_sst_hit_count = 10000000, bloom_sst_miss_count = 0, key_lock_wait_time = 0, key_lock_wait_count = 0, env_new_sequential_file_nanos = 0, env_new_random_access_file_nanos = 0, env_new_writable_file_nanos = 0, env_reuse_writable_file_nanos = 0, env_new_random_rw_file_nanos = 0, env_new_directory_nanos = 0, env_file_exists_nanos = 0, env_get_children_nanos = 0, env_get_children_file_attributes_nanos = 0, env_delete_file_nanos = 0, env_create_dir_nanos = 0, env_create_dir_if_missing_nanos = 0, env_delete_dir_nanos = 0, env_get_file_size_nanos = 0, env_get_file_modification_time_nanos = 0, env_rename_file_nanos = 0, env_link_file_nanos = 0, env_lock_file_nanos = 0, env_unlock_file_nanos = 0, env_new_logger_nanos = 0, get_cpu_nanos = 215429343856, iter_next_cpu_nanos = 0, iter_prev_cpu_nanos = 0, iter_seek_cpu_nanos = 0, bloom_filter_useful = 0@level0, 0@level5, 0@level6, 0@level7, bloom_filter_full_positive = 585394@level0, 1875748@level5, 7538858@level6, 0@level7, bloom_filter_full_true_positive = 585394@level0, 1875748@level5, 7538858@level6, 0@level7, block_cache_hit_count = 0@level0, 0@level5, 0@level6, 0@level7, block_cache_miss_count = 0@level0, 0@level5, 0@level6, 0@level7, 
Microseconds per read:
Count: 40000000 Average: 32.5446  StdDev: 14.90
Min: 7  Median: 29.3559  Max: 8373
Percentiles: P50: 29.36 P75: 33.15 P99: 85.26 P99.9: 191.09 P99.99: 317.28
------------------------------------------------------
(       6,      10 ]   107450   0.269%   0.269% 
(      10,      15 ]   281386   0.703%   0.972% 
(      15,      22 ]   229947   0.575%   1.547% 
(      22,      34 ] 31617537  79.044%  80.591% ################
(      34,      51 ]  6641825  16.605%  97.195% ###
(      51,      76 ]   630929   1.577%  98.773% 
(      76,     110 ]   333894   0.835%  99.607% 
(     110,     170 ]   104990   0.262%  99.870% 
(     170,     250 ]    45669   0.114%  99.984% 
(     250,     380 ]     4585   0.011%  99.996% 
(     380,     580 ]      410   0.001%  99.997% 
(     580,     870 ]      301   0.001%  99.997% 
(     870,    1300 ]      616   0.002%  99.999% 
(    1300,    1900 ]      270   0.001% 100.000% 
(    1900,    2900 ]      148   0.000% 100.000% 
(    2900,    4400 ]       33   0.000% 100.000% 
(    4400,    6600 ]        9   0.000% 100.000% 
(    6600,    9900 ]        1   0.000% 100.000% 



** Compaction Stats [default] **
Level    Files   Size     Score Read(GB)  Rn(GB) Rnp1(GB) Write(GB) Wnew(GB) Moved(GB) W-Amp Rd(MB/s) Wr(MB/s) Comp(sec) CompMergeCPU(sec) Comp(cnt) Avg(sec) KeyIn KeyDrop
----------------------------------------------------------------------------------------------------------------------------------------------------------------------------
  L0      3/0   161.51 MB   0.8      0.0     0.0      0.0       0.0      0.0       0.0   0.0      0.0      0.0      0.00              0.00         0    0.000       0      0
  L5     63/0   509.10 MB   1.0      0.0     0.0      0.0       0.0      0.0       0.0   0.0      0.0      0.0      0.00              0.00         0    0.000       0      0
  L6    251/0    1.99 GB   0.0      0.0     0.0      0.0       0.0      0.0       0.0   0.0      0.0      0.0      0.00              0.00         0    0.000       0      0
 Sum    317/0    2.65 GB   0.0      0.0     0.0      0.0       0.0      0.0       0.0   0.0      0.0      0.0      0.00              0.00         0    0.000       0      0
 Int      0/0    0.00 KB   0.0      0.0     0.0      0.0       0.0      0.0       0.0   0.0      0.0      0.0      0.00              0.00         0    0.000       0      0

** Compaction Stats [default] **
Priority    Files   Size     Score Read(GB)  Rn(GB) Rnp1(GB) Write(GB) Wnew(GB) Moved(GB) W-Amp Rd(MB/s) Wr(MB/s) Comp(sec) CompMergeCPU(sec) Comp(cnt) Avg(sec) KeyIn KeyDrop
-------------------------------------------------------------------------------------------------------------------------------------------------------------------------------
Uptime(secs): 326.2 total, 326.1 interval
Flush(GB): cumulative 0.000, interval 0.000
AddFile(GB): cumulative 0.000, interval 0.000
AddFile(Total Files): cumulative 0, interval 0
AddFile(L0 Files): cumulative 0, interval 0
AddFile(Keys): cumulative 0, interval 0
Cumulative compaction: 0.00 GB write, 0.00 MB/s write, 0.00 GB read, 0.00 MB/s read, 0.0 seconds
Interval compaction: 0.00 GB write, 0.00 MB/s write, 0.00 GB read, 0.00 MB/s read, 0.0 seconds
Stalls(count): 0 level0_slowdown, 0 level0_slowdown_with_compaction, 0 level0_numfiles, 0 level0_numfiles_with_compaction, 0 stop for pending_compaction_bytes, 0 slowdown for pending_compaction_bytes, 0 memtable_compaction, 0 memtable_slowdown, interval 0 total count

** File Read Latency Histogram By Level [default] **
** Level 0 read latency histogram (micros):
Count: 41747 Average: 17.1229  StdDev: 21.53
Min: 3  Median: 17.7331  Max: 1981
Percentiles: P50: 17.73 P75: 23.37 P99: 48.29 P99.9: 72.58 P99.99: 1465.06
------------------------------------------------------
(       2,       3 ]     1504   3.603%   3.603% #
(       3,       4 ]     9985  23.918%  27.521% #####
(       4,       6 ]     3153   7.553%  35.073% ##
(       6,      10 ]      107   0.256%  35.329% 
(      10,      15 ]      146   0.350%  35.679% 
(      15,      22 ]    15312  36.678%  72.357% #######
(      22,      34 ]     9667  23.156%  95.513% #####
(      34,      51 ]     1732   4.149%  99.662% #
(      51,      76 ]      115   0.275%  99.938% 
(      76,     110 ]       15   0.036%  99.974% 
(     110,     170 ]        3   0.007%  99.981% 
(     580,     870 ]        1   0.002%  99.983% 
(     870,    1300 ]        2   0.005%  99.988% 
(    1300,    1900 ]        3   0.007%  99.995% 
(    1900,    2900 ]        1   0.002%  99.998% 

** Level 5 read latency histogram (micros):
Count: 134335 Average: 16.9257  StdDev: 14.12
Min: 1  Median: 17.6214  Max: 1738
Percentiles: P50: 17.62 P75: 22.75 P99: 48.29 P99.9: 75.78 P99.99: 409.72
------------------------------------------------------
[       0,       1 ]       33   0.025%   0.025% 
(       1,       2 ]       61   0.045%   0.070% 
(       2,       3 ]     5233   3.895%   3.965% #
(       3,       4 ]    31796  23.669%  27.635% #####
(       4,       6 ]    10219   7.607%  35.242% ##
(       6,      10 ]      386   0.287%  35.529% 
(      10,      15 ]      439   0.327%  35.856% 
(      15,      22 ]    50738  37.770%  73.626% ########
(      22,      34 ]    29644  22.067%  95.693% ####
(      34,      51 ]     5284   3.933%  99.626% #
(      51,      76 ]      371   0.276%  99.902% 
(      76,     110 ]       45   0.033%  99.936% 
(     110,     170 ]       26   0.019%  99.955% 
(     170,     250 ]       19   0.014%  99.969% 
(     250,     380 ]       24   0.018%  99.987% 
(     380,     580 ]       24   0.018% 100.005% 
(     580,     870 ]        2   0.001% 100.007% 
(    1300,    1900 ]        1   0.001% 100.007% 

** Level 6 read latency histogram (micros):
Count: 539183 Average: 16.9633  StdDev: 13.45
Min: 1  Median: 17.6542  Max: 1877
Percentiles: P50: 17.65 P75: 22.91 P99: 48.36 P99.9: 75.50 P99.99: 322.06
------------------------------------------------------
[       0,       1 ]      147   0.027%   0.027% 
(       1,       2 ]      257   0.048%   0.075% 
(       2,       3 ]    19377   3.594%   3.669% #
(       3,       4 ]   126409  23.445%  27.113% #####
(       4,       6 ]    43358   8.041%  35.155% ##
(       6,      10 ]     1605   0.298%  35.452% 
(      10,      15 ]     1749   0.324%  35.777% 
(      15,      22 ]   202257  37.512%  73.288% ########
(      22,      34 ]   121075  22.455%  95.744% ####
(      34,      51 ]    20788   3.855%  99.599% #
(      51,      76 ]     1655   0.307%  99.906% 
(      76,     110 ]      194   0.036%  99.942% 
(     110,     170 ]      115   0.021%  99.963% 
(     170,     250 ]       81   0.015%  99.978% 
(     250,     380 ]      112   0.021%  99.999% 
(     380,     580 ]       58   0.011% 100.010% 
(     580,     870 ]        9   0.002% 100.012% 
(     870,    1300 ]        3   0.001% 100.012% 
(    1300,    1900 ]        1   0.000% 100.012% 


** DB Stats **
Uptime(secs): 326.2 total, 326.1 interval
Cumulative writes: 0 writes, 0 keys, 0 commit groups, 0.0 writes per commit group, ingest: 0.00 GB, 0.00 MB/s
Cumulative WAL: 0 writes, 0 syncs, 0.00 writes per sync, written: 0.00 GB, 0.00 MB/s
Cumulative stall: 00:00:0.000 H:M:S, 0.0 percent
Interval writes: 0 writes, 0 keys, 0 commit groups, 0.0 writes per commit group, ingest: 0.00 MB, 0.00 MB/s
Interval WAL: 0 writes, 0 syncs, 0.00 writes per sync, written: 0.00 MB, 0.00 MB/s
Interval stall: 00:00:0.000 H:M:S, 0.0 percent


Level Files Size(MB)
--------------------
  0        3      162
  1        0        0
  2        0        0
  3        0        0
  4        0        0
  5       63      509
  6      251     2039


--- level 0 --- version# 2 ---
 425:44195017[19694710 .. 20000000]['00000000009635913030303030303030' seq:19694710, type:1 .. '000000000098967F3030303030303030' seq:20000000, type:1](601088)
 423:62667568[19265700 .. 19694709]['000000000092EF6F3030303030303030' seq:19265700, type:1 .. '0000000000964EE33030303030303030' seq:19694709, type:1](906240)
 421:62492057[18838170 .. 19265698]['00000000008FAC283030303030303030' seq:18838170, type:1 .. '00000000009309323030303030303030' seq:19265697, type:1](875520)
--- level 1 --- version# 2 ---
--- level 2 --- version# 2 ---
--- level 3 --- version# 2 ---
--- level 4 --- version# 2 ---
--- level 5 --- version# 2 ---
 127:8542118[5135379 .. 5195718]['0000000000272BDF3030303030303030' seq:5135379, type:1 .. '000000000027A18F3030303030303030' seq:5195718, type:1](110592)
 128:8546011[5195720 .. 5256005]['000000000027A1903030303030303030' seq:5195720, type:1 .. '000000000028174E3030303030303030' seq:5256005, type:1](129024)
 129:8542117[5256007 .. 5316259]['000000000028174F3030303030303030' seq:5256007, type:1 .. '0000000000288CFF3030303030303030' seq:5316259, type:1](84992)
 130:8546012[5316261 .. 5376540]['0000000000288D003030303030303030' seq:5316261, type:1 .. '00000000002902BE3030303030303030' seq:5376540, type:1](144384)
 131:8542118[5376542 .. 5436797]['00000000002902BF3030303030303030' seq:5376542, type:1 .. '000000000029786F3030303030303030' seq:5436797, type:1](117760)
 132:8546012[5436799 .. 5497085]['00000000002978703030303030303030' seq:5436799, type:1 .. '000000000029EE2E3030303030303030' seq:5497085, type:1](119808)
 133:8542118[5497087 .. 5557340]['000000000029EE2F3030303030303030' seq:5497087, type:1 .. '00000000002A63DF3030303030303030' seq:5557340, type:1](119808)
 134:8546012[5557342 .. 5617625]['00000000002A63E03030303030303030' seq:5557342, type:1 .. '00000000002AD99E3030303030303030' seq:5617625, type:1](115712)
 135:8542119[5617627 .. 5677881]['00000000002AD99F3030303030303030' seq:5617627, type:1 .. '00000000002B4F4F3030303030303030' seq:5677881, type:1](118784)
 136:8546010[5677883 .. 5738164]['00000000002B4F503030303030303030' seq:5677883, type:1 .. '00000000002BC50E3030303030303030' seq:5738164, type:1](119808)
 137:8542118[5738166 .. 5798425]['00000000002BC50F3030303030303030' seq:5738166, type:1 .. '00000000002C3ABF3030303030303030' seq:5798425, type:1](126976)
 138:8546010[5798427 .. 5858710]['00000000002C3AC03030303030303030' seq:5798427, type:1 .. '00000000002CB07E3030303030303030' seq:5858710, type:1](125952)
 139:8542119[5858712 .. 5918967]['00000000002CB07F3030303030303030' seq:5858712, type:1 .. '00000000002D262F3030303030303030' seq:5918967, type:1](118784)
 140:8546009[5918969 .. 5979250]['00000000002D26303030303030303030' seq:5918969, type:1 .. '00000000002D9BEE3030303030303030' seq:5979250, type:1](117760)
 141:8542119[5979252 .. 6039447]['00000000002D9BEF3030303030303030' seq:5979252, type:1 .. '00000000002E119F3030303030303030' seq:6039447, type:1](139264)
 142:8546010[6039449 .. 6099747]['00000000002E11A03030303030303030' seq:6039449, type:1 .. '00000000002E875E3030303030303030' seq:6099747, type:1](109568)
 143:8542118[6099749 .. 6160005]['00000000002E875F3030303030303030' seq:6099749, type:1 .. '00000000002EFD0F3030303030303030' seq:6160005, type:1](105472)
 144:8546010[6160007 .. 6220289]['00000000002EFD103030303030303030' seq:6160007, type:1 .. '00000000002F72CE3030303030303030' seq:6220289, type:1](123904)
 145:8542118[6220291 .. 6280546]['00000000002F72CF3030303030303030' seq:6220291, type:1 .. '00000000002FE87F3030303030303030' seq:6280546, type:1](122880)
 146:8546011[6280548 .. 6340832]['00000000002FE8803030303030303030' seq:6280548, type:1 .. '0000000000305E3E3030303030303030' seq:6340832, type:1](108544)
 147:8542117[6340834 .. 6401088]['0000000000305E3F3030303030303030' seq:6340834, type:1 .. '000000000030D3EF3030303030303030' seq:6401088, type:1](116736)
 148:8546011[6401090 .. 6461374]['000000000030D3F03030303030303030' seq:6401090, type:1 .. '00000000003149AE3030303030303030' seq:6461374, type:1](114688)
 149:8542118[6461376 .. 6521632]['00000000003149AF3030303030303030' seq:6461376, type:1 .. '000000000031BF5F3030303030303030' seq:6521632, type:1](134144)
 150:8546011[6521634 .. 6581917]['000000000031BF603030303030303030' seq:6521634, type:1 .. '000000000032351E3030303030303030' seq:6581917, type:1](149504)
 151:8542117[6581919 .. 6642175]['000000000032351F3030303030303030' seq:6581919, type:1 .. '000000000032AACF3030303030303030' seq:6642175, type:1](113664)
 152:8546011[6642177 .. 6702461]['000000000032AAD03030303030303030' seq:6642177, type:1 .. '000000000033208E3030303030303030' seq:6702461, type:1](117760)
 153:8542118[6702463 .. 6762719]['000000000033208F3030303030303030' seq:6702463, type:1 .. '000000000033963F3030303030303030' seq:6762719, type:1](121856)
 154:8546010[6762721 .. 6823004]['00000000003396403030303030303030' seq:6762721, type:1 .. '0000000000340BFE3030303030303030' seq:6823004, type:1](126976)
 164:8542118[0 .. 0]['0000000000340BFF3030303030303030' seq:0, type:1 .. '00000000003481AF3030303030303030' seq:0, type:1](114688)
 165:8546010[0 .. 0]['00000000003481B03030303030303030' seq:0, type:1 .. '000000000034F76E3030303030303030' seq:0, type:1](130048)
 166:8542119[0 .. 0]['000000000034F76F3030303030303030' seq:0, type:1 .. '0000000000356D1F3030303030303030' seq:0, type:1](97280)
 167:8546009[0 .. 0]['0000000000356D203030303030303030' seq:0, type:1 .. '000000000035E2DE3030303030303030' seq:0, type:1](121856)
 168:8542119[0 .. 0]['000000000035E2DF3030303030303030' seq:0, type:1 .. '000000000036588F3030303030303030' seq:0, type:1](105472)
 169:8546010[0 .. 0]['00000000003658903030303030303030' seq:0, type:1 .. '000000000036CE4E3030303030303030' seq:0, type:1](118784)
 170:8542118[0 .. 0]['000000000036CE4F3030303030303030' seq:0, type:1 .. '00000000003743FF3030303030303030' seq:0, type:1](124928)
 171:8546011[0 .. 0]['00000000003744003030303030303030' seq:0, type:1 .. '000000000037B9BE3030303030303030' seq:0, type:1](107520)
 172:8542119[0 .. 0]['000000000037B9BF3030303030303030' seq:0, type:1 .. '0000000000382F6F3030303030303030' seq:0, type:1](126976)
 173:8546012[0 .. 0]['0000000000382F703030303030303030' seq:0, type:1 .. '000000000038A52E3030303030303030' seq:0, type:1](125952)
 174:8542118[0 .. 0]['000000000038A52F3030303030303030' seq:0, type:1 .. '0000000000391ADF3030303030303030' seq:0, type:1](112640)
 175:8546012[0 .. 0]['0000000000391AE03030303030303030' seq:0, type:1 .. '000000000039909E3030303030303030' seq:0, type:1](132096)
 396:8542119[0 .. 0]['000000000084FA7F3030303030303030' seq:0, type:1 .. '000000000085702F3030303030303030' seq:0, type:1](125952)
 397:8546009[0 .. 0]['00000000008570303030303030303030' seq:0, type:1 .. '000000000085E5EE3030303030303030' seq:0, type:1](134144)
 398:8542119[0 .. 0]['000000000085E5EF3030303030303030' seq:0, type:1 .. '0000000000865B9F3030303030303030' seq:0, type:1](107520)
 399:8546010[0 .. 0]['0000000000865BA03030303030303030' seq:0, type:1 .. '000000000086D15E3030303030303030' seq:0, type:1](122880)
 400:8542119[0 .. 0]['000000000086D15F3030303030303030' seq:0, type:1 .. '000000000087470F3030303030303030' seq:0, type:1](135168)
 401:8546009[0 .. 0]['00000000008747103030303030303030' seq:0, type:1 .. '000000000087BCCE3030303030303030' seq:0, type:1](138240)
 402:8542119[0 .. 0]['000000000087BCCF3030303030303030' seq:0, type:1 .. '000000000088327F3030303030303030' seq:0, type:1](110592)
 403:8546010[0 .. 0]['00000000008832803030303030303030' seq:0, type:1 .. '000000000088A83E3030303030303030' seq:0, type:1](129024)
 405:8546010[0 .. 0]['0000000000891DF03030303030303030' seq:0, type:1 .. '00000000008993AE3030303030303030' seq:0, type:1](113664)
 406:8542119[0 .. 0]['00000000008993AF3030303030303030' seq:0, type:1 .. '00000000008A095F3030303030303030' seq:0, type:1](104448)
 407:8546010[0 .. 0]['00000000008A09603030303030303030' seq:0, type:1 .. '00000000008A7F1E3030303030303030' seq:0, type:1](109568)
 408:8542117[0 .. 0]['00000000008A7F1F3030303030303030' seq:0, type:1 .. '00000000008AF4CF3030303030303030' seq:0, type:1](110592)
 409:8546011[0 .. 0]['00000000008AF4D03030303030303030' seq:0, type:1 .. '00000000008B6A8E3030303030303030' seq:0, type:1](130048)
 410:8542118[0 .. 0]['00000000008B6A8F3030303030303030' seq:0, type:1 .. '00000000008BE03F3030303030303030' seq:0, type:1](129024)
 411:8546010[0 .. 0]['00000000008BE0403030303030303030' seq:0, type:1 .. '00000000008C55FE3030303030303030' seq:0, type:1](103424)
 412:8542118[0 .. 0]['00000000008C55FF3030303030303030' seq:0, type:1 .. '00000000008CCBAF3030303030303030' seq:0, type:1](117760)
 413:8546011[0 .. 0]['00000000008CCBB03030303030303030' seq:0, type:1 .. '00000000008D416E3030303030303030' seq:0, type:1](110592)
 414:8542118[0 .. 0]['00000000008D416F3030303030303030' seq:0, type:1 .. '00000000008DB71F3030303030303030' seq:0, type:1](126976)
 415:8546010[0 .. 0]['00000000008DB7203030303030303030' seq:0, type:1 .. '00000000008E2CDE3030303030303030' seq:0, type:1](109568)
 416:8542118[0 .. 0]['00000000008E2CDF3030303030303030' seq:0, type:1 .. '00000000008EA28F3030303030303030' seq:0, type:1](116736)
 417:8546011[0 .. 0]['00000000008EA2903030303030303030' seq:0, type:1 .. '00000000008F184E3030303030303030' seq:0, type:1](120832)
 418:8542117[0 .. 0]['00000000008F184F3030303030303030' seq:0, type:1 .. '00000000008F8DFF3030303030303030' seq:0, type:1](118784)
 419:4096496[0 .. 0]['00000000008F8E003030303030303030' seq:0, type:1 .. '00000000008FC66F3030303030303030' seq:0, type:1](27648)
--- level 6 --- version# 2 ---
 15:8546011[0 .. 0]['00000000000000003030303030303030' seq:0, type:1 .. '00000000000075BE3030303030303030' seq:0, type:1](122880)
 16:8542118[0 .. 0]['00000000000075BF3030303030303030' seq:0, type:1 .. '000000000000EB6F3030303030303030' seq:0, type:1](118784)
 17:8546011[0 .. 0]['000000000000EB703030303030303030' seq:0, type:1 .. '000000000001612E3030303030303030' seq:0, type:1](118784)
 18:8542117[0 .. 0]['000000000001612F3030303030303030' seq:0, type:1 .. '000000000001D6DF3030303030303030' seq:0, type:1](128000)
 19:8546011[0 .. 0]['000000000001D6E03030303030303030' seq:0, type:1 .. '0000000000024C9E3030303030303030' seq:0, type:1](112640)
 20:8542118[0 .. 0]['0000000000024C9F3030303030303030' seq:0, type:1 .. '000000000002C24F3030303030303030' seq:0, type:1](135168)
 21:8546009[0 .. 0]['000000000002C2503030303030303030' seq:0, type:1 .. '000000000003380E3030303030303030' seq:0, type:1](102400)
 22:8542117[0 .. 0]['000000000003380F3030303030303030' seq:0, type:1 .. '000000000003ADBF3030303030303030' seq:0, type:1](121856)
 23:8546009[0 .. 0]['000000000003ADC03030303030303030' seq:0, type:1 .. '000000000004237E3030303030303030' seq:0, type:1](110592)
 24:8542118[0 .. 0]['000000000004237F3030303030303030' seq:0, type:1 .. '000000000004992F3030303030303030' seq:0, type:1](117760)
 25:8546008[0 .. 0]['00000000000499303030303030303030' seq:0, type:1 .. '0000000000050EEE3030303030303030' seq:0, type:1](122880)
 26:8542118[0 .. 0]['0000000000050EEF3030303030303030' seq:0, type:1 .. '000000000005849F3030303030303030' seq:0, type:1](134144)
 27:8546010[0 .. 0]['00000000000584A03030303030303030' seq:0, type:1 .. '000000000005FA5E3030303030303030' seq:0, type:1](126976)
 28:8542119[0 .. 0]['000000000005FA5F3030303030303030' seq:0, type:1 .. '000000000006700F3030303030303030' seq:0, type:1](121856)
 29:8546009[0 .. 0]['00000000000670103030303030303030' seq:0, type:1 .. '000000000006E5CE3030303030303030' seq:0, type:1](118784)
 30:8542119[0 .. 0]['000000000006E5CF3030303030303030' seq:0, type:1 .. '0000000000075B7F3030303030303030' seq:0, type:1](112640)
 31:8546010[0 .. 0]['0000000000075B803030303030303030' seq:0, type:1 .. '000000000007D13E3030303030303030' seq:0, type:1](116736)
 32:8542118[0 .. 0]['000000000007D13F3030303030303030' seq:0, type:1 .. '00000000000846EF3030303030303030' seq:0, type:1](131072)
 33:8546010[0 .. 0]['00000000000846F03030303030303030' seq:0, type:1 .. '000000000008BCAE3030303030303030' seq:0, type:1](115712)
 34:8542119[0 .. 0]['000000000008BCAF3030303030303030' seq:0, type:1 .. '000000000009325F3030303030303030' seq:0, type:1](98304)
 35:8546010[0 .. 0]['00000000000932603030303030303030' seq:0, type:1 .. '000000000009A81E3030303030303030' seq:0, type:1](124928)
 36:8542118[0 .. 0]['000000000009A81F3030303030303030' seq:0, type:1 .. '00000000000A1DCF3030303030303030' seq:0, type:1](110592)
 37:8546010[0 .. 0]['00000000000A1DD03030303030303030' seq:0, type:1 .. '00000000000A938E3030303030303030' seq:0, type:1](135168)
 38:8542119[0 .. 0]['00000000000A938F3030303030303030' seq:0, type:1 .. '00000000000B093F3030303030303030' seq:0, type:1](132096)
 39:8546009[0 .. 0]['00000000000B09403030303030303030' seq:0, type:1 .. '00000000000B7EFE3030303030303030' seq:0, type:1](110592)
 40:8542118[0 .. 0]['00000000000B7EFF3030303030303030' seq:0, type:1 .. '00000000000BF4AF3030303030303030' seq:0, type:1](129024)
 41:8546011[0 .. 0]['00000000000BF4B03030303030303030' seq:0, type:1 .. '00000000000C6A6E3030303030303030' seq:0, type:1](125952)
 42:8542118[0 .. 0]['00000000000C6A6F3030303030303030' seq:0, type:1 .. '00000000000CE01F3030303030303030' seq:0, type:1](135168)
 52:8546010[0 .. 0]['00000000000CE0203030303030303030' seq:0, type:1 .. '00000000000D55DE3030303030303030' seq:0, type:1](114688)
 53:8542118[0 .. 0]['00000000000D55DF3030303030303030' seq:0, type:1 .. '00000000000DCB8F3030303030303030' seq:0, type:1](128000)
 54:8546011[0 .. 0]['00000000000DCB903030303030303030' seq:0, type:1 .. '00000000000E414E3030303030303030' seq:0, type:1](116736)
 55:8542117[0 .. 0]['00000000000E414F3030303030303030' seq:0, type:1 .. '00000000000EB6FF3030303030303030' seq:0, type:1](153600)
 56:8546012[0 .. 0]['00000000000EB7003030303030303030' seq:0, type:1 .. '00000000000F2CBE3030303030303030' seq:0, type:1](125952)
 57:8542118[0 .. 0]['00000000000F2CBF3030303030303030' seq:0, type:1 .. '00000000000FA26F3030303030303030' seq:0, type:1](115712)
 58:8546013[0 .. 0]['00000000000FA2703030303030303030' seq:0, type:1 .. '000000000010182E3030303030303030' seq:0, type:1](116736)
 59:8542117[0 .. 0]['000000000010182F3030303030303030' seq:0, type:1 .. '0000000000108DDF3030303030303030' seq:0, type:1](126976)
 60:8546013[0 .. 0]['0000000000108DE03030303030303030' seq:0, type:1 .. '000000000011039E3030303030303030' seq:0, type:1](119808)
 61:8542118[0 .. 0]['000000000011039F3030303030303030' seq:0, type:1 .. '000000000011794F3030303030303030' seq:0, type:1](123904)
 62:8546010[0 .. 0]['00000000001179503030303030303030' seq:0, type:1 .. '000000000011EF0E3030303030303030' seq:0, type:1](117760)
 63:8542118[0 .. 0]['000000000011EF0F3030303030303030' seq:0, type:1 .. '00000000001264BF3030303030303030' seq:0, type:1](108544)
 64:8546010[0 .. 0]['00000000001264C03030303030303030' seq:0, type:1 .. '000000000012DA7E3030303030303030' seq:0, type:1](106496)
 65:8542119[0 .. 0]['000000000012DA7F3030303030303030' seq:0, type:1 .. '000000000013502F3030303030303030' seq:0, type:1](129024)
 66:8546009[0 .. 0]['00000000001350303030303030303030' seq:0, type:1 .. '000000000013C5EE3030303030303030' seq:0, type:1](116736)
 67:8542119[0 .. 0]['000000000013C5EF3030303030303030' seq:0, type:1 .. '0000000000143B9F3030303030303030' seq:0, type:1](129024)
 68:8546010[0 .. 0]['0000000000143BA03030303030303030' seq:0, type:1 .. '000000000014B15E3030303030303030' seq:0, type:1](117760)
 69:8542119[0 .. 0]['000000000014B15F3030303030303030' seq:0, type:1 .. '000000000015270F3030303030303030' seq:0, type:1](121856)
 70:8546009[0 .. 0]['00000000001527103030303030303030' seq:0, type:1 .. '0000000000159CCE3030303030303030' seq:0, type:1](123904)
 71:8542119[0 .. 0]['0000000000159CCF3030303030303030' seq:0, type:1 .. '000000000016127F3030303030303030' seq:0, type:1](131072)
 72:8546010[0 .. 0]['00000000001612803030303030303030' seq:0, type:1 .. '000000000016883E3030303030303030' seq:0, type:1](125952)
 73:8542117[0 .. 0]['000000000016883F3030303030303030' seq:0, type:1 .. '000000000016FDEF3030303030303030' seq:0, type:1](109568)
 74:8546011[0 .. 0]['000000000016FDF03030303030303030' seq:0, type:1 .. '00000000001773AE3030303030303030' seq:0, type:1](103424)
 75:8542118[0 .. 0]['00000000001773AF3030303030303030' seq:0, type:1 .. '000000000017E95F3030303030303030' seq:0, type:1](125952)
 76:8546011[0 .. 0]['000000000017E9603030303030303030' seq:0, type:1 .. '0000000000185F1E3030303030303030' seq:0, type:1](115712)
 77:8542117[0 .. 0]['0000000000185F1F3030303030303030' seq:0, type:1 .. '000000000018D4CF3030303030303030' seq:0, type:1](87040)
 78:8546011[0 .. 0]['000000000018D4D03030303030303030' seq:0, type:1 .. '0000000000194A8E3030303030303030' seq:0, type:1](105472)
 79:8542118[0 .. 0]['0000000000194A8F3030303030303030' seq:0, type:1 .. '000000000019C03F3030303030303030' seq:0, type:1](116736)
 89:8546010[0 .. 0]['000000000019C0403030303030303030' seq:0, type:1 .. '00000000001A35FE3030303030303030' seq:0, type:1](128000)
 90:8542118[0 .. 0]['00000000001A35FF3030303030303030' seq:0, type:1 .. '00000000001AABAF3030303030303030' seq:0, type:1](135168)
 91:8546011[0 .. 0]['00000000001AABB03030303030303030' seq:0, type:1 .. '00000000001B216E3030303030303030' seq:0, type:1](113664)
 92:8542118[0 .. 0]['00000000001B216F3030303030303030' seq:0, type:1 .. '00000000001B971F3030303030303030' seq:0, type:1](104448)
 93:8546010[0 .. 0]['00000000001B97203030303030303030' seq:0, type:1 .. '00000000001C0CDE3030303030303030' seq:0, type:1](133120)
 94:8542118[0 .. 0]['00000000001C0CDF3030303030303030' seq:0, type:1 .. '00000000001C828F3030303030303030' seq:0, type:1](119808)
 95:8546010[0 .. 0]['00000000001C82903030303030303030' seq:0, type:1 .. '00000000001CF84E3030303030303030' seq:0, type:1](131072)
 96:8542118[0 .. 0]['00000000001CF84F3030303030303030' seq:0, type:1 .. '00000000001D6DFF3030303030303030' seq:0, type:1](118784)
 97:8546011[0 .. 0]['00000000001D6E003030303030303030' seq:0, type:1 .. '00000000001DE3BE3030303030303030' seq:0, type:1](117760)
 98:8542119[0 .. 0]['00000000001DE3BF3030303030303030' seq:0, type:1 .. '00000000001E596F3030303030303030' seq:0, type:1](125952)
 99:8546012[0 .. 0]['00000000001E59703030303030303030' seq:0, type:1 .. '00000000001ECF2E3030303030303030' seq:0, type:1](114688)
 100:8542118[0 .. 0]['00000000001ECF2F3030303030303030' seq:0, type:1 .. '00000000001F44DF3030303030303030' seq:0, type:1](141312)
 101:8546012[0 .. 0]['00000000001F44E03030303030303030' seq:0, type:1 .. '00000000001FBA9E3030303030303030' seq:0, type:1](114688)
 102:8542119[0 .. 0]['00000000001FBA9F3030303030303030' seq:0, type:1 .. '000000000020304F3030303030303030' seq:0, type:1](131072)
 103:8546010[0 .. 0]['00000000002030503030303030303030' seq:0, type:1 .. '000000000020A60E3030303030303030' seq:0, type:1](121856)
 104:8542118[0 .. 0]['000000000020A60F3030303030303030' seq:0, type:1 .. '0000000000211BBF3030303030303030' seq:0, type:1](108544)
 105:8546010[0 .. 0]['0000000000211BC03030303030303030' seq:0, type:1 .. '000000000021917E3030303030303030' seq:0, type:1](115712)
 106:8542119[0 .. 0]['000000000021917F3030303030303030' seq:0, type:1 .. '000000000022072F3030303030303030' seq:0, type:1](115712)
 107:8546009[0 .. 0]['00000000002207303030303030303030' seq:0, type:1 .. '0000000000227CEE3030303030303030' seq:0, type:1](128000)
 108:8542118[0 .. 0]['0000000000227CEF3030303030303030' seq:0, type:1 .. '000000000022F29F3030303030303030' seq:0, type:1](111616)
 109:8546011[0 .. 0]['000000000022F2A03030303030303030' seq:0, type:1 .. '000000000023685E3030303030303030' seq:0, type:1](137216)
 110:8542118[0 .. 0]['000000000023685F3030303030303030' seq:0, type:1 .. '000000000023DE0F3030303030303030' seq:0, type:1](120832)
 111:8546010[0 .. 0]['000000000023DE103030303030303030' seq:0, type:1 .. '00000000002453CE3030303030303030' seq:0, type:1](130048)
 112:8542118[0 .. 0]['00000000002453CF3030303030303030' seq:0, type:1 .. '000000000024C97F3030303030303030' seq:0, type:1](132096)
 113:8546011[0 .. 0]['000000000024C9803030303030303030' seq:0, type:1 .. '0000000000253F3E3030303030303030' seq:0, type:1](144384)
 114:8542117[0 .. 0]['0000000000253F3F3030303030303030' seq:0, type:1 .. '000000000025B4EF3030303030303030' seq:0, type:1](112640)
 115:8546011[0 .. 0]['000000000025B4F03030303030303030' seq:0, type:1 .. '0000000000262AAE3030303030303030' seq:0, type:1](139264)
 116:8542118[0 .. 0]['0000000000262AAF3030303030303030' seq:0, type:1 .. '000000000026A05F3030303030303030' seq:0, type:1](148480)
 117:8546011[0 .. 0]['000000000026A0603030303030303030' seq:0, type:1 .. '000000000027161E3030303030303030' seq:0, type:1](133120)
 118:1893076[0 .. 0]['000000000027161F3030303030303030' seq:0, type:1 .. '00000000002730323030303030303030' seq:0, type:1](17408)
 176:8542119[0 .. 0]['000000000039909F3030303030303030' seq:0, type:1 .. '00000000003A064F3030303030303030' seq:0, type:1](117760)
 177:8546010[0 .. 0]['00000000003A06503030303030303030' seq:0, type:1 .. '00000000003A7C0E3030303030303030' seq:0, type:1](131072)
 178:8542117[0 .. 0]['00000000003A7C0F3030303030303030' seq:0, type:1 .. '00000000003AF1BF3030303030303030' seq:0, type:1](117760)
 179:8546011[0 .. 0]['00000000003AF1C03030303030303030' seq:0, type:1 .. '00000000003B677E3030303030303030' seq:0, type:1](118784)
 180:8542118[0 .. 0]['00000000003B677F3030303030303030' seq:0, type:1 .. '00000000003BDD2F3030303030303030' seq:0, type:1](125952)
 181:8546010[0 .. 0]['00000000003BDD303030303030303030' seq:0, type:1 .. '00000000003C52EE3030303030303030' seq:0, type:1](116736)
 182:8542118[0 .. 0]['00000000003C52EF3030303030303030' seq:0, type:1 .. '00000000003CC89F3030303030303030' seq:0, type:1](99328)
 183:8546011[0 .. 0]['00000000003CC8A03030303030303030' seq:0, type:1 .. '00000000003D3E5E3030303030303030' seq:0, type:1](123904)
 184:8542118[0 .. 0]['00000000003D3E5F3030303030303030' seq:0, type:1 .. '00000000003DB40F3030303030303030' seq:0, type:1](110592)
 185:8546010[0 .. 0]['00000000003DB4103030303030303030' seq:0, type:1 .. '00000000003E29CE3030303030303030' seq:0, type:1](108544)
 186:8542118[0 .. 0]['00000000003E29CF3030303030303030' seq:0, type:1 .. '00000000003E9F7F3030303030303030' seq:0, type:1](118784)
 187:8546011[0 .. 0]['00000000003E9F803030303030303030' seq:0, type:1 .. '00000000003F153E3030303030303030' seq:0, type:1](114688)
 188:8542117[0 .. 0]['00000000003F153F3030303030303030' seq:0, type:1 .. '00000000003F8AEF3030303030303030' seq:0, type:1](109568)
 189:8546011[0 .. 0]['00000000003F8AF03030303030303030' seq:0, type:1 .. '00000000004000AE3030303030303030' seq:0, type:1](114688)
 190:8542118[0 .. 0]['00000000004000AF3030303030303030' seq:0, type:1 .. '000000000040765F3030303030303030' seq:0, type:1](131072)
 191:8546010[0 .. 0]['00000000004076603030303030303030' seq:0, type:1 .. '000000000040EC1E3030303030303030' seq:0, type:1](121856)
 201:8542118[0 .. 0]['000000000040EC1F3030303030303030' seq:0, type:1 .. '00000000004161CF3030303030303030' seq:0, type:1](151552)
 202:8546010[0 .. 0]['00000000004161D03030303030303030' seq:0, type:1 .. '000000000041D78E3030303030303030' seq:0, type:1](115712)
 203:8542119[0 .. 0]['000000000041D78F3030303030303030' seq:0, type:1 .. '0000000000424D3F3030303030303030' seq:0, type:1](112640)
 204:8546009[0 .. 0]['0000000000424D403030303030303030' seq:0, type:1 .. '000000000042C2FE3030303030303030' seq:0, type:1](125952)
 205:8542119[0 .. 0]['000000000042C2FF3030303030303030' seq:0, type:1 .. '00000000004338AF3030303030303030' seq:0, type:1](125952)
 206:8546010[0 .. 0]['00000000004338B03030303030303030' seq:0, type:1 .. '000000000043AE6E3030303030303030' seq:0, type:1](120832)
 207:8542119[0 .. 0]['000000000043AE6F3030303030303030' seq:0, type:1 .. '000000000044241F3030303030303030' seq:0, type:1](116736)
 208:8546009[0 .. 0]['00000000004424203030303030303030' seq:0, type:1 .. '00000000004499DE3030303030303030' seq:0, type:1](117760)
 209:8542119[0 .. 0]['00000000004499DF3030303030303030' seq:0, type:1 .. '0000000000450F8F3030303030303030' seq:0, type:1](148480)
 210:8546010[0 .. 0]['0000000000450F903030303030303030' seq:0, type:1 .. '000000000045854E3030303030303030' seq:0, type:1](136192)
 211:8542117[0 .. 0]['000000000045854F3030303030303030' seq:0, type:1 .. '000000000045FAFF3030303030303030' seq:0, type:1](112640)
 212:8546012[0 .. 0]['000000000045FB003030303030303030' seq:0, type:1 .. '00000000004670BE3030303030303030' seq:0, type:1](117760)
 213:8542118[0 .. 0]['00000000004670BF3030303030303030' seq:0, type:1 .. '000000000046E66F3030303030303030' seq:0, type:1](110592)
 214:8546013[0 .. 0]['000000000046E6703030303030303030' seq:0, type:1 .. '0000000000475C2E3030303030303030' seq:0, type:1](107520)
 215:8542117[0 .. 0]['0000000000475C2F3030303030303030' seq:0, type:1 .. '000000000047D1DF3030303030303030' seq:0, type:1](134144)
 216:8546013[0 .. 0]['000000000047D1E03030303030303030' seq:0, type:1 .. '000000000048479E3030303030303030' seq:0, type:1](103424)
 217:8542118[0 .. 0]['000000000048479F3030303030303030' seq:0, type:1 .. '000000000048BD4F3030303030303030' seq:0, type:1](124928)
 218:8546011[0 .. 0]['000000000048BD503030303030303030' seq:0, type:1 .. '000000000049330E3030303030303030' seq:0, type:1](108544)
 219:8542117[0 .. 0]['000000000049330F3030303030303030' seq:0, type:1 .. '000000000049A8BF3030303030303030' seq:0, type:1](120832)
 220:8546011[0 .. 0]['000000000049A8C03030303030303030' seq:0, type:1 .. '00000000004A1E7E3030303030303030' seq:0, type:1](118784)
 221:8542118[0 .. 0]['00000000004A1E7F3030303030303030' seq:0, type:1 .. '00000000004A942F3030303030303030' seq:0, type:1](119808)
 222:8546010[0 .. 0]['00000000004A94303030303030303030' seq:0, type:1 .. '00000000004B09EE3030303030303030' seq:0, type:1](95232)
 223:8542118[0 .. 0]['00000000004B09EF3030303030303030' seq:0, type:1 .. '00000000004B7F9F3030303030303030' seq:0, type:1](120832)
 224:8546010[0 .. 0]['00000000004B7FA03030303030303030' seq:0, type:1 .. '00000000004BF55E3030303030303030' seq:0, type:1](120832)
 225:8542119[0 .. 0]['00000000004BF55F3030303030303030' seq:0, type:1 .. '00000000004C6B0F3030303030303030' seq:0, type:1](142336)
 226:8546009[0 .. 0]['00000000004C6B103030303030303030' seq:0, type:1 .. '00000000004CE0CE3030303030303030' seq:0, type:1](120832)
 227:8542119[0 .. 0]['00000000004CE0CF3030303030303030' seq:0, type:1 .. '00000000004D567F3030303030303030' seq:0, type:1](131072)
 228:8546010[0 .. 0]['00000000004D56803030303030303030' seq:0, type:1 .. '00000000004DCC3E3030303030303030' seq:0, type:1](122880)
 229:8542118[0 .. 0]['00000000004DCC3F3030303030303030' seq:0, type:1 .. '00000000004E41EF3030303030303030' seq:0, type:1](118784)
 239:8546010[0 .. 0]['00000000004E41F03030303030303030' seq:0, type:1 .. '00000000004EB7AE3030303030303030' seq:0, type:1](140288)
 240:8542119[0 .. 0]['00000000004EB7AF3030303030303030' seq:0, type:1 .. '00000000004F2D5F3030303030303030' seq:0, type:1](114688)
 241:8546010[0 .. 0]['00000000004F2D603030303030303030' seq:0, type:1 .. '00000000004FA31E3030303030303030' seq:0, type:1](106496)
 242:8542118[0 .. 0]['00000000004FA31F3030303030303030' seq:0, type:1 .. '00000000005018CF3030303030303030' seq:0, type:1](105472)
 243:8546010[0 .. 0]['00000000005018D03030303030303030' seq:0, type:1 .. '0000000000508E8E3030303030303030' seq:0, type:1](116736)
 244:8542119[0 .. 0]['0000000000508E8F3030303030303030' seq:0, type:1 .. '000000000051043F3030303030303030' seq:0, type:1](129024)
 245:8546009[0 .. 0]['00000000005104403030303030303030' seq:0, type:1 .. '00000000005179FE3030303030303030' seq:0, type:1](102400)
 246:8542118[0 .. 0]['00000000005179FF3030303030303030' seq:0, type:1 .. '000000000051EFAF3030303030303030' seq:0, type:1](121856)
 247:8546011[0 .. 0]['000000000051EFB03030303030303030' seq:0, type:1 .. '000000000052656E3030303030303030' seq:0, type:1](102400)
 248:8542118[0 .. 0]['000000000052656F3030303030303030' seq:0, type:1 .. '000000000052DB1F3030303030303030' seq:0, type:1](123904)
 249:8546010[0 .. 0]['000000000052DB203030303030303030' seq:0, type:1 .. '00000000005350DE3030303030303030' seq:0, type:1](130048)
 250:8542118[0 .. 0]['00000000005350DF3030303030303030' seq:0, type:1 .. '000000000053C68F3030303030303030' seq:0, type:1](102400)
 251:8546011[0 .. 0]['000000000053C6903030303030303030' seq:0, type:1 .. '0000000000543C4E3030303030303030' seq:0, type:1](120832)
 252:8542117[0 .. 0]['0000000000543C4F3030303030303030' seq:0, type:1 .. '000000000054B1FF3030303030303030' seq:0, type:1](146432)
 253:8546012[0 .. 0]['000000000054B2003030303030303030' seq:0, type:1 .. '00000000005527BE3030303030303030' seq:0, type:1](132096)
 254:8542118[0 .. 0]['00000000005527BF3030303030303030' seq:0, type:1 .. '0000000000559D6F3030303030303030' seq:0, type:1](123904)
 255:8546013[0 .. 0]['0000000000559D703030303030303030' seq:0, type:1 .. '000000000056132E3030303030303030' seq:0, type:1](146432)
 256:8542117[0 .. 0]['000000000056132F3030303030303030' seq:0, type:1 .. '00000000005688DF3030303030303030' seq:0, type:1](138240)
 257:8546012[0 .. 0]['00000000005688E03030303030303030' seq:0, type:1 .. '000000000056FE9E3030303030303030' seq:0, type:1](116736)
 258:8542119[0 .. 0]['000000000056FE9F3030303030303030' seq:0, type:1 .. '000000000057744F3030303030303030' seq:0, type:1](121856)
 259:8546010[0 .. 0]['00000000005774503030303030303030' seq:0, type:1 .. '000000000057EA0E3030303030303030' seq:0, type:1](130048)
 260:8542118[0 .. 0]['000000000057EA0F3030303030303030' seq:0, type:1 .. '0000000000585FBF3030303030303030' seq:0, type:1](112640)
 261:8546010[0 .. 0]['0000000000585FC03030303030303030' seq:0, type:1 .. '000000000058D57E3030303030303030' seq:0, type:1](123904)
 262:8542119[0 .. 0]['000000000058D57F3030303030303030' seq:0, type:1 .. '0000000000594B2F3030303030303030' seq:0, type:1](105472)
 263:8546009[0 .. 0]['0000000000594B303030303030303030' seq:0, type:1 .. '000000000059C0EE3030303030303030' seq:0, type:1](116736)
 264:8542119[0 .. 0]['000000000059C0EF3030303030303030' seq:0, type:1 .. '00000000005A369F3030303030303030' seq:0, type:1](114688)
 265:8546010[0 .. 0]['00000000005A36A03030303030303030' seq:0, type:1 .. '00000000005AAC5E3030303030303030' seq:0, type:1](119808)
 266:8542119[0 .. 0]['00000000005AAC5F3030303030303030' seq:0, type:1 .. '00000000005B220F3030303030303030' seq:0, type:1](116736)
 276:8546009[0 .. 0]['00000000005B22103030303030303030' seq:0, type:1 .. '00000000005B97CE3030303030303030' seq:0, type:1](120832)
 277:8542119[0 .. 0]['00000000005B97CF3030303030303030' seq:0, type:1 .. '00000000005C0D7F3030303030303030' seq:0, type:1](121856)
 278:8546010[0 .. 0]['00000000005C0D803030303030303030' seq:0, type:1 .. '00000000005C833E3030303030303030' seq:0, type:1](122880)
 279:8542117[0 .. 0]['00000000005C833F3030303030303030' seq:0, type:1 .. '00000000005CF8EF3030303030303030' seq:0, type:1](126976)
 280:8546011[0 .. 0]['00000000005CF8F03030303030303030' seq:0, type:1 .. '00000000005D6EAE3030303030303030' seq:0, type:1](109568)
 281:8542118[0 .. 0]['00000000005D6EAF3030303030303030' seq:0, type:1 .. '00000000005DE45F3030303030303030' seq:0, type:1](124928)
 282:8546011[0 .. 0]['00000000005DE4603030303030303030' seq:0, type:1 .. '00000000005E5A1E3030303030303030' seq:0, type:1](130048)
 283:8542117[0 .. 0]['00000000005E5A1F3030303030303030' seq:0, type:1 .. '00000000005ECFCF3030303030303030' seq:0, type:1](118784)
 284:8546011[0 .. 0]['00000000005ECFD03030303030303030' seq:0, type:1 .. '00000000005F458E3030303030303030' seq:0, type:1](131072)
 285:8542118[0 .. 0]['00000000005F458F3030303030303030' seq:0, type:1 .. '00000000005FBB3F3030303030303030' seq:0, type:1](112640)
 286:8546010[0 .. 0]['00000000005FBB403030303030303030' seq:0, type:1 .. '00000000006030FE3030303030303030' seq:0, type:1](126976)
 287:8542118[0 .. 0]['00000000006030FF3030303030303030' seq:0, type:1 .. '000000000060A6AF3030303030303030' seq:0, type:1](100352)
 288:8546011[0 .. 0]['000000000060A6B03030303030303030' seq:0, type:1 .. '0000000000611C6E3030303030303030' seq:0, type:1](119808)
 289:8542118[0 .. 0]['0000000000611C6F3030303030303030' seq:0, type:1 .. '000000000061921F3030303030303030' seq:0, type:1](118784)
 290:8546010[0 .. 0]['00000000006192203030303030303030' seq:0, type:1 .. '00000000006207DE3030303030303030' seq:0, type:1](135168)
 291:8542118[0 .. 0]['00000000006207DF3030303030303030' seq:0, type:1 .. '0000000000627D8F3030303030303030' seq:0, type:1](130048)
 292:8546010[0 .. 0]['0000000000627D903030303030303030' seq:0, type:1 .. '000000000062F34E3030303030303030' seq:0, type:1](124928)
 293:8542118[0 .. 0]['000000000062F34F3030303030303030' seq:0, type:1 .. '00000000006368FF3030303030303030' seq:0, type:1](118784)
 294:8546011[0 .. 0]['00000000006369003030303030303030' seq:0, type:1 .. '000000000063DEBE3030303030303030' seq:0, type:1](135168)
 295:8542119[0 .. 0]['000000000063DEBF3030303030303030' seq:0, type:1 .. '000000000064546F3030303030303030' seq:0, type:1](120832)
 296:8546012[0 .. 0]['00000000006454703030303030303030' seq:0, type:1 .. '000000000064CA2E3030303030303030' seq:0, type:1](125952)
 297:8542118[0 .. 0]['000000000064CA2F3030303030303030' seq:0, type:1 .. '0000000000653FDF3030303030303030' seq:0, type:1](113664)
 298:8546012[0 .. 0]['0000000000653FE03030303030303030' seq:0, type:1 .. '000000000065B59E3030303030303030' seq:0, type:1](115712)
 299:8542119[0 .. 0]['000000000065B59F3030303030303030' seq:0, type:1 .. '0000000000662B4F3030303030303030' seq:0, type:1](115712)
 300:8546010[0 .. 0]['0000000000662B503030303030303030' seq:0, type:1 .. '000000000066A10E3030303030303030' seq:0, type:1](130048)
 301:8542118[0 .. 0]['000000000066A10F3030303030303030' seq:0, type:1 .. '00000000006716BF3030303030303030' seq:0, type:1](114688)
 302:8546010[0 .. 0]['00000000006716C03030303030303030' seq:0, type:1 .. '0000000000678C7E3030303030303030' seq:0, type:1](123904)
 303:8542119[0 .. 0]['0000000000678C7F3030303030303030' seq:0, type:1 .. '000000000068022F3030303030303030' seq:0, type:1](134144)
 314:8546009[0 .. 0]['00000000006802303030303030303030' seq:0, type:1 .. '00000000006877EE3030303030303030' seq:0, type:1](116736)
 315:8542118[0 .. 0]['00000000006877EF3030303030303030' seq:0, type:1 .. '000000000068ED9F3030303030303030' seq:0, type:1](140288)
 316:8546009[0 .. 0]['000000000068EDA03030303030303030' seq:0, type:1 .. '000000000069635E3030303030303030' seq:0, type:1](119808)
 317:8542118[0 .. 0]['000000000069635F3030303030303030' seq:0, type:1 .. '000000000069D90F3030303030303030' seq:0, type:1](124928)
 318:8546008[0 .. 0]['000000000069D9103030303030303030' seq:0, type:1 .. '00000000006A4ECE3030303030303030' seq:0, type:1](106496)
 319:8542118[0 .. 0]['00000000006A4ECF3030303030303030' seq:0, type:1 .. '00000000006AC47F3030303030303030' seq:0, type:1](115712)
 320:8546009[0 .. 0]['00000000006AC4803030303030303030' seq:0, type:1 .. '00000000006B3A3E3030303030303030' seq:0, type:1](109568)
 321:8542117[0 .. 0]['00000000006B3A3F3030303030303030' seq:0, type:1 .. '00000000006BAFEF3030303030303030' seq:0, type:1](126976)
 322:8546009[0 .. 0]['00000000006BAFF03030303030303030' seq:0, type:1 .. '00000000006C25AE3030303030303030' seq:0, type:1](120832)
 323:8542118[0 .. 0]['00000000006C25AF3030303030303030' seq:0, type:1 .. '00000000006C9B5F3030303030303030' seq:0, type:1](126976)
 324:8546009[0 .. 0]['00000000006C9B603030303030303030' seq:0, type:1 .. '00000000006D111E3030303030303030' seq:0, type:1](129024)
 325:8542117[0 .. 0]['00000000006D111F3030303030303030' seq:0, type:1 .. '00000000006D86CF3030303030303030' seq:0, type:1](151552)
 326:8546010[0 .. 0]['00000000006D86D03030303030303030' seq:0, type:1 .. '00000000006DFC8E3030303030303030' seq:0, type:1](113664)
 327:8542119[0 .. 0]['00000000006DFC8F3030303030303030' seq:0, type:1 .. '00000000006E723F3030303030303030' seq:0, type:1](126976)
 328:8546009[0 .. 0]['00000000006E72403030303030303030' seq:0, type:1 .. '00000000006EE7FE3030303030303030' seq:0, type:1](134144)
 329:8542119[0 .. 0]['00000000006EE7FF3030303030303030' seq:0, type:1 .. '00000000006F5DAF3030303030303030' seq:0, type:1](128000)
 330:8546010[0 .. 0]['00000000006F5DB03030303030303030' seq:0, type:1 .. '00000000006FD36E3030303030303030' seq:0, type:1](108544)
 331:8542119[0 .. 0]['00000000006FD36F3030303030303030' seq:0, type:1 .. '000000000070491F3030303030303030' seq:0, type:1](110592)
 332:8546009[0 .. 0]['00000000007049203030303030303030' seq:0, type:1 .. '000000000070BEDE3030303030303030' seq:0, type:1](99328)
 333:8542119[0 .. 0]['000000000070BEDF3030303030303030' seq:0, type:1 .. '000000000071348F3030303030303030' seq:0, type:1](131072)
 334:8546010[0 .. 0]['00000000007134903030303030303030' seq:0, type:1 .. '000000000071AA4E3030303030303030' seq:0, type:1](130048)
 335:8542118[0 .. 0]['000000000071AA4F3030303030303030' seq:0, type:1 .. '0000000000721FFF3030303030303030' seq:0, type:1](119808)
 336:8546011[0 .. 0]['00000000007220003030303030303030' seq:0, type:1 .. '00000000007295BE3030303030303030' seq:0, type:1](118784)
 337:8542119[0 .. 0]['00000000007295BF3030303030303030' seq:0, type:1 .. '0000000000730B6F3030303030303030' seq:0, type:1](124928)
 338:8546012[0 .. 0]['0000000000730B703030303030303030' seq:0, type:1 .. '000000000073812E3030303030303030' seq:0, type:1](121856)
 339:8542117[0 .. 0]['000000000073812F3030303030303030' seq:0, type:1 .. '000000000073F6DF3030303030303030' seq:0, type:1](130048)
 340:8546013[0 .. 0]['000000000073F6E03030303030303030' seq:0, type:1 .. '0000000000746C9E3030303030303030' seq:0, type:1](129024)
 341:8542118[0 .. 0]['0000000000746C9F3030303030303030' seq:0, type:1 .. '000000000074E24F3030303030303030' seq:0, type:1](150528)
 342:8546011[0 .. 0]['000000000074E2503030303030303030' seq:0, type:1 .. '000000000075580E3030303030303030' seq:0, type:1](131072)
 352:8542117[0 .. 0]['000000000075580F3030303030303030' seq:0, type:1 .. '000000000075CDBF3030303030303030' seq:0, type:1](139264)
 353:8546011[0 .. 0]['000000000075CDC03030303030303030' seq:0, type:1 .. '000000000076437E3030303030303030' seq:0, type:1](111616)
 354:8542118[0 .. 0]['000000000076437F3030303030303030' seq:0, type:1 .. '000000000076B92F3030303030303030' seq:0, type:1](130048)
 355:8546010[0 .. 0]['000000000076B9303030303030303030' seq:0, type:1 .. '0000000000772EEE3030303030303030' seq:0, type:1](126976)
 356:8542118[0 .. 0]['0000000000772EEF3030303030303030' seq:0, type:1 .. '000000000077A49F3030303030303030' seq:0, type:1](117760)
 357:8546011[0 .. 0]['000000000077A4A03030303030303030' seq:0, type:1 .. '0000000000781A5E3030303030303030' seq:0, type:1](105472)
 358:8542118[0 .. 0]['0000000000781A5F3030303030303030' seq:0, type:1 .. '000000000078900F3030303030303030' seq:0, type:1](125952)
 359:8546010[0 .. 0]['00000000007890103030303030303030' seq:0, type:1 .. '00000000007905CE3030303030303030' seq:0, type:1](136192)
 360:8542118[0 .. 0]['00000000007905CF3030303030303030' seq:0, type:1 .. '0000000000797B7F3030303030303030' seq:0, type:1](120832)
 361:8546010[0 .. 0]['0000000000797B803030303030303030' seq:0, type:1 .. '000000000079F13E3030303030303030' seq:0, type:1](124928)
 362:8542118[0 .. 0]['000000000079F13F3030303030303030' seq:0, type:1 .. '00000000007A66EF3030303030303030' seq:0, type:1](125952)
 363:8546010[0 .. 0]['00000000007A66F03030303030303030' seq:0, type:1 .. '00000000007ADCAE3030303030303030' seq:0, type:1](112640)
 364:8542119[0 .. 0]['00000000007ADCAF3030303030303030' seq:0, type:1 .. '00000000007B525F3030303030303030' seq:0, type:1](134144)
 365:8546010[0 .. 0]['00000000007B52603030303030303030' seq:0, type:1 .. '00000000007BC81E3030303030303030' seq:0, type:1](144384)
 366:8542118[0 .. 0]['00000000007BC81F3030303030303030' seq:0, type:1 .. '00000000007C3DCF3030303030303030' seq:0, type:1](102400)
 367:8546010[0 .. 0]['00000000007C3DD03030303030303030' seq:0, type:1 .. '00000000007CB38E3030303030303030' seq:0, type:1](134144)
 368:8542119[0 .. 0]['00000000007CB38F3030303030303030' seq:0, type:1 .. '00000000007D293F3030303030303030' seq:0, type:1](123904)
 369:8546009[0 .. 0]['00000000007D29403030303030303030' seq:0, type:1 .. '00000000007D9EFE3030303030303030' seq:0, type:1](118784)
 370:8542119[0 .. 0]['00000000007D9EFF3030303030303030' seq:0, type:1 .. '00000000007E14AF3030303030303030' seq:0, type:1](119808)
 371:8546010[0 .. 0]['00000000007E14B03030303030303030' seq:0, type:1 .. '00000000007E8A6E3030303030303030' seq:0, type:1](112640)
 372:8542119[0 .. 0]['00000000007E8A6F3030303030303030' seq:0, type:1 .. '00000000007F001F3030303030303030' seq:0, type:1](136192)
 373:8546009[0 .. 0]['00000000007F00203030303030303030' seq:0, type:1 .. '00000000007F75DE3030303030303030' seq:0, type:1](111616)
 374:8542118[0 .. 0]['00000000007F75DF3030303030303030' seq:0, type:1 .. '00000000007FEB8F3030303030303030' seq:0, type:1](129024)
 375:8546011[0 .. 0]['00000000007FEB903030303030303030' seq:0, type:1 .. '000000000080614E3030303030303030' seq:0, type:1](126976)
 376:8542117[0 .. 0]['000000000080614F3030303030303030' seq:0, type:1 .. '000000000080D6FF3030303030303030' seq:0, type:1](121856)
 377:8546012[0 .. 0]['000000000080D7003030303030303030' seq:0, type:1 .. '0000000000814CBE3030303030303030' seq:0, type:1](114688)
 378:8542118[0 .. 0]['0000000000814CBF3030303030303030' seq:0, type:1 .. '000000000081C26F3030303030303030' seq:0, type:1](132096)
 379:8546013[0 .. 0]['000000000081C2703030303030303030' seq:0, type:1 .. '000000000082382E3030303030303030' seq:0, type:1](110592)
 390:8542117[0 .. 0]['000000000082382F3030303030303030' seq:0, type:1 .. '000000000082ADDF3030303030303030' seq:0, type:1](138240)
 391:8546013[0 .. 0]['000000000082ADE03030303030303030' seq:0, type:1 .. '000000000083239E3030303030303030' seq:0, type:1](118784)
 392:8542118[0 .. 0]['000000000083239F3030303030303030' seq:0, type:1 .. '000000000083994F3030303030303030' seq:0, type:1](126976)
 393:8546011[0 .. 0]['00000000008399503030303030303030' seq:0, type:1 .. '0000000000840F0E3030303030303030' seq:0, type:1](115712)
 394:8542117[0 .. 0]['0000000000840F0F3030303030303030' seq:0, type:1 .. '00000000008484BF3030303030303030' seq:0, type:1](115712)
 395:8546010[0 .. 0]['00000000008484C03030303030303030' seq:0, type:1 .. '000000000084FA7E3030303030303030' seq:0, type:1](112640)
 404:8542118[0 .. 0]['000000000088A83F3030303030303030' seq:0, type:1 .. '0000000000891DEF3030303030303030' seq:0, type:1](122880)

STATISTICS:
rocksdb.block.cache.miss COUNT : 0
rocksdb.block.cache.hit COUNT : 0
rocksdb.block.cache.add COUNT : 0
rocksdb.block.cache.add.failures COUNT : 0
rocksdb.block.cache.index.miss COUNT : 0
rocksdb.block.cache.index.hit COUNT : 0
rocksdb.block.cache.index.add COUNT : 0
rocksdb.block.cache.index.bytes.insert COUNT : 0
rocksdb.block.cache.index.bytes.evict COUNT : 0
rocksdb.block.cache.filter.miss COUNT : 0
rocksdb.block.cache.filter.hit COUNT : 0
rocksdb.block.cache.filter.add COUNT : 0
rocksdb.block.cache.filter.bytes.insert COUNT : 0
rocksdb.block.cache.filter.bytes.evict COUNT : 0
rocksdb.block.cache.data.miss COUNT : 0
rocksdb.block.cache.data.hit COUNT : 0
rocksdb.block.cache.data.add COUNT : 0
rocksdb.block.cache.data.bytes.insert COUNT : 0
rocksdb.block.cache.bytes.read COUNT : 0
rocksdb.block.cache.bytes.write COUNT : 0
rocksdb.bloom.filter.useful COUNT : 0
rocksdb.bloom.filter.full.positive COUNT : 40000000
rocksdb.bloom.filter.full.true.positive COUNT : 40000000
rocksdb.bloom.filter.micros COUNT : 0
rocksdb.persistent.cache.hit COUNT : 39285422
rocksdb.persistent.cache.miss COUNT : 715529
rocksdb.sim.block.cache.hit COUNT : 0
rocksdb.sim.block.cache.miss COUNT : 0
rocksdb.memtable.hit COUNT : 0
rocksdb.memtable.miss COUNT : 40000000
rocksdb.l0.hit COUNT : 2337782
rocksdb.l1.hit COUNT : 0
rocksdb.l2andup.hit COUNT : 37662218
rocksdb.compaction.key.drop.new COUNT : 0
rocksdb.compaction.key.drop.obsolete COUNT : 0
rocksdb.compaction.key.drop.range_del COUNT : 0
rocksdb.compaction.key.drop.user COUNT : 0
rocksdb.compaction.range_del.drop.obsolete COUNT : 0
rocksdb.compaction.optimized.del.drop.obsolete COUNT : 0
rocksdb.compaction.cancelled COUNT : 0
rocksdb.number.keys.written COUNT : 0
rocksdb.number.keys.read COUNT : 40000000
rocksdb.number.keys.updated COUNT : 0
rocksdb.bytes.written COUNT : 0
rocksdb.bytes.read COUNT : 10240000000
rocksdb.number.db.seek COUNT : 0
rocksdb.number.db.next COUNT : 0
rocksdb.number.db.prev COUNT : 0
rocksdb.number.db.seek.found COUNT : 0
rocksdb.number.db.next.found COUNT : 0
rocksdb.number.db.prev.found COUNT : 0
rocksdb.db.iter.bytes.read COUNT : 0
rocksdb.no.file.closes COUNT : 0
rocksdb.no.file.opens COUNT : 317
rocksdb.no.file.errors COUNT : 0
rocksdb.l0.slowdown.micros COUNT : 0
rocksdb.memtable.compaction.micros COUNT : 0
rocksdb.l0.num.files.stall.micros COUNT : 0
rocksdb.stall.micros COUNT : 0
rocksdb.db.mutex.wait.micros COUNT : 0
rocksdb.rate.limit.delay.millis COUNT : 0
rocksdb.num.iterators COUNT : 0
rocksdb.number.multiget.get COUNT : 0
rocksdb.number.multiget.keys.read COUNT : 0
rocksdb.number.multiget.bytes.read COUNT : 0
rocksdb.number.deletes.filtered COUNT : 0
rocksdb.number.merge.failures COUNT : 0
rocksdb.bloom.filter.prefix.checked COUNT : 0
rocksdb.bloom.filter.prefix.useful COUNT : 0
rocksdb.number.reseeks.iteration COUNT : 0
rocksdb.getupdatessince.calls COUNT : 0
rocksdb.block.cachecompressed.miss COUNT : 0
rocksdb.block.cachecompressed.hit COUNT : 0
rocksdb.block.cachecompressed.add COUNT : 0
rocksdb.block.cachecompressed.add.failures COUNT : 0
rocksdb.wal.synced COUNT : 0
rocksdb.wal.bytes COUNT : 0
rocksdb.write.self COUNT : 0
rocksdb.write.other COUNT : 0
rocksdb.write.timeout COUNT : 0
rocksdb.write.wal COUNT : 0
rocksdb.compact.read.bytes COUNT : 0
rocksdb.compact.write.bytes COUNT : 0
rocksdb.flush.write.bytes COUNT : 0
rocksdb.number.direct.load.table.properties COUNT : 0
rocksdb.number.superversion_acquires COUNT : 4
rocksdb.number.superversion_releases COUNT : 0
rocksdb.number.superversion_cleanups COUNT : 0
rocksdb.number.block.compressed COUNT : 0
rocksdb.number.block.decompressed COUNT : 0
rocksdb.number.block.not_compressed COUNT : 0
rocksdb.merge.operation.time.nanos COUNT : 0
rocksdb.filter.operation.time.nanos COUNT : 0
rocksdb.row.cache.hit COUNT : 0
rocksdb.row.cache.miss COUNT : 0
rocksdb.read.amp.estimate.useful.bytes COUNT : 0
rocksdb.read.amp.total.read.bytes COUNT : 0
rocksdb.number.rate_limiter.drains COUNT : 0
rocksdb.number.iter.skip COUNT : 0
rocksdb.blobdb.num.put COUNT : 0
rocksdb.blobdb.num.write COUNT : 0
rocksdb.blobdb.num.get COUNT : 0
rocksdb.blobdb.num.multiget COUNT : 0
rocksdb.blobdb.num.seek COUNT : 0
rocksdb.blobdb.num.next COUNT : 0
rocksdb.blobdb.num.prev COUNT : 0
rocksdb.blobdb.num.keys.written COUNT : 0
rocksdb.blobdb.num.keys.read COUNT : 0
rocksdb.blobdb.bytes.written COUNT : 0
rocksdb.blobdb.bytes.read COUNT : 0
rocksdb.blobdb.write.inlined COUNT : 0
rocksdb.blobdb.write.inlined.ttl COUNT : 0
rocksdb.blobdb.write.blob COUNT : 0
rocksdb.blobdb.write.blob.ttl COUNT : 0
rocksdb.blobdb.blob.file.bytes.written COUNT : 0
rocksdb.blobdb.blob.file.bytes.read COUNT : 0
rocksdb.blobdb.blob.file.synced COUNT : 0
rocksdb.blobdb.blob.index.expired.count COUNT : 0
rocksdb.blobdb.blob.index.expired.size COUNT : 0
rocksdb.blobdb.blob.index.evicted.count COUNT : 0
rocksdb.blobdb.blob.index.evicted.size COUNT : 0
rocksdb.blobdb.gc.num.files COUNT : 0
rocksdb.blobdb.gc.num.new.files COUNT : 0
rocksdb.blobdb.gc.failures COUNT : 0
rocksdb.blobdb.gc.num.keys.overwritten COUNT : 0
rocksdb.blobdb.gc.num.keys.expired COUNT : 0
rocksdb.blobdb.gc.num.keys.relocated COUNT : 0
rocksdb.blobdb.gc.bytes.overwritten COUNT : 0
rocksdb.blobdb.gc.bytes.expired COUNT : 0
rocksdb.blobdb.gc.bytes.relocated COUNT : 0
rocksdb.blobdb.fifo.num.files.evicted COUNT : 0
rocksdb.blobdb.fifo.num.keys.evicted COUNT : 0
rocksdb.blobdb.fifo.bytes.evicted COUNT : 0
rocksdb.txn.overhead.mutex.prepare COUNT : 0
rocksdb.txn.overhead.mutex.old.commit.map COUNT : 0
rocksdb.txn.overhead.duplicate.key COUNT : 0
rocksdb.txn.overhead.mutex.snapshot COUNT : 0
rocksdb.number.multiget.keys.found COUNT : 0
rocksdb.num.iterator.created COUNT : 0
rocksdb.num.iterator.deleted COUNT : 0
rocksdb.block.cache.compression.dict.miss COUNT : 0
rocksdb.block.cache.compression.dict.hit COUNT : 0
rocksdb.block.cache.compression.dict.add COUNT : 0
rocksdb.block.cache.compression.dict.bytes.insert COUNT : 0
rocksdb.block.cache.compression.dict.bytes.evict COUNT : 0
rocksdb.db.get.micros P50 : 28.992209 P95 : 47.589991 P99 : 80.118944 P100 : 7527.000000 COUNT : 40000000 SUM : 1226789823
rocksdb.db.write.micros P50 : 0.000000 P95 : 0.000000 P99 : 0.000000 P100 : 0.000000 COUNT : 0 SUM : 0
rocksdb.compaction.times.micros P50 : 0.000000 P95 : 0.000000 P99 : 0.000000 P100 : 0.000000 COUNT : 0 SUM : 0
rocksdb.compaction.times.cpu_micros P50 : 0.000000 P95 : 0.000000 P99 : 0.000000 P100 : 0.000000 COUNT : 0 SUM : 0
rocksdb.subcompaction.setup.times.micros P50 : 0.000000 P95 : 0.000000 P99 : 0.000000 P100 : 0.000000 COUNT : 0 SUM : 0
rocksdb.table.sync.micros P50 : 0.000000 P95 : 0.000000 P99 : 0.000000 P100 : 0.000000 COUNT : 0 SUM : 0
rocksdb.compaction.outfile.sync.micros P50 : 0.000000 P95 : 0.000000 P99 : 0.000000 P100 : 0.000000 COUNT : 0 SUM : 0
rocksdb.wal.file.sync.micros P50 : 0.000000 P95 : 0.000000 P99 : 0.000000 P100 : 0.000000 COUNT : 0 SUM : 0
rocksdb.manifest.file.sync.micros P50 : 586.000000 P95 : 586.000000 P99 : 586.000000 P100 : 586.000000 COUNT : 1 SUM : 586
rocksdb.table.open.io.micros P50 : 1122.840000 P95 : 2043.333333 P99 : 2888.666667 P100 : 8338.000000 COUNT : 317 SUM : 377792
rocksdb.db.multiget.micros P50 : 0.000000 P95 : 0.000000 P99 : 0.000000 P100 : 0.000000 COUNT : 0 SUM : 0
rocksdb.read.block.compaction.micros P50 : 0.000000 P95 : 0.000000 P99 : 0.000000 P100 : 0.000000 COUNT : 0 SUM : 0
rocksdb.read.block.get.micros P50 : 20.808605 P95 : 33.869418 P99 : 68.422662 P100 : 5437.000000 COUNT : 40000634 SUM : 969481529
rocksdb.write.raw.block.micros P50 : 0.000000 P95 : 0.000000 P99 : 0.000000 P100 : 0.000000 COUNT : 0 SUM : 0
rocksdb.l0.slowdown.count P50 : 0.000000 P95 : 0.000000 P99 : 0.000000 P100 : 0.000000 COUNT : 0 SUM : 0
rocksdb.memtable.compaction.count P50 : 0.000000 P95 : 0.000000 P99 : 0.000000 P100 : 0.000000 COUNT : 0 SUM : 0
rocksdb.num.files.stall.count P50 : 0.000000 P95 : 0.000000 P99 : 0.000000 P100 : 0.000000 COUNT : 0 SUM : 0
rocksdb.hard.rate.limit.delay.count P50 : 0.000000 P95 : 0.000000 P99 : 0.000000 P100 : 0.000000 COUNT : 0 SUM : 0
rocksdb.soft.rate.limit.delay.count P50 : 0.000000 P95 : 0.000000 P99 : 0.000000 P100 : 0.000000 COUNT : 0 SUM : 0
rocksdb.numfiles.in.singlecompaction P50 : 0.000000 P95 : 0.000000 P99 : 0.000000 P100 : 0.000000 COUNT : 0 SUM : 0
rocksdb.db.seek.micros P50 : 0.000000 P95 : 0.000000 P99 : 0.000000 P100 : 0.000000 COUNT : 0 SUM : 0
rocksdb.db.write.stall P50 : 0.000000 P95 : 0.000000 P99 : 0.000000 P100 : 0.000000 COUNT : 0 SUM : 0
rocksdb.sst.read.micros P50 : 17.662249 P95 : 33.624742 P99 : 48.398210 P100 : 1981.000000 COUNT : 716163 SUM : 12150764
rocksdb.num.subcompactions.scheduled P50 : 0.000000 P95 : 0.000000 P99 : 0.000000 P100 : 0.000000 COUNT : 0 SUM : 0
rocksdb.bytes.per.read P50 : 256.000000 P95 : 256.000000 P99 : 256.000000 P100 : 256.000000 COUNT : 40000000 SUM : 10240000000
rocksdb.bytes.per.write P50 : 0.000000 P95 : 0.000000 P99 : 0.000000 P100 : 0.000000 COUNT : 0 SUM : 0
rocksdb.bytes.per.multiget P50 : 0.000000 P95 : 0.000000 P99 : 0.000000 P100 : 0.000000 COUNT : 0 SUM : 0
rocksdb.bytes.compressed P50 : 0.000000 P95 : 0.000000 P99 : 0.000000 P100 : 0.000000 COUNT : 0 SUM : 0
rocksdb.bytes.decompressed P50 : 0.000000 P95 : 0.000000 P99 : 0.000000 P100 : 0.000000 COUNT : 0 SUM : 0
rocksdb.compression.times.nanos P50 : 0.000000 P95 : 0.000000 P99 : 0.000000 P100 : 0.000000 COUNT : 0 SUM : 0
rocksdb.decompression.times.nanos P50 : 0.000000 P95 : 0.000000 P99 : 0.000000 P100 : 0.000000 COUNT : 0 SUM : 0
rocksdb.read.num.merge_operands P50 : 0.000000 P95 : 0.000000 P99 : 0.000000 P100 : 0.000000 COUNT : 0 SUM : 0
rocksdb.blobdb.key.size P50 : 0.000000 P95 : 0.000000 P99 : 0.000000 P100 : 0.000000 COUNT : 0 SUM : 0
rocksdb.blobdb.value.size P50 : 0.000000 P95 : 0.000000 P99 : 0.000000 P100 : 0.000000 COUNT : 0 SUM : 0
rocksdb.blobdb.write.micros P50 : 0.000000 P95 : 0.000000 P99 : 0.000000 P100 : 0.000000 COUNT : 0 SUM : 0
rocksdb.blobdb.get.micros P50 : 0.000000 P95 : 0.000000 P99 : 0.000000 P100 : 0.000000 COUNT : 0 SUM : 0
rocksdb.blobdb.multiget.micros P50 : 0.000000 P95 : 0.000000 P99 : 0.000000 P100 : 0.000000 COUNT : 0 SUM : 0
rocksdb.blobdb.seek.micros P50 : 0.000000 P95 : 0.000000 P99 : 0.000000 P100 : 0.000000 COUNT : 0 SUM : 0
rocksdb.blobdb.next.micros P50 : 0.000000 P95 : 0.000000 P99 : 0.000000 P100 : 0.000000 COUNT : 0 SUM : 0
rocksdb.blobdb.prev.micros P50 : 0.000000 P95 : 0.000000 P99 : 0.000000 P100 : 0.000000 COUNT : 0 SUM : 0
rocksdb.blobdb.blob.file.write.micros P50 : 0.000000 P95 : 0.000000 P99 : 0.000000 P100 : 0.000000 COUNT : 0 SUM : 0
rocksdb.blobdb.blob.file.read.micros P50 : 0.000000 P95 : 0.000000 P99 : 0.000000 P100 : 0.000000 COUNT : 0 SUM : 0
rocksdb.blobdb.blob.file.sync.micros P50 : 0.000000 P95 : 0.000000 P99 : 0.000000 P100 : 0.000000 COUNT : 0 SUM : 0
rocksdb.blobdb.gc.micros P50 : 0.000000 P95 : 0.000000 P99 : 0.000000 P100 : 0.000000 COUNT : 0 SUM : 0
rocksdb.blobdb.compression.micros P50 : 0.000000 P95 : 0.000000 P99 : 0.000000 P100 : 0.000000 COUNT : 0 SUM : 0
rocksdb.blobdb.decompression.micros P50 : 0.000000 P95 : 0.000000 P99 : 0.000000 P100 : 0.000000 COUNT : 0 SUM : 0
rocksdb.db.flush.micros P50 : 0.000000 P95 : 0.000000 P99 : 0.000000 P100 : 0.000000 COUNT : 0 SUM : 0
rocksdb.sst.batch.size P50 : 0.000000 P95 : 0.000000 P99 : 0.000000 P100 : 0.000000 COUNT : 0 SUM : 0

