Initializing RocksDB Options from the specified file
Initializing RocksDB Options from command-line flags
paht=/home/zyh/480G/wp/pcache/pcache_file
Keys:       16 bytes each
Values:     256 bytes each (128 bytes after compression)
Entries:    2000000
Prefix:    0 bytes
Keys per prefix:    0
RawSize:    518.8 MB (estimated)
FileSize:   274.7 MB (estimated)
Write rate: 0 bytes/second
Read rate: 0 ops/second
Compression: NoCompression
Compression sampling rate: 0
Memtablerep: skip_list
Perf Level: 5
WARNING: Assertions are enabled; benchmarks unnecessarily slow
------------------------------------------------
DB path: [/home/zyh/480G/wp]
readseq      :       3.751 micros/op 1064185 ops/sec;  276.0 MB/s PERF_CONTEXT:
user_key_comparison_count = 4000009, block_cache_hit_count = 0, block_read_count = 68715, block_read_byte = 267771746, block_read_time = 839105005, block_cache_index_hit_count = 0, index_block_read_count = 0, block_cache_filter_hit_count = 0, filter_block_read_count = 0, compression_dict_block_read_count = 0, block_checksum_time = 25802395, block_decompress_time = 12932030, get_read_bytes = 0, multiget_read_bytes = 0, iter_read_bytes = 544000272, internal_key_skipped_count = 2000000, internal_delete_skipped_count = 0, internal_recent_skipped_count = 0, internal_merge_count = 0, write_wal_time = 0, get_snapshot_time = 0, get_from_memtable_time = 0, get_from_memtable_count = 0, get_post_process_time = 0, get_from_output_files_time = 0, seek_on_memtable_time = 0, seek_on_memtable_count = 0, next_on_memtable_count = 0, prev_on_memtable_count = 0, seek_child_seek_time = 0, seek_child_seek_count = 0, seek_min_heap_time = 0, seek_internal_seek_time = 616023, find_next_user_entry_time = 175541705, write_pre_and_post_process_time = 0, write_memtable_time = 0, write_thread_wait_nanos = 0, write_scheduling_flushes_compactions_time = 0, db_mutex_lock_nanos = 484, db_condition_wait_nanos = 0, merge_operator_time_nanos = 0, write_delay_time = 0, read_index_block_nanos = 0, read_filter_block_nanos = 0, new_table_block_iter_nanos = 3066850562, new_table_iterator_nanos = 267235, block_seek_nanos = 0, find_table_nanos = 0, bloom_memtable_hit_count = 0, bloom_memtable_miss_count = 0, bloom_sst_hit_count = 0, bloom_sst_miss_count = 0, key_lock_wait_time = 0, key_lock_wait_count = 0, env_new_sequential_file_nanos = 0, env_new_random_access_file_nanos = 0, env_new_writable_file_nanos = 0, env_reuse_writable_file_nanos = 0, env_new_random_rw_file_nanos = 0, env_new_directory_nanos = 0, env_file_exists_nanos = 0, env_get_children_nanos = 0, env_get_children_file_attributes_nanos = 0, env_delete_file_nanos = 0, env_create_dir_nanos = 0, env_create_dir_if_missing_nanos = 0, env_delete_dir_nanos = 0, env_get_file_size_nanos = 0, env_get_file_modification_time_nanos = 0, env_rename_file_nanos = 0, env_link_file_nanos = 0, env_lock_file_nanos = 0, env_unlock_file_nanos = 0, env_new_logger_nanos = 0, get_cpu_nanos = 0, iter_next_cpu_nanos = 4616815513, iter_prev_cpu_nanos = 0, iter_seek_cpu_nanos = 348107, bloom_filter_useful = bloom_filter_full_positive = bloom_filter_full_true_positive = block_cache_hit_count = block_cache_miss_count = 
Microseconds per read:
Count: 8000000 Average: 3.7483  StdDev: 10.04
Min: 1  Median: 1.6618  Max: 4241
Percentiles: P50: 1.66 P75: 2.24 P99: 39.62 P99.9: 74.45 P99.99: 138.82
------------------------------------------------------
[       0,       1 ]   837634  10.470%  10.470% ##
(       1,       2 ]  4778529  59.732%  70.202% ############
(       2,       3 ]  1612192  20.152%  90.354% ####
(       3,       4 ]   184982   2.312%  92.667% 
(       4,       6 ]    16311   0.204%  92.871% 
(       6,      10 ]    71095   0.889%  93.759% 
(      10,      15 ]   131268   1.641%  95.400% 
(      15,      22 ]   121624   1.520%  96.920% 
(      22,      34 ]   141098   1.764%  98.684% 
(      34,      51 ]    76393   0.955%  99.639% 
(      51,      76 ]    22256   0.278%  99.917% 
(      76,     110 ]     5342   0.067%  99.984% 
(     110,     170 ]      991   0.012%  99.996% 
(     170,     250 ]       28   0.000%  99.997% 
(     250,     380 ]        6   0.000%  99.997% 
(     380,     580 ]       16   0.000%  99.997% 
(     580,     870 ]       47   0.001%  99.998% 
(     870,    1300 ]       79   0.001%  99.999% 
(    1300,    1900 ]      107   0.001% 100.000% 
(    1900,    2900 ]        1   0.000% 100.000% 
(    2900,    4400 ]        1   0.000% 100.000% 



** Compaction Stats [default] **
Level    Files   Size     Score Read(GB)  Rn(GB) Rnp1(GB) Write(GB) Wnew(GB) Moved(GB) W-Amp Rd(MB/s) Wr(MB/s) Comp(sec) CompMergeCPU(sec) Comp(cnt) Avg(sec) KeyIn KeyDrop
----------------------------------------------------------------------------------------------------------------------------------------------------------------------------
  L0      0/0    0.00 KB   0.0      0.0     0.0      0.0       0.0      0.0       0.0   1.0      0.0    348.0      0.06              0.00         1    0.057       0      0
  L5     63/0   510.34 MB   1.0      0.2     0.2      0.0       0.2      0.2       0.0   1.0    159.4    158.7      1.26              0.99         1    1.265    745K   3385
  L6    104/0   842.34 MB   0.0      0.0     0.0      0.0       0.0      0.0       0.1   0.0      0.0      0.0      0.00              0.00         0    0.000       0      0
 Sum    167/0    1.32 GB   0.0      0.2     0.2      0.0       0.2      0.2       0.1  11.1    152.5    166.9      1.32              0.99         2    0.661    745K   3385
 Int      0/0    0.00 KB   0.0      0.2     0.2      0.0       0.2      0.2       0.1 210459298.0    159.4    158.7      1.26              0.99         1    1.265    745K   3385

** Compaction Stats [default] **
Priority    Files   Size     Score Read(GB)  Rn(GB) Rnp1(GB) Write(GB) Wnew(GB) Moved(GB) W-Amp Rd(MB/s) Wr(MB/s) Comp(sec) CompMergeCPU(sec) Comp(cnt) Avg(sec) KeyIn KeyDrop
-------------------------------------------------------------------------------------------------------------------------------------------------------------------------------
 Low      0/0    0.00 KB   0.0      0.2     0.2      0.0       0.2      0.2       0.0   0.0    159.4    158.7      1.26              0.99         1    1.265    745K   3385
User      0/0    0.00 KB   0.0      0.0     0.0      0.0       0.0      0.0       0.0   0.0      0.0    348.0      0.06              0.00         1    0.057       0      0
Uptime(secs): 8.1 total, 7.5 interval
Flush(GB): cumulative 0.019, interval 0.000
AddFile(GB): cumulative 0.000, interval 0.000
AddFile(Total Files): cumulative 0, interval 0
AddFile(L0 Files): cumulative 0, interval 0
AddFile(Keys): cumulative 0, interval 0
Cumulative compaction: 0.22 GB write, 27.40 MB/s write, 0.20 GB read, 25.03 MB/s read, 1.3 seconds
Interval compaction: 0.20 GB write, 26.62 MB/s write, 0.20 GB read, 26.74 MB/s read, 1.3 seconds
Stalls(count): 0 level0_slowdown, 0 level0_slowdown_with_compaction, 0 level0_numfiles, 0 level0_numfiles_with_compaction, 0 stop for pending_compaction_bytes, 0 slowdown for pending_compaction_bytes, 0 memtable_compaction, 0 memtable_slowdown, interval 0 total count

** File Read Latency Histogram By Level [default] **
** Level 0 read latency histogram (micros):
Count: 51322 Average: 2.1334  StdDev: 9.84
Min: 1  Median: 1.0000  Max: 1047
Percentiles: P50: 1.00 P75: 1.54 P99: 20.27 P99.9: 36.42 P99.99: 663.89
------------------------------------------------------
[       0,       1 ]    26212  51.074%  51.074% ##########
(       1,       2 ]    22546  43.930%  95.004% #########
(       2,       3 ]      908   1.769%  96.773% 
(       3,       4 ]       63   0.123%  96.896% 
(       4,       6 ]      133   0.259%  97.155% 
(       6,      10 ]       65   0.127%  97.282% 
(      10,      15 ]       14   0.027%  97.309% 
(      15,      22 ]     1153   2.247%  99.556% 
(      22,      34 ]      170   0.331%  99.887% 
(      34,      51 ]       47   0.092%  99.979% 
(      51,      76 ]        2   0.004%  99.982% 
(      76,     110 ]        1   0.002%  99.984% 
(     110,     170 ]        2   0.004%  99.988% 
(     580,     870 ]        3   0.006%  99.994% 
(     870,    1300 ]        3   0.006% 100.000% 

** Level 5 read latency histogram (micros):
Count: 2388 Average: 10.3086  StdDev: 35.41
Min: 1  Median: 1.2617  Max: 616
Percentiles: P50: 1.26 P75: 1.83 P99: 161.77 P99.9: 367.97 P99.99: 532.24
------------------------------------------------------
[       0,       1 ]      921  38.568%  38.568% ########
(       1,       2 ]     1043  43.677%  82.245% #########
(       2,       3 ]       65   2.722%  84.966% #
(       3,       4 ]       43   1.801%  86.767% 
(       4,       6 ]       22   0.921%  87.688% 
(       6,      10 ]        5   0.209%  87.898% 
(      10,      15 ]       17   0.712%  88.610% 
(      15,      22 ]       59   2.471%  91.080% 
(      22,      34 ]       27   1.131%  92.211% 
(      34,      51 ]       23   0.963%  93.174% 
(      51,      76 ]       83   3.476%  96.650% #
(      76,     110 ]       38   1.591%  98.241% 
(     110,     170 ]       21   0.879%  99.121% 
(     170,     250 ]        5   0.209%  99.330% 
(     250,     380 ]       15   0.628%  99.958% 
(     380,     580 ]        1   0.042% 100.000% 
(     580,     870 ]        1   0.042% 100.042% 

** Level 6 read latency histogram (micros):
Count: 248181 Average: 11.6875  StdDev: 39.39
Min: 1  Median: 3.8398  Max: 1820
Percentiles: P50: 3.84 P75: 17.00 P99: 59.97 P99.9: 73.00 P99.99: 74.30
------------------------------------------------------
[       0,       1 ]       16   0.006%   0.006% 
(       1,       2 ]    15663   6.311%   6.318% #
(       2,       3 ]    80132  32.288%  38.605% ######
(       3,       4 ]    33676  13.569%  52.174% ###
(       4,       6 ]    11240   4.529%  56.703% #
(       6,      10 ]     7308   2.945%  59.648% #
(      10,      15 ]    20389   8.215%  67.863% ##
(      15,      22 ]    62026  24.992%  92.856% #####
(      22,      34 ]    11062   4.457%  97.313% #
(      34,      51 ]     2649   1.067%  98.380% 
(      51,      76 ]     4287   1.727% 100.108% 
(      76,     110 ]      186   0.075% 100.183% 
(     110,     170 ]       29   0.012% 100.194% 
(     170,     250 ]       18   0.007% 100.201% 
(     250,     380 ]       15   0.006% 100.208% 
(     380,     580 ]       30   0.012% 100.220% 
(     580,     870 ]       49   0.020% 100.239% 
(     870,    1300 ]       62   0.025% 100.264% 
(    1300,    1900 ]      101   0.041% 100.305% 


** DB Stats **
Uptime(secs): 8.1 total, 7.5 interval
Cumulative writes: 0 writes, 0 keys, 0 commit groups, 0.0 writes per commit group, ingest: 0.00 GB, 0.00 MB/s
Cumulative WAL: 0 writes, 0 syncs, 0.00 writes per sync, written: 0.00 GB, 0.00 MB/s
Cumulative stall: 00:00:0.000 H:M:S, 0.0 percent
Interval writes: 0 writes, 0 keys, 0 commit groups, 0.0 writes per commit group, ingest: 0.00 MB, 0.00 MB/s
Interval WAL: 0 writes, 0 syncs, 0.00 writes per sync, written: 0.00 MB, 0.00 MB/s
Interval stall: 00:00:0.000 H:M:S, 0.0 percent


Level Files Size(MB)
--------------------
  0        0        0
  1        0        0
  2        0        0
  3        0        0
  4        0        0
  5       63      510
  6      104      842


--- level 0 --- version# 21 ---
--- level 1 --- version# 21 ---
--- level 2 --- version# 21 ---
--- level 3 --- version# 21 ---
--- level 4 --- version# 21 ---
--- level 5 --- version# 21 ---
 127:8546012[5142991 .. 5203528]['00000000002737543030303030303030' seq:5142991, type:1 .. '000000000027AD123030303030303030' seq:5203528, type:1](0)
 128:8542118[5203530 .. 5263784]['000000000027AD133030303030303030' seq:5203530, type:1 .. '00000000002822C33030303030303030' seq:5263784, type:1](0)
 129:8546012[5263786 .. 5324071]['00000000002822C43030303030303030' seq:5263786, type:1 .. '00000000002898823030303030303030' seq:5324071, type:1](0)
 130:8542119[5324073 .. 5384330]['00000000002898833030303030303030' seq:5324073, type:1 .. '0000000000290E333030303030303030' seq:5384330, type:1](0)
 131:8546011[5384332 .. 5444616]['0000000000290E343030303030303030' seq:5384332, type:1 .. '00000000002983F23030303030303030' seq:5444616, type:1](0)
 132:8542118[5444618 .. 5504874]['00000000002983F33030303030303030' seq:5444618, type:1 .. '000000000029F9A33030303030303030' seq:5504874, type:1](0)
 133:8546011[5504876 .. 5565161]['000000000029F9A43030303030303030' seq:5504876, type:1 .. '00000000002A6F623030303030303030' seq:5565161, type:1](0)
 134:8542118[5565163 .. 5625435]['00000000002A6F633030303030303030' seq:5565163, type:1 .. '00000000002AE5133030303030303030' seq:5625435, type:1](0)
 135:8546010[5625437 .. 5685747]['00000000002AE5143030303030303030' seq:5625437, type:1 .. '00000000002B5AD23030303030303030' seq:5685747, type:1](0)
 136:8542118[5685749 .. 5746026]['00000000002B5AD33030303030303030' seq:5685749, type:1 .. '00000000002BD0833030303030303030' seq:5746026, type:1](0)
 137:8546011[5746028 .. 5806328]['00000000002BD0843030303030303030' seq:5746028, type:1 .. '00000000002C46423030303030303030' seq:5806328, type:1](0)
 138:8542117[5806330 .. 5866611]['00000000002C46433030303030303030' seq:5806330, type:1 .. '00000000002CBBF33030303030303030' seq:5866611, type:1](0)
 139:8546011[5866613 .. 5926913]['00000000002CBBF43030303030303030' seq:5866613, type:1 .. '00000000002D31B23030303030303030' seq:5926913, type:1](0)
 140:8542118[5926915 .. 5987171]['00000000002D31B33030303030303030' seq:5926915, type:1 .. '00000000002DA7633030303030303030' seq:5987171, type:1](0)
 141:8546011[5987173 .. 6047418]['00000000002DA7643030303030303030' seq:5987173, type:1 .. '00000000002E1D223030303030303030' seq:6047418, type:1](0)
 142:8542117[6047420 .. 6107663]['00000000002E1D233030303030303030' seq:6047420, type:1 .. '00000000002E92D33030303030303030' seq:6107663, type:1](0)
 143:8546011[6107665 .. 6167953]['00000000002E92D43030303030303030' seq:6107665, type:1 .. '00000000002F08923030303030303030' seq:6167953, type:1](0)
 144:8542118[6167955 .. 6228213]['00000000002F08933030303030303030' seq:6167955, type:1 .. '00000000002F7E433030303030303030' seq:6228213, type:1](0)
 145:8546010[6228215 .. 6288500]['00000000002F7E443030303030303030' seq:6228215, type:1 .. '00000000002FF4023030303030303030' seq:6288500, type:1](0)
 146:8542118[6288502 .. 6348759]['00000000002FF4033030303030303030' seq:6288502, type:1 .. '00000000003069B33030303030303030' seq:6348759, type:1](0)
 147:8546010[6348761 .. 6409047]['00000000003069B43030303030303030' seq:6348761, type:1 .. '000000000030DF723030303030303030' seq:6409047, type:1](0)
 148:8542119[6409049 .. 6469304]['000000000030DF733030303030303030' seq:6409049, type:1 .. '00000000003155233030303030303030' seq:6469304, type:1](0)
 149:8546009[6469306 .. 6529575]['00000000003155243030303030303030' seq:6469306, type:1 .. '000000000031CAE23030303030303030' seq:6529575, type:1](0)
 150:8542119[6529577 .. 6589825]['000000000031CAE33030303030303030' seq:6529577, type:1 .. '00000000003240933030303030303030' seq:6589825, type:1](0)
 151:8546010[6589827 .. 6650096]['00000000003240943030303030303030' seq:6589827, type:1 .. '000000000032B6523030303030303030' seq:6650096, type:1](0)
 152:8542119[6650098 .. 6710345]['000000000032B6533030303030303030' seq:6650098, type:1 .. '0000000000332C033030303030303030' seq:6710345, type:1](0)
 153:8546009[6710347 .. 6770621]['0000000000332C043030303030303030' seq:6710347, type:1 .. '000000000033A1C23030303030303030' seq:6770621, type:1](0)
 154:8542119[6770623 .. 6830871]['000000000033A1C33030303030303030' seq:6770623, type:1 .. '00000000003417733030303030303030' seq:6830871, type:1](0)
 164:8546010[0 .. 0]['00000000003417743030303030303030' seq:0, type:1 .. '0000000000348D323030303030303030' seq:0, type:1](0)
 165:8542118[0 .. 0]['0000000000348D333030303030303030' seq:0, type:1 .. '00000000003502E33030303030303030' seq:0, type:1](0)
 166:8546010[0 .. 0]['00000000003502E43030303030303030' seq:0, type:1 .. '00000000003578A23030303030303030' seq:0, type:1](0)
 167:8542118[0 .. 0]['00000000003578A33030303030303030' seq:0, type:1 .. '000000000035EE533030303030303030' seq:0, type:1](0)
 168:8546013[0 .. 0]['000000000035EE543030303030303030' seq:0, type:1 .. '00000000003664123030303030303030' seq:0, type:1](0)
 169:8542117[0 .. 0]['00000000003664133030303030303030' seq:0, type:1 .. '000000000036D9C33030303030303030' seq:0, type:1](0)
 170:8546013[0 .. 0]['000000000036D9C43030303030303030' seq:0, type:1 .. '0000000000374F823030303030303030' seq:0, type:1](0)
 171:8542118[0 .. 0]['0000000000374F833030303030303030' seq:0, type:1 .. '000000000037C5333030303030303030' seq:0, type:1](0)
 172:8546012[0 .. 0]['000000000037C5343030303030303030' seq:0, type:1 .. '0000000000383AF23030303030303030' seq:0, type:1](0)
 173:8542118[0 .. 0]['0000000000383AF33030303030303030' seq:0, type:1 .. '000000000038B0A33030303030303030' seq:0, type:1](0)
 174:8546011[0 .. 0]['000000000038B0A43030303030303030' seq:0, type:1 .. '00000000003926623030303030303030' seq:0, type:1](0)
 175:8542118[0 .. 0]['00000000003926633030303030303030' seq:0, type:1 .. '0000000000399C133030303030303030' seq:0, type:1](0)
 206:8542118[0 .. 0]['0000000000416D533030303030303030' seq:0, type:1 .. '000000000041E3033030303030303030' seq:0, type:1](0)
 207:8546008[0 .. 0]['000000000041E3043030303030303030' seq:0, type:1 .. '00000000004258C23030303030303030' seq:0, type:1](0)
 208:8542118[0 .. 0]['00000000004258C33030303030303030' seq:0, type:1 .. '000000000042CE733030303030303030' seq:0, type:1](0)
 209:8546009[0 .. 0]['000000000042CE743030303030303030' seq:0, type:1 .. '00000000004344323030303030303030' seq:0, type:1](0)
 210:8542117[0 .. 0]['00000000004344333030303030303030' seq:0, type:1 .. '000000000043B9E33030303030303030' seq:0, type:1](0)
 211:8546009[0 .. 0]['000000000043B9E43030303030303030' seq:0, type:1 .. '0000000000442FA23030303030303030' seq:0, type:1](0)
 212:8542118[0 .. 0]['0000000000442FA33030303030303030' seq:0, type:1 .. '000000000044A5533030303030303030' seq:0, type:1](0)
 213:8546011[0 .. 0]['000000000044A5543030303030303030' seq:0, type:1 .. '0000000000451B123030303030303030' seq:0, type:1](0)
 215:8546011[0 .. 0]['00000000004590C43030303030303030' seq:0, type:1 .. '00000000004606823030303030303030' seq:0, type:1](0)
 216:8542118[0 .. 0]['00000000004606833030303030303030' seq:0, type:1 .. '0000000000467C333030303030303030' seq:0, type:1](0)
 217:8546011[0 .. 0]['0000000000467C343030303030303030' seq:0, type:1 .. '000000000046F1F23030303030303030' seq:0, type:1](0)
 218:8542119[0 .. 0]['000000000046F1F33030303030303030' seq:0, type:1 .. '00000000004767A33030303030303030' seq:0, type:1](0)
 219:8546010[0 .. 0]['00000000004767A43030303030303030' seq:0, type:1 .. '000000000047DD623030303030303030' seq:0, type:1](0)
 220:8542119[0 .. 0]['000000000047DD633030303030303030' seq:0, type:1 .. '00000000004853133030303030303030' seq:0, type:1](0)
 221:8546009[0 .. 0]['00000000004853143030303030303030' seq:0, type:1 .. '000000000048C8D23030303030303030' seq:0, type:1](0)
 222:8542119[0 .. 0]['000000000048C8D33030303030303030' seq:0, type:1 .. '0000000000493E833030303030303030' seq:0, type:1](0)
 223:8546010[0 .. 0]['0000000000493E843030303030303030' seq:0, type:1 .. '000000000049B4423030303030303030' seq:0, type:1](0)
 224:8542118[0 .. 0]['000000000049B4433030303030303030' seq:0, type:1 .. '00000000004A29F33030303030303030' seq:0, type:1](0)
 225:8546010[0 .. 0]['00000000004A29F43030303030303030' seq:0, type:1 .. '00000000004A9FB23030303030303030' seq:0, type:1](0)
 226:8542119[0 .. 0]['00000000004A9FB33030303030303030' seq:0, type:1 .. '00000000004B15633030303030303030' seq:0, type:1](0)
 227:8546010[0 .. 0]['00000000004B15643030303030303030' seq:0, type:1 .. '00000000004B8B223030303030303030' seq:0, type:1](0)
 228:8542118[0 .. 0]['00000000004B8B233030303030303030' seq:0, type:1 .. '00000000004C00D33030303030303030' seq:0, type:1](0)
 229:5401763[0 .. 0]['00000000004C00D43030303030303030' seq:0, type:1 .. '00000000004C4B3F3030303030303030' seq:0, type:1](0)
--- level 6 --- version# 21 ---
 15:8546011[0 .. 0]['00000000000000003030303030303030' seq:0, type:1 .. '00000000000075BE3030303030303030' seq:0, type:1](0)
 16:8542118[0 .. 0]['00000000000075BF3030303030303030' seq:0, type:1 .. '000000000000EB6F3030303030303030' seq:0, type:1](0)
 17:8546011[0 .. 0]['000000000000EB703030303030303030' seq:0, type:1 .. '000000000001612E3030303030303030' seq:0, type:1](0)
 18:8542117[0 .. 0]['000000000001612F3030303030303030' seq:0, type:1 .. '000000000001D6DF3030303030303030' seq:0, type:1](0)
 19:8546011[0 .. 0]['000000000001D6E03030303030303030' seq:0, type:1 .. '0000000000024C9E3030303030303030' seq:0, type:1](0)
 20:8542118[0 .. 0]['0000000000024C9F3030303030303030' seq:0, type:1 .. '000000000002C24F3030303030303030' seq:0, type:1](0)
 21:8546009[0 .. 0]['000000000002C2503030303030303030' seq:0, type:1 .. '000000000003380E3030303030303030' seq:0, type:1](0)
 22:8542117[0 .. 0]['000000000003380F3030303030303030' seq:0, type:1 .. '000000000003ADBF3030303030303030' seq:0, type:1](0)
 23:8546009[0 .. 0]['000000000003ADC03030303030303030' seq:0, type:1 .. '000000000004237E3030303030303030' seq:0, type:1](0)
 24:8542118[0 .. 0]['000000000004237F3030303030303030' seq:0, type:1 .. '000000000004992F3030303030303030' seq:0, type:1](0)
 25:8546008[0 .. 0]['00000000000499303030303030303030' seq:0, type:1 .. '0000000000050EEE3030303030303030' seq:0, type:1](0)
 26:8542118[0 .. 0]['0000000000050EEF3030303030303030' seq:0, type:1 .. '000000000005849F3030303030303030' seq:0, type:1](0)
 27:8546010[0 .. 0]['00000000000584A03030303030303030' seq:0, type:1 .. '000000000005FA5E3030303030303030' seq:0, type:1](0)
 28:8542119[0 .. 0]['000000000005FA5F3030303030303030' seq:0, type:1 .. '000000000006700F3030303030303030' seq:0, type:1](0)
 29:8546009[0 .. 0]['00000000000670103030303030303030' seq:0, type:1 .. '000000000006E5CE3030303030303030' seq:0, type:1](0)
 30:8542119[0 .. 0]['000000000006E5CF3030303030303030' seq:0, type:1 .. '0000000000075B7F3030303030303030' seq:0, type:1](0)
 31:8546010[0 .. 0]['0000000000075B803030303030303030' seq:0, type:1 .. '000000000007D13E3030303030303030' seq:0, type:1](0)
 32:8542118[0 .. 0]['000000000007D13F3030303030303030' seq:0, type:1 .. '00000000000846EF3030303030303030' seq:0, type:1](0)
 33:8546010[0 .. 0]['00000000000846F03030303030303030' seq:0, type:1 .. '000000000008BCAE3030303030303030' seq:0, type:1](0)
 34:8542119[0 .. 0]['000000000008BCAF3030303030303030' seq:0, type:1 .. '000000000009325F3030303030303030' seq:0, type:1](0)
 35:8546010[0 .. 0]['00000000000932603030303030303030' seq:0, type:1 .. '000000000009A81E3030303030303030' seq:0, type:1](0)
 36:8542118[0 .. 0]['000000000009A81F3030303030303030' seq:0, type:1 .. '00000000000A1DCF3030303030303030' seq:0, type:1](0)
 37:8546010[0 .. 0]['00000000000A1DD03030303030303030' seq:0, type:1 .. '00000000000A938E3030303030303030' seq:0, type:1](0)
 38:8542119[0 .. 0]['00000000000A938F3030303030303030' seq:0, type:1 .. '00000000000B093F3030303030303030' seq:0, type:1](0)
 39:8546009[0 .. 0]['00000000000B09403030303030303030' seq:0, type:1 .. '00000000000B7EFE3030303030303030' seq:0, type:1](0)
 40:8542118[0 .. 0]['00000000000B7EFF3030303030303030' seq:0, type:1 .. '00000000000BF4AF3030303030303030' seq:0, type:1](0)
 41:8546011[0 .. 0]['00000000000BF4B03030303030303030' seq:0, type:1 .. '00000000000C6A6E3030303030303030' seq:0, type:1](0)
 42:8542118[0 .. 0]['00000000000C6A6F3030303030303030' seq:0, type:1 .. '00000000000CE01F3030303030303030' seq:0, type:1](0)
 52:8546010[0 .. 0]['00000000000CE0203030303030303030' seq:0, type:1 .. '00000000000D55DE3030303030303030' seq:0, type:1](0)
 53:8542118[0 .. 0]['00000000000D55DF3030303030303030' seq:0, type:1 .. '00000000000DCB8F3030303030303030' seq:0, type:1](0)
 54:8546011[0 .. 0]['00000000000DCB903030303030303030' seq:0, type:1 .. '00000000000E414E3030303030303030' seq:0, type:1](0)
 55:8542117[0 .. 0]['00000000000E414F3030303030303030' seq:0, type:1 .. '00000000000EB6FF3030303030303030' seq:0, type:1](0)
 56:8546012[0 .. 0]['00000000000EB7003030303030303030' seq:0, type:1 .. '00000000000F2CBE3030303030303030' seq:0, type:1](0)
 57:8542118[0 .. 0]['00000000000F2CBF3030303030303030' seq:0, type:1 .. '00000000000FA26F3030303030303030' seq:0, type:1](0)
 58:8546013[0 .. 0]['00000000000FA2703030303030303030' seq:0, type:1 .. '000000000010182E3030303030303030' seq:0, type:1](0)
 59:8542117[0 .. 0]['000000000010182F3030303030303030' seq:0, type:1 .. '0000000000108DDF3030303030303030' seq:0, type:1](0)
 60:8546013[0 .. 0]['0000000000108DE03030303030303030' seq:0, type:1 .. '000000000011039E3030303030303030' seq:0, type:1](0)
 61:8542118[0 .. 0]['000000000011039F3030303030303030' seq:0, type:1 .. '000000000011794F3030303030303030' seq:0, type:1](0)
 62:8546010[0 .. 0]['00000000001179503030303030303030' seq:0, type:1 .. '000000000011EF0E3030303030303030' seq:0, type:1](0)
 63:8542118[0 .. 0]['000000000011EF0F3030303030303030' seq:0, type:1 .. '00000000001264BF3030303030303030' seq:0, type:1](0)
 64:8546010[0 .. 0]['00000000001264C03030303030303030' seq:0, type:1 .. '000000000012DA7E3030303030303030' seq:0, type:1](0)
 65:8542119[0 .. 0]['000000000012DA7F3030303030303030' seq:0, type:1 .. '000000000013502F3030303030303030' seq:0, type:1](0)
 66:8546009[0 .. 0]['00000000001350303030303030303030' seq:0, type:1 .. '000000000013C5EE3030303030303030' seq:0, type:1](0)
 67:8542119[0 .. 0]['000000000013C5EF3030303030303030' seq:0, type:1 .. '0000000000143B9F3030303030303030' seq:0, type:1](0)
 68:8546010[0 .. 0]['0000000000143BA03030303030303030' seq:0, type:1 .. '000000000014B15E3030303030303030' seq:0, type:1](0)
 69:8542119[0 .. 0]['000000000014B15F3030303030303030' seq:0, type:1 .. '000000000015270F3030303030303030' seq:0, type:1](0)
 70:8546009[0 .. 0]['00000000001527103030303030303030' seq:0, type:1 .. '0000000000159CCE3030303030303030' seq:0, type:1](0)
 71:8542119[0 .. 0]['0000000000159CCF3030303030303030' seq:0, type:1 .. '000000000016127F3030303030303030' seq:0, type:1](0)
 72:8546010[0 .. 0]['00000000001612803030303030303030' seq:0, type:1 .. '000000000016883E3030303030303030' seq:0, type:1](0)
 73:8542117[0 .. 0]['000000000016883F3030303030303030' seq:0, type:1 .. '000000000016FDEF3030303030303030' seq:0, type:1](0)
 74:8546011[0 .. 0]['000000000016FDF03030303030303030' seq:0, type:1 .. '00000000001773AE3030303030303030' seq:0, type:1](0)
 75:8542118[0 .. 0]['00000000001773AF3030303030303030' seq:0, type:1 .. '000000000017E95F3030303030303030' seq:0, type:1](0)
 76:8546011[0 .. 0]['000000000017E9603030303030303030' seq:0, type:1 .. '0000000000185F1E3030303030303030' seq:0, type:1](0)
 77:8542117[0 .. 0]['0000000000185F1F3030303030303030' seq:0, type:1 .. '000000000018D4CF3030303030303030' seq:0, type:1](0)
 78:8546011[0 .. 0]['000000000018D4D03030303030303030' seq:0, type:1 .. '0000000000194A8E3030303030303030' seq:0, type:1](0)
 79:8542118[0 .. 0]['0000000000194A8F3030303030303030' seq:0, type:1 .. '000000000019C03F3030303030303030' seq:0, type:1](0)
 89:8546010[0 .. 0]['000000000019C0403030303030303030' seq:0, type:1 .. '00000000001A35FE3030303030303030' seq:0, type:1](0)
 90:8542118[0 .. 0]['00000000001A35FF3030303030303030' seq:0, type:1 .. '00000000001AABAF3030303030303030' seq:0, type:1](0)
 91:8546011[0 .. 0]['00000000001AABB03030303030303030' seq:0, type:1 .. '00000000001B216E3030303030303030' seq:0, type:1](0)
 92:8542118[0 .. 0]['00000000001B216F3030303030303030' seq:0, type:1 .. '00000000001B971F3030303030303030' seq:0, type:1](0)
 93:8546010[0 .. 0]['00000000001B97203030303030303030' seq:0, type:1 .. '00000000001C0CDE3030303030303030' seq:0, type:1](0)
 94:8542118[0 .. 0]['00000000001C0CDF3030303030303030' seq:0, type:1 .. '00000000001C828F3030303030303030' seq:0, type:1](0)
 95:8546010[0 .. 0]['00000000001C82903030303030303030' seq:0, type:1 .. '00000000001CF84E3030303030303030' seq:0, type:1](0)
 96:8542118[0 .. 0]['00000000001CF84F3030303030303030' seq:0, type:1 .. '00000000001D6DFF3030303030303030' seq:0, type:1](0)
 97:8546011[0 .. 0]['00000000001D6E003030303030303030' seq:0, type:1 .. '00000000001DE3BE3030303030303030' seq:0, type:1](0)
 98:8542119[0 .. 0]['00000000001DE3BF3030303030303030' seq:0, type:1 .. '00000000001E596F3030303030303030' seq:0, type:1](0)
 99:8546012[0 .. 0]['00000000001E59703030303030303030' seq:0, type:1 .. '00000000001ECF2E3030303030303030' seq:0, type:1](0)
 100:8542118[0 .. 0]['00000000001ECF2F3030303030303030' seq:0, type:1 .. '00000000001F44DF3030303030303030' seq:0, type:1](0)
 101:8546012[0 .. 0]['00000000001F44E03030303030303030' seq:0, type:1 .. '00000000001FBA9E3030303030303030' seq:0, type:1](0)
 102:8542119[0 .. 0]['00000000001FBA9F3030303030303030' seq:0, type:1 .. '000000000020304F3030303030303030' seq:0, type:1](0)
 103:8546010[0 .. 0]['00000000002030503030303030303030' seq:0, type:1 .. '000000000020A60E3030303030303030' seq:0, type:1](0)
 104:8542118[0 .. 0]['000000000020A60F3030303030303030' seq:0, type:1 .. '0000000000211BBF3030303030303030' seq:0, type:1](0)
 105:8546010[0 .. 0]['0000000000211BC03030303030303030' seq:0, type:1 .. '000000000021917E3030303030303030' seq:0, type:1](0)
 106:8542119[0 .. 0]['000000000021917F3030303030303030' seq:0, type:1 .. '000000000022072F3030303030303030' seq:0, type:1](0)
 107:8546009[0 .. 0]['00000000002207303030303030303030' seq:0, type:1 .. '0000000000227CEE3030303030303030' seq:0, type:1](0)
 108:8542118[0 .. 0]['0000000000227CEF3030303030303030' seq:0, type:1 .. '000000000022F29F3030303030303030' seq:0, type:1](0)
 109:8546011[0 .. 0]['000000000022F2A03030303030303030' seq:0, type:1 .. '000000000023685E3030303030303030' seq:0, type:1](0)
 110:8542118[0 .. 0]['000000000023685F3030303030303030' seq:0, type:1 .. '000000000023DE0F3030303030303030' seq:0, type:1](0)
 111:8546010[0 .. 0]['000000000023DE103030303030303030' seq:0, type:1 .. '00000000002453CE3030303030303030' seq:0, type:1](0)
 112:8542118[0 .. 0]['00000000002453CF3030303030303030' seq:0, type:1 .. '000000000024C97F3030303030303030' seq:0, type:1](0)
 113:8546011[0 .. 0]['000000000024C9803030303030303030' seq:0, type:1 .. '0000000000253F3E3030303030303030' seq:0, type:1](0)
 114:8542117[0 .. 0]['0000000000253F3F3030303030303030' seq:0, type:1 .. '000000000025B4EF3030303030303030' seq:0, type:1](0)
 115:8546011[0 .. 0]['000000000025B4F03030303030303030' seq:0, type:1 .. '0000000000262AAE3030303030303030' seq:0, type:1](0)
 116:8542118[0 .. 0]['0000000000262AAF3030303030303030' seq:0, type:1 .. '000000000026A05F3030303030303030' seq:0, type:1](0)
 117:8546011[0 .. 0]['000000000026A0603030303030303030' seq:0, type:1 .. '000000000027161E3030303030303030' seq:0, type:1](0)
 118:3219616[0 .. 0]['000000000027161F3030303030303030' seq:0, type:1 .. '00000000002742793030303030303030' seq:0, type:1](0)
 176:8546010[0 .. 0]['0000000000399C143030303030303030' seq:0, type:1 .. '00000000003A11D23030303030303030' seq:0, type:1](0)
 177:8542118[0 .. 0]['00000000003A11D33030303030303030' seq:0, type:1 .. '00000000003A87833030303030303030' seq:0, type:1](0)
 178:8546010[0 .. 0]['00000000003A87843030303030303030' seq:0, type:1 .. '00000000003AFD423030303030303030' seq:0, type:1](0)
 179:8542118[0 .. 0]['00000000003AFD433030303030303030' seq:0, type:1 .. '00000000003B72F33030303030303030' seq:0, type:1](0)
 180:8546010[0 .. 0]['00000000003B72F43030303030303030' seq:0, type:1 .. '00000000003BE8B23030303030303030' seq:0, type:1](0)
 181:8542119[0 .. 0]['00000000003BE8B33030303030303030' seq:0, type:1 .. '00000000003C5E633030303030303030' seq:0, type:1](0)
 182:8546010[0 .. 0]['00000000003C5E643030303030303030' seq:0, type:1 .. '00000000003CD4223030303030303030' seq:0, type:1](0)
 183:8542118[0 .. 0]['00000000003CD4233030303030303030' seq:0, type:1 .. '00000000003D49D33030303030303030' seq:0, type:1](0)
 184:8546010[0 .. 0]['00000000003D49D43030303030303030' seq:0, type:1 .. '00000000003DBF923030303030303030' seq:0, type:1](0)
 185:8542119[0 .. 0]['00000000003DBF933030303030303030' seq:0, type:1 .. '00000000003E35433030303030303030' seq:0, type:1](0)
 186:8546010[0 .. 0]['00000000003E35443030303030303030' seq:0, type:1 .. '00000000003EAB023030303030303030' seq:0, type:1](0)
 187:8542118[0 .. 0]['00000000003EAB033030303030303030' seq:0, type:1 .. '00000000003F20B33030303030303030' seq:0, type:1](0)
 188:8546010[0 .. 0]['00000000003F20B43030303030303030' seq:0, type:1 .. '00000000003F96723030303030303030' seq:0, type:1](0)
 189:8542119[0 .. 0]['00000000003F96733030303030303030' seq:0, type:1 .. '0000000000400C233030303030303030' seq:0, type:1](0)
 190:8546009[0 .. 0]['0000000000400C243030303030303030' seq:0, type:1 .. '00000000004081E23030303030303030' seq:0, type:1](0)
 191:8542118[0 .. 0]['00000000004081E33030303030303030' seq:0, type:1 .. '000000000040F7933030303030303030' seq:0, type:1](0)
 205:8546009[0 .. 0]['000000000040F7943030303030303030' seq:0, type:1 .. '0000000000416D523030303030303030' seq:0, type:1](0)
 214:8542117[0 .. 0]['0000000000451B133030303030303030' seq:0, type:1 .. '00000000004590C33030303030303030' seq:0, type:1](0)

STATISTICS:
rocksdb.block.cache.miss COUNT : 0
rocksdb.block.cache.hit COUNT : 0
rocksdb.block.cache.add COUNT : 0
rocksdb.block.cache.add.failures COUNT : 0
rocksdb.block.cache.index.miss COUNT : 0
rocksdb.block.cache.index.hit COUNT : 0
rocksdb.block.cache.index.add COUNT : 0
rocksdb.block.cache.index.bytes.insert COUNT : 0
rocksdb.block.cache.index.bytes.evict COUNT : 0
rocksdb.block.cache.filter.miss COUNT : 0
rocksdb.block.cache.filter.hit COUNT : 0
rocksdb.block.cache.filter.add COUNT : 0
rocksdb.block.cache.filter.bytes.insert COUNT : 0
rocksdb.block.cache.filter.bytes.evict COUNT : 0
rocksdb.block.cache.data.miss COUNT : 0
rocksdb.block.cache.data.hit COUNT : 0
rocksdb.block.cache.data.add COUNT : 0
rocksdb.block.cache.data.bytes.insert COUNT : 0
rocksdb.block.cache.bytes.read COUNT : 0
rocksdb.block.cache.bytes.write COUNT : 0
rocksdb.bloom.filter.useful COUNT : 0
rocksdb.bloom.filter.full.positive COUNT : 0
rocksdb.bloom.filter.full.true.positive COUNT : 0
rocksdb.bloom.filter.micros COUNT : 0
rocksdb.persistent.cache.hit COUNT : 322954
rocksdb.persistent.cache.miss COUNT : 302524
rocksdb.sim.block.cache.hit COUNT : 0
rocksdb.sim.block.cache.miss COUNT : 0
rocksdb.memtable.hit COUNT : 0
rocksdb.memtable.miss COUNT : 0
rocksdb.l0.hit COUNT : 0
rocksdb.l1.hit COUNT : 0
rocksdb.l2andup.hit COUNT : 0
rocksdb.compaction.key.drop.new COUNT : 3385
rocksdb.compaction.key.drop.obsolete COUNT : 0
rocksdb.compaction.key.drop.range_del COUNT : 0
rocksdb.compaction.key.drop.user COUNT : 0
rocksdb.compaction.range_del.drop.obsolete COUNT : 0
rocksdb.compaction.optimized.del.drop.obsolete COUNT : 0
rocksdb.compaction.cancelled COUNT : 0
rocksdb.number.keys.written COUNT : 0
rocksdb.number.keys.read COUNT : 0
rocksdb.number.keys.updated COUNT : 0
rocksdb.bytes.written COUNT : 0
rocksdb.bytes.read COUNT : 0
rocksdb.number.db.seek COUNT : 4
rocksdb.number.db.next COUNT : 8000000
rocksdb.number.db.prev COUNT : 0
rocksdb.number.db.seek.found COUNT : 4
rocksdb.number.db.next.found COUNT : 8000000
rocksdb.number.db.prev.found COUNT : 0
rocksdb.db.iter.bytes.read COUNT : 2176001088
rocksdb.no.file.closes COUNT : 0
rocksdb.no.file.opens COUNT : 172
rocksdb.no.file.errors COUNT : 0
rocksdb.l0.slowdown.micros COUNT : 0
rocksdb.memtable.compaction.micros COUNT : 0
rocksdb.l0.num.files.stall.micros COUNT : 0
rocksdb.stall.micros COUNT : 0
rocksdb.db.mutex.wait.micros COUNT : 0
rocksdb.rate.limit.delay.millis COUNT : 0
rocksdb.num.iterators COUNT : 0
rocksdb.number.multiget.get COUNT : 0
rocksdb.number.multiget.keys.read COUNT : 0
rocksdb.number.multiget.bytes.read COUNT : 0
rocksdb.number.deletes.filtered COUNT : 0
rocksdb.number.merge.failures COUNT : 0
rocksdb.bloom.filter.prefix.checked COUNT : 0
rocksdb.bloom.filter.prefix.useful COUNT : 0
rocksdb.number.reseeks.iteration COUNT : 0
rocksdb.getupdatessince.calls COUNT : 0
rocksdb.block.cachecompressed.miss COUNT : 0
rocksdb.block.cachecompressed.hit COUNT : 0
rocksdb.block.cachecompressed.add COUNT : 0
rocksdb.block.cachecompressed.add.failures COUNT : 0
rocksdb.wal.synced COUNT : 0
rocksdb.wal.bytes COUNT : 0
rocksdb.write.self COUNT : 0
rocksdb.write.other COUNT : 0
rocksdb.write.timeout COUNT : 0
rocksdb.write.wal COUNT : 0
rocksdb.compact.read.bytes COUNT : 211401416
rocksdb.compact.write.bytes COUNT : 231395821
rocksdb.flush.write.bytes COUNT : 0
rocksdb.number.direct.load.table.properties COUNT : 0
rocksdb.number.superversion_acquires COUNT : 4
rocksdb.number.superversion_releases COUNT : 0
rocksdb.number.superversion_cleanups COUNT : 0
rocksdb.number.block.compressed COUNT : 0
rocksdb.number.block.decompressed COUNT : 0
rocksdb.number.block.not_compressed COUNT : 0
rocksdb.merge.operation.time.nanos COUNT : 0
rocksdb.filter.operation.time.nanos COUNT : 0
rocksdb.row.cache.hit COUNT : 0
rocksdb.row.cache.miss COUNT : 0
rocksdb.read.amp.estimate.useful.bytes COUNT : 0
rocksdb.read.amp.total.read.bytes COUNT : 0
rocksdb.number.rate_limiter.drains COUNT : 0
rocksdb.number.iter.skip COUNT : 0
rocksdb.blobdb.num.put COUNT : 0
rocksdb.blobdb.num.write COUNT : 0
rocksdb.blobdb.num.get COUNT : 0
rocksdb.blobdb.num.multiget COUNT : 0
rocksdb.blobdb.num.seek COUNT : 0
rocksdb.blobdb.num.next COUNT : 0
rocksdb.blobdb.num.prev COUNT : 0
rocksdb.blobdb.num.keys.written COUNT : 0
rocksdb.blobdb.num.keys.read COUNT : 0
rocksdb.blobdb.bytes.written COUNT : 0
rocksdb.blobdb.bytes.read COUNT : 0
rocksdb.blobdb.write.inlined COUNT : 0
rocksdb.blobdb.write.inlined.ttl COUNT : 0
rocksdb.blobdb.write.blob COUNT : 0
rocksdb.blobdb.write.blob.ttl COUNT : 0
rocksdb.blobdb.blob.file.bytes.written COUNT : 0
rocksdb.blobdb.blob.file.bytes.read COUNT : 0
rocksdb.blobdb.blob.file.synced COUNT : 0
rocksdb.blobdb.blob.index.expired.count COUNT : 0
rocksdb.blobdb.blob.index.expired.size COUNT : 0
rocksdb.blobdb.blob.index.evicted.count COUNT : 0
rocksdb.blobdb.blob.index.evicted.size COUNT : 0
rocksdb.blobdb.gc.num.files COUNT : 0
rocksdb.blobdb.gc.num.new.files COUNT : 0
rocksdb.blobdb.gc.failures COUNT : 0
rocksdb.blobdb.gc.num.keys.overwritten COUNT : 0
rocksdb.blobdb.gc.num.keys.expired COUNT : 0
rocksdb.blobdb.gc.num.keys.relocated COUNT : 0
rocksdb.blobdb.gc.bytes.overwritten COUNT : 0
rocksdb.blobdb.gc.bytes.expired COUNT : 0
rocksdb.blobdb.gc.bytes.relocated COUNT : 0
rocksdb.blobdb.fifo.num.files.evicted COUNT : 0
rocksdb.blobdb.fifo.num.keys.evicted COUNT : 0
rocksdb.blobdb.fifo.bytes.evicted COUNT : 0
rocksdb.txn.overhead.mutex.prepare COUNT : 0
rocksdb.txn.overhead.mutex.old.commit.map COUNT : 0
rocksdb.txn.overhead.duplicate.key COUNT : 0
rocksdb.txn.overhead.mutex.snapshot COUNT : 0
rocksdb.number.multiget.keys.found COUNT : 0
rocksdb.num.iterator.created COUNT : 4
rocksdb.num.iterator.deleted COUNT : 4
rocksdb.block.cache.compression.dict.miss COUNT : 0
rocksdb.block.cache.compression.dict.hit COUNT : 0
rocksdb.block.cache.compression.dict.add COUNT : 0
rocksdb.block.cache.compression.dict.bytes.insert COUNT : 0
rocksdb.block.cache.compression.dict.bytes.evict COUNT : 0
rocksdb.db.get.micros P50 : 0.000000 P95 : 0.000000 P99 : 0.000000 P100 : 0.000000 COUNT : 0 SUM : 0
rocksdb.db.write.micros P50 : 0.000000 P95 : 0.000000 P99 : 0.000000 P100 : 0.000000 COUNT : 0 SUM : 0
rocksdb.compaction.times.micros P50 : 1264896.000000 P95 : 1264896.000000 P99 : 1264896.000000 P100 : 1264896.000000 COUNT : 1 SUM : 1264896
rocksdb.compaction.times.cpu_micros P50 : 992512.000000 P95 : 992512.000000 P99 : 992512.000000 P100 : 992512.000000 COUNT : 1 SUM : 992512
rocksdb.subcompaction.setup.times.micros P50 : 0.000000 P95 : 0.000000 P99 : 0.000000 P100 : 0.000000 COUNT : 0 SUM : 0
rocksdb.table.sync.micros P50 : 10059.000000 P95 : 10059.000000 P99 : 10059.000000 P100 : 10059.000000 COUNT : 1 SUM : 10059
rocksdb.compaction.outfile.sync.micros P50 : 3807.894737 P95 : 4708.000000 P99 : 4708.000000 P100 : 4708.000000 COUNT : 25 SUM : 106685
rocksdb.wal.file.sync.micros P50 : 0.000000 P95 : 0.000000 P99 : 0.000000 P100 : 0.000000 COUNT : 0 SUM : 0
rocksdb.manifest.file.sync.micros P50 : 73.727273 P95 : 170.000000 P99 : 185.000000 P100 : 185.000000 COUNT : 20 SUM : 1629
rocksdb.table.open.io.micros P50 : 3993.750000 P95 : 8424.705882 P99 : 9760.235294 P100 : 12061.000000 COUNT : 172 SUM : 662354
rocksdb.db.multiget.micros P50 : 0.000000 P95 : 0.000000 P99 : 0.000000 P100 : 0.000000 COUNT : 0 SUM : 0
rocksdb.read.block.compaction.micros P50 : 0.000000 P95 : 0.000000 P99 : 0.000000 P100 : 0.000000 COUNT : 0 SUM : 0
rocksdb.read.block.get.micros P50 : 14.471492 P95 : 47.966304 P99 : 73.265652 P100 : 6047.000000 COUNT : 625306 SUM : 12611168
rocksdb.write.raw.block.micros P50 : 0.519204 P95 : 0.986488 P99 : 3.280000 P100 : 971.000000 COUNT : 58424 SUM : 174083
rocksdb.l0.slowdown.count P50 : 0.000000 P95 : 0.000000 P99 : 0.000000 P100 : 0.000000 COUNT : 0 SUM : 0
rocksdb.memtable.compaction.count P50 : 0.000000 P95 : 0.000000 P99 : 0.000000 P100 : 0.000000 COUNT : 0 SUM : 0
rocksdb.num.files.stall.count P50 : 0.000000 P95 : 0.000000 P99 : 0.000000 P100 : 0.000000 COUNT : 0 SUM : 0
rocksdb.hard.rate.limit.delay.count P50 : 0.000000 P95 : 0.000000 P99 : 0.000000 P100 : 0.000000 COUNT : 0 SUM : 0
rocksdb.soft.rate.limit.delay.count P50 : 0.000000 P95 : 0.000000 P99 : 0.000000 P100 : 0.000000 COUNT : 0 SUM : 0
rocksdb.numfiles.in.singlecompaction P50 : 1.000000 P95 : 3.050000 P99 : 3.810000 P100 : 4.000000 COUNT : 19 SUM : 22
rocksdb.db.seek.micros P50 : 0.000000 P95 : 0.000000 P99 : 0.000000 P100 : 0.000000 COUNT : 0 SUM : 0
rocksdb.db.write.stall P50 : 0.000000 P95 : 0.000000 P99 : 0.000000 P100 : 0.000000 COUNT : 0 SUM : 0
rocksdb.sst.read.micros P50 : 3.115437 P95 : 26.069824 P99 : 62.056556 P100 : 1820.000000 COUNT : 302868 SUM : 3052274
rocksdb.num.subcompactions.scheduled P50 : 0.000000 P95 : 0.000000 P99 : 0.000000 P100 : 0.000000 COUNT : 0 SUM : 0
rocksdb.bytes.per.read P50 : 0.000000 P95 : 0.000000 P99 : 0.000000 P100 : 0.000000 COUNT : 0 SUM : 0
rocksdb.bytes.per.write P50 : 0.000000 P95 : 0.000000 P99 : 0.000000 P100 : 0.000000 COUNT : 0 SUM : 0
rocksdb.bytes.per.multiget P50 : 0.000000 P95 : 0.000000 P99 : 0.000000 P100 : 0.000000 COUNT : 0 SUM : 0
rocksdb.bytes.compressed P50 : 0.000000 P95 : 0.000000 P99 : 0.000000 P100 : 0.000000 COUNT : 0 SUM : 0
rocksdb.bytes.decompressed P50 : 0.000000 P95 : 0.000000 P99 : 0.000000 P100 : 0.000000 COUNT : 0 SUM : 0
rocksdb.compression.times.nanos P50 : 0.000000 P95 : 0.000000 P99 : 0.000000 P100 : 0.000000 COUNT : 0 SUM : 0
rocksdb.decompression.times.nanos P50 : 0.000000 P95 : 0.000000 P99 : 0.000000 P100 : 0.000000 COUNT : 0 SUM : 0
rocksdb.read.num.merge_operands P50 : 0.000000 P95 : 0.000000 P99 : 0.000000 P100 : 0.000000 COUNT : 0 SUM : 0
rocksdb.blobdb.key.size P50 : 0.000000 P95 : 0.000000 P99 : 0.000000 P100 : 0.000000 COUNT : 0 SUM : 0
rocksdb.blobdb.value.size P50 : 0.000000 P95 : 0.000000 P99 : 0.000000 P100 : 0.000000 COUNT : 0 SUM : 0
rocksdb.blobdb.write.micros P50 : 0.000000 P95 : 0.000000 P99 : 0.000000 P100 : 0.000000 COUNT : 0 SUM : 0
rocksdb.blobdb.get.micros P50 : 0.000000 P95 : 0.000000 P99 : 0.000000 P100 : 0.000000 COUNT : 0 SUM : 0
rocksdb.blobdb.multiget.micros P50 : 0.000000 P95 : 0.000000 P99 : 0.000000 P100 : 0.000000 COUNT : 0 SUM : 0
rocksdb.blobdb.seek.micros P50 : 0.000000 P95 : 0.000000 P99 : 0.000000 P100 : 0.000000 COUNT : 0 SUM : 0
rocksdb.blobdb.next.micros P50 : 0.000000 P95 : 0.000000 P99 : 0.000000 P100 : 0.000000 COUNT : 0 SUM : 0
rocksdb.blobdb.prev.micros P50 : 0.000000 P95 : 0.000000 P99 : 0.000000 P100 : 0.000000 COUNT : 0 SUM : 0
rocksdb.blobdb.blob.file.write.micros P50 : 0.000000 P95 : 0.000000 P99 : 0.000000 P100 : 0.000000 COUNT : 0 SUM : 0
rocksdb.blobdb.blob.file.read.micros P50 : 0.000000 P95 : 0.000000 P99 : 0.000000 P100 : 0.000000 COUNT : 0 SUM : 0
rocksdb.blobdb.blob.file.sync.micros P50 : 0.000000 P95 : 0.000000 P99 : 0.000000 P100 : 0.000000 COUNT : 0 SUM : 0
rocksdb.blobdb.gc.micros P50 : 0.000000 P95 : 0.000000 P99 : 0.000000 P100 : 0.000000 COUNT : 0 SUM : 0
rocksdb.blobdb.compression.micros P50 : 0.000000 P95 : 0.000000 P99 : 0.000000 P100 : 0.000000 COUNT : 0 SUM : 0
rocksdb.blobdb.decompression.micros P50 : 0.000000 P95 : 0.000000 P99 : 0.000000 P100 : 0.000000 COUNT : 0 SUM : 0
rocksdb.db.flush.micros P50 : 0.000000 P95 : 0.000000 P99 : 0.000000 P100 : 0.000000 COUNT : 0 SUM : 0
rocksdb.sst.batch.size P50 : 0.000000 P95 : 0.000000 P99 : 0.000000 P100 : 0.000000 COUNT : 0 SUM : 0

