Initializing RocksDB Options from the specified file
Initializing RocksDB Options from command-line flags
Keys:       16 bytes each
Values:     256 bytes each (128 bytes after compression)
Entries:    5000000
Prefix:    0 bytes
Keys per prefix:    0
RawSize:    1297.0 MB (estimated)
FileSize:   686.6 MB (estimated)
Write rate: 0 bytes/second
Read rate: 0 ops/second
Compression: NoCompression
Compression sampling rate: 0
Memtablerep: skip_list
Perf Level: 5
WARNING: Assertions are enabled; benchmarks unnecessarily slow
------------------------------------------------
Initializing RocksDB Options from the specified file
Initializing RocksDB Options from command-line flags
DB path: [/home/zyh/480G/wp]
fillseq      :      12.361 micros/op 161798 ops/sec;   42.0 MB/s
Microseconds per write:
Count: 10000000 Average: 12.3607  StdDev: 9.97
Min: 4  Median: 12.3136  Max: 9823
Percentiles: P50: 12.31 P75: 13.88 P99: 30.09 P99.9: 33.93 P99.99: 49.84
------------------------------------------------------
(       3,       4 ]        2   0.000%   0.000% 
(       4,       6 ]     2887   0.029%   0.029% 
(       6,      10 ]  1301580  13.016%  13.045% ###
(      10,      15 ]  7986558  79.866%  92.910% ################
(      15,      22 ]   419380   4.194%  97.104% #
(      22,      34 ]   281189   2.812%  99.916% #
(      34,      51 ]     7944   0.079%  99.995% 
(      51,      76 ]      146   0.001%  99.997% 
(      76,     110 ]       25   0.000%  99.997% 
(     110,     170 ]        8   0.000%  99.997% 
(     170,     250 ]        7   0.000%  99.997% 
(     250,     380 ]       45   0.000%  99.998% 
(     380,     580 ]       20   0.000%  99.998% 
(     580,     870 ]       44   0.000%  99.998% 
(     870,    1300 ]      104   0.001%  99.999% 
(    1300,    1900 ]       26   0.000% 100.000% 
(    1900,    2900 ]       11   0.000% 100.000% 
(    2900,    4400 ]       13   0.000% 100.000% 
(    4400,    6600 ]        9   0.000% 100.000% 
(    6600,    9900 ]        2   0.000% 100.000% 



** Compaction Stats [default] **
Level    Files   Size     Score Read(GB)  Rn(GB) Rnp1(GB) Write(GB) Wnew(GB) Moved(GB) W-Amp Rd(MB/s) Wr(MB/s) Comp(sec) CompMergeCPU(sec) Comp(cnt) Avg(sec) KeyIn KeyDrop
----------------------------------------------------------------------------------------------------------------------------------------------------------------------------
  L0      3/0   174.06 MB   0.8      0.0     0.0      0.0       1.3      1.3       0.0   1.0      0.0    290.5      4.60              4.15        23    0.200       0      0
  L5     57/0   463.49 MB   0.9      0.5     0.5      0.0       0.5      0.5       0.0   1.0    271.1    270.4      1.73              1.56         2    0.864   1732K   4631
  L6     86/0   694.86 MB   0.0      0.7     0.7      0.0       0.7      0.7       0.0   1.0    265.0    264.1      2.67              2.42         3    0.890   2617K   9168
 Sum    146/0    1.30 GB   0.0      1.1     1.1      0.0       2.4      2.4       0.0   1.9    130.7    278.8      9.00              8.12        28    0.321   4349K    13K
 Int      0/0    0.00 KB   0.0      1.1     1.1      0.0       2.4      2.4       0.0   1.9    130.7    278.8      9.00              8.12        28    0.321   4349K    13K

** Compaction Stats [default] **
Priority    Files   Size     Score Read(GB)  Rn(GB) Rnp1(GB) Write(GB) Wnew(GB) Moved(GB) W-Amp Rd(MB/s) Wr(MB/s) Comp(sec) CompMergeCPU(sec) Comp(cnt) Avg(sec) KeyIn KeyDrop
-------------------------------------------------------------------------------------------------------------------------------------------------------------------------------
 Low      0/0    0.00 KB   0.0      1.1     1.1      0.0       1.1      1.1       0.0   0.0    267.4    266.6      4.40              3.97         5    0.880   4349K    13K
High      0/0    0.00 KB   0.0      0.0     0.0      0.0       1.3      1.3       0.0   0.0      0.0    290.5      4.60              4.15        23    0.200       0      0
Uptime(secs): 61.8 total, 61.8 interval
Flush(GB): cumulative 1.305, interval 1.305
AddFile(GB): cumulative 0.000, interval 0.000
AddFile(Total Files): cumulative 0, interval 0
AddFile(L0 Files): cumulative 0, interval 0
AddFile(Keys): cumulative 0, interval 0
Cumulative compaction: 2.45 GB write, 40.59 MB/s write, 1.15 GB read, 19.03 MB/s read, 9.0 seconds
Interval compaction: 2.45 GB write, 40.59 MB/s write, 1.15 GB read, 19.03 MB/s read, 9.0 seconds
Stalls(count): 0 level0_slowdown, 0 level0_slowdown_with_compaction, 0 level0_numfiles, 0 level0_numfiles_with_compaction, 0 stop for pending_compaction_bytes, 0 slowdown for pending_compaction_bytes, 0 memtable_compaction, 0 memtable_slowdown, interval 0 total count

** File Read Latency Histogram By Level [default] **
** Level 0 read latency histogram (micros):
Count: 307114 Average: 1.4045  StdDev: 1.38
Min: 1  Median: 1.0000  Max: 126
Percentiles: P50: 1.00 P75: 1.24 P99: 2.64 P99.9: 14.19 P99.99: 63.90
------------------------------------------------------
[       0,       1 ]   207862  67.682%  67.682% ##############
(       1,       2 ]    95404  31.065%  98.747% ######
(       2,       3 ]     1208   0.393%  99.140% 
(       3,       4 ]      340   0.111%  99.251% 
(       4,       6 ]      268   0.087%  99.338% 
(       6,      10 ]      445   0.145%  99.483% 
(      10,      15 ]     1529   0.498%  99.981% 
(      15,      22 ]       10   0.003%  99.984% 
(      22,      34 ]        2   0.001%  99.985% 
(      34,      51 ]        6   0.002%  99.987% 
(      51,      76 ]       18   0.006%  99.993% 
(      76,     110 ]       17   0.006%  99.998% 
(     110,     170 ]        5   0.002% 100.000% 

** Level 5 read latency histogram (micros):
Count: 1279 Average: 3.1658  StdDev: 4.91
Min: 0  Median: 1.3524  Max: 55
Percentiles: P50: 1.35 P75: 1.83 P99: 23.82 P99.9: 50.05 P99.99: 55.00
------------------------------------------------------
[       0,       1 ]      402  31.431%  31.431% ######
(       1,       2 ]      674  52.697%  84.128% ###########
(       2,       3 ]       46   3.597%  87.725% #
(       3,       4 ]       15   1.173%  88.898% 
(       4,       6 ]       12   0.938%  89.836% 
(       6,      10 ]       21   1.642%  91.478% 
(      10,      15 ]       58   4.535%  96.013% #
(      15,      22 ]       37   2.893%  98.905% #
(      22,      34 ]        8   0.625%  99.531% 
(      34,      51 ]        5   0.391%  99.922% 
(      51,      76 ]        1   0.078% 100.000% 

** Level 6 read latency histogram (micros):
Count: 3164 Average: 2.7623  StdDev: 4.13
Min: 0  Median: 1.4041  Max: 63
Percentiles: P50: 1.40 P75: 1.91 P99: 21.66 P99.9: 47.70 P99.99: 63.00
------------------------------------------------------
[       0,       1 ]      950  30.025%  30.025% ######
(       1,       2 ]     1564  49.431%  79.456% ##########
(       2,       3 ]      400  12.642%  92.099% ###
(       3,       4 ]       29   0.917%  93.015% 
(       4,       6 ]       18   0.569%  93.584% 
(       6,      10 ]       40   1.264%  94.848% 
(      10,      15 ]       80   2.528%  97.377% #
(      15,      22 ]       54   1.707%  99.083% 
(      22,      34 ]       21   0.664%  99.747% 
(      34,      51 ]        6   0.190%  99.937% 
(      51,      76 ]        2   0.063% 100.000% 


** DB Stats **
Uptime(secs): 61.8 total, 61.8 interval
Cumulative writes: 10M writes, 10M keys, 9982K commit groups, 1.0 writes per commit group, ingest: 2.68 GB, 44.43 MB/s
Cumulative WAL: 10M writes, 0 syncs, 10000000.00 writes per sync, written: 2.68 GB, 44.43 MB/s
Cumulative stall: 00:00:0.000 H:M:S, 0.0 percent
Interval writes: 10M writes, 10M keys, 9982K commit groups, 1.0 writes per commit group, ingest: 2746.38 MB, 44.44 MB/s
Interval WAL: 10M writes, 0 syncs, 10000000.00 writes per sync, written: 2.68 MB, 44.44 MB/s
Interval stall: 00:00:0.000 H:M:S, 0.0 percent


Level Files Size(MB)
--------------------
  0        3      174
  1        0        0
  2        0        0
  3        0        0
  4        0        0
  5       57      463
  6       86      695


--- level 0 --- version# 29 ---
 198:60842712[9422155 .. 9850508]['000000000047E1CC3030303030303030' seq:9422155, type:1 .. '00000000004B281C3030303030303030' seq:9850507, type:1](0)
 196:60833258[8993737 .. 9422154]['0000000000449D4F3030303030303030' seq:8993737, type:1 .. '000000000047E37D3030303030303030' seq:9422154, type:1](0)
 194:60837185[8565198 .. 8993735]['000000000041583B3030303030303030' seq:8565198, type:1 .. '0000000000449E773030303030303030' seq:8993734, type:1](0)
--- level 1 --- version# 29 ---
--- level 2 --- version# 29 ---
--- level 3 --- version# 29 ---
--- level 4 --- version# 29 ---
--- level 5 --- version# 29 ---
 127:8546010[5138481 .. 5198823]['000000000027317C3030303030303030' seq:5138481, type:1 .. '000000000027A73A3030303030303030' seq:5198823, type:1](0)
 128:8542118[5198825 .. 5259085]['000000000027A73B3030303030303030' seq:5198825, type:1 .. '0000000000281CEB3030303030303030' seq:5259085, type:1](0)
 129:8546010[5259087 .. 5319024]['0000000000281CEC3030303030303030' seq:5259087, type:1 .. '00000000002892AA3030303030303030' seq:5319024, type:1](0)
 130:8542119[5319026 .. 5379282]['00000000002892AB3030303030303030' seq:5319026, type:1 .. '000000000029085B3030303030303030' seq:5379282, type:1](0)
 131:8546010[5379284 .. 5439572]['000000000029085C3030303030303030' seq:5379284, type:1 .. '0000000000297E1A3030303030303030' seq:5439572, type:1](0)
 132:8542117[5439574 .. 5499835]['0000000000297E1B3030303030303030' seq:5439574, type:1 .. '000000000029F3CB3030303030303030' seq:5499835, type:1](0)
 133:8546011[5499837 .. 5560118]['000000000029F3CC3030303030303030' seq:5499837, type:1 .. '00000000002A698A3030303030303030' seq:5560118, type:1](0)
 134:8542118[5560120 .. 5620014]['00000000002A698B3030303030303030' seq:5560120, type:1 .. '00000000002ADF3B3030303030303030' seq:5620014, type:1](0)
 135:8546010[5620016 .. 5680297]['00000000002ADF3C3030303030303030' seq:5620016, type:1 .. '00000000002B54FA3030303030303030' seq:5680297, type:1](0)
 136:8542118[5680299 .. 5740555]['00000000002B54FB3030303030303030' seq:5680299, type:1 .. '00000000002BCAAB3030303030303030' seq:5740555, type:1](0)
 137:8546011[5740557 .. 5800840]['00000000002BCAAC3030303030303030' seq:5740557, type:1 .. '00000000002C406A3030303030303030' seq:5800840, type:1](0)
 138:8542118[5800842 .. 5861099]['00000000002C406B3030303030303030' seq:5800842, type:1 .. '00000000002CB61B3030303030303030' seq:5861099, type:1](0)
 139:8546012[5861101 .. 5921385]['00000000002CB61C3030303030303030' seq:5861101, type:1 .. '00000000002D2BDA3030303030303030' seq:5921385, type:1](0)
 140:8542118[5921387 .. 5981644]['00000000002D2BDB3030303030303030' seq:5921387, type:1 .. '00000000002DA18B3030303030303030' seq:5981644, type:1](0)
 141:8546013[5981646 .. 6041994]['00000000002DA18C3030303030303030' seq:5981646, type:1 .. '00000000002E174A3030303030303030' seq:6041994, type:1](0)
 142:8542117[6041996 .. 6102253]['00000000002E174B3030303030303030' seq:6041996, type:1 .. '00000000002E8CFB3030303030303030' seq:6102253, type:1](0)
 143:8546013[6102255 .. 6162540]['00000000002E8CFC3030303030303030' seq:6102255, type:1 .. '00000000002F02BA3030303030303030' seq:6162540, type:1](0)
 144:8542118[6162542 .. 6222795]['00000000002F02BB3030303030303030' seq:6162542, type:1 .. '00000000002F786B3030303030303030' seq:6222795, type:1](0)
 145:8546010[6222797 .. 6283073]['00000000002F786C3030303030303030' seq:6222797, type:1 .. '00000000002FEE2A3030303030303030' seq:6283073, type:1](0)
 146:8542118[6283075 .. 6343323]['00000000002FEE2B3030303030303030' seq:6283075, type:1 .. '00000000003063DB3030303030303030' seq:6343323, type:1](0)
 147:8546010[6343325 .. 6403608]['00000000003063DC3030303030303030' seq:6343325, type:1 .. '000000000030D99A3030303030303030' seq:6403608, type:1](0)
 148:8542119[6403610 .. 6463868]['000000000030D99B3030303030303030' seq:6403610, type:1 .. '0000000000314F4B3030303030303030' seq:6463868, type:1](0)
 149:8546010[6463870 .. 6524154]['0000000000314F4C3030303030303030' seq:6463870, type:1 .. '000000000031C50A3030303030303030' seq:6524154, type:1](0)
 150:8542118[6524156 .. 6584413]['000000000031C50B3030303030303030' seq:6524156, type:1 .. '0000000000323ABB3030303030303030' seq:6584413, type:1](0)
 151:8546010[6584415 .. 6644700]['0000000000323ABC3030303030303030' seq:6584415, type:1 .. '000000000032B07A3030303030303030' seq:6644700, type:1](0)
 152:8542119[6644702 .. 6704957]['000000000032B07B3030303030303030' seq:6644702, type:1 .. '000000000033262B3030303030303030' seq:6704957, type:1](0)
 153:8546009[6704959 .. 6765241]['000000000033262C3030303030303030' seq:6704959, type:1 .. '0000000000339BEA3030303030303030' seq:6765241, type:1](0)
 154:8542119[6765243 .. 6825499]['0000000000339BEB3030303030303030' seq:6765243, type:1 .. '000000000034119B3030303030303030' seq:6825499, type:1](0)
 164:8546010[0 .. 0]['000000000034119C3030303030303030' seq:0, type:1 .. '000000000034875A3030303030303030' seq:0, type:1](0)
 165:8542118[0 .. 0]['000000000034875B3030303030303030' seq:0, type:1 .. '000000000034FD0B3030303030303030' seq:0, type:1](0)
 166:8546008[0 .. 0]['000000000034FD0C3030303030303030' seq:0, type:1 .. '00000000003572CA3030303030303030' seq:0, type:1](0)
 167:8542118[0 .. 0]['00000000003572CB3030303030303030' seq:0, type:1 .. '000000000035E87B3030303030303030' seq:0, type:1](0)
 168:8546009[0 .. 0]['000000000035E87C3030303030303030' seq:0, type:1 .. '0000000000365E3A3030303030303030' seq:0, type:1](0)
 169:8542117[0 .. 0]['0000000000365E3B3030303030303030' seq:0, type:1 .. '000000000036D3EB3030303030303030' seq:0, type:1](0)
 170:8546009[0 .. 0]['000000000036D3EC3030303030303030' seq:0, type:1 .. '00000000003749AA3030303030303030' seq:0, type:1](0)
 171:8542118[0 .. 0]['00000000003749AB3030303030303030' seq:0, type:1 .. '000000000037BF5B3030303030303030' seq:0, type:1](0)
 172:8546009[0 .. 0]['000000000037BF5C3030303030303030' seq:0, type:1 .. '000000000038351A3030303030303030' seq:0, type:1](0)
 173:8542117[0 .. 0]['000000000038351B3030303030303030' seq:0, type:1 .. '000000000038AACB3030303030303030' seq:0, type:1](0)
 174:8546009[0 .. 0]['000000000038AACC3030303030303030' seq:0, type:1 .. '000000000039208A3030303030303030' seq:0, type:1](0)
 175:8542118[0 .. 0]['000000000039208B3030303030303030' seq:0, type:1 .. '000000000039963B3030303030303030' seq:0, type:1](0)
 176:8546008[0 .. 0]['000000000039963C3030303030303030' seq:0, type:1 .. '00000000003A0BFA3030303030303030' seq:0, type:1](0)
 177:8542118[0 .. 0]['00000000003A0BFB3030303030303030' seq:0, type:1 .. '00000000003A81AB3030303030303030' seq:0, type:1](0)
 178:8546010[0 .. 0]['00000000003A81AC3030303030303030' seq:0, type:1 .. '00000000003AF76A3030303030303030' seq:0, type:1](0)
 179:8542119[0 .. 0]['00000000003AF76B3030303030303030' seq:0, type:1 .. '00000000003B6D1B3030303030303030' seq:0, type:1](0)
 180:8546011[0 .. 0]['00000000003B6D1C3030303030303030' seq:0, type:1 .. '00000000003BE2DA3030303030303030' seq:0, type:1](0)
 181:8542119[0 .. 0]['00000000003BE2DB3030303030303030' seq:0, type:1 .. '00000000003C588B3030303030303030' seq:0, type:1](0)
 182:8546012[0 .. 0]['00000000003C588C3030303030303030' seq:0, type:1 .. '00000000003CCE4A3030303030303030' seq:0, type:1](0)
 183:8542118[0 .. 0]['00000000003CCE4B3030303030303030' seq:0, type:1 .. '00000000003D43FB3030303030303030' seq:0, type:1](0)
 184:8546012[0 .. 0]['00000000003D43FC3030303030303030' seq:0, type:1 .. '00000000003DB9BA3030303030303030' seq:0, type:1](0)
 185:8542119[0 .. 0]['00000000003DB9BB3030303030303030' seq:0, type:1 .. '00000000003E2F6B3030303030303030' seq:0, type:1](0)
 186:8546010[0 .. 0]['00000000003E2F6C3030303030303030' seq:0, type:1 .. '00000000003EA52A3030303030303030' seq:0, type:1](0)
 187:8542118[0 .. 0]['00000000003EA52B3030303030303030' seq:0, type:1 .. '00000000003F1ADB3030303030303030' seq:0, type:1](0)
 188:8546010[0 .. 0]['00000000003F1ADC3030303030303030' seq:0, type:1 .. '00000000003F909A3030303030303030' seq:0, type:1](0)
 189:8542119[0 .. 0]['00000000003F909B3030303030303030' seq:0, type:1 .. '000000000040064B3030303030303030' seq:0, type:1](0)
 190:8546010[0 .. 0]['000000000040064C3030303030303030' seq:0, type:1 .. '0000000000407C0A3030303030303030' seq:0, type:1](0)
 191:8542117[0 .. 0]['0000000000407C0B3030303030303030' seq:0, type:1 .. '000000000040F1BB3030303030303030' seq:0, type:1](0)
 192:7536485[0 .. 0]['000000000040F1BC3030303030303030' seq:0, type:1 .. '00000000004159913030303030303030' seq:0, type:1](0)
--- level 6 --- version# 29 ---
 15:8546011[0 .. 0]['00000000000000003030303030303030' seq:0, type:1 .. '00000000000075BE3030303030303030' seq:0, type:1](0)
 16:8542118[0 .. 0]['00000000000075BF3030303030303030' seq:0, type:1 .. '000000000000EB6F3030303030303030' seq:0, type:1](0)
 17:8546011[0 .. 0]['000000000000EB703030303030303030' seq:0, type:1 .. '000000000001612E3030303030303030' seq:0, type:1](0)
 18:8542117[0 .. 0]['000000000001612F3030303030303030' seq:0, type:1 .. '000000000001D6DF3030303030303030' seq:0, type:1](0)
 19:8546011[0 .. 0]['000000000001D6E03030303030303030' seq:0, type:1 .. '0000000000024C9E3030303030303030' seq:0, type:1](0)
 20:8542118[0 .. 0]['0000000000024C9F3030303030303030' seq:0, type:1 .. '000000000002C24F3030303030303030' seq:0, type:1](0)
 21:8546009[0 .. 0]['000000000002C2503030303030303030' seq:0, type:1 .. '000000000003380E3030303030303030' seq:0, type:1](0)
 22:8542117[0 .. 0]['000000000003380F3030303030303030' seq:0, type:1 .. '000000000003ADBF3030303030303030' seq:0, type:1](0)
 23:8546009[0 .. 0]['000000000003ADC03030303030303030' seq:0, type:1 .. '000000000004237E3030303030303030' seq:0, type:1](0)
 24:8542118[0 .. 0]['000000000004237F3030303030303030' seq:0, type:1 .. '000000000004992F3030303030303030' seq:0, type:1](0)
 25:8546008[0 .. 0]['00000000000499303030303030303030' seq:0, type:1 .. '0000000000050EEE3030303030303030' seq:0, type:1](0)
 26:8542118[0 .. 0]['0000000000050EEF3030303030303030' seq:0, type:1 .. '000000000005849F3030303030303030' seq:0, type:1](0)
 27:8546010[0 .. 0]['00000000000584A03030303030303030' seq:0, type:1 .. '000000000005FA5E3030303030303030' seq:0, type:1](0)
 28:8542119[0 .. 0]['000000000005FA5F3030303030303030' seq:0, type:1 .. '000000000006700F3030303030303030' seq:0, type:1](0)
 29:8546009[0 .. 0]['00000000000670103030303030303030' seq:0, type:1 .. '000000000006E5CE3030303030303030' seq:0, type:1](0)
 30:8542119[0 .. 0]['000000000006E5CF3030303030303030' seq:0, type:1 .. '0000000000075B7F3030303030303030' seq:0, type:1](0)
 31:8546010[0 .. 0]['0000000000075B803030303030303030' seq:0, type:1 .. '000000000007D13E3030303030303030' seq:0, type:1](0)
 32:8542118[0 .. 0]['000000000007D13F3030303030303030' seq:0, type:1 .. '00000000000846EF3030303030303030' seq:0, type:1](0)
 33:8546010[0 .. 0]['00000000000846F03030303030303030' seq:0, type:1 .. '000000000008BCAE3030303030303030' seq:0, type:1](0)
 34:8542119[0 .. 0]['000000000008BCAF3030303030303030' seq:0, type:1 .. '000000000009325F3030303030303030' seq:0, type:1](0)
 35:8546010[0 .. 0]['00000000000932603030303030303030' seq:0, type:1 .. '000000000009A81E3030303030303030' seq:0, type:1](0)
 36:8542118[0 .. 0]['000000000009A81F3030303030303030' seq:0, type:1 .. '00000000000A1DCF3030303030303030' seq:0, type:1](0)
 37:8546010[0 .. 0]['00000000000A1DD03030303030303030' seq:0, type:1 .. '00000000000A938E3030303030303030' seq:0, type:1](0)
 38:8542119[0 .. 0]['00000000000A938F3030303030303030' seq:0, type:1 .. '00000000000B093F3030303030303030' seq:0, type:1](0)
 39:8546009[0 .. 0]['00000000000B09403030303030303030' seq:0, type:1 .. '00000000000B7EFE3030303030303030' seq:0, type:1](0)
 40:8542118[0 .. 0]['00000000000B7EFF3030303030303030' seq:0, type:1 .. '00000000000BF4AF3030303030303030' seq:0, type:1](0)
 41:8546011[0 .. 0]['00000000000BF4B03030303030303030' seq:0, type:1 .. '00000000000C6A6E3030303030303030' seq:0, type:1](0)
 42:8542118[0 .. 0]['00000000000C6A6F3030303030303030' seq:0, type:1 .. '00000000000CE01F3030303030303030' seq:0, type:1](0)
 52:8546010[0 .. 0]['00000000000CE0203030303030303030' seq:0, type:1 .. '00000000000D55DE3030303030303030' seq:0, type:1](0)
 53:8542118[0 .. 0]['00000000000D55DF3030303030303030' seq:0, type:1 .. '00000000000DCB8F3030303030303030' seq:0, type:1](0)
 54:8546011[0 .. 0]['00000000000DCB903030303030303030' seq:0, type:1 .. '00000000000E414E3030303030303030' seq:0, type:1](0)
 55:8542117[0 .. 0]['00000000000E414F3030303030303030' seq:0, type:1 .. '00000000000EB6FF3030303030303030' seq:0, type:1](0)
 56:8546012[0 .. 0]['00000000000EB7003030303030303030' seq:0, type:1 .. '00000000000F2CBE3030303030303030' seq:0, type:1](0)
 57:8542118[0 .. 0]['00000000000F2CBF3030303030303030' seq:0, type:1 .. '00000000000FA26F3030303030303030' seq:0, type:1](0)
 58:8546013[0 .. 0]['00000000000FA2703030303030303030' seq:0, type:1 .. '000000000010182E3030303030303030' seq:0, type:1](0)
 59:8542117[0 .. 0]['000000000010182F3030303030303030' seq:0, type:1 .. '0000000000108DDF3030303030303030' seq:0, type:1](0)
 60:8546013[0 .. 0]['0000000000108DE03030303030303030' seq:0, type:1 .. '000000000011039E3030303030303030' seq:0, type:1](0)
 61:8542118[0 .. 0]['000000000011039F3030303030303030' seq:0, type:1 .. '000000000011794F3030303030303030' seq:0, type:1](0)
 62:8546010[0 .. 0]['00000000001179503030303030303030' seq:0, type:1 .. '000000000011EF0E3030303030303030' seq:0, type:1](0)
 63:8542118[0 .. 0]['000000000011EF0F3030303030303030' seq:0, type:1 .. '00000000001264BF3030303030303030' seq:0, type:1](0)
 64:8546010[0 .. 0]['00000000001264C03030303030303030' seq:0, type:1 .. '000000000012DA7E3030303030303030' seq:0, type:1](0)
 65:8542119[0 .. 0]['000000000012DA7F3030303030303030' seq:0, type:1 .. '000000000013502F3030303030303030' seq:0, type:1](0)
 66:8546009[0 .. 0]['00000000001350303030303030303030' seq:0, type:1 .. '000000000013C5EE3030303030303030' seq:0, type:1](0)
 67:8542119[0 .. 0]['000000000013C5EF3030303030303030' seq:0, type:1 .. '0000000000143B9F3030303030303030' seq:0, type:1](0)
 68:8546010[0 .. 0]['0000000000143BA03030303030303030' seq:0, type:1 .. '000000000014B15E3030303030303030' seq:0, type:1](0)
 69:8542119[0 .. 0]['000000000014B15F3030303030303030' seq:0, type:1 .. '000000000015270F3030303030303030' seq:0, type:1](0)
 70:8546009[0 .. 0]['00000000001527103030303030303030' seq:0, type:1 .. '0000000000159CCE3030303030303030' seq:0, type:1](0)
 71:8542119[0 .. 0]['0000000000159CCF3030303030303030' seq:0, type:1 .. '000000000016127F3030303030303030' seq:0, type:1](0)
 72:8546010[0 .. 0]['00000000001612803030303030303030' seq:0, type:1 .. '000000000016883E3030303030303030' seq:0, type:1](0)
 73:8542117[0 .. 0]['000000000016883F3030303030303030' seq:0, type:1 .. '000000000016FDEF3030303030303030' seq:0, type:1](0)
 74:8546011[0 .. 0]['000000000016FDF03030303030303030' seq:0, type:1 .. '00000000001773AE3030303030303030' seq:0, type:1](0)
 75:8542118[0 .. 0]['00000000001773AF3030303030303030' seq:0, type:1 .. '000000000017E95F3030303030303030' seq:0, type:1](0)
 76:8546011[0 .. 0]['000000000017E9603030303030303030' seq:0, type:1 .. '0000000000185F1E3030303030303030' seq:0, type:1](0)
 77:8542117[0 .. 0]['0000000000185F1F3030303030303030' seq:0, type:1 .. '000000000018D4CF3030303030303030' seq:0, type:1](0)
 78:8546011[0 .. 0]['000000000018D4D03030303030303030' seq:0, type:1 .. '0000000000194A8E3030303030303030' seq:0, type:1](0)
 79:8542118[0 .. 0]['0000000000194A8F3030303030303030' seq:0, type:1 .. '000000000019C03F3030303030303030' seq:0, type:1](0)
 89:8546010[0 .. 0]['000000000019C0403030303030303030' seq:0, type:1 .. '00000000001A35FE3030303030303030' seq:0, type:1](0)
 90:8542118[0 .. 0]['00000000001A35FF3030303030303030' seq:0, type:1 .. '00000000001AABAF3030303030303030' seq:0, type:1](0)
 91:8546011[0 .. 0]['00000000001AABB03030303030303030' seq:0, type:1 .. '00000000001B216E3030303030303030' seq:0, type:1](0)
 92:8542118[0 .. 0]['00000000001B216F3030303030303030' seq:0, type:1 .. '00000000001B971F3030303030303030' seq:0, type:1](0)
 93:8546010[0 .. 0]['00000000001B97203030303030303030' seq:0, type:1 .. '00000000001C0CDE3030303030303030' seq:0, type:1](0)
 94:8542118[0 .. 0]['00000000001C0CDF3030303030303030' seq:0, type:1 .. '00000000001C828F3030303030303030' seq:0, type:1](0)
 95:8546010[0 .. 0]['00000000001C82903030303030303030' seq:0, type:1 .. '00000000001CF84E3030303030303030' seq:0, type:1](0)
 96:8542118[0 .. 0]['00000000001CF84F3030303030303030' seq:0, type:1 .. '00000000001D6DFF3030303030303030' seq:0, type:1](0)
 97:8546011[0 .. 0]['00000000001D6E003030303030303030' seq:0, type:1 .. '00000000001DE3BE3030303030303030' seq:0, type:1](0)
 98:8542119[0 .. 0]['00000000001DE3BF3030303030303030' seq:0, type:1 .. '00000000001E596F3030303030303030' seq:0, type:1](0)
 99:8546012[0 .. 0]['00000000001E59703030303030303030' seq:0, type:1 .. '00000000001ECF2E3030303030303030' seq:0, type:1](0)
 100:8542118[0 .. 0]['00000000001ECF2F3030303030303030' seq:0, type:1 .. '00000000001F44DF3030303030303030' seq:0, type:1](0)
 101:8546012[0 .. 0]['00000000001F44E03030303030303030' seq:0, type:1 .. '00000000001FBA9E3030303030303030' seq:0, type:1](0)
 102:8542119[0 .. 0]['00000000001FBA9F3030303030303030' seq:0, type:1 .. '000000000020304F3030303030303030' seq:0, type:1](0)
 103:8546010[0 .. 0]['00000000002030503030303030303030' seq:0, type:1 .. '000000000020A60E3030303030303030' seq:0, type:1](0)
 104:8542118[0 .. 0]['000000000020A60F3030303030303030' seq:0, type:1 .. '0000000000211BBF3030303030303030' seq:0, type:1](0)
 105:8546010[0 .. 0]['0000000000211BC03030303030303030' seq:0, type:1 .. '000000000021917E3030303030303030' seq:0, type:1](0)
 106:8542119[0 .. 0]['000000000021917F3030303030303030' seq:0, type:1 .. '000000000022072F3030303030303030' seq:0, type:1](0)
 107:8546009[0 .. 0]['00000000002207303030303030303030' seq:0, type:1 .. '0000000000227CEE3030303030303030' seq:0, type:1](0)
 108:8542118[0 .. 0]['0000000000227CEF3030303030303030' seq:0, type:1 .. '000000000022F29F3030303030303030' seq:0, type:1](0)
 109:8546011[0 .. 0]['000000000022F2A03030303030303030' seq:0, type:1 .. '000000000023685E3030303030303030' seq:0, type:1](0)
 110:8542118[0 .. 0]['000000000023685F3030303030303030' seq:0, type:1 .. '000000000023DE0F3030303030303030' seq:0, type:1](0)
 111:8546010[0 .. 0]['000000000023DE103030303030303030' seq:0, type:1 .. '00000000002453CE3030303030303030' seq:0, type:1](0)
 112:8542118[0 .. 0]['00000000002453CF3030303030303030' seq:0, type:1 .. '000000000024C97F3030303030303030' seq:0, type:1](0)
 113:8546011[0 .. 0]['000000000024C9803030303030303030' seq:0, type:1 .. '0000000000253F3E3030303030303030' seq:0, type:1](0)
 114:8542117[0 .. 0]['0000000000253F3F3030303030303030' seq:0, type:1 .. '000000000025B4EF3030303030303030' seq:0, type:1](0)
 115:8546011[0 .. 0]['000000000025B4F03030303030303030' seq:0, type:1 .. '0000000000262AAE3030303030303030' seq:0, type:1](0)
 116:8542118[0 .. 0]['0000000000262AAF3030303030303030' seq:0, type:1 .. '000000000026A05F3030303030303030' seq:0, type:1](0)
 117:8546011[0 .. 0]['000000000026A0603030303030303030' seq:0, type:1 .. '000000000027161E3030303030303030' seq:0, type:1](0)
 118:2364777[0 .. 0]['000000000027161F3030303030303030' seq:0, type:1 .. '00000000002736B23030303030303030' seq:0, type:1](0)

STATISTICS:
rocksdb.block.cache.miss COUNT : 0
rocksdb.block.cache.hit COUNT : 0
rocksdb.block.cache.add COUNT : 0
rocksdb.block.cache.add.failures COUNT : 0
rocksdb.block.cache.index.miss COUNT : 0
rocksdb.block.cache.index.hit COUNT : 0
rocksdb.block.cache.index.add COUNT : 0
rocksdb.block.cache.index.bytes.insert COUNT : 0
rocksdb.block.cache.index.bytes.evict COUNT : 0
rocksdb.block.cache.filter.miss COUNT : 0
rocksdb.block.cache.filter.hit COUNT : 0
rocksdb.block.cache.filter.add COUNT : 0
rocksdb.block.cache.filter.bytes.insert COUNT : 0
rocksdb.block.cache.filter.bytes.evict COUNT : 0
rocksdb.block.cache.data.miss COUNT : 0
rocksdb.block.cache.data.hit COUNT : 0
rocksdb.block.cache.data.add COUNT : 0
rocksdb.block.cache.data.bytes.insert COUNT : 0
rocksdb.block.cache.bytes.read COUNT : 0
rocksdb.block.cache.bytes.write COUNT : 0
rocksdb.bloom.filter.useful COUNT : 0
rocksdb.bloom.filter.full.positive COUNT : 0
rocksdb.bloom.filter.full.true.positive COUNT : 0
rocksdb.bloom.filter.micros COUNT : 0
rocksdb.persistent.cache.hit COUNT : 0
rocksdb.persistent.cache.miss COUNT : 311219
rocksdb.sim.block.cache.hit COUNT : 0
rocksdb.sim.block.cache.miss COUNT : 0
rocksdb.memtable.hit COUNT : 0
rocksdb.memtable.miss COUNT : 0
rocksdb.l0.hit COUNT : 0
rocksdb.l1.hit COUNT : 0
rocksdb.l2andup.hit COUNT : 0
rocksdb.compaction.key.drop.new COUNT : 13799
rocksdb.compaction.key.drop.obsolete COUNT : 0
rocksdb.compaction.key.drop.range_del COUNT : 0
rocksdb.compaction.key.drop.user COUNT : 0
rocksdb.compaction.range_del.drop.obsolete COUNT : 0
rocksdb.compaction.optimized.del.drop.obsolete COUNT : 0
rocksdb.compaction.cancelled COUNT : 0
rocksdb.number.keys.written COUNT : 10000000
rocksdb.number.keys.read COUNT : 0
rocksdb.number.keys.updated COUNT : 0
rocksdb.bytes.written COUNT : 2879788356
rocksdb.bytes.read COUNT : 0
rocksdb.number.db.seek COUNT : 0
rocksdb.number.db.next COUNT : 0
rocksdb.number.db.prev COUNT : 0
rocksdb.number.db.seek.found COUNT : 0
rocksdb.number.db.next.found COUNT : 0
rocksdb.number.db.prev.found COUNT : 0
rocksdb.db.iter.bytes.read COUNT : 0
rocksdb.no.file.closes COUNT : 0
rocksdb.no.file.opens COUNT : 169
rocksdb.no.file.errors COUNT : 0
rocksdb.l0.slowdown.micros COUNT : 0
rocksdb.memtable.compaction.micros COUNT : 0
rocksdb.l0.num.files.stall.micros COUNT : 0
rocksdb.stall.micros COUNT : 0
rocksdb.db.mutex.wait.micros COUNT : 0
rocksdb.rate.limit.delay.millis COUNT : 0
rocksdb.num.iterators COUNT : 0
rocksdb.number.multiget.get COUNT : 0
rocksdb.number.multiget.keys.read COUNT : 0
rocksdb.number.multiget.bytes.read COUNT : 0
rocksdb.number.deletes.filtered COUNT : 0
rocksdb.number.merge.failures COUNT : 0
rocksdb.bloom.filter.prefix.checked COUNT : 0
rocksdb.bloom.filter.prefix.useful COUNT : 0
rocksdb.number.reseeks.iteration COUNT : 0
rocksdb.getupdatessince.calls COUNT : 0
rocksdb.block.cachecompressed.miss COUNT : 0
rocksdb.block.cachecompressed.hit COUNT : 0
rocksdb.block.cachecompressed.add COUNT : 0
rocksdb.block.cachecompressed.add.failures COUNT : 0
rocksdb.wal.synced COUNT : 0
rocksdb.wal.bytes COUNT : 2879788356
rocksdb.write.self COUNT : 9982363
rocksdb.write.other COUNT : 17637
rocksdb.write.timeout COUNT : 0
rocksdb.write.wal COUNT : 10000000
rocksdb.compact.read.bytes COUNT : 1233187803
rocksdb.compact.write.bytes COUNT : 1229348091
rocksdb.flush.write.bytes COUNT : 1400994243
rocksdb.number.direct.load.table.properties COUNT : 0
rocksdb.number.superversion_acquires COUNT : 0
rocksdb.number.superversion_releases COUNT : 0
rocksdb.number.superversion_cleanups COUNT : 0
rocksdb.number.block.compressed COUNT : 0
rocksdb.number.block.decompressed COUNT : 0
rocksdb.number.block.not_compressed COUNT : 0
rocksdb.merge.operation.time.nanos COUNT : 0
rocksdb.filter.operation.time.nanos COUNT : 0
rocksdb.row.cache.hit COUNT : 0
rocksdb.row.cache.miss COUNT : 0
rocksdb.read.amp.estimate.useful.bytes COUNT : 0
rocksdb.read.amp.total.read.bytes COUNT : 0
rocksdb.number.rate_limiter.drains COUNT : 0
rocksdb.number.iter.skip COUNT : 0
rocksdb.blobdb.num.put COUNT : 0
rocksdb.blobdb.num.write COUNT : 0
rocksdb.blobdb.num.get COUNT : 0
rocksdb.blobdb.num.multiget COUNT : 0
rocksdb.blobdb.num.seek COUNT : 0
rocksdb.blobdb.num.next COUNT : 0
rocksdb.blobdb.num.prev COUNT : 0
rocksdb.blobdb.num.keys.written COUNT : 0
rocksdb.blobdb.num.keys.read COUNT : 0
rocksdb.blobdb.bytes.written COUNT : 0
rocksdb.blobdb.bytes.read COUNT : 0
rocksdb.blobdb.write.inlined COUNT : 0
rocksdb.blobdb.write.inlined.ttl COUNT : 0
rocksdb.blobdb.write.blob COUNT : 0
rocksdb.blobdb.write.blob.ttl COUNT : 0
rocksdb.blobdb.blob.file.bytes.written COUNT : 0
rocksdb.blobdb.blob.file.bytes.read COUNT : 0
rocksdb.blobdb.blob.file.synced COUNT : 0
rocksdb.blobdb.blob.index.expired.count COUNT : 0
rocksdb.blobdb.blob.index.expired.size COUNT : 0
rocksdb.blobdb.blob.index.evicted.count COUNT : 0
rocksdb.blobdb.blob.index.evicted.size COUNT : 0
rocksdb.blobdb.gc.num.files COUNT : 0
rocksdb.blobdb.gc.num.new.files COUNT : 0
rocksdb.blobdb.gc.failures COUNT : 0
rocksdb.blobdb.gc.num.keys.overwritten COUNT : 0
rocksdb.blobdb.gc.num.keys.expired COUNT : 0
rocksdb.blobdb.gc.num.keys.relocated COUNT : 0
rocksdb.blobdb.gc.bytes.overwritten COUNT : 0
rocksdb.blobdb.gc.bytes.expired COUNT : 0
rocksdb.blobdb.gc.bytes.relocated COUNT : 0
rocksdb.blobdb.fifo.num.files.evicted COUNT : 0
rocksdb.blobdb.fifo.num.keys.evicted COUNT : 0
rocksdb.blobdb.fifo.bytes.evicted COUNT : 0
rocksdb.txn.overhead.mutex.prepare COUNT : 0
rocksdb.txn.overhead.mutex.old.commit.map COUNT : 0
rocksdb.txn.overhead.duplicate.key COUNT : 0
rocksdb.txn.overhead.mutex.snapshot COUNT : 0
rocksdb.number.multiget.keys.found COUNT : 0
rocksdb.num.iterator.created COUNT : 0
rocksdb.num.iterator.deleted COUNT : 0
rocksdb.block.cache.compression.dict.miss COUNT : 0
rocksdb.block.cache.compression.dict.hit COUNT : 0
rocksdb.block.cache.compression.dict.add COUNT : 0
rocksdb.block.cache.compression.dict.bytes.insert COUNT : 0
rocksdb.block.cache.compression.dict.bytes.evict COUNT : 0
rocksdb.db.get.micros P50 : 0.000000 P95 : 0.000000 P99 : 0.000000 P100 : 0.000000 COUNT : 0 SUM : 0
rocksdb.db.write.micros P50 : 11.557691 P95 : 16.991210 P99 : 28.080903 P100 : 6407.000000 COUNT : 10000000 SUM : 118168917
rocksdb.compaction.times.micros P50 : 913359.000000 P95 : 913359.000000 P99 : 913359.000000 P100 : 913359.000000 COUNT : 5 SUM : 4398276
rocksdb.compaction.times.cpu_micros P50 : 770470.000000 P95 : 831142.000000 P99 : 831142.000000 P100 : 831142.000000 COUNT : 5 SUM : 3973978
rocksdb.subcompaction.setup.times.micros P50 : 0.000000 P95 : 0.000000 P99 : 0.000000 P100 : 0.000000 COUNT : 0 SUM : 0
rocksdb.table.sync.micros P50 : 27445.000000 P95 : 27445.000000 P99 : 27445.000000 P100 : 27445.000000 COUNT : 23 SUM : 617903
rocksdb.compaction.outfile.sync.micros P50 : 3660.869565 P95 : 4375.000000 P99 : 4670.000000 P100 : 4670.000000 COUNT : 146 SUM : 600404
rocksdb.wal.file.sync.micros P50 : 0.000000 P95 : 0.000000 P99 : 0.000000 P100 : 0.000000 COUNT : 0 SUM : 0
rocksdb.manifest.file.sync.micros P50 : 110.000000 P95 : 236.666667 P99 : 690.000000 P100 : 690.000000 COUNT : 30 SUM : 4035
rocksdb.table.open.io.micros P50 : 187.313433 P95 : 715.678571 P99 : 855.707143 P100 : 956.000000 COUNT : 169 SUM : 39898
rocksdb.db.multiget.micros P50 : 0.000000 P95 : 0.000000 P99 : 0.000000 P100 : 0.000000 COUNT : 0 SUM : 0
rocksdb.read.block.compaction.micros P50 : 0.000000 P95 : 0.000000 P99 : 0.000000 P100 : 0.000000 COUNT : 0 SUM : 0
rocksdb.read.block.get.micros P50 : 2.141853 P95 : 3.339309 P99 : 10.807031 P100 : 688.000000 COUNT : 311050 SUM : 889981
rocksdb.write.raw.block.micros P50 : 0.513198 P95 : 0.975077 P99 : 4.751965 P100 : 1540.000000 COUNT : 663512 SUM : 1881393
rocksdb.l0.slowdown.count P50 : 0.000000 P95 : 0.000000 P99 : 0.000000 P100 : 0.000000 COUNT : 0 SUM : 0
rocksdb.memtable.compaction.count P50 : 0.000000 P95 : 0.000000 P99 : 0.000000 P100 : 0.000000 COUNT : 0 SUM : 0
rocksdb.num.files.stall.count P50 : 0.000000 P95 : 0.000000 P99 : 0.000000 P100 : 0.000000 COUNT : 0 SUM : 0
rocksdb.hard.rate.limit.delay.count P50 : 0.000000 P95 : 0.000000 P99 : 0.000000 P100 : 0.000000 COUNT : 0 SUM : 0
rocksdb.soft.rate.limit.delay.count P50 : 0.000000 P95 : 0.000000 P99 : 0.000000 P100 : 0.000000 COUNT : 0 SUM : 0
rocksdb.numfiles.in.singlecompaction P50 : 4.000000 P95 : 4.000000 P99 : 4.000000 P100 : 4.000000 COUNT : 5 SUM : 20
rocksdb.db.seek.micros P50 : 0.000000 P95 : 0.000000 P99 : 0.000000 P100 : 0.000000 COUNT : 0 SUM : 0
rocksdb.db.write.stall P50 : 0.000000 P95 : 0.000000 P99 : 0.000000 P100 : 0.000000 COUNT : 0 SUM : 0
rocksdb.sst.read.micros P50 : 0.744589 P95 : 1.888605 P99 : 2.958543 P100 : 126.000000 COUNT : 311557 SUM : 444120
rocksdb.num.subcompactions.scheduled P50 : 0.000000 P95 : 0.000000 P99 : 0.000000 P100 : 0.000000 COUNT : 0 SUM : 0
rocksdb.bytes.per.read P50 : 0.000000 P95 : 0.000000 P99 : 0.000000 P100 : 0.000000 COUNT : 0 SUM : 0
rocksdb.bytes.per.write P50 : 315.115046 P95 : 373.718588 P99 : 378.927792 P100 : 564.000000 COUNT : 9982363 SUM : 2879788356
rocksdb.bytes.per.multiget P50 : 0.000000 P95 : 0.000000 P99 : 0.000000 P100 : 0.000000 COUNT : 0 SUM : 0
rocksdb.bytes.compressed P50 : 0.000000 P95 : 0.000000 P99 : 0.000000 P100 : 0.000000 COUNT : 0 SUM : 0
rocksdb.bytes.decompressed P50 : 0.000000 P95 : 0.000000 P99 : 0.000000 P100 : 0.000000 COUNT : 0 SUM : 0
rocksdb.compression.times.nanos P50 : 0.000000 P95 : 0.000000 P99 : 0.000000 P100 : 0.000000 COUNT : 0 SUM : 0
rocksdb.decompression.times.nanos P50 : 0.000000 P95 : 0.000000 P99 : 0.000000 P100 : 0.000000 COUNT : 0 SUM : 0
rocksdb.read.num.merge_operands P50 : 0.000000 P95 : 0.000000 P99 : 0.000000 P100 : 0.000000 COUNT : 0 SUM : 0
rocksdb.blobdb.key.size P50 : 0.000000 P95 : 0.000000 P99 : 0.000000 P100 : 0.000000 COUNT : 0 SUM : 0
rocksdb.blobdb.value.size P50 : 0.000000 P95 : 0.000000 P99 : 0.000000 P100 : 0.000000 COUNT : 0 SUM : 0
rocksdb.blobdb.write.micros P50 : 0.000000 P95 : 0.000000 P99 : 0.000000 P100 : 0.000000 COUNT : 0 SUM : 0
rocksdb.blobdb.get.micros P50 : 0.000000 P95 : 0.000000 P99 : 0.000000 P100 : 0.000000 COUNT : 0 SUM : 0
rocksdb.blobdb.multiget.micros P50 : 0.000000 P95 : 0.000000 P99 : 0.000000 P100 : 0.000000 COUNT : 0 SUM : 0
rocksdb.blobdb.seek.micros P50 : 0.000000 P95 : 0.000000 P99 : 0.000000 P100 : 0.000000 COUNT : 0 SUM : 0
rocksdb.blobdb.next.micros P50 : 0.000000 P95 : 0.000000 P99 : 0.000000 P100 : 0.000000 COUNT : 0 SUM : 0
rocksdb.blobdb.prev.micros P50 : 0.000000 P95 : 0.000000 P99 : 0.000000 P100 : 0.000000 COUNT : 0 SUM : 0
rocksdb.blobdb.blob.file.write.micros P50 : 0.000000 P95 : 0.000000 P99 : 0.000000 P100 : 0.000000 COUNT : 0 SUM : 0
rocksdb.blobdb.blob.file.read.micros P50 : 0.000000 P95 : 0.000000 P99 : 0.000000 P100 : 0.000000 COUNT : 0 SUM : 0
rocksdb.blobdb.blob.file.sync.micros P50 : 0.000000 P95 : 0.000000 P99 : 0.000000 P100 : 0.000000 COUNT : 0 SUM : 0
rocksdb.blobdb.gc.micros P50 : 0.000000 P95 : 0.000000 P99 : 0.000000 P100 : 0.000000 COUNT : 0 SUM : 0
rocksdb.blobdb.compression.micros P50 : 0.000000 P95 : 0.000000 P99 : 0.000000 P100 : 0.000000 COUNT : 0 SUM : 0
rocksdb.blobdb.decompression.micros P50 : 0.000000 P95 : 0.000000 P99 : 0.000000 P100 : 0.000000 COUNT : 0 SUM : 0
rocksdb.db.flush.micros P50 : 206190.476190 P95 : 240874.000000 P99 : 240874.000000 P100 : 240874.000000 COUNT : 23 SUM : 4599036
rocksdb.sst.batch.size P50 : 0.000000 P95 : 0.000000 P99 : 0.000000 P100 : 0.000000 COUNT : 0 SUM : 0

