Initializing RocksDB Options from the specified file
Initializing RocksDB Options from command-line flags
paht=/home/zyh/480G/wp/pcache/pcache_file
too large size=862122
too large size=865567
too large size=1253450
too large size=1258570
too large size=884170
Keys:       16 bytes each
Values:     256 bytes each (128 bytes after compression)
Entries:    10000000
Prefix:    0 bytes
Keys per prefix:    0
RawSize:    2594.0 MB (estimated)
FileSize:   1373.3 MB (estimated)
Write rate: 0 bytes/second
Read rate: 0 ops/second
Compression: NoCompression
Compression sampling rate: 0
Memtablerep: skip_list
Perf Level: 5
WARNING: Assertions are enabled; benchmarks unnecessarily slow
------------------------------------------------
DB path: [/home/zyh/480G/wp]
readseq      :       4.498 micros/op 888871 ops/sec;  230.6 MB/s PERF_CONTEXT:
user_key_comparison_count = 37577758, block_cache_hit_count = 0, block_read_count = 378604, block_read_byte = 1475427989, block_read_time = 4204498096, block_cache_index_hit_count = 0, index_block_read_count = 0, block_cache_filter_hit_count = 0, filter_block_read_count = 0, compression_dict_block_read_count = 0, block_checksum_time = 127783824, block_decompress_time = 69550341, get_read_bytes = 0, multiget_read_bytes = 0, iter_read_bytes = 2352127072, internal_key_skipped_count = 11247981, internal_delete_skipped_count = 0, internal_recent_skipped_count = 0, internal_merge_count = 0, write_wal_time = 0, get_snapshot_time = 0, get_from_memtable_time = 0, get_from_memtable_count = 0, get_post_process_time = 0, get_from_output_files_time = 0, seek_on_memtable_time = 0, seek_on_memtable_count = 0, next_on_memtable_count = 0, prev_on_memtable_count = 0, seek_child_seek_time = 0, seek_child_seek_count = 0, seek_min_heap_time = 0, seek_internal_seek_time = 500623, find_next_user_entry_time = 6170819530, write_pre_and_post_process_time = 0, write_memtable_time = 0, write_thread_wait_nanos = 0, write_scheduling_flushes_compactions_time = 0, db_mutex_lock_nanos = 489, db_condition_wait_nanos = 0, merge_operator_time_nanos = 0, write_delay_time = 0, read_index_block_nanos = 0, read_filter_block_nanos = 0, new_table_block_iter_nanos = 18729304199, new_table_iterator_nanos = 1441590, block_seek_nanos = 0, find_table_nanos = 0, bloom_memtable_hit_count = 0, bloom_memtable_miss_count = 0, bloom_sst_hit_count = 0, bloom_sst_miss_count = 0, key_lock_wait_time = 0, key_lock_wait_count = 0, env_new_sequential_file_nanos = 0, env_new_random_access_file_nanos = 0, env_new_writable_file_nanos = 0, env_reuse_writable_file_nanos = 0, env_new_random_rw_file_nanos = 0, env_new_directory_nanos = 0, env_file_exists_nanos = 0, env_get_children_nanos = 0, env_get_children_file_attributes_nanos = 0, env_delete_file_nanos = 0, env_create_dir_nanos = 0, env_create_dir_if_missing_nanos = 0, env_delete_dir_nanos = 0, env_get_file_size_nanos = 0, env_get_file_modification_time_nanos = 0, env_rename_file_nanos = 0, env_link_file_nanos = 0, env_lock_file_nanos = 0, env_unlock_file_nanos = 0, env_new_logger_nanos = 0, get_cpu_nanos = 0, iter_next_cpu_nanos = 24686572303, iter_prev_cpu_nanos = 0, iter_seek_cpu_nanos = 250966, bloom_filter_useful = bloom_filter_full_positive = bloom_filter_full_true_positive = block_cache_hit_count = block_cache_miss_count = 
Microseconds per read:
Count: 34590104 Average: 4.4977  StdDev: 9.92
Min: 1  Median: 1.6825  Max: 2818
Percentiles: P50: 1.68 P75: 2.35 P99: 48.88 P99.9: 93.88 P99.99: 158.09
------------------------------------------------------
[       0,       1 ]  3633954  10.506%  10.506% ##
(       1,       2 ] 20015106  57.864%  68.369% ############
(       2,       3 ]  6534968  18.893%  87.262% ####
(       3,       4 ]  1123307   3.247%  90.510% #
(       4,       6 ]   131261   0.379%  90.889% 
(       6,      10 ]   269965   0.780%  91.669% 
(      10,      15 ]   609649   1.762%  93.432% 
(      15,      22 ]   651603   1.884%  95.316% 
(      22,      34 ]   793882   2.295%  97.611% 
(      34,      51 ]   549067   1.587%  99.198% 
(      51,      76 ]   216898   0.627%  99.825% 
(      76,     110 ]    49168   0.142%  99.967% 
(     110,     170 ]     9753   0.028%  99.996% 
(     170,     250 ]      910   0.003%  99.998% 
(     250,     380 ]      206   0.001%  99.999% 
(     380,     580 ]       40   0.000%  99.999% 
(     580,     870 ]       99   0.000%  99.999% 
(     870,    1300 ]      136   0.000% 100.000% 
(    1300,    1900 ]      128   0.000% 100.000% 
(    1900,    2900 ]        4   0.000% 100.000% 



** Compaction Stats [default] **
Level    Files   Size     Score Read(GB)  Rn(GB) Rnp1(GB) Write(GB) Wnew(GB) Moved(GB) W-Amp Rd(MB/s) Wr(MB/s) Comp(sec) CompMergeCPU(sec) Comp(cnt) Avg(sec) KeyIn KeyDrop
----------------------------------------------------------------------------------------------------------------------------------------------------------------------------
  L0      3/0   306.14 MB   0.8      0.0     0.0      0.0       0.1      0.1       0.0   1.0      0.0    300.8      0.26              0.00         1    0.265       0      0
  L5     66/0   510.62 MB   1.0      0.0     0.0      0.0       0.0      0.0       0.0   0.0      0.0      0.0      0.00              0.00         0    0.000       0      0
  L6    306/0    2.12 GB   0.0      0.3     0.1      0.2       0.2      0.0       0.0   3.0    142.1    113.8      1.89              1.44         9    0.210    995K   197K
 Sum    375/0    2.92 GB   0.0      0.3     0.1      0.2       0.3      0.1       0.0   3.7    124.6    136.8      2.16              1.44        10    0.216    995K   197K
 Int      0/0    0.00 KB   0.0      0.3     0.1      0.2       0.2      0.0       0.0 226105986.0    142.1    113.8      1.89              1.44         9    0.210    995K   197K

** Compaction Stats [default] **
Priority    Files   Size     Score Read(GB)  Rn(GB) Rnp1(GB) Write(GB) Wnew(GB) Moved(GB) W-Amp Rd(MB/s) Wr(MB/s) Comp(sec) CompMergeCPU(sec) Comp(cnt) Avg(sec) KeyIn KeyDrop
-------------------------------------------------------------------------------------------------------------------------------------------------------------------------------
 Low      0/0    0.00 KB   0.0      0.3     0.1      0.2       0.2      0.0       0.0   0.0    142.1    113.8      1.89              1.44         9    0.210    995K   197K
User      0/0    0.00 KB   0.0      0.0     0.0      0.0       0.1      0.1       0.0   0.0      0.0    300.8      0.26              0.00         1    0.265       0      0
Uptime(secs): 40.4 total, 38.9 interval
Flush(GB): cumulative 0.078, interval 0.000
AddFile(GB): cumulative 0.000, interval 0.000
AddFile(Total Files): cumulative 0, interval 0
AddFile(L0 Files): cumulative 0, interval 0
AddFile(Keys): cumulative 0, interval 0
Cumulative compaction: 0.29 GB write, 7.31 MB/s write, 0.26 GB read, 6.66 MB/s read, 2.2 seconds
Interval compaction: 0.21 GB write, 5.54 MB/s write, 0.26 GB read, 6.91 MB/s read, 1.9 seconds
Stalls(count): 0 level0_slowdown, 0 level0_slowdown_with_compaction, 0 level0_numfiles, 0 level0_numfiles_with_compaction, 0 stop for pending_compaction_bytes, 0 slowdown for pending_compaction_bytes, 0 memtable_compaction, 0 memtable_slowdown, interval 0 total count

** File Read Latency Histogram By Level [default] **
** Level 0 read latency histogram (micros):
Count: 153716 Average: 10.3968  StdDev: 22.68
Min: 1  Median: 3.7965  Max: 1659
Percentiles: P50: 3.80 P75: 16.28 P99: 52.95 P99.9: 71.34 P99.99: 73.18
------------------------------------------------------
[       0,       1 ]        1   0.001%   0.001% 
(       1,       2 ]      502   0.327%   0.327% 
(       2,       3 ]    35954  23.390%  23.717% #####
(       3,       4 ]    50724  32.999%  56.716% #######
(       4,       6 ]    11169   7.266%  63.982% #
(       6,      10 ]     3196   2.079%  66.061% 
(      10,      15 ]     8334   5.422%  71.482% #
(      15,      22 ]    29533  19.213%  90.695% ####
(      22,      34 ]    11294   7.347%  98.042% #
(      34,      51 ]     1325   0.862%  98.904% 
(      51,      76 ]     1881   1.224% 100.128% 
(      76,     110 ]       68   0.044% 100.172% 
(     110,     170 ]       71   0.046% 100.219% 
(     170,     250 ]       62   0.040% 100.259% 
(     250,     380 ]        4   0.003% 100.262% 
(     380,     580 ]        1   0.001% 100.262% 
(     580,     870 ]        5   0.003% 100.265% 
(     870,    1300 ]        5   0.003% 100.269% 
(    1300,    1900 ]       25   0.016% 100.285% 

** Level 5 read latency histogram (micros):
Count: 323765 Average: 10.2971  StdDev: 20.65
Min: 1  Median: 3.5861  Max: 1689
Percentiles: P50: 3.59 P75: 16.44 P99: 55.46 P99.9: 72.03 P99.99: 73.69
------------------------------------------------------
[       0,       1 ]     6937   2.143%   2.143% 
(       1,       2 ]    18209   5.624%   7.767% #
(       2,       3 ]   100063  30.906%  38.673% ######
(       3,       4 ]    62567  19.325%  57.998% ####
(       4,       6 ]    12796   3.952%  61.950% #
(       6,      10 ]     7943   2.453%  64.403% 
(      10,      15 ]    20369   6.291%  70.694% #
(      15,      22 ]    67947  20.987%  91.681% ####
(      22,      34 ]    20098   6.208%  97.889% #
(      34,      51 ]     2814   0.869%  98.758% 
(      51,      76 ]     4396   1.358% 100.116% 
(      76,     110 ]      202   0.062% 100.178% 
(     110,     170 ]      205   0.063% 100.241% 
(     170,     250 ]      136   0.042% 100.283% 
(     250,     380 ]       34   0.011% 100.294% 
(     380,     580 ]       21   0.006% 100.300% 
(     580,     870 ]       19   0.006% 100.306% 
(     870,    1300 ]       24   0.007% 100.313% 
(    1300,    1900 ]       20   0.006% 100.320% 

** Level 6 read latency histogram (micros):
Count: 1106798 Average: 10.3254  StdDev: 19.03
Min: 0  Median: 3.5325  Max: 1830
Percentiles: P50: 3.53 P75: 16.69 P99: 56.40 P99.9: 71.21 P99.99: 72.69
------------------------------------------------------
[       0,       1 ]    23035   2.081%   2.081% 
(       1,       2 ]    81534   7.367%   9.448% #
(       2,       3 ]   362729  32.773%  42.221% #######
(       3,       4 ]   161677  14.608%  56.828% ###
(       4,       6 ]    37683   3.405%  60.233% #
(       6,      10 ]    30966   2.798%  63.031% #
(      10,      15 ]    71394   6.450%  69.481% #
(      15,      22 ]   253038  22.862%  92.343% #####
(      22,      34 ]    59637   5.388%  97.732% #
(      34,      51 ]    10408   0.940%  98.672% 
(      51,      76 ]    16813   1.519% 100.191% 
(      76,     110 ]      798   0.072% 100.263% 
(     110,     170 ]      478   0.043% 100.306% 
(     170,     250 ]      274   0.025% 100.331% 
(     250,     380 ]       60   0.005% 100.337% 
(     380,     580 ]       31   0.003% 100.339% 
(     580,     870 ]       52   0.005% 100.344% 
(     870,    1300 ]       53   0.005% 100.349% 
(    1300,    1900 ]       62   0.006% 100.355% 


** DB Stats **
Uptime(secs): 40.4 total, 38.9 interval
Cumulative writes: 0 writes, 0 keys, 0 commit groups, 0.0 writes per commit group, ingest: 0.00 GB, 0.00 MB/s
Cumulative WAL: 0 writes, 0 syncs, 0.00 writes per sync, written: 0.00 GB, 0.00 MB/s
Cumulative stall: 00:00:0.000 H:M:S, 0.0 percent
Interval writes: 0 writes, 0 keys, 0 commit groups, 0.0 writes per commit group, ingest: 0.00 MB, 0.00 MB/s
Interval WAL: 0 writes, 0 syncs, 0.00 writes per sync, written: 0.00 MB, 0.00 MB/s
Interval stall: 00:00:0.000 H:M:S, 0.0 percent


Level Files Size(MB)
--------------------
  0        3      306
  1        0        0
  2        0        0
  3        0        0
  4        0        0
  5       66      511
  6      306     2171


--- level 0 --- version# 11 ---
 2073:83577233[19700929 .. 20000000]['00000000000000003030303030303030' seq:19909376, type:1 .. '00000000009896403030303030303030' seq:19890738, type:1](0)
 2011:118959360[19272302 .. 19700928]['00000000000000183030303030303030' seq:19637855, type:1 .. '00000000009896633030303030303030' seq:19696574, type:1](0)
 1929:118477815[18845534 .. 19272301]['000000000000001D3030303030303030' seq:19256007, type:1 .. '00000000009896513030303030303030' seq:19247873, type:1](0)
--- level 1 --- version# 11 ---
--- level 2 --- version# 11 ---
--- level 3 --- version# 11 ---
--- level 4 --- version# 11 ---
--- level 5 --- version# 11 ---
 1860:8542320[6853078 .. 18845504]['0000000000015CA83030303030303030' seq:13319343, type:1 .. '000000000002D19B3030303030303030' seq:17342013, type:1](0)
 1863:8542281[6854604 .. 18845051]['00000000000498AD3030303030303030' seq:13587327, type:1 .. '000000000005DE4B3030303030303030' seq:17041243, type:1](0)
 1864:8542343[15419072 .. 18845532]['000000000005DE513030303030303030' seq:17771003, type:1 .. '00000000000775ED3030303030303030' seq:15860172, type:1](0)
 1865:8542283[3902966 .. 18845092]['00000000000775F03030303030303030' seq:18597484, type:1 .. '000000000008C9053030303030303030' seq:15683634, type:1](0)
 1867:8542369[13706867 .. 18845487]['000000000009EEDB3030303030303030' seq:17443266, type:1 .. '00000000000B89F83030303030303030' seq:17294661, type:1](0)
 1868:8103211[17132891 .. 18845453]['00000000000B89FD3030303030303030' seq:18495236, type:1 .. '00000000000E4C313030303030303030' seq:18356538, type:1](0)
 1869:8542345[13708140 .. 18845434]['00000000000E4C443030303030303030' seq:17889470, type:1 .. '00000000000FE0883030303030303030' seq:18272968, type:1](0)
 1870:8542414[13706847 .. 18845425]['00000000000FE0893030303030303030' seq:17246866, type:1 .. '000000000011C0843030303030303030' seq:18229361, type:1](0)
 1872:8542194[11993742 .. 18845236]['000000000012C8B83030303030303030' seq:14303014, type:1 .. '000000000013B7E23030303030303030' seq:17635081, type:1](0)
 1873:8542635[17132810 .. 18845528]['000000000013B7E63030303030303030' seq:17234169, type:1 .. '000000000016A30C3030303030303030' seq:17305914, type:1](0)
 1874:8542265[13706325 .. 18845270]['000000000016A3233030303030303030' seq:18492269, type:1 .. '000000000017D9E53030303030303030' seq:17037064, type:1](0)
 1875:8542244[13706283 .. 18845474]['000000000017D9E73030303030303030' seq:18229634, type:1 .. '000000000018FC6B3030303030303030' seq:18527325, type:1](0)
 1877:8542236[10280917 .. 18845508]['00000000001A24463030303030303030' seq:15385261, type:1 .. '00000000001B3BE73030303030303030' seq:17796522, type:1](0)
 1882:8542419[13706374 .. 18845369]['00000000001FEB2E3030303030303030' seq:13768896, type:1 .. '000000000021CAEA3030303030303030' seq:17246067, type:1](0)
 1883:8542306[11994117 .. 18845423]['000000000021CAEB3030303030303030' seq:17629158, type:1 .. '0000000000233E023030303030303030' seq:18169529, type:1](0)
 1886:8542635[17132827 .. 18845521]['000000000025A4483030303030303030' seq:18031694, type:1 .. '00000000002890B83030303030303030' seq:17340109, type:1](0)
 1887:8542293[6863721 .. 18845522]['00000000002890BD3030303030303030' seq:17711724, type:1 .. '000000000029E4933030303030303030' seq:14822885, type:1](0)
 1890:8542464[12002089 .. 18845492]['00000000002B60003030303030303030' seq:15221885, type:1 .. '00000000002D70293030303030303030' seq:17949700, type:1](0)
 1891:8542332[10282939 .. 18845471]['00000000002D702B3030303030303030' seq:16436378, type:1 .. '00000000002EF5853030303030303030' seq:17998521, type:1](0)
 1893:8542292[6888248 .. 18845437]['00000000002FE26F3030303030303030' seq:17400071, type:1 .. '0000000000312E4C3030303030303030' seq:17639900, type:1](0)
 1894:8542348[15419399 .. 18845524]['0000000000312E513030303030303030' seq:15755823, type:1 .. '000000000032C3163030303030303030' seq:16557065, type:1](0)
 1895:8542347[15419395 .. 18845498]['000000000032C3173030303030303030' seq:16401602, type:1 .. '00000000003458733030303030303030' seq:18038774, type:1](0)
 1896:8542533[7720794 .. 18845533]['000000000034587A3030303030303030' seq:15983019, type:1 .. '000000000036E9A63030303030303030' seq:14218542, type:1](0)
 1898:8542346[15419058 .. 18845462]['000000000037F1893030303030303030' seq:15500055, type:1 .. '00000000003989F43030303030303030' seq:18156339, type:1](0)
 1899:1396833[15419398 .. 18845075]['00000000003989F53030303030303030' seq:17678752, type:1 .. '000000000039CB5F3030303030303030' seq:17417993, type:1](0)
 1901:8542248[6857529 .. 18845445]['00000000003AB2E03030303030303030' seq:12793786, type:1 .. '00000000003BD5A63030303030303030' seq:17948551, type:1](0)
 1902:8542623[10287342 .. 18845481]['00000000003BD5AA3030303030303030' seq:17529979, type:1 .. '00000000003EA91A3030303030303030' seq:11461424, type:1](0)
 1910:8542380[10281929 .. 18845301]['0000000000459A2E3030303030303030' seq:18360433, type:1 .. '00000000004754903030303030303030' seq:17394954, type:1](0)
 1911:8542284[13706505 .. 18845515]['00000000004754A53030303030303030' seq:17951336, type:1 .. '0000000000489B783030303030303030' seq:15769921, type:1](0)
 1912:2164464[13706902 .. 18845201]['0000000000489B7B3030303030303030' seq:18196283, type:1 .. '000000000048E5BA3030303030303030' seq:17229875, type:1](0)
 1914:8542440[15419223 .. 18845473]['000000000049D94C3030303030303030' seq:18410007, type:1 .. '00000000004BE5013030303030303030' seq:17609034, type:1](0)
 1915:8542303[3436053 .. 18845482]['00000000004BE5043030303030303030' seq:17908266, type:1 .. '00000000004D3ACB3030303030303030' seq:18312306, type:1](0)
 1916:8542388[10283010 .. 18845366]['00000000004D3ACC3030303030303030' seq:17166030, type:1 .. '00000000004EF9303030303030303030' seq:17308514, type:1](0)
 1917:8542338[13706285 .. 18845493]['00000000004EF9333030303030303030' seq:15940479, type:1 .. '00000000005081593030303030303030' seq:18748779, type:1](0)
 1918:8542395[10305104 .. 18845461]['000000000050815C3030303030303030' seq:18316566, type:1 .. '00000000005258203030303030303030' seq:16285756, type:1](0)
 1919:8542297[13708035 .. 18845364]['00000000005258213030303030303030' seq:14851736, type:1 .. '000000000053B40C3030303030303030' seq:18141311, type:1](0)
 1922:8194664[11993624 .. 18845406]['00000000005629583030303030303030' seq:13721231, type:1 .. '0000000000577C9E3030303030303030' seq:18207030, type:1](0)
 1924:8542236[11994691 .. 18845472]['0000000000588FD63030303030303030' seq:16346374, type:1 .. '000000000059A4873030303030303030' seq:17609036, type:1](0)
 1925:8542361[8579967 .. 18845448]['000000000059A4883030303030303030' seq:13974083, type:1 .. '00000000005B3F1A3030303030303030' seq:9273669, type:1](0)
 1927:8542630[10284914 .. 18845432]['00000000005C05B03030303030303030' seq:13043500, type:1 .. '00000000005ECBA83030303030303030' seq:18161500, type:1](0)
 1930:8542650[17132918 .. 18845530]['00000000005ECBAE3030303030303030' seq:18682207, type:1 .. '000000000061B6A63030303030303030' seq:18739836, type:1](0)
 1931:8542381[13706959 .. 18845468]['000000000061B6A83030303030303030' seq:17602059, type:1 .. '00000000006383AF3030303030303030' seq:16456521, type:1](0)
 1932:8542350[13706845 .. 18845112]['00000000006383B03030303030303030' seq:15704126, type:1 .. '0000000000651B333030303030303030' seq:18836278, type:1](0)
 1933:3175517[17133044 .. 18845274]['0000000000651B353030303030303030' seq:17337598, type:1 .. '000000000066354B3030303030303030' seq:18379394, type:1](0)
 1934:8542417[8568512 .. 18845235]['000000000066354F3030303030303030' seq:18507341, type:1 .. '0000000000681C903030303030303030' seq:18370216, type:1](0)
 1935:8542288[8568491 .. 18845464]['0000000000681C923030303030303030' seq:16397320, type:1 .. '00000000006963CA3030303030303030' seq:17852201, type:1](0)
 1938:8542267[13706336 .. 18845477]['00000000006B53B33030303030303030' seq:15389016, type:1 .. '00000000006C773F3030303030303030' seq:17248574, type:1](0)
 1939:8542551[13706514 .. 18845517]['00000000006C77413030303030303030' seq:17804871, type:1 .. '00000000006F03673030303030303030' seq:17681308, type:1](0)
 1940:8542336[11993464 .. 18845514]['00000000006F03723030303030303030' seq:17427282, type:1 .. '00000000007098D83030303030303030' seq:17041177, type:1](0)
 1941:8542352[15419532 .. 18845507]['00000000007098DC3030303030303030' seq:16769777, type:1 .. '0000000000722EB33030303030303030' seq:18832781, type:1](0)
 1942:8542331[15419099 .. 18845501]['0000000000722EB43030303030303030' seq:17149157, type:1 .. '000000000073C65D3030303030303030' seq:17788872, type:1](0)
 1943:6424782[15419981 .. 18845469]['000000000073C6603030303030303030' seq:18405981, type:1 .. '000000000074F6D33030303030303030' seq:18465777, type:1](0)
 1946:8542311[13706604 .. 18845480]['000000000077793D3030303030303030' seq:16683257, type:1 .. '000000000078E3673030303030303030' seq:18688994, type:1](0)
 1947:8542343[10280460 .. 18845518]['000000000078E3733030303030303030' seq:17992967, type:1 .. '00000000007A64693030303030303030' seq:18388936, type:1](0)
 1948:8542357[6872603 .. 18845499]['00000000007A646B3030303030303030' seq:17853469, type:1 .. '00000000007BF85D3030303030303030' seq:15412313, type:1](0)
 1950:8542259[11993330 .. 18845494]['00000000007CDA3D3030303030303030' seq:14224750, type:1 .. '00000000007E091F3030303030303030' seq:17797534, type:1](0)
 1951:8542340[15419122 .. 18845230]['00000000007E09203030303030303030' seq:18458277, type:1 .. '00000000007F9CE33030303030303030' seq:18645166, type:1](0)
 1953:8542366[3430862 .. 18845382]['0000000000811C183030303030303030' seq:13977139, type:1 .. '000000000082AB693030303030303030' seq:16985344, type:1](0)
 1958:8542407[13706332 .. 18845502]['000000000087B4873030303030303030' seq:17504280, type:1 .. '0000000000898DB83030303030303030' seq:13944961, type:1](0)
 1961:8542347[15419101 .. 18845302]['00000000008C0DCF3030303030303030' seq:15420487, type:1 .. '00000000008DC1A83030303030303030' seq:17729890, type:1](0)
 1962:8542392[8572564 .. 18845531]['00000000008DC1AA3030303030303030' seq:17787573, type:1 .. '00000000008F7B2E3030303030303030' seq:13999232, type:1](0)
 1963:8542255[13706500 .. 18845500]['00000000008F7B303030303030303030' seq:17390555, type:1 .. '000000000090A1403030303030303030' seq:17335660, type:1](0)
 1965:3448845[13709606 .. 18845486]['000000000091C44A3030303030303030' seq:17904770, type:1 .. '000000000092C3193030303030303030' seq:18406172, type:1](0)
 1967:8542462[11993311 .. 18845526]['000000000093F94F3030303030303030' seq:17889700, type:1 .. '00000000009626953030303030303030' seq:18508960, type:1](0)
 1968:8542250[3429227 .. 18845411]['00000000009626A53030303030303030' seq:17828972, type:1 .. '000000000097473A3030303030303030' seq:17971655, type:1](0)
 1969:7053595[15419338 .. 18845349]['00000000009747423030303030303030' seq:17330103, type:1 .. '000000000098967B3030303030303030' seq:18117597, type:1](0)
--- level 6 --- version# 11 ---
 2034:8542131[0 .. 0]['00000000000000003030303030303030' seq:0, type:1 .. '0000000000008B403030303030303030' seq:0, type:1](0)
 2035:8542120[0 .. 0]['0000000000008B413030303030303030' seq:0, type:1 .. '00000000000116013030303030303030' seq:0, type:1](0)
 2036:5183373[0 .. 0]['00000000000116023030303030303030' seq:0, type:1 .. '0000000000016F1B3030303030303030' seq:0, type:1](0)
 1717:8542128[0 .. 0]['0000000000016F1C3030303030303030' seq:0, type:1 .. '00000000000210933030303030303030' seq:0, type:1](0)
 1718:7920167[0 .. 0]['00000000000210943030303030303030' seq:0, type:1 .. '00000000000296C03030303030303030' seq:0, type:1](0)
 1988:8542139[0 .. 0]['00000000000296C13030303030303030' seq:0, type:1 .. '0000000000032C0C3030303030303030' seq:0, type:1](0)
 1989:8542115[0 .. 0]['0000000000032C0D3030303030303030' seq:0, type:1 .. '000000000003B71B3030303030303030' seq:0, type:1](0)
 1991:8542122[0 .. 0]['000000000003B71C3030303030303030' seq:0, type:1 .. '00000000000442013030303030303030' seq:0, type:1](0)
 1992:5675288[0 .. 0]['00000000000442023030303030303030' seq:0, type:1 .. '000000000004A1FA3030303030303030' seq:0, type:1](0)
 1064:53915[0 .. 0]['000000000004A1FD3030303030303030' seq:0, type:1 .. '000000000004A38E3030303030303030' seq:0, type:1](0)
 1533:8542152[0 .. 0]['000000000004A38F3030303030303030' seq:0, type:1 .. '00000000000548093030303030303030' seq:0, type:1](0)
 1534:8542133[0 .. 0]['000000000005480A3030303030303030' seq:0, type:1 .. '000000000005DD633030303030303030' seq:0, type:1](0)
 1557:8542135[0 .. 0]['000000000005DD643030303030303030' seq:0, type:1 .. '000000000006736A3030303030303030' seq:0, type:1](0)
 1558:8542118[0 .. 0]['000000000006736C3030303030303030' seq:0, type:1 .. '00000000000708C03030303030303030' seq:0, type:1](0)
 1560:8542125[0 .. 0]['00000000000708C13030303030303030' seq:0, type:1 .. '0000000000079FD03030303030303030' seq:0, type:1](0)
 1561:8542121[0 .. 0]['0000000000079FD43030303030303030' seq:0, type:1 .. '00000000000837403030303030303030' seq:0, type:1](0)
 1562:6308767[0 .. 0]['00000000000837423030303030303030' seq:0, type:1 .. '000000000008AB273030303030303030' seq:0, type:1](0)
 2046:8542121[0 .. 0]['000000000008AB283030303030303030' seq:0, type:1 .. '00000000000939713030303030303030' seq:0, type:1](0)
 2047:8542115[0 .. 0]['00000000000939723030303030303030' seq:0, type:1 .. '000000000009C4483030303030303030' seq:0, type:1](0)
 2048:6291071[0 .. 0]['000000000009C4493030303030303030' seq:0, type:1 .. '00000000000A32983030303030303030' seq:0, type:1](0)
 1832:8542129[0 .. 0]['00000000000A32993030303030303030' seq:0, type:1 .. '00000000000ACF463030303030303030' seq:0, type:1](0)
 1833:8542119[0 .. 0]['00000000000ACF473030303030303030' seq:0, type:1 .. '00000000000B5F233030303030303030' seq:0, type:1](0)
 1834:8542123[0 .. 0]['00000000000B5F263030303030303030' seq:0, type:1 .. '00000000000BEE753030303030303030' seq:0, type:1](0)
 1853:8542116[0 .. 0]['00000000000BEE773030303030303030' seq:0, type:1 .. '00000000000C7DBA3030303030303030' seq:0, type:1](0)
 1854:8542127[0 .. 0]['00000000000C7DBB3030303030303030' seq:0, type:1 .. '00000000000D0D013030303030303030' seq:0, type:1](0)
 1855:8542119[0 .. 0]['00000000000D0D023030303030303030' seq:0, type:1 .. '00000000000D9C1A3030303030303030' seq:0, type:1](0)
 1856:1944198[0 .. 0]['00000000000D9C1B3030303030303030' seq:0, type:1 .. '00000000000DBCC63030303030303030' seq:0, type:1](0)
 1800:8542133[0 .. 0]['00000000000DBCC73030303030303030' seq:0, type:1 .. '00000000000E4C3D3030303030303030' seq:0, type:1](0)
 1801:8421599[0 .. 0]['00000000000E4C3E3030303030303030' seq:0, type:1 .. '00000000000EDF583030303030303030' seq:0, type:1](0)
 1338:8542145[0 .. 0]['00000000000EDF593030303030303030' seq:0, type:1 .. '00000000000F7D1F3030303030303030' seq:0, type:1](0)
 1836:8542127[0 .. 0]['00000000000F7D203030303030303030' seq:0, type:1 .. '0000000000100D063030303030303030' seq:0, type:1](0)
 1839:8542133[0 .. 0]['0000000000100D073030303030303030' seq:0, type:1 .. '0000000000109CA33030303030303030' seq:0, type:1](0)
 1840:8542134[0 .. 0]['0000000000109CA43030303030303030' seq:0, type:1 .. '0000000000112F2C3030303030303030' seq:0, type:1](0)
 1841:1050811[0 .. 0]['0000000000112F303030303030303030' seq:0, type:1 .. '00000000001142933030303030303030' seq:0, type:1](0)
 2058:8542138[0 .. 0]['00000000001142943030303030303030' seq:0, type:1 .. '000000000011DC7B3030303030303030' seq:0, type:1](0)
 2059:8542120[0 .. 0]['000000000011DC7C3030303030303030' seq:0, type:1 .. '00000000001267323030303030303030' seq:0, type:1](0)
 2060:8155666[0 .. 0]['00000000001267333030303030303030' seq:0, type:1 .. '000000000012F2F33030303030303030' seq:0, type:1](0)
 1042:8542146[0 .. 0]['000000000012F2F53030303030303030' seq:0, type:1 .. '0000000000139BDB3030303030303030' seq:0, type:1](0)
 1752:8542129[0 .. 0]['0000000000139BDC3030303030303030' seq:0, type:1 .. '0000000000142F183030303030303030' seq:0, type:1](0)
 1753:8542113[0 .. 0]['0000000000142F1A3030303030303030' seq:0, type:1 .. '000000000014BEE43030303030303030' seq:0, type:1](0)
 1770:8542131[0 .. 0]['000000000014BEE73030303030303030' seq:0, type:1 .. '0000000000154E6C3030303030303030' seq:0, type:1](0)
 1771:8542118[0 .. 0]['0000000000154E6D3030303030303030' seq:0, type:1 .. '000000000015DE273030303030303030' seq:0, type:1](0)
 1772:4581341[0 .. 0]['000000000015DE283030303030303030' seq:0, type:1 .. '0000000000162AD43030303030303030' seq:0, type:1](0)
 1750:8542122[0 .. 0]['0000000000162AD53030303030303030' seq:0, type:1 .. '000000000016BA0E3030303030303030' seq:0, type:1](0)
 1751:3382104[0 .. 0]['000000000016BA0F3030303030303030' seq:0, type:1 .. '000000000016F7DB3030303030303030' seq:0, type:1](0)
 1273:8542141[0 .. 0]['000000000016F7DD3030303030303030' seq:0, type:1 .. '00000000001795773030303030303030' seq:0, type:1](0)
 1343:8542133[0 .. 0]['00000000001795783030303030303030' seq:0, type:1 .. '000000000018334D3030303030303030' seq:0, type:1](0)
 1344:8542131[0 .. 0]['000000000018334E3030303030303030' seq:0, type:1 .. '000000000018D0863030303030303030' seq:0, type:1](0)
 2082:8542124[0 .. 0]['000000000018D0873030303030303030' seq:0, type:1 .. '0000000000195FEF3030303030303030' seq:0, type:1](0)
 2083:8542121[0 .. 0]['0000000000195FF03030303030303030' seq:0, type:1 .. '000000000019EA933030303030303030' seq:0, type:1](0)
 2084:8542122[0 .. 0]['000000000019EA943030303030303030' seq:0, type:1 .. '00000000001A81173030303030303030' seq:0, type:1](0)
 2085:461821[0 .. 0]['00000000001A81183030303030303030' seq:0, type:1 .. '00000000001A89963030303030303030' seq:0, type:1](0)
 1329:8542126[0 .. 0]['00000000001A89973030303030303030' seq:0, type:1 .. '00000000001B28CB3030303030303030' seq:0, type:1](0)
 2109:8542122[0 .. 0]['00000000001B28CE3030303030303030' seq:0, type:1 .. '00000000001BB86C3030303030303030' seq:0, type:1](0)
 2110:8542125[0 .. 0]['00000000001BB86D3030303030303030' seq:0, type:1 .. '00000000001C42D93030303030303030' seq:0, type:1](0)
 2111:4616789[0 .. 0]['00000000001C42DC3030303030303030' seq:0, type:1 .. '00000000001C8DBD3030303030303030' seq:0, type:1](0)
 2002:8542122[0 .. 0]['00000000001C8DBE3030303030303030' seq:0, type:1 .. '00000000001D18623030303030303030' seq:0, type:1](0)
 2102:8542133[0 .. 0]['00000000001D18633030303030303030' seq:0, type:1 .. '00000000001DA3233030303030303030' seq:0, type:1](0)
 2103:8542119[0 .. 0]['00000000001DA3243030303030303030' seq:0, type:1 .. '00000000001E2D7E3030303030303030' seq:0, type:1](0)
 2104:8542127[0 .. 0]['00000000001E2D7F3030303030303030' seq:0, type:1 .. '00000000001EB8B73030303030303030' seq:0, type:1](0)
 2106:8542118[0 .. 0]['00000000001EB8B83030303030303030' seq:0, type:1 .. '00000000001F43733030303030303030' seq:0, type:1](0)
 2107:8542115[0 .. 0]['00000000001F43743030303030303030' seq:0, type:1 .. '00000000001FCE243030303030303030' seq:0, type:1](0)
 2108:3246771[0 .. 0]['00000000001FCE253030303030303030' seq:0, type:1 .. '00000000002006073030303030303030' seq:0, type:1](0)
 1351:7305227[0 .. 0]['00000000002006093030303030303030' seq:0, type:1 .. '0000000000208CC83030303030303030' seq:0, type:1](0)
 1776:8542122[0 .. 0]['0000000000208CC93030303030303030' seq:0, type:1 .. '0000000000211B9F3030303030303030' seq:0, type:1](0)
 1777:8542120[0 .. 0]['0000000000211BA03030303030303030' seq:0, type:1 .. '000000000021ABB83030303030303030' seq:0, type:1](0)
 1778:4233160[0 .. 0]['000000000021ABB93030303030303030' seq:0, type:1 .. '000000000021F55B3030303030303030' seq:0, type:1](0)
 1551:8542129[0 .. 0]['000000000021F55D3030303030303030' seq:0, type:1 .. '0000000000228FEF3030303030303030' seq:0, type:1](0)
 1552:8542139[0 .. 0]['0000000000228FF03030303030303030' seq:0, type:1 .. '00000000002325CB3030303030303030' seq:0, type:1](0)
 2022:8542121[0 .. 0]['00000000002325CC3030303030303030' seq:0, type:1 .. '000000000023B2363030303030303030' seq:0, type:1](0)
 2023:8542121[0 .. 0]['000000000023B2383030303030303030' seq:0, type:1 .. '0000000000243C863030303030303030' seq:0, type:1](0)
 2040:8542124[0 .. 0]['0000000000243C873030303030303030' seq:0, type:1 .. '000000000024C8053030303030303030' seq:0, type:1](0)
 2041:8542119[0 .. 0]['000000000024C8063030303030303030' seq:0, type:1 .. '00000000002552AA3030303030303030' seq:0, type:1](0)
 2042:6129552[0 .. 0]['00000000002552AB3030303030303030' seq:0, type:1 .. '000000000025B6EF3030303030303030' seq:0, type:1](0)
 1745:8542124[0 .. 0]['000000000025B6F03030303030303030' seq:0, type:1 .. '000000000026477A3030303030303030' seq:0, type:1](0)
 1779:8542120[0 .. 0]['000000000026477B3030303030303030' seq:0, type:1 .. '000000000026D7243030303030303030' seq:0, type:1](0)
 1780:8542120[0 .. 0]['000000000026D7253030303030303030' seq:0, type:1 .. '00000000002766EC3030303030303030' seq:0, type:1](0)
 1796:8542128[0 .. 0]['00000000002766ED3030303030303030' seq:0, type:1 .. '000000000027F6713030303030303030' seq:0, type:1](0)
 1797:8542123[0 .. 0]['000000000027F6723030303030303030' seq:0, type:1 .. '000000000028862C3030303030303030' seq:0, type:1](0)
 1798:7983636[0 .. 0]['000000000028862D3030303030303030' seq:0, type:1 .. '000000000029106C3030303030303030' seq:0, type:1](0)
 1480:8532451[0 .. 0]['000000000029106E3030303030303030' seq:0, type:1 .. '000000000029AE3A3030303030303030' seq:0, type:1](0)
 2049:8542117[0 .. 0]['000000000029AE3B3030303030303030' seq:0, type:1 .. '00000000002A42BE3030303030303030' seq:0, type:1](0)
 2050:8542117[0 .. 0]['00000000002A42C03030303030303030' seq:0, type:1 .. '00000000002ACD743030303030303030' seq:0, type:1](0)
 2051:7245102[0 .. 0]['00000000002ACD753030303030303030' seq:0, type:1 .. '00000000002B43143030303030303030' seq:0, type:1](0)
 1975:1773867[0 .. 0]['00000000002B43153030303030303030' seq:0, type:1 .. '00000000002B5FFE3030303030303030' seq:0, type:1](0)
 1790:8542133[0 .. 0]['00000000002B5FFF3030303030303030' seq:0, type:1 .. '00000000002BF0943030303030303030' seq:0, type:1](0)
 1791:8542120[0 .. 0]['00000000002BF0963030303030303030' seq:0, type:1 .. '00000000002C7F973030303030303030' seq:0, type:1](0)
 1792:6679470[0 .. 0]['00000000002C7F983030303030303030' seq:0, type:1 .. '00000000002CF5533030303030303030' seq:0, type:1](0)
 1588:8542125[0 .. 0]['00000000002CF5543030303030303030' seq:0, type:1 .. '00000000002D8B3D3030303030303030' seq:0, type:1](0)
 1589:8190569[0 .. 0]['00000000002D8B3E3030303030303030' seq:0, type:1 .. '00000000002E1ACE3030303030303030' seq:0, type:1](0)
 1519:8542119[0 .. 0]['00000000002E1ACF3030303030303030' seq:0, type:1 .. '00000000002EAFAA3030303030303030' seq:0, type:1](0)
 1520:3062809[0 .. 0]['00000000002EAFAB3030303030303030' seq:0, type:1 .. '00000000002EE53C3030303030303030' seq:0, type:1](0)
 1993:8542123[0 .. 0]['00000000002EE53D3030303030303030' seq:0, type:1 .. '00000000002F73FD3030303030303030' seq:0, type:1](0)
 1994:8542116[0 .. 0]['00000000002F73FE3030303030303030' seq:0, type:1 .. '00000000003004663030303030303030' seq:0, type:1](0)
 1995:2630164[0 .. 0]['00000000003004683030303030303030' seq:0, type:1 .. '0000000000303C483030303030303030' seq:0, type:1](0)
 1475:8542128[0 .. 0]['0000000000303C493030303030303030' seq:0, type:1 .. '000000000030D26F3030303030303030' seq:0, type:1](0)
 1590:8542128[0 .. 0]['000000000030D2703030303030303030' seq:0, type:1 .. '00000000003167FD3030303030303030' seq:0, type:1](0)
 1591:8542125[0 .. 0]['00000000003167FE3030303030303030' seq:0, type:1 .. '000000000031FED73030303030303030' seq:0, type:1](0)
 1595:8542129[0 .. 0]['000000000031FED83030303030303030' seq:0, type:1 .. '00000000003294C23030303030303030' seq:0, type:1](0)
 1596:8542135[0 .. 0]['00000000003294C43030303030303030' seq:0, type:1 .. '0000000000332A453030303030303030' seq:0, type:1](0)
 1597:7289110[0 .. 0]['0000000000332A463030303030303030' seq:0, type:1 .. '000000000033AA063030303030303030' seq:0, type:1](0)
 1510:8542128[0 .. 0]['000000000033AA073030303030303030' seq:0, type:1 .. '0000000000343F963030303030303030' seq:0, type:1](0)
 1511:3020898[0 .. 0]['0000000000343F983030303030303030' seq:0, type:1 .. '00000000003477273030303030303030' seq:0, type:1](0)
 1735:8542125[0 .. 0]['00000000003477283030303030303030' seq:0, type:1 .. '00000000003507C13030303030303030' seq:0, type:1](0)
 1736:8542126[0 .. 0]['00000000003507C23030303030303030' seq:0, type:1 .. '000000000035974F3030303030303030' seq:0, type:1](0)
 1816:8542119[0 .. 0]['00000000003597503030303030303030' seq:0, type:1 .. '000000000036270D3030303030303030' seq:0, type:1](0)
 1817:8542119[0 .. 0]['000000000036270E3030303030303030' seq:0, type:1 .. '000000000036B6173030303030303030' seq:0, type:1](0)
 2013:8542129[0 .. 0]['000000000036B6183030303030303030' seq:0, type:1 .. '00000000003744163030303030303030' seq:0, type:1](0)
 2014:8542117[0 .. 0]['00000000003744183030303030303030' seq:0, type:1 .. '000000000037CF053030303030303030' seq:0, type:1](0)
 2015:3499954[0 .. 0]['000000000037CF063030303030303030' seq:0, type:1 .. '00000000003809AE3030303030303030' seq:0, type:1](0)
 1579:8542129[0 .. 0]['00000000003809B03030303030303030' seq:0, type:1 .. '000000000038A0113030303030303030' seq:0, type:1](0)
 1581:8542130[0 .. 0]['000000000038A0123030303030303030' seq:0, type:1 .. '00000000003935E03030303030303030' seq:0, type:1](0)
 1582:8542126[0 .. 0]['00000000003935E23030303030303030' seq:0, type:1 .. '000000000039CB693030303030303030' seq:0, type:1](0)
 1976:8542112[0 .. 0]['000000000039CB6A3030303030303030' seq:0, type:1 .. '00000000003A56303030303030303030' seq:0, type:1](0)
 1977:8542137[0 .. 0]['00000000003A56313030303030303030' seq:0, type:1 .. '00000000003AEB583030303030303030' seq:0, type:1](0)
 1978:1023630[0 .. 0]['00000000003AEB593030303030303030' seq:0, type:1 .. '00000000003AFF6E3030303030303030' seq:0, type:1](0)
 1481:8542142[0 .. 0]['00000000003AFF703030303030303030' seq:0, type:1 .. '00000000003B9EC13030303030303030' seq:0, type:1](0)
 1755:8542127[0 .. 0]['00000000003B9EC33030303030303030' seq:0, type:1 .. '00000000003C309E3030303030303030' seq:0, type:1](0)
 1756:8542118[0 .. 0]['00000000003C309F3030303030303030' seq:0, type:1 .. '00000000003CC01F3030303030303030' seq:0, type:1](0)
 1782:8542133[0 .. 0]['00000000003CC0203030303030303030' seq:0, type:1 .. '00000000003D501A3030303030303030' seq:0, type:1](0)
 1783:4793310[0 .. 0]['00000000003D501C3030303030303030' seq:0, type:1 .. '00000000003DA0573030303030303030' seq:0, type:1](0)
 1723:8542124[0 .. 0]['00000000003DA0583030303030303030' seq:0, type:1 .. '00000000003E2F233030303030303030' seq:0, type:1](0)
 2008:8542120[0 .. 0]['00000000003E2F243030303030303030' seq:0, type:1 .. '00000000003EBF353030303030303030' seq:0, type:1](0)
 2009:8542128[0 .. 0]['00000000003EBF363030303030303030' seq:0, type:1 .. '00000000003F4A543030303030303030' seq:0, type:1](0)
 2043:8542131[0 .. 0]['00000000003F4A553030303030303030' seq:0, type:1 .. '00000000003FD5833030303030303030' seq:0, type:1](0)
 2044:8542118[0 .. 0]['00000000003FD5843030303030303030' seq:0, type:1 .. '000000000040603C3030303030303030' seq:0, type:1](0)
 2061:8542121[0 .. 0]['000000000040603D3030303030303030' seq:0, type:1 .. '000000000040EB293030303030303030' seq:0, type:1](0)
 2062:8542118[0 .. 0]['000000000040EB2A3030303030303030' seq:0, type:1 .. '00000000004176953030303030303030' seq:0, type:1](0)
 2063:8210449[0 .. 0]['00000000004176973030303030303030' seq:0, type:1 .. '000000000041FBDE3030303030303030' seq:0, type:1](0)
 1997:8542121[0 .. 0]['000000000041FBDF3030303030303030' seq:0, type:1 .. '000000000042872A3030303030303030' seq:0, type:1](0)
 2028:8542129[0 .. 0]['000000000042872B3030303030303030' seq:0, type:1 .. '00000000004311C43030303030303030' seq:0, type:1](0)
 2029:8542117[0 .. 0]['00000000004311C53030303030303030' seq:0, type:1 .. '0000000000439C6E3030303030303030' seq:0, type:1](0)
 2030:5107703[0 .. 0]['0000000000439C6F3030303030303030' seq:0, type:1 .. '000000000043EFA53030303030303030' seq:0, type:1](0)
 2000:8542119[0 .. 0]['000000000043EFA83030303030303030' seq:0, type:1 .. '00000000004479F03030303030303030' seq:0, type:1](0)
 2031:8542131[0 .. 0]['00000000004479F13030303030303030' seq:0, type:1 .. '00000000004505113030303030303030' seq:0, type:1](0)
 2032:8542116[0 .. 0]['00000000004505123030303030303030' seq:0, type:1 .. '0000000000458F5F3030303030303030' seq:0, type:1](0)
 2033:5274991[0 .. 0]['0000000000458F603030303030303030' seq:0, type:1 .. '000000000045EA503030303030303030' seq:0, type:1](0)
 1808:8542132[0 .. 0]['000000000045EA513030303030303030' seq:0, type:1 .. '0000000000468D413030303030303030' seq:0, type:1](0)
 1809:8542111[0 .. 0]['0000000000468D423030303030303030' seq:0, type:1 .. '0000000000471D323030303030303030' seq:0, type:1](0)
 1810:8542109[0 .. 0]['0000000000471D343030303030303030' seq:0, type:1 .. '000000000047B0123030303030303030' seq:0, type:1](0)
 1811:383363[0 .. 0]['000000000047B0153030303030303030' seq:0, type:1 .. '000000000047B7263030303030303030' seq:0, type:1](0)
 1315:7814926[0 .. 0]['000000000047B7273030303030303030' seq:0, type:1 .. '000000000048478E3030303030303030' seq:0, type:1](0)
 1248:8542138[0 .. 0]['000000000048478F3030303030303030' seq:0, type:1 .. '000000000048E5BC3030303030303030' seq:0, type:1](0)
 2019:8542110[0 .. 0]['000000000048E5BD3030303030303030' seq:0, type:1 .. '00000000004970623030303030303030' seq:0, type:1](0)
 2020:8542121[0 .. 0]['00000000004970643030303030303030' seq:0, type:1 .. '000000000049FD693030303030303030' seq:0, type:1](0)
 2021:4180210[0 .. 0]['000000000049FD6A3030303030303030' seq:0, type:1 .. '00000000004A46893030303030303030' seq:0, type:1](0)
 1599:8542123[0 .. 0]['00000000004A468B3030303030303030' seq:0, type:1 .. '00000000004ADBA23030303030303030' seq:0, type:1](0)
 1824:8542131[0 .. 0]['00000000004ADBA53030303030303030' seq:0, type:1 .. '00000000004B6B783030303030303030' seq:0, type:1](0)
 1825:8542129[0 .. 0]['00000000004B6B7A3030303030303030' seq:0, type:1 .. '00000000004BFC683030303030303030' seq:0, type:1](0)
 1826:8542135[0 .. 0]['00000000004BFC693030303030303030' seq:0, type:1 .. '00000000004CA6FE3030303030303030' seq:0, type:1](0)
 1827:1764782[0 .. 0]['00000000004CA6FF3030303030303030' seq:0, type:1 .. '00000000004CC5D03030303030303030' seq:0, type:1](0)
 1499:8542129[0 .. 0]['00000000004CC5D13030303030303030' seq:0, type:1 .. '00000000004D5B2F3030303030303030' seq:0, type:1](0)
 1726:8542121[0 .. 0]['00000000004D5B303030303030303030' seq:0, type:1 .. '00000000004DEAF53030303030303030' seq:0, type:1](0)
 1727:8542135[0 .. 0]['00000000004DEAF63030303030303030' seq:0, type:1 .. '00000000004E7E1E3030303030303030' seq:0, type:1](0)
 1728:1136980[0 .. 0]['00000000004E7E203030303030303030' seq:0, type:1 .. '00000000004E967C3030303030303030' seq:0, type:1](0)
 1254:8542142[0 .. 0]['00000000004E967E3030303030303030' seq:0, type:1 .. '00000000004F35833030303030303030' seq:0, type:1](0)
 1316:8542134[0 .. 0]['00000000004F35843030303030303030' seq:0, type:1 .. '00000000004FD38F3030303030303030' seq:0, type:1](0)
 1805:8542131[0 .. 0]['00000000004FD3903030303030303030' seq:0, type:1 .. '00000000005063C13030303030303030' seq:0, type:1](0)
 1806:8542124[0 .. 0]['00000000005063C23030303030303030' seq:0, type:1 .. '000000000050F3B13030303030303030' seq:0, type:1](0)
 1807:8498223[0 .. 0]['000000000050F3B23030303030303030' seq:0, type:1 .. '00000000005186183030303030303030' seq:0, type:1](0)
 1513:8542128[0 .. 0]['00000000005186193030303030303030' seq:0, type:1 .. '0000000000521BF23030303030303030' seq:0, type:1](0)
 1514:3083531[0 .. 0]['0000000000521BF33030303030303030' seq:0, type:1 .. '00000000005253EA3030303030303030' seq:0, type:1](0)
 1305:8542138[0 .. 0]['00000000005253EF3030303030303030' seq:0, type:1 .. '000000000052F11C3030303030303030' seq:0, type:1](0)
 1484:8542134[0 .. 0]['000000000052F11D3030303030303030' seq:0, type:1 .. '00000000005386983030303030303030' seq:0, type:1](0)
 2005:8542125[0 .. 0]['000000000053869A3030303030303030' seq:0, type:1 .. '00000000005414CE3030303030303030' seq:0, type:1](0)
 2006:8542116[0 .. 0]['00000000005414CF3030303030303030' seq:0, type:1 .. '000000000054A0323030303030303030' seq:0, type:1](0)
 2078:8542127[0 .. 0]['000000000054A0333030303030303030' seq:0, type:1 .. '0000000000552AD13030303030303030' seq:0, type:1](0)
 2079:8542119[0 .. 0]['0000000000552AD23030303030303030' seq:0, type:1 .. '000000000055B55C3030303030303030' seq:0, type:1](0)
 2080:8542120[0 .. 0]['000000000055B55D3030303030303030' seq:0, type:1 .. '00000000005644743030303030303030' seq:0, type:1](0)
 2081:450747[0 .. 0]['00000000005644753030303030303030' seq:0, type:1 .. '0000000000564D583030303030303030' seq:0, type:1](0)
 1536:8542131[0 .. 0]['0000000000564D5A3030303030303030' seq:0, type:1 .. '000000000056E6ED3030303030303030' seq:0, type:1](0)
 1537:8542131[0 .. 0]['000000000056E6EF3030303030303030' seq:0, type:1 .. '0000000000577C9E3030303030303030' seq:0, type:1](0)
 2037:8542114[0 .. 0]['0000000000577C9F3030303030303030' seq:0, type:1 .. '000000000058076C3030303030303030' seq:0, type:1](0)
 2038:8542123[0 .. 0]['000000000058076E3030303030303030' seq:0, type:1 .. '00000000005892993030303030303030' seq:0, type:1](0)
 2039:5590000[0 .. 0]['000000000058929B3030303030303030' seq:0, type:1 .. '000000000058F9853030303030303030' seq:0, type:1](0)
 1336:6676702[0 .. 0]['000000000058F9863030303030303030' seq:0, type:1 .. '00000000005976243030303030303030' seq:0, type:1](0)
 1057:8542148[0 .. 0]['00000000005976253030303030303030' seq:0, type:1 .. '00000000005A1DCC3030303030303030' seq:0, type:1](0)
 1721:8542130[0 .. 0]['00000000005A1DCE3030303030303030' seq:0, type:1 .. '00000000005AAFDD3030303030303030' seq:0, type:1](0)
 1722:8011930[0 .. 0]['00000000005AAFDE3030303030303030' seq:0, type:1 .. '00000000005B3A9F3030303030303030' seq:0, type:1](0)
 1970:8542117[0 .. 0]['00000000005B3AA33030303030303030' seq:0, type:1 .. '00000000005BC70B3030303030303030' seq:0, type:1](0)
 1971:3902924[0 .. 0]['00000000005BC70C3030303030303030' seq:0, type:1 .. '00000000005C06B73030303030303030' seq:0, type:1](0)
 1773:8542120[0 .. 0]['00000000005C06B93030303030303030' seq:0, type:1 .. '00000000005C989A3030303030303030' seq:0, type:1](0)
 1774:8542133[0 .. 0]['00000000005C989B3030303030303030' seq:0, type:1 .. '00000000005D283B3030303030303030' seq:0, type:1](0)
 1775:2507966[0 .. 0]['00000000005D283D3030303030303030' seq:0, type:1 .. '00000000005D52953030303030303030' seq:0, type:1](0)
 1768:8542126[0 .. 0]['00000000005D52973030303030303030' seq:0, type:1 .. '00000000005DE2643030303030303030' seq:0, type:1](0)
 1793:8542124[0 .. 0]['00000000005DE2653030303030303030' seq:0, type:1 .. '00000000005E71C03030303030303030' seq:0, type:1](0)
 1794:8542126[0 .. 0]['00000000005E71C13030303030303030' seq:0, type:1 .. '00000000005F009F3030303030303030' seq:0, type:1](0)
 1842:8542137[0 .. 0]['00000000005F00A23030303030303030' seq:0, type:1 .. '00000000005F8FCD3030303030303030' seq:0, type:1](0)
 1843:8542125[0 .. 0]['00000000005F8FCE3030303030303030' seq:0, type:1 .. '0000000000601F8A3030303030303030' seq:0, type:1](0)
 1844:8542132[0 .. 0]['0000000000601F8B3030303030303030' seq:0, type:1 .. '000000000060AF253030303030303030' seq:0, type:1](0)
 1846:8542130[0 .. 0]['000000000060AF263030303030303030' seq:0, type:1 .. '0000000000613E623030303030303030' seq:0, type:1](0)
 1847:8542125[0 .. 0]['0000000000613E633030303030303030' seq:0, type:1 .. '000000000061CDFD3030303030303030' seq:0, type:1](0)
 1848:3772201[0 .. 0]['000000000061CDFF3030303030303030' seq:0, type:1 .. '0000000000620DA43030303030303030' seq:0, type:1](0)
 1742:8542126[0 .. 0]['0000000000620DA53030303030303030' seq:0, type:1 .. '0000000000629D903030303030303030' seq:0, type:1](0)
 1743:2730039[0 .. 0]['0000000000629D913030303030303030' seq:0, type:1 .. '000000000062CB763030303030303030' seq:0, type:1](0)
 1341:8542147[0 .. 0]['000000000062CB773030303030303030' seq:0, type:1 .. '000000000063691B3030303030303030' seq:0, type:1](0)
 1342:7155159[0 .. 0]['000000000063691C3030303030303030' seq:0, type:1 .. '000000000063ECEB3030303030303030' seq:0, type:1](0)
 1787:8542124[0 .. 0]['000000000063ECED3030303030303030' seq:0, type:1 .. '000000000064872A3030303030303030' seq:0, type:1](0)
 1788:8542113[0 .. 0]['000000000064872B3030303030303030' seq:0, type:1 .. '00000000006516B93030303030303030' seq:0, type:1](0)
 1812:8542120[0 .. 0]['00000000006516BA3030303030303030' seq:0, type:1 .. '000000000065A62E3030303030303030' seq:0, type:1](0)
 1813:8542130[0 .. 0]['000000000065A62F3030303030303030' seq:0, type:1 .. '000000000066354C3030303030303030' seq:0, type:1](0)
 1814:8542125[0 .. 0]['000000000066354D3030303030303030' seq:0, type:1 .. '000000000066C4543030303030303030' seq:0, type:1](0)
 1815:640136[0 .. 0]['000000000066C4553030303030303030' seq:0, type:1 .. '000000000066CF3A3030303030303030' seq:0, type:1](0)
 1785:8542134[0 .. 0]['000000000066CF3B3030303030303030' seq:0, type:1 .. '0000000000675EE43030303030303030' seq:0, type:1](0)
 1786:5607616[0 .. 0]['0000000000675EE53030303030303030' seq:0, type:1 .. '000000000067BD973030303030303030' seq:0, type:1](0)
 1050:2330893[0 .. 0]['000000000067BD983030303030303030' seq:0, type:1 .. '000000000067EB4F3030303030303030' seq:0, type:1](0)
 1521:8542162[0 .. 0]['000000000067EB503030303030303030' seq:0, type:1 .. '000000000068A0503030303030303030' seq:0, type:1](0)
 1522:8542131[0 .. 0]['000000000068A0513030303030303030' seq:0, type:1 .. '00000000006936913030303030303030' seq:0, type:1](0)
 1972:8542124[0 .. 0]['00000000006936923030303030303030' seq:0, type:1 .. '000000000069C4AA3030303030303030' seq:0, type:1](0)
 2094:8542119[0 .. 0]['000000000069C4AB3030303030303030' seq:0, type:1 .. '00000000006A4E8E3030303030303030' seq:0, type:1](0)
 2095:8542115[0 .. 0]['00000000006A4E8F3030303030303030' seq:0, type:1 .. '00000000006AD9A93030303030303030' seq:0, type:1](0)
 2096:8542128[0 .. 0]['00000000006AD9AA3030303030303030' seq:0, type:1 .. '00000000006B66E43030303030303030' seq:0, type:1](0)
 2097:1012833[0 .. 0]['00000000006B66E63030303030303030' seq:0, type:1 .. '00000000006B79653030303030303030' seq:0, type:1](0)
 1322:8542139[0 .. 0]['00000000006B79663030303030303030' seq:0, type:1 .. '00000000006C17BD3030303030303030' seq:0, type:1](0)
 1323:8542143[0 .. 0]['00000000006C17BE3030303030303030' seq:0, type:1 .. '00000000006CB63B3030303030303030' seq:0, type:1](0)
 1761:8542126[0 .. 0]['00000000006CB63C3030303030303030' seq:0, type:1 .. '00000000006D45173030303030303030' seq:0, type:1](0)
 1762:8542123[0 .. 0]['00000000006D45183030303030303030' seq:0, type:1 .. '00000000006DD4B23030303030303030' seq:0, type:1](0)
 1764:8542123[0 .. 0]['00000000006DD4B33030303030303030' seq:0, type:1 .. '00000000006E64363030303030303030' seq:0, type:1](0)
 1765:8542131[0 .. 0]['00000000006E64373030303030303030' seq:0, type:1 .. '00000000006EF3E43030303030303030' seq:0, type:1](0)
 1766:2736508[0 .. 0]['00000000006EF3E53030303030303030' seq:0, type:1 .. '00000000006F22E73030303030303030' seq:0, type:1](0)
 1542:8542132[0 .. 0]['00000000006F22EA3030303030303030' seq:0, type:1 .. '00000000006FB8EC3030303030303030' seq:0, type:1](0)
 1543:8542121[0 .. 0]['00000000006FB8ED3030303030303030' seq:0, type:1 .. '0000000000704EAF3030303030303030' seq:0, type:1](0)
 1544:3826532[0 .. 0]['0000000000704EB03030303030303030' seq:0, type:1 .. '00000000007091CD3030303030303030' seq:0, type:1](0)
 1496:8542129[0 .. 0]['00000000007091CE3030303030303030' seq:0, type:1 .. '00000000007127693030303030303030' seq:0, type:1](0)
 1566:8542120[0 .. 0]['000000000071276B3030303030303030' seq:0, type:1 .. '000000000071BD5C3030303030303030' seq:0, type:1](0)
 1567:8542134[0 .. 0]['000000000071BD5D3030303030303030' seq:0, type:1 .. '00000000007252B13030303030303030' seq:0, type:1](0)
 1568:6935759[0 .. 0]['00000000007252B23030303030303030' seq:0, type:1 .. '000000000072CC383030303030303030' seq:0, type:1](0)
 1488:8542132[0 .. 0]['000000000072CC3A3030303030303030' seq:0, type:1 .. '000000000073617C3030303030303030' seq:0, type:1](0)
 1490:8542136[0 .. 0]['000000000073617E3030303030303030' seq:0, type:1 .. '000000000073F7543030303030303030' seq:0, type:1](0)
 1491:6045635[0 .. 0]['000000000073F7553030303030303030' seq:0, type:1 .. '00000000007460E33030303030303030' seq:0, type:1](0)
 1575:8542130[0 .. 0]['00000000007460E43030303030303030' seq:0, type:1 .. '000000000074F6D83030303030303030' seq:0, type:1](0)
 2090:8542130[0 .. 0]['000000000074F6D93030303030303030' seq:0, type:1 .. '00000000007581613030303030303030' seq:0, type:1](0)
 2091:8542123[0 .. 0]['00000000007581623030303030303030' seq:0, type:1 .. '0000000000760BB23030303030303030' seq:0, type:1](0)
 2092:8542111[0 .. 0]['0000000000760BB33030303030303030' seq:0, type:1 .. '00000000007696363030303030303030' seq:0, type:1](0)
 2093:477048[0 .. 0]['00000000007696373030303030303030' seq:0, type:1 .. '0000000000769DF93030303030303030' seq:0, type:1](0)
 2053:8542123[0 .. 0]['0000000000769DFA3030303030303030' seq:0, type:1 .. '00000000007729123030303030303030' seq:0, type:1](0)
 2054:7275355[0 .. 0]['00000000007729153030303030303030' seq:0, type:1 .. '000000000077A4793030303030303030' seq:0, type:1](0)
 1302:8542132[0 .. 0]['000000000077A47A3030303030303030' seq:0, type:1 .. '00000000007841D43030303030303030' seq:0, type:1](0)
 1729:8542136[0 .. 0]['00000000007841D63030303030303030' seq:0, type:1 .. '000000000078D5993030303030303030' seq:0, type:1](0)
 1730:8542105[0 .. 0]['000000000078D59A3030303030303030' seq:0, type:1 .. '00000000007967393030303030303030' seq:0, type:1](0)
 1731:1223415[0 .. 0]['000000000079673B3030303030303030' seq:0, type:1 .. '000000000079818B3030303030303030' seq:0, type:1](0)
 1524:8542144[0 .. 0]['000000000079818C3030303030303030' seq:0, type:1 .. '00000000007A1EE73030303030303030' seq:0, type:1](0)
 1525:8542130[0 .. 0]['00000000007A1EE83030303030303030' seq:0, type:1 .. '00000000007AB4E33030303030303030' seq:0, type:1](0)
 1527:8542130[0 .. 0]['00000000007AB4E43030303030303030' seq:0, type:1 .. '00000000007B4B863030303030303030' seq:0, type:1](0)
 1528:8542136[0 .. 0]['00000000007B4B873030303030303030' seq:0, type:1 .. '00000000007BE1103030303030303030' seq:0, type:1](0)
 2016:8542111[0 .. 0]['00000000007BE1113030303030303030' seq:0, type:1 .. '00000000007C6F153030303030303030' seq:0, type:1](0)
 2017:8542126[0 .. 0]['00000000007C6F163030303030303030' seq:0, type:1 .. '00000000007D00CF3030303030303030' seq:0, type:1](0)
 2018:4184700[0 .. 0]['00000000007D00D03030303030303030' seq:0, type:1 .. '00000000007D530F3030303030303030' seq:0, type:1](0)
 1563:8542130[0 .. 0]['00000000007D53103030303030303030' seq:0, type:1 .. '00000000007DEB1B3030303030303030' seq:0, type:1](0)
 1564:8542120[0 .. 0]['00000000007DEB1C3030303030303030' seq:0, type:1 .. '00000000007E802E3030303030303030' seq:0, type:1](0)
 1565:6209693[0 .. 0]['00000000007E80313030303030303030' seq:0, type:1 .. '00000000007EEC973030303030303030' seq:0, type:1](0)
 1516:8542128[0 .. 0]['00000000007EEC983030303030303030' seq:0, type:1 .. '00000000007F81763030303030303030' seq:0, type:1](0)
 2086:8542120[0 .. 0]['00000000007F81773030303030303030' seq:0, type:1 .. '0000000000800E313030303030303030' seq:0, type:1](0)
 2087:8542124[0 .. 0]['0000000000800E323030303030303030' seq:0, type:1 .. '00000000008098B63030303030303030' seq:0, type:1](0)
 2088:8542122[0 .. 0]['00000000008098B83030303030303030' seq:0, type:1 .. '00000000008125C43030303030303030' seq:0, type:1](0)
 2089:320329[0 .. 0]['00000000008125C63030303030303030' seq:0, type:1 .. '0000000000812C943030303030303030' seq:0, type:1](0)
 1758:8542121[0 .. 0]['0000000000812C963030303030303030' seq:0, type:1 .. '000000000081BDCC3030303030303030' seq:0, type:1](0)
 1759:8542134[0 .. 0]['000000000081BDCD3030303030303030' seq:0, type:1 .. '0000000000825CB03030303030303030' seq:0, type:1](0)
 1760:4051418[0 .. 0]['0000000000825CB13030303030303030' seq:0, type:1 .. '000000000082A7243030303030303030' seq:0, type:1](0)
 2025:8542118[0 .. 0]['000000000082A7253030303030303030' seq:0, type:1 .. '000000000083321B3030303030303030' seq:0, type:1](0)
 2026:8542118[0 .. 0]['000000000083321C3030303030303030' seq:0, type:1 .. '000000000083BCEC3030303030303030' seq:0, type:1](0)
 2027:2211522[0 .. 0]['000000000083BCED3030303030303030' seq:0, type:1 .. '000000000083E0CA3030303030303030' seq:0, type:1](0)
 1982:8542128[0 .. 0]['000000000083E0CB3030303030303030' seq:0, type:1 .. '0000000000846B7A3030303030303030' seq:0, type:1](0)
 1983:8542121[0 .. 0]['0000000000846B7D3030303030303030' seq:0, type:1 .. '000000000084F67C3030303030303030' seq:0, type:1](0)
 2055:8542126[0 .. 0]['000000000084F67D3030303030303030' seq:0, type:1 .. '00000000008581213030303030303030' seq:0, type:1](0)
 2056:8542117[0 .. 0]['00000000008581223030303030303030' seq:0, type:1 .. '0000000000860B043030303030303030' seq:0, type:1](0)
 2098:8542123[0 .. 0]['0000000000860B053030303030303030' seq:0, type:1 .. '00000000008696213030303030303030' seq:0, type:1](0)
 2099:8542125[0 .. 0]['00000000008696223030303030303030' seq:0, type:1 .. '00000000008720ED3030303030303030' seq:0, type:1](0)
 2100:8542117[0 .. 0]['00000000008720EE3030303030303030' seq:0, type:1 .. '000000000087AB893030303030303030' seq:0, type:1](0)
 2101:852055[0 .. 0]['000000000087AB8A3030303030303030' seq:0, type:1 .. '000000000087B9AA3030303030303030' seq:0, type:1](0)
 1850:8542127[0 .. 0]['000000000087B9AC3030303030303030' seq:0, type:1 .. '00000000008849763030303030303030' seq:0, type:1](0)
 1851:8542121[0 .. 0]['00000000008849773030303030303030' seq:0, type:1 .. '000000000088D8923030303030303030' seq:0, type:1](0)
 1852:1187092[0 .. 0]['000000000088D8933030303030303030' seq:0, type:1 .. '000000000088EDEF3030303030303030' seq:0, type:1](0)
 1352:8542143[0 .. 0]['000000000088EDF33030303030303030' seq:0, type:1 .. '0000000000898B933030303030303030' seq:0, type:1](0)
 1979:8542122[0 .. 0]['0000000000898B943030303030303030' seq:0, type:1 .. '00000000008A16C23030303030303030' seq:0, type:1](0)
 1980:8542125[0 .. 0]['00000000008A16C33030303030303030' seq:0, type:1 .. '00000000008AA17B3030303030303030' seq:0, type:1](0)
 2064:8542116[0 .. 0]['00000000008AA17C3030303030303030' seq:0, type:1 .. '00000000008B2C713030303030303030' seq:0, type:1](0)
 2065:8542114[0 .. 0]['00000000008B2C723030303030303030' seq:0, type:1 .. '00000000008BB6EE3030303030303030' seq:0, type:1](0)
 2066:8542114[0 .. 0]['00000000008BB6EF3030303030303030' seq:0, type:1 .. '00000000008C45833030303030303030' seq:0, type:1](0)
 2067:123641[0 .. 0]['00000000008C45843030303030303030' seq:0, type:1 .. '00000000008C479F3030303030303030' seq:0, type:1](0)
 1531:8542138[0 .. 0]['00000000008C47A03030303030303030' seq:0, type:1 .. '00000000008CDD363030303030303030' seq:0, type:1](0)
 1584:8542112[0 .. 0]['00000000008CDD373030303030303030' seq:0, type:1 .. '00000000008D72983030303030303030' seq:0, type:1](0)
 1828:8542126[0 .. 0]['00000000008D729A3030303030303030' seq:0, type:1 .. '00000000008E030D3030303030303030' seq:0, type:1](0)
 1829:8542119[0 .. 0]['00000000008E030E3030303030303030' seq:0, type:1 .. '00000000008E92CF3030303030303030' seq:0, type:1](0)
 1830:8542134[0 .. 0]['00000000008E92D03030303030303030' seq:0, type:1 .. '00000000008F29C63030303030303030' seq:0, type:1](0)
 1831:1420605[0 .. 0]['00000000008F29C73030303030303030' seq:0, type:1 .. '00000000008F45B03030303030303030' seq:0, type:1](0)
 1325:8542136[0 .. 0]['00000000008F45B13030303030303030' seq:0, type:1 .. '00000000008FE9B23030303030303030' seq:0, type:1](0)
 1326:8542145[0 .. 0]['00000000008FE9B33030303030303030' seq:0, type:1 .. '000000000090870D3030303030303030' seq:0, type:1](0)
 2068:8542126[0 .. 0]['000000000090870F3030303030303030' seq:0, type:1 .. '00000000009114AD3030303030303030' seq:0, type:1](0)
 2069:8542111[0 .. 0]['00000000009114AE3030303030303030' seq:0, type:1 .. '0000000000919FE63030303030303030' seq:0, type:1](0)
 2070:8542133[0 .. 0]['0000000000919FE73030303030303030' seq:0, type:1 .. '000000000092313F3030303030303030' seq:0, type:1](0)
 2071:157420[0 .. 0]['00000000009231423030303030303030' seq:0, type:1 .. '00000000009233CE3030303030303030' seq:0, type:1](0)
 1803:8542120[0 .. 0]['00000000009233CF3030303030303030' seq:0, type:1 .. '000000000092C31A3030303030303030' seq:0, type:1](0)
 1985:8542121[0 .. 0]['000000000092C31B3030303030303030' seq:0, type:1 .. '0000000000934D963030303030303030' seq:0, type:1](0)
 1986:8542119[0 .. 0]['0000000000934D973030303030303030' seq:0, type:1 .. '000000000093D8C43030303030303030' seq:0, type:1](0)
 1987:3192428[0 .. 0]['000000000093D8C53030303030303030' seq:0, type:1 .. '00000000009410873030303030303030' seq:0, type:1](0)
 1572:8542120[0 .. 0]['00000000009410883030303030303030' seq:0, type:1 .. '000000000094A6A63030303030303030' seq:0, type:1](0)
 1820:8542121[0 .. 0]['000000000094A6A73030303030303030' seq:0, type:1 .. '000000000095369C3030303030303030' seq:0, type:1](0)
 1821:8542116[0 .. 0]['000000000095369D3030303030303030' seq:0, type:1 .. '000000000095C6773030303030303030' seq:0, type:1](0)
 1822:8542153[0 .. 0]['000000000095C6783030303030303030' seq:0, type:1 .. '0000000000966ED73030303030303030' seq:0, type:1](0)
 1823:587723[0 .. 0]['0000000000966ED83030303030303030' seq:0, type:1 .. '0000000000968B5D3030303030303030' seq:0, type:1](0)
 1504:8542137[0 .. 0]['0000000000968B5E3030303030303030' seq:0, type:1 .. '000000000097257E3030303030303030' seq:0, type:1](0)
 1507:8542131[0 .. 0]['000000000097257F3030303030303030' seq:0, type:1 .. '000000000097BC0A3030303030303030' seq:0, type:1](0)
 1508:3788594[0 .. 0]['000000000097BC0C3030303030303030' seq:0, type:1 .. '000000000097FEF33030303030303030' seq:0, type:1](0)
 1493:8542132[0 .. 0]['000000000097FEF43030303030303030' seq:0, type:1 .. '00000000009895663030303030303030' seq:0, type:1](0)
 1494:63279[0 .. 0]['00000000009895673030303030303030' seq:0, type:1 .. '000000000098967F3030303030303030' seq:0, type:1](0)

STATISTICS:
rocksdb.block.cache.miss COUNT : 0
rocksdb.block.cache.hit COUNT : 0
rocksdb.block.cache.add COUNT : 0
rocksdb.block.cache.add.failures COUNT : 0
rocksdb.block.cache.index.miss COUNT : 0
rocksdb.block.cache.index.hit COUNT : 0
rocksdb.block.cache.index.add COUNT : 0
rocksdb.block.cache.index.bytes.insert COUNT : 0
rocksdb.block.cache.index.bytes.evict COUNT : 0
rocksdb.block.cache.filter.miss COUNT : 0
rocksdb.block.cache.filter.hit COUNT : 0
rocksdb.block.cache.filter.add COUNT : 0
rocksdb.block.cache.filter.bytes.insert COUNT : 0
rocksdb.block.cache.filter.bytes.evict COUNT : 0
rocksdb.block.cache.data.miss COUNT : 0
rocksdb.block.cache.data.hit COUNT : 0
rocksdb.block.cache.data.add COUNT : 0
rocksdb.block.cache.data.bytes.insert COUNT : 0
rocksdb.block.cache.bytes.read COUNT : 0
rocksdb.block.cache.bytes.write COUNT : 0
rocksdb.bloom.filter.useful COUNT : 0
rocksdb.bloom.filter.full.positive COUNT : 0
rocksdb.bloom.filter.full.true.positive COUNT : 0
rocksdb.bloom.filter.micros COUNT : 0
rocksdb.persistent.cache.hit COUNT : 1696590
rocksdb.persistent.cache.miss COUNT : 1590710
rocksdb.sim.block.cache.hit COUNT : 0
rocksdb.sim.block.cache.miss COUNT : 0
rocksdb.memtable.hit COUNT : 0
rocksdb.memtable.miss COUNT : 0
rocksdb.l0.hit COUNT : 0
rocksdb.l1.hit COUNT : 0
rocksdb.l2andup.hit COUNT : 0
rocksdb.compaction.key.drop.new COUNT : 197748
rocksdb.compaction.key.drop.obsolete COUNT : 0
rocksdb.compaction.key.drop.range_del COUNT : 0
rocksdb.compaction.key.drop.user COUNT : 0
rocksdb.compaction.range_del.drop.obsolete COUNT : 0
rocksdb.compaction.optimized.del.drop.obsolete COUNT : 0
rocksdb.compaction.cancelled COUNT : 0
rocksdb.number.keys.written COUNT : 0
rocksdb.number.keys.read COUNT : 0
rocksdb.number.keys.updated COUNT : 0
rocksdb.bytes.written COUNT : 0
rocksdb.bytes.read COUNT : 0
rocksdb.number.db.seek COUNT : 4
rocksdb.number.db.next COUNT : 34590104
rocksdb.number.db.prev COUNT : 0
rocksdb.number.db.seek.found COUNT : 4
rocksdb.number.db.next.found COUNT : 34590100
rocksdb.number.db.prev.found COUNT : 0
rocksdb.db.iter.bytes.read COUNT : 9408508288
rocksdb.no.file.closes COUNT : 0
rocksdb.no.file.opens COUNT : 413
rocksdb.no.file.errors COUNT : 0
rocksdb.l0.slowdown.micros COUNT : 0
rocksdb.memtable.compaction.micros COUNT : 0
rocksdb.l0.num.files.stall.micros COUNT : 0
rocksdb.stall.micros COUNT : 0
rocksdb.db.mutex.wait.micros COUNT : 0
rocksdb.rate.limit.delay.millis COUNT : 0
rocksdb.num.iterators COUNT : 0
rocksdb.number.multiget.get COUNT : 0
rocksdb.number.multiget.keys.read COUNT : 0
rocksdb.number.multiget.bytes.read COUNT : 0
rocksdb.number.deletes.filtered COUNT : 0
rocksdb.number.merge.failures COUNT : 0
rocksdb.bloom.filter.prefix.checked COUNT : 0
rocksdb.bloom.filter.prefix.useful COUNT : 0
rocksdb.number.reseeks.iteration COUNT : 0
rocksdb.getupdatessince.calls COUNT : 0
rocksdb.block.cachecompressed.miss COUNT : 0
rocksdb.block.cachecompressed.hit COUNT : 0
rocksdb.block.cachecompressed.add COUNT : 0
rocksdb.block.cachecompressed.add.failures COUNT : 0
rocksdb.wal.synced COUNT : 0
rocksdb.wal.bytes COUNT : 0
rocksdb.write.self COUNT : 0
rocksdb.write.other COUNT : 0
rocksdb.write.timeout COUNT : 0
rocksdb.write.wal COUNT : 0
rocksdb.compact.read.bytes COUNT : 281167530
rocksdb.compact.write.bytes COUNT : 309683219
rocksdb.flush.write.bytes COUNT : 0
rocksdb.number.direct.load.table.properties COUNT : 0
rocksdb.number.superversion_acquires COUNT : 4
rocksdb.number.superversion_releases COUNT : 0
rocksdb.number.superversion_cleanups COUNT : 0
rocksdb.number.block.compressed COUNT : 0
rocksdb.number.block.decompressed COUNT : 0
rocksdb.number.block.not_compressed COUNT : 0
rocksdb.merge.operation.time.nanos COUNT : 0
rocksdb.filter.operation.time.nanos COUNT : 0
rocksdb.row.cache.hit COUNT : 0
rocksdb.row.cache.miss COUNT : 0
rocksdb.read.amp.estimate.useful.bytes COUNT : 0
rocksdb.read.amp.total.read.bytes COUNT : 0
rocksdb.number.rate_limiter.drains COUNT : 0
rocksdb.number.iter.skip COUNT : 10401820
rocksdb.blobdb.num.put COUNT : 0
rocksdb.blobdb.num.write COUNT : 0
rocksdb.blobdb.num.get COUNT : 0
rocksdb.blobdb.num.multiget COUNT : 0
rocksdb.blobdb.num.seek COUNT : 0
rocksdb.blobdb.num.next COUNT : 0
rocksdb.blobdb.num.prev COUNT : 0
rocksdb.blobdb.num.keys.written COUNT : 0
rocksdb.blobdb.num.keys.read COUNT : 0
rocksdb.blobdb.bytes.written COUNT : 0
rocksdb.blobdb.bytes.read COUNT : 0
rocksdb.blobdb.write.inlined COUNT : 0
rocksdb.blobdb.write.inlined.ttl COUNT : 0
rocksdb.blobdb.write.blob COUNT : 0
rocksdb.blobdb.write.blob.ttl COUNT : 0
rocksdb.blobdb.blob.file.bytes.written COUNT : 0
rocksdb.blobdb.blob.file.bytes.read COUNT : 0
rocksdb.blobdb.blob.file.synced COUNT : 0
rocksdb.blobdb.blob.index.expired.count COUNT : 0
rocksdb.blobdb.blob.index.expired.size COUNT : 0
rocksdb.blobdb.blob.index.evicted.count COUNT : 0
rocksdb.blobdb.blob.index.evicted.size COUNT : 0
rocksdb.blobdb.gc.num.files COUNT : 0
rocksdb.blobdb.gc.num.new.files COUNT : 0
rocksdb.blobdb.gc.failures COUNT : 0
rocksdb.blobdb.gc.num.keys.overwritten COUNT : 0
rocksdb.blobdb.gc.num.keys.expired COUNT : 0
rocksdb.blobdb.gc.num.keys.relocated COUNT : 0
rocksdb.blobdb.gc.bytes.overwritten COUNT : 0
rocksdb.blobdb.gc.bytes.expired COUNT : 0
rocksdb.blobdb.gc.bytes.relocated COUNT : 0
rocksdb.blobdb.fifo.num.files.evicted COUNT : 0
rocksdb.blobdb.fifo.num.keys.evicted COUNT : 0
rocksdb.blobdb.fifo.bytes.evicted COUNT : 0
rocksdb.txn.overhead.mutex.prepare COUNT : 0
rocksdb.txn.overhead.mutex.old.commit.map COUNT : 0
rocksdb.txn.overhead.duplicate.key COUNT : 0
rocksdb.txn.overhead.mutex.snapshot COUNT : 0
rocksdb.number.multiget.keys.found COUNT : 0
rocksdb.num.iterator.created COUNT : 4
rocksdb.num.iterator.deleted COUNT : 4
rocksdb.block.cache.compression.dict.miss COUNT : 0
rocksdb.block.cache.compression.dict.hit COUNT : 0
rocksdb.block.cache.compression.dict.add COUNT : 0
rocksdb.block.cache.compression.dict.bytes.insert COUNT : 0
rocksdb.block.cache.compression.dict.bytes.evict COUNT : 0
rocksdb.db.get.micros P50 : 0.000000 P95 : 0.000000 P99 : 0.000000 P100 : 0.000000 COUNT : 0 SUM : 0
rocksdb.db.write.micros P50 : 0.000000 P95 : 0.000000 P99 : 0.000000 P100 : 0.000000 COUNT : 0 SUM : 0
rocksdb.compaction.times.micros P50 : 198571.428571 P95 : 243198.000000 P99 : 243198.000000 P100 : 243198.000000 COUNT : 9 SUM : 1894197
rocksdb.compaction.times.cpu_micros P50 : 155000.000000 P95 : 194143.000000 P99 : 194143.000000 P100 : 194143.000000 COUNT : 9 SUM : 1436065
rocksdb.subcompaction.setup.times.micros P50 : 0.000000 P95 : 0.000000 P99 : 0.000000 P100 : 0.000000 COUNT : 0 SUM : 0
rocksdb.table.sync.micros P50 : 37582.000000 P95 : 37582.000000 P99 : 37582.000000 P100 : 37582.000000 COUNT : 1 SUM : 37582
rocksdb.compaction.outfile.sync.micros P50 : 3566.666667 P95 : 4640.000000 P99 : 4640.000000 P100 : 4640.000000 COUNT : 34 SUM : 118257
rocksdb.wal.file.sync.micros P50 : 0.000000 P95 : 0.000000 P99 : 0.000000 P100 : 0.000000 COUNT : 0 SUM : 0
rocksdb.manifest.file.sync.micros P50 : 98.666667 P95 : 149.000000 P99 : 149.000000 P100 : 149.000000 COUNT : 10 SUM : 1000
rocksdb.table.open.io.micros P50 : 3886.111111 P95 : 7808.225806 P99 : 9566.806452 P100 : 10317.000000 COUNT : 413 SUM : 1609703
rocksdb.db.multiget.micros P50 : 0.000000 P95 : 0.000000 P99 : 0.000000 P100 : 0.000000 COUNT : 0 SUM : 0
rocksdb.read.block.compaction.micros P50 : 0.000000 P95 : 0.000000 P99 : 0.000000 P100 : 0.000000 COUNT : 0 SUM : 0
rocksdb.read.block.get.micros P50 : 18.018675 P95 : 54.574276 P99 : 75.611833 P100 : 6242.000000 COUNT : 3286887 SUM : 75367507
rocksdb.write.raw.block.micros P50 : 0.538519 P95 : 1.486994 P99 : 4.554381 P100 : 1055.000000 COUNT : 78179 SUM : 241673
rocksdb.l0.slowdown.count P50 : 0.000000 P95 : 0.000000 P99 : 0.000000 P100 : 0.000000 COUNT : 0 SUM : 0
rocksdb.memtable.compaction.count P50 : 0.000000 P95 : 0.000000 P99 : 0.000000 P100 : 0.000000 COUNT : 0 SUM : 0
rocksdb.num.files.stall.count P50 : 0.000000 P95 : 0.000000 P99 : 0.000000 P100 : 0.000000 COUNT : 0 SUM : 0
rocksdb.hard.rate.limit.delay.count P50 : 0.000000 P95 : 0.000000 P99 : 0.000000 P100 : 0.000000 COUNT : 0 SUM : 0
rocksdb.soft.rate.limit.delay.count P50 : 0.000000 P95 : 0.000000 P99 : 0.000000 P100 : 0.000000 COUNT : 0 SUM : 0
rocksdb.numfiles.in.singlecompaction P50 : 1.000000 P95 : 1.000000 P99 : 1.000000 P100 : 1.000000 COUNT : 9 SUM : 9
rocksdb.db.seek.micros P50 : 0.000000 P95 : 0.000000 P99 : 0.000000 P100 : 0.000000 COUNT : 0 SUM : 0
rocksdb.db.write.stall P50 : 0.000000 P95 : 0.000000 P99 : 0.000000 P100 : 0.000000 COUNT : 0 SUM : 0
rocksdb.sst.read.micros P50 : 3.605522 P95 : 28.871403 P99 : 61.806112 P100 : 1830.000000 COUNT : 1591536 SUM : 16481364
rocksdb.num.subcompactions.scheduled P50 : 0.000000 P95 : 0.000000 P99 : 0.000000 P100 : 0.000000 COUNT : 0 SUM : 0
rocksdb.bytes.per.read P50 : 0.000000 P95 : 0.000000 P99 : 0.000000 P100 : 0.000000 COUNT : 0 SUM : 0
rocksdb.bytes.per.write P50 : 0.000000 P95 : 0.000000 P99 : 0.000000 P100 : 0.000000 COUNT : 0 SUM : 0
rocksdb.bytes.per.multiget P50 : 0.000000 P95 : 0.000000 P99 : 0.000000 P100 : 0.000000 COUNT : 0 SUM : 0
rocksdb.bytes.compressed P50 : 0.000000 P95 : 0.000000 P99 : 0.000000 P100 : 0.000000 COUNT : 0 SUM : 0
rocksdb.bytes.decompressed P50 : 0.000000 P95 : 0.000000 P99 : 0.000000 P100 : 0.000000 COUNT : 0 SUM : 0
rocksdb.compression.times.nanos P50 : 0.000000 P95 : 0.000000 P99 : 0.000000 P100 : 0.000000 COUNT : 0 SUM : 0
rocksdb.decompression.times.nanos P50 : 0.000000 P95 : 0.000000 P99 : 0.000000 P100 : 0.000000 COUNT : 0 SUM : 0
rocksdb.read.num.merge_operands P50 : 0.000000 P95 : 0.000000 P99 : 0.000000 P100 : 0.000000 COUNT : 0 SUM : 0
rocksdb.blobdb.key.size P50 : 0.000000 P95 : 0.000000 P99 : 0.000000 P100 : 0.000000 COUNT : 0 SUM : 0
rocksdb.blobdb.value.size P50 : 0.000000 P95 : 0.000000 P99 : 0.000000 P100 : 0.000000 COUNT : 0 SUM : 0
rocksdb.blobdb.write.micros P50 : 0.000000 P95 : 0.000000 P99 : 0.000000 P100 : 0.000000 COUNT : 0 SUM : 0
rocksdb.blobdb.get.micros P50 : 0.000000 P95 : 0.000000 P99 : 0.000000 P100 : 0.000000 COUNT : 0 SUM : 0
rocksdb.blobdb.multiget.micros P50 : 0.000000 P95 : 0.000000 P99 : 0.000000 P100 : 0.000000 COUNT : 0 SUM : 0
rocksdb.blobdb.seek.micros P50 : 0.000000 P95 : 0.000000 P99 : 0.000000 P100 : 0.000000 COUNT : 0 SUM : 0
rocksdb.blobdb.next.micros P50 : 0.000000 P95 : 0.000000 P99 : 0.000000 P100 : 0.000000 COUNT : 0 SUM : 0
rocksdb.blobdb.prev.micros P50 : 0.000000 P95 : 0.000000 P99 : 0.000000 P100 : 0.000000 COUNT : 0 SUM : 0
rocksdb.blobdb.blob.file.write.micros P50 : 0.000000 P95 : 0.000000 P99 : 0.000000 P100 : 0.000000 COUNT : 0 SUM : 0
rocksdb.blobdb.blob.file.read.micros P50 : 0.000000 P95 : 0.000000 P99 : 0.000000 P100 : 0.000000 COUNT : 0 SUM : 0
rocksdb.blobdb.blob.file.sync.micros P50 : 0.000000 P95 : 0.000000 P99 : 0.000000 P100 : 0.000000 COUNT : 0 SUM : 0
rocksdb.blobdb.gc.micros P50 : 0.000000 P95 : 0.000000 P99 : 0.000000 P100 : 0.000000 COUNT : 0 SUM : 0
rocksdb.blobdb.compression.micros P50 : 0.000000 P95 : 0.000000 P99 : 0.000000 P100 : 0.000000 COUNT : 0 SUM : 0
rocksdb.blobdb.decompression.micros P50 : 0.000000 P95 : 0.000000 P99 : 0.000000 P100 : 0.000000 COUNT : 0 SUM : 0
rocksdb.db.flush.micros P50 : 0.000000 P95 : 0.000000 P99 : 0.000000 P100 : 0.000000 COUNT : 0 SUM : 0
rocksdb.sst.batch.size P50 : 0.000000 P95 : 0.000000 P99 : 0.000000 P100 : 0.000000 COUNT : 0 SUM : 0

